[2023-08-26T14:53:04.211+0000] {taskinstance.py:1159} INFO - Dependencies all met for dep_context=non-requeueable deps ti=<TaskInstance: gaas_etl_1.etl_event scheduled__2023-08-26T14:52:00+00:00 [queued]>
[2023-08-26T14:53:04.226+0000] {taskinstance.py:1159} INFO - Dependencies all met for dep_context=requeueable deps ti=<TaskInstance: gaas_etl_1.etl_event scheduled__2023-08-26T14:52:00+00:00 [queued]>
[2023-08-26T14:53:04.226+0000] {taskinstance.py:1361} INFO - Starting attempt 1 of 1
[2023-08-26T14:53:04.258+0000] {taskinstance.py:1382} INFO - Executing <Task(PythonOperator): etl_event> on 2023-08-26 14:52:00+00:00
[2023-08-26T14:53:04.269+0000] {standard_task_runner.py:57} INFO - Started process 317179 to run task
[2023-08-26T14:53:04.278+0000] {standard_task_runner.py:84} INFO - Running: ['airflow', 'tasks', 'run', 'gaas_etl_1', 'etl_event', 'scheduled__2023-08-26T14:52:00+00:00', '--job-id', '1949', '--raw', '--subdir', 'DAGS_FOLDER/dag_etl.py', '--cfg-path', '/tmp/tmp20vcmip9']
[2023-08-26T14:53:04.285+0000] {standard_task_runner.py:85} INFO - Job 1949: Subtask etl_event
[2023-08-26T14:53:04.521+0000] {task_command.py:415} INFO - Running <TaskInstance: gaas_etl_1.etl_event scheduled__2023-08-26T14:52:00+00:00 [running]> on host data-system.us-central1-a.c.data-system-392010.internal
[2023-08-26T14:53:04.767+0000] {taskinstance.py:1660} INFO - Exporting env vars: AIRFLOW_CTX_DAG_EMAIL='hungnm15012002@gmail.com' AIRFLOW_CTX_DAG_OWNER='hungnm' AIRFLOW_CTX_DAG_ID='gaas_etl_1' AIRFLOW_CTX_TASK_ID='etl_event' AIRFLOW_CTX_EXECUTION_DATE='2023-08-26T14:52:00+00:00' AIRFLOW_CTX_TRY_NUMBER='1' AIRFLOW_CTX_DAG_RUN_ID='scheduled__2023-08-26T14:52:00+00:00'
[2023-08-26T14:53:04.795+0000] {dag_etl.py:116} INFO - Extracting event...
[2023-08-26T14:53:10.134+0000] {extract.py:36} INFO - Request time: 0:00:05.337971
[2023-08-26T14:53:11.044+0000] {extract.py:42} INFO - Create DataFrame time: 0:00:00.909211
[2023-08-26T14:53:11.052+0000] {dag_etl.py:119} INFO - Complete extract event: 0:00:06.257801
[2023-08-26T14:53:11.053+0000] {dag_etl.py:121} INFO - Transforming action...
[2023-08-26T14:53:11.072+0000] {logging_mixin.py:151} WARNING - /home/data-engineer/GAAS_Data_System/ETL/transform.py:54 SettingWithCopyWarning:
A value is trying to be set on a copy of a slice from a DataFrame.
Try using .loc[row_indexer,col_indexer] = value instead

See the caveats in the documentation: https://pandas.pydata.org/pandas-docs/stable/user_guide/indexing.html#returning-a-view-versus-a-copy
[2023-08-26T14:53:11.110+0000] {logging_mixin.py:151} WARNING - /home/data-engineer/GAAS_Data_System/ETL/transform.py:55 SettingWithCopyWarning:
A value is trying to be set on a copy of a slice from a DataFrame.
Try using .loc[row_indexer,col_indexer] = value instead

See the caveats in the documentation: https://pandas.pydata.org/pandas-docs/stable/user_guide/indexing.html#returning-a-view-versus-a-copy
[2023-08-26T14:53:19.253+0000] {logging_mixin.py:151} WARNING - /home/data-engineer/GAAS_Data_System/ETL/transform.py:59 SettingWithCopyWarning:
A value is trying to be set on a copy of a slice from a DataFrame.
Try using .loc[row_indexer,col_indexer] = value instead

See the caveats in the documentation: https://pandas.pydata.org/pandas-docs/stable/user_guide/indexing.html#returning-a-view-versus-a-copy
[2023-08-26T14:53:19.260+0000] {logging_mixin.py:151} WARNING - /home/data-engineer/GAAS_Data_System/ETL/transform.py:60 SettingWithCopyWarning:
A value is trying to be set on a copy of a slice from a DataFrame.
Try using .loc[row_indexer,col_indexer] = value instead

See the caveats in the documentation: https://pandas.pydata.org/pandas-docs/stable/user_guide/indexing.html#returning-a-view-versus-a-copy
[2023-08-26T14:53:19.264+0000] {logging_mixin.py:151} WARNING - /home/data-engineer/GAAS_Data_System/ETL/verify_func.py:70 UserWarning: pandas only supports SQLAlchemy connectable (engine/connection) or database string URI or sqlite3 DBAPI2 connection. Other DBAPI2 objects are not tested. Please consider using SQLAlchemy.
[2023-08-26T14:53:19.272+0000] {logging_mixin.py:151} WARNING - /home/data-engineer/GAAS_Data_System/ETL/transform.py:67 SettingWithCopyWarning:
A value is trying to be set on a copy of a slice from a DataFrame.
Try using .loc[row_indexer,col_indexer] = value instead

See the caveats in the documentation: https://pandas.pydata.org/pandas-docs/stable/user_guide/indexing.html#returning-a-view-versus-a-copy
[2023-08-26T14:53:19.297+0000] {dag_etl.py:124} INFO - Complete transform action: 0:00:08.244783
[2023-08-26T14:53:19.298+0000] {dag_etl.py:126} INFO - Transforming transaction...
[2023-08-26T14:53:19.310+0000] {logging_mixin.py:151} WARNING - /home/data-engineer/GAAS_Data_System/ETL/transform.py:47 SettingWithCopyWarning:
A value is trying to be set on a copy of a slice from a DataFrame.
Try using .loc[row_indexer,col_indexer] = value instead

See the caveats in the documentation: https://pandas.pydata.org/pandas-docs/stable/user_guide/indexing.html#returning-a-view-versus-a-copy
[2023-08-26T14:53:19.316+0000] {logging_mixin.py:151} WARNING - /home/data-engineer/GAAS_Data_System/ETL/transform.py:50 SettingWithCopyWarning:
A value is trying to be set on a copy of a slice from a DataFrame.
Try using .loc[row_indexer,col_indexer] = value instead

See the caveats in the documentation: https://pandas.pydata.org/pandas-docs/stable/user_guide/indexing.html#returning-a-view-versus-a-copy
[2023-08-26T14:53:19.321+0000] {logging_mixin.py:151} WARNING - /home/data-engineer/GAAS_Data_System/ETL/transform.py:51 SettingWithCopyWarning:
A value is trying to be set on a copy of a slice from a DataFrame.
Try using .loc[row_indexer,col_indexer] = value instead

See the caveats in the documentation: https://pandas.pydata.org/pandas-docs/stable/user_guide/indexing.html#returning-a-view-versus-a-copy
[2023-08-26T14:53:19.326+0000] {logging_mixin.py:151} WARNING - /home/data-engineer/GAAS_Data_System/ETL/transform.py:54 SettingWithCopyWarning:
A value is trying to be set on a copy of a slice from a DataFrame.
Try using .loc[row_indexer,col_indexer] = value instead

See the caveats in the documentation: https://pandas.pydata.org/pandas-docs/stable/user_guide/indexing.html#returning-a-view-versus-a-copy
[2023-08-26T14:53:19.346+0000] {logging_mixin.py:151} WARNING - /home/data-engineer/GAAS_Data_System/ETL/transform.py:55 SettingWithCopyWarning:
A value is trying to be set on a copy of a slice from a DataFrame.
Try using .loc[row_indexer,col_indexer] = value instead

See the caveats in the documentation: https://pandas.pydata.org/pandas-docs/stable/user_guide/indexing.html#returning-a-view-versus-a-copy
[2023-08-26T14:53:22.937+0000] {logging_mixin.py:151} WARNING - /home/data-engineer/GAAS_Data_System/ETL/transform.py:59 SettingWithCopyWarning:
A value is trying to be set on a copy of a slice from a DataFrame.
Try using .loc[row_indexer,col_indexer] = value instead

See the caveats in the documentation: https://pandas.pydata.org/pandas-docs/stable/user_guide/indexing.html#returning-a-view-versus-a-copy
[2023-08-26T14:53:22.942+0000] {logging_mixin.py:151} WARNING - /home/data-engineer/GAAS_Data_System/ETL/transform.py:60 SettingWithCopyWarning:
A value is trying to be set on a copy of a slice from a DataFrame.
Try using .loc[row_indexer,col_indexer] = value instead

See the caveats in the documentation: https://pandas.pydata.org/pandas-docs/stable/user_guide/indexing.html#returning-a-view-versus-a-copy
[2023-08-26T14:53:22.944+0000] {logging_mixin.py:151} WARNING - /home/data-engineer/GAAS_Data_System/ETL/verify_func.py:70 UserWarning: pandas only supports SQLAlchemy connectable (engine/connection) or database string URI or sqlite3 DBAPI2 connection. Other DBAPI2 objects are not tested. Please consider using SQLAlchemy.
[2023-08-26T14:53:22.951+0000] {logging_mixin.py:151} WARNING - /home/data-engineer/GAAS_Data_System/ETL/transform.py:67 SettingWithCopyWarning:
A value is trying to be set on a copy of a slice from a DataFrame.
Try using .loc[row_indexer,col_indexer] = value instead

See the caveats in the documentation: https://pandas.pydata.org/pandas-docs/stable/user_guide/indexing.html#returning-a-view-versus-a-copy
[2023-08-26T14:53:22.968+0000] {dag_etl.py:129} INFO - Complete transform transaction: 0:00:03.671296
[2023-08-26T14:53:22.969+0000] {dag_etl.py:131} INFO - Loading action...
[2023-08-26T14:53:25.388+0000] {dag_etl.py:134} INFO - Complete load action: 0:00:02.419575
[2023-08-26T14:53:25.389+0000] {dag_etl.py:136} INFO - Loading transaction...
[2023-08-26T14:53:26.761+0000] {dag_etl.py:139} INFO - Complete load transaction: 0:00:01.372545
[2023-08-26T14:53:26.761+0000] {dag_etl.py:141} INFO - Complete ETL Events in : 0:00:21.966702
[2023-08-26T14:53:26.794+0000] {python.py:194} INFO - Done. Returned value was: None
[2023-08-26T14:53:26.813+0000] {taskinstance.py:1400} INFO - Marking task as SUCCESS. dag_id=gaas_etl_1, task_id=etl_event, execution_date=20230826T145200, start_date=20230826T145304, end_date=20230826T145326
[2023-08-26T14:53:26.865+0000] {local_task_job_runner.py:228} INFO - Task exited with return code 0
[2023-08-26T14:53:26.893+0000] {taskinstance.py:2784} INFO - 0 downstream tasks scheduled from follow-on schedule check
