[2023-08-27T16:52:07.045+0000] {taskinstance.py:1159} INFO - Dependencies all met for dep_context=non-requeueable deps ti=<TaskInstance: gaas_etl_1.etl_user scheduled__2023-08-27T16:51:00+00:00 [queued]>
[2023-08-27T16:52:07.080+0000] {taskinstance.py:1159} INFO - Dependencies all met for dep_context=requeueable deps ti=<TaskInstance: gaas_etl_1.etl_user scheduled__2023-08-27T16:51:00+00:00 [queued]>
[2023-08-27T16:52:07.088+0000] {taskinstance.py:1361} INFO - Starting attempt 1 of 1
[2023-08-27T16:52:07.122+0000] {taskinstance.py:1382} INFO - Executing <Task(PythonOperator): etl_user> on 2023-08-27 16:51:00+00:00
[2023-08-27T16:52:07.132+0000] {standard_task_runner.py:57} INFO - Started process 431949 to run task
[2023-08-27T16:52:07.147+0000] {standard_task_runner.py:84} INFO - Running: ['airflow', 'tasks', 'run', 'gaas_etl_1', 'etl_user', 'scheduled__2023-08-27T16:51:00+00:00', '--job-id', '6626', '--raw', '--subdir', 'DAGS_FOLDER/dag_etl.py', '--cfg-path', '/tmp/tmpljrvxwbe']
[2023-08-27T16:52:07.154+0000] {standard_task_runner.py:85} INFO - Job 6626: Subtask etl_user
[2023-08-27T16:52:07.942+0000] {task_command.py:415} INFO - Running <TaskInstance: gaas_etl_1.etl_user scheduled__2023-08-27T16:51:00+00:00 [running]> on host data-system.us-central1-a.c.data-system-392010.internal
[2023-08-27T16:52:08.603+0000] {taskinstance.py:1660} INFO - Exporting env vars: AIRFLOW_CTX_DAG_EMAIL='hungnm15012002@gmail.com' AIRFLOW_CTX_DAG_OWNER='hungnm' AIRFLOW_CTX_DAG_ID='gaas_etl_1' AIRFLOW_CTX_TASK_ID='etl_user' AIRFLOW_CTX_EXECUTION_DATE='2023-08-27T16:51:00+00:00' AIRFLOW_CTX_TRY_NUMBER='1' AIRFLOW_CTX_DAG_RUN_ID='scheduled__2023-08-27T16:51:00+00:00'
[2023-08-27T16:52:08.632+0000] {dag_etl.py:28} INFO - Extracting user...
[2023-08-27T16:52:15.488+0000] {extract.py:36} INFO - Request time: 0:00:06.855521
[2023-08-27T16:52:16.212+0000] {extract.py:42} INFO - Create DataFrame time: 0:00:00.724020
[2023-08-27T16:52:16.220+0000] {dag_etl.py:31} INFO - Complete extract user: 0:00:07.587860
[2023-08-27T16:52:16.221+0000] {dag_etl.py:33} INFO - Extracting resource...
[2023-08-27T16:52:18.616+0000] {extract.py:36} INFO - Request time: 0:00:02.395028
[2023-08-27T16:52:18.705+0000] {extract.py:42} INFO - Create DataFrame time: 0:00:00.088237
[2023-08-27T16:52:18.708+0000] {dag_etl.py:36} INFO - Complete extract resource: 0:00:02.488859
[2023-08-27T16:52:18.710+0000] {dag_etl.py:38} INFO - Transforming user...
[2023-08-27T16:52:18.912+0000] {dag_etl.py:42} INFO - Complete transform user: 0:00:00.203941
[2023-08-27T16:52:18.913+0000] {dag_etl.py:44} INFO - transform space_ships...
[2023-08-27T16:52:19.083+0000] {dag_etl.py:47} INFO - Complete transform space_ships: 0:00:00.171027
[2023-08-27T16:52:19.084+0000] {dag_etl.py:49} INFO - transform drones...
[2023-08-27T16:52:19.192+0000] {dag_etl.py:52} INFO - Complete transform drones: 0:00:00.108900
[2023-08-27T16:52:19.193+0000] {dag_etl.py:54} INFO - transform pilots...
[2023-08-27T16:52:19.274+0000] {dag_etl.py:57} INFO - Complete transform pilots: 0:00:00.081641
[2023-08-27T16:52:19.275+0000] {dag_etl.py:59} INFO - transform talents...
[2023-08-27T16:52:19.318+0000] {dag_etl.py:62} INFO - Complete transform talents: 0:00:00.044102
[2023-08-27T16:52:19.318+0000] {dag_etl.py:64} INFO - transform expert_items...
[2023-08-27T16:52:19.379+0000] {dag_etl.py:67} INFO - Complete transform expert_items: 0:00:00.061477
[2023-08-27T16:52:19.380+0000] {dag_etl.py:69} INFO - Loading user...
[2023-08-27T16:52:21.207+0000] {dag_etl.py:72} INFO - Complete load user: 0:00:01.827294
[2023-08-27T16:52:21.207+0000] {dag_etl.py:74} INFO - Loading space_ships...
[2023-08-27T16:52:23.743+0000] {dag_etl.py:77} INFO - Complete load space_ships: 0:00:02.536365
[2023-08-27T16:52:23.744+0000] {dag_etl.py:79} INFO - Loading drones...
[2023-08-27T16:52:25.906+0000] {dag_etl.py:82} INFO - Complete load drones: 0:00:02.163334
[2023-08-27T16:52:25.907+0000] {dag_etl.py:84} INFO - Loading pilots...
[2023-08-27T16:52:28.761+0000] {dag_etl.py:87} INFO - Complete load drones: 0:00:02.854764
[2023-08-27T16:52:28.762+0000] {dag_etl.py:89} INFO - Loading talents...
[2023-08-27T16:52:30.767+0000] {dag_etl.py:92} INFO - Complete load drones: 0:00:02.005380
[2023-08-27T16:52:30.767+0000] {dag_etl.py:94} INFO - Loading expert_items...
[2023-08-27T16:52:32.173+0000] {dag_etl.py:97} INFO - Complete load drones: 0:00:01.405898
[2023-08-27T16:52:32.173+0000] {dag_etl.py:99} INFO - Complete ETL Users in : 0:00:23.541436
[2023-08-27T16:52:32.215+0000] {python.py:194} INFO - Done. Returned value was: None
[2023-08-27T16:52:32.233+0000] {taskinstance.py:1400} INFO - Marking task as SUCCESS. dag_id=gaas_etl_1, task_id=etl_user, execution_date=20230827T165100, start_date=20230827T165207, end_date=20230827T165232
[2023-08-27T16:52:32.325+0000] {local_task_job_runner.py:228} INFO - Task exited with return code 0
[2023-08-27T16:52:32.362+0000] {taskinstance.py:2784} INFO - 0 downstream tasks scheduled from follow-on schedule check
