[2023-08-26T11:02:03.754+0000] {taskinstance.py:1159} INFO - Dependencies all met for dep_context=non-requeueable deps ti=<TaskInstance: gaas_etl_1.etl_user scheduled__2023-08-26T11:01:00+00:00 [queued]>
[2023-08-26T11:02:03.772+0000] {taskinstance.py:1159} INFO - Dependencies all met for dep_context=requeueable deps ti=<TaskInstance: gaas_etl_1.etl_user scheduled__2023-08-26T11:01:00+00:00 [queued]>
[2023-08-26T11:02:03.772+0000] {taskinstance.py:1361} INFO - Starting attempt 1 of 1
[2023-08-26T11:02:03.798+0000] {taskinstance.py:1382} INFO - Executing <Task(PythonOperator): etl_user> on 2023-08-26 11:01:00+00:00
[2023-08-26T11:02:03.809+0000] {standard_task_runner.py:57} INFO - Started process 306562 to run task
[2023-08-26T11:02:03.826+0000] {standard_task_runner.py:84} INFO - Running: ['airflow', 'tasks', 'run', 'gaas_etl_1', 'etl_user', 'scheduled__2023-08-26T11:01:00+00:00', '--job-id', '1255', '--raw', '--subdir', 'DAGS_FOLDER/dag_etl.py', '--cfg-path', '/tmp/tmp1lk7v691']
[2023-08-26T11:02:03.833+0000] {standard_task_runner.py:85} INFO - Job 1255: Subtask etl_user
[2023-08-26T11:02:04.023+0000] {task_command.py:415} INFO - Running <TaskInstance: gaas_etl_1.etl_user scheduled__2023-08-26T11:01:00+00:00 [running]> on host data-system.us-central1-a.c.data-system-392010.internal
[2023-08-26T11:02:04.255+0000] {taskinstance.py:1660} INFO - Exporting env vars: AIRFLOW_CTX_DAG_EMAIL='hungnm15012002@gmail.com' AIRFLOW_CTX_DAG_OWNER='hungnm' AIRFLOW_CTX_DAG_ID='gaas_etl_1' AIRFLOW_CTX_TASK_ID='etl_user' AIRFLOW_CTX_EXECUTION_DATE='2023-08-26T11:01:00+00:00' AIRFLOW_CTX_TRY_NUMBER='1' AIRFLOW_CTX_DAG_RUN_ID='scheduled__2023-08-26T11:01:00+00:00'
[2023-08-26T11:02:04.280+0000] {dag_etl.py:28} INFO - Extracting user...
[2023-08-26T11:02:18.069+0000] {extract.py:36} INFO - Request time: 0:00:13.788855
[2023-08-26T11:02:18.966+0000] {extract.py:42} INFO - Create DataFrame time: 0:00:00.895594
[2023-08-26T11:02:18.972+0000] {dag_etl.py:31} INFO - Complete extract user: 0:00:14.692454
[2023-08-26T11:02:18.973+0000] {dag_etl.py:33} INFO - Extracting resource...
[2023-08-26T11:02:21.678+0000] {extract.py:36} INFO - Request time: 0:00:02.703875
[2023-08-26T11:02:21.779+0000] {extract.py:42} INFO - Create DataFrame time: 0:00:00.099704
[2023-08-26T11:02:21.782+0000] {dag_etl.py:36} INFO - Complete extract resource: 0:00:02.810450
[2023-08-26T11:02:21.784+0000] {dag_etl.py:38} INFO - Transforming user...
[2023-08-26T11:02:22.126+0000] {dag_etl.py:42} INFO - Complete transform user: 0:00:00.343850
[2023-08-26T11:02:22.127+0000] {dag_etl.py:44} INFO - transform space_ships...
[2023-08-26T11:02:22.372+0000] {dag_etl.py:47} INFO - Complete transform space_ships: 0:00:00.246059
[2023-08-26T11:02:22.373+0000] {dag_etl.py:49} INFO - transform drones...
[2023-08-26T11:02:22.552+0000] {dag_etl.py:52} INFO - Complete transform drones: 0:00:00.179660
[2023-08-26T11:02:22.553+0000] {dag_etl.py:54} INFO - transform pilots...
[2023-08-26T11:02:22.694+0000] {dag_etl.py:57} INFO - Complete transform pilots: 0:00:00.141912
[2023-08-26T11:02:22.695+0000] {dag_etl.py:59} INFO - transform talents...
[2023-08-26T11:02:22.756+0000] {dag_etl.py:62} INFO - Complete transform talents: 0:00:00.061903
[2023-08-26T11:02:22.757+0000] {dag_etl.py:64} INFO - transform expert_items...
[2023-08-26T11:02:22.806+0000] {dag_etl.py:67} INFO - Complete transform expert_items: 0:00:00.049758
[2023-08-26T11:02:22.806+0000] {dag_etl.py:69} INFO - Loading user...
[2023-08-26T11:02:23.877+0000] {dag_etl.py:72} INFO - Complete load user: 0:00:01.071122
[2023-08-26T11:02:23.877+0000] {dag_etl.py:74} INFO - Loading space_ships...
[2023-08-26T11:02:26.156+0000] {dag_etl.py:77} INFO - Complete load space_ships: 0:00:02.279258
[2023-08-26T11:02:26.157+0000] {dag_etl.py:79} INFO - Loading drones...
[2023-08-26T11:02:28.225+0000] {dag_etl.py:82} INFO - Complete load drones: 0:00:02.069148
[2023-08-26T11:02:28.226+0000] {dag_etl.py:84} INFO - Loading pilots...
[2023-08-26T11:02:32.558+0000] {dag_etl.py:87} INFO - Complete load drones: 0:00:04.332601
[2023-08-26T11:02:32.558+0000] {dag_etl.py:89} INFO - Loading talents...
[2023-08-26T11:02:34.573+0000] {dag_etl.py:92} INFO - Complete load drones: 0:00:02.014841
[2023-08-26T11:02:34.573+0000] {dag_etl.py:94} INFO - Loading expert_items...
[2023-08-26T11:02:35.648+0000] {dag_etl.py:97} INFO - Complete load drones: 0:00:01.075666
[2023-08-26T11:02:35.649+0000] {dag_etl.py:99} INFO - Complete ETL Users in : 0:00:31.369529
[2023-08-26T11:02:35.756+0000] {python.py:194} INFO - Done. Returned value was: None
[2023-08-26T11:02:35.809+0000] {taskinstance.py:1400} INFO - Marking task as SUCCESS. dag_id=gaas_etl_1, task_id=etl_user, execution_date=20230826T110100, start_date=20230826T110203, end_date=20230826T110235
[2023-08-26T11:02:35.933+0000] {local_task_job_runner.py:228} INFO - Task exited with return code 0
[2023-08-26T11:02:35.996+0000] {taskinstance.py:2784} INFO - 0 downstream tasks scheduled from follow-on schedule check
