[2023-08-27T19:11:06.285+0000] {taskinstance.py:1159} INFO - Dependencies all met for dep_context=non-requeueable deps ti=<TaskInstance: gaas_etl_1.etl_user scheduled__2023-08-27T19:10:00+00:00 [queued]>
[2023-08-27T19:11:06.304+0000] {taskinstance.py:1159} INFO - Dependencies all met for dep_context=requeueable deps ti=<TaskInstance: gaas_etl_1.etl_user scheduled__2023-08-27T19:10:00+00:00 [queued]>
[2023-08-27T19:11:06.305+0000] {taskinstance.py:1361} INFO - Starting attempt 1 of 1
[2023-08-27T19:11:06.334+0000] {taskinstance.py:1382} INFO - Executing <Task(PythonOperator): etl_user> on 2023-08-27 19:10:00+00:00
[2023-08-27T19:11:06.343+0000] {standard_task_runner.py:57} INFO - Started process 446655 to run task
[2023-08-27T19:11:06.357+0000] {standard_task_runner.py:84} INFO - Running: ['airflow', 'tasks', 'run', 'gaas_etl_1', 'etl_user', 'scheduled__2023-08-27T19:10:00+00:00', '--job-id', '7043', '--raw', '--subdir', 'DAGS_FOLDER/dag_etl.py', '--cfg-path', '/tmp/tmp2tcu6a8m']
[2023-08-27T19:11:06.363+0000] {standard_task_runner.py:85} INFO - Job 7043: Subtask etl_user
[2023-08-27T19:11:06.863+0000] {task_command.py:415} INFO - Running <TaskInstance: gaas_etl_1.etl_user scheduled__2023-08-27T19:10:00+00:00 [running]> on host data-system.us-central1-a.c.data-system-392010.internal
[2023-08-27T19:11:07.817+0000] {taskinstance.py:1660} INFO - Exporting env vars: AIRFLOW_CTX_DAG_EMAIL='hungnm15012002@gmail.com' AIRFLOW_CTX_DAG_OWNER='hungnm' AIRFLOW_CTX_DAG_ID='gaas_etl_1' AIRFLOW_CTX_TASK_ID='etl_user' AIRFLOW_CTX_EXECUTION_DATE='2023-08-27T19:10:00+00:00' AIRFLOW_CTX_TRY_NUMBER='1' AIRFLOW_CTX_DAG_RUN_ID='scheduled__2023-08-27T19:10:00+00:00'
[2023-08-27T19:11:07.859+0000] {dag_etl.py:28} INFO - Extracting user...
[2023-08-27T19:11:16.596+0000] {extract.py:36} INFO - Request time: 0:00:08.735872
[2023-08-27T19:11:17.112+0000] {extract.py:42} INFO - Create DataFrame time: 0:00:00.515850
[2023-08-27T19:11:17.117+0000] {dag_etl.py:31} INFO - Complete extract user: 0:00:09.257251
[2023-08-27T19:11:17.118+0000] {dag_etl.py:33} INFO - Extracting resource...
[2023-08-27T19:11:24.486+0000] {extract.py:36} INFO - Request time: 0:00:07.367664
[2023-08-27T19:11:24.561+0000] {extract.py:42} INFO - Create DataFrame time: 0:00:00.075204
[2023-08-27T19:11:24.564+0000] {dag_etl.py:36} INFO - Complete extract resource: 0:00:07.447753
[2023-08-27T19:11:24.566+0000] {dag_etl.py:38} INFO - Transforming user...
[2023-08-27T19:11:24.815+0000] {dag_etl.py:42} INFO - Complete transform user: 0:00:00.251136
[2023-08-27T19:11:24.816+0000] {dag_etl.py:44} INFO - transform space_ships...
[2023-08-27T19:11:25.029+0000] {dag_etl.py:47} INFO - Complete transform space_ships: 0:00:00.213396
[2023-08-27T19:11:25.030+0000] {dag_etl.py:49} INFO - transform drones...
[2023-08-27T19:11:25.235+0000] {dag_etl.py:52} INFO - Complete transform drones: 0:00:00.206590
[2023-08-27T19:11:25.236+0000] {dag_etl.py:54} INFO - transform pilots...
[2023-08-27T19:11:25.398+0000] {dag_etl.py:57} INFO - Complete transform pilots: 0:00:00.163009
[2023-08-27T19:11:25.399+0000] {dag_etl.py:59} INFO - transform talents...
[2023-08-27T19:11:25.441+0000] {dag_etl.py:62} INFO - Complete transform talents: 0:00:00.042801
[2023-08-27T19:11:25.442+0000] {dag_etl.py:64} INFO - transform expert_items...
[2023-08-27T19:11:25.483+0000] {dag_etl.py:67} INFO - Complete transform expert_items: 0:00:00.041340
[2023-08-27T19:11:25.483+0000] {dag_etl.py:69} INFO - Loading user...
[2023-08-27T19:11:26.952+0000] {dag_etl.py:72} INFO - Complete load user: 0:00:01.468896
[2023-08-27T19:11:26.952+0000] {dag_etl.py:74} INFO - Loading space_ships...
[2023-08-27T19:11:28.944+0000] {dag_etl.py:77} INFO - Complete load space_ships: 0:00:01.992008
[2023-08-27T19:11:28.944+0000] {dag_etl.py:79} INFO - Loading drones...
[2023-08-27T19:11:31.048+0000] {dag_etl.py:82} INFO - Complete load drones: 0:00:02.104759
[2023-08-27T19:11:31.049+0000] {dag_etl.py:84} INFO - Loading pilots...
[2023-08-27T19:11:33.770+0000] {dag_etl.py:87} INFO - Complete load drones: 0:00:02.721256
[2023-08-27T19:11:33.770+0000] {dag_etl.py:89} INFO - Loading talents...
[2023-08-27T19:11:35.425+0000] {dag_etl.py:92} INFO - Complete load drones: 0:00:01.655706
[2023-08-27T19:11:35.426+0000] {dag_etl.py:94} INFO - Loading expert_items...
[2023-08-27T19:11:36.685+0000] {dag_etl.py:97} INFO - Complete load drones: 0:00:01.259529
[2023-08-27T19:11:36.685+0000] {dag_etl.py:99} INFO - Complete ETL Users in : 0:00:28.825878
[2023-08-27T19:11:36.711+0000] {python.py:194} INFO - Done. Returned value was: None
[2023-08-27T19:11:36.733+0000] {taskinstance.py:1400} INFO - Marking task as SUCCESS. dag_id=gaas_etl_1, task_id=etl_user, execution_date=20230827T191000, start_date=20230827T191106, end_date=20230827T191136
[2023-08-27T19:11:36.822+0000] {local_task_job_runner.py:228} INFO - Task exited with return code 0
[2023-08-27T19:11:36.876+0000] {taskinstance.py:2784} INFO - 0 downstream tasks scheduled from follow-on schedule check
