[2023-08-26T16:44:04.892+0000] {taskinstance.py:1159} INFO - Dependencies all met for dep_context=non-requeueable deps ti=<TaskInstance: gaas_etl_1.etl_user scheduled__2023-08-26T16:43:00+00:00 [queued]>
[2023-08-26T16:44:04.910+0000] {taskinstance.py:1159} INFO - Dependencies all met for dep_context=requeueable deps ti=<TaskInstance: gaas_etl_1.etl_user scheduled__2023-08-26T16:43:00+00:00 [queued]>
[2023-08-26T16:44:04.911+0000] {taskinstance.py:1361} INFO - Starting attempt 1 of 1
[2023-08-26T16:44:04.938+0000] {taskinstance.py:1382} INFO - Executing <Task(PythonOperator): etl_user> on 2023-08-26 16:43:00+00:00
[2023-08-26T16:44:04.947+0000] {standard_task_runner.py:57} INFO - Started process 321572 to run task
[2023-08-26T16:44:04.962+0000] {standard_task_runner.py:84} INFO - Running: ['airflow', 'tasks', 'run', 'gaas_etl_1', 'etl_user', 'scheduled__2023-08-26T16:43:00+00:00', '--job-id', '2282', '--raw', '--subdir', 'DAGS_FOLDER/dag_etl.py', '--cfg-path', '/tmp/tmpufpk6t4i']
[2023-08-26T16:44:04.968+0000] {standard_task_runner.py:85} INFO - Job 2282: Subtask etl_user
[2023-08-26T16:44:05.187+0000] {task_command.py:415} INFO - Running <TaskInstance: gaas_etl_1.etl_user scheduled__2023-08-26T16:43:00+00:00 [running]> on host data-system.us-central1-a.c.data-system-392010.internal
[2023-08-26T16:44:05.799+0000] {taskinstance.py:1660} INFO - Exporting env vars: AIRFLOW_CTX_DAG_EMAIL='hungnm15012002@gmail.com' AIRFLOW_CTX_DAG_OWNER='hungnm' AIRFLOW_CTX_DAG_ID='gaas_etl_1' AIRFLOW_CTX_TASK_ID='etl_user' AIRFLOW_CTX_EXECUTION_DATE='2023-08-26T16:43:00+00:00' AIRFLOW_CTX_TRY_NUMBER='1' AIRFLOW_CTX_DAG_RUN_ID='scheduled__2023-08-26T16:43:00+00:00'
[2023-08-26T16:44:05.820+0000] {dag_etl.py:28} INFO - Extracting user...
[2023-08-26T16:44:09.176+0000] {extract.py:36} INFO - Request time: 0:00:03.355660
[2023-08-26T16:44:09.387+0000] {extract.py:42} INFO - Create DataFrame time: 0:00:00.209833
[2023-08-26T16:44:09.390+0000] {dag_etl.py:31} INFO - Complete extract user: 0:00:03.569741
[2023-08-26T16:44:09.390+0000] {dag_etl.py:33} INFO - Extracting resource...
[2023-08-26T16:44:11.003+0000] {extract.py:36} INFO - Request time: 0:00:01.612869
[2023-08-26T16:44:11.030+0000] {extract.py:42} INFO - Create DataFrame time: 0:00:00.025747
[2023-08-26T16:44:11.032+0000] {dag_etl.py:36} INFO - Complete extract resource: 0:00:01.641909
[2023-08-26T16:44:11.032+0000] {dag_etl.py:38} INFO - Transforming user...
[2023-08-26T16:44:11.128+0000] {dag_etl.py:42} INFO - Complete transform user: 0:00:00.096451
[2023-08-26T16:44:11.128+0000] {dag_etl.py:44} INFO - transform space_ships...
[2023-08-26T16:44:11.197+0000] {dag_etl.py:47} INFO - Complete transform space_ships: 0:00:00.068435
[2023-08-26T16:44:11.197+0000] {dag_etl.py:49} INFO - transform drones...
[2023-08-26T16:44:11.272+0000] {dag_etl.py:52} INFO - Complete transform drones: 0:00:00.075803
[2023-08-26T16:44:11.273+0000] {dag_etl.py:54} INFO - transform pilots...
[2023-08-26T16:44:11.319+0000] {dag_etl.py:57} INFO - Complete transform pilots: 0:00:00.046648
[2023-08-26T16:44:11.319+0000] {dag_etl.py:59} INFO - transform talents...
[2023-08-26T16:44:11.348+0000] {dag_etl.py:62} INFO - Complete transform talents: 0:00:00.028821
[2023-08-26T16:44:11.348+0000] {dag_etl.py:64} INFO - transform expert_items...
[2023-08-26T16:44:11.363+0000] {dag_etl.py:67} INFO - Complete transform expert_items: 0:00:00.014903
[2023-08-26T16:44:11.363+0000] {dag_etl.py:69} INFO - Loading user...
[2023-08-26T16:44:12.090+0000] {dag_etl.py:72} INFO - Complete load user: 0:00:00.727187
[2023-08-26T16:44:12.090+0000] {dag_etl.py:74} INFO - Loading space_ships...
[2023-08-26T16:44:13.238+0000] {dag_etl.py:77} INFO - Complete load space_ships: 0:00:01.148088
[2023-08-26T16:44:13.239+0000] {dag_etl.py:79} INFO - Loading drones...
[2023-08-26T16:44:14.165+0000] {dag_etl.py:82} INFO - Complete load drones: 0:00:00.927464
[2023-08-26T16:44:14.166+0000] {dag_etl.py:84} INFO - Loading pilots...
[2023-08-26T16:44:16.690+0000] {dag_etl.py:87} INFO - Complete load drones: 0:00:02.524246
[2023-08-26T16:44:16.690+0000] {dag_etl.py:89} INFO - Loading talents...
[2023-08-26T16:44:17.884+0000] {dag_etl.py:92} INFO - Complete load drones: 0:00:01.194330
[2023-08-26T16:44:17.885+0000] {dag_etl.py:94} INFO - Loading expert_items...
[2023-08-26T16:44:18.630+0000] {dag_etl.py:97} INFO - Complete load drones: 0:00:00.746255
[2023-08-26T16:44:18.631+0000] {dag_etl.py:99} INFO - Complete ETL Users in : 0:00:12.810973
[2023-08-26T16:44:18.651+0000] {python.py:194} INFO - Done. Returned value was: None
[2023-08-26T16:44:18.678+0000] {taskinstance.py:1400} INFO - Marking task as SUCCESS. dag_id=gaas_etl_1, task_id=etl_user, execution_date=20230826T164300, start_date=20230826T164404, end_date=20230826T164418
[2023-08-26T16:44:18.756+0000] {local_task_job_runner.py:228} INFO - Task exited with return code 0
[2023-08-26T16:44:18.785+0000] {taskinstance.py:2784} INFO - 0 downstream tasks scheduled from follow-on schedule check
