[2023-08-27T00:49:04.968+0000] {taskinstance.py:1159} INFO - Dependencies all met for dep_context=non-requeueable deps ti=<TaskInstance: gaas_etl_1.etl_user scheduled__2023-08-27T00:48:00+00:00 [queued]>
[2023-08-27T00:49:04.985+0000] {taskinstance.py:1159} INFO - Dependencies all met for dep_context=requeueable deps ti=<TaskInstance: gaas_etl_1.etl_user scheduled__2023-08-27T00:48:00+00:00 [queued]>
[2023-08-27T00:49:04.985+0000] {taskinstance.py:1361} INFO - Starting attempt 1 of 1
[2023-08-27T00:49:05.019+0000] {taskinstance.py:1382} INFO - Executing <Task(PythonOperator): etl_user> on 2023-08-27 00:48:00+00:00
[2023-08-27T00:49:05.027+0000] {standard_task_runner.py:57} INFO - Started process 340824 to run task
[2023-08-27T00:49:05.041+0000] {standard_task_runner.py:84} INFO - Running: ['airflow', 'tasks', 'run', 'gaas_etl_1', 'etl_user', 'scheduled__2023-08-27T00:48:00+00:00', '--job-id', '3736', '--raw', '--subdir', 'DAGS_FOLDER/dag_etl.py', '--cfg-path', '/tmp/tmpc9fh487m']
[2023-08-27T00:49:05.047+0000] {standard_task_runner.py:85} INFO - Job 3736: Subtask etl_user
[2023-08-27T00:49:05.342+0000] {task_command.py:415} INFO - Running <TaskInstance: gaas_etl_1.etl_user scheduled__2023-08-27T00:48:00+00:00 [running]> on host data-system.us-central1-a.c.data-system-392010.internal
[2023-08-27T00:49:05.674+0000] {taskinstance.py:1660} INFO - Exporting env vars: AIRFLOW_CTX_DAG_EMAIL='hungnm15012002@gmail.com' AIRFLOW_CTX_DAG_OWNER='hungnm' AIRFLOW_CTX_DAG_ID='gaas_etl_1' AIRFLOW_CTX_TASK_ID='etl_user' AIRFLOW_CTX_EXECUTION_DATE='2023-08-27T00:48:00+00:00' AIRFLOW_CTX_TRY_NUMBER='1' AIRFLOW_CTX_DAG_RUN_ID='scheduled__2023-08-27T00:48:00+00:00'
[2023-08-27T00:49:05.699+0000] {dag_etl.py:28} INFO - Extracting user...
[2023-08-27T00:49:08.893+0000] {extract.py:36} INFO - Request time: 0:00:03.192713
[2023-08-27T00:49:09.278+0000] {extract.py:42} INFO - Create DataFrame time: 0:00:00.384497
[2023-08-27T00:49:09.281+0000] {dag_etl.py:31} INFO - Complete extract user: 0:00:03.581360
[2023-08-27T00:49:09.281+0000] {dag_etl.py:33} INFO - Extracting resource...
[2023-08-27T00:49:10.892+0000] {extract.py:36} INFO - Request time: 0:00:01.610007
[2023-08-27T00:49:10.936+0000] {extract.py:42} INFO - Create DataFrame time: 0:00:00.043554
[2023-08-27T00:49:10.939+0000] {dag_etl.py:36} INFO - Complete extract resource: 0:00:01.658242
[2023-08-27T00:49:10.940+0000] {dag_etl.py:38} INFO - Transforming user...
[2023-08-27T00:49:11.149+0000] {dag_etl.py:42} INFO - Complete transform user: 0:00:00.210633
[2023-08-27T00:49:11.150+0000] {dag_etl.py:44} INFO - transform space_ships...
[2023-08-27T00:49:11.261+0000] {dag_etl.py:47} INFO - Complete transform space_ships: 0:00:00.111462
[2023-08-27T00:49:11.262+0000] {dag_etl.py:49} INFO - transform drones...
[2023-08-27T00:49:11.342+0000] {dag_etl.py:52} INFO - Complete transform drones: 0:00:00.081072
[2023-08-27T00:49:11.343+0000] {dag_etl.py:54} INFO - transform pilots...
[2023-08-27T00:49:11.398+0000] {dag_etl.py:57} INFO - Complete transform pilots: 0:00:00.055865
[2023-08-27T00:49:11.398+0000] {dag_etl.py:59} INFO - transform talents...
[2023-08-27T00:49:11.428+0000] {dag_etl.py:62} INFO - Complete transform talents: 0:00:00.029915
[2023-08-27T00:49:11.433+0000] {dag_etl.py:64} INFO - transform expert_items...
[2023-08-27T00:49:11.461+0000] {dag_etl.py:67} INFO - Complete transform expert_items: 0:00:00.033104
[2023-08-27T00:49:11.461+0000] {dag_etl.py:69} INFO - Loading user...
[2023-08-27T00:49:12.252+0000] {dag_etl.py:72} INFO - Complete load user: 0:00:00.791424
[2023-08-27T00:49:12.253+0000] {dag_etl.py:74} INFO - Loading space_ships...
[2023-08-27T00:49:13.260+0000] {dag_etl.py:77} INFO - Complete load space_ships: 0:00:01.007985
[2023-08-27T00:49:13.261+0000] {dag_etl.py:79} INFO - Loading drones...
[2023-08-27T00:49:14.125+0000] {dag_etl.py:82} INFO - Complete load drones: 0:00:00.864323
[2023-08-27T00:49:14.125+0000] {dag_etl.py:84} INFO - Loading pilots...
[2023-08-27T00:49:15.882+0000] {dag_etl.py:87} INFO - Complete load drones: 0:00:01.757242
[2023-08-27T00:49:15.882+0000] {dag_etl.py:89} INFO - Loading talents...
[2023-08-27T00:49:16.865+0000] {dag_etl.py:92} INFO - Complete load drones: 0:00:00.982896
[2023-08-27T00:49:16.865+0000] {dag_etl.py:94} INFO - Loading expert_items...
[2023-08-27T00:49:17.378+0000] {dag_etl.py:97} INFO - Complete load drones: 0:00:00.513188
[2023-08-27T00:49:17.379+0000] {dag_etl.py:99} INFO - Complete ETL Users in : 0:00:11.679490
[2023-08-27T00:49:17.422+0000] {python.py:194} INFO - Done. Returned value was: None
[2023-08-27T00:49:17.461+0000] {taskinstance.py:1400} INFO - Marking task as SUCCESS. dag_id=gaas_etl_1, task_id=etl_user, execution_date=20230827T004800, start_date=20230827T004904, end_date=20230827T004917
[2023-08-27T00:49:17.554+0000] {local_task_job_runner.py:228} INFO - Task exited with return code 0
[2023-08-27T00:49:17.592+0000] {taskinstance.py:2784} INFO - 0 downstream tasks scheduled from follow-on schedule check
