[2023-08-28T01:33:07.468+0000] {taskinstance.py:1159} INFO - Dependencies all met for dep_context=non-requeueable deps ti=<TaskInstance: gaas_etl_1.etl_user scheduled__2023-08-28T01:32:00+00:00 [queued]>
[2023-08-28T01:33:07.484+0000] {taskinstance.py:1159} INFO - Dependencies all met for dep_context=requeueable deps ti=<TaskInstance: gaas_etl_1.etl_user scheduled__2023-08-28T01:32:00+00:00 [queued]>
[2023-08-28T01:33:07.485+0000] {taskinstance.py:1361} INFO - Starting attempt 1 of 1
[2023-08-28T01:33:07.515+0000] {taskinstance.py:1382} INFO - Executing <Task(PythonOperator): etl_user> on 2023-08-28 01:32:00+00:00
[2023-08-28T01:33:07.525+0000] {standard_task_runner.py:57} INFO - Started process 486736 to run task
[2023-08-28T01:33:07.541+0000] {standard_task_runner.py:84} INFO - Running: ['airflow', 'tasks', 'run', 'gaas_etl_1', 'etl_user', 'scheduled__2023-08-28T01:32:00+00:00', '--job-id', '8189', '--raw', '--subdir', 'DAGS_FOLDER/dag_etl.py', '--cfg-path', '/tmp/tmpag0kwh41']
[2023-08-28T01:33:07.548+0000] {standard_task_runner.py:85} INFO - Job 8189: Subtask etl_user
[2023-08-28T01:33:08.603+0000] {task_command.py:415} INFO - Running <TaskInstance: gaas_etl_1.etl_user scheduled__2023-08-28T01:32:00+00:00 [running]> on host data-system.us-central1-a.c.data-system-392010.internal
[2023-08-28T01:33:09.202+0000] {taskinstance.py:1660} INFO - Exporting env vars: AIRFLOW_CTX_DAG_EMAIL='hungnm15012002@gmail.com' AIRFLOW_CTX_DAG_OWNER='hungnm' AIRFLOW_CTX_DAG_ID='gaas_etl_1' AIRFLOW_CTX_TASK_ID='etl_user' AIRFLOW_CTX_EXECUTION_DATE='2023-08-28T01:32:00+00:00' AIRFLOW_CTX_TRY_NUMBER='1' AIRFLOW_CTX_DAG_RUN_ID='scheduled__2023-08-28T01:32:00+00:00'
[2023-08-28T01:33:09.225+0000] {dag_etl.py:28} INFO - Extracting user...
[2023-08-28T01:33:12.791+0000] {extract.py:36} INFO - Request time: 0:00:03.565531
[2023-08-28T01:33:13.133+0000] {extract.py:42} INFO - Create DataFrame time: 0:00:00.341253
[2023-08-28T01:33:13.136+0000] {dag_etl.py:31} INFO - Complete extract user: 0:00:03.911135
[2023-08-28T01:33:13.136+0000] {dag_etl.py:33} INFO - Extracting resource...
[2023-08-28T01:33:14.636+0000] {extract.py:36} INFO - Request time: 0:00:01.499198
[2023-08-28T01:33:14.665+0000] {extract.py:42} INFO - Create DataFrame time: 0:00:00.028792
[2023-08-28T01:33:14.667+0000] {dag_etl.py:36} INFO - Complete extract resource: 0:00:01.531387
[2023-08-28T01:33:14.668+0000] {dag_etl.py:38} INFO - Transforming user...
[2023-08-28T01:33:14.770+0000] {dag_etl.py:42} INFO - Complete transform user: 0:00:00.102901
[2023-08-28T01:33:14.771+0000] {dag_etl.py:44} INFO - transform space_ships...
[2023-08-28T01:33:14.877+0000] {dag_etl.py:47} INFO - Complete transform space_ships: 0:00:00.106922
[2023-08-28T01:33:14.878+0000] {dag_etl.py:49} INFO - transform drones...
[2023-08-28T01:33:14.978+0000] {dag_etl.py:52} INFO - Complete transform drones: 0:00:00.101235
[2023-08-28T01:33:14.979+0000] {dag_etl.py:54} INFO - transform pilots...
[2023-08-28T01:33:15.043+0000] {dag_etl.py:57} INFO - Complete transform pilots: 0:00:00.064995
[2023-08-28T01:33:15.044+0000] {dag_etl.py:59} INFO - transform talents...
[2023-08-28T01:33:15.069+0000] {dag_etl.py:62} INFO - Complete transform talents: 0:00:00.025856
[2023-08-28T01:33:15.070+0000] {dag_etl.py:64} INFO - transform expert_items...
[2023-08-28T01:33:15.089+0000] {dag_etl.py:67} INFO - Complete transform expert_items: 0:00:00.019990
[2023-08-28T01:33:15.090+0000] {dag_etl.py:69} INFO - Loading user...
[2023-08-28T01:33:16.166+0000] {dag_etl.py:72} INFO - Complete load user: 0:00:01.076526
[2023-08-28T01:33:16.167+0000] {dag_etl.py:74} INFO - Loading space_ships...
[2023-08-28T01:33:17.271+0000] {dag_etl.py:77} INFO - Complete load space_ships: 0:00:01.105498
[2023-08-28T01:33:17.272+0000] {dag_etl.py:79} INFO - Loading drones...
[2023-08-28T01:33:17.999+0000] {dag_etl.py:82} INFO - Complete load drones: 0:00:00.727956
[2023-08-28T01:33:18.000+0000] {dag_etl.py:84} INFO - Loading pilots...
[2023-08-28T01:33:19.390+0000] {dag_etl.py:87} INFO - Complete load drones: 0:00:01.391024
[2023-08-28T01:33:19.391+0000] {dag_etl.py:89} INFO - Loading talents...
[2023-08-28T01:33:20.438+0000] {dag_etl.py:92} INFO - Complete load drones: 0:00:01.047314
[2023-08-28T01:33:20.438+0000] {dag_etl.py:94} INFO - Loading expert_items...
[2023-08-28T01:33:21.247+0000] {dag_etl.py:97} INFO - Complete load drones: 0:00:00.809171
[2023-08-28T01:33:21.247+0000] {dag_etl.py:99} INFO - Complete ETL Users in : 0:00:12.022467
[2023-08-28T01:33:21.265+0000] {python.py:194} INFO - Done. Returned value was: None
[2023-08-28T01:33:21.283+0000] {taskinstance.py:1400} INFO - Marking task as SUCCESS. dag_id=gaas_etl_1, task_id=etl_user, execution_date=20230828T013200, start_date=20230828T013307, end_date=20230828T013321
[2023-08-28T01:33:21.360+0000] {local_task_job_runner.py:228} INFO - Task exited with return code 0
[2023-08-28T01:33:21.378+0000] {taskinstance.py:2784} INFO - 0 downstream tasks scheduled from follow-on schedule check
