[2023-08-26T13:38:04.247+0000] {taskinstance.py:1159} INFO - Dependencies all met for dep_context=non-requeueable deps ti=<TaskInstance: gaas_etl_1.etl_user scheduled__2023-08-26T13:37:00+00:00 [queued]>
[2023-08-26T13:38:04.264+0000] {taskinstance.py:1159} INFO - Dependencies all met for dep_context=requeueable deps ti=<TaskInstance: gaas_etl_1.etl_user scheduled__2023-08-26T13:37:00+00:00 [queued]>
[2023-08-26T13:38:04.264+0000] {taskinstance.py:1361} INFO - Starting attempt 1 of 1
[2023-08-26T13:38:04.293+0000] {taskinstance.py:1382} INFO - Executing <Task(PythonOperator): etl_user> on 2023-08-26 13:37:00+00:00
[2023-08-26T13:38:04.301+0000] {standard_task_runner.py:57} INFO - Started process 314217 to run task
[2023-08-26T13:38:04.318+0000] {standard_task_runner.py:84} INFO - Running: ['airflow', 'tasks', 'run', 'gaas_etl_1', 'etl_user', 'scheduled__2023-08-26T13:37:00+00:00', '--job-id', '1724', '--raw', '--subdir', 'DAGS_FOLDER/dag_etl.py', '--cfg-path', '/tmp/tmpt2sad5sm']
[2023-08-26T13:38:04.323+0000] {standard_task_runner.py:85} INFO - Job 1724: Subtask etl_user
[2023-08-26T13:38:04.518+0000] {task_command.py:415} INFO - Running <TaskInstance: gaas_etl_1.etl_user scheduled__2023-08-26T13:37:00+00:00 [running]> on host data-system.us-central1-a.c.data-system-392010.internal
[2023-08-26T13:38:04.770+0000] {taskinstance.py:1660} INFO - Exporting env vars: AIRFLOW_CTX_DAG_EMAIL='hungnm15012002@gmail.com' AIRFLOW_CTX_DAG_OWNER='hungnm' AIRFLOW_CTX_DAG_ID='gaas_etl_1' AIRFLOW_CTX_TASK_ID='etl_user' AIRFLOW_CTX_EXECUTION_DATE='2023-08-26T13:37:00+00:00' AIRFLOW_CTX_TRY_NUMBER='1' AIRFLOW_CTX_DAG_RUN_ID='scheduled__2023-08-26T13:37:00+00:00'
[2023-08-26T13:38:04.790+0000] {dag_etl.py:28} INFO - Extracting user...
[2023-08-26T13:38:13.140+0000] {extract.py:36} INFO - Request time: 0:00:08.349355
[2023-08-26T13:38:14.364+0000] {extract.py:42} INFO - Create DataFrame time: 0:00:01.223450
[2023-08-26T13:38:14.372+0000] {dag_etl.py:31} INFO - Complete extract user: 0:00:09.581893
[2023-08-26T13:38:14.373+0000] {dag_etl.py:33} INFO - Extracting resource...
[2023-08-26T13:38:22.206+0000] {extract.py:36} INFO - Request time: 0:00:07.831929
[2023-08-26T13:38:22.326+0000] {extract.py:42} INFO - Create DataFrame time: 0:00:00.119897
[2023-08-26T13:38:22.330+0000] {dag_etl.py:36} INFO - Complete extract resource: 0:00:07.957942
[2023-08-26T13:38:22.331+0000] {dag_etl.py:38} INFO - Transforming user...
[2023-08-26T13:38:22.729+0000] {dag_etl.py:42} INFO - Complete transform user: 0:00:00.399404
[2023-08-26T13:38:22.730+0000] {dag_etl.py:44} INFO - transform space_ships...
[2023-08-26T13:38:23.012+0000] {dag_etl.py:47} INFO - Complete transform space_ships: 0:00:00.282835
[2023-08-26T13:38:23.013+0000] {dag_etl.py:49} INFO - transform drones...
[2023-08-26T13:38:23.277+0000] {dag_etl.py:52} INFO - Complete transform drones: 0:00:00.265173
[2023-08-26T13:38:23.278+0000] {dag_etl.py:54} INFO - transform pilots...
[2023-08-26T13:38:23.416+0000] {dag_etl.py:57} INFO - Complete transform pilots: 0:00:00.139172
[2023-08-26T13:38:23.417+0000] {dag_etl.py:59} INFO - transform talents...
[2023-08-26T13:38:23.483+0000] {dag_etl.py:62} INFO - Complete transform talents: 0:00:00.066825
[2023-08-26T13:38:23.484+0000] {dag_etl.py:64} INFO - transform expert_items...
[2023-08-26T13:38:23.539+0000] {dag_etl.py:67} INFO - Complete transform expert_items: 0:00:00.056325
[2023-08-26T13:38:23.540+0000] {dag_etl.py:69} INFO - Loading user...
[2023-08-26T13:38:25.623+0000] {dag_etl.py:72} INFO - Complete load user: 0:00:02.083864
[2023-08-26T13:38:25.624+0000] {dag_etl.py:74} INFO - Loading space_ships...
[2023-08-26T13:38:29.453+0000] {dag_etl.py:77} INFO - Complete load space_ships: 0:00:03.829558
[2023-08-26T13:38:29.453+0000] {dag_etl.py:79} INFO - Loading drones...
[2023-08-26T13:38:32.795+0000] {dag_etl.py:82} INFO - Complete load drones: 0:00:03.341784
[2023-08-26T13:38:32.795+0000] {dag_etl.py:84} INFO - Loading pilots...
[2023-08-26T13:38:38.069+0000] {dag_etl.py:87} INFO - Complete load drones: 0:00:05.274012
[2023-08-26T13:38:38.069+0000] {dag_etl.py:89} INFO - Loading talents...
[2023-08-26T13:38:40.156+0000] {dag_etl.py:92} INFO - Complete load drones: 0:00:02.087768
[2023-08-26T13:38:40.157+0000] {dag_etl.py:94} INFO - Loading expert_items...
[2023-08-26T13:38:41.823+0000] {dag_etl.py:97} INFO - Complete load drones: 0:00:01.667042
[2023-08-26T13:38:41.824+0000] {dag_etl.py:99} INFO - Complete ETL Users in : 0:00:37.034116
[2023-08-26T13:38:41.855+0000] {python.py:194} INFO - Done. Returned value was: None
[2023-08-26T13:38:41.870+0000] {taskinstance.py:1400} INFO - Marking task as SUCCESS. dag_id=gaas_etl_1, task_id=etl_user, execution_date=20230826T133700, start_date=20230826T133804, end_date=20230826T133841
[2023-08-26T13:38:41.921+0000] {local_task_job_runner.py:228} INFO - Task exited with return code 0
[2023-08-26T13:38:41.943+0000] {taskinstance.py:2784} INFO - 0 downstream tasks scheduled from follow-on schedule check
