[2023-08-26T06:41:04.302+0000] {taskinstance.py:1159} INFO - Dependencies all met for dep_context=non-requeueable deps ti=<TaskInstance: gaas_etl_1.etl_user scheduled__2023-08-26T06:40:00+00:00 [queued]>
[2023-08-26T06:41:04.319+0000] {taskinstance.py:1159} INFO - Dependencies all met for dep_context=requeueable deps ti=<TaskInstance: gaas_etl_1.etl_user scheduled__2023-08-26T06:40:00+00:00 [queued]>
[2023-08-26T06:41:04.319+0000] {taskinstance.py:1361} INFO - Starting attempt 1 of 1
[2023-08-26T06:41:04.346+0000] {taskinstance.py:1382} INFO - Executing <Task(PythonOperator): etl_user> on 2023-08-26 06:40:00+00:00
[2023-08-26T06:41:04.353+0000] {standard_task_runner.py:57} INFO - Started process 285244 to run task
[2023-08-26T06:41:04.372+0000] {standard_task_runner.py:84} INFO - Running: ['airflow', 'tasks', 'run', 'gaas_etl_1', 'etl_user', 'scheduled__2023-08-26T06:40:00+00:00', '--job-id', '472', '--raw', '--subdir', 'DAGS_FOLDER/dag_etl.py', '--cfg-path', '/tmp/tmpc6qjg_wb']
[2023-08-26T06:41:04.377+0000] {standard_task_runner.py:85} INFO - Job 472: Subtask etl_user
[2023-08-26T06:41:04.510+0000] {task_command.py:415} INFO - Running <TaskInstance: gaas_etl_1.etl_user scheduled__2023-08-26T06:40:00+00:00 [running]> on host data-system.us-central1-a.c.data-system-392010.internal
[2023-08-26T06:41:04.699+0000] {taskinstance.py:1660} INFO - Exporting env vars: AIRFLOW_CTX_DAG_EMAIL='hungnm15012002@gmail.com' AIRFLOW_CTX_DAG_OWNER='hungnm' AIRFLOW_CTX_DAG_ID='gaas_etl_1' AIRFLOW_CTX_TASK_ID='etl_user' AIRFLOW_CTX_EXECUTION_DATE='2023-08-26T06:40:00+00:00' AIRFLOW_CTX_TRY_NUMBER='1' AIRFLOW_CTX_DAG_RUN_ID='scheduled__2023-08-26T06:40:00+00:00'
[2023-08-26T06:41:04.740+0000] {dag_etl.py:28} INFO - Extracting user...
[2023-08-26T06:41:06.261+0000] {extract.py:36} INFO - Request time: 0:00:01.520378
[2023-08-26T06:41:06.286+0000] {extract.py:42} INFO - Create DataFrame time: 0:00:00.024872
[2023-08-26T06:41:06.288+0000] {dag_etl.py:31} INFO - Complete extract user: 0:00:01.548598
[2023-08-26T06:41:06.289+0000] {dag_etl.py:33} INFO - Extracting resource...
[2023-08-26T06:41:07.291+0000] {extract.py:36} INFO - Request time: 0:00:01.001994
[2023-08-26T06:41:07.300+0000] {extract.py:42} INFO - Create DataFrame time: 0:00:00.008699
[2023-08-26T06:41:07.302+0000] {dag_etl.py:36} INFO - Complete extract resource: 0:00:01.013358
[2023-08-26T06:41:07.302+0000] {dag_etl.py:38} INFO - Transforming user...
[2023-08-26T06:41:07.345+0000] {dag_etl.py:42} INFO - Complete transform user: 0:00:00.043538
[2023-08-26T06:41:07.345+0000] {dag_etl.py:44} INFO - transform space_ships...
[2023-08-26T06:41:07.367+0000] {dag_etl.py:47} INFO - Complete transform space_ships: 0:00:00.021931
[2023-08-26T06:41:07.367+0000] {dag_etl.py:49} INFO - transform drones...
[2023-08-26T06:41:07.380+0000] {dag_etl.py:52} INFO - Complete transform drones: 0:00:00.013382
[2023-08-26T06:41:07.381+0000] {dag_etl.py:54} INFO - transform pilots...
[2023-08-26T06:41:07.391+0000] {dag_etl.py:57} INFO - Complete transform pilots: 0:00:00.010181
[2023-08-26T06:41:07.391+0000] {dag_etl.py:59} INFO - transform talents...
[2023-08-26T06:41:07.398+0000] {dag_etl.py:62} INFO - Complete transform talents: 0:00:00.007062
[2023-08-26T06:41:07.398+0000] {dag_etl.py:64} INFO - transform expert_items...
[2023-08-26T06:41:07.404+0000] {dag_etl.py:67} INFO - Complete transform expert_items: 0:00:00.006564
[2023-08-26T06:41:07.405+0000] {dag_etl.py:69} INFO - Loading user...
[2023-08-26T06:41:07.421+0000] {dag_etl.py:72} INFO - Complete load user: 0:00:00.017002
[2023-08-26T06:41:07.422+0000] {dag_etl.py:74} INFO - Loading space_ships...
[2023-08-26T06:41:07.443+0000] {dag_etl.py:77} INFO - Complete load space_ships: 0:00:00.021815
[2023-08-26T06:41:07.444+0000] {dag_etl.py:79} INFO - Loading drones...
[2023-08-26T06:41:07.459+0000] {dag_etl.py:82} INFO - Complete load drones: 0:00:00.015572
[2023-08-26T06:41:07.459+0000] {dag_etl.py:84} INFO - Loading pilots...
[2023-08-26T06:41:07.484+0000] {dag_etl.py:87} INFO - Complete load drones: 0:00:00.025653
[2023-08-26T06:41:07.485+0000] {dag_etl.py:89} INFO - Loading talents...
[2023-08-26T06:41:07.497+0000] {dag_etl.py:92} INFO - Complete load drones: 0:00:00.013061
[2023-08-26T06:41:07.498+0000] {dag_etl.py:94} INFO - Loading expert_items...
[2023-08-26T06:41:07.501+0000] {dag_etl.py:97} INFO - Complete load drones: 0:00:00.003595
[2023-08-26T06:41:07.501+0000] {dag_etl.py:99} INFO - Complete ETL Users in : 0:00:02.761707
[2023-08-26T06:41:07.503+0000] {python.py:194} INFO - Done. Returned value was: None
[2023-08-26T06:41:07.515+0000] {taskinstance.py:1400} INFO - Marking task as SUCCESS. dag_id=gaas_etl_1, task_id=etl_user, execution_date=20230826T064000, start_date=20230826T064104, end_date=20230826T064107
[2023-08-26T06:41:07.555+0000] {local_task_job_runner.py:228} INFO - Task exited with return code 0
[2023-08-26T06:41:07.582+0000] {taskinstance.py:2784} INFO - 0 downstream tasks scheduled from follow-on schedule check
