[2023-08-27T10:24:05.985+0000] {taskinstance.py:1159} INFO - Dependencies all met for dep_context=non-requeueable deps ti=<TaskInstance: gaas_etl_1.etl_user scheduled__2023-08-27T10:23:00+00:00 [queued]>
[2023-08-27T10:24:06.026+0000] {taskinstance.py:1159} INFO - Dependencies all met for dep_context=requeueable deps ti=<TaskInstance: gaas_etl_1.etl_user scheduled__2023-08-27T10:23:00+00:00 [queued]>
[2023-08-27T10:24:06.027+0000] {taskinstance.py:1361} INFO - Starting attempt 1 of 1
[2023-08-27T10:24:06.078+0000] {taskinstance.py:1382} INFO - Executing <Task(PythonOperator): etl_user> on 2023-08-27 10:23:00+00:00
[2023-08-27T10:24:06.093+0000] {standard_task_runner.py:57} INFO - Started process 386654 to run task
[2023-08-27T10:24:06.116+0000] {standard_task_runner.py:84} INFO - Running: ['airflow', 'tasks', 'run', 'gaas_etl_1', 'etl_user', 'scheduled__2023-08-27T10:23:00+00:00', '--job-id', '5462', '--raw', '--subdir', 'DAGS_FOLDER/dag_etl.py', '--cfg-path', '/tmp/tmpig5j0184']
[2023-08-27T10:24:06.126+0000] {standard_task_runner.py:85} INFO - Job 5462: Subtask etl_user
[2023-08-27T10:24:07.245+0000] {task_command.py:415} INFO - Running <TaskInstance: gaas_etl_1.etl_user scheduled__2023-08-27T10:23:00+00:00 [running]> on host data-system.us-central1-a.c.data-system-392010.internal
[2023-08-27T10:24:07.809+0000] {taskinstance.py:1660} INFO - Exporting env vars: AIRFLOW_CTX_DAG_EMAIL='hungnm15012002@gmail.com' AIRFLOW_CTX_DAG_OWNER='hungnm' AIRFLOW_CTX_DAG_ID='gaas_etl_1' AIRFLOW_CTX_TASK_ID='etl_user' AIRFLOW_CTX_EXECUTION_DATE='2023-08-27T10:23:00+00:00' AIRFLOW_CTX_TRY_NUMBER='1' AIRFLOW_CTX_DAG_RUN_ID='scheduled__2023-08-27T10:23:00+00:00'
[2023-08-27T10:24:07.836+0000] {dag_etl.py:28} INFO - Extracting user...
[2023-08-27T10:24:08.362+0000] {extract.py:36} INFO - Request time: 0:00:00.525521
[2023-08-27T10:24:08.362+0000] {extract.py:45} ERROR - Server GAAS error: 502
[2023-08-27T10:24:08.370+0000] {dag_etl.py:31} INFO - Complete extract user: 0:00:00.533946
[2023-08-27T10:24:08.371+0000] {dag_etl.py:33} INFO - Extracting resource...
[2023-08-27T10:24:12.475+0000] {extract.py:36} INFO - Request time: 0:00:04.104360
[2023-08-27T10:24:12.577+0000] {extract.py:42} INFO - Create DataFrame time: 0:00:00.100823
[2023-08-27T10:24:12.580+0000] {dag_etl.py:36} INFO - Complete extract resource: 0:00:04.209938
[2023-08-27T10:24:12.581+0000] {dag_etl.py:38} INFO - Transforming user...
[2023-08-27T10:24:12.585+0000] {dag_etl.py:107} ERROR - An Error Occur: 'int' object has no attribute 'merge'
[2023-08-27T10:24:12.587+0000] {python.py:194} INFO - Done. Returned value was: None
[2023-08-27T10:24:12.602+0000] {taskinstance.py:1400} INFO - Marking task as SUCCESS. dag_id=gaas_etl_1, task_id=etl_user, execution_date=20230827T102300, start_date=20230827T102405, end_date=20230827T102412
[2023-08-27T10:24:12.658+0000] {local_task_job_runner.py:228} INFO - Task exited with return code 0
[2023-08-27T10:24:12.682+0000] {taskinstance.py:2784} INFO - 0 downstream tasks scheduled from follow-on schedule check
