[2023-08-26T22:43:04.632+0000] {taskinstance.py:1159} INFO - Dependencies all met for dep_context=non-requeueable deps ti=<TaskInstance: gaas_etl_1.etl_user scheduled__2023-08-26T22:42:00+00:00 [queued]>
[2023-08-26T22:43:04.648+0000] {taskinstance.py:1159} INFO - Dependencies all met for dep_context=requeueable deps ti=<TaskInstance: gaas_etl_1.etl_user scheduled__2023-08-26T22:42:00+00:00 [queued]>
[2023-08-26T22:43:04.648+0000] {taskinstance.py:1361} INFO - Starting attempt 1 of 1
[2023-08-26T22:43:04.675+0000] {taskinstance.py:1382} INFO - Executing <Task(PythonOperator): etl_user> on 2023-08-26 22:42:00+00:00
[2023-08-26T22:43:04.684+0000] {standard_task_runner.py:57} INFO - Started process 335709 to run task
[2023-08-26T22:43:04.699+0000] {standard_task_runner.py:84} INFO - Running: ['airflow', 'tasks', 'run', 'gaas_etl_1', 'etl_user', 'scheduled__2023-08-26T22:42:00+00:00', '--job-id', '3359', '--raw', '--subdir', 'DAGS_FOLDER/dag_etl.py', '--cfg-path', '/tmp/tmp23vumwmh']
[2023-08-26T22:43:04.705+0000] {standard_task_runner.py:85} INFO - Job 3359: Subtask etl_user
[2023-08-26T22:43:05.000+0000] {task_command.py:415} INFO - Running <TaskInstance: gaas_etl_1.etl_user scheduled__2023-08-26T22:42:00+00:00 [running]> on host data-system.us-central1-a.c.data-system-392010.internal
[2023-08-26T22:43:05.326+0000] {taskinstance.py:1660} INFO - Exporting env vars: AIRFLOW_CTX_DAG_EMAIL='hungnm15012002@gmail.com' AIRFLOW_CTX_DAG_OWNER='hungnm' AIRFLOW_CTX_DAG_ID='gaas_etl_1' AIRFLOW_CTX_TASK_ID='etl_user' AIRFLOW_CTX_EXECUTION_DATE='2023-08-26T22:42:00+00:00' AIRFLOW_CTX_TRY_NUMBER='1' AIRFLOW_CTX_DAG_RUN_ID='scheduled__2023-08-26T22:42:00+00:00'
[2023-08-26T22:43:05.345+0000] {dag_etl.py:28} INFO - Extracting user...
[2023-08-26T22:43:08.702+0000] {extract.py:36} INFO - Request time: 0:00:03.357180
[2023-08-26T22:43:09.061+0000] {extract.py:42} INFO - Create DataFrame time: 0:00:00.357648
[2023-08-26T22:43:09.064+0000] {dag_etl.py:31} INFO - Complete extract user: 0:00:03.718780
[2023-08-26T22:43:09.064+0000] {dag_etl.py:33} INFO - Extracting resource...
[2023-08-26T22:43:10.587+0000] {extract.py:36} INFO - Request time: 0:00:01.522748
[2023-08-26T22:43:10.708+0000] {extract.py:42} INFO - Create DataFrame time: 0:00:00.120515
[2023-08-26T22:43:10.714+0000] {dag_etl.py:36} INFO - Complete extract resource: 0:00:01.649940
[2023-08-26T22:43:10.718+0000] {dag_etl.py:38} INFO - Transforming user...
[2023-08-26T22:43:11.023+0000] {dag_etl.py:42} INFO - Complete transform user: 0:00:00.309874
[2023-08-26T22:43:11.024+0000] {dag_etl.py:44} INFO - transform space_ships...
[2023-08-26T22:43:11.285+0000] {dag_etl.py:47} INFO - Complete transform space_ships: 0:00:00.261924
[2023-08-26T22:43:11.286+0000] {dag_etl.py:49} INFO - transform drones...
[2023-08-26T22:43:11.373+0000] {dag_etl.py:52} INFO - Complete transform drones: 0:00:00.087397
[2023-08-26T22:43:11.373+0000] {dag_etl.py:54} INFO - transform pilots...
[2023-08-26T22:43:11.428+0000] {dag_etl.py:57} INFO - Complete transform pilots: 0:00:00.055715
[2023-08-26T22:43:11.429+0000] {dag_etl.py:59} INFO - transform talents...
[2023-08-26T22:43:11.486+0000] {dag_etl.py:62} INFO - Complete transform talents: 0:00:00.058019
[2023-08-26T22:43:11.487+0000] {dag_etl.py:64} INFO - transform expert_items...
[2023-08-26T22:43:11.538+0000] {dag_etl.py:67} INFO - Complete transform expert_items: 0:00:00.051942
[2023-08-26T22:43:11.539+0000] {dag_etl.py:69} INFO - Loading user...
[2023-08-26T22:43:12.341+0000] {dag_etl.py:72} INFO - Complete load user: 0:00:00.802515
[2023-08-26T22:43:12.341+0000] {dag_etl.py:74} INFO - Loading space_ships...
[2023-08-26T22:43:13.381+0000] {dag_etl.py:77} INFO - Complete load space_ships: 0:00:01.039707
[2023-08-26T22:43:13.381+0000] {dag_etl.py:79} INFO - Loading drones...
[2023-08-26T22:43:14.299+0000] {dag_etl.py:82} INFO - Complete load drones: 0:00:00.917948
[2023-08-26T22:43:14.299+0000] {dag_etl.py:84} INFO - Loading pilots...
[2023-08-26T22:43:16.114+0000] {dag_etl.py:87} INFO - Complete load drones: 0:00:01.815806
[2023-08-26T22:43:16.115+0000] {dag_etl.py:89} INFO - Loading talents...
[2023-08-26T22:43:16.829+0000] {dag_etl.py:92} INFO - Complete load drones: 0:00:00.714163
[2023-08-26T22:43:16.829+0000] {dag_etl.py:94} INFO - Loading expert_items...
[2023-08-26T22:43:17.528+0000] {dag_etl.py:97} INFO - Complete load drones: 0:00:00.699105
[2023-08-26T22:43:17.528+0000] {dag_etl.py:99} INFO - Complete ETL Users in : 0:00:12.183254
[2023-08-26T22:43:17.540+0000] {python.py:194} INFO - Done. Returned value was: None
[2023-08-26T22:43:17.560+0000] {taskinstance.py:1400} INFO - Marking task as SUCCESS. dag_id=gaas_etl_1, task_id=etl_user, execution_date=20230826T224200, start_date=20230826T224304, end_date=20230826T224317
[2023-08-26T22:43:17.639+0000] {local_task_job_runner.py:228} INFO - Task exited with return code 0
[2023-08-26T22:43:17.669+0000] {taskinstance.py:2784} INFO - 0 downstream tasks scheduled from follow-on schedule check
