[2023-08-27T19:51:07.418+0000] {taskinstance.py:1159} INFO - Dependencies all met for dep_context=non-requeueable deps ti=<TaskInstance: gaas_etl_1.etl_user scheduled__2023-08-27T19:50:00+00:00 [queued]>
[2023-08-27T19:51:07.447+0000] {taskinstance.py:1159} INFO - Dependencies all met for dep_context=requeueable deps ti=<TaskInstance: gaas_etl_1.etl_user scheduled__2023-08-27T19:50:00+00:00 [queued]>
[2023-08-27T19:51:07.447+0000] {taskinstance.py:1361} INFO - Starting attempt 1 of 1
[2023-08-27T19:51:07.477+0000] {taskinstance.py:1382} INFO - Executing <Task(PythonOperator): etl_user> on 2023-08-27 19:50:00+00:00
[2023-08-27T19:51:07.487+0000] {standard_task_runner.py:57} INFO - Started process 450849 to run task
[2023-08-27T19:51:07.502+0000] {standard_task_runner.py:84} INFO - Running: ['airflow', 'tasks', 'run', 'gaas_etl_1', 'etl_user', 'scheduled__2023-08-27T19:50:00+00:00', '--job-id', '7163', '--raw', '--subdir', 'DAGS_FOLDER/dag_etl.py', '--cfg-path', '/tmp/tmprno7_al_']
[2023-08-27T19:51:07.509+0000] {standard_task_runner.py:85} INFO - Job 7163: Subtask etl_user
[2023-08-27T19:51:08.016+0000] {task_command.py:415} INFO - Running <TaskInstance: gaas_etl_1.etl_user scheduled__2023-08-27T19:50:00+00:00 [running]> on host data-system.us-central1-a.c.data-system-392010.internal
[2023-08-27T19:51:09.106+0000] {taskinstance.py:1660} INFO - Exporting env vars: AIRFLOW_CTX_DAG_EMAIL='hungnm15012002@gmail.com' AIRFLOW_CTX_DAG_OWNER='hungnm' AIRFLOW_CTX_DAG_ID='gaas_etl_1' AIRFLOW_CTX_TASK_ID='etl_user' AIRFLOW_CTX_EXECUTION_DATE='2023-08-27T19:50:00+00:00' AIRFLOW_CTX_TRY_NUMBER='1' AIRFLOW_CTX_DAG_RUN_ID='scheduled__2023-08-27T19:50:00+00:00'
[2023-08-27T19:51:09.126+0000] {dag_etl.py:28} INFO - Extracting user...
[2023-08-27T19:51:19.696+0000] {extract.py:36} INFO - Request time: 0:00:10.569245
[2023-08-27T19:51:20.732+0000] {extract.py:42} INFO - Create DataFrame time: 0:00:01.035369
[2023-08-27T19:51:20.738+0000] {dag_etl.py:31} INFO - Complete extract user: 0:00:11.611912
[2023-08-27T19:51:20.739+0000] {dag_etl.py:33} INFO - Extracting resource...
[2023-08-27T19:51:24.970+0000] {extract.py:36} INFO - Request time: 0:00:04.231252
[2023-08-27T19:51:25.046+0000] {extract.py:42} INFO - Create DataFrame time: 0:00:00.075099
[2023-08-27T19:51:25.049+0000] {dag_etl.py:36} INFO - Complete extract resource: 0:00:04.311027
[2023-08-27T19:51:25.050+0000] {dag_etl.py:38} INFO - Transforming user...
[2023-08-27T19:51:25.343+0000] {dag_etl.py:42} INFO - Complete transform user: 0:00:00.294428
[2023-08-27T19:51:25.344+0000] {dag_etl.py:44} INFO - transform space_ships...
[2023-08-27T19:51:25.598+0000] {dag_etl.py:47} INFO - Complete transform space_ships: 0:00:00.254184
[2023-08-27T19:51:25.598+0000] {dag_etl.py:49} INFO - transform drones...
[2023-08-27T19:51:25.859+0000] {dag_etl.py:52} INFO - Complete transform drones: 0:00:00.261738
[2023-08-27T19:51:25.866+0000] {dag_etl.py:54} INFO - transform pilots...
[2023-08-27T19:51:26.062+0000] {dag_etl.py:57} INFO - Complete transform pilots: 0:00:00.202556
[2023-08-27T19:51:26.062+0000] {dag_etl.py:59} INFO - transform talents...
[2023-08-27T19:51:26.120+0000] {dag_etl.py:62} INFO - Complete transform talents: 0:00:00.058624
[2023-08-27T19:51:26.121+0000] {dag_etl.py:64} INFO - transform expert_items...
[2023-08-27T19:51:26.168+0000] {dag_etl.py:67} INFO - Complete transform expert_items: 0:00:00.047524
[2023-08-27T19:51:26.168+0000] {dag_etl.py:69} INFO - Loading user...
[2023-08-27T19:51:27.758+0000] {dag_etl.py:72} INFO - Complete load user: 0:00:01.590444
[2023-08-27T19:51:27.759+0000] {dag_etl.py:74} INFO - Loading space_ships...
[2023-08-27T19:51:30.244+0000] {dag_etl.py:77} INFO - Complete load space_ships: 0:00:02.485185
[2023-08-27T19:51:30.244+0000] {dag_etl.py:79} INFO - Loading drones...
[2023-08-27T19:51:32.264+0000] {dag_etl.py:82} INFO - Complete load drones: 0:00:02.020515
[2023-08-27T19:51:32.265+0000] {dag_etl.py:84} INFO - Loading pilots...
[2023-08-27T19:51:35.217+0000] {dag_etl.py:87} INFO - Complete load drones: 0:00:02.953163
[2023-08-27T19:51:35.218+0000] {dag_etl.py:89} INFO - Loading talents...
[2023-08-27T19:51:37.045+0000] {dag_etl.py:92} INFO - Complete load drones: 0:00:01.828041
[2023-08-27T19:51:37.046+0000] {dag_etl.py:94} INFO - Loading expert_items...
[2023-08-27T19:51:38.428+0000] {dag_etl.py:97} INFO - Complete load drones: 0:00:01.382537
[2023-08-27T19:51:38.428+0000] {dag_etl.py:99} INFO - Complete ETL Users in : 0:00:29.302513
[2023-08-27T19:51:38.493+0000] {python.py:194} INFO - Done. Returned value was: None
[2023-08-27T19:51:38.527+0000] {taskinstance.py:1400} INFO - Marking task as SUCCESS. dag_id=gaas_etl_1, task_id=etl_user, execution_date=20230827T195000, start_date=20230827T195107, end_date=20230827T195138
[2023-08-27T19:51:38.634+0000] {local_task_job_runner.py:228} INFO - Task exited with return code 0
[2023-08-27T19:51:38.668+0000] {taskinstance.py:2784} INFO - 0 downstream tasks scheduled from follow-on schedule check
