[2023-08-26T05:31:04.522+0000] {taskinstance.py:1159} INFO - Dependencies all met for dep_context=non-requeueable deps ti=<TaskInstance: gaas_etl_1.etl_user scheduled__2023-08-26T05:30:00+00:00 [queued]>
[2023-08-26T05:31:04.541+0000] {taskinstance.py:1159} INFO - Dependencies all met for dep_context=requeueable deps ti=<TaskInstance: gaas_etl_1.etl_user scheduled__2023-08-26T05:30:00+00:00 [queued]>
[2023-08-26T05:31:04.542+0000] {taskinstance.py:1361} INFO - Starting attempt 1 of 1
[2023-08-26T05:31:04.571+0000] {taskinstance.py:1382} INFO - Executing <Task(PythonOperator): etl_user> on 2023-08-26 05:30:00+00:00
[2023-08-26T05:31:04.587+0000] {standard_task_runner.py:57} INFO - Started process 281735 to run task
[2023-08-26T05:31:04.603+0000] {standard_task_runner.py:84} INFO - Running: ['airflow', 'tasks', 'run', 'gaas_etl_1', 'etl_user', 'scheduled__2023-08-26T05:30:00+00:00', '--job-id', '262', '--raw', '--subdir', 'DAGS_FOLDER/dag_etl.py', '--cfg-path', '/tmp/tmpz1wr4mnk']
[2023-08-26T05:31:04.623+0000] {standard_task_runner.py:85} INFO - Job 262: Subtask etl_user
[2023-08-26T05:31:04.774+0000] {task_command.py:415} INFO - Running <TaskInstance: gaas_etl_1.etl_user scheduled__2023-08-26T05:30:00+00:00 [running]> on host data-system.us-central1-a.c.data-system-392010.internal
[2023-08-26T05:31:04.970+0000] {taskinstance.py:1660} INFO - Exporting env vars: AIRFLOW_CTX_DAG_EMAIL='hungnm15012002@gmail.com' AIRFLOW_CTX_DAG_OWNER='hungnm' AIRFLOW_CTX_DAG_ID='gaas_etl_1' AIRFLOW_CTX_TASK_ID='etl_user' AIRFLOW_CTX_EXECUTION_DATE='2023-08-26T05:30:00+00:00' AIRFLOW_CTX_TRY_NUMBER='1' AIRFLOW_CTX_DAG_RUN_ID='scheduled__2023-08-26T05:30:00+00:00'
[2023-08-26T05:31:04.996+0000] {dag_etl.py:28} INFO - Extracting user...
[2023-08-26T05:31:06.201+0000] {extract.py:36} INFO - Request time: 0:00:01.204850
[2023-08-26T05:31:06.226+0000] {extract.py:42} INFO - Create DataFrame time: 0:00:00.024372
[2023-08-26T05:31:06.229+0000] {dag_etl.py:31} INFO - Complete extract user: 0:00:01.232658
[2023-08-26T05:31:06.229+0000] {dag_etl.py:33} INFO - Extracting resource...
[2023-08-26T05:31:06.965+0000] {extract.py:36} INFO - Request time: 0:00:00.735744
[2023-08-26T05:31:06.973+0000] {extract.py:42} INFO - Create DataFrame time: 0:00:00.007205
[2023-08-26T05:31:06.975+0000] {dag_etl.py:36} INFO - Complete extract resource: 0:00:00.745910
[2023-08-26T05:31:06.975+0000] {dag_etl.py:38} INFO - Transforming user...
[2023-08-26T05:31:07.009+0000] {dag_etl.py:42} INFO - Complete transform user: 0:00:00.034496
[2023-08-26T05:31:07.009+0000] {dag_etl.py:44} INFO - transform space_ships...
[2023-08-26T05:31:07.027+0000] {dag_etl.py:47} INFO - Complete transform space_ships: 0:00:00.017813
[2023-08-26T05:31:07.027+0000] {dag_etl.py:49} INFO - transform drones...
[2023-08-26T05:31:07.039+0000] {dag_etl.py:52} INFO - Complete transform drones: 0:00:00.012531
[2023-08-26T05:31:07.040+0000] {dag_etl.py:54} INFO - transform pilots...
[2023-08-26T05:31:07.049+0000] {dag_etl.py:57} INFO - Complete transform pilots: 0:00:00.009269
[2023-08-26T05:31:07.049+0000] {dag_etl.py:59} INFO - transform talents...
[2023-08-26T05:31:07.055+0000] {dag_etl.py:62} INFO - Complete transform talents: 0:00:00.006491
[2023-08-26T05:31:07.055+0000] {dag_etl.py:64} INFO - transform expert_items...
[2023-08-26T05:31:07.061+0000] {dag_etl.py:67} INFO - Complete transform expert_items: 0:00:00.006262
[2023-08-26T05:31:07.062+0000] {dag_etl.py:69} INFO - Loading user...
[2023-08-26T05:31:07.077+0000] {dag_etl.py:72} INFO - Complete load user: 0:00:00.015398
[2023-08-26T05:31:07.077+0000] {dag_etl.py:74} INFO - Loading space_ships...
[2023-08-26T05:31:07.096+0000] {dag_etl.py:77} INFO - Complete load space_ships: 0:00:00.019664
[2023-08-26T05:31:07.097+0000] {dag_etl.py:79} INFO - Loading drones...
[2023-08-26T05:31:07.109+0000] {dag_etl.py:82} INFO - Complete load drones: 0:00:00.013050
[2023-08-26T05:31:07.110+0000] {dag_etl.py:84} INFO - Loading pilots...
[2023-08-26T05:31:07.138+0000] {dag_etl.py:87} INFO - Complete load drones: 0:00:00.028401
[2023-08-26T05:31:07.138+0000] {dag_etl.py:89} INFO - Loading talents...
[2023-08-26T05:31:07.150+0000] {dag_etl.py:92} INFO - Complete load drones: 0:00:00.012210
[2023-08-26T05:31:07.150+0000] {dag_etl.py:94} INFO - Loading expert_items...
[2023-08-26T05:31:07.154+0000] {dag_etl.py:97} INFO - Complete load drones: 0:00:00.003751
[2023-08-26T05:31:07.154+0000] {dag_etl.py:99} INFO - Complete ETL Users in : 0:00:02.158278
[2023-08-26T05:31:07.155+0000] {python.py:194} INFO - Done. Returned value was: None
[2023-08-26T05:31:07.168+0000] {taskinstance.py:1400} INFO - Marking task as SUCCESS. dag_id=gaas_etl_1, task_id=etl_user, execution_date=20230826T053000, start_date=20230826T053104, end_date=20230826T053107
[2023-08-26T05:31:07.226+0000] {local_task_job_runner.py:228} INFO - Task exited with return code 0
[2023-08-26T05:31:07.253+0000] {taskinstance.py:2784} INFO - 0 downstream tasks scheduled from follow-on schedule check
