[2023-08-26T14:27:03.920+0000] {taskinstance.py:1159} INFO - Dependencies all met for dep_context=non-requeueable deps ti=<TaskInstance: gaas_etl_1.etl_user scheduled__2023-08-26T14:26:00+00:00 [queued]>
[2023-08-26T14:27:03.941+0000] {taskinstance.py:1159} INFO - Dependencies all met for dep_context=requeueable deps ti=<TaskInstance: gaas_etl_1.etl_user scheduled__2023-08-26T14:26:00+00:00 [queued]>
[2023-08-26T14:27:03.942+0000] {taskinstance.py:1361} INFO - Starting attempt 1 of 1
[2023-08-26T14:27:03.972+0000] {taskinstance.py:1382} INFO - Executing <Task(PythonOperator): etl_user> on 2023-08-26 14:26:00+00:00
[2023-08-26T14:27:03.982+0000] {standard_task_runner.py:57} INFO - Started process 316153 to run task
[2023-08-26T14:27:03.997+0000] {standard_task_runner.py:84} INFO - Running: ['airflow', 'tasks', 'run', 'gaas_etl_1', 'etl_user', 'scheduled__2023-08-26T14:26:00+00:00', '--job-id', '1871', '--raw', '--subdir', 'DAGS_FOLDER/dag_etl.py', '--cfg-path', '/tmp/tmp629lse_j']
[2023-08-26T14:27:04.002+0000] {standard_task_runner.py:85} INFO - Job 1871: Subtask etl_user
[2023-08-26T14:27:04.226+0000] {task_command.py:415} INFO - Running <TaskInstance: gaas_etl_1.etl_user scheduled__2023-08-26T14:26:00+00:00 [running]> on host data-system.us-central1-a.c.data-system-392010.internal
[2023-08-26T14:27:04.512+0000] {taskinstance.py:1660} INFO - Exporting env vars: AIRFLOW_CTX_DAG_EMAIL='hungnm15012002@gmail.com' AIRFLOW_CTX_DAG_OWNER='hungnm' AIRFLOW_CTX_DAG_ID='gaas_etl_1' AIRFLOW_CTX_TASK_ID='etl_user' AIRFLOW_CTX_EXECUTION_DATE='2023-08-26T14:26:00+00:00' AIRFLOW_CTX_TRY_NUMBER='1' AIRFLOW_CTX_DAG_RUN_ID='scheduled__2023-08-26T14:26:00+00:00'
[2023-08-26T14:27:04.534+0000] {dag_etl.py:28} INFO - Extracting user...
[2023-08-26T14:27:10.910+0000] {extract.py:36} INFO - Request time: 0:00:06.375557
[2023-08-26T14:27:11.783+0000] {extract.py:42} INFO - Create DataFrame time: 0:00:00.873026
[2023-08-26T14:27:11.791+0000] {dag_etl.py:31} INFO - Complete extract user: 0:00:07.257433
[2023-08-26T14:27:11.792+0000] {dag_etl.py:33} INFO - Extracting resource...
[2023-08-26T14:27:13.707+0000] {extract.py:36} INFO - Request time: 0:00:01.914378
[2023-08-26T14:27:13.801+0000] {extract.py:42} INFO - Create DataFrame time: 0:00:00.093843
[2023-08-26T14:27:13.805+0000] {dag_etl.py:36} INFO - Complete extract resource: 0:00:02.013876
[2023-08-26T14:27:13.807+0000] {dag_etl.py:38} INFO - Transforming user...
[2023-08-26T14:27:14.210+0000] {dag_etl.py:42} INFO - Complete transform user: 0:00:00.404930
[2023-08-26T14:27:14.211+0000] {dag_etl.py:44} INFO - transform space_ships...
[2023-08-26T14:27:14.567+0000] {dag_etl.py:47} INFO - Complete transform space_ships: 0:00:00.357424
[2023-08-26T14:27:14.568+0000] {dag_etl.py:49} INFO - transform drones...
[2023-08-26T14:27:14.749+0000] {dag_etl.py:52} INFO - Complete transform drones: 0:00:00.182111
[2023-08-26T14:27:14.750+0000] {dag_etl.py:54} INFO - transform pilots...
[2023-08-26T14:27:14.883+0000] {dag_etl.py:57} INFO - Complete transform pilots: 0:00:00.133720
[2023-08-26T14:27:14.884+0000] {dag_etl.py:59} INFO - transform talents...
[2023-08-26T14:27:14.941+0000] {dag_etl.py:62} INFO - Complete transform talents: 0:00:00.057781
[2023-08-26T14:27:14.941+0000] {dag_etl.py:64} INFO - transform expert_items...
[2023-08-26T14:27:14.993+0000] {dag_etl.py:67} INFO - Complete transform expert_items: 0:00:00.052235
[2023-08-26T14:27:14.994+0000] {dag_etl.py:69} INFO - Loading user...
[2023-08-26T14:27:16.998+0000] {dag_etl.py:72} INFO - Complete load user: 0:00:02.005034
[2023-08-26T14:27:16.999+0000] {dag_etl.py:74} INFO - Loading space_ships...
[2023-08-26T14:27:20.244+0000] {dag_etl.py:77} INFO - Complete load space_ships: 0:00:03.246260
[2023-08-26T14:27:20.245+0000] {dag_etl.py:79} INFO - Loading drones...
[2023-08-26T14:27:23.059+0000] {dag_etl.py:82} INFO - Complete load drones: 0:00:02.814444
[2023-08-26T14:27:23.059+0000] {dag_etl.py:84} INFO - Loading pilots...
[2023-08-26T14:27:27.893+0000] {dag_etl.py:87} INFO - Complete load drones: 0:00:04.834247
[2023-08-26T14:27:27.894+0000] {dag_etl.py:89} INFO - Loading talents...
[2023-08-26T14:27:30.316+0000] {dag_etl.py:92} INFO - Complete load drones: 0:00:02.422811
[2023-08-26T14:27:30.316+0000] {dag_etl.py:94} INFO - Loading expert_items...
[2023-08-26T14:27:31.963+0000] {dag_etl.py:97} INFO - Complete load drones: 0:00:01.647045
[2023-08-26T14:27:31.964+0000] {dag_etl.py:99} INFO - Complete ETL Users in : 0:00:27.429952
[2023-08-26T14:27:32.053+0000] {python.py:194} INFO - Done. Returned value was: None
[2023-08-26T14:27:32.074+0000] {taskinstance.py:1400} INFO - Marking task as SUCCESS. dag_id=gaas_etl_1, task_id=etl_user, execution_date=20230826T142600, start_date=20230826T142703, end_date=20230826T142732
[2023-08-26T14:27:32.126+0000] {local_task_job_runner.py:228} INFO - Task exited with return code 0
[2023-08-26T14:27:32.154+0000] {taskinstance.py:2784} INFO - 0 downstream tasks scheduled from follow-on schedule check
