[2023-08-27T02:32:04.974+0000] {taskinstance.py:1159} INFO - Dependencies all met for dep_context=non-requeueable deps ti=<TaskInstance: gaas_etl_1.etl_user scheduled__2023-08-27T02:31:00+00:00 [queued]>
[2023-08-27T02:32:04.996+0000] {taskinstance.py:1159} INFO - Dependencies all met for dep_context=requeueable deps ti=<TaskInstance: gaas_etl_1.etl_user scheduled__2023-08-27T02:31:00+00:00 [queued]>
[2023-08-27T02:32:04.997+0000] {taskinstance.py:1361} INFO - Starting attempt 1 of 1
[2023-08-27T02:32:05.029+0000] {taskinstance.py:1382} INFO - Executing <Task(PythonOperator): etl_user> on 2023-08-27 02:31:00+00:00
[2023-08-27T02:32:05.039+0000] {standard_task_runner.py:57} INFO - Started process 344918 to run task
[2023-08-27T02:32:05.056+0000] {standard_task_runner.py:84} INFO - Running: ['airflow', 'tasks', 'run', 'gaas_etl_1', 'etl_user', 'scheduled__2023-08-27T02:31:00+00:00', '--job-id', '4046', '--raw', '--subdir', 'DAGS_FOLDER/dag_etl.py', '--cfg-path', '/tmp/tmp02nip2a9']
[2023-08-27T02:32:05.069+0000] {standard_task_runner.py:85} INFO - Job 4046: Subtask etl_user
[2023-08-27T02:32:05.398+0000] {task_command.py:415} INFO - Running <TaskInstance: gaas_etl_1.etl_user scheduled__2023-08-27T02:31:00+00:00 [running]> on host data-system.us-central1-a.c.data-system-392010.internal
[2023-08-27T02:32:06.075+0000] {taskinstance.py:1660} INFO - Exporting env vars: AIRFLOW_CTX_DAG_EMAIL='hungnm15012002@gmail.com' AIRFLOW_CTX_DAG_OWNER='hungnm' AIRFLOW_CTX_DAG_ID='gaas_etl_1' AIRFLOW_CTX_TASK_ID='etl_user' AIRFLOW_CTX_EXECUTION_DATE='2023-08-27T02:31:00+00:00' AIRFLOW_CTX_TRY_NUMBER='1' AIRFLOW_CTX_DAG_RUN_ID='scheduled__2023-08-27T02:31:00+00:00'
[2023-08-27T02:32:06.093+0000] {dag_etl.py:28} INFO - Extracting user...
[2023-08-27T02:32:09.575+0000] {extract.py:36} INFO - Request time: 0:00:03.480948
[2023-08-27T02:32:09.753+0000] {extract.py:42} INFO - Create DataFrame time: 0:00:00.177896
[2023-08-27T02:32:09.756+0000] {dag_etl.py:31} INFO - Complete extract user: 0:00:03.662860
[2023-08-27T02:32:09.757+0000] {dag_etl.py:33} INFO - Extracting resource...
[2023-08-27T02:32:11.258+0000] {extract.py:36} INFO - Request time: 0:00:01.500835
[2023-08-27T02:32:11.301+0000] {extract.py:42} INFO - Create DataFrame time: 0:00:00.042894
[2023-08-27T02:32:11.304+0000] {dag_etl.py:36} INFO - Complete extract resource: 0:00:01.547616
[2023-08-27T02:32:11.305+0000] {dag_etl.py:38} INFO - Transforming user...
[2023-08-27T02:32:11.465+0000] {dag_etl.py:42} INFO - Complete transform user: 0:00:00.161338
[2023-08-27T02:32:11.466+0000] {dag_etl.py:44} INFO - transform space_ships...
[2023-08-27T02:32:11.575+0000] {dag_etl.py:47} INFO - Complete transform space_ships: 0:00:00.110387
[2023-08-27T02:32:11.576+0000] {dag_etl.py:49} INFO - transform drones...
[2023-08-27T02:32:11.657+0000] {dag_etl.py:52} INFO - Complete transform drones: 0:00:00.081916
[2023-08-27T02:32:11.658+0000] {dag_etl.py:54} INFO - transform pilots...
[2023-08-27T02:32:11.713+0000] {dag_etl.py:57} INFO - Complete transform pilots: 0:00:00.055253
[2023-08-27T02:32:11.713+0000] {dag_etl.py:59} INFO - transform talents...
[2023-08-27T02:32:11.741+0000] {dag_etl.py:62} INFO - Complete transform talents: 0:00:00.028505
[2023-08-27T02:32:11.742+0000] {dag_etl.py:64} INFO - transform expert_items...
[2023-08-27T02:32:11.770+0000] {dag_etl.py:67} INFO - Complete transform expert_items: 0:00:00.029111
[2023-08-27T02:32:11.771+0000] {dag_etl.py:69} INFO - Loading user...
[2023-08-27T02:32:12.585+0000] {dag_etl.py:72} INFO - Complete load user: 0:00:00.814764
[2023-08-27T02:32:12.585+0000] {dag_etl.py:74} INFO - Loading space_ships...
[2023-08-27T02:32:13.670+0000] {dag_etl.py:77} INFO - Complete load space_ships: 0:00:01.085430
[2023-08-27T02:32:13.671+0000] {dag_etl.py:79} INFO - Loading drones...
[2023-08-27T02:32:14.564+0000] {dag_etl.py:82} INFO - Complete load drones: 0:00:00.893485
[2023-08-27T02:32:14.565+0000] {dag_etl.py:84} INFO - Loading pilots...
[2023-08-27T02:32:16.537+0000] {dag_etl.py:87} INFO - Complete load drones: 0:00:01.972770
[2023-08-27T02:32:16.537+0000] {dag_etl.py:89} INFO - Loading talents...
[2023-08-27T02:32:17.638+0000] {dag_etl.py:92} INFO - Complete load drones: 0:00:01.101335
[2023-08-27T02:32:17.639+0000] {dag_etl.py:94} INFO - Loading expert_items...
[2023-08-27T02:32:18.323+0000] {dag_etl.py:97} INFO - Complete load drones: 0:00:00.684811
[2023-08-27T02:32:18.323+0000] {dag_etl.py:99} INFO - Complete ETL Users in : 0:00:12.230030
[2023-08-27T02:32:18.339+0000] {python.py:194} INFO - Done. Returned value was: None
[2023-08-27T02:32:18.359+0000] {taskinstance.py:1400} INFO - Marking task as SUCCESS. dag_id=gaas_etl_1, task_id=etl_user, execution_date=20230827T023100, start_date=20230827T023204, end_date=20230827T023218
[2023-08-27T02:32:18.411+0000] {local_task_job_runner.py:228} INFO - Task exited with return code 0
[2023-08-27T02:32:18.440+0000] {taskinstance.py:2784} INFO - 0 downstream tasks scheduled from follow-on schedule check
