[2023-08-26T05:26:02.939+0000] {taskinstance.py:1159} INFO - Dependencies all met for dep_context=non-requeueable deps ti=<TaskInstance: gaas_etl_1.etl_user scheduled__2023-08-26T05:25:00+00:00 [queued]>
[2023-08-26T05:26:02.955+0000] {taskinstance.py:1159} INFO - Dependencies all met for dep_context=requeueable deps ti=<TaskInstance: gaas_etl_1.etl_user scheduled__2023-08-26T05:25:00+00:00 [queued]>
[2023-08-26T05:26:02.956+0000] {taskinstance.py:1361} INFO - Starting attempt 1 of 1
[2023-08-26T05:26:02.997+0000] {taskinstance.py:1382} INFO - Executing <Task(PythonOperator): etl_user> on 2023-08-26 05:25:00+00:00
[2023-08-26T05:26:03.006+0000] {standard_task_runner.py:57} INFO - Started process 281490 to run task
[2023-08-26T05:26:03.021+0000] {standard_task_runner.py:84} INFO - Running: ['airflow', 'tasks', 'run', 'gaas_etl_1', 'etl_user', 'scheduled__2023-08-26T05:25:00+00:00', '--job-id', '248', '--raw', '--subdir', 'DAGS_FOLDER/dag_etl.py', '--cfg-path', '/tmp/tmps_xt3vob']
[2023-08-26T05:26:03.026+0000] {standard_task_runner.py:85} INFO - Job 248: Subtask etl_user
[2023-08-26T05:26:03.141+0000] {task_command.py:415} INFO - Running <TaskInstance: gaas_etl_1.etl_user scheduled__2023-08-26T05:25:00+00:00 [running]> on host data-system.us-central1-a.c.data-system-392010.internal
[2023-08-26T05:26:03.324+0000] {taskinstance.py:1660} INFO - Exporting env vars: AIRFLOW_CTX_DAG_EMAIL='hungnm15012002@gmail.com' AIRFLOW_CTX_DAG_OWNER='hungnm' AIRFLOW_CTX_DAG_ID='gaas_etl_1' AIRFLOW_CTX_TASK_ID='etl_user' AIRFLOW_CTX_EXECUTION_DATE='2023-08-26T05:25:00+00:00' AIRFLOW_CTX_TRY_NUMBER='1' AIRFLOW_CTX_DAG_RUN_ID='scheduled__2023-08-26T05:25:00+00:00'
[2023-08-26T05:26:03.362+0000] {dag_etl.py:28} INFO - Extracting user...
[2023-08-26T05:26:11.329+0000] {extract.py:36} INFO - Request time: 0:00:07.966244
[2023-08-26T05:26:11.355+0000] {extract.py:42} INFO - Create DataFrame time: 0:00:00.025072
[2023-08-26T05:26:11.357+0000] {dag_etl.py:31} INFO - Complete extract user: 0:00:07.994581
[2023-08-26T05:26:11.357+0000] {dag_etl.py:33} INFO - Extracting resource...
[2023-08-26T05:26:21.131+0000] {extract.py:36} INFO - Request time: 0:00:09.773596
[2023-08-26T05:26:21.142+0000] {extract.py:42} INFO - Create DataFrame time: 0:00:00.010942
[2023-08-26T05:26:21.145+0000] {dag_etl.py:36} INFO - Complete extract resource: 0:00:09.788007
[2023-08-26T05:26:21.146+0000] {dag_etl.py:38} INFO - Transforming user...
[2023-08-26T05:26:21.195+0000] {dag_etl.py:42} INFO - Complete transform user: 0:00:00.050190
[2023-08-26T05:26:21.196+0000] {dag_etl.py:44} INFO - transform space_ships...
[2023-08-26T05:26:21.223+0000] {dag_etl.py:47} INFO - Complete transform space_ships: 0:00:00.027943
[2023-08-26T05:26:21.223+0000] {dag_etl.py:49} INFO - transform drones...
[2023-08-26T05:26:21.245+0000] {dag_etl.py:52} INFO - Complete transform drones: 0:00:00.022446
[2023-08-26T05:26:21.246+0000] {dag_etl.py:54} INFO - transform pilots...
[2023-08-26T05:26:21.260+0000] {dag_etl.py:57} INFO - Complete transform pilots: 0:00:00.014226
[2023-08-26T05:26:21.260+0000] {dag_etl.py:59} INFO - transform talents...
[2023-08-26T05:26:21.270+0000] {dag_etl.py:62} INFO - Complete transform talents: 0:00:00.010807
[2023-08-26T05:26:21.271+0000] {dag_etl.py:64} INFO - transform expert_items...
[2023-08-26T05:26:21.281+0000] {dag_etl.py:67} INFO - Complete transform expert_items: 0:00:00.010117
[2023-08-26T05:26:21.281+0000] {dag_etl.py:69} INFO - Loading user...
[2023-08-26T05:26:21.306+0000] {dag_etl.py:72} INFO - Complete load user: 0:00:00.024963
[2023-08-26T05:26:21.306+0000] {dag_etl.py:74} INFO - Loading space_ships...
[2023-08-26T05:26:21.339+0000] {dag_etl.py:77} INFO - Complete load space_ships: 0:00:00.033631
[2023-08-26T05:26:21.340+0000] {dag_etl.py:79} INFO - Loading drones...
[2023-08-26T05:26:21.363+0000] {dag_etl.py:82} INFO - Complete load drones: 0:00:00.023791
[2023-08-26T05:26:21.363+0000] {dag_etl.py:84} INFO - Loading pilots...
[2023-08-26T05:26:21.411+0000] {dag_etl.py:87} INFO - Complete load drones: 0:00:00.048506
[2023-08-26T05:26:21.412+0000] {dag_etl.py:89} INFO - Loading talents...
[2023-08-26T05:26:21.434+0000] {dag_etl.py:92} INFO - Complete load drones: 0:00:00.022002
[2023-08-26T05:26:21.434+0000] {dag_etl.py:94} INFO - Loading expert_items...
[2023-08-26T05:26:21.440+0000] {dag_etl.py:97} INFO - Complete load drones: 0:00:00.006436
[2023-08-26T05:26:21.440+0000] {dag_etl.py:99} INFO - Complete ETL Users in : 0:00:18.078085
[2023-08-26T05:26:21.442+0000] {python.py:194} INFO - Done. Returned value was: None
[2023-08-26T05:26:21.461+0000] {taskinstance.py:1400} INFO - Marking task as SUCCESS. dag_id=gaas_etl_1, task_id=etl_user, execution_date=20230826T052500, start_date=20230826T052602, end_date=20230826T052621
[2023-08-26T05:26:21.536+0000] {local_task_job_runner.py:228} INFO - Task exited with return code 0
[2023-08-26T05:26:21.565+0000] {taskinstance.py:2784} INFO - 0 downstream tasks scheduled from follow-on schedule check
