[2023-08-26T08:39:04.024+0000] {taskinstance.py:1159} INFO - Dependencies all met for dep_context=non-requeueable deps ti=<TaskInstance: gaas_etl_1.etl_user scheduled__2023-08-26T08:38:00+00:00 [queued]>
[2023-08-26T08:39:04.047+0000] {taskinstance.py:1159} INFO - Dependencies all met for dep_context=requeueable deps ti=<TaskInstance: gaas_etl_1.etl_user scheduled__2023-08-26T08:38:00+00:00 [queued]>
[2023-08-26T08:39:04.048+0000] {taskinstance.py:1361} INFO - Starting attempt 1 of 1
[2023-08-26T08:39:04.075+0000] {taskinstance.py:1382} INFO - Executing <Task(PythonOperator): etl_user> on 2023-08-26 08:38:00+00:00
[2023-08-26T08:39:04.083+0000] {standard_task_runner.py:57} INFO - Started process 290772 to run task
[2023-08-26T08:39:04.099+0000] {standard_task_runner.py:84} INFO - Running: ['airflow', 'tasks', 'run', 'gaas_etl_1', 'etl_user', 'scheduled__2023-08-26T08:38:00+00:00', '--job-id', '827', '--raw', '--subdir', 'DAGS_FOLDER/dag_etl.py', '--cfg-path', '/tmp/tmp09pko4a3']
[2023-08-26T08:39:04.105+0000] {standard_task_runner.py:85} INFO - Job 827: Subtask etl_user
[2023-08-26T08:39:04.252+0000] {task_command.py:415} INFO - Running <TaskInstance: gaas_etl_1.etl_user scheduled__2023-08-26T08:38:00+00:00 [running]> on host data-system.us-central1-a.c.data-system-392010.internal
[2023-08-26T08:39:04.446+0000] {taskinstance.py:1660} INFO - Exporting env vars: AIRFLOW_CTX_DAG_EMAIL='hungnm15012002@gmail.com' AIRFLOW_CTX_DAG_OWNER='hungnm' AIRFLOW_CTX_DAG_ID='gaas_etl_1' AIRFLOW_CTX_TASK_ID='etl_user' AIRFLOW_CTX_EXECUTION_DATE='2023-08-26T08:38:00+00:00' AIRFLOW_CTX_TRY_NUMBER='1' AIRFLOW_CTX_DAG_RUN_ID='scheduled__2023-08-26T08:38:00+00:00'
[2023-08-26T08:39:04.469+0000] {dag_etl.py:28} INFO - Extracting user...
[2023-08-26T08:39:07.853+0000] {extract.py:36} INFO - Request time: 0:00:03.383051
[2023-08-26T08:39:07.893+0000] {extract.py:42} INFO - Create DataFrame time: 0:00:00.039116
[2023-08-26T08:39:07.896+0000] {dag_etl.py:31} INFO - Complete extract user: 0:00:03.426558
[2023-08-26T08:39:07.896+0000] {dag_etl.py:33} INFO - Extracting resource...
[2023-08-26T08:39:18.045+0000] {extract.py:36} INFO - Request time: 0:00:10.148406
[2023-08-26T08:39:18.065+0000] {extract.py:42} INFO - Create DataFrame time: 0:00:00.019022
[2023-08-26T08:39:18.072+0000] {dag_etl.py:36} INFO - Complete extract resource: 0:00:10.175836
[2023-08-26T08:39:18.073+0000] {dag_etl.py:38} INFO - Transforming user...
[2023-08-26T08:39:18.235+0000] {dag_etl.py:42} INFO - Complete transform user: 0:00:00.162754
[2023-08-26T08:39:18.235+0000] {dag_etl.py:44} INFO - transform space_ships...
[2023-08-26T08:39:18.288+0000] {dag_etl.py:47} INFO - Complete transform space_ships: 0:00:00.053825
[2023-08-26T08:39:18.289+0000] {dag_etl.py:49} INFO - transform drones...
[2023-08-26T08:39:18.312+0000] {dag_etl.py:52} INFO - Complete transform drones: 0:00:00.023860
[2023-08-26T08:39:18.313+0000] {dag_etl.py:54} INFO - transform pilots...
[2023-08-26T08:39:18.330+0000] {dag_etl.py:57} INFO - Complete transform pilots: 0:00:00.018062
[2023-08-26T08:39:18.331+0000] {dag_etl.py:59} INFO - transform talents...
[2023-08-26T08:39:18.342+0000] {dag_etl.py:62} INFO - Complete transform talents: 0:00:00.011253
[2023-08-26T08:39:18.342+0000] {dag_etl.py:64} INFO - transform expert_items...
[2023-08-26T08:39:18.353+0000] {dag_etl.py:67} INFO - Complete transform expert_items: 0:00:00.011149
[2023-08-26T08:39:18.353+0000] {dag_etl.py:69} INFO - Loading user...
[2023-08-26T08:39:18.377+0000] {dag_etl.py:72} INFO - Complete load user: 0:00:00.024728
[2023-08-26T08:39:18.378+0000] {dag_etl.py:74} INFO - Loading space_ships...
[2023-08-26T08:39:18.411+0000] {dag_etl.py:77} INFO - Complete load space_ships: 0:00:00.034071
[2023-08-26T08:39:18.412+0000] {dag_etl.py:79} INFO - Loading drones...
[2023-08-26T08:39:18.433+0000] {dag_etl.py:82} INFO - Complete load drones: 0:00:00.021569
[2023-08-26T08:39:18.434+0000] {dag_etl.py:84} INFO - Loading pilots...
[2023-08-26T08:39:18.476+0000] {dag_etl.py:87} INFO - Complete load drones: 0:00:00.043380
[2023-08-26T08:39:18.477+0000] {dag_etl.py:89} INFO - Loading talents...
[2023-08-26T08:39:18.496+0000] {dag_etl.py:92} INFO - Complete load drones: 0:00:00.019924
[2023-08-26T08:39:18.497+0000] {dag_etl.py:94} INFO - Loading expert_items...
[2023-08-26T08:39:18.502+0000] {dag_etl.py:97} INFO - Complete load drones: 0:00:00.005433
[2023-08-26T08:39:18.502+0000] {dag_etl.py:99} INFO - Complete ETL Users in : 0:00:14.032848
[2023-08-26T08:39:18.504+0000] {python.py:194} INFO - Done. Returned value was: None
[2023-08-26T08:39:18.522+0000] {taskinstance.py:1400} INFO - Marking task as SUCCESS. dag_id=gaas_etl_1, task_id=etl_user, execution_date=20230826T083800, start_date=20230826T083904, end_date=20230826T083918
[2023-08-26T08:39:18.584+0000] {local_task_job_runner.py:228} INFO - Task exited with return code 0
[2023-08-26T08:39:18.626+0000] {taskinstance.py:2784} INFO - 0 downstream tasks scheduled from follow-on schedule check
