[2023-08-27T08:24:06.444+0000] {taskinstance.py:1159} INFO - Dependencies all met for dep_context=non-requeueable deps ti=<TaskInstance: gaas_etl_1.etl_user scheduled__2023-08-27T08:23:00+00:00 [queued]>
[2023-08-27T08:24:06.460+0000] {taskinstance.py:1159} INFO - Dependencies all met for dep_context=requeueable deps ti=<TaskInstance: gaas_etl_1.etl_user scheduled__2023-08-27T08:23:00+00:00 [queued]>
[2023-08-27T08:24:06.460+0000] {taskinstance.py:1361} INFO - Starting attempt 1 of 1
[2023-08-27T08:24:06.488+0000] {taskinstance.py:1382} INFO - Executing <Task(PythonOperator): etl_user> on 2023-08-27 08:23:00+00:00
[2023-08-27T08:24:06.497+0000] {standard_task_runner.py:57} INFO - Started process 377815 to run task
[2023-08-27T08:24:06.515+0000] {standard_task_runner.py:84} INFO - Running: ['airflow', 'tasks', 'run', 'gaas_etl_1', 'etl_user', 'scheduled__2023-08-27T08:23:00+00:00', '--job-id', '5102', '--raw', '--subdir', 'DAGS_FOLDER/dag_etl.py', '--cfg-path', '/tmp/tmpyyojm9k_']
[2023-08-27T08:24:06.524+0000] {standard_task_runner.py:85} INFO - Job 5102: Subtask etl_user
[2023-08-27T08:24:07.317+0000] {task_command.py:415} INFO - Running <TaskInstance: gaas_etl_1.etl_user scheduled__2023-08-27T08:23:00+00:00 [running]> on host data-system.us-central1-a.c.data-system-392010.internal
[2023-08-27T08:24:07.753+0000] {taskinstance.py:1660} INFO - Exporting env vars: AIRFLOW_CTX_DAG_EMAIL='hungnm15012002@gmail.com' AIRFLOW_CTX_DAG_OWNER='hungnm' AIRFLOW_CTX_DAG_ID='gaas_etl_1' AIRFLOW_CTX_TASK_ID='etl_user' AIRFLOW_CTX_EXECUTION_DATE='2023-08-27T08:23:00+00:00' AIRFLOW_CTX_TRY_NUMBER='1' AIRFLOW_CTX_DAG_RUN_ID='scheduled__2023-08-27T08:23:00+00:00'
[2023-08-27T08:24:07.775+0000] {dag_etl.py:28} INFO - Extracting user...
[2023-08-27T08:24:13.252+0000] {extract.py:36} INFO - Request time: 0:00:05.475563
[2023-08-27T08:24:13.516+0000] {extract.py:42} INFO - Create DataFrame time: 0:00:00.263586
[2023-08-27T08:24:13.521+0000] {dag_etl.py:31} INFO - Complete extract user: 0:00:05.745635
[2023-08-27T08:24:13.522+0000] {dag_etl.py:33} INFO - Extracting resource...
[2023-08-27T08:24:15.961+0000] {extract.py:36} INFO - Request time: 0:00:02.438980
[2023-08-27T08:24:16.093+0000] {extract.py:42} INFO - Create DataFrame time: 0:00:00.131337
[2023-08-27T08:24:16.098+0000] {dag_etl.py:36} INFO - Complete extract resource: 0:00:02.576889
[2023-08-27T08:24:16.101+0000] {dag_etl.py:38} INFO - Transforming user...
[2023-08-27T08:24:16.352+0000] {dag_etl.py:42} INFO - Complete transform user: 0:00:00.254158
[2023-08-27T08:24:16.353+0000] {dag_etl.py:44} INFO - transform space_ships...
[2023-08-27T08:24:16.531+0000] {dag_etl.py:47} INFO - Complete transform space_ships: 0:00:00.179181
[2023-08-27T08:24:16.532+0000] {dag_etl.py:49} INFO - transform drones...
[2023-08-27T08:24:16.703+0000] {dag_etl.py:52} INFO - Complete transform drones: 0:00:00.171565
[2023-08-27T08:24:16.703+0000] {dag_etl.py:54} INFO - transform pilots...
[2023-08-27T08:24:16.791+0000] {dag_etl.py:57} INFO - Complete transform pilots: 0:00:00.087997
[2023-08-27T08:24:16.792+0000] {dag_etl.py:59} INFO - transform talents...
[2023-08-27T08:24:16.838+0000] {dag_etl.py:62} INFO - Complete transform talents: 0:00:00.047226
[2023-08-27T08:24:16.839+0000] {dag_etl.py:64} INFO - transform expert_items...
[2023-08-27T08:24:16.881+0000] {dag_etl.py:67} INFO - Complete transform expert_items: 0:00:00.042803
[2023-08-27T08:24:16.881+0000] {dag_etl.py:69} INFO - Loading user...
[2023-08-27T08:24:18.156+0000] {dag_etl.py:72} INFO - Complete load user: 0:00:01.275150
[2023-08-27T08:24:18.157+0000] {dag_etl.py:74} INFO - Loading space_ships...
[2023-08-27T08:24:19.953+0000] {dag_etl.py:77} INFO - Complete load space_ships: 0:00:01.796781
[2023-08-27T08:24:19.953+0000] {dag_etl.py:79} INFO - Loading drones...
[2023-08-27T08:24:21.459+0000] {dag_etl.py:82} INFO - Complete load drones: 0:00:01.505902
[2023-08-27T08:24:21.459+0000] {dag_etl.py:84} INFO - Loading pilots...
[2023-08-27T08:24:23.543+0000] {dag_etl.py:87} INFO - Complete load drones: 0:00:02.084349
[2023-08-27T08:24:23.543+0000] {dag_etl.py:89} INFO - Loading talents...
[2023-08-27T08:24:24.766+0000] {dag_etl.py:92} INFO - Complete load drones: 0:00:01.222525
[2023-08-27T08:24:24.766+0000] {dag_etl.py:94} INFO - Loading expert_items...
[2023-08-27T08:24:25.727+0000] {dag_etl.py:97} INFO - Complete load drones: 0:00:00.961020
[2023-08-27T08:24:25.727+0000] {dag_etl.py:99} INFO - Complete ETL Users in : 0:00:17.951656
[2023-08-27T08:24:25.748+0000] {python.py:194} INFO - Done. Returned value was: None
[2023-08-27T08:24:25.769+0000] {taskinstance.py:1400} INFO - Marking task as SUCCESS. dag_id=gaas_etl_1, task_id=etl_user, execution_date=20230827T082300, start_date=20230827T082406, end_date=20230827T082425
[2023-08-27T08:24:25.860+0000] {local_task_job_runner.py:228} INFO - Task exited with return code 0
[2023-08-27T08:24:25.892+0000] {taskinstance.py:2784} INFO - 0 downstream tasks scheduled from follow-on schedule check
