[2023-08-27T08:51:06.268+0000] {taskinstance.py:1159} INFO - Dependencies all met for dep_context=non-requeueable deps ti=<TaskInstance: gaas_etl_1.etl_user scheduled__2023-08-27T08:50:00+00:00 [queued]>
[2023-08-27T08:51:06.288+0000] {taskinstance.py:1159} INFO - Dependencies all met for dep_context=requeueable deps ti=<TaskInstance: gaas_etl_1.etl_user scheduled__2023-08-27T08:50:00+00:00 [queued]>
[2023-08-27T08:51:06.288+0000] {taskinstance.py:1361} INFO - Starting attempt 1 of 1
[2023-08-27T08:51:06.324+0000] {taskinstance.py:1382} INFO - Executing <Task(PythonOperator): etl_user> on 2023-08-27 08:50:00+00:00
[2023-08-27T08:51:06.334+0000] {standard_task_runner.py:57} INFO - Started process 378887 to run task
[2023-08-27T08:51:06.343+0000] {standard_task_runner.py:84} INFO - Running: ['airflow', 'tasks', 'run', 'gaas_etl_1', 'etl_user', 'scheduled__2023-08-27T08:50:00+00:00', '--job-id', '5183', '--raw', '--subdir', 'DAGS_FOLDER/dag_etl.py', '--cfg-path', '/tmp/tmprdtapx0z']
[2023-08-27T08:51:06.352+0000] {standard_task_runner.py:85} INFO - Job 5183: Subtask etl_user
[2023-08-27T08:51:07.046+0000] {task_command.py:415} INFO - Running <TaskInstance: gaas_etl_1.etl_user scheduled__2023-08-27T08:50:00+00:00 [running]> on host data-system.us-central1-a.c.data-system-392010.internal
[2023-08-27T08:51:07.474+0000] {taskinstance.py:1660} INFO - Exporting env vars: AIRFLOW_CTX_DAG_EMAIL='hungnm15012002@gmail.com' AIRFLOW_CTX_DAG_OWNER='hungnm' AIRFLOW_CTX_DAG_ID='gaas_etl_1' AIRFLOW_CTX_TASK_ID='etl_user' AIRFLOW_CTX_EXECUTION_DATE='2023-08-27T08:50:00+00:00' AIRFLOW_CTX_TRY_NUMBER='1' AIRFLOW_CTX_DAG_RUN_ID='scheduled__2023-08-27T08:50:00+00:00'
[2023-08-27T08:51:07.495+0000] {dag_etl.py:28} INFO - Extracting user...
[2023-08-27T08:51:14.698+0000] {extract.py:36} INFO - Request time: 0:00:07.202172
[2023-08-27T08:51:15.797+0000] {extract.py:42} INFO - Create DataFrame time: 0:00:01.098974
[2023-08-27T08:51:15.805+0000] {dag_etl.py:31} INFO - Complete extract user: 0:00:08.309479
[2023-08-27T08:51:15.806+0000] {dag_etl.py:33} INFO - Extracting resource...
[2023-08-27T08:51:18.104+0000] {extract.py:36} INFO - Request time: 0:00:02.298074
[2023-08-27T08:51:18.202+0000] {extract.py:42} INFO - Create DataFrame time: 0:00:00.097325
[2023-08-27T08:51:18.205+0000] {dag_etl.py:36} INFO - Complete extract resource: 0:00:02.400241
[2023-08-27T08:51:18.206+0000] {dag_etl.py:38} INFO - Transforming user...
[2023-08-27T08:51:18.592+0000] {dag_etl.py:42} INFO - Complete transform user: 0:00:00.386678
[2023-08-27T08:51:18.592+0000] {dag_etl.py:44} INFO - transform space_ships...
[2023-08-27T08:51:18.841+0000] {dag_etl.py:47} INFO - Complete transform space_ships: 0:00:00.249496
[2023-08-27T08:51:18.842+0000] {dag_etl.py:49} INFO - transform drones...
[2023-08-27T08:51:19.075+0000] {dag_etl.py:52} INFO - Complete transform drones: 0:00:00.234189
[2023-08-27T08:51:19.076+0000] {dag_etl.py:54} INFO - transform pilots...
[2023-08-27T08:51:19.193+0000] {dag_etl.py:57} INFO - Complete transform pilots: 0:00:00.117935
[2023-08-27T08:51:19.194+0000] {dag_etl.py:59} INFO - transform talents...
[2023-08-27T08:51:19.253+0000] {dag_etl.py:62} INFO - Complete transform talents: 0:00:00.060103
[2023-08-27T08:51:19.254+0000] {dag_etl.py:64} INFO - transform expert_items...
[2023-08-27T08:51:19.308+0000] {dag_etl.py:67} INFO - Complete transform expert_items: 0:00:00.054878
[2023-08-27T08:51:19.309+0000] {dag_etl.py:69} INFO - Loading user...
[2023-08-27T08:51:21.472+0000] {dag_etl.py:72} INFO - Complete load user: 0:00:02.163283
[2023-08-27T08:51:21.472+0000] {dag_etl.py:74} INFO - Loading space_ships...
[2023-08-27T08:51:24.516+0000] {dag_etl.py:77} INFO - Complete load space_ships: 0:00:03.044822
[2023-08-27T08:51:24.517+0000] {dag_etl.py:79} INFO - Loading drones...
[2023-08-27T08:51:27.006+0000] {dag_etl.py:82} INFO - Complete load drones: 0:00:02.489632
[2023-08-27T08:51:27.007+0000] {dag_etl.py:84} INFO - Loading pilots...
[2023-08-27T08:51:30.576+0000] {dag_etl.py:87} INFO - Complete load drones: 0:00:03.570063
[2023-08-27T08:51:30.577+0000] {dag_etl.py:89} INFO - Loading talents...
[2023-08-27T08:51:32.974+0000] {dag_etl.py:92} INFO - Complete load drones: 0:00:02.397698
[2023-08-27T08:51:32.975+0000] {dag_etl.py:94} INFO - Loading expert_items...
[2023-08-27T08:51:34.640+0000] {dag_etl.py:97} INFO - Complete load drones: 0:00:01.666175
[2023-08-27T08:51:34.640+0000] {dag_etl.py:99} INFO - Complete ETL Users in : 0:00:27.145263
[2023-08-27T08:51:34.772+0000] {python.py:194} INFO - Done. Returned value was: None
[2023-08-27T08:51:34.806+0000] {taskinstance.py:1400} INFO - Marking task as SUCCESS. dag_id=gaas_etl_1, task_id=etl_user, execution_date=20230827T085000, start_date=20230827T085106, end_date=20230827T085134
[2023-08-27T08:51:34.904+0000] {local_task_job_runner.py:228} INFO - Task exited with return code 0
[2023-08-27T08:51:34.971+0000] {taskinstance.py:2784} INFO - 0 downstream tasks scheduled from follow-on schedule check
