[2023-08-27T09:15:06.218+0000] {taskinstance.py:1159} INFO - Dependencies all met for dep_context=non-requeueable deps ti=<TaskInstance: gaas_etl_1.etl_user scheduled__2023-08-27T09:14:00+00:00 [queued]>
[2023-08-27T09:15:06.235+0000] {taskinstance.py:1159} INFO - Dependencies all met for dep_context=requeueable deps ti=<TaskInstance: gaas_etl_1.etl_user scheduled__2023-08-27T09:14:00+00:00 [queued]>
[2023-08-27T09:15:06.235+0000] {taskinstance.py:1361} INFO - Starting attempt 1 of 1
[2023-08-27T09:15:06.276+0000] {taskinstance.py:1382} INFO - Executing <Task(PythonOperator): etl_user> on 2023-08-27 09:14:00+00:00
[2023-08-27T09:15:06.285+0000] {standard_task_runner.py:57} INFO - Started process 379815 to run task
[2023-08-27T09:15:06.300+0000] {standard_task_runner.py:84} INFO - Running: ['airflow', 'tasks', 'run', 'gaas_etl_1', 'etl_user', 'scheduled__2023-08-27T09:14:00+00:00', '--job-id', '5255', '--raw', '--subdir', 'DAGS_FOLDER/dag_etl.py', '--cfg-path', '/tmp/tmprirf3lpa']
[2023-08-27T09:15:06.306+0000] {standard_task_runner.py:85} INFO - Job 5255: Subtask etl_user
[2023-08-27T09:15:07.009+0000] {task_command.py:415} INFO - Running <TaskInstance: gaas_etl_1.etl_user scheduled__2023-08-27T09:14:00+00:00 [running]> on host data-system.us-central1-a.c.data-system-392010.internal
[2023-08-27T09:15:07.440+0000] {taskinstance.py:1660} INFO - Exporting env vars: AIRFLOW_CTX_DAG_EMAIL='hungnm15012002@gmail.com' AIRFLOW_CTX_DAG_OWNER='hungnm' AIRFLOW_CTX_DAG_ID='gaas_etl_1' AIRFLOW_CTX_TASK_ID='etl_user' AIRFLOW_CTX_EXECUTION_DATE='2023-08-27T09:14:00+00:00' AIRFLOW_CTX_TRY_NUMBER='1' AIRFLOW_CTX_DAG_RUN_ID='scheduled__2023-08-27T09:14:00+00:00'
[2023-08-27T09:15:07.458+0000] {dag_etl.py:28} INFO - Extracting user...
[2023-08-27T09:15:11.337+0000] {extract.py:36} INFO - Request time: 0:00:03.878852
[2023-08-27T09:15:11.671+0000] {extract.py:42} INFO - Create DataFrame time: 0:00:00.328874
[2023-08-27T09:15:11.674+0000] {dag_etl.py:31} INFO - Complete extract user: 0:00:04.216481
[2023-08-27T09:15:11.675+0000] {dag_etl.py:33} INFO - Extracting resource...
[2023-08-27T09:15:13.735+0000] {extract.py:36} INFO - Request time: 0:00:02.059738
[2023-08-27T09:15:13.814+0000] {extract.py:42} INFO - Create DataFrame time: 0:00:00.078610
[2023-08-27T09:15:13.817+0000] {dag_etl.py:36} INFO - Complete extract resource: 0:00:02.142791
[2023-08-27T09:15:13.818+0000] {dag_etl.py:38} INFO - Transforming user...
[2023-08-27T09:15:14.077+0000] {dag_etl.py:42} INFO - Complete transform user: 0:00:00.260227
[2023-08-27T09:15:14.081+0000] {dag_etl.py:44} INFO - transform space_ships...
[2023-08-27T09:15:14.475+0000] {dag_etl.py:47} INFO - Complete transform space_ships: 0:00:00.397456
[2023-08-27T09:15:14.475+0000] {dag_etl.py:49} INFO - transform drones...
[2023-08-27T09:15:14.718+0000] {dag_etl.py:52} INFO - Complete transform drones: 0:00:00.243254
[2023-08-27T09:15:14.722+0000] {dag_etl.py:54} INFO - transform pilots...
[2023-08-27T09:15:14.931+0000] {dag_etl.py:57} INFO - Complete transform pilots: 0:00:00.212992
[2023-08-27T09:15:14.931+0000] {dag_etl.py:59} INFO - transform talents...
[2023-08-27T09:15:15.049+0000] {dag_etl.py:62} INFO - Complete transform talents: 0:00:00.117815
[2023-08-27T09:15:15.056+0000] {dag_etl.py:64} INFO - transform expert_items...
[2023-08-27T09:15:15.136+0000] {dag_etl.py:67} INFO - Complete transform expert_items: 0:00:00.087367
[2023-08-27T09:15:15.139+0000] {dag_etl.py:69} INFO - Loading user...
[2023-08-27T09:15:16.326+0000] {dag_etl.py:72} INFO - Complete load user: 0:00:01.190260
[2023-08-27T09:15:16.327+0000] {dag_etl.py:74} INFO - Loading space_ships...
[2023-08-27T09:15:17.848+0000] {dag_etl.py:77} INFO - Complete load space_ships: 0:00:01.521938
[2023-08-27T09:15:17.849+0000] {dag_etl.py:79} INFO - Loading drones...
[2023-08-27T09:15:19.354+0000] {dag_etl.py:82} INFO - Complete load drones: 0:00:01.506128
[2023-08-27T09:15:19.355+0000] {dag_etl.py:84} INFO - Loading pilots...
[2023-08-27T09:15:21.497+0000] {dag_etl.py:87} INFO - Complete load drones: 0:00:02.143068
[2023-08-27T09:15:21.498+0000] {dag_etl.py:89} INFO - Loading talents...
[2023-08-27T09:15:22.752+0000] {dag_etl.py:92} INFO - Complete load drones: 0:00:01.254579
[2023-08-27T09:15:22.753+0000] {dag_etl.py:94} INFO - Loading expert_items...
[2023-08-27T09:15:23.599+0000] {dag_etl.py:97} INFO - Complete load drones: 0:00:00.847032
[2023-08-27T09:15:23.600+0000] {dag_etl.py:99} INFO - Complete ETL Users in : 0:00:16.142151
[2023-08-27T09:15:23.630+0000] {python.py:194} INFO - Done. Returned value was: None
[2023-08-27T09:15:23.656+0000] {taskinstance.py:1400} INFO - Marking task as SUCCESS. dag_id=gaas_etl_1, task_id=etl_user, execution_date=20230827T091400, start_date=20230827T091506, end_date=20230827T091523
[2023-08-27T09:15:23.706+0000] {local_task_job_runner.py:228} INFO - Task exited with return code 0
[2023-08-27T09:15:23.740+0000] {taskinstance.py:2784} INFO - 0 downstream tasks scheduled from follow-on schedule check
