[2023-08-26T14:05:04.453+0000] {taskinstance.py:1159} INFO - Dependencies all met for dep_context=non-requeueable deps ti=<TaskInstance: gaas_etl_1.etl_user scheduled__2023-08-26T14:04:00+00:00 [queued]>
[2023-08-26T14:05:04.468+0000] {taskinstance.py:1159} INFO - Dependencies all met for dep_context=requeueable deps ti=<TaskInstance: gaas_etl_1.etl_user scheduled__2023-08-26T14:04:00+00:00 [queued]>
[2023-08-26T14:05:04.468+0000] {taskinstance.py:1361} INFO - Starting attempt 1 of 1
[2023-08-26T14:05:04.497+0000] {taskinstance.py:1382} INFO - Executing <Task(PythonOperator): etl_user> on 2023-08-26 14:04:00+00:00
[2023-08-26T14:05:04.506+0000] {standard_task_runner.py:57} INFO - Started process 315287 to run task
[2023-08-26T14:05:04.521+0000] {standard_task_runner.py:84} INFO - Running: ['airflow', 'tasks', 'run', 'gaas_etl_1', 'etl_user', 'scheduled__2023-08-26T14:04:00+00:00', '--job-id', '1804', '--raw', '--subdir', 'DAGS_FOLDER/dag_etl.py', '--cfg-path', '/tmp/tmpbt_3r0lq']
[2023-08-26T14:05:04.527+0000] {standard_task_runner.py:85} INFO - Job 1804: Subtask etl_user
[2023-08-26T14:05:04.726+0000] {task_command.py:415} INFO - Running <TaskInstance: gaas_etl_1.etl_user scheduled__2023-08-26T14:04:00+00:00 [running]> on host data-system.us-central1-a.c.data-system-392010.internal
[2023-08-26T14:05:05.029+0000] {taskinstance.py:1660} INFO - Exporting env vars: AIRFLOW_CTX_DAG_EMAIL='hungnm15012002@gmail.com' AIRFLOW_CTX_DAG_OWNER='hungnm' AIRFLOW_CTX_DAG_ID='gaas_etl_1' AIRFLOW_CTX_TASK_ID='etl_user' AIRFLOW_CTX_EXECUTION_DATE='2023-08-26T14:04:00+00:00' AIRFLOW_CTX_TRY_NUMBER='1' AIRFLOW_CTX_DAG_RUN_ID='scheduled__2023-08-26T14:04:00+00:00'
[2023-08-26T14:05:05.057+0000] {dag_etl.py:28} INFO - Extracting user...
[2023-08-26T14:05:10.166+0000] {extract.py:36} INFO - Request time: 0:00:05.108271
[2023-08-26T14:05:10.604+0000] {extract.py:42} INFO - Create DataFrame time: 0:00:00.436969
[2023-08-26T14:05:10.608+0000] {dag_etl.py:31} INFO - Complete extract user: 0:00:05.550298
[2023-08-26T14:05:10.608+0000] {dag_etl.py:33} INFO - Extracting resource...
[2023-08-26T14:05:12.631+0000] {extract.py:36} INFO - Request time: 0:00:02.021950
[2023-08-26T14:05:12.690+0000] {extract.py:42} INFO - Create DataFrame time: 0:00:00.058414
[2023-08-26T14:05:12.694+0000] {dag_etl.py:36} INFO - Complete extract resource: 0:00:02.085865
[2023-08-26T14:05:12.695+0000] {dag_etl.py:38} INFO - Transforming user...
[2023-08-26T14:05:12.854+0000] {dag_etl.py:42} INFO - Complete transform user: 0:00:00.160191
[2023-08-26T14:05:12.854+0000] {dag_etl.py:44} INFO - transform space_ships...
[2023-08-26T14:05:12.958+0000] {dag_etl.py:47} INFO - Complete transform space_ships: 0:00:00.103786
[2023-08-26T14:05:12.958+0000] {dag_etl.py:49} INFO - transform drones...
[2023-08-26T14:05:13.025+0000] {dag_etl.py:52} INFO - Complete transform drones: 0:00:00.067172
[2023-08-26T14:05:13.025+0000] {dag_etl.py:54} INFO - transform pilots...
[2023-08-26T14:05:13.075+0000] {dag_etl.py:57} INFO - Complete transform pilots: 0:00:00.050370
[2023-08-26T14:05:13.075+0000] {dag_etl.py:59} INFO - transform talents...
[2023-08-26T14:05:13.098+0000] {dag_etl.py:62} INFO - Complete transform talents: 0:00:00.022835
[2023-08-26T14:05:13.098+0000] {dag_etl.py:64} INFO - transform expert_items...
[2023-08-26T14:05:13.142+0000] {dag_etl.py:67} INFO - Complete transform expert_items: 0:00:00.044043
[2023-08-26T14:05:13.143+0000] {dag_etl.py:69} INFO - Loading user...
[2023-08-26T14:05:14.332+0000] {dag_etl.py:72} INFO - Complete load user: 0:00:01.190084
[2023-08-26T14:05:14.333+0000] {dag_etl.py:74} INFO - Loading space_ships...
[2023-08-26T14:05:16.127+0000] {dag_etl.py:77} INFO - Complete load space_ships: 0:00:01.795060
[2023-08-26T14:05:16.128+0000] {dag_etl.py:79} INFO - Loading drones...
[2023-08-26T14:05:18.359+0000] {dag_etl.py:82} INFO - Complete load drones: 0:00:02.232133
[2023-08-26T14:05:18.360+0000] {dag_etl.py:84} INFO - Loading pilots...
[2023-08-26T14:05:22.062+0000] {dag_etl.py:87} INFO - Complete load drones: 0:00:03.702600
[2023-08-26T14:05:22.062+0000] {dag_etl.py:89} INFO - Loading talents...
[2023-08-26T14:05:24.291+0000] {dag_etl.py:92} INFO - Complete load drones: 0:00:02.228894
[2023-08-26T14:05:24.291+0000] {dag_etl.py:94} INFO - Loading expert_items...
[2023-08-26T14:05:25.609+0000] {dag_etl.py:97} INFO - Complete load drones: 0:00:01.318611
[2023-08-26T14:05:25.610+0000] {dag_etl.py:99} INFO - Complete ETL Users in : 0:00:20.552983
[2023-08-26T14:05:25.674+0000] {python.py:194} INFO - Done. Returned value was: None
[2023-08-26T14:05:25.695+0000] {taskinstance.py:1400} INFO - Marking task as SUCCESS. dag_id=gaas_etl_1, task_id=etl_user, execution_date=20230826T140400, start_date=20230826T140504, end_date=20230826T140525
[2023-08-26T14:05:25.796+0000] {local_task_job_runner.py:228} INFO - Task exited with return code 0
[2023-08-26T14:05:25.861+0000] {taskinstance.py:2784} INFO - 0 downstream tasks scheduled from follow-on schedule check
