[2023-08-27T05:40:05.728+0000] {taskinstance.py:1159} INFO - Dependencies all met for dep_context=non-requeueable deps ti=<TaskInstance: gaas_etl_1.etl_user scheduled__2023-08-27T05:39:00+00:00 [queued]>
[2023-08-27T05:40:05.747+0000] {taskinstance.py:1159} INFO - Dependencies all met for dep_context=requeueable deps ti=<TaskInstance: gaas_etl_1.etl_user scheduled__2023-08-27T05:39:00+00:00 [queued]>
[2023-08-27T05:40:05.748+0000] {taskinstance.py:1361} INFO - Starting attempt 1 of 1
[2023-08-27T05:40:05.786+0000] {taskinstance.py:1382} INFO - Executing <Task(PythonOperator): etl_user> on 2023-08-27 05:39:00+00:00
[2023-08-27T05:40:05.795+0000] {standard_task_runner.py:57} INFO - Started process 371155 to run task
[2023-08-27T05:40:05.817+0000] {standard_task_runner.py:84} INFO - Running: ['airflow', 'tasks', 'run', 'gaas_etl_1', 'etl_user', 'scheduled__2023-08-27T05:39:00+00:00', '--job-id', '4610', '--raw', '--subdir', 'DAGS_FOLDER/dag_etl.py', '--cfg-path', '/tmp/tmpv4bz4f9r']
[2023-08-27T05:40:05.827+0000] {standard_task_runner.py:85} INFO - Job 4610: Subtask etl_user
[2023-08-27T05:40:06.193+0000] {task_command.py:415} INFO - Running <TaskInstance: gaas_etl_1.etl_user scheduled__2023-08-27T05:39:00+00:00 [running]> on host data-system.us-central1-a.c.data-system-392010.internal
[2023-08-27T05:40:06.953+0000] {taskinstance.py:1660} INFO - Exporting env vars: AIRFLOW_CTX_DAG_EMAIL='hungnm15012002@gmail.com' AIRFLOW_CTX_DAG_OWNER='hungnm' AIRFLOW_CTX_DAG_ID='gaas_etl_1' AIRFLOW_CTX_TASK_ID='etl_user' AIRFLOW_CTX_EXECUTION_DATE='2023-08-27T05:39:00+00:00' AIRFLOW_CTX_TRY_NUMBER='1' AIRFLOW_CTX_DAG_RUN_ID='scheduled__2023-08-27T05:39:00+00:00'
[2023-08-27T05:40:06.976+0000] {dag_etl.py:28} INFO - Extracting user...
[2023-08-27T05:40:13.936+0000] {extract.py:36} INFO - Request time: 0:00:06.960147
[2023-08-27T05:40:14.057+0000] {extract.py:42} INFO - Create DataFrame time: 0:00:00.119618
[2023-08-27T05:40:14.059+0000] {dag_etl.py:31} INFO - Complete extract user: 0:00:07.083540
[2023-08-27T05:40:14.060+0000] {dag_etl.py:33} INFO - Extracting resource...
[2023-08-27T05:40:18.551+0000] {extract.py:36} INFO - Request time: 0:00:04.490005
[2023-08-27T05:40:18.590+0000] {extract.py:42} INFO - Create DataFrame time: 0:00:00.038538
[2023-08-27T05:40:18.593+0000] {dag_etl.py:36} INFO - Complete extract resource: 0:00:04.533119
[2023-08-27T05:40:18.594+0000] {dag_etl.py:38} INFO - Transforming user...
[2023-08-27T05:40:18.747+0000] {dag_etl.py:42} INFO - Complete transform user: 0:00:00.154784
[2023-08-27T05:40:18.748+0000] {dag_etl.py:44} INFO - transform space_ships...
[2023-08-27T05:40:18.854+0000] {dag_etl.py:47} INFO - Complete transform space_ships: 0:00:00.107130
[2023-08-27T05:40:18.855+0000] {dag_etl.py:49} INFO - transform drones...
[2023-08-27T05:40:18.996+0000] {dag_etl.py:52} INFO - Complete transform drones: 0:00:00.140999
[2023-08-27T05:40:18.996+0000] {dag_etl.py:54} INFO - transform pilots...
[2023-08-27T05:40:19.052+0000] {dag_etl.py:57} INFO - Complete transform pilots: 0:00:00.056337
[2023-08-27T05:40:19.052+0000] {dag_etl.py:59} INFO - transform talents...
[2023-08-27T05:40:19.082+0000] {dag_etl.py:62} INFO - Complete transform talents: 0:00:00.029979
[2023-08-27T05:40:19.083+0000] {dag_etl.py:64} INFO - transform expert_items...
[2023-08-27T05:40:19.111+0000] {dag_etl.py:67} INFO - Complete transform expert_items: 0:00:00.029568
[2023-08-27T05:40:19.112+0000] {dag_etl.py:69} INFO - Loading user...
[2023-08-27T05:40:19.881+0000] {dag_etl.py:72} INFO - Complete load user: 0:00:00.769664
[2023-08-27T05:40:19.882+0000] {dag_etl.py:74} INFO - Loading space_ships...
[2023-08-27T05:40:20.834+0000] {dag_etl.py:77} INFO - Complete load space_ships: 0:00:00.952819
[2023-08-27T05:40:20.834+0000] {dag_etl.py:79} INFO - Loading drones...
[2023-08-27T05:40:21.599+0000] {dag_etl.py:82} INFO - Complete load drones: 0:00:00.765511
[2023-08-27T05:40:21.600+0000] {dag_etl.py:84} INFO - Loading pilots...
[2023-08-27T05:40:23.276+0000] {dag_etl.py:87} INFO - Complete load drones: 0:00:01.676531
[2023-08-27T05:40:23.276+0000] {dag_etl.py:89} INFO - Loading talents...
[2023-08-27T05:40:24.252+0000] {dag_etl.py:92} INFO - Complete load drones: 0:00:00.975698
[2023-08-27T05:40:24.252+0000] {dag_etl.py:94} INFO - Loading expert_items...
[2023-08-27T05:40:24.856+0000] {dag_etl.py:97} INFO - Complete load drones: 0:00:00.604511
[2023-08-27T05:40:24.857+0000] {dag_etl.py:99} INFO - Complete ETL Users in : 0:00:17.880714
[2023-08-27T05:40:24.868+0000] {python.py:194} INFO - Done. Returned value was: None
[2023-08-27T05:40:24.897+0000] {taskinstance.py:1400} INFO - Marking task as SUCCESS. dag_id=gaas_etl_1, task_id=etl_user, execution_date=20230827T053900, start_date=20230827T054005, end_date=20230827T054024
[2023-08-27T05:40:25.005+0000] {local_task_job_runner.py:228} INFO - Task exited with return code 0
[2023-08-27T05:40:25.057+0000] {taskinstance.py:2784} INFO - 0 downstream tasks scheduled from follow-on schedule check
