[2023-08-26T15:47:05.463+0000] {taskinstance.py:1159} INFO - Dependencies all met for dep_context=non-requeueable deps ti=<TaskInstance: gaas_etl_1.etl_user scheduled__2023-08-26T15:46:00+00:00 [queued]>
[2023-08-26T15:47:05.480+0000] {taskinstance.py:1159} INFO - Dependencies all met for dep_context=requeueable deps ti=<TaskInstance: gaas_etl_1.etl_user scheduled__2023-08-26T15:46:00+00:00 [queued]>
[2023-08-26T15:47:05.481+0000] {taskinstance.py:1361} INFO - Starting attempt 1 of 1
[2023-08-26T15:47:05.508+0000] {taskinstance.py:1382} INFO - Executing <Task(PythonOperator): etl_user> on 2023-08-26 15:46:00+00:00
[2023-08-26T15:47:05.516+0000] {standard_task_runner.py:57} INFO - Started process 319316 to run task
[2023-08-26T15:47:05.533+0000] {standard_task_runner.py:84} INFO - Running: ['airflow', 'tasks', 'run', 'gaas_etl_1', 'etl_user', 'scheduled__2023-08-26T15:46:00+00:00', '--job-id', '2111', '--raw', '--subdir', 'DAGS_FOLDER/dag_etl.py', '--cfg-path', '/tmp/tmp4tk2u7uw']
[2023-08-26T15:47:05.539+0000] {standard_task_runner.py:85} INFO - Job 2111: Subtask etl_user
[2023-08-26T15:47:05.742+0000] {task_command.py:415} INFO - Running <TaskInstance: gaas_etl_1.etl_user scheduled__2023-08-26T15:46:00+00:00 [running]> on host data-system.us-central1-a.c.data-system-392010.internal
[2023-08-26T15:47:05.986+0000] {taskinstance.py:1660} INFO - Exporting env vars: AIRFLOW_CTX_DAG_EMAIL='hungnm15012002@gmail.com' AIRFLOW_CTX_DAG_OWNER='hungnm' AIRFLOW_CTX_DAG_ID='gaas_etl_1' AIRFLOW_CTX_TASK_ID='etl_user' AIRFLOW_CTX_EXECUTION_DATE='2023-08-26T15:46:00+00:00' AIRFLOW_CTX_TRY_NUMBER='1' AIRFLOW_CTX_DAG_RUN_ID='scheduled__2023-08-26T15:46:00+00:00'
[2023-08-26T15:47:06.009+0000] {dag_etl.py:28} INFO - Extracting user...
[2023-08-26T15:47:11.461+0000] {extract.py:36} INFO - Request time: 0:00:05.451684
[2023-08-26T15:47:11.935+0000] {extract.py:42} INFO - Create DataFrame time: 0:00:00.473736
[2023-08-26T15:47:11.939+0000] {dag_etl.py:31} INFO - Complete extract user: 0:00:05.930152
[2023-08-26T15:47:11.940+0000] {dag_etl.py:33} INFO - Extracting resource...
[2023-08-26T15:47:14.178+0000] {extract.py:36} INFO - Request time: 0:00:02.237807
[2023-08-26T15:47:14.258+0000] {extract.py:42} INFO - Create DataFrame time: 0:00:00.079302
[2023-08-26T15:47:14.261+0000] {dag_etl.py:36} INFO - Complete extract resource: 0:00:02.322381
[2023-08-26T15:47:14.263+0000] {dag_etl.py:38} INFO - Transforming user...
[2023-08-26T15:47:14.538+0000] {dag_etl.py:42} INFO - Complete transform user: 0:00:00.276293
[2023-08-26T15:47:14.538+0000] {dag_etl.py:44} INFO - transform space_ships...
[2023-08-26T15:47:14.736+0000] {dag_etl.py:47} INFO - Complete transform space_ships: 0:00:00.198077
[2023-08-26T15:47:14.736+0000] {dag_etl.py:49} INFO - transform drones...
[2023-08-26T15:47:14.880+0000] {dag_etl.py:52} INFO - Complete transform drones: 0:00:00.144361
[2023-08-26T15:47:14.881+0000] {dag_etl.py:54} INFO - transform pilots...
[2023-08-26T15:47:14.978+0000] {dag_etl.py:57} INFO - Complete transform pilots: 0:00:00.098456
[2023-08-26T15:47:14.979+0000] {dag_etl.py:59} INFO - transform talents...
[2023-08-26T15:47:15.032+0000] {dag_etl.py:62} INFO - Complete transform talents: 0:00:00.053183
[2023-08-26T15:47:15.032+0000] {dag_etl.py:64} INFO - transform expert_items...
[2023-08-26T15:47:15.074+0000] {dag_etl.py:67} INFO - Complete transform expert_items: 0:00:00.041973
[2023-08-26T15:47:15.074+0000] {dag_etl.py:69} INFO - Loading user...
[2023-08-26T15:47:16.823+0000] {dag_etl.py:72} INFO - Complete load user: 0:00:01.748972
[2023-08-26T15:47:16.825+0000] {dag_etl.py:74} INFO - Loading space_ships...
[2023-08-26T15:47:19.692+0000] {dag_etl.py:77} INFO - Complete load space_ships: 0:00:02.869454
[2023-08-26T15:47:19.693+0000] {dag_etl.py:79} INFO - Loading drones...
[2023-08-26T15:47:21.924+0000] {dag_etl.py:82} INFO - Complete load drones: 0:00:02.232253
[2023-08-26T15:47:21.925+0000] {dag_etl.py:84} INFO - Loading pilots...
[2023-08-26T15:47:26.040+0000] {dag_etl.py:87} INFO - Complete load drones: 0:00:04.115912
[2023-08-26T15:47:26.041+0000] {dag_etl.py:89} INFO - Loading talents...
[2023-08-26T15:47:28.089+0000] {dag_etl.py:92} INFO - Complete load drones: 0:00:02.049025
[2023-08-26T15:47:28.090+0000] {dag_etl.py:94} INFO - Loading expert_items...
[2023-08-26T15:47:29.472+0000] {dag_etl.py:97} INFO - Complete load drones: 0:00:01.382734
[2023-08-26T15:47:29.473+0000] {dag_etl.py:99} INFO - Complete ETL Users in : 0:00:23.463782
[2023-08-26T15:47:29.506+0000] {python.py:194} INFO - Done. Returned value was: None
[2023-08-26T15:47:29.526+0000] {taskinstance.py:1400} INFO - Marking task as SUCCESS. dag_id=gaas_etl_1, task_id=etl_user, execution_date=20230826T154600, start_date=20230826T154705, end_date=20230826T154729
[2023-08-26T15:47:29.618+0000] {local_task_job_runner.py:228} INFO - Task exited with return code 0
[2023-08-26T15:47:29.651+0000] {taskinstance.py:2784} INFO - 0 downstream tasks scheduled from follow-on schedule check
