[2023-08-27T11:20:07.015+0000] {taskinstance.py:1159} INFO - Dependencies all met for dep_context=non-requeueable deps ti=<TaskInstance: gaas_etl_1.etl_user scheduled__2023-08-27T11:19:00+00:00 [queued]>
[2023-08-27T11:20:07.036+0000] {taskinstance.py:1159} INFO - Dependencies all met for dep_context=requeueable deps ti=<TaskInstance: gaas_etl_1.etl_user scheduled__2023-08-27T11:19:00+00:00 [queued]>
[2023-08-27T11:20:07.037+0000] {taskinstance.py:1361} INFO - Starting attempt 1 of 1
[2023-08-27T11:20:07.074+0000] {taskinstance.py:1382} INFO - Executing <Task(PythonOperator): etl_user> on 2023-08-27 11:19:00+00:00
[2023-08-27T11:20:07.096+0000] {standard_task_runner.py:57} INFO - Started process 397284 to run task
[2023-08-27T11:20:07.133+0000] {standard_task_runner.py:84} INFO - Running: ['airflow', 'tasks', 'run', 'gaas_etl_1', 'etl_user', 'scheduled__2023-08-27T11:19:00+00:00', '--job-id', '5631', '--raw', '--subdir', 'DAGS_FOLDER/dag_etl.py', '--cfg-path', '/tmp/tmpgrecc_er']
[2023-08-27T11:20:07.142+0000] {standard_task_runner.py:85} INFO - Job 5631: Subtask etl_user
[2023-08-27T11:20:08.033+0000] {task_command.py:415} INFO - Running <TaskInstance: gaas_etl_1.etl_user scheduled__2023-08-27T11:19:00+00:00 [running]> on host data-system.us-central1-a.c.data-system-392010.internal
[2023-08-27T11:20:08.465+0000] {taskinstance.py:1660} INFO - Exporting env vars: AIRFLOW_CTX_DAG_EMAIL='hungnm15012002@gmail.com' AIRFLOW_CTX_DAG_OWNER='hungnm' AIRFLOW_CTX_DAG_ID='gaas_etl_1' AIRFLOW_CTX_TASK_ID='etl_user' AIRFLOW_CTX_EXECUTION_DATE='2023-08-27T11:19:00+00:00' AIRFLOW_CTX_TRY_NUMBER='1' AIRFLOW_CTX_DAG_RUN_ID='scheduled__2023-08-27T11:19:00+00:00'
[2023-08-27T11:20:08.483+0000] {dag_etl.py:28} INFO - Extracting user...
[2023-08-27T11:20:15.775+0000] {extract.py:36} INFO - Request time: 0:00:07.291313
[2023-08-27T11:20:16.112+0000] {extract.py:42} INFO - Create DataFrame time: 0:00:00.336547
[2023-08-27T11:20:16.115+0000] {dag_etl.py:31} INFO - Complete extract user: 0:00:07.632528
[2023-08-27T11:20:16.116+0000] {dag_etl.py:33} INFO - Extracting resource...
[2023-08-27T11:20:16.401+0000] {extract.py:36} INFO - Request time: 0:00:00.285266
[2023-08-27T11:20:16.402+0000] {extract.py:45} ERROR - Server GAAS error: 502
[2023-08-27T11:20:16.409+0000] {dag_etl.py:36} INFO - Complete extract resource: 0:00:00.293475
[2023-08-27T11:20:16.410+0000] {dag_etl.py:38} INFO - Transforming user...
[2023-08-27T11:20:16.412+0000] {dag_etl.py:107} ERROR - An Error Occur: Can only merge Series or DataFrame objects, a <class 'int'> was passed
[2023-08-27T11:20:16.422+0000] {python.py:194} INFO - Done. Returned value was: None
[2023-08-27T11:20:16.436+0000] {taskinstance.py:1400} INFO - Marking task as SUCCESS. dag_id=gaas_etl_1, task_id=etl_user, execution_date=20230827T111900, start_date=20230827T112007, end_date=20230827T112016
[2023-08-27T11:20:16.497+0000] {local_task_job_runner.py:228} INFO - Task exited with return code 0
[2023-08-27T11:20:16.532+0000] {taskinstance.py:2784} INFO - 0 downstream tasks scheduled from follow-on schedule check
