[2023-08-26T20:08:06.909+0000] {taskinstance.py:1159} INFO - Dependencies all met for dep_context=non-requeueable deps ti=<TaskInstance: gaas_etl_1.etl_user scheduled__2023-08-26T20:07:00+00:00 [queued]>
[2023-08-26T20:08:06.925+0000] {taskinstance.py:1159} INFO - Dependencies all met for dep_context=requeueable deps ti=<TaskInstance: gaas_etl_1.etl_user scheduled__2023-08-26T20:07:00+00:00 [queued]>
[2023-08-26T20:08:06.925+0000] {taskinstance.py:1361} INFO - Starting attempt 1 of 1
[2023-08-26T20:08:06.955+0000] {taskinstance.py:1382} INFO - Executing <Task(PythonOperator): etl_user> on 2023-08-26 20:07:00+00:00
[2023-08-26T20:08:06.969+0000] {standard_task_runner.py:57} INFO - Started process 329582 to run task
[2023-08-26T20:08:07.018+0000] {standard_task_runner.py:84} INFO - Running: ['airflow', 'tasks', 'run', 'gaas_etl_1', 'etl_user', 'scheduled__2023-08-26T20:07:00+00:00', '--job-id', '2893', '--raw', '--subdir', 'DAGS_FOLDER/dag_etl.py', '--cfg-path', '/tmp/tmpuf3gu1dx']
[2023-08-26T20:08:07.037+0000] {standard_task_runner.py:85} INFO - Job 2893: Subtask etl_user
[2023-08-26T20:08:07.677+0000] {task_command.py:415} INFO - Running <TaskInstance: gaas_etl_1.etl_user scheduled__2023-08-26T20:07:00+00:00 [running]> on host data-system.us-central1-a.c.data-system-392010.internal
[2023-08-26T20:08:07.975+0000] {taskinstance.py:1660} INFO - Exporting env vars: AIRFLOW_CTX_DAG_EMAIL='hungnm15012002@gmail.com' AIRFLOW_CTX_DAG_OWNER='hungnm' AIRFLOW_CTX_DAG_ID='gaas_etl_1' AIRFLOW_CTX_TASK_ID='etl_user' AIRFLOW_CTX_EXECUTION_DATE='2023-08-26T20:07:00+00:00' AIRFLOW_CTX_TRY_NUMBER='1' AIRFLOW_CTX_DAG_RUN_ID='scheduled__2023-08-26T20:07:00+00:00'
[2023-08-26T20:08:07.998+0000] {dag_etl.py:28} INFO - Extracting user...
[2023-08-26T20:08:11.944+0000] {extract.py:36} INFO - Request time: 0:00:03.945578
[2023-08-26T20:08:12.171+0000] {extract.py:42} INFO - Create DataFrame time: 0:00:00.225911
[2023-08-26T20:08:12.174+0000] {dag_etl.py:31} INFO - Complete extract user: 0:00:04.175588
[2023-08-26T20:08:12.174+0000] {dag_etl.py:33} INFO - Extracting resource...
[2023-08-26T20:08:13.943+0000] {extract.py:36} INFO - Request time: 0:00:01.768343
[2023-08-26T20:08:13.974+0000] {extract.py:42} INFO - Create DataFrame time: 0:00:00.031100
[2023-08-26T20:08:13.976+0000] {dag_etl.py:36} INFO - Complete extract resource: 0:00:01.802705
[2023-08-26T20:08:13.978+0000] {dag_etl.py:38} INFO - Transforming user...
[2023-08-26T20:08:14.091+0000] {dag_etl.py:42} INFO - Complete transform user: 0:00:00.114673
[2023-08-26T20:08:14.092+0000] {dag_etl.py:44} INFO - transform space_ships...
[2023-08-26T20:08:14.192+0000] {dag_etl.py:47} INFO - Complete transform space_ships: 0:00:00.101216
[2023-08-26T20:08:14.193+0000] {dag_etl.py:49} INFO - transform drones...
[2023-08-26T20:08:14.248+0000] {dag_etl.py:52} INFO - Complete transform drones: 0:00:00.055292
[2023-08-26T20:08:14.248+0000] {dag_etl.py:54} INFO - transform pilots...
[2023-08-26T20:08:14.287+0000] {dag_etl.py:57} INFO - Complete transform pilots: 0:00:00.039379
[2023-08-26T20:08:14.287+0000] {dag_etl.py:59} INFO - transform talents...
[2023-08-26T20:08:14.306+0000] {dag_etl.py:62} INFO - Complete transform talents: 0:00:00.019336
[2023-08-26T20:08:14.307+0000] {dag_etl.py:64} INFO - transform expert_items...
[2023-08-26T20:08:14.337+0000] {dag_etl.py:67} INFO - Complete transform expert_items: 0:00:00.030832
[2023-08-26T20:08:14.338+0000] {dag_etl.py:69} INFO - Loading user...
[2023-08-26T20:08:15.290+0000] {dag_etl.py:72} INFO - Complete load user: 0:00:00.953004
[2023-08-26T20:08:15.291+0000] {dag_etl.py:74} INFO - Loading space_ships...
[2023-08-26T20:08:16.516+0000] {dag_etl.py:77} INFO - Complete load space_ships: 0:00:01.225568
[2023-08-26T20:08:16.516+0000] {dag_etl.py:79} INFO - Loading drones...
[2023-08-26T20:08:18.033+0000] {dag_etl.py:82} INFO - Complete load drones: 0:00:01.517514
[2023-08-26T20:08:18.034+0000] {dag_etl.py:84} INFO - Loading pilots...
[2023-08-26T20:08:20.111+0000] {dag_etl.py:87} INFO - Complete load drones: 0:00:02.077575
[2023-08-26T20:08:20.112+0000] {dag_etl.py:89} INFO - Loading talents...
[2023-08-26T20:08:21.448+0000] {dag_etl.py:92} INFO - Complete load drones: 0:00:01.337386
[2023-08-26T20:08:21.449+0000] {dag_etl.py:94} INFO - Loading expert_items...
[2023-08-26T20:08:22.414+0000] {dag_etl.py:97} INFO - Complete load drones: 0:00:00.966280
[2023-08-26T20:08:22.416+0000] {dag_etl.py:99} INFO - Complete ETL Users in : 0:00:14.417552
[2023-08-26T20:08:22.456+0000] {python.py:194} INFO - Done. Returned value was: None
[2023-08-26T20:08:22.490+0000] {taskinstance.py:1400} INFO - Marking task as SUCCESS. dag_id=gaas_etl_1, task_id=etl_user, execution_date=20230826T200700, start_date=20230826T200806, end_date=20230826T200822
[2023-08-26T20:08:22.558+0000] {local_task_job_runner.py:228} INFO - Task exited with return code 0
[2023-08-26T20:08:22.598+0000] {taskinstance.py:2784} INFO - 0 downstream tasks scheduled from follow-on schedule check
