[2023-08-27T01:25:04.795+0000] {taskinstance.py:1159} INFO - Dependencies all met for dep_context=non-requeueable deps ti=<TaskInstance: gaas_etl_1.etl_user scheduled__2023-08-27T01:24:00+00:00 [queued]>
[2023-08-27T01:25:04.811+0000] {taskinstance.py:1159} INFO - Dependencies all met for dep_context=requeueable deps ti=<TaskInstance: gaas_etl_1.etl_user scheduled__2023-08-27T01:24:00+00:00 [queued]>
[2023-08-27T01:25:04.812+0000] {taskinstance.py:1361} INFO - Starting attempt 1 of 1
[2023-08-27T01:25:04.841+0000] {taskinstance.py:1382} INFO - Executing <Task(PythonOperator): etl_user> on 2023-08-27 01:24:00+00:00
[2023-08-27T01:25:04.851+0000] {standard_task_runner.py:57} INFO - Started process 342266 to run task
[2023-08-27T01:25:04.866+0000] {standard_task_runner.py:84} INFO - Running: ['airflow', 'tasks', 'run', 'gaas_etl_1', 'etl_user', 'scheduled__2023-08-27T01:24:00+00:00', '--job-id', '3845', '--raw', '--subdir', 'DAGS_FOLDER/dag_etl.py', '--cfg-path', '/tmp/tmpvapx99_j']
[2023-08-27T01:25:04.876+0000] {standard_task_runner.py:85} INFO - Job 3845: Subtask etl_user
[2023-08-27T01:25:05.197+0000] {task_command.py:415} INFO - Running <TaskInstance: gaas_etl_1.etl_user scheduled__2023-08-27T01:24:00+00:00 [running]> on host data-system.us-central1-a.c.data-system-392010.internal
[2023-08-27T01:25:05.588+0000] {taskinstance.py:1660} INFO - Exporting env vars: AIRFLOW_CTX_DAG_EMAIL='hungnm15012002@gmail.com' AIRFLOW_CTX_DAG_OWNER='hungnm' AIRFLOW_CTX_DAG_ID='gaas_etl_1' AIRFLOW_CTX_TASK_ID='etl_user' AIRFLOW_CTX_EXECUTION_DATE='2023-08-27T01:24:00+00:00' AIRFLOW_CTX_TRY_NUMBER='1' AIRFLOW_CTX_DAG_RUN_ID='scheduled__2023-08-27T01:24:00+00:00'
[2023-08-27T01:25:05.606+0000] {dag_etl.py:28} INFO - Extracting user...
[2023-08-27T01:25:09.868+0000] {extract.py:36} INFO - Request time: 0:00:04.261286
[2023-08-27T01:25:10.598+0000] {extract.py:42} INFO - Create DataFrame time: 0:00:00.728701
[2023-08-27T01:25:10.603+0000] {dag_etl.py:31} INFO - Complete extract user: 0:00:04.996410
[2023-08-27T01:25:10.603+0000] {dag_etl.py:33} INFO - Extracting resource...
[2023-08-27T01:25:12.130+0000] {extract.py:36} INFO - Request time: 0:00:01.525832
[2023-08-27T01:25:12.185+0000] {extract.py:42} INFO - Create DataFrame time: 0:00:00.054813
[2023-08-27T01:25:12.189+0000] {dag_etl.py:36} INFO - Complete extract resource: 0:00:01.585871
[2023-08-27T01:25:12.190+0000] {dag_etl.py:38} INFO - Transforming user...
[2023-08-27T01:25:12.416+0000] {dag_etl.py:42} INFO - Complete transform user: 0:00:00.227533
[2023-08-27T01:25:12.417+0000] {dag_etl.py:44} INFO - transform space_ships...
[2023-08-27T01:25:12.591+0000] {dag_etl.py:47} INFO - Complete transform space_ships: 0:00:00.174434
[2023-08-27T01:25:12.591+0000] {dag_etl.py:49} INFO - transform drones...
[2023-08-27T01:25:12.744+0000] {dag_etl.py:52} INFO - Complete transform drones: 0:00:00.153793
[2023-08-27T01:25:12.745+0000] {dag_etl.py:54} INFO - transform pilots...
[2023-08-27T01:25:12.853+0000] {dag_etl.py:57} INFO - Complete transform pilots: 0:00:00.108418
[2023-08-27T01:25:12.854+0000] {dag_etl.py:59} INFO - transform talents...
[2023-08-27T01:25:12.899+0000] {dag_etl.py:62} INFO - Complete transform talents: 0:00:00.046523
[2023-08-27T01:25:12.900+0000] {dag_etl.py:64} INFO - transform expert_items...
[2023-08-27T01:25:12.941+0000] {dag_etl.py:67} INFO - Complete transform expert_items: 0:00:00.042171
[2023-08-27T01:25:12.942+0000] {dag_etl.py:69} INFO - Loading user...
[2023-08-27T01:25:14.313+0000] {dag_etl.py:72} INFO - Complete load user: 0:00:01.371782
[2023-08-27T01:25:14.314+0000] {dag_etl.py:74} INFO - Loading space_ships...
[2023-08-27T01:25:16.249+0000] {dag_etl.py:77} INFO - Complete load space_ships: 0:00:01.936079
[2023-08-27T01:25:16.250+0000] {dag_etl.py:79} INFO - Loading drones...
[2023-08-27T01:25:18.339+0000] {dag_etl.py:82} INFO - Complete load drones: 0:00:02.089879
[2023-08-27T01:25:18.340+0000] {dag_etl.py:84} INFO - Loading pilots...
[2023-08-27T01:25:21.060+0000] {dag_etl.py:87} INFO - Complete load drones: 0:00:02.721098
[2023-08-27T01:25:21.061+0000] {dag_etl.py:89} INFO - Loading talents...
[2023-08-27T01:25:23.094+0000] {dag_etl.py:92} INFO - Complete load drones: 0:00:02.033787
[2023-08-27T01:25:23.095+0000] {dag_etl.py:94} INFO - Loading expert_items...
[2023-08-27T01:25:24.377+0000] {dag_etl.py:97} INFO - Complete load drones: 0:00:01.282857
[2023-08-27T01:25:24.378+0000] {dag_etl.py:99} INFO - Complete ETL Users in : 0:00:18.771509
[2023-08-27T01:25:24.424+0000] {python.py:194} INFO - Done. Returned value was: None
[2023-08-27T01:25:24.466+0000] {taskinstance.py:1400} INFO - Marking task as SUCCESS. dag_id=gaas_etl_1, task_id=etl_user, execution_date=20230827T012400, start_date=20230827T012504, end_date=20230827T012524
[2023-08-27T01:25:24.563+0000] {local_task_job_runner.py:228} INFO - Task exited with return code 0
[2023-08-27T01:25:24.596+0000] {taskinstance.py:2784} INFO - 0 downstream tasks scheduled from follow-on schedule check
