[2023-08-26T10:22:04.532+0000] {taskinstance.py:1159} INFO - Dependencies all met for dep_context=non-requeueable deps ti=<TaskInstance: gaas_etl_1.etl_user scheduled__2023-08-26T10:21:00+00:00 [queued]>
[2023-08-26T10:22:04.562+0000] {taskinstance.py:1159} INFO - Dependencies all met for dep_context=requeueable deps ti=<TaskInstance: gaas_etl_1.etl_user scheduled__2023-08-26T10:21:00+00:00 [queued]>
[2023-08-26T10:22:04.563+0000] {taskinstance.py:1361} INFO - Starting attempt 1 of 1
[2023-08-26T10:22:04.592+0000] {taskinstance.py:1382} INFO - Executing <Task(PythonOperator): etl_user> on 2023-08-26 10:21:00+00:00
[2023-08-26T10:22:04.606+0000] {standard_task_runner.py:57} INFO - Started process 299765 to run task
[2023-08-26T10:22:04.619+0000] {standard_task_runner.py:84} INFO - Running: ['airflow', 'tasks', 'run', 'gaas_etl_1', 'etl_user', 'scheduled__2023-08-26T10:21:00+00:00', '--job-id', '1135', '--raw', '--subdir', 'DAGS_FOLDER/dag_etl.py', '--cfg-path', '/tmp/tmp5c_pafrg']
[2023-08-26T10:22:04.626+0000] {standard_task_runner.py:85} INFO - Job 1135: Subtask etl_user
[2023-08-26T10:22:04.795+0000] {task_command.py:415} INFO - Running <TaskInstance: gaas_etl_1.etl_user scheduled__2023-08-26T10:21:00+00:00 [running]> on host data-system.us-central1-a.c.data-system-392010.internal
[2023-08-26T10:22:05.025+0000] {taskinstance.py:1660} INFO - Exporting env vars: AIRFLOW_CTX_DAG_EMAIL='hungnm15012002@gmail.com' AIRFLOW_CTX_DAG_OWNER='hungnm' AIRFLOW_CTX_DAG_ID='gaas_etl_1' AIRFLOW_CTX_TASK_ID='etl_user' AIRFLOW_CTX_EXECUTION_DATE='2023-08-26T10:21:00+00:00' AIRFLOW_CTX_TRY_NUMBER='1' AIRFLOW_CTX_DAG_RUN_ID='scheduled__2023-08-26T10:21:00+00:00'
[2023-08-26T10:22:05.049+0000] {dag_etl.py:28} INFO - Extracting user...
[2023-08-26T10:22:06.583+0000] {extract.py:36} INFO - Request time: 0:00:01.532747
[2023-08-26T10:22:06.609+0000] {extract.py:42} INFO - Create DataFrame time: 0:00:00.025259
[2023-08-26T10:22:06.611+0000] {dag_etl.py:31} INFO - Complete extract user: 0:00:01.561668
[2023-08-26T10:22:06.611+0000] {dag_etl.py:33} INFO - Extracting resource...
[2023-08-26T10:22:07.372+0000] {extract.py:36} INFO - Request time: 0:00:00.760000
[2023-08-26T10:22:07.395+0000] {extract.py:42} INFO - Create DataFrame time: 0:00:00.022446
[2023-08-26T10:22:07.399+0000] {dag_etl.py:36} INFO - Complete extract resource: 0:00:00.788393
[2023-08-26T10:22:07.401+0000] {dag_etl.py:38} INFO - Transforming user...
[2023-08-26T10:22:07.444+0000] {dag_etl.py:42} INFO - Complete transform user: 0:00:00.045210
[2023-08-26T10:22:07.445+0000] {dag_etl.py:44} INFO - transform space_ships...
[2023-08-26T10:22:07.464+0000] {dag_etl.py:47} INFO - Complete transform space_ships: 0:00:00.019108
[2023-08-26T10:22:07.464+0000] {dag_etl.py:49} INFO - transform drones...
[2023-08-26T10:22:07.477+0000] {dag_etl.py:52} INFO - Complete transform drones: 0:00:00.013036
[2023-08-26T10:22:07.477+0000] {dag_etl.py:54} INFO - transform pilots...
[2023-08-26T10:22:07.488+0000] {dag_etl.py:57} INFO - Complete transform pilots: 0:00:00.011715
[2023-08-26T10:22:07.489+0000] {dag_etl.py:59} INFO - transform talents...
[2023-08-26T10:22:07.496+0000] {dag_etl.py:62} INFO - Complete transform talents: 0:00:00.007749
[2023-08-26T10:22:07.497+0000] {dag_etl.py:64} INFO - transform expert_items...
[2023-08-26T10:22:07.507+0000] {dag_etl.py:67} INFO - Complete transform expert_items: 0:00:00.010450
[2023-08-26T10:22:07.507+0000] {dag_etl.py:69} INFO - Loading user...
[2023-08-26T10:22:07.532+0000] {dag_etl.py:72} INFO - Complete load user: 0:00:00.025736
[2023-08-26T10:22:07.533+0000] {dag_etl.py:74} INFO - Loading space_ships...
[2023-08-26T10:22:07.567+0000] {dag_etl.py:77} INFO - Complete load space_ships: 0:00:00.034462
[2023-08-26T10:22:07.567+0000] {dag_etl.py:79} INFO - Loading drones...
[2023-08-26T10:22:07.582+0000] {dag_etl.py:82} INFO - Complete load drones: 0:00:00.014912
[2023-08-26T10:22:07.582+0000] {dag_etl.py:84} INFO - Loading pilots...
[2023-08-26T10:22:07.608+0000] {dag_etl.py:87} INFO - Complete load drones: 0:00:00.025895
[2023-08-26T10:22:07.608+0000] {dag_etl.py:89} INFO - Loading talents...
[2023-08-26T10:22:07.620+0000] {dag_etl.py:92} INFO - Complete load drones: 0:00:00.012754
[2023-08-26T10:22:07.621+0000] {dag_etl.py:94} INFO - Loading expert_items...
[2023-08-26T10:22:07.625+0000] {dag_etl.py:97} INFO - Complete load drones: 0:00:00.004426
[2023-08-26T10:22:07.625+0000] {dag_etl.py:99} INFO - Complete ETL Users in : 0:00:02.576082
[2023-08-26T10:22:07.627+0000] {python.py:194} INFO - Done. Returned value was: None
[2023-08-26T10:22:07.640+0000] {taskinstance.py:1400} INFO - Marking task as SUCCESS. dag_id=gaas_etl_1, task_id=etl_user, execution_date=20230826T102100, start_date=20230826T102204, end_date=20230826T102207
[2023-08-26T10:22:07.681+0000] {local_task_job_runner.py:228} INFO - Task exited with return code 0
[2023-08-26T10:22:07.707+0000] {taskinstance.py:2784} INFO - 0 downstream tasks scheduled from follow-on schedule check
