[2023-08-28T00:34:09.904+0000] {taskinstance.py:1159} INFO - Dependencies all met for dep_context=non-requeueable deps ti=<TaskInstance: gaas_etl_1.etl_user scheduled__2023-08-28T00:33:00+00:00 [queued]>
[2023-08-28T00:34:09.920+0000] {taskinstance.py:1159} INFO - Dependencies all met for dep_context=requeueable deps ti=<TaskInstance: gaas_etl_1.etl_user scheduled__2023-08-28T00:33:00+00:00 [queued]>
[2023-08-28T00:34:09.921+0000] {taskinstance.py:1361} INFO - Starting attempt 1 of 1
[2023-08-28T00:34:09.945+0000] {taskinstance.py:1382} INFO - Executing <Task(PythonOperator): etl_user> on 2023-08-28 00:33:00+00:00
[2023-08-28T00:34:09.957+0000] {standard_task_runner.py:57} INFO - Started process 480496 to run task
[2023-08-28T00:34:09.974+0000] {standard_task_runner.py:84} INFO - Running: ['airflow', 'tasks', 'run', 'gaas_etl_1', 'etl_user', 'scheduled__2023-08-28T00:33:00+00:00', '--job-id', '8012', '--raw', '--subdir', 'DAGS_FOLDER/dag_etl.py', '--cfg-path', '/tmp/tmpbaby5e9h']
[2023-08-28T00:34:09.985+0000] {standard_task_runner.py:85} INFO - Job 8012: Subtask etl_user
[2023-08-28T00:34:11.024+0000] {task_command.py:415} INFO - Running <TaskInstance: gaas_etl_1.etl_user scheduled__2023-08-28T00:33:00+00:00 [running]> on host data-system.us-central1-a.c.data-system-392010.internal
[2023-08-28T00:34:11.549+0000] {taskinstance.py:1660} INFO - Exporting env vars: AIRFLOW_CTX_DAG_EMAIL='hungnm15012002@gmail.com' AIRFLOW_CTX_DAG_OWNER='hungnm' AIRFLOW_CTX_DAG_ID='gaas_etl_1' AIRFLOW_CTX_TASK_ID='etl_user' AIRFLOW_CTX_EXECUTION_DATE='2023-08-28T00:33:00+00:00' AIRFLOW_CTX_TRY_NUMBER='1' AIRFLOW_CTX_DAG_RUN_ID='scheduled__2023-08-28T00:33:00+00:00'
[2023-08-28T00:34:11.571+0000] {dag_etl.py:28} INFO - Extracting user...
[2023-08-28T00:34:17.935+0000] {extract.py:36} INFO - Request time: 0:00:06.363501
[2023-08-28T00:34:18.387+0000] {extract.py:42} INFO - Create DataFrame time: 0:00:00.451367
[2023-08-28T00:34:18.391+0000] {dag_etl.py:31} INFO - Complete extract user: 0:00:06.819081
[2023-08-28T00:34:18.391+0000] {dag_etl.py:33} INFO - Extracting resource...
[2023-08-28T00:34:29.333+0000] {extract.py:36} INFO - Request time: 0:00:10.941442
[2023-08-28T00:34:29.382+0000] {extract.py:42} INFO - Create DataFrame time: 0:00:00.048282
[2023-08-28T00:34:29.384+0000] {dag_etl.py:36} INFO - Complete extract resource: 0:00:10.993724
[2023-08-28T00:34:29.385+0000] {dag_etl.py:38} INFO - Transforming user...
[2023-08-28T00:34:29.545+0000] {dag_etl.py:42} INFO - Complete transform user: 0:00:00.161182
[2023-08-28T00:34:29.546+0000] {dag_etl.py:44} INFO - transform space_ships...
[2023-08-28T00:34:29.653+0000] {dag_etl.py:47} INFO - Complete transform space_ships: 0:00:00.107096
[2023-08-28T00:34:29.653+0000] {dag_etl.py:49} INFO - transform drones...
[2023-08-28T00:34:29.754+0000] {dag_etl.py:52} INFO - Complete transform drones: 0:00:00.100996
[2023-08-28T00:34:29.762+0000] {dag_etl.py:54} INFO - transform pilots...
[2023-08-28T00:34:29.859+0000] {dag_etl.py:57} INFO - Complete transform pilots: 0:00:00.105538
[2023-08-28T00:34:29.860+0000] {dag_etl.py:59} INFO - transform talents...
[2023-08-28T00:34:29.887+0000] {dag_etl.py:62} INFO - Complete transform talents: 0:00:00.027465
[2023-08-28T00:34:29.887+0000] {dag_etl.py:64} INFO - transform expert_items...
[2023-08-28T00:34:29.915+0000] {dag_etl.py:67} INFO - Complete transform expert_items: 0:00:00.028460
[2023-08-28T00:34:29.915+0000] {dag_etl.py:69} INFO - Loading user...
[2023-08-28T00:34:30.908+0000] {dag_etl.py:72} INFO - Complete load user: 0:00:00.992549
[2023-08-28T00:34:30.908+0000] {dag_etl.py:74} INFO - Loading space_ships...
[2023-08-28T00:34:32.042+0000] {dag_etl.py:77} INFO - Complete load space_ships: 0:00:01.134277
[2023-08-28T00:34:32.042+0000] {dag_etl.py:79} INFO - Loading drones...
[2023-08-28T00:34:32.876+0000] {dag_etl.py:82} INFO - Complete load drones: 0:00:00.834040
[2023-08-28T00:34:32.876+0000] {dag_etl.py:84} INFO - Loading pilots...
[2023-08-28T00:34:34.676+0000] {dag_etl.py:87} INFO - Complete load drones: 0:00:01.800495
[2023-08-28T00:34:34.677+0000] {dag_etl.py:89} INFO - Loading talents...
[2023-08-28T00:34:35.625+0000] {dag_etl.py:92} INFO - Complete load drones: 0:00:00.948205
[2023-08-28T00:34:35.625+0000] {dag_etl.py:94} INFO - Loading expert_items...
[2023-08-28T00:34:36.213+0000] {dag_etl.py:97} INFO - Complete load drones: 0:00:00.588015
[2023-08-28T00:34:36.213+0000] {dag_etl.py:99} INFO - Complete ETL Users in : 0:00:24.641899
[2023-08-28T00:34:36.271+0000] {python.py:194} INFO - Done. Returned value was: None
[2023-08-28T00:34:36.316+0000] {taskinstance.py:1400} INFO - Marking task as SUCCESS. dag_id=gaas_etl_1, task_id=etl_user, execution_date=20230828T003300, start_date=20230828T003409, end_date=20230828T003436
[2023-08-28T00:34:36.401+0000] {local_task_job_runner.py:228} INFO - Task exited with return code 0
[2023-08-28T00:34:36.462+0000] {taskinstance.py:2784} INFO - 0 downstream tasks scheduled from follow-on schedule check
