[2023-08-28T00:53:06.667+0000] {taskinstance.py:1159} INFO - Dependencies all met for dep_context=non-requeueable deps ti=<TaskInstance: gaas_etl_1.etl_user scheduled__2023-08-28T00:52:00+00:00 [queued]>
[2023-08-28T00:53:06.686+0000] {taskinstance.py:1159} INFO - Dependencies all met for dep_context=requeueable deps ti=<TaskInstance: gaas_etl_1.etl_user scheduled__2023-08-28T00:52:00+00:00 [queued]>
[2023-08-28T00:53:06.686+0000] {taskinstance.py:1361} INFO - Starting attempt 1 of 1
[2023-08-28T00:53:06.727+0000] {taskinstance.py:1382} INFO - Executing <Task(PythonOperator): etl_user> on 2023-08-28 00:52:00+00:00
[2023-08-28T00:53:06.736+0000] {standard_task_runner.py:57} INFO - Started process 482479 to run task
[2023-08-28T00:53:06.750+0000] {standard_task_runner.py:84} INFO - Running: ['airflow', 'tasks', 'run', 'gaas_etl_1', 'etl_user', 'scheduled__2023-08-28T00:52:00+00:00', '--job-id', '8069', '--raw', '--subdir', 'DAGS_FOLDER/dag_etl.py', '--cfg-path', '/tmp/tmpaoqli_g7']
[2023-08-28T00:53:06.760+0000] {standard_task_runner.py:85} INFO - Job 8069: Subtask etl_user
[2023-08-28T00:53:08.176+0000] {task_command.py:415} INFO - Running <TaskInstance: gaas_etl_1.etl_user scheduled__2023-08-28T00:52:00+00:00 [running]> on host data-system.us-central1-a.c.data-system-392010.internal
[2023-08-28T00:53:08.864+0000] {taskinstance.py:1660} INFO - Exporting env vars: AIRFLOW_CTX_DAG_EMAIL='hungnm15012002@gmail.com' AIRFLOW_CTX_DAG_OWNER='hungnm' AIRFLOW_CTX_DAG_ID='gaas_etl_1' AIRFLOW_CTX_TASK_ID='etl_user' AIRFLOW_CTX_EXECUTION_DATE='2023-08-28T00:52:00+00:00' AIRFLOW_CTX_TRY_NUMBER='1' AIRFLOW_CTX_DAG_RUN_ID='scheduled__2023-08-28T00:52:00+00:00'
[2023-08-28T00:53:08.888+0000] {dag_etl.py:28} INFO - Extracting user...
[2023-08-28T00:53:12.496+0000] {extract.py:36} INFO - Request time: 0:00:03.607664
[2023-08-28T00:53:12.639+0000] {extract.py:42} INFO - Create DataFrame time: 0:00:00.142745
[2023-08-28T00:53:12.642+0000] {dag_etl.py:31} INFO - Complete extract user: 0:00:03.754542
[2023-08-28T00:53:12.643+0000] {dag_etl.py:33} INFO - Extracting resource...
[2023-08-28T00:53:15.134+0000] {extract.py:36} INFO - Request time: 0:00:02.490415
[2023-08-28T00:53:15.164+0000] {extract.py:42} INFO - Create DataFrame time: 0:00:00.029222
[2023-08-28T00:53:15.166+0000] {dag_etl.py:36} INFO - Complete extract resource: 0:00:02.523841
[2023-08-28T00:53:15.167+0000] {dag_etl.py:38} INFO - Transforming user...
[2023-08-28T00:53:15.281+0000] {dag_etl.py:42} INFO - Complete transform user: 0:00:00.114931
[2023-08-28T00:53:15.282+0000] {dag_etl.py:44} INFO - transform space_ships...
[2023-08-28T00:53:15.357+0000] {dag_etl.py:47} INFO - Complete transform space_ships: 0:00:00.075760
[2023-08-28T00:53:15.358+0000] {dag_etl.py:49} INFO - transform drones...
[2023-08-28T00:53:15.413+0000] {dag_etl.py:52} INFO - Complete transform drones: 0:00:00.055464
[2023-08-28T00:53:15.413+0000] {dag_etl.py:54} INFO - transform pilots...
[2023-08-28T00:53:15.451+0000] {dag_etl.py:57} INFO - Complete transform pilots: 0:00:00.038023
[2023-08-28T00:53:15.451+0000] {dag_etl.py:59} INFO - transform talents...
[2023-08-28T00:53:15.474+0000] {dag_etl.py:62} INFO - Complete transform talents: 0:00:00.023254
[2023-08-28T00:53:15.474+0000] {dag_etl.py:64} INFO - transform expert_items...
[2023-08-28T00:53:15.515+0000] {dag_etl.py:67} INFO - Complete transform expert_items: 0:00:00.040973
[2023-08-28T00:53:15.515+0000] {dag_etl.py:69} INFO - Loading user...
[2023-08-28T00:53:16.379+0000] {dag_etl.py:72} INFO - Complete load user: 0:00:00.864109
[2023-08-28T00:53:16.379+0000] {dag_etl.py:74} INFO - Loading space_ships...
[2023-08-28T00:53:17.124+0000] {dag_etl.py:77} INFO - Complete load space_ships: 0:00:00.744682
[2023-08-28T00:53:17.124+0000] {dag_etl.py:79} INFO - Loading drones...
[2023-08-28T00:53:17.704+0000] {dag_etl.py:82} INFO - Complete load drones: 0:00:00.580344
[2023-08-28T00:53:17.704+0000] {dag_etl.py:84} INFO - Loading pilots...
[2023-08-28T00:53:18.645+0000] {dag_etl.py:87} INFO - Complete load drones: 0:00:00.940731
[2023-08-28T00:53:18.645+0000] {dag_etl.py:89} INFO - Loading talents...
[2023-08-28T00:53:19.237+0000] {dag_etl.py:92} INFO - Complete load drones: 0:00:00.592155
[2023-08-28T00:53:19.237+0000] {dag_etl.py:94} INFO - Loading expert_items...
[2023-08-28T00:53:19.807+0000] {dag_etl.py:97} INFO - Complete load drones: 0:00:00.570321
[2023-08-28T00:53:19.808+0000] {dag_etl.py:99} INFO - Complete ETL Users in : 0:00:10.919637
[2023-08-28T00:53:19.830+0000] {python.py:194} INFO - Done. Returned value was: None
[2023-08-28T00:53:19.875+0000] {taskinstance.py:1400} INFO - Marking task as SUCCESS. dag_id=gaas_etl_1, task_id=etl_user, execution_date=20230828T005200, start_date=20230828T005306, end_date=20230828T005319
[2023-08-28T00:53:19.976+0000] {local_task_job_runner.py:228} INFO - Task exited with return code 0
[2023-08-28T00:53:20.038+0000] {taskinstance.py:2784} INFO - 0 downstream tasks scheduled from follow-on schedule check
