[2023-08-27T13:22:06.031+0000] {taskinstance.py:1159} INFO - Dependencies all met for dep_context=non-requeueable deps ti=<TaskInstance: gaas_etl_1.etl_user scheduled__2023-08-27T13:21:00+00:00 [queued]>
[2023-08-27T13:22:06.046+0000] {taskinstance.py:1159} INFO - Dependencies all met for dep_context=requeueable deps ti=<TaskInstance: gaas_etl_1.etl_user scheduled__2023-08-27T13:21:00+00:00 [queued]>
[2023-08-27T13:22:06.047+0000] {taskinstance.py:1361} INFO - Starting attempt 1 of 1
[2023-08-27T13:22:06.073+0000] {taskinstance.py:1382} INFO - Executing <Task(PythonOperator): etl_user> on 2023-08-27 13:21:00+00:00
[2023-08-27T13:22:06.086+0000] {standard_task_runner.py:57} INFO - Started process 409847 to run task
[2023-08-27T13:22:06.100+0000] {standard_task_runner.py:84} INFO - Running: ['airflow', 'tasks', 'run', 'gaas_etl_1', 'etl_user', 'scheduled__2023-08-27T13:21:00+00:00', '--job-id', '5996', '--raw', '--subdir', 'DAGS_FOLDER/dag_etl.py', '--cfg-path', '/tmp/tmp321iejii']
[2023-08-27T13:22:06.105+0000] {standard_task_runner.py:85} INFO - Job 5996: Subtask etl_user
[2023-08-27T13:22:06.975+0000] {task_command.py:415} INFO - Running <TaskInstance: gaas_etl_1.etl_user scheduled__2023-08-27T13:21:00+00:00 [running]> on host data-system.us-central1-a.c.data-system-392010.internal
[2023-08-27T13:22:07.475+0000] {taskinstance.py:1660} INFO - Exporting env vars: AIRFLOW_CTX_DAG_EMAIL='hungnm15012002@gmail.com' AIRFLOW_CTX_DAG_OWNER='hungnm' AIRFLOW_CTX_DAG_ID='gaas_etl_1' AIRFLOW_CTX_TASK_ID='etl_user' AIRFLOW_CTX_EXECUTION_DATE='2023-08-27T13:21:00+00:00' AIRFLOW_CTX_TRY_NUMBER='1' AIRFLOW_CTX_DAG_RUN_ID='scheduled__2023-08-27T13:21:00+00:00'
[2023-08-27T13:22:07.496+0000] {dag_etl.py:28} INFO - Extracting user...
[2023-08-27T13:22:15.737+0000] {extract.py:36} INFO - Request time: 0:00:08.240574
[2023-08-27T13:22:16.811+0000] {extract.py:42} INFO - Create DataFrame time: 0:00:01.072246
[2023-08-27T13:22:16.818+0000] {dag_etl.py:31} INFO - Complete extract user: 0:00:09.321919
[2023-08-27T13:22:16.819+0000] {dag_etl.py:33} INFO - Extracting resource...
[2023-08-27T13:22:20.029+0000] {extract.py:36} INFO - Request time: 0:00:03.209775
[2023-08-27T13:22:20.172+0000] {extract.py:42} INFO - Create DataFrame time: 0:00:00.142374
[2023-08-27T13:22:20.176+0000] {dag_etl.py:36} INFO - Complete extract resource: 0:00:03.358063
[2023-08-27T13:22:20.179+0000] {dag_etl.py:38} INFO - Transforming user...
[2023-08-27T13:22:20.656+0000] {dag_etl.py:42} INFO - Complete transform user: 0:00:00.479893
[2023-08-27T13:22:20.657+0000] {dag_etl.py:44} INFO - transform space_ships...
[2023-08-27T13:22:20.949+0000] {dag_etl.py:47} INFO - Complete transform space_ships: 0:00:00.292455
[2023-08-27T13:22:20.949+0000] {dag_etl.py:49} INFO - transform drones...
[2023-08-27T13:22:21.141+0000] {dag_etl.py:52} INFO - Complete transform drones: 0:00:00.191813
[2023-08-27T13:22:21.141+0000] {dag_etl.py:54} INFO - transform pilots...
[2023-08-27T13:22:21.271+0000] {dag_etl.py:57} INFO - Complete transform pilots: 0:00:00.130730
[2023-08-27T13:22:21.272+0000] {dag_etl.py:59} INFO - transform talents...
[2023-08-27T13:22:21.351+0000] {dag_etl.py:62} INFO - Complete transform talents: 0:00:00.079933
[2023-08-27T13:22:21.352+0000] {dag_etl.py:64} INFO - transform expert_items...
[2023-08-27T13:22:21.410+0000] {dag_etl.py:67} INFO - Complete transform expert_items: 0:00:00.058326
[2023-08-27T13:22:21.410+0000] {dag_etl.py:69} INFO - Loading user...
[2023-08-27T13:22:23.872+0000] {dag_etl.py:72} INFO - Complete load user: 0:00:02.462102
[2023-08-27T13:22:23.872+0000] {dag_etl.py:74} INFO - Loading space_ships...
[2023-08-27T13:22:27.728+0000] {dag_etl.py:77} INFO - Complete load space_ships: 0:00:03.856780
[2023-08-27T13:22:27.729+0000] {dag_etl.py:79} INFO - Loading drones...
[2023-08-27T13:22:30.394+0000] {dag_etl.py:82} INFO - Complete load drones: 0:00:02.665410
[2023-08-27T13:22:30.395+0000] {dag_etl.py:84} INFO - Loading pilots...
[2023-08-27T13:22:34.356+0000] {dag_etl.py:87} INFO - Complete load drones: 0:00:03.962304
[2023-08-27T13:22:34.357+0000] {dag_etl.py:89} INFO - Loading talents...
[2023-08-27T13:22:36.836+0000] {dag_etl.py:92} INFO - Complete load drones: 0:00:02.479890
[2023-08-27T13:22:36.836+0000] {dag_etl.py:94} INFO - Loading expert_items...
[2023-08-27T13:22:38.619+0000] {dag_etl.py:97} INFO - Complete load drones: 0:00:01.783242
[2023-08-27T13:22:38.620+0000] {dag_etl.py:99} INFO - Complete ETL Users in : 0:00:31.123457
[2023-08-27T13:22:38.661+0000] {python.py:194} INFO - Done. Returned value was: None
[2023-08-27T13:22:38.681+0000] {taskinstance.py:1400} INFO - Marking task as SUCCESS. dag_id=gaas_etl_1, task_id=etl_user, execution_date=20230827T132100, start_date=20230827T132206, end_date=20230827T132238
[2023-08-27T13:22:38.763+0000] {local_task_job_runner.py:228} INFO - Task exited with return code 0
[2023-08-27T13:22:38.788+0000] {taskinstance.py:2784} INFO - 0 downstream tasks scheduled from follow-on schedule check
