[2023-08-27T18:19:06.523+0000] {taskinstance.py:1159} INFO - Dependencies all met for dep_context=non-requeueable deps ti=<TaskInstance: gaas_etl_1.etl_user scheduled__2023-08-27T18:18:00+00:00 [queued]>
[2023-08-27T18:19:06.539+0000] {taskinstance.py:1159} INFO - Dependencies all met for dep_context=requeueable deps ti=<TaskInstance: gaas_etl_1.etl_user scheduled__2023-08-27T18:18:00+00:00 [queued]>
[2023-08-27T18:19:06.540+0000] {taskinstance.py:1361} INFO - Starting attempt 1 of 1
[2023-08-27T18:19:06.568+0000] {taskinstance.py:1382} INFO - Executing <Task(PythonOperator): etl_user> on 2023-08-27 18:18:00+00:00
[2023-08-27T18:19:06.580+0000] {standard_task_runner.py:57} INFO - Started process 441140 to run task
[2023-08-27T18:19:06.587+0000] {standard_task_runner.py:84} INFO - Running: ['airflow', 'tasks', 'run', 'gaas_etl_1', 'etl_user', 'scheduled__2023-08-27T18:18:00+00:00', '--job-id', '6887', '--raw', '--subdir', 'DAGS_FOLDER/dag_etl.py', '--cfg-path', '/tmp/tmpr67_47r2']
[2023-08-27T18:19:06.594+0000] {standard_task_runner.py:85} INFO - Job 6887: Subtask etl_user
[2023-08-27T18:19:07.171+0000] {task_command.py:415} INFO - Running <TaskInstance: gaas_etl_1.etl_user scheduled__2023-08-27T18:18:00+00:00 [running]> on host data-system.us-central1-a.c.data-system-392010.internal
[2023-08-27T18:19:07.960+0000] {taskinstance.py:1660} INFO - Exporting env vars: AIRFLOW_CTX_DAG_EMAIL='hungnm15012002@gmail.com' AIRFLOW_CTX_DAG_OWNER='hungnm' AIRFLOW_CTX_DAG_ID='gaas_etl_1' AIRFLOW_CTX_TASK_ID='etl_user' AIRFLOW_CTX_EXECUTION_DATE='2023-08-27T18:18:00+00:00' AIRFLOW_CTX_TRY_NUMBER='1' AIRFLOW_CTX_DAG_RUN_ID='scheduled__2023-08-27T18:18:00+00:00'
[2023-08-27T18:19:07.991+0000] {dag_etl.py:28} INFO - Extracting user...
[2023-08-27T18:19:24.610+0000] {extract.py:36} INFO - Request time: 0:00:16.618354
[2023-08-27T18:19:26.014+0000] {extract.py:42} INFO - Create DataFrame time: 0:00:01.403164
[2023-08-27T18:19:26.029+0000] {dag_etl.py:31} INFO - Complete extract user: 0:00:18.038621
[2023-08-27T18:19:26.030+0000] {dag_etl.py:33} INFO - Extracting resource...
[2023-08-27T18:19:26.532+0000] {extract.py:36} INFO - Request time: 0:00:00.501529
[2023-08-27T18:19:26.533+0000] {extract.py:45} ERROR - Server GAAS error: 502
[2023-08-27T18:19:26.544+0000] {dag_etl.py:36} INFO - Complete extract resource: 0:00:00.514367
[2023-08-27T18:19:26.545+0000] {dag_etl.py:38} INFO - Transforming user...
[2023-08-27T18:19:26.551+0000] {dag_etl.py:107} ERROR - An Error Occur: Can only merge Series or DataFrame objects, a <class 'int'> was passed
[2023-08-27T18:19:26.596+0000] {python.py:194} INFO - Done. Returned value was: None
[2023-08-27T18:19:26.615+0000] {taskinstance.py:1400} INFO - Marking task as SUCCESS. dag_id=gaas_etl_1, task_id=etl_user, execution_date=20230827T181800, start_date=20230827T181906, end_date=20230827T181926
[2023-08-27T18:19:26.690+0000] {local_task_job_runner.py:228} INFO - Task exited with return code 0
[2023-08-27T18:19:26.720+0000] {taskinstance.py:2784} INFO - 0 downstream tasks scheduled from follow-on schedule check
