[2023-08-27T10:51:07.457+0000] {taskinstance.py:1159} INFO - Dependencies all met for dep_context=non-requeueable deps ti=<TaskInstance: gaas_etl_1.etl_user scheduled__2023-08-27T10:50:00+00:00 [queued]>
[2023-08-27T10:51:07.481+0000] {taskinstance.py:1159} INFO - Dependencies all met for dep_context=requeueable deps ti=<TaskInstance: gaas_etl_1.etl_user scheduled__2023-08-27T10:50:00+00:00 [queued]>
[2023-08-27T10:51:07.482+0000] {taskinstance.py:1361} INFO - Starting attempt 1 of 1
[2023-08-27T10:51:07.562+0000] {taskinstance.py:1382} INFO - Executing <Task(PythonOperator): etl_user> on 2023-08-27 10:50:00+00:00
[2023-08-27T10:51:07.576+0000] {standard_task_runner.py:57} INFO - Started process 392400 to run task
[2023-08-27T10:51:07.594+0000] {standard_task_runner.py:84} INFO - Running: ['airflow', 'tasks', 'run', 'gaas_etl_1', 'etl_user', 'scheduled__2023-08-27T10:50:00+00:00', '--job-id', '5543', '--raw', '--subdir', 'DAGS_FOLDER/dag_etl.py', '--cfg-path', '/tmp/tmp7mekp6xy']
[2023-08-27T10:51:07.606+0000] {standard_task_runner.py:85} INFO - Job 5543: Subtask etl_user
[2023-08-27T10:51:08.862+0000] {task_command.py:415} INFO - Running <TaskInstance: gaas_etl_1.etl_user scheduled__2023-08-27T10:50:00+00:00 [running]> on host data-system.us-central1-a.c.data-system-392010.internal
[2023-08-27T10:51:09.536+0000] {taskinstance.py:1660} INFO - Exporting env vars: AIRFLOW_CTX_DAG_EMAIL='hungnm15012002@gmail.com' AIRFLOW_CTX_DAG_OWNER='hungnm' AIRFLOW_CTX_DAG_ID='gaas_etl_1' AIRFLOW_CTX_TASK_ID='etl_user' AIRFLOW_CTX_EXECUTION_DATE='2023-08-27T10:50:00+00:00' AIRFLOW_CTX_TRY_NUMBER='1' AIRFLOW_CTX_DAG_RUN_ID='scheduled__2023-08-27T10:50:00+00:00'
[2023-08-27T10:51:09.576+0000] {dag_etl.py:28} INFO - Extracting user...
[2023-08-27T10:51:15.003+0000] {extract.py:36} INFO - Request time: 0:00:05.425347
[2023-08-27T10:51:15.665+0000] {extract.py:42} INFO - Create DataFrame time: 0:00:00.661436
[2023-08-27T10:51:15.671+0000] {dag_etl.py:31} INFO - Complete extract user: 0:00:06.095185
[2023-08-27T10:51:15.672+0000] {dag_etl.py:33} INFO - Extracting resource...
[2023-08-27T10:51:18.095+0000] {extract.py:36} INFO - Request time: 0:00:02.421849
[2023-08-27T10:51:18.156+0000] {extract.py:42} INFO - Create DataFrame time: 0:00:00.060455
[2023-08-27T10:51:18.169+0000] {dag_etl.py:36} INFO - Complete extract resource: 0:00:02.497851
[2023-08-27T10:51:18.171+0000] {dag_etl.py:38} INFO - Transforming user...
[2023-08-27T10:51:18.409+0000] {dag_etl.py:42} INFO - Complete transform user: 0:00:00.240472
[2023-08-27T10:51:18.410+0000] {dag_etl.py:44} INFO - transform space_ships...
[2023-08-27T10:51:18.623+0000] {dag_etl.py:47} INFO - Complete transform space_ships: 0:00:00.213486
[2023-08-27T10:51:18.623+0000] {dag_etl.py:49} INFO - transform drones...
[2023-08-27T10:51:18.759+0000] {dag_etl.py:52} INFO - Complete transform drones: 0:00:00.136561
[2023-08-27T10:51:18.760+0000] {dag_etl.py:54} INFO - transform pilots...
[2023-08-27T10:51:18.848+0000] {dag_etl.py:57} INFO - Complete transform pilots: 0:00:00.088967
[2023-08-27T10:51:18.849+0000] {dag_etl.py:59} INFO - transform talents...
[2023-08-27T10:51:18.889+0000] {dag_etl.py:62} INFO - Complete transform talents: 0:00:00.040871
[2023-08-27T10:51:18.890+0000] {dag_etl.py:64} INFO - transform expert_items...
[2023-08-27T10:51:18.927+0000] {dag_etl.py:67} INFO - Complete transform expert_items: 0:00:00.037516
[2023-08-27T10:51:18.927+0000] {dag_etl.py:69} INFO - Loading user...
[2023-08-27T10:51:20.260+0000] {dag_etl.py:72} INFO - Complete load user: 0:00:01.333405
[2023-08-27T10:51:20.261+0000] {dag_etl.py:74} INFO - Loading space_ships...
[2023-08-27T10:51:22.202+0000] {dag_etl.py:77} INFO - Complete load space_ships: 0:00:01.941777
[2023-08-27T10:51:22.203+0000] {dag_etl.py:79} INFO - Loading drones...
[2023-08-27T10:51:24.013+0000] {dag_etl.py:82} INFO - Complete load drones: 0:00:01.810605
[2023-08-27T10:51:24.013+0000] {dag_etl.py:84} INFO - Loading pilots...
[2023-08-27T10:51:26.297+0000] {dag_etl.py:87} INFO - Complete load drones: 0:00:02.284191
[2023-08-27T10:51:26.297+0000] {dag_etl.py:89} INFO - Loading talents...
[2023-08-27T10:51:27.878+0000] {dag_etl.py:92} INFO - Complete load drones: 0:00:01.581227
[2023-08-27T10:51:27.879+0000] {dag_etl.py:94} INFO - Loading expert_items...
[2023-08-27T10:51:28.992+0000] {dag_etl.py:97} INFO - Complete load drones: 0:00:01.113879
[2023-08-27T10:51:28.992+0000] {dag_etl.py:99} INFO - Complete ETL Users in : 0:00:19.416496
[2023-08-27T10:51:29.017+0000] {python.py:194} INFO - Done. Returned value was: None
[2023-08-27T10:51:29.042+0000] {taskinstance.py:1400} INFO - Marking task as SUCCESS. dag_id=gaas_etl_1, task_id=etl_user, execution_date=20230827T105000, start_date=20230827T105107, end_date=20230827T105129
[2023-08-27T10:51:29.094+0000] {local_task_job_runner.py:228} INFO - Task exited with return code 0
[2023-08-27T10:51:29.124+0000] {taskinstance.py:2784} INFO - 0 downstream tasks scheduled from follow-on schedule check
