[2023-08-27T20:58:07.112+0000] {taskinstance.py:1159} INFO - Dependencies all met for dep_context=non-requeueable deps ti=<TaskInstance: gaas_etl_1.etl_user scheduled__2023-08-27T20:57:00+00:00 [queued]>
[2023-08-27T20:58:07.131+0000] {taskinstance.py:1159} INFO - Dependencies all met for dep_context=requeueable deps ti=<TaskInstance: gaas_etl_1.etl_user scheduled__2023-08-27T20:57:00+00:00 [queued]>
[2023-08-27T20:58:07.133+0000] {taskinstance.py:1361} INFO - Starting attempt 1 of 1
[2023-08-27T20:58:07.169+0000] {taskinstance.py:1382} INFO - Executing <Task(PythonOperator): etl_user> on 2023-08-27 20:57:00+00:00
[2023-08-27T20:58:07.179+0000] {standard_task_runner.py:57} INFO - Started process 457866 to run task
[2023-08-27T20:58:07.194+0000] {standard_task_runner.py:84} INFO - Running: ['airflow', 'tasks', 'run', 'gaas_etl_1', 'etl_user', 'scheduled__2023-08-27T20:57:00+00:00', '--job-id', '7364', '--raw', '--subdir', 'DAGS_FOLDER/dag_etl.py', '--cfg-path', '/tmp/tmpdz9ooo_6']
[2023-08-27T20:58:07.200+0000] {standard_task_runner.py:85} INFO - Job 7364: Subtask etl_user
[2023-08-27T20:58:07.822+0000] {task_command.py:415} INFO - Running <TaskInstance: gaas_etl_1.etl_user scheduled__2023-08-27T20:57:00+00:00 [running]> on host data-system.us-central1-a.c.data-system-392010.internal
[2023-08-27T20:58:08.696+0000] {taskinstance.py:1660} INFO - Exporting env vars: AIRFLOW_CTX_DAG_EMAIL='hungnm15012002@gmail.com' AIRFLOW_CTX_DAG_OWNER='hungnm' AIRFLOW_CTX_DAG_ID='gaas_etl_1' AIRFLOW_CTX_TASK_ID='etl_user' AIRFLOW_CTX_EXECUTION_DATE='2023-08-27T20:57:00+00:00' AIRFLOW_CTX_TRY_NUMBER='1' AIRFLOW_CTX_DAG_RUN_ID='scheduled__2023-08-27T20:57:00+00:00'
[2023-08-27T20:58:08.739+0000] {dag_etl.py:28} INFO - Extracting user...
[2023-08-27T20:58:16.405+0000] {extract.py:36} INFO - Request time: 0:00:07.664455
[2023-08-27T20:58:16.959+0000] {extract.py:42} INFO - Create DataFrame time: 0:00:00.553064
[2023-08-27T20:58:16.964+0000] {dag_etl.py:31} INFO - Complete extract user: 0:00:08.225209
[2023-08-27T20:58:16.965+0000] {dag_etl.py:33} INFO - Extracting resource...
[2023-08-27T20:58:21.923+0000] {extract.py:36} INFO - Request time: 0:00:04.958589
[2023-08-27T20:58:22.017+0000] {extract.py:42} INFO - Create DataFrame time: 0:00:00.092449
[2023-08-27T20:58:22.020+0000] {dag_etl.py:36} INFO - Complete extract resource: 0:00:05.055625
[2023-08-27T20:58:22.021+0000] {dag_etl.py:38} INFO - Transforming user...
[2023-08-27T20:58:22.333+0000] {dag_etl.py:42} INFO - Complete transform user: 0:00:00.313775
[2023-08-27T20:58:22.334+0000] {dag_etl.py:44} INFO - transform space_ships...
[2023-08-27T20:58:22.621+0000] {dag_etl.py:47} INFO - Complete transform space_ships: 0:00:00.287151
[2023-08-27T20:58:22.621+0000] {dag_etl.py:49} INFO - transform drones...
[2023-08-27T20:58:22.815+0000] {dag_etl.py:52} INFO - Complete transform drones: 0:00:00.194357
[2023-08-27T20:58:22.816+0000] {dag_etl.py:54} INFO - transform pilots...
[2023-08-27T20:58:22.954+0000] {dag_etl.py:57} INFO - Complete transform pilots: 0:00:00.139018
[2023-08-27T20:58:22.955+0000] {dag_etl.py:59} INFO - transform talents...
[2023-08-27T20:58:23.042+0000] {dag_etl.py:62} INFO - Complete transform talents: 0:00:00.088392
[2023-08-27T20:58:23.043+0000] {dag_etl.py:64} INFO - transform expert_items...
[2023-08-27T20:58:23.087+0000] {dag_etl.py:67} INFO - Complete transform expert_items: 0:00:00.044267
[2023-08-27T20:58:23.087+0000] {dag_etl.py:69} INFO - Loading user...
[2023-08-27T20:58:24.901+0000] {dag_etl.py:72} INFO - Complete load user: 0:00:01.814893
[2023-08-27T20:58:24.902+0000] {dag_etl.py:74} INFO - Loading space_ships...
[2023-08-27T20:58:27.928+0000] {dag_etl.py:77} INFO - Complete load space_ships: 0:00:03.026544
[2023-08-27T20:58:27.929+0000] {dag_etl.py:79} INFO - Loading drones...
[2023-08-27T20:58:30.106+0000] {dag_etl.py:82} INFO - Complete load drones: 0:00:02.177910
[2023-08-27T20:58:30.107+0000] {dag_etl.py:84} INFO - Loading pilots...
[2023-08-27T20:58:33.255+0000] {dag_etl.py:87} INFO - Complete load drones: 0:00:03.149104
[2023-08-27T20:58:33.256+0000] {dag_etl.py:89} INFO - Loading talents...
[2023-08-27T20:58:35.283+0000] {dag_etl.py:92} INFO - Complete load drones: 0:00:02.027869
[2023-08-27T20:58:35.284+0000] {dag_etl.py:94} INFO - Loading expert_items...
[2023-08-27T20:58:36.699+0000] {dag_etl.py:97} INFO - Complete load drones: 0:00:01.415911
[2023-08-27T20:58:36.699+0000] {dag_etl.py:99} INFO - Complete ETL Users in : 0:00:27.960548
[2023-08-27T20:58:36.727+0000] {python.py:194} INFO - Done. Returned value was: None
[2023-08-27T20:58:36.747+0000] {taskinstance.py:1400} INFO - Marking task as SUCCESS. dag_id=gaas_etl_1, task_id=etl_user, execution_date=20230827T205700, start_date=20230827T205807, end_date=20230827T205836
[2023-08-27T20:58:36.834+0000] {local_task_job_runner.py:228} INFO - Task exited with return code 0
[2023-08-27T20:58:36.863+0000] {taskinstance.py:2784} INFO - 0 downstream tasks scheduled from follow-on schedule check
