[2023-08-28T00:03:12.766+0000] {taskinstance.py:1159} INFO - Dependencies all met for dep_context=non-requeueable deps ti=<TaskInstance: gaas_etl_1.etl_user scheduled__2023-08-28T00:02:00+00:00 [queued]>
[2023-08-28T00:03:12.786+0000] {taskinstance.py:1159} INFO - Dependencies all met for dep_context=requeueable deps ti=<TaskInstance: gaas_etl_1.etl_user scheduled__2023-08-28T00:02:00+00:00 [queued]>
[2023-08-28T00:03:12.787+0000] {taskinstance.py:1361} INFO - Starting attempt 1 of 1
[2023-08-28T00:03:12.817+0000] {taskinstance.py:1382} INFO - Executing <Task(PythonOperator): etl_user> on 2023-08-28 00:02:00+00:00
[2023-08-28T00:03:12.837+0000] {standard_task_runner.py:57} INFO - Started process 477269 to run task
[2023-08-28T00:03:12.858+0000] {standard_task_runner.py:84} INFO - Running: ['airflow', 'tasks', 'run', 'gaas_etl_1', 'etl_user', 'scheduled__2023-08-28T00:02:00+00:00', '--job-id', '7920', '--raw', '--subdir', 'DAGS_FOLDER/dag_etl.py', '--cfg-path', '/tmp/tmpcfrnvytb']
[2023-08-28T00:03:12.869+0000] {standard_task_runner.py:85} INFO - Job 7920: Subtask etl_user
[2023-08-28T00:03:13.848+0000] {task_command.py:415} INFO - Running <TaskInstance: gaas_etl_1.etl_user scheduled__2023-08-28T00:02:00+00:00 [running]> on host data-system.us-central1-a.c.data-system-392010.internal
[2023-08-28T00:03:14.495+0000] {taskinstance.py:1660} INFO - Exporting env vars: AIRFLOW_CTX_DAG_EMAIL='hungnm15012002@gmail.com' AIRFLOW_CTX_DAG_OWNER='hungnm' AIRFLOW_CTX_DAG_ID='gaas_etl_1' AIRFLOW_CTX_TASK_ID='etl_user' AIRFLOW_CTX_EXECUTION_DATE='2023-08-28T00:02:00+00:00' AIRFLOW_CTX_TRY_NUMBER='1' AIRFLOW_CTX_DAG_RUN_ID='scheduled__2023-08-28T00:02:00+00:00'
[2023-08-28T00:03:14.529+0000] {dag_etl.py:28} INFO - Extracting user...
[2023-08-28T00:03:19.437+0000] {extract.py:36} INFO - Request time: 0:00:04.906053
[2023-08-28T00:03:19.993+0000] {extract.py:42} INFO - Create DataFrame time: 0:00:00.555667
[2023-08-28T00:03:19.998+0000] {dag_etl.py:31} INFO - Complete extract user: 0:00:05.468586
[2023-08-28T00:03:19.999+0000] {dag_etl.py:33} INFO - Extracting resource...
[2023-08-28T00:03:21.595+0000] {extract.py:36} INFO - Request time: 0:00:01.595364
[2023-08-28T00:03:21.626+0000] {extract.py:42} INFO - Create DataFrame time: 0:00:00.030834
[2023-08-28T00:03:21.628+0000] {dag_etl.py:36} INFO - Complete extract resource: 0:00:01.630235
[2023-08-28T00:03:21.629+0000] {dag_etl.py:38} INFO - Transforming user...
[2023-08-28T00:03:21.788+0000] {dag_etl.py:42} INFO - Complete transform user: 0:00:00.159710
[2023-08-28T00:03:21.788+0000] {dag_etl.py:44} INFO - transform space_ships...
[2023-08-28T00:03:21.953+0000] {dag_etl.py:47} INFO - Complete transform space_ships: 0:00:00.164713
[2023-08-28T00:03:21.953+0000] {dag_etl.py:49} INFO - transform drones...
[2023-08-28T00:03:22.081+0000] {dag_etl.py:52} INFO - Complete transform drones: 0:00:00.128262
[2023-08-28T00:03:22.081+0000] {dag_etl.py:54} INFO - transform pilots...
[2023-08-28T00:03:22.141+0000] {dag_etl.py:57} INFO - Complete transform pilots: 0:00:00.060384
[2023-08-28T00:03:22.142+0000] {dag_etl.py:59} INFO - transform talents...
[2023-08-28T00:03:22.175+0000] {dag_etl.py:62} INFO - Complete transform talents: 0:00:00.033617
[2023-08-28T00:03:22.175+0000] {dag_etl.py:64} INFO - transform expert_items...
[2023-08-28T00:03:22.210+0000] {dag_etl.py:67} INFO - Complete transform expert_items: 0:00:00.035444
[2023-08-28T00:03:22.211+0000] {dag_etl.py:69} INFO - Loading user...
[2023-08-28T00:03:23.195+0000] {dag_etl.py:72} INFO - Complete load user: 0:00:00.984969
[2023-08-28T00:03:23.196+0000] {dag_etl.py:74} INFO - Loading space_ships...
[2023-08-28T00:03:24.510+0000] {dag_etl.py:77} INFO - Complete load space_ships: 0:00:01.315243
[2023-08-28T00:03:24.511+0000] {dag_etl.py:79} INFO - Loading drones...
[2023-08-28T00:03:25.721+0000] {dag_etl.py:82} INFO - Complete load drones: 0:00:01.210036
[2023-08-28T00:03:25.721+0000] {dag_etl.py:84} INFO - Loading pilots...
[2023-08-28T00:03:27.526+0000] {dag_etl.py:87} INFO - Complete load drones: 0:00:01.805734
[2023-08-28T00:03:27.527+0000] {dag_etl.py:89} INFO - Loading talents...
[2023-08-28T00:03:28.580+0000] {dag_etl.py:92} INFO - Complete load drones: 0:00:01.053577
[2023-08-28T00:03:28.580+0000] {dag_etl.py:94} INFO - Loading expert_items...
[2023-08-28T00:03:29.395+0000] {dag_etl.py:97} INFO - Complete load drones: 0:00:00.815641
[2023-08-28T00:03:29.396+0000] {dag_etl.py:99} INFO - Complete ETL Users in : 0:00:14.866680
[2023-08-28T00:03:29.422+0000] {python.py:194} INFO - Done. Returned value was: None
[2023-08-28T00:03:29.447+0000] {taskinstance.py:1400} INFO - Marking task as SUCCESS. dag_id=gaas_etl_1, task_id=etl_user, execution_date=20230828T000200, start_date=20230828T000312, end_date=20230828T000329
[2023-08-28T00:03:29.526+0000] {local_task_job_runner.py:228} INFO - Task exited with return code 0
[2023-08-28T00:03:29.567+0000] {taskinstance.py:2784} INFO - 0 downstream tasks scheduled from follow-on schedule check
