[2023-08-27T14:58:06.605+0000] {taskinstance.py:1159} INFO - Dependencies all met for dep_context=non-requeueable deps ti=<TaskInstance: gaas_etl_1.etl_user scheduled__2023-08-27T14:57:00+00:00 [queued]>
[2023-08-27T14:58:06.628+0000] {taskinstance.py:1159} INFO - Dependencies all met for dep_context=requeueable deps ti=<TaskInstance: gaas_etl_1.etl_user scheduled__2023-08-27T14:57:00+00:00 [queued]>
[2023-08-27T14:58:06.629+0000] {taskinstance.py:1361} INFO - Starting attempt 1 of 1
[2023-08-27T14:58:06.672+0000] {taskinstance.py:1382} INFO - Executing <Task(PythonOperator): etl_user> on 2023-08-27 14:57:00+00:00
[2023-08-27T14:58:06.681+0000] {standard_task_runner.py:57} INFO - Started process 419886 to run task
[2023-08-27T14:58:06.700+0000] {standard_task_runner.py:84} INFO - Running: ['airflow', 'tasks', 'run', 'gaas_etl_1', 'etl_user', 'scheduled__2023-08-27T14:57:00+00:00', '--job-id', '6284', '--raw', '--subdir', 'DAGS_FOLDER/dag_etl.py', '--cfg-path', '/tmp/tmpxlkei642']
[2023-08-27T14:58:06.710+0000] {standard_task_runner.py:85} INFO - Job 6284: Subtask etl_user
[2023-08-27T14:58:07.537+0000] {task_command.py:415} INFO - Running <TaskInstance: gaas_etl_1.etl_user scheduled__2023-08-27T14:57:00+00:00 [running]> on host data-system.us-central1-a.c.data-system-392010.internal
[2023-08-27T14:58:08.232+0000] {taskinstance.py:1660} INFO - Exporting env vars: AIRFLOW_CTX_DAG_EMAIL='hungnm15012002@gmail.com' AIRFLOW_CTX_DAG_OWNER='hungnm' AIRFLOW_CTX_DAG_ID='gaas_etl_1' AIRFLOW_CTX_TASK_ID='etl_user' AIRFLOW_CTX_EXECUTION_DATE='2023-08-27T14:57:00+00:00' AIRFLOW_CTX_TRY_NUMBER='1' AIRFLOW_CTX_DAG_RUN_ID='scheduled__2023-08-27T14:57:00+00:00'
[2023-08-27T14:58:08.260+0000] {dag_etl.py:28} INFO - Extracting user...
[2023-08-27T14:58:26.541+0000] {extract.py:36} INFO - Request time: 0:00:18.280508
[2023-08-27T14:58:28.111+0000] {extract.py:42} INFO - Create DataFrame time: 0:00:01.569201
[2023-08-27T14:58:28.119+0000] {dag_etl.py:31} INFO - Complete extract user: 0:00:19.859127
[2023-08-27T14:58:28.121+0000] {dag_etl.py:33} INFO - Extracting resource...
[2023-08-27T14:58:38.438+0000] {extract.py:36} INFO - Request time: 0:00:10.316965
[2023-08-27T14:58:38.807+0000] {extract.py:42} INFO - Create DataFrame time: 0:00:00.368564
[2023-08-27T14:58:38.816+0000] {dag_etl.py:36} INFO - Complete extract resource: 0:00:10.697347
[2023-08-27T14:58:38.818+0000] {dag_etl.py:38} INFO - Transforming user...
[2023-08-27T14:58:39.380+0000] {dag_etl.py:42} INFO - Complete transform user: 0:00:00.563210
[2023-08-27T14:58:39.380+0000] {dag_etl.py:44} INFO - transform space_ships...
[2023-08-27T14:58:39.794+0000] {dag_etl.py:47} INFO - Complete transform space_ships: 0:00:00.413128
[2023-08-27T14:58:39.795+0000] {dag_etl.py:49} INFO - transform drones...
[2023-08-27T14:58:40.217+0000] {dag_etl.py:52} INFO - Complete transform drones: 0:00:00.424162
[2023-08-27T14:58:40.217+0000] {dag_etl.py:54} INFO - transform pilots...
[2023-08-27T14:58:40.339+0000] {dag_etl.py:57} INFO - Complete transform pilots: 0:00:00.122051
[2023-08-27T14:58:40.339+0000] {dag_etl.py:59} INFO - transform talents...
[2023-08-27T14:58:40.388+0000] {dag_etl.py:62} INFO - Complete transform talents: 0:00:00.049440
[2023-08-27T14:58:40.389+0000] {dag_etl.py:64} INFO - transform expert_items...
[2023-08-27T14:58:40.430+0000] {dag_etl.py:67} INFO - Complete transform expert_items: 0:00:00.041856
[2023-08-27T14:58:40.430+0000] {dag_etl.py:69} INFO - Loading user...
[2023-08-27T14:58:43.712+0000] {dag_etl.py:72} INFO - Complete load user: 0:00:03.281877
[2023-08-27T14:58:43.713+0000] {dag_etl.py:74} INFO - Loading space_ships...
[2023-08-27T14:58:47.695+0000] {dag_etl.py:77} INFO - Complete load space_ships: 0:00:03.983238
[2023-08-27T14:58:47.696+0000] {dag_etl.py:79} INFO - Loading drones...
[2023-08-27T14:58:50.930+0000] {dag_etl.py:82} INFO - Complete load drones: 0:00:03.234260
[2023-08-27T14:58:50.930+0000] {dag_etl.py:84} INFO - Loading pilots...
[2023-08-27T14:58:55.444+0000] {dag_etl.py:87} INFO - Complete load drones: 0:00:04.514555
[2023-08-27T14:58:55.445+0000] {dag_etl.py:89} INFO - Loading talents...
[2023-08-27T14:58:58.269+0000] {dag_etl.py:92} INFO - Complete load drones: 0:00:02.824329
[2023-08-27T14:58:58.269+0000] {dag_etl.py:94} INFO - Loading expert_items...
[2023-08-27T14:59:00.105+0000] {dag_etl.py:97} INFO - Complete load drones: 0:00:01.836163
[2023-08-27T14:59:00.105+0000] {dag_etl.py:99} INFO - Complete ETL Users in : 0:00:51.845302
[2023-08-27T14:59:00.148+0000] {python.py:194} INFO - Done. Returned value was: None
[2023-08-27T14:59:00.169+0000] {taskinstance.py:1400} INFO - Marking task as SUCCESS. dag_id=gaas_etl_1, task_id=etl_user, execution_date=20230827T145700, start_date=20230827T145806, end_date=20230827T145900
[2023-08-27T14:59:00.235+0000] {local_task_job_runner.py:228} INFO - Task exited with return code 0
[2023-08-27T14:59:00.260+0000] {taskinstance.py:2784} INFO - 0 downstream tasks scheduled from follow-on schedule check
