[2023-08-26T12:51:03.428+0000] {taskinstance.py:1159} INFO - Dependencies all met for dep_context=non-requeueable deps ti=<TaskInstance: gaas_etl_1.etl_user scheduled__2023-08-26T12:50:00+00:00 [queued]>
[2023-08-26T12:51:03.451+0000] {taskinstance.py:1159} INFO - Dependencies all met for dep_context=requeueable deps ti=<TaskInstance: gaas_etl_1.etl_user scheduled__2023-08-26T12:50:00+00:00 [queued]>
[2023-08-26T12:51:03.451+0000] {taskinstance.py:1361} INFO - Starting attempt 1 of 1
[2023-08-26T12:51:03.485+0000] {taskinstance.py:1382} INFO - Executing <Task(PythonOperator): etl_user> on 2023-08-26 12:50:00+00:00
[2023-08-26T12:51:03.494+0000] {standard_task_runner.py:57} INFO - Started process 312292 to run task
[2023-08-26T12:51:03.510+0000] {standard_task_runner.py:84} INFO - Running: ['airflow', 'tasks', 'run', 'gaas_etl_1', 'etl_user', 'scheduled__2023-08-26T12:50:00+00:00', '--job-id', '1583', '--raw', '--subdir', 'DAGS_FOLDER/dag_etl.py', '--cfg-path', '/tmp/tmp8b984ylf']
[2023-08-26T12:51:03.515+0000] {standard_task_runner.py:85} INFO - Job 1583: Subtask etl_user
[2023-08-26T12:51:03.700+0000] {task_command.py:415} INFO - Running <TaskInstance: gaas_etl_1.etl_user scheduled__2023-08-26T12:50:00+00:00 [running]> on host data-system.us-central1-a.c.data-system-392010.internal
[2023-08-26T12:51:03.963+0000] {taskinstance.py:1660} INFO - Exporting env vars: AIRFLOW_CTX_DAG_EMAIL='hungnm15012002@gmail.com' AIRFLOW_CTX_DAG_OWNER='hungnm' AIRFLOW_CTX_DAG_ID='gaas_etl_1' AIRFLOW_CTX_TASK_ID='etl_user' AIRFLOW_CTX_EXECUTION_DATE='2023-08-26T12:50:00+00:00' AIRFLOW_CTX_TRY_NUMBER='1' AIRFLOW_CTX_DAG_RUN_ID='scheduled__2023-08-26T12:50:00+00:00'
[2023-08-26T12:51:03.986+0000] {dag_etl.py:28} INFO - Extracting user...
[2023-08-26T12:51:20.534+0000] {extract.py:36} INFO - Request time: 0:00:16.547491
[2023-08-26T12:51:21.567+0000] {extract.py:42} INFO - Create DataFrame time: 0:00:01.031627
[2023-08-26T12:51:21.574+0000] {dag_etl.py:31} INFO - Complete extract user: 0:00:17.588189
[2023-08-26T12:51:21.575+0000] {dag_etl.py:33} INFO - Extracting resource...
[2023-08-26T12:51:28.445+0000] {extract.py:36} INFO - Request time: 0:00:06.869324
[2023-08-26T12:51:28.562+0000] {extract.py:42} INFO - Create DataFrame time: 0:00:00.116621
[2023-08-26T12:51:28.565+0000] {dag_etl.py:36} INFO - Complete extract resource: 0:00:06.990958
[2023-08-26T12:51:28.566+0000] {dag_etl.py:38} INFO - Transforming user...
[2023-08-26T12:51:29.023+0000] {dag_etl.py:42} INFO - Complete transform user: 0:00:00.457583
[2023-08-26T12:51:29.023+0000] {dag_etl.py:44} INFO - transform space_ships...
[2023-08-26T12:51:29.324+0000] {dag_etl.py:47} INFO - Complete transform space_ships: 0:00:00.301261
[2023-08-26T12:51:29.324+0000] {dag_etl.py:49} INFO - transform drones...
[2023-08-26T12:51:29.534+0000] {dag_etl.py:52} INFO - Complete transform drones: 0:00:00.210502
[2023-08-26T12:51:29.535+0000] {dag_etl.py:54} INFO - transform pilots...
[2023-08-26T12:51:29.658+0000] {dag_etl.py:57} INFO - Complete transform pilots: 0:00:00.123707
[2023-08-26T12:51:29.659+0000] {dag_etl.py:59} INFO - transform talents...
[2023-08-26T12:51:29.724+0000] {dag_etl.py:62} INFO - Complete transform talents: 0:00:00.065672
[2023-08-26T12:51:29.724+0000] {dag_etl.py:64} INFO - transform expert_items...
[2023-08-26T12:51:29.779+0000] {dag_etl.py:67} INFO - Complete transform expert_items: 0:00:00.055679
[2023-08-26T12:51:29.780+0000] {dag_etl.py:69} INFO - Loading user...
[2023-08-26T12:51:31.877+0000] {dag_etl.py:72} INFO - Complete load user: 0:00:02.097603
[2023-08-26T12:51:31.878+0000] {dag_etl.py:74} INFO - Loading space_ships...
[2023-08-26T12:51:35.754+0000] {dag_etl.py:77} INFO - Complete load space_ships: 0:00:03.876542
[2023-08-26T12:51:35.754+0000] {dag_etl.py:79} INFO - Loading drones...
[2023-08-26T12:51:38.915+0000] {dag_etl.py:82} INFO - Complete load drones: 0:00:03.161171
[2023-08-26T12:51:38.915+0000] {dag_etl.py:84} INFO - Loading pilots...
[2023-08-26T12:51:45.060+0000] {dag_etl.py:87} INFO - Complete load drones: 0:00:06.145566
[2023-08-26T12:51:45.061+0000] {dag_etl.py:89} INFO - Loading talents...
[2023-08-26T12:51:47.330+0000] {dag_etl.py:92} INFO - Complete load drones: 0:00:02.269793
[2023-08-26T12:51:47.331+0000] {dag_etl.py:94} INFO - Loading expert_items...
[2023-08-26T12:51:49.236+0000] {dag_etl.py:97} INFO - Complete load drones: 0:00:01.905948
[2023-08-26T12:51:49.237+0000] {dag_etl.py:99} INFO - Complete ETL Users in : 0:00:45.250761
[2023-08-26T12:51:49.288+0000] {python.py:194} INFO - Done. Returned value was: None
[2023-08-26T12:51:49.306+0000] {taskinstance.py:1400} INFO - Marking task as SUCCESS. dag_id=gaas_etl_1, task_id=etl_user, execution_date=20230826T125000, start_date=20230826T125103, end_date=20230826T125149
[2023-08-26T12:51:49.355+0000] {local_task_job_runner.py:228} INFO - Task exited with return code 0
[2023-08-26T12:51:49.383+0000] {taskinstance.py:2784} INFO - 0 downstream tasks scheduled from follow-on schedule check
