[2023-08-26T08:01:04.136+0000] {taskinstance.py:1159} INFO - Dependencies all met for dep_context=non-requeueable deps ti=<TaskInstance: gaas_etl_1.etl_user scheduled__2023-08-26T08:00:00+00:00 [queued]>
[2023-08-26T08:01:04.169+0000] {taskinstance.py:1159} INFO - Dependencies all met for dep_context=requeueable deps ti=<TaskInstance: gaas_etl_1.etl_user scheduled__2023-08-26T08:00:00+00:00 [queued]>
[2023-08-26T08:01:04.170+0000] {taskinstance.py:1361} INFO - Starting attempt 1 of 1
[2023-08-26T08:01:04.217+0000] {taskinstance.py:1382} INFO - Executing <Task(PythonOperator): etl_user> on 2023-08-26 08:00:00+00:00
[2023-08-26T08:01:04.232+0000] {standard_task_runner.py:57} INFO - Started process 288996 to run task
[2023-08-26T08:01:04.244+0000] {standard_task_runner.py:84} INFO - Running: ['airflow', 'tasks', 'run', 'gaas_etl_1', 'etl_user', 'scheduled__2023-08-26T08:00:00+00:00', '--job-id', '712', '--raw', '--subdir', 'DAGS_FOLDER/dag_etl.py', '--cfg-path', '/tmp/tmpikwguszn']
[2023-08-26T08:01:04.257+0000] {standard_task_runner.py:85} INFO - Job 712: Subtask etl_user
[2023-08-26T08:01:04.463+0000] {task_command.py:415} INFO - Running <TaskInstance: gaas_etl_1.etl_user scheduled__2023-08-26T08:00:00+00:00 [running]> on host data-system.us-central1-a.c.data-system-392010.internal
[2023-08-26T08:01:05.155+0000] {taskinstance.py:1660} INFO - Exporting env vars: AIRFLOW_CTX_DAG_EMAIL='hungnm15012002@gmail.com' AIRFLOW_CTX_DAG_OWNER='hungnm' AIRFLOW_CTX_DAG_ID='gaas_etl_1' AIRFLOW_CTX_TASK_ID='etl_user' AIRFLOW_CTX_EXECUTION_DATE='2023-08-26T08:00:00+00:00' AIRFLOW_CTX_TRY_NUMBER='1' AIRFLOW_CTX_DAG_RUN_ID='scheduled__2023-08-26T08:00:00+00:00'
[2023-08-26T08:01:05.228+0000] {dag_etl.py:28} INFO - Extracting user...
[2023-08-26T08:01:06.818+0000] {extract.py:36} INFO - Request time: 0:00:01.588745
[2023-08-26T08:01:06.846+0000] {extract.py:42} INFO - Create DataFrame time: 0:00:00.027343
[2023-08-26T08:01:06.850+0000] {dag_etl.py:31} INFO - Complete extract user: 0:00:01.621616
[2023-08-26T08:01:06.850+0000] {dag_etl.py:33} INFO - Extracting resource...
[2023-08-26T08:01:08.121+0000] {extract.py:36} INFO - Request time: 0:00:01.270232
[2023-08-26T08:01:08.131+0000] {extract.py:42} INFO - Create DataFrame time: 0:00:00.009651
[2023-08-26T08:01:08.134+0000] {dag_etl.py:36} INFO - Complete extract resource: 0:00:01.284027
[2023-08-26T08:01:08.136+0000] {dag_etl.py:38} INFO - Transforming user...
[2023-08-26T08:01:08.173+0000] {dag_etl.py:42} INFO - Complete transform user: 0:00:00.039801
[2023-08-26T08:01:08.174+0000] {dag_etl.py:44} INFO - transform space_ships...
[2023-08-26T08:01:08.194+0000] {dag_etl.py:47} INFO - Complete transform space_ships: 0:00:00.020229
[2023-08-26T08:01:08.194+0000] {dag_etl.py:49} INFO - transform drones...
[2023-08-26T08:01:08.208+0000] {dag_etl.py:52} INFO - Complete transform drones: 0:00:00.014303
[2023-08-26T08:01:08.208+0000] {dag_etl.py:54} INFO - transform pilots...
[2023-08-26T08:01:08.220+0000] {dag_etl.py:57} INFO - Complete transform pilots: 0:00:00.012577
[2023-08-26T08:01:08.221+0000] {dag_etl.py:59} INFO - transform talents...
[2023-08-26T08:01:08.230+0000] {dag_etl.py:62} INFO - Complete transform talents: 0:00:00.009281
[2023-08-26T08:01:08.230+0000] {dag_etl.py:64} INFO - transform expert_items...
[2023-08-26T08:01:08.237+0000] {dag_etl.py:67} INFO - Complete transform expert_items: 0:00:00.006990
[2023-08-26T08:01:08.237+0000] {dag_etl.py:69} INFO - Loading user...
[2023-08-26T08:01:08.255+0000] {dag_etl.py:72} INFO - Complete load user: 0:00:00.017766
[2023-08-26T08:01:08.255+0000] {dag_etl.py:74} INFO - Loading space_ships...
[2023-08-26T08:01:08.277+0000] {dag_etl.py:77} INFO - Complete load space_ships: 0:00:00.022732
[2023-08-26T08:01:08.278+0000] {dag_etl.py:79} INFO - Loading drones...
[2023-08-26T08:01:08.292+0000] {dag_etl.py:82} INFO - Complete load drones: 0:00:00.014597
[2023-08-26T08:01:08.292+0000] {dag_etl.py:84} INFO - Loading pilots...
[2023-08-26T08:01:08.320+0000] {dag_etl.py:87} INFO - Complete load drones: 0:00:00.028249
[2023-08-26T08:01:08.320+0000] {dag_etl.py:89} INFO - Loading talents...
[2023-08-26T08:01:08.334+0000] {dag_etl.py:92} INFO - Complete load drones: 0:00:00.013412
[2023-08-26T08:01:08.334+0000] {dag_etl.py:94} INFO - Loading expert_items...
[2023-08-26T08:01:08.338+0000] {dag_etl.py:97} INFO - Complete load drones: 0:00:00.004169
[2023-08-26T08:01:08.339+0000] {dag_etl.py:99} INFO - Complete ETL Users in : 0:00:03.111294
[2023-08-26T08:01:08.341+0000] {python.py:194} INFO - Done. Returned value was: None
[2023-08-26T08:01:08.356+0000] {taskinstance.py:1400} INFO - Marking task as SUCCESS. dag_id=gaas_etl_1, task_id=etl_user, execution_date=20230826T080000, start_date=20230826T080104, end_date=20230826T080108
[2023-08-26T08:01:08.407+0000] {local_task_job_runner.py:228} INFO - Task exited with return code 0
[2023-08-26T08:01:08.439+0000] {taskinstance.py:2784} INFO - 0 downstream tasks scheduled from follow-on schedule check
