[2023-08-26T06:25:02.940+0000] {taskinstance.py:1159} INFO - Dependencies all met for dep_context=non-requeueable deps ti=<TaskInstance: gaas_etl_1.etl_user scheduled__2023-08-26T06:24:00+00:00 [queued]>
[2023-08-26T06:25:02.965+0000] {taskinstance.py:1159} INFO - Dependencies all met for dep_context=requeueable deps ti=<TaskInstance: gaas_etl_1.etl_user scheduled__2023-08-26T06:24:00+00:00 [queued]>
[2023-08-26T06:25:02.966+0000] {taskinstance.py:1361} INFO - Starting attempt 1 of 1
[2023-08-26T06:25:03.002+0000] {taskinstance.py:1382} INFO - Executing <Task(PythonOperator): etl_user> on 2023-08-26 06:24:00+00:00
[2023-08-26T06:25:03.012+0000] {standard_task_runner.py:57} INFO - Started process 284486 to run task
[2023-08-26T06:25:03.028+0000] {standard_task_runner.py:84} INFO - Running: ['airflow', 'tasks', 'run', 'gaas_etl_1', 'etl_user', 'scheduled__2023-08-26T06:24:00+00:00', '--job-id', '425', '--raw', '--subdir', 'DAGS_FOLDER/dag_etl.py', '--cfg-path', '/tmp/tmp7bgs2dj2']
[2023-08-26T06:25:03.034+0000] {standard_task_runner.py:85} INFO - Job 425: Subtask etl_user
[2023-08-26T06:25:03.164+0000] {task_command.py:415} INFO - Running <TaskInstance: gaas_etl_1.etl_user scheduled__2023-08-26T06:24:00+00:00 [running]> on host data-system.us-central1-a.c.data-system-392010.internal
[2023-08-26T06:25:03.354+0000] {taskinstance.py:1660} INFO - Exporting env vars: AIRFLOW_CTX_DAG_EMAIL='hungnm15012002@gmail.com' AIRFLOW_CTX_DAG_OWNER='hungnm' AIRFLOW_CTX_DAG_ID='gaas_etl_1' AIRFLOW_CTX_TASK_ID='etl_user' AIRFLOW_CTX_EXECUTION_DATE='2023-08-26T06:24:00+00:00' AIRFLOW_CTX_TRY_NUMBER='1' AIRFLOW_CTX_DAG_RUN_ID='scheduled__2023-08-26T06:24:00+00:00'
[2023-08-26T06:25:03.377+0000] {dag_etl.py:28} INFO - Extracting user...
[2023-08-26T06:25:05.087+0000] {extract.py:36} INFO - Request time: 0:00:01.709635
[2023-08-26T06:25:05.111+0000] {extract.py:42} INFO - Create DataFrame time: 0:00:00.023232
[2023-08-26T06:25:05.114+0000] {dag_etl.py:31} INFO - Complete extract user: 0:00:01.736973
[2023-08-26T06:25:05.114+0000] {dag_etl.py:33} INFO - Extracting resource...
[2023-08-26T06:25:06.389+0000] {extract.py:36} INFO - Request time: 0:00:01.275187
[2023-08-26T06:25:06.397+0000] {extract.py:42} INFO - Create DataFrame time: 0:00:00.007021
[2023-08-26T06:25:06.399+0000] {dag_etl.py:36} INFO - Complete extract resource: 0:00:01.285295
[2023-08-26T06:25:06.400+0000] {dag_etl.py:38} INFO - Transforming user...
[2023-08-26T06:25:06.432+0000] {dag_etl.py:42} INFO - Complete transform user: 0:00:00.033688
[2023-08-26T06:25:06.433+0000] {dag_etl.py:44} INFO - transform space_ships...
[2023-08-26T06:25:06.450+0000] {dag_etl.py:47} INFO - Complete transform space_ships: 0:00:00.017206
[2023-08-26T06:25:06.450+0000] {dag_etl.py:49} INFO - transform drones...
[2023-08-26T06:25:06.464+0000] {dag_etl.py:52} INFO - Complete transform drones: 0:00:00.014104
[2023-08-26T06:25:06.464+0000] {dag_etl.py:54} INFO - transform pilots...
[2023-08-26T06:25:06.474+0000] {dag_etl.py:57} INFO - Complete transform pilots: 0:00:00.009882
[2023-08-26T06:25:06.474+0000] {dag_etl.py:59} INFO - transform talents...
[2023-08-26T06:25:06.483+0000] {dag_etl.py:62} INFO - Complete transform talents: 0:00:00.009136
[2023-08-26T06:25:06.483+0000] {dag_etl.py:64} INFO - transform expert_items...
[2023-08-26T06:25:06.491+0000] {dag_etl.py:67} INFO - Complete transform expert_items: 0:00:00.008589
[2023-08-26T06:25:06.492+0000] {dag_etl.py:69} INFO - Loading user...
[2023-08-26T06:25:06.511+0000] {dag_etl.py:72} INFO - Complete load user: 0:00:00.019851
[2023-08-26T06:25:06.512+0000] {dag_etl.py:74} INFO - Loading space_ships...
[2023-08-26T06:25:06.535+0000] {dag_etl.py:77} INFO - Complete load space_ships: 0:00:00.023856
[2023-08-26T06:25:06.536+0000] {dag_etl.py:79} INFO - Loading drones...
[2023-08-26T06:25:06.551+0000] {dag_etl.py:82} INFO - Complete load drones: 0:00:00.016262
[2023-08-26T06:25:06.552+0000] {dag_etl.py:84} INFO - Loading pilots...
[2023-08-26T06:25:06.584+0000] {dag_etl.py:87} INFO - Complete load drones: 0:00:00.032581
[2023-08-26T06:25:06.584+0000] {dag_etl.py:89} INFO - Loading talents...
[2023-08-26T06:25:06.606+0000] {dag_etl.py:92} INFO - Complete load drones: 0:00:00.022117
[2023-08-26T06:25:06.607+0000] {dag_etl.py:94} INFO - Loading expert_items...
[2023-08-26T06:25:06.611+0000] {dag_etl.py:97} INFO - Complete load drones: 0:00:00.005418
[2023-08-26T06:25:06.612+0000] {dag_etl.py:99} INFO - Complete ETL Users in : 0:00:03.235466
[2023-08-26T06:25:06.614+0000] {python.py:194} INFO - Done. Returned value was: None
[2023-08-26T06:25:06.630+0000] {taskinstance.py:1400} INFO - Marking task as SUCCESS. dag_id=gaas_etl_1, task_id=etl_user, execution_date=20230826T062400, start_date=20230826T062502, end_date=20230826T062506
[2023-08-26T06:25:06.690+0000] {local_task_job_runner.py:228} INFO - Task exited with return code 0
[2023-08-26T06:25:06.715+0000] {taskinstance.py:2784} INFO - 0 downstream tasks scheduled from follow-on schedule check
