[2023-08-26T23:57:04.592+0000] {taskinstance.py:1159} INFO - Dependencies all met for dep_context=non-requeueable deps ti=<TaskInstance: gaas_etl_1.etl_user scheduled__2023-08-26T23:56:00+00:00 [queued]>
[2023-08-26T23:57:04.607+0000] {taskinstance.py:1159} INFO - Dependencies all met for dep_context=requeueable deps ti=<TaskInstance: gaas_etl_1.etl_user scheduled__2023-08-26T23:56:00+00:00 [queued]>
[2023-08-26T23:57:04.607+0000] {taskinstance.py:1361} INFO - Starting attempt 1 of 1
[2023-08-26T23:57:04.636+0000] {taskinstance.py:1382} INFO - Executing <Task(PythonOperator): etl_user> on 2023-08-26 23:56:00+00:00
[2023-08-26T23:57:04.645+0000] {standard_task_runner.py:57} INFO - Started process 338676 to run task
[2023-08-26T23:57:04.659+0000] {standard_task_runner.py:84} INFO - Running: ['airflow', 'tasks', 'run', 'gaas_etl_1', 'etl_user', 'scheduled__2023-08-26T23:56:00+00:00', '--job-id', '3580', '--raw', '--subdir', 'DAGS_FOLDER/dag_etl.py', '--cfg-path', '/tmp/tmpe1djenac']
[2023-08-26T23:57:04.665+0000] {standard_task_runner.py:85} INFO - Job 3580: Subtask etl_user
[2023-08-26T23:57:04.949+0000] {task_command.py:415} INFO - Running <TaskInstance: gaas_etl_1.etl_user scheduled__2023-08-26T23:56:00+00:00 [running]> on host data-system.us-central1-a.c.data-system-392010.internal
[2023-08-26T23:57:05.335+0000] {taskinstance.py:1660} INFO - Exporting env vars: AIRFLOW_CTX_DAG_EMAIL='hungnm15012002@gmail.com' AIRFLOW_CTX_DAG_OWNER='hungnm' AIRFLOW_CTX_DAG_ID='gaas_etl_1' AIRFLOW_CTX_TASK_ID='etl_user' AIRFLOW_CTX_EXECUTION_DATE='2023-08-26T23:56:00+00:00' AIRFLOW_CTX_TRY_NUMBER='1' AIRFLOW_CTX_DAG_RUN_ID='scheduled__2023-08-26T23:56:00+00:00'
[2023-08-26T23:57:05.362+0000] {dag_etl.py:28} INFO - Extracting user...
[2023-08-26T23:57:08.908+0000] {extract.py:36} INFO - Request time: 0:00:03.545738
[2023-08-26T23:57:09.229+0000] {extract.py:42} INFO - Create DataFrame time: 0:00:00.320129
[2023-08-26T23:57:09.231+0000] {dag_etl.py:31} INFO - Complete extract user: 0:00:03.869446
[2023-08-26T23:57:09.232+0000] {dag_etl.py:33} INFO - Extracting resource...
[2023-08-26T23:57:11.046+0000] {extract.py:36} INFO - Request time: 0:00:01.813128
[2023-08-26T23:57:11.067+0000] {extract.py:42} INFO - Create DataFrame time: 0:00:00.020561
[2023-08-26T23:57:11.069+0000] {dag_etl.py:36} INFO - Complete extract resource: 0:00:01.837487
[2023-08-26T23:57:11.070+0000] {dag_etl.py:38} INFO - Transforming user...
[2023-08-26T23:57:11.139+0000] {dag_etl.py:42} INFO - Complete transform user: 0:00:00.070148
[2023-08-26T23:57:11.139+0000] {dag_etl.py:44} INFO - transform space_ships...
[2023-08-26T23:57:11.300+0000] {dag_etl.py:47} INFO - Complete transform space_ships: 0:00:00.160439
[2023-08-26T23:57:11.300+0000] {dag_etl.py:49} INFO - transform drones...
[2023-08-26T23:57:11.481+0000] {dag_etl.py:52} INFO - Complete transform drones: 0:00:00.181679
[2023-08-26T23:57:11.486+0000] {dag_etl.py:54} INFO - transform pilots...
[2023-08-26T23:57:11.575+0000] {dag_etl.py:57} INFO - Complete transform pilots: 0:00:00.093452
[2023-08-26T23:57:11.575+0000] {dag_etl.py:59} INFO - transform talents...
[2023-08-26T23:57:11.632+0000] {dag_etl.py:62} INFO - Complete transform talents: 0:00:00.057047
[2023-08-26T23:57:11.632+0000] {dag_etl.py:64} INFO - transform expert_items...
[2023-08-26T23:57:11.682+0000] {dag_etl.py:67} INFO - Complete transform expert_items: 0:00:00.050573
[2023-08-26T23:57:11.683+0000] {dag_etl.py:69} INFO - Loading user...
[2023-08-26T23:57:12.371+0000] {dag_etl.py:72} INFO - Complete load user: 0:00:00.688503
[2023-08-26T23:57:12.371+0000] {dag_etl.py:74} INFO - Loading space_ships...
[2023-08-26T23:57:13.146+0000] {dag_etl.py:77} INFO - Complete load space_ships: 0:00:00.775558
[2023-08-26T23:57:13.147+0000] {dag_etl.py:79} INFO - Loading drones...
[2023-08-26T23:57:13.808+0000] {dag_etl.py:82} INFO - Complete load drones: 0:00:00.661251
[2023-08-26T23:57:13.808+0000] {dag_etl.py:84} INFO - Loading pilots...
[2023-08-26T23:57:14.951+0000] {dag_etl.py:87} INFO - Complete load drones: 0:00:01.142992
[2023-08-26T23:57:14.951+0000] {dag_etl.py:89} INFO - Loading talents...
[2023-08-26T23:57:15.877+0000] {dag_etl.py:92} INFO - Complete load drones: 0:00:00.926878
[2023-08-26T23:57:15.878+0000] {dag_etl.py:94} INFO - Loading expert_items...
[2023-08-26T23:57:16.356+0000] {dag_etl.py:97} INFO - Complete load drones: 0:00:00.478578
[2023-08-26T23:57:16.357+0000] {dag_etl.py:99} INFO - Complete ETL Users in : 0:00:10.994614
[2023-08-26T23:57:16.367+0000] {python.py:194} INFO - Done. Returned value was: None
[2023-08-26T23:57:16.387+0000] {taskinstance.py:1400} INFO - Marking task as SUCCESS. dag_id=gaas_etl_1, task_id=etl_user, execution_date=20230826T235600, start_date=20230826T235704, end_date=20230826T235716
[2023-08-26T23:57:16.456+0000] {local_task_job_runner.py:228} INFO - Task exited with return code 0
[2023-08-26T23:57:16.483+0000] {taskinstance.py:2784} INFO - 0 downstream tasks scheduled from follow-on schedule check
