[2023-08-26T11:45:04.769+0000] {taskinstance.py:1159} INFO - Dependencies all met for dep_context=non-requeueable deps ti=<TaskInstance: gaas_etl_1.etl_user scheduled__2023-08-26T11:44:00+00:00 [queued]>
[2023-08-26T11:45:04.787+0000] {taskinstance.py:1159} INFO - Dependencies all met for dep_context=requeueable deps ti=<TaskInstance: gaas_etl_1.etl_user scheduled__2023-08-26T11:44:00+00:00 [queued]>
[2023-08-26T11:45:04.787+0000] {taskinstance.py:1361} INFO - Starting attempt 1 of 1
[2023-08-26T11:45:04.850+0000] {taskinstance.py:1382} INFO - Executing <Task(PythonOperator): etl_user> on 2023-08-26 11:44:00+00:00
[2023-08-26T11:45:04.868+0000] {standard_task_runner.py:57} INFO - Started process 309643 to run task
[2023-08-26T11:45:04.888+0000] {standard_task_runner.py:84} INFO - Running: ['airflow', 'tasks', 'run', 'gaas_etl_1', 'etl_user', 'scheduled__2023-08-26T11:44:00+00:00', '--job-id', '1385', '--raw', '--subdir', 'DAGS_FOLDER/dag_etl.py', '--cfg-path', '/tmp/tmp5lwo5vqi']
[2023-08-26T11:45:04.895+0000] {standard_task_runner.py:85} INFO - Job 1385: Subtask etl_user
[2023-08-26T11:45:05.078+0000] {task_command.py:415} INFO - Running <TaskInstance: gaas_etl_1.etl_user scheduled__2023-08-26T11:44:00+00:00 [running]> on host data-system.us-central1-a.c.data-system-392010.internal
[2023-08-26T11:45:05.330+0000] {taskinstance.py:1660} INFO - Exporting env vars: AIRFLOW_CTX_DAG_EMAIL='hungnm15012002@gmail.com' AIRFLOW_CTX_DAG_OWNER='hungnm' AIRFLOW_CTX_DAG_ID='gaas_etl_1' AIRFLOW_CTX_TASK_ID='etl_user' AIRFLOW_CTX_EXECUTION_DATE='2023-08-26T11:44:00+00:00' AIRFLOW_CTX_TRY_NUMBER='1' AIRFLOW_CTX_DAG_RUN_ID='scheduled__2023-08-26T11:44:00+00:00'
[2023-08-26T11:45:05.353+0000] {dag_etl.py:28} INFO - Extracting user...
[2023-08-26T11:45:09.982+0000] {extract.py:36} INFO - Request time: 0:00:04.628331
[2023-08-26T11:45:10.474+0000] {extract.py:42} INFO - Create DataFrame time: 0:00:00.491379
[2023-08-26T11:45:10.478+0000] {dag_etl.py:31} INFO - Complete extract user: 0:00:05.124266
[2023-08-26T11:45:10.478+0000] {dag_etl.py:33} INFO - Extracting resource...
[2023-08-26T11:45:12.445+0000] {extract.py:36} INFO - Request time: 0:00:01.966630
[2023-08-26T11:45:12.511+0000] {extract.py:42} INFO - Create DataFrame time: 0:00:00.065285
[2023-08-26T11:45:12.514+0000] {dag_etl.py:36} INFO - Complete extract resource: 0:00:02.036288
[2023-08-26T11:45:12.515+0000] {dag_etl.py:38} INFO - Transforming user...
[2023-08-26T11:45:12.733+0000] {dag_etl.py:42} INFO - Complete transform user: 0:00:00.219432
[2023-08-26T11:45:12.734+0000] {dag_etl.py:44} INFO - transform space_ships...
[2023-08-26T11:45:12.888+0000] {dag_etl.py:47} INFO - Complete transform space_ships: 0:00:00.154413
[2023-08-26T11:45:12.888+0000] {dag_etl.py:49} INFO - transform drones...
[2023-08-26T11:45:13.003+0000] {dag_etl.py:52} INFO - Complete transform drones: 0:00:00.115494
[2023-08-26T11:45:13.004+0000] {dag_etl.py:54} INFO - transform pilots...
[2023-08-26T11:45:13.112+0000] {dag_etl.py:57} INFO - Complete transform pilots: 0:00:00.109178
[2023-08-26T11:45:13.113+0000] {dag_etl.py:59} INFO - transform talents...
[2023-08-26T11:45:13.150+0000] {dag_etl.py:62} INFO - Complete transform talents: 0:00:00.037304
[2023-08-26T11:45:13.150+0000] {dag_etl.py:64} INFO - transform expert_items...
[2023-08-26T11:45:13.181+0000] {dag_etl.py:67} INFO - Complete transform expert_items: 0:00:00.031378
[2023-08-26T11:45:13.182+0000] {dag_etl.py:69} INFO - Loading user...
[2023-08-26T11:45:14.016+0000] {dag_etl.py:72} INFO - Complete load user: 0:00:00.835208
[2023-08-26T11:45:14.017+0000] {dag_etl.py:74} INFO - Loading space_ships...
[2023-08-26T11:45:15.277+0000] {dag_etl.py:77} INFO - Complete load space_ships: 0:00:01.260312
[2023-08-26T11:45:15.277+0000] {dag_etl.py:79} INFO - Loading drones...
[2023-08-26T11:45:16.850+0000] {dag_etl.py:82} INFO - Complete load drones: 0:00:01.573418
[2023-08-26T11:45:16.851+0000] {dag_etl.py:84} INFO - Loading pilots...
[2023-08-26T11:45:19.563+0000] {dag_etl.py:87} INFO - Complete load drones: 0:00:02.712900
[2023-08-26T11:45:19.563+0000] {dag_etl.py:89} INFO - Loading talents...
[2023-08-26T11:45:21.221+0000] {dag_etl.py:92} INFO - Complete load drones: 0:00:01.657871
[2023-08-26T11:45:21.221+0000] {dag_etl.py:94} INFO - Loading expert_items...
[2023-08-26T11:45:22.239+0000] {dag_etl.py:97} INFO - Complete load drones: 0:00:01.018318
[2023-08-26T11:45:22.240+0000] {dag_etl.py:99} INFO - Complete ETL Users in : 0:00:16.886404
[2023-08-26T11:45:22.268+0000] {python.py:194} INFO - Done. Returned value was: None
[2023-08-26T11:45:22.294+0000] {taskinstance.py:1400} INFO - Marking task as SUCCESS. dag_id=gaas_etl_1, task_id=etl_user, execution_date=20230826T114400, start_date=20230826T114504, end_date=20230826T114522
[2023-08-26T11:45:22.400+0000] {local_task_job_runner.py:228} INFO - Task exited with return code 0
[2023-08-26T11:45:22.445+0000] {taskinstance.py:2784} INFO - 0 downstream tasks scheduled from follow-on schedule check
