[2023-08-27T05:15:05.859+0000] {taskinstance.py:1159} INFO - Dependencies all met for dep_context=non-requeueable deps ti=<TaskInstance: gaas_etl_1.etl_user scheduled__2023-08-27T05:14:00+00:00 [queued]>
[2023-08-27T05:15:05.875+0000] {taskinstance.py:1159} INFO - Dependencies all met for dep_context=requeueable deps ti=<TaskInstance: gaas_etl_1.etl_user scheduled__2023-08-27T05:14:00+00:00 [queued]>
[2023-08-27T05:15:05.876+0000] {taskinstance.py:1361} INFO - Starting attempt 1 of 1
[2023-08-27T05:15:05.905+0000] {taskinstance.py:1382} INFO - Executing <Task(PythonOperator): etl_user> on 2023-08-27 05:14:00+00:00
[2023-08-27T05:15:05.914+0000] {standard_task_runner.py:57} INFO - Started process 370179 to run task
[2023-08-27T05:15:05.931+0000] {standard_task_runner.py:84} INFO - Running: ['airflow', 'tasks', 'run', 'gaas_etl_1', 'etl_user', 'scheduled__2023-08-27T05:14:00+00:00', '--job-id', '4534', '--raw', '--subdir', 'DAGS_FOLDER/dag_etl.py', '--cfg-path', '/tmp/tmp7ac9vqyx']
[2023-08-27T05:15:05.937+0000] {standard_task_runner.py:85} INFO - Job 4534: Subtask etl_user
[2023-08-27T05:15:06.284+0000] {task_command.py:415} INFO - Running <TaskInstance: gaas_etl_1.etl_user scheduled__2023-08-27T05:14:00+00:00 [running]> on host data-system.us-central1-a.c.data-system-392010.internal
[2023-08-27T05:15:06.943+0000] {taskinstance.py:1660} INFO - Exporting env vars: AIRFLOW_CTX_DAG_EMAIL='hungnm15012002@gmail.com' AIRFLOW_CTX_DAG_OWNER='hungnm' AIRFLOW_CTX_DAG_ID='gaas_etl_1' AIRFLOW_CTX_TASK_ID='etl_user' AIRFLOW_CTX_EXECUTION_DATE='2023-08-27T05:14:00+00:00' AIRFLOW_CTX_TRY_NUMBER='1' AIRFLOW_CTX_DAG_RUN_ID='scheduled__2023-08-27T05:14:00+00:00'
[2023-08-27T05:15:06.963+0000] {dag_etl.py:28} INFO - Extracting user...
[2023-08-27T05:15:19.875+0000] {extract.py:36} INFO - Request time: 0:00:12.910686
[2023-08-27T05:15:20.057+0000] {extract.py:42} INFO - Create DataFrame time: 0:00:00.182322
[2023-08-27T05:15:20.063+0000] {dag_etl.py:31} INFO - Complete extract user: 0:00:13.099567
[2023-08-27T05:15:20.064+0000] {dag_etl.py:33} INFO - Extracting resource...
[2023-08-27T05:15:20.560+0000] {extract.py:36} INFO - Request time: 0:00:00.495890
[2023-08-27T05:15:20.560+0000] {extract.py:45} ERROR - Server GAAS error: 502
[2023-08-27T05:15:20.571+0000] {dag_etl.py:36} INFO - Complete extract resource: 0:00:00.508235
[2023-08-27T05:15:20.572+0000] {dag_etl.py:38} INFO - Transforming user...
[2023-08-27T05:15:20.574+0000] {dag_etl.py:107} ERROR - An Error Occur: Can only merge Series or DataFrame objects, a <class 'int'> was passed
[2023-08-27T05:15:20.583+0000] {python.py:194} INFO - Done. Returned value was: None
[2023-08-27T05:15:20.602+0000] {taskinstance.py:1400} INFO - Marking task as SUCCESS. dag_id=gaas_etl_1, task_id=etl_user, execution_date=20230827T051400, start_date=20230827T051505, end_date=20230827T051520
[2023-08-27T05:15:20.666+0000] {local_task_job_runner.py:228} INFO - Task exited with return code 0
[2023-08-27T05:15:20.694+0000] {taskinstance.py:2784} INFO - 0 downstream tasks scheduled from follow-on schedule check
