[2023-08-27T17:14:05.786+0000] {taskinstance.py:1159} INFO - Dependencies all met for dep_context=non-requeueable deps ti=<TaskInstance: gaas_etl_1.etl_user scheduled__2023-08-27T17:13:00+00:00 [queued]>
[2023-08-27T17:14:05.803+0000] {taskinstance.py:1159} INFO - Dependencies all met for dep_context=requeueable deps ti=<TaskInstance: gaas_etl_1.etl_user scheduled__2023-08-27T17:13:00+00:00 [queued]>
[2023-08-27T17:14:05.803+0000] {taskinstance.py:1361} INFO - Starting attempt 1 of 1
[2023-08-27T17:14:05.832+0000] {taskinstance.py:1382} INFO - Executing <Task(PythonOperator): etl_user> on 2023-08-27 17:13:00+00:00
[2023-08-27T17:14:05.840+0000] {standard_task_runner.py:57} INFO - Started process 434284 to run task
[2023-08-27T17:14:05.846+0000] {standard_task_runner.py:84} INFO - Running: ['airflow', 'tasks', 'run', 'gaas_etl_1', 'etl_user', 'scheduled__2023-08-27T17:13:00+00:00', '--job-id', '6693', '--raw', '--subdir', 'DAGS_FOLDER/dag_etl.py', '--cfg-path', '/tmp/tmp94zafdsx']
[2023-08-27T17:14:05.852+0000] {standard_task_runner.py:85} INFO - Job 6693: Subtask etl_user
[2023-08-27T17:14:06.600+0000] {task_command.py:415} INFO - Running <TaskInstance: gaas_etl_1.etl_user scheduled__2023-08-27T17:13:00+00:00 [running]> on host data-system.us-central1-a.c.data-system-392010.internal
[2023-08-27T17:14:07.658+0000] {taskinstance.py:1660} INFO - Exporting env vars: AIRFLOW_CTX_DAG_EMAIL='hungnm15012002@gmail.com' AIRFLOW_CTX_DAG_OWNER='hungnm' AIRFLOW_CTX_DAG_ID='gaas_etl_1' AIRFLOW_CTX_TASK_ID='etl_user' AIRFLOW_CTX_EXECUTION_DATE='2023-08-27T17:13:00+00:00' AIRFLOW_CTX_TRY_NUMBER='1' AIRFLOW_CTX_DAG_RUN_ID='scheduled__2023-08-27T17:13:00+00:00'
[2023-08-27T17:14:07.695+0000] {dag_etl.py:28} INFO - Extracting user...
[2023-08-27T17:14:34.564+0000] {extract.py:36} INFO - Request time: 0:00:26.869190
[2023-08-27T17:14:34.565+0000] {extract.py:45} ERROR - Server GAAS error: 502
[2023-08-27T17:14:34.577+0000] {dag_etl.py:31} INFO - Complete extract user: 0:00:26.882969
[2023-08-27T17:14:34.579+0000] {dag_etl.py:33} INFO - Extracting resource...
[2023-08-27T17:14:34.868+0000] {extract.py:36} INFO - Request time: 0:00:00.288918
[2023-08-27T17:14:34.868+0000] {extract.py:45} ERROR - Server GAAS error: 502
[2023-08-27T17:14:34.876+0000] {dag_etl.py:36} INFO - Complete extract resource: 0:00:00.298937
[2023-08-27T17:14:34.878+0000] {dag_etl.py:38} INFO - Transforming user...
[2023-08-27T17:14:34.883+0000] {dag_etl.py:107} ERROR - An Error Occur: 'int' object has no attribute 'merge'
[2023-08-27T17:14:34.884+0000] {python.py:194} INFO - Done. Returned value was: None
[2023-08-27T17:14:34.900+0000] {taskinstance.py:1400} INFO - Marking task as SUCCESS. dag_id=gaas_etl_1, task_id=etl_user, execution_date=20230827T171300, start_date=20230827T171405, end_date=20230827T171434
[2023-08-27T17:14:34.941+0000] {local_task_job_runner.py:228} INFO - Task exited with return code 0
[2023-08-27T17:14:34.962+0000] {taskinstance.py:2784} INFO - 0 downstream tasks scheduled from follow-on schedule check
