[2023-08-27T23:04:08.062+0000] {taskinstance.py:1159} INFO - Dependencies all met for dep_context=non-requeueable deps ti=<TaskInstance: gaas_etl_1.etl_user scheduled__2023-08-27T23:03:00+00:00 [queued]>
[2023-08-27T23:04:08.084+0000] {taskinstance.py:1159} INFO - Dependencies all met for dep_context=requeueable deps ti=<TaskInstance: gaas_etl_1.etl_user scheduled__2023-08-27T23:03:00+00:00 [queued]>
[2023-08-27T23:04:08.085+0000] {taskinstance.py:1361} INFO - Starting attempt 1 of 1
[2023-08-27T23:04:08.121+0000] {taskinstance.py:1382} INFO - Executing <Task(PythonOperator): etl_user> on 2023-08-27 23:03:00+00:00
[2023-08-27T23:04:08.129+0000] {standard_task_runner.py:57} INFO - Started process 471101 to run task
[2023-08-27T23:04:08.143+0000] {standard_task_runner.py:84} INFO - Running: ['airflow', 'tasks', 'run', 'gaas_etl_1', 'etl_user', 'scheduled__2023-08-27T23:03:00+00:00', '--job-id', '7742', '--raw', '--subdir', 'DAGS_FOLDER/dag_etl.py', '--cfg-path', '/tmp/tmpauck_9v3']
[2023-08-27T23:04:08.150+0000] {standard_task_runner.py:85} INFO - Job 7742: Subtask etl_user
[2023-08-27T23:04:08.719+0000] {task_command.py:415} INFO - Running <TaskInstance: gaas_etl_1.etl_user scheduled__2023-08-27T23:03:00+00:00 [running]> on host data-system.us-central1-a.c.data-system-392010.internal
[2023-08-27T23:04:09.603+0000] {taskinstance.py:1660} INFO - Exporting env vars: AIRFLOW_CTX_DAG_EMAIL='hungnm15012002@gmail.com' AIRFLOW_CTX_DAG_OWNER='hungnm' AIRFLOW_CTX_DAG_ID='gaas_etl_1' AIRFLOW_CTX_TASK_ID='etl_user' AIRFLOW_CTX_EXECUTION_DATE='2023-08-27T23:03:00+00:00' AIRFLOW_CTX_TRY_NUMBER='1' AIRFLOW_CTX_DAG_RUN_ID='scheduled__2023-08-27T23:03:00+00:00'
[2023-08-27T23:04:09.626+0000] {dag_etl.py:28} INFO - Extracting user...
[2023-08-27T23:04:13.286+0000] {extract.py:36} INFO - Request time: 0:00:03.659033
[2023-08-27T23:04:13.735+0000] {extract.py:42} INFO - Create DataFrame time: 0:00:00.448344
[2023-08-27T23:04:13.738+0000] {dag_etl.py:31} INFO - Complete extract user: 0:00:04.111851
[2023-08-27T23:04:13.739+0000] {dag_etl.py:33} INFO - Extracting resource...
[2023-08-27T23:04:15.225+0000] {extract.py:36} INFO - Request time: 0:00:01.486143
[2023-08-27T23:04:15.254+0000] {extract.py:42} INFO - Create DataFrame time: 0:00:00.027695
[2023-08-27T23:04:15.256+0000] {dag_etl.py:36} INFO - Complete extract resource: 0:00:01.517733
[2023-08-27T23:04:15.257+0000] {dag_etl.py:38} INFO - Transforming user...
[2023-08-27T23:04:15.347+0000] {dag_etl.py:42} INFO - Complete transform user: 0:00:00.091214
[2023-08-27T23:04:15.347+0000] {dag_etl.py:44} INFO - transform space_ships...
[2023-08-27T23:04:15.408+0000] {dag_etl.py:47} INFO - Complete transform space_ships: 0:00:00.061091
[2023-08-27T23:04:15.408+0000] {dag_etl.py:49} INFO - transform drones...
[2023-08-27T23:04:15.462+0000] {dag_etl.py:52} INFO - Complete transform drones: 0:00:00.054219
[2023-08-27T23:04:15.463+0000] {dag_etl.py:54} INFO - transform pilots...
[2023-08-27T23:04:15.492+0000] {dag_etl.py:57} INFO - Complete transform pilots: 0:00:00.030118
[2023-08-27T23:04:15.493+0000] {dag_etl.py:59} INFO - transform talents...
[2023-08-27T23:04:15.509+0000] {dag_etl.py:62} INFO - Complete transform talents: 0:00:00.016960
[2023-08-27T23:04:15.510+0000] {dag_etl.py:64} INFO - transform expert_items...
[2023-08-27T23:04:15.526+0000] {dag_etl.py:67} INFO - Complete transform expert_items: 0:00:00.016937
[2023-08-27T23:04:15.527+0000] {dag_etl.py:69} INFO - Loading user...
[2023-08-27T23:04:16.235+0000] {dag_etl.py:72} INFO - Complete load user: 0:00:00.708685
[2023-08-27T23:04:16.236+0000] {dag_etl.py:74} INFO - Loading space_ships...
[2023-08-27T23:04:17.074+0000] {dag_etl.py:77} INFO - Complete load space_ships: 0:00:00.838625
[2023-08-27T23:04:17.074+0000] {dag_etl.py:79} INFO - Loading drones...
[2023-08-27T23:04:17.803+0000] {dag_etl.py:82} INFO - Complete load drones: 0:00:00.729100
[2023-08-27T23:04:17.803+0000] {dag_etl.py:84} INFO - Loading pilots...
[2023-08-27T23:04:19.312+0000] {dag_etl.py:87} INFO - Complete load drones: 0:00:01.509613
[2023-08-27T23:04:19.313+0000] {dag_etl.py:89} INFO - Loading talents...
[2023-08-27T23:04:20.121+0000] {dag_etl.py:92} INFO - Complete load drones: 0:00:00.808263
[2023-08-27T23:04:20.121+0000] {dag_etl.py:94} INFO - Loading expert_items...
[2023-08-27T23:04:20.694+0000] {dag_etl.py:97} INFO - Complete load drones: 0:00:00.573062
[2023-08-27T23:04:20.694+0000] {dag_etl.py:99} INFO - Complete ETL Users in : 0:00:11.067941
[2023-08-27T23:04:20.707+0000] {python.py:194} INFO - Done. Returned value was: None
[2023-08-27T23:04:20.730+0000] {taskinstance.py:1400} INFO - Marking task as SUCCESS. dag_id=gaas_etl_1, task_id=etl_user, execution_date=20230827T230300, start_date=20230827T230408, end_date=20230827T230420
[2023-08-27T23:04:20.789+0000] {local_task_job_runner.py:228} INFO - Task exited with return code 0
[2023-08-27T23:04:20.818+0000] {taskinstance.py:2784} INFO - 0 downstream tasks scheduled from follow-on schedule check
