[2023-08-27T07:06:06.076+0000] {taskinstance.py:1159} INFO - Dependencies all met for dep_context=non-requeueable deps ti=<TaskInstance: gaas_etl_1.etl_user scheduled__2023-08-27T07:05:00+00:00 [queued]>
[2023-08-27T07:06:06.110+0000] {taskinstance.py:1159} INFO - Dependencies all met for dep_context=requeueable deps ti=<TaskInstance: gaas_etl_1.etl_user scheduled__2023-08-27T07:05:00+00:00 [queued]>
[2023-08-27T07:06:06.110+0000] {taskinstance.py:1361} INFO - Starting attempt 1 of 1
[2023-08-27T07:06:06.157+0000] {taskinstance.py:1382} INFO - Executing <Task(PythonOperator): etl_user> on 2023-08-27 07:05:00+00:00
[2023-08-27T07:06:06.164+0000] {standard_task_runner.py:57} INFO - Started process 374764 to run task
[2023-08-27T07:06:06.179+0000] {standard_task_runner.py:84} INFO - Running: ['airflow', 'tasks', 'run', 'gaas_etl_1', 'etl_user', 'scheduled__2023-08-27T07:05:00+00:00', '--job-id', '4868', '--raw', '--subdir', 'DAGS_FOLDER/dag_etl.py', '--cfg-path', '/tmp/tmpi9sb2llc']
[2023-08-27T07:06:06.186+0000] {standard_task_runner.py:85} INFO - Job 4868: Subtask etl_user
[2023-08-27T07:06:06.569+0000] {task_command.py:415} INFO - Running <TaskInstance: gaas_etl_1.etl_user scheduled__2023-08-27T07:05:00+00:00 [running]> on host data-system.us-central1-a.c.data-system-392010.internal
[2023-08-27T07:06:07.344+0000] {taskinstance.py:1660} INFO - Exporting env vars: AIRFLOW_CTX_DAG_EMAIL='hungnm15012002@gmail.com' AIRFLOW_CTX_DAG_OWNER='hungnm' AIRFLOW_CTX_DAG_ID='gaas_etl_1' AIRFLOW_CTX_TASK_ID='etl_user' AIRFLOW_CTX_EXECUTION_DATE='2023-08-27T07:05:00+00:00' AIRFLOW_CTX_TRY_NUMBER='1' AIRFLOW_CTX_DAG_RUN_ID='scheduled__2023-08-27T07:05:00+00:00'
[2023-08-27T07:06:07.367+0000] {dag_etl.py:28} INFO - Extracting user...
[2023-08-27T07:06:10.534+0000] {extract.py:36} INFO - Request time: 0:00:03.167101
[2023-08-27T07:06:10.648+0000] {extract.py:42} INFO - Create DataFrame time: 0:00:00.112870
[2023-08-27T07:06:10.650+0000] {dag_etl.py:31} INFO - Complete extract user: 0:00:03.283956
[2023-08-27T07:06:10.652+0000] {dag_etl.py:33} INFO - Extracting resource...
[2023-08-27T07:06:12.371+0000] {extract.py:36} INFO - Request time: 0:00:01.719438
[2023-08-27T07:06:12.394+0000] {extract.py:42} INFO - Create DataFrame time: 0:00:00.022327
[2023-08-27T07:06:12.396+0000] {dag_etl.py:36} INFO - Complete extract resource: 0:00:01.745662
[2023-08-27T07:06:12.397+0000] {dag_etl.py:38} INFO - Transforming user...
[2023-08-27T07:06:12.478+0000] {dag_etl.py:42} INFO - Complete transform user: 0:00:00.081654
[2023-08-27T07:06:12.478+0000] {dag_etl.py:44} INFO - transform space_ships...
[2023-08-27T07:06:12.531+0000] {dag_etl.py:47} INFO - Complete transform space_ships: 0:00:00.053533
[2023-08-27T07:06:12.532+0000] {dag_etl.py:49} INFO - transform drones...
[2023-08-27T07:06:12.567+0000] {dag_etl.py:52} INFO - Complete transform drones: 0:00:00.036015
[2023-08-27T07:06:12.568+0000] {dag_etl.py:54} INFO - transform pilots...
[2023-08-27T07:06:12.594+0000] {dag_etl.py:57} INFO - Complete transform pilots: 0:00:00.026310
[2023-08-27T07:06:12.594+0000] {dag_etl.py:59} INFO - transform talents...
[2023-08-27T07:06:12.608+0000] {dag_etl.py:62} INFO - Complete transform talents: 0:00:00.014106
[2023-08-27T07:06:12.608+0000] {dag_etl.py:64} INFO - transform expert_items...
[2023-08-27T07:06:12.622+0000] {dag_etl.py:67} INFO - Complete transform expert_items: 0:00:00.014500
[2023-08-27T07:06:12.623+0000] {dag_etl.py:69} INFO - Loading user...
[2023-08-27T07:06:13.219+0000] {dag_etl.py:72} INFO - Complete load user: 0:00:00.597092
[2023-08-27T07:06:13.220+0000] {dag_etl.py:74} INFO - Loading space_ships...
[2023-08-27T07:06:13.884+0000] {dag_etl.py:77} INFO - Complete load space_ships: 0:00:00.664377
[2023-08-27T07:06:13.884+0000] {dag_etl.py:79} INFO - Loading drones...
[2023-08-27T07:06:14.471+0000] {dag_etl.py:82} INFO - Complete load drones: 0:00:00.587390
[2023-08-27T07:06:14.472+0000] {dag_etl.py:84} INFO - Loading pilots...
[2023-08-27T07:06:15.766+0000] {dag_etl.py:87} INFO - Complete load drones: 0:00:01.295176
[2023-08-27T07:06:15.767+0000] {dag_etl.py:89} INFO - Loading talents...
[2023-08-27T07:06:16.693+0000] {dag_etl.py:92} INFO - Complete load drones: 0:00:00.927018
[2023-08-27T07:06:16.694+0000] {dag_etl.py:94} INFO - Loading expert_items...
[2023-08-27T07:06:17.297+0000] {dag_etl.py:97} INFO - Complete load drones: 0:00:00.603151
[2023-08-27T07:06:17.297+0000] {dag_etl.py:99} INFO - Complete ETL Users in : 0:00:09.930714
[2023-08-27T07:06:17.321+0000] {python.py:194} INFO - Done. Returned value was: None
[2023-08-27T07:06:17.360+0000] {taskinstance.py:1400} INFO - Marking task as SUCCESS. dag_id=gaas_etl_1, task_id=etl_user, execution_date=20230827T070500, start_date=20230827T070606, end_date=20230827T070617
[2023-08-27T07:06:17.469+0000] {local_task_job_runner.py:228} INFO - Task exited with return code 0
[2023-08-27T07:06:17.556+0000] {taskinstance.py:2784} INFO - 0 downstream tasks scheduled from follow-on schedule check
