[2023-08-27T18:11:08.217+0000] {taskinstance.py:1159} INFO - Dependencies all met for dep_context=non-requeueable deps ti=<TaskInstance: gaas_etl_1.etl_user scheduled__2023-08-27T18:10:00+00:00 [queued]>
[2023-08-27T18:11:08.232+0000] {taskinstance.py:1159} INFO - Dependencies all met for dep_context=requeueable deps ti=<TaskInstance: gaas_etl_1.etl_user scheduled__2023-08-27T18:10:00+00:00 [queued]>
[2023-08-27T18:11:08.233+0000] {taskinstance.py:1361} INFO - Starting attempt 1 of 1
[2023-08-27T18:11:08.290+0000] {taskinstance.py:1382} INFO - Executing <Task(PythonOperator): etl_user> on 2023-08-27 18:10:00+00:00
[2023-08-27T18:11:08.320+0000] {standard_task_runner.py:57} INFO - Started process 440325 to run task
[2023-08-27T18:11:08.349+0000] {standard_task_runner.py:84} INFO - Running: ['airflow', 'tasks', 'run', 'gaas_etl_1', 'etl_user', 'scheduled__2023-08-27T18:10:00+00:00', '--job-id', '6863', '--raw', '--subdir', 'DAGS_FOLDER/dag_etl.py', '--cfg-path', '/tmp/tmpmero7tqc']
[2023-08-27T18:11:08.363+0000] {standard_task_runner.py:85} INFO - Job 6863: Subtask etl_user
[2023-08-27T18:11:09.079+0000] {task_command.py:415} INFO - Running <TaskInstance: gaas_etl_1.etl_user scheduled__2023-08-27T18:10:00+00:00 [running]> on host data-system.us-central1-a.c.data-system-392010.internal
[2023-08-27T18:11:10.004+0000] {taskinstance.py:1660} INFO - Exporting env vars: AIRFLOW_CTX_DAG_EMAIL='hungnm15012002@gmail.com' AIRFLOW_CTX_DAG_OWNER='hungnm' AIRFLOW_CTX_DAG_ID='gaas_etl_1' AIRFLOW_CTX_TASK_ID='etl_user' AIRFLOW_CTX_EXECUTION_DATE='2023-08-27T18:10:00+00:00' AIRFLOW_CTX_TRY_NUMBER='1' AIRFLOW_CTX_DAG_RUN_ID='scheduled__2023-08-27T18:10:00+00:00'
[2023-08-27T18:11:10.027+0000] {dag_etl.py:28} INFO - Extracting user...
[2023-08-27T18:11:21.203+0000] {extract.py:36} INFO - Request time: 0:00:11.174878
[2023-08-27T18:11:21.747+0000] {extract.py:42} INFO - Create DataFrame time: 0:00:00.543574
[2023-08-27T18:11:21.752+0000] {dag_etl.py:31} INFO - Complete extract user: 0:00:11.724905
[2023-08-27T18:11:21.753+0000] {dag_etl.py:33} INFO - Extracting resource...
[2023-08-27T18:11:36.597+0000] {extract.py:36} INFO - Request time: 0:00:14.843365
[2023-08-27T18:11:36.759+0000] {extract.py:42} INFO - Create DataFrame time: 0:00:00.162293
[2023-08-27T18:11:36.765+0000] {dag_etl.py:36} INFO - Complete extract resource: 0:00:15.013125
[2023-08-27T18:11:36.770+0000] {dag_etl.py:38} INFO - Transforming user...
[2023-08-27T18:11:37.220+0000] {dag_etl.py:42} INFO - Complete transform user: 0:00:00.454469
[2023-08-27T18:11:37.220+0000] {dag_etl.py:44} INFO - transform space_ships...
[2023-08-27T18:11:37.462+0000] {dag_etl.py:47} INFO - Complete transform space_ships: 0:00:00.241784
[2023-08-27T18:11:37.462+0000] {dag_etl.py:49} INFO - transform drones...
[2023-08-27T18:11:37.632+0000] {dag_etl.py:52} INFO - Complete transform drones: 0:00:00.170335
[2023-08-27T18:11:37.633+0000] {dag_etl.py:54} INFO - transform pilots...
[2023-08-27T18:11:37.754+0000] {dag_etl.py:57} INFO - Complete transform pilots: 0:00:00.122185
[2023-08-27T18:11:37.755+0000] {dag_etl.py:59} INFO - transform talents...
[2023-08-27T18:11:37.810+0000] {dag_etl.py:62} INFO - Complete transform talents: 0:00:00.055648
[2023-08-27T18:11:37.810+0000] {dag_etl.py:64} INFO - transform expert_items...
[2023-08-27T18:11:37.857+0000] {dag_etl.py:67} INFO - Complete transform expert_items: 0:00:00.046791
[2023-08-27T18:11:37.857+0000] {dag_etl.py:69} INFO - Loading user...
[2023-08-27T18:11:39.553+0000] {dag_etl.py:72} INFO - Complete load user: 0:00:01.696592
[2023-08-27T18:11:39.554+0000] {dag_etl.py:74} INFO - Loading space_ships...
[2023-08-27T18:11:42.219+0000] {dag_etl.py:77} INFO - Complete load space_ships: 0:00:02.665381
[2023-08-27T18:11:42.219+0000] {dag_etl.py:79} INFO - Loading drones...
[2023-08-27T18:11:44.415+0000] {dag_etl.py:82} INFO - Complete load drones: 0:00:02.196269
[2023-08-27T18:11:44.415+0000] {dag_etl.py:84} INFO - Loading pilots...
[2023-08-27T18:11:47.565+0000] {dag_etl.py:87} INFO - Complete load drones: 0:00:03.149895
[2023-08-27T18:11:47.565+0000] {dag_etl.py:89} INFO - Loading talents...
[2023-08-27T18:11:49.547+0000] {dag_etl.py:92} INFO - Complete load drones: 0:00:01.982667
[2023-08-27T18:11:49.548+0000] {dag_etl.py:94} INFO - Loading expert_items...
[2023-08-27T18:11:50.777+0000] {dag_etl.py:97} INFO - Complete load drones: 0:00:01.229941
[2023-08-27T18:11:50.778+0000] {dag_etl.py:99} INFO - Complete ETL Users in : 0:00:40.750717
[2023-08-27T18:11:50.857+0000] {python.py:194} INFO - Done. Returned value was: None
[2023-08-27T18:11:50.886+0000] {taskinstance.py:1400} INFO - Marking task as SUCCESS. dag_id=gaas_etl_1, task_id=etl_user, execution_date=20230827T181000, start_date=20230827T181108, end_date=20230827T181150
[2023-08-27T18:11:50.996+0000] {local_task_job_runner.py:228} INFO - Task exited with return code 0
[2023-08-27T18:11:51.023+0000] {taskinstance.py:2784} INFO - 0 downstream tasks scheduled from follow-on schedule check
