[2023-08-26T19:42:05.002+0000] {taskinstance.py:1159} INFO - Dependencies all met for dep_context=non-requeueable deps ti=<TaskInstance: gaas_etl_1.etl_user scheduled__2023-08-26T19:41:00+00:00 [queued]>
[2023-08-26T19:42:05.021+0000] {taskinstance.py:1159} INFO - Dependencies all met for dep_context=requeueable deps ti=<TaskInstance: gaas_etl_1.etl_user scheduled__2023-08-26T19:41:00+00:00 [queued]>
[2023-08-26T19:42:05.022+0000] {taskinstance.py:1361} INFO - Starting attempt 1 of 1
[2023-08-26T19:42:05.054+0000] {taskinstance.py:1382} INFO - Executing <Task(PythonOperator): etl_user> on 2023-08-26 19:41:00+00:00
[2023-08-26T19:42:05.064+0000] {standard_task_runner.py:57} INFO - Started process 328568 to run task
[2023-08-26T19:42:05.081+0000] {standard_task_runner.py:84} INFO - Running: ['airflow', 'tasks', 'run', 'gaas_etl_1', 'etl_user', 'scheduled__2023-08-26T19:41:00+00:00', '--job-id', '2816', '--raw', '--subdir', 'DAGS_FOLDER/dag_etl.py', '--cfg-path', '/tmp/tmp647hnr9p']
[2023-08-26T19:42:05.088+0000] {standard_task_runner.py:85} INFO - Job 2816: Subtask etl_user
[2023-08-26T19:42:05.593+0000] {task_command.py:415} INFO - Running <TaskInstance: gaas_etl_1.etl_user scheduled__2023-08-26T19:41:00+00:00 [running]> on host data-system.us-central1-a.c.data-system-392010.internal
[2023-08-26T19:42:05.972+0000] {taskinstance.py:1660} INFO - Exporting env vars: AIRFLOW_CTX_DAG_EMAIL='hungnm15012002@gmail.com' AIRFLOW_CTX_DAG_OWNER='hungnm' AIRFLOW_CTX_DAG_ID='gaas_etl_1' AIRFLOW_CTX_TASK_ID='etl_user' AIRFLOW_CTX_EXECUTION_DATE='2023-08-26T19:41:00+00:00' AIRFLOW_CTX_TRY_NUMBER='1' AIRFLOW_CTX_DAG_RUN_ID='scheduled__2023-08-26T19:41:00+00:00'
[2023-08-26T19:42:05.990+0000] {dag_etl.py:28} INFO - Extracting user...
[2023-08-26T19:42:16.622+0000] {extract.py:36} INFO - Request time: 0:00:10.631488
[2023-08-26T19:42:17.268+0000] {extract.py:42} INFO - Create DataFrame time: 0:00:00.644753
[2023-08-26T19:42:17.273+0000] {dag_etl.py:31} INFO - Complete extract user: 0:00:11.282987
[2023-08-26T19:42:17.275+0000] {dag_etl.py:33} INFO - Extracting resource...
[2023-08-26T19:42:31.590+0000] {extract.py:36} INFO - Request time: 0:00:14.314717
[2023-08-26T19:42:31.688+0000] {extract.py:42} INFO - Create DataFrame time: 0:00:00.097732
[2023-08-26T19:42:31.691+0000] {dag_etl.py:36} INFO - Complete extract resource: 0:00:14.418123
[2023-08-26T19:42:31.693+0000] {dag_etl.py:38} INFO - Transforming user...
[2023-08-26T19:42:31.986+0000] {dag_etl.py:42} INFO - Complete transform user: 0:00:00.294708
[2023-08-26T19:42:31.987+0000] {dag_etl.py:44} INFO - transform space_ships...
[2023-08-26T19:42:32.201+0000] {dag_etl.py:47} INFO - Complete transform space_ships: 0:00:00.215160
[2023-08-26T19:42:32.202+0000] {dag_etl.py:49} INFO - transform drones...
[2023-08-26T19:42:32.376+0000] {dag_etl.py:52} INFO - Complete transform drones: 0:00:00.174561
[2023-08-26T19:42:32.377+0000] {dag_etl.py:54} INFO - transform pilots...
[2023-08-26T19:42:32.482+0000] {dag_etl.py:57} INFO - Complete transform pilots: 0:00:00.106039
[2023-08-26T19:42:32.483+0000] {dag_etl.py:59} INFO - transform talents...
[2023-08-26T19:42:32.531+0000] {dag_etl.py:62} INFO - Complete transform talents: 0:00:00.048687
[2023-08-26T19:42:32.531+0000] {dag_etl.py:64} INFO - transform expert_items...
[2023-08-26T19:42:32.577+0000] {dag_etl.py:67} INFO - Complete transform expert_items: 0:00:00.045940
[2023-08-26T19:42:32.577+0000] {dag_etl.py:69} INFO - Loading user...
[2023-08-26T19:42:34.210+0000] {dag_etl.py:72} INFO - Complete load user: 0:00:01.632981
[2023-08-26T19:42:34.210+0000] {dag_etl.py:74} INFO - Loading space_ships...
[2023-08-26T19:42:36.709+0000] {dag_etl.py:77} INFO - Complete load space_ships: 0:00:02.499215
[2023-08-26T19:42:36.709+0000] {dag_etl.py:79} INFO - Loading drones...
[2023-08-26T19:42:39.416+0000] {dag_etl.py:82} INFO - Complete load drones: 0:00:02.706786
[2023-08-26T19:42:39.416+0000] {dag_etl.py:84} INFO - Loading pilots...
[2023-08-26T19:42:43.553+0000] {dag_etl.py:87} INFO - Complete load drones: 0:00:04.137213
[2023-08-26T19:42:43.553+0000] {dag_etl.py:89} INFO - Loading talents...
[2023-08-26T19:42:46.288+0000] {dag_etl.py:92} INFO - Complete load drones: 0:00:02.735514
[2023-08-26T19:42:46.289+0000] {dag_etl.py:94} INFO - Loading expert_items...
[2023-08-26T19:42:47.513+0000] {dag_etl.py:97} INFO - Complete load drones: 0:00:01.225102
[2023-08-26T19:42:47.514+0000] {dag_etl.py:99} INFO - Complete ETL Users in : 0:00:41.523499
[2023-08-26T19:42:47.542+0000] {python.py:194} INFO - Done. Returned value was: None
[2023-08-26T19:42:47.558+0000] {taskinstance.py:1400} INFO - Marking task as SUCCESS. dag_id=gaas_etl_1, task_id=etl_user, execution_date=20230826T194100, start_date=20230826T194205, end_date=20230826T194247
[2023-08-26T19:42:47.641+0000] {local_task_job_runner.py:228} INFO - Task exited with return code 0
[2023-08-26T19:42:47.684+0000] {taskinstance.py:2784} INFO - 0 downstream tasks scheduled from follow-on schedule check
