[2023-08-27T14:13:06.906+0000] {taskinstance.py:1159} INFO - Dependencies all met for dep_context=non-requeueable deps ti=<TaskInstance: gaas_etl_1.etl_user scheduled__2023-08-27T14:12:00+00:00 [queued]>
[2023-08-27T14:13:06.933+0000] {taskinstance.py:1159} INFO - Dependencies all met for dep_context=requeueable deps ti=<TaskInstance: gaas_etl_1.etl_user scheduled__2023-08-27T14:12:00+00:00 [queued]>
[2023-08-27T14:13:06.934+0000] {taskinstance.py:1361} INFO - Starting attempt 1 of 1
[2023-08-27T14:13:06.985+0000] {taskinstance.py:1382} INFO - Executing <Task(PythonOperator): etl_user> on 2023-08-27 14:12:00+00:00
[2023-08-27T14:13:07.003+0000] {standard_task_runner.py:57} INFO - Started process 415107 to run task
[2023-08-27T14:13:07.025+0000] {standard_task_runner.py:84} INFO - Running: ['airflow', 'tasks', 'run', 'gaas_etl_1', 'etl_user', 'scheduled__2023-08-27T14:12:00+00:00', '--job-id', '6149', '--raw', '--subdir', 'DAGS_FOLDER/dag_etl.py', '--cfg-path', '/tmp/tmpuu74lrgl']
[2023-08-27T14:13:07.035+0000] {standard_task_runner.py:85} INFO - Job 6149: Subtask etl_user
[2023-08-27T14:13:08.093+0000] {task_command.py:415} INFO - Running <TaskInstance: gaas_etl_1.etl_user scheduled__2023-08-27T14:12:00+00:00 [running]> on host data-system.us-central1-a.c.data-system-392010.internal
[2023-08-27T14:13:08.579+0000] {taskinstance.py:1660} INFO - Exporting env vars: AIRFLOW_CTX_DAG_EMAIL='hungnm15012002@gmail.com' AIRFLOW_CTX_DAG_OWNER='hungnm' AIRFLOW_CTX_DAG_ID='gaas_etl_1' AIRFLOW_CTX_TASK_ID='etl_user' AIRFLOW_CTX_EXECUTION_DATE='2023-08-27T14:12:00+00:00' AIRFLOW_CTX_TRY_NUMBER='1' AIRFLOW_CTX_DAG_RUN_ID='scheduled__2023-08-27T14:12:00+00:00'
[2023-08-27T14:13:08.596+0000] {dag_etl.py:28} INFO - Extracting user...
[2023-08-27T14:13:32.445+0000] {extract.py:36} INFO - Request time: 0:00:23.848123
[2023-08-27T14:13:32.876+0000] {extract.py:42} INFO - Create DataFrame time: 0:00:00.430207
[2023-08-27T14:13:32.881+0000] {dag_etl.py:31} INFO - Complete extract user: 0:00:24.284378
[2023-08-27T14:13:32.881+0000] {dag_etl.py:33} INFO - Extracting resource...
[2023-08-27T14:13:33.199+0000] {extract.py:36} INFO - Request time: 0:00:00.317287
[2023-08-27T14:13:33.199+0000] {extract.py:45} ERROR - Server GAAS error: 502
[2023-08-27T14:13:33.207+0000] {dag_etl.py:36} INFO - Complete extract resource: 0:00:00.325785
[2023-08-27T14:13:33.207+0000] {dag_etl.py:38} INFO - Transforming user...
[2023-08-27T14:13:33.210+0000] {dag_etl.py:107} ERROR - An Error Occur: Can only merge Series or DataFrame objects, a <class 'int'> was passed
[2023-08-27T14:13:33.222+0000] {python.py:194} INFO - Done. Returned value was: None
[2023-08-27T14:13:33.237+0000] {taskinstance.py:1400} INFO - Marking task as SUCCESS. dag_id=gaas_etl_1, task_id=etl_user, execution_date=20230827T141200, start_date=20230827T141306, end_date=20230827T141333
[2023-08-27T14:13:33.316+0000] {local_task_job_runner.py:228} INFO - Task exited with return code 0
[2023-08-27T14:13:33.337+0000] {taskinstance.py:2784} INFO - 0 downstream tasks scheduled from follow-on schedule check
