[2023-08-26T18:14:04.505+0000] {taskinstance.py:1159} INFO - Dependencies all met for dep_context=non-requeueable deps ti=<TaskInstance: gaas_etl_1.etl_user scheduled__2023-08-26T18:13:00+00:00 [queued]>
[2023-08-26T18:14:04.520+0000] {taskinstance.py:1159} INFO - Dependencies all met for dep_context=requeueable deps ti=<TaskInstance: gaas_etl_1.etl_user scheduled__2023-08-26T18:13:00+00:00 [queued]>
[2023-08-26T18:14:04.520+0000] {taskinstance.py:1361} INFO - Starting attempt 1 of 1
[2023-08-26T18:14:04.551+0000] {taskinstance.py:1382} INFO - Executing <Task(PythonOperator): etl_user> on 2023-08-26 18:13:00+00:00
[2023-08-26T18:14:04.560+0000] {standard_task_runner.py:57} INFO - Started process 325095 to run task
[2023-08-26T18:14:04.575+0000] {standard_task_runner.py:84} INFO - Running: ['airflow', 'tasks', 'run', 'gaas_etl_1', 'etl_user', 'scheduled__2023-08-26T18:13:00+00:00', '--job-id', '2552', '--raw', '--subdir', 'DAGS_FOLDER/dag_etl.py', '--cfg-path', '/tmp/tmpuynsezqc']
[2023-08-26T18:14:04.580+0000] {standard_task_runner.py:85} INFO - Job 2552: Subtask etl_user
[2023-08-26T18:14:04.810+0000] {task_command.py:415} INFO - Running <TaskInstance: gaas_etl_1.etl_user scheduled__2023-08-26T18:13:00+00:00 [running]> on host data-system.us-central1-a.c.data-system-392010.internal
[2023-08-26T18:14:05.448+0000] {taskinstance.py:1660} INFO - Exporting env vars: AIRFLOW_CTX_DAG_EMAIL='hungnm15012002@gmail.com' AIRFLOW_CTX_DAG_OWNER='hungnm' AIRFLOW_CTX_DAG_ID='gaas_etl_1' AIRFLOW_CTX_TASK_ID='etl_user' AIRFLOW_CTX_EXECUTION_DATE='2023-08-26T18:13:00+00:00' AIRFLOW_CTX_TRY_NUMBER='1' AIRFLOW_CTX_DAG_RUN_ID='scheduled__2023-08-26T18:13:00+00:00'
[2023-08-26T18:14:05.472+0000] {dag_etl.py:28} INFO - Extracting user...
[2023-08-26T18:14:09.305+0000] {extract.py:36} INFO - Request time: 0:00:03.832371
[2023-08-26T18:14:09.447+0000] {extract.py:42} INFO - Create DataFrame time: 0:00:00.141298
[2023-08-26T18:14:09.449+0000] {dag_etl.py:31} INFO - Complete extract user: 0:00:03.977777
[2023-08-26T18:14:09.450+0000] {dag_etl.py:33} INFO - Extracting resource...
[2023-08-26T18:14:10.949+0000] {extract.py:36} INFO - Request time: 0:00:01.497867
[2023-08-26T18:14:10.973+0000] {extract.py:42} INFO - Create DataFrame time: 0:00:00.023698
[2023-08-26T18:14:10.975+0000] {dag_etl.py:36} INFO - Complete extract resource: 0:00:01.525750
[2023-08-26T18:14:10.976+0000] {dag_etl.py:38} INFO - Transforming user...
[2023-08-26T18:14:11.059+0000] {dag_etl.py:42} INFO - Complete transform user: 0:00:00.084273
[2023-08-26T18:14:11.060+0000] {dag_etl.py:44} INFO - transform space_ships...
[2023-08-26T18:14:11.112+0000] {dag_etl.py:47} INFO - Complete transform space_ships: 0:00:00.052369
[2023-08-26T18:14:11.112+0000] {dag_etl.py:49} INFO - transform drones...
[2023-08-26T18:14:11.150+0000] {dag_etl.py:52} INFO - Complete transform drones: 0:00:00.037818
[2023-08-26T18:14:11.150+0000] {dag_etl.py:54} INFO - transform pilots...
[2023-08-26T18:14:11.177+0000] {dag_etl.py:57} INFO - Complete transform pilots: 0:00:00.027056
[2023-08-26T18:14:11.177+0000] {dag_etl.py:59} INFO - transform talents...
[2023-08-26T18:14:11.196+0000] {dag_etl.py:62} INFO - Complete transform talents: 0:00:00.019561
[2023-08-26T18:14:11.197+0000] {dag_etl.py:64} INFO - transform expert_items...
[2023-08-26T18:14:11.215+0000] {dag_etl.py:67} INFO - Complete transform expert_items: 0:00:00.018289
[2023-08-26T18:14:11.215+0000] {dag_etl.py:69} INFO - Loading user...
[2023-08-26T18:14:11.769+0000] {dag_etl.py:72} INFO - Complete load user: 0:00:00.554711
[2023-08-26T18:14:11.770+0000] {dag_etl.py:74} INFO - Loading space_ships...
[2023-08-26T18:14:12.531+0000] {dag_etl.py:77} INFO - Complete load space_ships: 0:00:00.762147
[2023-08-26T18:14:12.532+0000] {dag_etl.py:79} INFO - Loading drones...
[2023-08-26T18:14:13.154+0000] {dag_etl.py:82} INFO - Complete load drones: 0:00:00.622322
[2023-08-26T18:14:13.154+0000] {dag_etl.py:84} INFO - Loading pilots...
[2023-08-26T18:14:14.907+0000] {dag_etl.py:87} INFO - Complete load drones: 0:00:01.753091
[2023-08-26T18:14:14.907+0000] {dag_etl.py:89} INFO - Loading talents...
[2023-08-26T18:14:15.666+0000] {dag_etl.py:92} INFO - Complete load drones: 0:00:00.758769
[2023-08-26T18:14:15.666+0000] {dag_etl.py:94} INFO - Loading expert_items...
[2023-08-26T18:14:16.060+0000] {dag_etl.py:97} INFO - Complete load drones: 0:00:00.393887
[2023-08-26T18:14:16.060+0000] {dag_etl.py:99} INFO - Complete ETL Users in : 0:00:10.588426
[2023-08-26T18:14:16.075+0000] {python.py:194} INFO - Done. Returned value was: None
[2023-08-26T18:14:16.098+0000] {taskinstance.py:1400} INFO - Marking task as SUCCESS. dag_id=gaas_etl_1, task_id=etl_user, execution_date=20230826T181300, start_date=20230826T181404, end_date=20230826T181416
[2023-08-26T18:14:16.169+0000] {local_task_job_runner.py:228} INFO - Task exited with return code 0
[2023-08-26T18:14:16.200+0000] {taskinstance.py:2784} INFO - 0 downstream tasks scheduled from follow-on schedule check
