[2023-08-27T06:51:06.469+0000] {taskinstance.py:1159} INFO - Dependencies all met for dep_context=non-requeueable deps ti=<TaskInstance: gaas_etl_1.etl_user scheduled__2023-08-27T06:50:00+00:00 [queued]>
[2023-08-27T06:51:06.487+0000] {taskinstance.py:1159} INFO - Dependencies all met for dep_context=requeueable deps ti=<TaskInstance: gaas_etl_1.etl_user scheduled__2023-08-27T06:50:00+00:00 [queued]>
[2023-08-27T06:51:06.488+0000] {taskinstance.py:1361} INFO - Starting attempt 1 of 1
[2023-08-27T06:51:06.519+0000] {taskinstance.py:1382} INFO - Executing <Task(PythonOperator): etl_user> on 2023-08-27 06:50:00+00:00
[2023-08-27T06:51:06.532+0000] {standard_task_runner.py:57} INFO - Started process 374116 to run task
[2023-08-27T06:51:06.541+0000] {standard_task_runner.py:84} INFO - Running: ['airflow', 'tasks', 'run', 'gaas_etl_1', 'etl_user', 'scheduled__2023-08-27T06:50:00+00:00', '--job-id', '4822', '--raw', '--subdir', 'DAGS_FOLDER/dag_etl.py', '--cfg-path', '/tmp/tmpoksrxjky']
[2023-08-27T06:51:06.548+0000] {standard_task_runner.py:85} INFO - Job 4822: Subtask etl_user
[2023-08-27T06:51:06.944+0000] {task_command.py:415} INFO - Running <TaskInstance: gaas_etl_1.etl_user scheduled__2023-08-27T06:50:00+00:00 [running]> on host data-system.us-central1-a.c.data-system-392010.internal
[2023-08-27T06:51:07.686+0000] {taskinstance.py:1660} INFO - Exporting env vars: AIRFLOW_CTX_DAG_EMAIL='hungnm15012002@gmail.com' AIRFLOW_CTX_DAG_OWNER='hungnm' AIRFLOW_CTX_DAG_ID='gaas_etl_1' AIRFLOW_CTX_TASK_ID='etl_user' AIRFLOW_CTX_EXECUTION_DATE='2023-08-27T06:50:00+00:00' AIRFLOW_CTX_TRY_NUMBER='1' AIRFLOW_CTX_DAG_RUN_ID='scheduled__2023-08-27T06:50:00+00:00'
[2023-08-27T06:51:07.712+0000] {dag_etl.py:28} INFO - Extracting user...
[2023-08-27T06:51:13.940+0000] {extract.py:36} INFO - Request time: 0:00:06.227230
[2023-08-27T06:51:14.990+0000] {extract.py:42} INFO - Create DataFrame time: 0:00:01.048981
[2023-08-27T06:51:14.997+0000] {dag_etl.py:31} INFO - Complete extract user: 0:00:07.285322
[2023-08-27T06:51:14.999+0000] {dag_etl.py:33} INFO - Extracting resource...
[2023-08-27T06:51:16.979+0000] {extract.py:36} INFO - Request time: 0:00:01.979669
[2023-08-27T06:51:17.089+0000] {extract.py:42} INFO - Create DataFrame time: 0:00:00.108560
[2023-08-27T06:51:17.092+0000] {dag_etl.py:36} INFO - Complete extract resource: 0:00:02.094998
[2023-08-27T06:51:17.094+0000] {dag_etl.py:38} INFO - Transforming user...
[2023-08-27T06:51:17.436+0000] {dag_etl.py:42} INFO - Complete transform user: 0:00:00.343763
[2023-08-27T06:51:17.437+0000] {dag_etl.py:44} INFO - transform space_ships...
[2023-08-27T06:51:17.720+0000] {dag_etl.py:47} INFO - Complete transform space_ships: 0:00:00.284179
[2023-08-27T06:51:17.721+0000] {dag_etl.py:49} INFO - transform drones...
[2023-08-27T06:51:17.913+0000] {dag_etl.py:52} INFO - Complete transform drones: 0:00:00.192978
[2023-08-27T06:51:17.914+0000] {dag_etl.py:54} INFO - transform pilots...
[2023-08-27T06:51:18.046+0000] {dag_etl.py:57} INFO - Complete transform pilots: 0:00:00.132318
[2023-08-27T06:51:18.046+0000] {dag_etl.py:59} INFO - transform talents...
[2023-08-27T06:51:18.101+0000] {dag_etl.py:62} INFO - Complete transform talents: 0:00:00.055211
[2023-08-27T06:51:18.101+0000] {dag_etl.py:64} INFO - transform expert_items...
[2023-08-27T06:51:18.159+0000] {dag_etl.py:67} INFO - Complete transform expert_items: 0:00:00.057861
[2023-08-27T06:51:18.159+0000] {dag_etl.py:69} INFO - Loading user...
[2023-08-27T06:51:20.164+0000] {dag_etl.py:72} INFO - Complete load user: 0:00:02.005332
[2023-08-27T06:51:20.164+0000] {dag_etl.py:74} INFO - Loading space_ships...
[2023-08-27T06:51:23.186+0000] {dag_etl.py:77} INFO - Complete load space_ships: 0:00:03.021561
[2023-08-27T06:51:23.186+0000] {dag_etl.py:79} INFO - Loading drones...
[2023-08-27T06:51:25.355+0000] {dag_etl.py:82} INFO - Complete load drones: 0:00:02.169364
[2023-08-27T06:51:25.355+0000] {dag_etl.py:84} INFO - Loading pilots...
[2023-08-27T06:51:28.630+0000] {dag_etl.py:87} INFO - Complete load drones: 0:00:03.275467
[2023-08-27T06:51:28.631+0000] {dag_etl.py:89} INFO - Loading talents...
[2023-08-27T06:51:30.798+0000] {dag_etl.py:92} INFO - Complete load drones: 0:00:02.167545
[2023-08-27T06:51:30.798+0000] {dag_etl.py:94} INFO - Loading expert_items...
[2023-08-27T06:51:32.690+0000] {dag_etl.py:97} INFO - Complete load drones: 0:00:01.892164
[2023-08-27T06:51:32.691+0000] {dag_etl.py:99} INFO - Complete ETL Users in : 0:00:24.978613
[2023-08-27T06:51:32.746+0000] {python.py:194} INFO - Done. Returned value was: None
[2023-08-27T06:51:32.781+0000] {taskinstance.py:1400} INFO - Marking task as SUCCESS. dag_id=gaas_etl_1, task_id=etl_user, execution_date=20230827T065000, start_date=20230827T065106, end_date=20230827T065132
[2023-08-27T06:51:32.853+0000] {local_task_job_runner.py:228} INFO - Task exited with return code 0
[2023-08-27T06:51:32.873+0000] {taskinstance.py:2784} INFO - 0 downstream tasks scheduled from follow-on schedule check
