[2023-08-26T22:41:04.797+0000] {taskinstance.py:1159} INFO - Dependencies all met for dep_context=non-requeueable deps ti=<TaskInstance: gaas_etl_1.etl_user scheduled__2023-08-26T22:40:00+00:00 [queued]>
[2023-08-26T22:41:04.812+0000] {taskinstance.py:1159} INFO - Dependencies all met for dep_context=requeueable deps ti=<TaskInstance: gaas_etl_1.etl_user scheduled__2023-08-26T22:40:00+00:00 [queued]>
[2023-08-26T22:41:04.813+0000] {taskinstance.py:1361} INFO - Starting attempt 1 of 1
[2023-08-26T22:41:04.843+0000] {taskinstance.py:1382} INFO - Executing <Task(PythonOperator): etl_user> on 2023-08-26 22:40:00+00:00
[2023-08-26T22:41:04.852+0000] {standard_task_runner.py:57} INFO - Started process 335628 to run task
[2023-08-26T22:41:04.867+0000] {standard_task_runner.py:84} INFO - Running: ['airflow', 'tasks', 'run', 'gaas_etl_1', 'etl_user', 'scheduled__2023-08-26T22:40:00+00:00', '--job-id', '3352', '--raw', '--subdir', 'DAGS_FOLDER/dag_etl.py', '--cfg-path', '/tmp/tmp8z7socsf']
[2023-08-26T22:41:04.873+0000] {standard_task_runner.py:85} INFO - Job 3352: Subtask etl_user
[2023-08-26T22:41:05.210+0000] {task_command.py:415} INFO - Running <TaskInstance: gaas_etl_1.etl_user scheduled__2023-08-26T22:40:00+00:00 [running]> on host data-system.us-central1-a.c.data-system-392010.internal
[2023-08-26T22:41:05.663+0000] {taskinstance.py:1660} INFO - Exporting env vars: AIRFLOW_CTX_DAG_EMAIL='hungnm15012002@gmail.com' AIRFLOW_CTX_DAG_OWNER='hungnm' AIRFLOW_CTX_DAG_ID='gaas_etl_1' AIRFLOW_CTX_TASK_ID='etl_user' AIRFLOW_CTX_EXECUTION_DATE='2023-08-26T22:40:00+00:00' AIRFLOW_CTX_TRY_NUMBER='1' AIRFLOW_CTX_DAG_RUN_ID='scheduled__2023-08-26T22:40:00+00:00'
[2023-08-26T22:41:05.719+0000] {dag_etl.py:28} INFO - Extracting user...
[2023-08-26T22:41:11.114+0000] {extract.py:36} INFO - Request time: 0:00:05.393587
[2023-08-26T22:41:11.634+0000] {extract.py:42} INFO - Create DataFrame time: 0:00:00.519941
[2023-08-26T22:41:11.639+0000] {dag_etl.py:31} INFO - Complete extract user: 0:00:05.920006
[2023-08-26T22:41:11.640+0000] {dag_etl.py:33} INFO - Extracting resource...
[2023-08-26T22:41:14.113+0000] {extract.py:36} INFO - Request time: 0:00:02.473083
[2023-08-26T22:41:14.190+0000] {extract.py:42} INFO - Create DataFrame time: 0:00:00.076344
[2023-08-26T22:41:14.193+0000] {dag_etl.py:36} INFO - Complete extract resource: 0:00:02.553911
[2023-08-26T22:41:14.194+0000] {dag_etl.py:38} INFO - Transforming user...
[2023-08-26T22:41:14.448+0000] {dag_etl.py:42} INFO - Complete transform user: 0:00:00.254954
[2023-08-26T22:41:14.449+0000] {dag_etl.py:44} INFO - transform space_ships...
[2023-08-26T22:41:14.657+0000] {dag_etl.py:47} INFO - Complete transform space_ships: 0:00:00.209086
[2023-08-26T22:41:14.658+0000] {dag_etl.py:49} INFO - transform drones...
[2023-08-26T22:41:14.837+0000] {dag_etl.py:52} INFO - Complete transform drones: 0:00:00.179501
[2023-08-26T22:41:14.838+0000] {dag_etl.py:54} INFO - transform pilots...
[2023-08-26T22:41:14.986+0000] {dag_etl.py:57} INFO - Complete transform pilots: 0:00:00.149933
[2023-08-26T22:41:14.987+0000] {dag_etl.py:59} INFO - transform talents...
[2023-08-26T22:41:15.034+0000] {dag_etl.py:62} INFO - Complete transform talents: 0:00:00.047049
[2023-08-26T22:41:15.034+0000] {dag_etl.py:64} INFO - transform expert_items...
[2023-08-26T22:41:15.078+0000] {dag_etl.py:67} INFO - Complete transform expert_items: 0:00:00.044039
[2023-08-26T22:41:15.078+0000] {dag_etl.py:69} INFO - Loading user...
[2023-08-26T22:41:16.545+0000] {dag_etl.py:72} INFO - Complete load user: 0:00:01.466935
[2023-08-26T22:41:16.545+0000] {dag_etl.py:74} INFO - Loading space_ships...
[2023-08-26T22:41:18.859+0000] {dag_etl.py:77} INFO - Complete load space_ships: 0:00:02.314565
[2023-08-26T22:41:18.860+0000] {dag_etl.py:79} INFO - Loading drones...
[2023-08-26T22:41:20.746+0000] {dag_etl.py:82} INFO - Complete load drones: 0:00:01.886509
[2023-08-26T22:41:20.746+0000] {dag_etl.py:84} INFO - Loading pilots...
[2023-08-26T22:41:23.644+0000] {dag_etl.py:87} INFO - Complete load drones: 0:00:02.898182
[2023-08-26T22:41:23.644+0000] {dag_etl.py:89} INFO - Loading talents...
[2023-08-26T22:41:25.287+0000] {dag_etl.py:92} INFO - Complete load drones: 0:00:01.643359
[2023-08-26T22:41:25.288+0000] {dag_etl.py:94} INFO - Loading expert_items...
[2023-08-26T22:41:26.410+0000] {dag_etl.py:97} INFO - Complete load drones: 0:00:01.122567
[2023-08-26T22:41:26.410+0000] {dag_etl.py:99} INFO - Complete ETL Users in : 0:00:20.691067
[2023-08-26T22:41:26.445+0000] {python.py:194} INFO - Done. Returned value was: None
[2023-08-26T22:41:26.474+0000] {taskinstance.py:1400} INFO - Marking task as SUCCESS. dag_id=gaas_etl_1, task_id=etl_user, execution_date=20230826T224000, start_date=20230826T224104, end_date=20230826T224126
[2023-08-26T22:41:26.572+0000] {local_task_job_runner.py:228} INFO - Task exited with return code 0
[2023-08-26T22:41:26.602+0000] {taskinstance.py:2784} INFO - 0 downstream tasks scheduled from follow-on schedule check
