[2023-08-27T07:56:06.285+0000] {taskinstance.py:1159} INFO - Dependencies all met for dep_context=non-requeueable deps ti=<TaskInstance: gaas_etl_1.etl_user scheduled__2023-08-27T07:55:00+00:00 [queued]>
[2023-08-27T07:56:06.307+0000] {taskinstance.py:1159} INFO - Dependencies all met for dep_context=requeueable deps ti=<TaskInstance: gaas_etl_1.etl_user scheduled__2023-08-27T07:55:00+00:00 [queued]>
[2023-08-27T07:56:06.309+0000] {taskinstance.py:1361} INFO - Starting attempt 1 of 1
[2023-08-27T07:56:06.339+0000] {taskinstance.py:1382} INFO - Executing <Task(PythonOperator): etl_user> on 2023-08-27 07:55:00+00:00
[2023-08-27T07:56:06.349+0000] {standard_task_runner.py:57} INFO - Started process 376723 to run task
[2023-08-27T07:56:06.364+0000] {standard_task_runner.py:84} INFO - Running: ['airflow', 'tasks', 'run', 'gaas_etl_1', 'etl_user', 'scheduled__2023-08-27T07:55:00+00:00', '--job-id', '5018', '--raw', '--subdir', 'DAGS_FOLDER/dag_etl.py', '--cfg-path', '/tmp/tmpab5tul_j']
[2023-08-27T07:56:06.369+0000] {standard_task_runner.py:85} INFO - Job 5018: Subtask etl_user
[2023-08-27T07:56:06.761+0000] {task_command.py:415} INFO - Running <TaskInstance: gaas_etl_1.etl_user scheduled__2023-08-27T07:55:00+00:00 [running]> on host data-system.us-central1-a.c.data-system-392010.internal
[2023-08-27T07:56:07.487+0000] {taskinstance.py:1660} INFO - Exporting env vars: AIRFLOW_CTX_DAG_EMAIL='hungnm15012002@gmail.com' AIRFLOW_CTX_DAG_OWNER='hungnm' AIRFLOW_CTX_DAG_ID='gaas_etl_1' AIRFLOW_CTX_TASK_ID='etl_user' AIRFLOW_CTX_EXECUTION_DATE='2023-08-27T07:55:00+00:00' AIRFLOW_CTX_TRY_NUMBER='1' AIRFLOW_CTX_DAG_RUN_ID='scheduled__2023-08-27T07:55:00+00:00'
[2023-08-27T07:56:07.505+0000] {dag_etl.py:28} INFO - Extracting user...
[2023-08-27T07:56:16.738+0000] {extract.py:36} INFO - Request time: 0:00:09.232479
[2023-08-27T07:56:16.872+0000] {extract.py:42} INFO - Create DataFrame time: 0:00:00.133133
[2023-08-27T07:56:16.876+0000] {dag_etl.py:31} INFO - Complete extract user: 0:00:09.370596
[2023-08-27T07:56:16.877+0000] {dag_etl.py:33} INFO - Extracting resource...
[2023-08-27T07:56:24.348+0000] {extract.py:36} INFO - Request time: 0:00:07.471288
[2023-08-27T07:56:24.381+0000] {extract.py:42} INFO - Create DataFrame time: 0:00:00.032899
[2023-08-27T07:56:24.384+0000] {dag_etl.py:36} INFO - Complete extract resource: 0:00:07.508404
[2023-08-27T07:56:24.385+0000] {dag_etl.py:38} INFO - Transforming user...
[2023-08-27T07:56:24.521+0000] {dag_etl.py:42} INFO - Complete transform user: 0:00:00.137363
[2023-08-27T07:56:24.527+0000] {dag_etl.py:44} INFO - transform space_ships...
[2023-08-27T07:56:24.664+0000] {dag_etl.py:47} INFO - Complete transform space_ships: 0:00:00.142171
[2023-08-27T07:56:24.664+0000] {dag_etl.py:49} INFO - transform drones...
[2023-08-27T07:56:24.729+0000] {dag_etl.py:52} INFO - Complete transform drones: 0:00:00.065835
[2023-08-27T07:56:24.730+0000] {dag_etl.py:54} INFO - transform pilots...
[2023-08-27T07:56:24.772+0000] {dag_etl.py:57} INFO - Complete transform pilots: 0:00:00.043084
[2023-08-27T07:56:24.773+0000] {dag_etl.py:59} INFO - transform talents...
[2023-08-27T07:56:24.796+0000] {dag_etl.py:62} INFO - Complete transform talents: 0:00:00.023113
[2023-08-27T07:56:24.796+0000] {dag_etl.py:64} INFO - transform expert_items...
[2023-08-27T07:56:24.820+0000] {dag_etl.py:67} INFO - Complete transform expert_items: 0:00:00.024447
[2023-08-27T07:56:24.821+0000] {dag_etl.py:69} INFO - Loading user...
[2023-08-27T07:56:25.434+0000] {dag_etl.py:72} INFO - Complete load user: 0:00:00.614406
[2023-08-27T07:56:25.435+0000] {dag_etl.py:74} INFO - Loading space_ships...
[2023-08-27T07:56:26.254+0000] {dag_etl.py:77} INFO - Complete load space_ships: 0:00:00.819806
[2023-08-27T07:56:26.255+0000] {dag_etl.py:79} INFO - Loading drones...
[2023-08-27T07:56:26.864+0000] {dag_etl.py:82} INFO - Complete load drones: 0:00:00.610057
[2023-08-27T07:56:26.865+0000] {dag_etl.py:84} INFO - Loading pilots...
[2023-08-27T07:56:27.906+0000] {dag_etl.py:87} INFO - Complete load drones: 0:00:01.041487
[2023-08-27T07:56:27.906+0000] {dag_etl.py:89} INFO - Loading talents...
[2023-08-27T07:56:28.738+0000] {dag_etl.py:92} INFO - Complete load drones: 0:00:00.832676
[2023-08-27T07:56:28.739+0000] {dag_etl.py:94} INFO - Loading expert_items...
[2023-08-27T07:56:29.324+0000] {dag_etl.py:97} INFO - Complete load drones: 0:00:00.585943
[2023-08-27T07:56:29.325+0000] {dag_etl.py:99} INFO - Complete ETL Users in : 0:00:21.820190
[2023-08-27T07:56:29.337+0000] {python.py:194} INFO - Done. Returned value was: None
[2023-08-27T07:56:29.356+0000] {taskinstance.py:1400} INFO - Marking task as SUCCESS. dag_id=gaas_etl_1, task_id=etl_user, execution_date=20230827T075500, start_date=20230827T075606, end_date=20230827T075629
[2023-08-27T07:56:29.433+0000] {local_task_job_runner.py:228} INFO - Task exited with return code 0
[2023-08-27T07:56:29.462+0000] {taskinstance.py:2784} INFO - 0 downstream tasks scheduled from follow-on schedule check
