[2023-08-27T13:51:07.478+0000] {taskinstance.py:1159} INFO - Dependencies all met for dep_context=non-requeueable deps ti=<TaskInstance: gaas_etl_1.etl_user scheduled__2023-08-27T13:50:00+00:00 [queued]>
[2023-08-27T13:51:07.498+0000] {taskinstance.py:1159} INFO - Dependencies all met for dep_context=requeueable deps ti=<TaskInstance: gaas_etl_1.etl_user scheduled__2023-08-27T13:50:00+00:00 [queued]>
[2023-08-27T13:51:07.498+0000] {taskinstance.py:1361} INFO - Starting attempt 1 of 1
[2023-08-27T13:51:07.527+0000] {taskinstance.py:1382} INFO - Executing <Task(PythonOperator): etl_user> on 2023-08-27 13:50:00+00:00
[2023-08-27T13:51:07.537+0000] {standard_task_runner.py:57} INFO - Started process 412860 to run task
[2023-08-27T13:51:07.551+0000] {standard_task_runner.py:84} INFO - Running: ['airflow', 'tasks', 'run', 'gaas_etl_1', 'etl_user', 'scheduled__2023-08-27T13:50:00+00:00', '--job-id', '6084', '--raw', '--subdir', 'DAGS_FOLDER/dag_etl.py', '--cfg-path', '/tmp/tmpweb8iufm']
[2023-08-27T13:51:07.557+0000] {standard_task_runner.py:85} INFO - Job 6084: Subtask etl_user
[2023-08-27T13:51:08.342+0000] {task_command.py:415} INFO - Running <TaskInstance: gaas_etl_1.etl_user scheduled__2023-08-27T13:50:00+00:00 [running]> on host data-system.us-central1-a.c.data-system-392010.internal
[2023-08-27T13:51:08.832+0000] {taskinstance.py:1660} INFO - Exporting env vars: AIRFLOW_CTX_DAG_EMAIL='hungnm15012002@gmail.com' AIRFLOW_CTX_DAG_OWNER='hungnm' AIRFLOW_CTX_DAG_ID='gaas_etl_1' AIRFLOW_CTX_TASK_ID='etl_user' AIRFLOW_CTX_EXECUTION_DATE='2023-08-27T13:50:00+00:00' AIRFLOW_CTX_TRY_NUMBER='1' AIRFLOW_CTX_DAG_RUN_ID='scheduled__2023-08-27T13:50:00+00:00'
[2023-08-27T13:51:08.874+0000] {dag_etl.py:28} INFO - Extracting user...
[2023-08-27T13:51:28.199+0000] {extract.py:36} INFO - Request time: 0:00:19.318435
[2023-08-27T13:51:29.447+0000] {extract.py:42} INFO - Create DataFrame time: 0:00:01.247632
[2023-08-27T13:51:29.455+0000] {dag_etl.py:31} INFO - Complete extract user: 0:00:20.581024
[2023-08-27T13:51:29.456+0000] {dag_etl.py:33} INFO - Extracting resource...
[2023-08-27T13:51:29.967+0000] {extract.py:36} INFO - Request time: 0:00:00.511083
[2023-08-27T13:51:29.968+0000] {extract.py:45} ERROR - Server GAAS error: 502
[2023-08-27T13:51:29.979+0000] {dag_etl.py:36} INFO - Complete extract resource: 0:00:00.523511
[2023-08-27T13:51:29.979+0000] {dag_etl.py:38} INFO - Transforming user...
[2023-08-27T13:51:29.985+0000] {dag_etl.py:107} ERROR - An Error Occur: Can only merge Series or DataFrame objects, a <class 'int'> was passed
[2023-08-27T13:51:30.026+0000] {python.py:194} INFO - Done. Returned value was: None
[2023-08-27T13:51:30.057+0000] {taskinstance.py:1400} INFO - Marking task as SUCCESS. dag_id=gaas_etl_1, task_id=etl_user, execution_date=20230827T135000, start_date=20230827T135107, end_date=20230827T135130
[2023-08-27T13:51:30.159+0000] {local_task_job_runner.py:228} INFO - Task exited with return code 0
[2023-08-27T13:51:30.207+0000] {taskinstance.py:2784} INFO - 0 downstream tasks scheduled from follow-on schedule check
