[2023-08-27T05:30:05.843+0000] {taskinstance.py:1159} INFO - Dependencies all met for dep_context=non-requeueable deps ti=<TaskInstance: gaas_etl_1.etl_user scheduled__2023-08-27T05:29:00+00:00 [queued]>
[2023-08-27T05:30:05.860+0000] {taskinstance.py:1159} INFO - Dependencies all met for dep_context=requeueable deps ti=<TaskInstance: gaas_etl_1.etl_user scheduled__2023-08-27T05:29:00+00:00 [queued]>
[2023-08-27T05:30:05.860+0000] {taskinstance.py:1361} INFO - Starting attempt 1 of 1
[2023-08-27T05:30:05.888+0000] {taskinstance.py:1382} INFO - Executing <Task(PythonOperator): etl_user> on 2023-08-27 05:29:00+00:00
[2023-08-27T05:30:05.899+0000] {standard_task_runner.py:57} INFO - Started process 370759 to run task
[2023-08-27T05:30:05.915+0000] {standard_task_runner.py:84} INFO - Running: ['airflow', 'tasks', 'run', 'gaas_etl_1', 'etl_user', 'scheduled__2023-08-27T05:29:00+00:00', '--job-id', '4579', '--raw', '--subdir', 'DAGS_FOLDER/dag_etl.py', '--cfg-path', '/tmp/tmp_nz11ce8']
[2023-08-27T05:30:05.921+0000] {standard_task_runner.py:85} INFO - Job 4579: Subtask etl_user
[2023-08-27T05:30:06.305+0000] {task_command.py:415} INFO - Running <TaskInstance: gaas_etl_1.etl_user scheduled__2023-08-27T05:29:00+00:00 [running]> on host data-system.us-central1-a.c.data-system-392010.internal
[2023-08-27T05:30:06.969+0000] {taskinstance.py:1660} INFO - Exporting env vars: AIRFLOW_CTX_DAG_EMAIL='hungnm15012002@gmail.com' AIRFLOW_CTX_DAG_OWNER='hungnm' AIRFLOW_CTX_DAG_ID='gaas_etl_1' AIRFLOW_CTX_TASK_ID='etl_user' AIRFLOW_CTX_EXECUTION_DATE='2023-08-27T05:29:00+00:00' AIRFLOW_CTX_TRY_NUMBER='1' AIRFLOW_CTX_DAG_RUN_ID='scheduled__2023-08-27T05:29:00+00:00'
[2023-08-27T05:30:06.992+0000] {dag_etl.py:28} INFO - Extracting user...
[2023-08-27T05:30:13.917+0000] {extract.py:36} INFO - Request time: 0:00:06.923921
[2023-08-27T05:30:14.243+0000] {extract.py:42} INFO - Create DataFrame time: 0:00:00.325132
[2023-08-27T05:30:14.248+0000] {dag_etl.py:31} INFO - Complete extract user: 0:00:07.255537
[2023-08-27T05:30:14.249+0000] {dag_etl.py:33} INFO - Extracting resource...
[2023-08-27T05:30:21.088+0000] {extract.py:36} INFO - Request time: 0:00:06.838826
[2023-08-27T05:30:21.220+0000] {extract.py:42} INFO - Create DataFrame time: 0:00:00.128852
[2023-08-27T05:30:21.224+0000] {dag_etl.py:36} INFO - Complete extract resource: 0:00:06.976435
[2023-08-27T05:30:21.227+0000] {dag_etl.py:38} INFO - Transforming user...
[2023-08-27T05:30:21.569+0000] {dag_etl.py:42} INFO - Complete transform user: 0:00:00.344262
[2023-08-27T05:30:21.569+0000] {dag_etl.py:44} INFO - transform space_ships...
[2023-08-27T05:30:21.799+0000] {dag_etl.py:47} INFO - Complete transform space_ships: 0:00:00.230534
[2023-08-27T05:30:21.800+0000] {dag_etl.py:49} INFO - transform drones...
[2023-08-27T05:30:21.943+0000] {dag_etl.py:52} INFO - Complete transform drones: 0:00:00.143746
[2023-08-27T05:30:21.943+0000] {dag_etl.py:54} INFO - transform pilots...
[2023-08-27T05:30:22.043+0000] {dag_etl.py:57} INFO - Complete transform pilots: 0:00:00.100562
[2023-08-27T05:30:22.044+0000] {dag_etl.py:59} INFO - transform talents...
[2023-08-27T05:30:22.092+0000] {dag_etl.py:62} INFO - Complete transform talents: 0:00:00.048617
[2023-08-27T05:30:22.093+0000] {dag_etl.py:64} INFO - transform expert_items...
[2023-08-27T05:30:22.143+0000] {dag_etl.py:67} INFO - Complete transform expert_items: 0:00:00.050614
[2023-08-27T05:30:22.143+0000] {dag_etl.py:69} INFO - Loading user...
[2023-08-27T05:30:23.801+0000] {dag_etl.py:72} INFO - Complete load user: 0:00:01.657983
[2023-08-27T05:30:23.801+0000] {dag_etl.py:74} INFO - Loading space_ships...
[2023-08-27T05:30:26.188+0000] {dag_etl.py:77} INFO - Complete load space_ships: 0:00:02.387501
[2023-08-27T05:30:26.189+0000] {dag_etl.py:79} INFO - Loading drones...
[2023-08-27T05:30:28.305+0000] {dag_etl.py:82} INFO - Complete load drones: 0:00:02.116936
[2023-08-27T05:30:28.306+0000] {dag_etl.py:84} INFO - Loading pilots...
[2023-08-27T05:30:31.624+0000] {dag_etl.py:87} INFO - Complete load drones: 0:00:03.318709
[2023-08-27T05:30:31.624+0000] {dag_etl.py:89} INFO - Loading talents...
[2023-08-27T05:30:33.572+0000] {dag_etl.py:92} INFO - Complete load drones: 0:00:01.947652
[2023-08-27T05:30:33.572+0000] {dag_etl.py:94} INFO - Loading expert_items...
[2023-08-27T05:30:34.982+0000] {dag_etl.py:97} INFO - Complete load drones: 0:00:01.410772
[2023-08-27T05:30:34.983+0000] {dag_etl.py:99} INFO - Complete ETL Users in : 0:00:27.990565
[2023-08-27T05:30:35.020+0000] {python.py:194} INFO - Done. Returned value was: None
[2023-08-27T05:30:35.043+0000] {taskinstance.py:1400} INFO - Marking task as SUCCESS. dag_id=gaas_etl_1, task_id=etl_user, execution_date=20230827T052900, start_date=20230827T053005, end_date=20230827T053035
[2023-08-27T05:30:35.135+0000] {local_task_job_runner.py:228} INFO - Task exited with return code 0
[2023-08-27T05:30:35.168+0000] {taskinstance.py:2784} INFO - 0 downstream tasks scheduled from follow-on schedule check
