[2023-08-26T05:10:03.759+0000] {taskinstance.py:1159} INFO - Dependencies all met for dep_context=non-requeueable deps ti=<TaskInstance: gaas_etl_1.etl_user scheduled__2023-08-26T05:09:00+00:00 [queued]>
[2023-08-26T05:10:03.783+0000] {taskinstance.py:1159} INFO - Dependencies all met for dep_context=requeueable deps ti=<TaskInstance: gaas_etl_1.etl_user scheduled__2023-08-26T05:09:00+00:00 [queued]>
[2023-08-26T05:10:03.783+0000] {taskinstance.py:1361} INFO - Starting attempt 1 of 1
[2023-08-26T05:10:03.809+0000] {taskinstance.py:1382} INFO - Executing <Task(PythonOperator): etl_user> on 2023-08-26 05:09:00+00:00
[2023-08-26T05:10:03.819+0000] {standard_task_runner.py:57} INFO - Started process 280682 to run task
[2023-08-26T05:10:03.833+0000] {standard_task_runner.py:84} INFO - Running: ['airflow', 'tasks', 'run', 'gaas_etl_1', 'etl_user', 'scheduled__2023-08-26T05:09:00+00:00', '--job-id', '199', '--raw', '--subdir', 'DAGS_FOLDER/dag_etl.py', '--cfg-path', '/tmp/tmp0bqvgk7n']
[2023-08-26T05:10:03.839+0000] {standard_task_runner.py:85} INFO - Job 199: Subtask etl_user
[2023-08-26T05:10:03.953+0000] {task_command.py:415} INFO - Running <TaskInstance: gaas_etl_1.etl_user scheduled__2023-08-26T05:09:00+00:00 [running]> on host data-system.us-central1-a.c.data-system-392010.internal
[2023-08-26T05:10:04.187+0000] {taskinstance.py:1660} INFO - Exporting env vars: AIRFLOW_CTX_DAG_EMAIL='hungnm15012002@gmail.com' AIRFLOW_CTX_DAG_OWNER='hungnm' AIRFLOW_CTX_DAG_ID='gaas_etl_1' AIRFLOW_CTX_TASK_ID='etl_user' AIRFLOW_CTX_EXECUTION_DATE='2023-08-26T05:09:00+00:00' AIRFLOW_CTX_TRY_NUMBER='1' AIRFLOW_CTX_DAG_RUN_ID='scheduled__2023-08-26T05:09:00+00:00'
[2023-08-26T05:10:04.210+0000] {dag_etl.py:28} INFO - Extracting user...
[2023-08-26T05:10:05.423+0000] {extract.py:36} INFO - Request time: 0:00:01.212801
[2023-08-26T05:10:05.447+0000] {extract.py:42} INFO - Create DataFrame time: 0:00:00.023375
[2023-08-26T05:10:05.449+0000] {dag_etl.py:31} INFO - Complete extract user: 0:00:01.239222
[2023-08-26T05:10:05.449+0000] {dag_etl.py:33} INFO - Extracting resource...
[2023-08-26T05:10:06.171+0000] {extract.py:36} INFO - Request time: 0:00:00.721737
[2023-08-26T05:10:06.178+0000] {extract.py:42} INFO - Create DataFrame time: 0:00:00.006512
[2023-08-26T05:10:06.180+0000] {dag_etl.py:36} INFO - Complete extract resource: 0:00:00.730785
[2023-08-26T05:10:06.181+0000] {dag_etl.py:38} INFO - Transforming user...
[2023-08-26T05:10:06.214+0000] {dag_etl.py:42} INFO - Complete transform user: 0:00:00.033929
[2023-08-26T05:10:06.214+0000] {dag_etl.py:44} INFO - transform space_ships...
[2023-08-26T05:10:06.231+0000] {dag_etl.py:47} INFO - Complete transform space_ships: 0:00:00.017222
[2023-08-26T05:10:06.231+0000] {dag_etl.py:49} INFO - transform drones...
[2023-08-26T05:10:06.244+0000] {dag_etl.py:52} INFO - Complete transform drones: 0:00:00.012494
[2023-08-26T05:10:06.244+0000] {dag_etl.py:54} INFO - transform pilots...
[2023-08-26T05:10:06.254+0000] {dag_etl.py:57} INFO - Complete transform pilots: 0:00:00.010812
[2023-08-26T05:10:06.255+0000] {dag_etl.py:59} INFO - transform talents...
[2023-08-26T05:10:06.263+0000] {dag_etl.py:62} INFO - Complete transform talents: 0:00:00.008647
[2023-08-26T05:10:06.263+0000] {dag_etl.py:64} INFO - transform expert_items...
[2023-08-26T05:10:06.271+0000] {dag_etl.py:67} INFO - Complete transform expert_items: 0:00:00.007922
[2023-08-26T05:10:06.271+0000] {dag_etl.py:69} INFO - Loading user...
[2023-08-26T05:10:06.288+0000] {dag_etl.py:72} INFO - Complete load user: 0:00:00.017425
[2023-08-26T05:10:06.289+0000] {dag_etl.py:74} INFO - Loading space_ships...
[2023-08-26T05:10:06.311+0000] {dag_etl.py:77} INFO - Complete load space_ships: 0:00:00.023119
[2023-08-26T05:10:06.312+0000] {dag_etl.py:79} INFO - Loading drones...
[2023-08-26T05:10:06.325+0000] {dag_etl.py:82} INFO - Complete load drones: 0:00:00.013192
[2023-08-26T05:10:06.325+0000] {dag_etl.py:84} INFO - Loading pilots...
[2023-08-26T05:10:06.350+0000] {dag_etl.py:87} INFO - Complete load drones: 0:00:00.025498
[2023-08-26T05:10:06.351+0000] {dag_etl.py:89} INFO - Loading talents...
[2023-08-26T05:10:06.362+0000] {dag_etl.py:92} INFO - Complete load drones: 0:00:00.012304
[2023-08-26T05:10:06.363+0000] {dag_etl.py:94} INFO - Loading expert_items...
[2023-08-26T05:10:06.366+0000] {dag_etl.py:97} INFO - Complete load drones: 0:00:00.003690
[2023-08-26T05:10:06.366+0000] {dag_etl.py:99} INFO - Complete ETL Users in : 0:00:02.156630
[2023-08-26T05:10:06.368+0000] {python.py:194} INFO - Done. Returned value was: None
[2023-08-26T05:10:06.381+0000] {taskinstance.py:1400} INFO - Marking task as SUCCESS. dag_id=gaas_etl_1, task_id=etl_user, execution_date=20230826T050900, start_date=20230826T051003, end_date=20230826T051006
[2023-08-26T05:10:06.450+0000] {local_task_job_runner.py:228} INFO - Task exited with return code 0
[2023-08-26T05:10:06.524+0000] {taskinstance.py:2784} INFO - 0 downstream tasks scheduled from follow-on schedule check
