[2023-08-26T22:12:04.305+0000] {taskinstance.py:1159} INFO - Dependencies all met for dep_context=non-requeueable deps ti=<TaskInstance: gaas_etl_1.etl_user scheduled__2023-08-26T22:11:00+00:00 [queued]>
[2023-08-26T22:12:04.320+0000] {taskinstance.py:1159} INFO - Dependencies all met for dep_context=requeueable deps ti=<TaskInstance: gaas_etl_1.etl_user scheduled__2023-08-26T22:11:00+00:00 [queued]>
[2023-08-26T22:12:04.320+0000] {taskinstance.py:1361} INFO - Starting attempt 1 of 1
[2023-08-26T22:12:04.349+0000] {taskinstance.py:1382} INFO - Executing <Task(PythonOperator): etl_user> on 2023-08-26 22:11:00+00:00
[2023-08-26T22:12:04.359+0000] {standard_task_runner.py:57} INFO - Started process 334490 to run task
[2023-08-26T22:12:04.368+0000] {standard_task_runner.py:84} INFO - Running: ['airflow', 'tasks', 'run', 'gaas_etl_1', 'etl_user', 'scheduled__2023-08-26T22:11:00+00:00', '--job-id', '3265', '--raw', '--subdir', 'DAGS_FOLDER/dag_etl.py', '--cfg-path', '/tmp/tmp8r7iq81i']
[2023-08-26T22:12:04.375+0000] {standard_task_runner.py:85} INFO - Job 3265: Subtask etl_user
[2023-08-26T22:12:04.988+0000] {task_command.py:415} INFO - Running <TaskInstance: gaas_etl_1.etl_user scheduled__2023-08-26T22:11:00+00:00 [running]> on host data-system.us-central1-a.c.data-system-392010.internal
[2023-08-26T22:12:05.293+0000] {taskinstance.py:1660} INFO - Exporting env vars: AIRFLOW_CTX_DAG_EMAIL='hungnm15012002@gmail.com' AIRFLOW_CTX_DAG_OWNER='hungnm' AIRFLOW_CTX_DAG_ID='gaas_etl_1' AIRFLOW_CTX_TASK_ID='etl_user' AIRFLOW_CTX_EXECUTION_DATE='2023-08-26T22:11:00+00:00' AIRFLOW_CTX_TRY_NUMBER='1' AIRFLOW_CTX_DAG_RUN_ID='scheduled__2023-08-26T22:11:00+00:00'
[2023-08-26T22:12:05.316+0000] {dag_etl.py:28} INFO - Extracting user...
[2023-08-26T22:12:09.334+0000] {extract.py:36} INFO - Request time: 0:00:04.016944
[2023-08-26T22:12:09.596+0000] {extract.py:42} INFO - Create DataFrame time: 0:00:00.262106
[2023-08-26T22:12:09.600+0000] {dag_etl.py:31} INFO - Complete extract user: 0:00:04.283418
[2023-08-26T22:12:09.600+0000] {dag_etl.py:33} INFO - Extracting resource...
[2023-08-26T22:12:11.120+0000] {extract.py:36} INFO - Request time: 0:00:01.519380
[2023-08-26T22:12:11.206+0000] {extract.py:42} INFO - Create DataFrame time: 0:00:00.085175
[2023-08-26T22:12:11.216+0000] {dag_etl.py:36} INFO - Complete extract resource: 0:00:01.616326
[2023-08-26T22:12:11.218+0000] {dag_etl.py:38} INFO - Transforming user...
[2023-08-26T22:12:11.453+0000] {dag_etl.py:42} INFO - Complete transform user: 0:00:00.237087
[2023-08-26T22:12:11.454+0000] {dag_etl.py:44} INFO - transform space_ships...
[2023-08-26T22:12:11.580+0000] {dag_etl.py:47} INFO - Complete transform space_ships: 0:00:00.126962
[2023-08-26T22:12:11.581+0000] {dag_etl.py:49} INFO - transform drones...
[2023-08-26T22:12:11.690+0000] {dag_etl.py:52} INFO - Complete transform drones: 0:00:00.110151
[2023-08-26T22:12:11.691+0000] {dag_etl.py:54} INFO - transform pilots...
[2023-08-26T22:12:11.755+0000] {dag_etl.py:57} INFO - Complete transform pilots: 0:00:00.064737
[2023-08-26T22:12:11.755+0000] {dag_etl.py:59} INFO - transform talents...
[2023-08-26T22:12:11.793+0000] {dag_etl.py:62} INFO - Complete transform talents: 0:00:00.038137
[2023-08-26T22:12:11.794+0000] {dag_etl.py:64} INFO - transform expert_items...
[2023-08-26T22:12:11.821+0000] {dag_etl.py:67} INFO - Complete transform expert_items: 0:00:00.027917
[2023-08-26T22:12:11.821+0000] {dag_etl.py:69} INFO - Loading user...
[2023-08-26T22:12:12.671+0000] {dag_etl.py:72} INFO - Complete load user: 0:00:00.850043
[2023-08-26T22:12:12.672+0000] {dag_etl.py:74} INFO - Loading space_ships...
[2023-08-26T22:12:14.029+0000] {dag_etl.py:77} INFO - Complete load space_ships: 0:00:01.357966
[2023-08-26T22:12:14.029+0000] {dag_etl.py:79} INFO - Loading drones...
[2023-08-26T22:12:15.369+0000] {dag_etl.py:82} INFO - Complete load drones: 0:00:01.339966
[2023-08-26T22:12:15.370+0000] {dag_etl.py:84} INFO - Loading pilots...
[2023-08-26T22:12:17.718+0000] {dag_etl.py:87} INFO - Complete load drones: 0:00:02.349440
[2023-08-26T22:12:17.719+0000] {dag_etl.py:89} INFO - Loading talents...
[2023-08-26T22:12:18.974+0000] {dag_etl.py:92} INFO - Complete load drones: 0:00:01.255556
[2023-08-26T22:12:18.975+0000] {dag_etl.py:94} INFO - Loading expert_items...
[2023-08-26T22:12:19.889+0000] {dag_etl.py:97} INFO - Complete load drones: 0:00:00.914614
[2023-08-26T22:12:19.889+0000] {dag_etl.py:99} INFO - Complete ETL Users in : 0:00:14.572913
[2023-08-26T22:12:19.911+0000] {python.py:194} INFO - Done. Returned value was: None
[2023-08-26T22:12:19.931+0000] {taskinstance.py:1400} INFO - Marking task as SUCCESS. dag_id=gaas_etl_1, task_id=etl_user, execution_date=20230826T221100, start_date=20230826T221204, end_date=20230826T221219
[2023-08-26T22:12:20.001+0000] {local_task_job_runner.py:228} INFO - Task exited with return code 0
[2023-08-26T22:12:20.032+0000] {taskinstance.py:2784} INFO - 0 downstream tasks scheduled from follow-on schedule check
