[2023-08-26T22:00:04.741+0000] {taskinstance.py:1159} INFO - Dependencies all met for dep_context=non-requeueable deps ti=<TaskInstance: gaas_etl_1.etl_user scheduled__2023-08-26T21:59:00+00:00 [queued]>
[2023-08-26T22:00:04.758+0000] {taskinstance.py:1159} INFO - Dependencies all met for dep_context=requeueable deps ti=<TaskInstance: gaas_etl_1.etl_user scheduled__2023-08-26T21:59:00+00:00 [queued]>
[2023-08-26T22:00:04.759+0000] {taskinstance.py:1361} INFO - Starting attempt 1 of 1
[2023-08-26T22:00:04.793+0000] {taskinstance.py:1382} INFO - Executing <Task(PythonOperator): etl_user> on 2023-08-26 21:59:00+00:00
[2023-08-26T22:00:04.804+0000] {standard_task_runner.py:57} INFO - Started process 334022 to run task
[2023-08-26T22:00:04.823+0000] {standard_task_runner.py:84} INFO - Running: ['airflow', 'tasks', 'run', 'gaas_etl_1', 'etl_user', 'scheduled__2023-08-26T21:59:00+00:00', '--job-id', '3229', '--raw', '--subdir', 'DAGS_FOLDER/dag_etl.py', '--cfg-path', '/tmp/tmpoe69lr9x']
[2023-08-26T22:00:04.832+0000] {standard_task_runner.py:85} INFO - Job 3229: Subtask etl_user
[2023-08-26T22:00:05.408+0000] {task_command.py:415} INFO - Running <TaskInstance: gaas_etl_1.etl_user scheduled__2023-08-26T21:59:00+00:00 [running]> on host data-system.us-central1-a.c.data-system-392010.internal
[2023-08-26T22:00:05.716+0000] {taskinstance.py:1660} INFO - Exporting env vars: AIRFLOW_CTX_DAG_EMAIL='hungnm15012002@gmail.com' AIRFLOW_CTX_DAG_OWNER='hungnm' AIRFLOW_CTX_DAG_ID='gaas_etl_1' AIRFLOW_CTX_TASK_ID='etl_user' AIRFLOW_CTX_EXECUTION_DATE='2023-08-26T21:59:00+00:00' AIRFLOW_CTX_TRY_NUMBER='1' AIRFLOW_CTX_DAG_RUN_ID='scheduled__2023-08-26T21:59:00+00:00'
[2023-08-26T22:00:05.747+0000] {dag_etl.py:28} INFO - Extracting user...
[2023-08-26T22:00:09.631+0000] {extract.py:36} INFO - Request time: 0:00:03.883063
[2023-08-26T22:00:10.099+0000] {extract.py:42} INFO - Create DataFrame time: 0:00:00.467046
[2023-08-26T22:00:10.103+0000] {dag_etl.py:31} INFO - Complete extract user: 0:00:04.356285
[2023-08-26T22:00:10.104+0000] {dag_etl.py:33} INFO - Extracting resource...
[2023-08-26T22:00:11.646+0000] {extract.py:36} INFO - Request time: 0:00:01.541664
[2023-08-26T22:00:11.670+0000] {extract.py:42} INFO - Create DataFrame time: 0:00:00.023744
[2023-08-26T22:00:11.672+0000] {dag_etl.py:36} INFO - Complete extract resource: 0:00:01.568677
[2023-08-26T22:00:11.673+0000] {dag_etl.py:38} INFO - Transforming user...
[2023-08-26T22:00:11.763+0000] {dag_etl.py:42} INFO - Complete transform user: 0:00:00.091157
[2023-08-26T22:00:11.764+0000] {dag_etl.py:44} INFO - transform space_ships...
[2023-08-26T22:00:11.839+0000] {dag_etl.py:47} INFO - Complete transform space_ships: 0:00:00.075204
[2023-08-26T22:00:11.839+0000] {dag_etl.py:49} INFO - transform drones...
[2023-08-26T22:00:11.891+0000] {dag_etl.py:52} INFO - Complete transform drones: 0:00:00.052686
[2023-08-26T22:00:11.892+0000] {dag_etl.py:54} INFO - transform pilots...
[2023-08-26T22:00:11.924+0000] {dag_etl.py:57} INFO - Complete transform pilots: 0:00:00.033161
[2023-08-26T22:00:11.925+0000] {dag_etl.py:59} INFO - transform talents...
[2023-08-26T22:00:11.941+0000] {dag_etl.py:62} INFO - Complete transform talents: 0:00:00.016552
[2023-08-26T22:00:11.941+0000] {dag_etl.py:64} INFO - transform expert_items...
[2023-08-26T22:00:11.956+0000] {dag_etl.py:67} INFO - Complete transform expert_items: 0:00:00.015241
[2023-08-26T22:00:11.957+0000] {dag_etl.py:69} INFO - Loading user...
[2023-08-26T22:00:12.638+0000] {dag_etl.py:72} INFO - Complete load user: 0:00:00.681465
[2023-08-26T22:00:12.638+0000] {dag_etl.py:74} INFO - Loading space_ships...
[2023-08-26T22:00:13.637+0000] {dag_etl.py:77} INFO - Complete load space_ships: 0:00:00.999336
[2023-08-26T22:00:13.637+0000] {dag_etl.py:79} INFO - Loading drones...
[2023-08-26T22:00:14.492+0000] {dag_etl.py:82} INFO - Complete load drones: 0:00:00.855158
[2023-08-26T22:00:14.493+0000] {dag_etl.py:84} INFO - Loading pilots...
[2023-08-26T22:00:16.403+0000] {dag_etl.py:87} INFO - Complete load drones: 0:00:01.910436
[2023-08-26T22:00:16.403+0000] {dag_etl.py:89} INFO - Loading talents...
[2023-08-26T22:00:17.887+0000] {dag_etl.py:92} INFO - Complete load drones: 0:00:01.484393
[2023-08-26T22:00:17.888+0000] {dag_etl.py:94} INFO - Loading expert_items...
[2023-08-26T22:00:18.449+0000] {dag_etl.py:97} INFO - Complete load drones: 0:00:00.562207
[2023-08-26T22:00:18.450+0000] {dag_etl.py:99} INFO - Complete ETL Users in : 0:00:12.702731
[2023-08-26T22:00:18.500+0000] {python.py:194} INFO - Done. Returned value was: None
[2023-08-26T22:00:18.533+0000] {taskinstance.py:1400} INFO - Marking task as SUCCESS. dag_id=gaas_etl_1, task_id=etl_user, execution_date=20230826T215900, start_date=20230826T220004, end_date=20230826T220018
[2023-08-26T22:00:18.634+0000] {local_task_job_runner.py:228} INFO - Task exited with return code 0
[2023-08-26T22:00:18.683+0000] {taskinstance.py:2784} INFO - 0 downstream tasks scheduled from follow-on schedule check
