[2023-08-27T07:57:06.045+0000] {taskinstance.py:1159} INFO - Dependencies all met for dep_context=non-requeueable deps ti=<TaskInstance: gaas_etl_1.etl_user scheduled__2023-08-27T07:56:00+00:00 [queued]>
[2023-08-27T07:57:06.069+0000] {taskinstance.py:1159} INFO - Dependencies all met for dep_context=requeueable deps ti=<TaskInstance: gaas_etl_1.etl_user scheduled__2023-08-27T07:56:00+00:00 [queued]>
[2023-08-27T07:57:06.070+0000] {taskinstance.py:1361} INFO - Starting attempt 1 of 1
[2023-08-27T07:57:06.107+0000] {taskinstance.py:1382} INFO - Executing <Task(PythonOperator): etl_user> on 2023-08-27 07:56:00+00:00
[2023-08-27T07:57:06.120+0000] {standard_task_runner.py:57} INFO - Started process 376763 to run task
[2023-08-27T07:57:06.136+0000] {standard_task_runner.py:84} INFO - Running: ['airflow', 'tasks', 'run', 'gaas_etl_1', 'etl_user', 'scheduled__2023-08-27T07:56:00+00:00', '--job-id', '5020', '--raw', '--subdir', 'DAGS_FOLDER/dag_etl.py', '--cfg-path', '/tmp/tmpo1n5jlhl']
[2023-08-27T07:57:06.142+0000] {standard_task_runner.py:85} INFO - Job 5020: Subtask etl_user
[2023-08-27T07:57:06.507+0000] {task_command.py:415} INFO - Running <TaskInstance: gaas_etl_1.etl_user scheduled__2023-08-27T07:56:00+00:00 [running]> on host data-system.us-central1-a.c.data-system-392010.internal
[2023-08-27T07:57:07.225+0000] {taskinstance.py:1660} INFO - Exporting env vars: AIRFLOW_CTX_DAG_EMAIL='hungnm15012002@gmail.com' AIRFLOW_CTX_DAG_OWNER='hungnm' AIRFLOW_CTX_DAG_ID='gaas_etl_1' AIRFLOW_CTX_TASK_ID='etl_user' AIRFLOW_CTX_EXECUTION_DATE='2023-08-27T07:56:00+00:00' AIRFLOW_CTX_TRY_NUMBER='1' AIRFLOW_CTX_DAG_RUN_ID='scheduled__2023-08-27T07:56:00+00:00'
[2023-08-27T07:57:07.259+0000] {dag_etl.py:28} INFO - Extracting user...
[2023-08-27T07:57:11.403+0000] {extract.py:36} INFO - Request time: 0:00:04.141906
[2023-08-27T07:57:11.563+0000] {extract.py:42} INFO - Create DataFrame time: 0:00:00.158720
[2023-08-27T07:57:11.566+0000] {dag_etl.py:31} INFO - Complete extract user: 0:00:04.307018
[2023-08-27T07:57:11.566+0000] {dag_etl.py:33} INFO - Extracting resource...
[2023-08-27T07:57:13.715+0000] {extract.py:36} INFO - Request time: 0:00:02.147997
[2023-08-27T07:57:13.755+0000] {extract.py:42} INFO - Create DataFrame time: 0:00:00.040115
[2023-08-27T07:57:13.758+0000] {dag_etl.py:36} INFO - Complete extract resource: 0:00:02.192262
[2023-08-27T07:57:13.759+0000] {dag_etl.py:38} INFO - Transforming user...
[2023-08-27T07:57:13.932+0000] {dag_etl.py:42} INFO - Complete transform user: 0:00:00.173666
[2023-08-27T07:57:13.933+0000] {dag_etl.py:44} INFO - transform space_ships...
[2023-08-27T07:57:14.083+0000] {dag_etl.py:47} INFO - Complete transform space_ships: 0:00:00.151671
[2023-08-27T07:57:14.085+0000] {dag_etl.py:49} INFO - transform drones...
[2023-08-27T07:57:14.211+0000] {dag_etl.py:52} INFO - Complete transform drones: 0:00:00.128072
[2023-08-27T07:57:14.212+0000] {dag_etl.py:54} INFO - transform pilots...
[2023-08-27T07:57:14.273+0000] {dag_etl.py:57} INFO - Complete transform pilots: 0:00:00.061967
[2023-08-27T07:57:14.274+0000] {dag_etl.py:59} INFO - transform talents...
[2023-08-27T07:57:14.309+0000] {dag_etl.py:62} INFO - Complete transform talents: 0:00:00.035240
[2023-08-27T07:57:14.309+0000] {dag_etl.py:64} INFO - transform expert_items...
[2023-08-27T07:57:14.338+0000] {dag_etl.py:67} INFO - Complete transform expert_items: 0:00:00.028993
[2023-08-27T07:57:14.338+0000] {dag_etl.py:69} INFO - Loading user...
[2023-08-27T07:57:15.261+0000] {dag_etl.py:72} INFO - Complete load user: 0:00:00.923900
[2023-08-27T07:57:15.262+0000] {dag_etl.py:74} INFO - Loading space_ships...
[2023-08-27T07:57:16.489+0000] {dag_etl.py:77} INFO - Complete load space_ships: 0:00:01.227389
[2023-08-27T07:57:16.489+0000] {dag_etl.py:79} INFO - Loading drones...
[2023-08-27T07:57:17.744+0000] {dag_etl.py:82} INFO - Complete load drones: 0:00:01.255121
[2023-08-27T07:57:17.745+0000] {dag_etl.py:84} INFO - Loading pilots...
[2023-08-27T07:57:19.685+0000] {dag_etl.py:87} INFO - Complete load drones: 0:00:01.941439
[2023-08-27T07:57:19.686+0000] {dag_etl.py:89} INFO - Loading talents...
[2023-08-27T07:57:20.682+0000] {dag_etl.py:92} INFO - Complete load drones: 0:00:00.996070
[2023-08-27T07:57:20.682+0000] {dag_etl.py:94} INFO - Loading expert_items...
[2023-08-27T07:57:21.430+0000] {dag_etl.py:97} INFO - Complete load drones: 0:00:00.748568
[2023-08-27T07:57:21.431+0000] {dag_etl.py:99} INFO - Complete ETL Users in : 0:00:14.172134
[2023-08-27T07:57:21.460+0000] {python.py:194} INFO - Done. Returned value was: None
[2023-08-27T07:57:21.489+0000] {taskinstance.py:1400} INFO - Marking task as SUCCESS. dag_id=gaas_etl_1, task_id=etl_user, execution_date=20230827T075600, start_date=20230827T075706, end_date=20230827T075721
[2023-08-27T07:57:21.558+0000] {local_task_job_runner.py:228} INFO - Task exited with return code 0
[2023-08-27T07:57:21.586+0000] {taskinstance.py:2784} INFO - 0 downstream tasks scheduled from follow-on schedule check
