[2023-08-26T14:09:04.648+0000] {taskinstance.py:1159} INFO - Dependencies all met for dep_context=non-requeueable deps ti=<TaskInstance: gaas_etl_1.etl_user scheduled__2023-08-26T14:08:00+00:00 [queued]>
[2023-08-26T14:09:04.664+0000] {taskinstance.py:1159} INFO - Dependencies all met for dep_context=requeueable deps ti=<TaskInstance: gaas_etl_1.etl_user scheduled__2023-08-26T14:08:00+00:00 [queued]>
[2023-08-26T14:09:04.664+0000] {taskinstance.py:1361} INFO - Starting attempt 1 of 1
[2023-08-26T14:09:04.690+0000] {taskinstance.py:1382} INFO - Executing <Task(PythonOperator): etl_user> on 2023-08-26 14:08:00+00:00
[2023-08-26T14:09:04.698+0000] {standard_task_runner.py:57} INFO - Started process 315445 to run task
[2023-08-26T14:09:04.712+0000] {standard_task_runner.py:84} INFO - Running: ['airflow', 'tasks', 'run', 'gaas_etl_1', 'etl_user', 'scheduled__2023-08-26T14:08:00+00:00', '--job-id', '1816', '--raw', '--subdir', 'DAGS_FOLDER/dag_etl.py', '--cfg-path', '/tmp/tmp2yzun4_y']
[2023-08-26T14:09:04.720+0000] {standard_task_runner.py:85} INFO - Job 1816: Subtask etl_user
[2023-08-26T14:09:04.989+0000] {task_command.py:415} INFO - Running <TaskInstance: gaas_etl_1.etl_user scheduled__2023-08-26T14:08:00+00:00 [running]> on host data-system.us-central1-a.c.data-system-392010.internal
[2023-08-26T14:09:05.262+0000] {taskinstance.py:1660} INFO - Exporting env vars: AIRFLOW_CTX_DAG_EMAIL='hungnm15012002@gmail.com' AIRFLOW_CTX_DAG_OWNER='hungnm' AIRFLOW_CTX_DAG_ID='gaas_etl_1' AIRFLOW_CTX_TASK_ID='etl_user' AIRFLOW_CTX_EXECUTION_DATE='2023-08-26T14:08:00+00:00' AIRFLOW_CTX_TRY_NUMBER='1' AIRFLOW_CTX_DAG_RUN_ID='scheduled__2023-08-26T14:08:00+00:00'
[2023-08-26T14:09:05.291+0000] {dag_etl.py:28} INFO - Extracting user...
[2023-08-26T14:09:11.320+0000] {extract.py:36} INFO - Request time: 0:00:06.027678
[2023-08-26T14:09:11.852+0000] {extract.py:42} INFO - Create DataFrame time: 0:00:00.531934
[2023-08-26T14:09:11.856+0000] {dag_etl.py:31} INFO - Complete extract user: 0:00:06.564832
[2023-08-26T14:09:11.857+0000] {dag_etl.py:33} INFO - Extracting resource...
[2023-08-26T14:09:13.918+0000] {extract.py:36} INFO - Request time: 0:00:02.061156
[2023-08-26T14:09:14.033+0000] {extract.py:42} INFO - Create DataFrame time: 0:00:00.114456
[2023-08-26T14:09:14.037+0000] {dag_etl.py:36} INFO - Complete extract resource: 0:00:02.180251
[2023-08-26T14:09:14.038+0000] {dag_etl.py:38} INFO - Transforming user...
[2023-08-26T14:09:14.324+0000] {dag_etl.py:42} INFO - Complete transform user: 0:00:00.287725
[2023-08-26T14:09:14.325+0000] {dag_etl.py:44} INFO - transform space_ships...
[2023-08-26T14:09:14.535+0000] {dag_etl.py:47} INFO - Complete transform space_ships: 0:00:00.210501
[2023-08-26T14:09:14.535+0000] {dag_etl.py:49} INFO - transform drones...
[2023-08-26T14:09:14.683+0000] {dag_etl.py:52} INFO - Complete transform drones: 0:00:00.148071
[2023-08-26T14:09:14.683+0000] {dag_etl.py:54} INFO - transform pilots...
[2023-08-26T14:09:14.782+0000] {dag_etl.py:57} INFO - Complete transform pilots: 0:00:00.099461
[2023-08-26T14:09:14.783+0000] {dag_etl.py:59} INFO - transform talents...
[2023-08-26T14:09:14.834+0000] {dag_etl.py:62} INFO - Complete transform talents: 0:00:00.052018
[2023-08-26T14:09:14.835+0000] {dag_etl.py:64} INFO - transform expert_items...
[2023-08-26T14:09:14.892+0000] {dag_etl.py:67} INFO - Complete transform expert_items: 0:00:00.057347
[2023-08-26T14:09:14.892+0000] {dag_etl.py:69} INFO - Loading user...
[2023-08-26T14:09:16.561+0000] {dag_etl.py:72} INFO - Complete load user: 0:00:01.669508
[2023-08-26T14:09:16.562+0000] {dag_etl.py:74} INFO - Loading space_ships...
[2023-08-26T14:09:19.279+0000] {dag_etl.py:77} INFO - Complete load space_ships: 0:00:02.717917
[2023-08-26T14:09:19.280+0000] {dag_etl.py:79} INFO - Loading drones...
[2023-08-26T14:09:21.657+0000] {dag_etl.py:82} INFO - Complete load drones: 0:00:02.378382
[2023-08-26T14:09:21.658+0000] {dag_etl.py:84} INFO - Loading pilots...
[2023-08-26T14:09:25.652+0000] {dag_etl.py:87} INFO - Complete load drones: 0:00:03.994576
[2023-08-26T14:09:25.653+0000] {dag_etl.py:89} INFO - Loading talents...
[2023-08-26T14:09:27.770+0000] {dag_etl.py:92} INFO - Complete load drones: 0:00:02.118208
[2023-08-26T14:09:27.771+0000] {dag_etl.py:94} INFO - Loading expert_items...
[2023-08-26T14:09:29.240+0000] {dag_etl.py:97} INFO - Complete load drones: 0:00:01.470001
[2023-08-26T14:09:29.241+0000] {dag_etl.py:99} INFO - Complete ETL Users in : 0:00:23.949423
[2023-08-26T14:09:29.285+0000] {python.py:194} INFO - Done. Returned value was: None
[2023-08-26T14:09:29.311+0000] {taskinstance.py:1400} INFO - Marking task as SUCCESS. dag_id=gaas_etl_1, task_id=etl_user, execution_date=20230826T140800, start_date=20230826T140904, end_date=20230826T140929
[2023-08-26T14:09:29.421+0000] {local_task_job_runner.py:228} INFO - Task exited with return code 0
[2023-08-26T14:09:29.464+0000] {taskinstance.py:2784} INFO - 0 downstream tasks scheduled from follow-on schedule check
