[2023-08-27T18:40:06.555+0000] {taskinstance.py:1159} INFO - Dependencies all met for dep_context=non-requeueable deps ti=<TaskInstance: gaas_etl_1.etl_event scheduled__2023-08-27T18:39:00+00:00 [queued]>
[2023-08-27T18:40:06.573+0000] {taskinstance.py:1159} INFO - Dependencies all met for dep_context=requeueable deps ti=<TaskInstance: gaas_etl_1.etl_event scheduled__2023-08-27T18:39:00+00:00 [queued]>
[2023-08-27T18:40:06.574+0000] {taskinstance.py:1361} INFO - Starting attempt 1 of 1
[2023-08-27T18:40:06.616+0000] {taskinstance.py:1382} INFO - Executing <Task(PythonOperator): etl_event> on 2023-08-27 18:39:00+00:00
[2023-08-27T18:40:06.628+0000] {standard_task_runner.py:57} INFO - Started process 443383 to run task
[2023-08-27T18:40:06.653+0000] {standard_task_runner.py:84} INFO - Running: ['airflow', 'tasks', 'run', 'gaas_etl_1', 'etl_event', 'scheduled__2023-08-27T18:39:00+00:00', '--job-id', '6951', '--raw', '--subdir', 'DAGS_FOLDER/dag_etl.py', '--cfg-path', '/tmp/tmp__4_55wk']
[2023-08-27T18:40:06.662+0000] {standard_task_runner.py:85} INFO - Job 6951: Subtask etl_event
[2023-08-27T18:40:07.353+0000] {task_command.py:415} INFO - Running <TaskInstance: gaas_etl_1.etl_event scheduled__2023-08-27T18:39:00+00:00 [running]> on host data-system.us-central1-a.c.data-system-392010.internal
[2023-08-27T18:40:08.065+0000] {taskinstance.py:1660} INFO - Exporting env vars: AIRFLOW_CTX_DAG_EMAIL='hungnm15012002@gmail.com' AIRFLOW_CTX_DAG_OWNER='hungnm' AIRFLOW_CTX_DAG_ID='gaas_etl_1' AIRFLOW_CTX_TASK_ID='etl_event' AIRFLOW_CTX_EXECUTION_DATE='2023-08-27T18:39:00+00:00' AIRFLOW_CTX_TRY_NUMBER='1' AIRFLOW_CTX_DAG_RUN_ID='scheduled__2023-08-27T18:39:00+00:00'
[2023-08-27T18:40:08.083+0000] {dag_etl.py:116} INFO - Extracting event...
[2023-08-27T18:40:13.296+0000] {extract.py:36} INFO - Request time: 0:00:05.212326
[2023-08-27T18:40:13.436+0000] {extract.py:42} INFO - Create DataFrame time: 0:00:00.139582
[2023-08-27T18:40:13.440+0000] {dag_etl.py:119} INFO - Complete extract event: 0:00:05.356452
[2023-08-27T18:40:13.440+0000] {dag_etl.py:121} INFO - Transforming action...
[2023-08-27T18:40:13.450+0000] {logging_mixin.py:151} WARNING - /home/data-engineer/GAAS_Data_System/ETL/transform.py:54 SettingWithCopyWarning:
A value is trying to be set on a copy of a slice from a DataFrame.
Try using .loc[row_indexer,col_indexer] = value instead

See the caveats in the documentation: https://pandas.pydata.org/pandas-docs/stable/user_guide/indexing.html#returning-a-view-versus-a-copy
[2023-08-27T18:40:13.461+0000] {logging_mixin.py:151} WARNING - /home/data-engineer/GAAS_Data_System/ETL/transform.py:55 SettingWithCopyWarning:
A value is trying to be set on a copy of a slice from a DataFrame.
Try using .loc[row_indexer,col_indexer] = value instead

See the caveats in the documentation: https://pandas.pydata.org/pandas-docs/stable/user_guide/indexing.html#returning-a-view-versus-a-copy
[2023-08-27T18:40:15.245+0000] {logging_mixin.py:151} WARNING - /home/data-engineer/GAAS_Data_System/ETL/transform.py:59 SettingWithCopyWarning:
A value is trying to be set on a copy of a slice from a DataFrame.
Try using .loc[row_indexer,col_indexer] = value instead

See the caveats in the documentation: https://pandas.pydata.org/pandas-docs/stable/user_guide/indexing.html#returning-a-view-versus-a-copy
[2023-08-27T18:40:15.252+0000] {logging_mixin.py:151} WARNING - /home/data-engineer/GAAS_Data_System/ETL/transform.py:60 SettingWithCopyWarning:
A value is trying to be set on a copy of a slice from a DataFrame.
Try using .loc[row_indexer,col_indexer] = value instead

See the caveats in the documentation: https://pandas.pydata.org/pandas-docs/stable/user_guide/indexing.html#returning-a-view-versus-a-copy
[2023-08-27T18:40:15.256+0000] {logging_mixin.py:151} WARNING - /home/data-engineer/GAAS_Data_System/ETL/verify_func.py:70 UserWarning: pandas only supports SQLAlchemy connectable (engine/connection) or database string URI or sqlite3 DBAPI2 connection. Other DBAPI2 objects are not tested. Please consider using SQLAlchemy.
[2023-08-27T18:40:15.269+0000] {logging_mixin.py:151} WARNING - /home/data-engineer/GAAS_Data_System/ETL/transform.py:67 SettingWithCopyWarning:
A value is trying to be set on a copy of a slice from a DataFrame.
Try using .loc[row_indexer,col_indexer] = value instead

See the caveats in the documentation: https://pandas.pydata.org/pandas-docs/stable/user_guide/indexing.html#returning-a-view-versus-a-copy
[2023-08-27T18:40:15.280+0000] {dag_etl.py:124} INFO - Complete transform action: 0:00:01.840636
[2023-08-27T18:40:15.281+0000] {dag_etl.py:126} INFO - Transforming transaction...
[2023-08-27T18:40:15.288+0000] {logging_mixin.py:151} WARNING - /home/data-engineer/GAAS_Data_System/ETL/transform.py:47 SettingWithCopyWarning:
A value is trying to be set on a copy of a slice from a DataFrame.
Try using .loc[row_indexer,col_indexer] = value instead

See the caveats in the documentation: https://pandas.pydata.org/pandas-docs/stable/user_guide/indexing.html#returning-a-view-versus-a-copy
[2023-08-27T18:40:15.291+0000] {logging_mixin.py:151} WARNING - /home/data-engineer/GAAS_Data_System/ETL/transform.py:50 SettingWithCopyWarning:
A value is trying to be set on a copy of a slice from a DataFrame.
Try using .loc[row_indexer,col_indexer] = value instead

See the caveats in the documentation: https://pandas.pydata.org/pandas-docs/stable/user_guide/indexing.html#returning-a-view-versus-a-copy
[2023-08-27T18:40:15.294+0000] {logging_mixin.py:151} WARNING - /home/data-engineer/GAAS_Data_System/ETL/transform.py:51 SettingWithCopyWarning:
A value is trying to be set on a copy of a slice from a DataFrame.
Try using .loc[row_indexer,col_indexer] = value instead

See the caveats in the documentation: https://pandas.pydata.org/pandas-docs/stable/user_guide/indexing.html#returning-a-view-versus-a-copy
[2023-08-27T18:40:15.298+0000] {logging_mixin.py:151} WARNING - /home/data-engineer/GAAS_Data_System/ETL/transform.py:54 SettingWithCopyWarning:
A value is trying to be set on a copy of a slice from a DataFrame.
Try using .loc[row_indexer,col_indexer] = value instead

See the caveats in the documentation: https://pandas.pydata.org/pandas-docs/stable/user_guide/indexing.html#returning-a-view-versus-a-copy
[2023-08-27T18:40:15.306+0000] {logging_mixin.py:151} WARNING - /home/data-engineer/GAAS_Data_System/ETL/transform.py:55 SettingWithCopyWarning:
A value is trying to be set on a copy of a slice from a DataFrame.
Try using .loc[row_indexer,col_indexer] = value instead

See the caveats in the documentation: https://pandas.pydata.org/pandas-docs/stable/user_guide/indexing.html#returning-a-view-versus-a-copy
[2023-08-27T18:40:16.520+0000] {logging_mixin.py:151} WARNING - /home/data-engineer/GAAS_Data_System/ETL/transform.py:59 SettingWithCopyWarning:
A value is trying to be set on a copy of a slice from a DataFrame.
Try using .loc[row_indexer,col_indexer] = value instead

See the caveats in the documentation: https://pandas.pydata.org/pandas-docs/stable/user_guide/indexing.html#returning-a-view-versus-a-copy
[2023-08-27T18:40:16.526+0000] {logging_mixin.py:151} WARNING - /home/data-engineer/GAAS_Data_System/ETL/transform.py:60 SettingWithCopyWarning:
A value is trying to be set on a copy of a slice from a DataFrame.
Try using .loc[row_indexer,col_indexer] = value instead

See the caveats in the documentation: https://pandas.pydata.org/pandas-docs/stable/user_guide/indexing.html#returning-a-view-versus-a-copy
[2023-08-27T18:40:16.528+0000] {logging_mixin.py:151} WARNING - /home/data-engineer/GAAS_Data_System/ETL/verify_func.py:70 UserWarning: pandas only supports SQLAlchemy connectable (engine/connection) or database string URI or sqlite3 DBAPI2 connection. Other DBAPI2 objects are not tested. Please consider using SQLAlchemy.
[2023-08-27T18:40:16.537+0000] {logging_mixin.py:151} WARNING - /home/data-engineer/GAAS_Data_System/ETL/transform.py:67 SettingWithCopyWarning:
A value is trying to be set on a copy of a slice from a DataFrame.
Try using .loc[row_indexer,col_indexer] = value instead

See the caveats in the documentation: https://pandas.pydata.org/pandas-docs/stable/user_guide/indexing.html#returning-a-view-versus-a-copy
[2023-08-27T18:40:16.550+0000] {dag_etl.py:129} INFO - Complete transform transaction: 0:00:01.269274
[2023-08-27T18:40:16.550+0000] {dag_etl.py:131} INFO - Loading action...
[2023-08-27T18:40:17.435+0000] {dag_etl.py:134} INFO - Complete load action: 0:00:00.885313
[2023-08-27T18:40:17.435+0000] {dag_etl.py:136} INFO - Loading transaction...
[2023-08-27T18:40:17.765+0000] {dag_etl.py:139} INFO - Complete load transaction: 0:00:00.330552
[2023-08-27T18:40:17.766+0000] {dag_etl.py:141} INFO - Complete ETL Events in : 0:00:09.682842
[2023-08-27T18:40:17.770+0000] {python.py:194} INFO - Done. Returned value was: None
[2023-08-27T18:40:17.784+0000] {taskinstance.py:1400} INFO - Marking task as SUCCESS. dag_id=gaas_etl_1, task_id=etl_event, execution_date=20230827T183900, start_date=20230827T184006, end_date=20230827T184017
[2023-08-27T18:40:17.844+0000] {local_task_job_runner.py:228} INFO - Task exited with return code 0
[2023-08-27T18:40:17.867+0000] {taskinstance.py:2784} INFO - 0 downstream tasks scheduled from follow-on schedule check
