[2023-08-27T09:16:06.119+0000] {taskinstance.py:1159} INFO - Dependencies all met for dep_context=non-requeueable deps ti=<TaskInstance: gaas_etl_1.etl_user scheduled__2023-08-27T09:15:00+00:00 [queued]>
[2023-08-27T09:16:06.135+0000] {taskinstance.py:1159} INFO - Dependencies all met for dep_context=requeueable deps ti=<TaskInstance: gaas_etl_1.etl_user scheduled__2023-08-27T09:15:00+00:00 [queued]>
[2023-08-27T09:16:06.136+0000] {taskinstance.py:1361} INFO - Starting attempt 1 of 1
[2023-08-27T09:16:06.161+0000] {taskinstance.py:1382} INFO - Executing <Task(PythonOperator): etl_user> on 2023-08-27 09:15:00+00:00
[2023-08-27T09:16:06.169+0000] {standard_task_runner.py:57} INFO - Started process 379854 to run task
[2023-08-27T09:16:06.188+0000] {standard_task_runner.py:84} INFO - Running: ['airflow', 'tasks', 'run', 'gaas_etl_1', 'etl_user', 'scheduled__2023-08-27T09:15:00+00:00', '--job-id', '5257', '--raw', '--subdir', 'DAGS_FOLDER/dag_etl.py', '--cfg-path', '/tmp/tmp90q1eev0']
[2023-08-27T09:16:06.196+0000] {standard_task_runner.py:85} INFO - Job 5257: Subtask etl_user
[2023-08-27T09:16:06.951+0000] {task_command.py:415} INFO - Running <TaskInstance: gaas_etl_1.etl_user scheduled__2023-08-27T09:15:00+00:00 [running]> on host data-system.us-central1-a.c.data-system-392010.internal
[2023-08-27T09:16:07.397+0000] {taskinstance.py:1660} INFO - Exporting env vars: AIRFLOW_CTX_DAG_EMAIL='hungnm15012002@gmail.com' AIRFLOW_CTX_DAG_OWNER='hungnm' AIRFLOW_CTX_DAG_ID='gaas_etl_1' AIRFLOW_CTX_TASK_ID='etl_user' AIRFLOW_CTX_EXECUTION_DATE='2023-08-27T09:15:00+00:00' AIRFLOW_CTX_TRY_NUMBER='1' AIRFLOW_CTX_DAG_RUN_ID='scheduled__2023-08-27T09:15:00+00:00'
[2023-08-27T09:16:07.419+0000] {dag_etl.py:28} INFO - Extracting user...
[2023-08-27T09:16:12.793+0000] {extract.py:36} INFO - Request time: 0:00:05.373471
[2023-08-27T09:16:13.294+0000] {extract.py:42} INFO - Create DataFrame time: 0:00:00.499788
[2023-08-27T09:16:13.297+0000] {dag_etl.py:31} INFO - Complete extract user: 0:00:05.877798
[2023-08-27T09:16:13.298+0000] {dag_etl.py:33} INFO - Extracting resource...
[2023-08-27T09:16:22.333+0000] {extract.py:36} INFO - Request time: 0:00:09.034491
[2023-08-27T09:16:22.389+0000] {extract.py:42} INFO - Create DataFrame time: 0:00:00.055502
[2023-08-27T09:16:22.392+0000] {dag_etl.py:36} INFO - Complete extract resource: 0:00:09.094764
[2023-08-27T09:16:22.393+0000] {dag_etl.py:38} INFO - Transforming user...
[2023-08-27T09:16:22.612+0000] {dag_etl.py:42} INFO - Complete transform user: 0:00:00.220371
[2023-08-27T09:16:22.613+0000] {dag_etl.py:44} INFO - transform space_ships...
[2023-08-27T09:16:22.765+0000] {dag_etl.py:47} INFO - Complete transform space_ships: 0:00:00.153237
[2023-08-27T09:16:22.766+0000] {dag_etl.py:49} INFO - transform drones...
[2023-08-27T09:16:22.880+0000] {dag_etl.py:52} INFO - Complete transform drones: 0:00:00.114348
[2023-08-27T09:16:22.880+0000] {dag_etl.py:54} INFO - transform pilots...
[2023-08-27T09:16:22.964+0000] {dag_etl.py:57} INFO - Complete transform pilots: 0:00:00.084581
[2023-08-27T09:16:22.965+0000] {dag_etl.py:59} INFO - transform talents...
[2023-08-27T09:16:23.002+0000] {dag_etl.py:62} INFO - Complete transform talents: 0:00:00.037949
[2023-08-27T09:16:23.003+0000] {dag_etl.py:64} INFO - transform expert_items...
[2023-08-27T09:16:23.038+0000] {dag_etl.py:67} INFO - Complete transform expert_items: 0:00:00.036158
[2023-08-27T09:16:23.039+0000] {dag_etl.py:69} INFO - Loading user...
[2023-08-27T09:16:24.196+0000] {dag_etl.py:72} INFO - Complete load user: 0:00:01.157643
[2023-08-27T09:16:24.197+0000] {dag_etl.py:74} INFO - Loading space_ships...
[2023-08-27T09:16:25.706+0000] {dag_etl.py:77} INFO - Complete load space_ships: 0:00:01.509870
[2023-08-27T09:16:25.707+0000] {dag_etl.py:79} INFO - Loading drones...
[2023-08-27T09:16:27.274+0000] {dag_etl.py:82} INFO - Complete load drones: 0:00:01.567529
[2023-08-27T09:16:27.274+0000] {dag_etl.py:84} INFO - Loading pilots...
[2023-08-27T09:16:29.483+0000] {dag_etl.py:87} INFO - Complete load drones: 0:00:02.209172
[2023-08-27T09:16:29.483+0000] {dag_etl.py:89} INFO - Loading talents...
[2023-08-27T09:16:30.795+0000] {dag_etl.py:92} INFO - Complete load drones: 0:00:01.312162
[2023-08-27T09:16:30.796+0000] {dag_etl.py:94} INFO - Loading expert_items...
[2023-08-27T09:16:31.694+0000] {dag_etl.py:97} INFO - Complete load drones: 0:00:00.899241
[2023-08-27T09:16:31.695+0000] {dag_etl.py:99} INFO - Complete ETL Users in : 0:00:24.275419
[2023-08-27T09:16:31.739+0000] {python.py:194} INFO - Done. Returned value was: None
[2023-08-27T09:16:31.766+0000] {taskinstance.py:1400} INFO - Marking task as SUCCESS. dag_id=gaas_etl_1, task_id=etl_user, execution_date=20230827T091500, start_date=20230827T091606, end_date=20230827T091631
[2023-08-27T09:16:31.828+0000] {local_task_job_runner.py:228} INFO - Task exited with return code 0
[2023-08-27T09:16:31.857+0000] {taskinstance.py:2784} INFO - 0 downstream tasks scheduled from follow-on schedule check
