[2023-08-27T01:36:04.665+0000] {taskinstance.py:1159} INFO - Dependencies all met for dep_context=non-requeueable deps ti=<TaskInstance: gaas_etl_1.etl_user scheduled__2023-08-27T01:35:00+00:00 [queued]>
[2023-08-27T01:36:04.681+0000] {taskinstance.py:1159} INFO - Dependencies all met for dep_context=requeueable deps ti=<TaskInstance: gaas_etl_1.etl_user scheduled__2023-08-27T01:35:00+00:00 [queued]>
[2023-08-27T01:36:04.682+0000] {taskinstance.py:1361} INFO - Starting attempt 1 of 1
[2023-08-27T01:36:04.722+0000] {taskinstance.py:1382} INFO - Executing <Task(PythonOperator): etl_user> on 2023-08-27 01:35:00+00:00
[2023-08-27T01:36:04.733+0000] {standard_task_runner.py:57} INFO - Started process 342695 to run task
[2023-08-27T01:36:04.749+0000] {standard_task_runner.py:84} INFO - Running: ['airflow', 'tasks', 'run', 'gaas_etl_1', 'etl_user', 'scheduled__2023-08-27T01:35:00+00:00', '--job-id', '3877', '--raw', '--subdir', 'DAGS_FOLDER/dag_etl.py', '--cfg-path', '/tmp/tmpw5llzrp_']
[2023-08-27T01:36:04.756+0000] {standard_task_runner.py:85} INFO - Job 3877: Subtask etl_user
[2023-08-27T01:36:05.053+0000] {task_command.py:415} INFO - Running <TaskInstance: gaas_etl_1.etl_user scheduled__2023-08-27T01:35:00+00:00 [running]> on host data-system.us-central1-a.c.data-system-392010.internal
[2023-08-27T01:36:05.415+0000] {taskinstance.py:1660} INFO - Exporting env vars: AIRFLOW_CTX_DAG_EMAIL='hungnm15012002@gmail.com' AIRFLOW_CTX_DAG_OWNER='hungnm' AIRFLOW_CTX_DAG_ID='gaas_etl_1' AIRFLOW_CTX_TASK_ID='etl_user' AIRFLOW_CTX_EXECUTION_DATE='2023-08-27T01:35:00+00:00' AIRFLOW_CTX_TRY_NUMBER='1' AIRFLOW_CTX_DAG_RUN_ID='scheduled__2023-08-27T01:35:00+00:00'
[2023-08-27T01:36:05.437+0000] {dag_etl.py:28} INFO - Extracting user...
[2023-08-27T01:36:11.117+0000] {extract.py:36} INFO - Request time: 0:00:05.679439
[2023-08-27T01:36:11.680+0000] {extract.py:42} INFO - Create DataFrame time: 0:00:00.562398
[2023-08-27T01:36:11.685+0000] {dag_etl.py:31} INFO - Complete extract user: 0:00:06.247251
[2023-08-27T01:36:11.685+0000] {dag_etl.py:33} INFO - Extracting resource...
[2023-08-27T01:36:13.167+0000] {extract.py:36} INFO - Request time: 0:00:01.481860
[2023-08-27T01:36:13.206+0000] {extract.py:42} INFO - Create DataFrame time: 0:00:00.037999
[2023-08-27T01:36:13.209+0000] {dag_etl.py:36} INFO - Complete extract resource: 0:00:01.523971
[2023-08-27T01:36:13.210+0000] {dag_etl.py:38} INFO - Transforming user...
[2023-08-27T01:36:13.356+0000] {dag_etl.py:42} INFO - Complete transform user: 0:00:00.146888
[2023-08-27T01:36:13.356+0000] {dag_etl.py:44} INFO - transform space_ships...
[2023-08-27T01:36:13.456+0000] {dag_etl.py:47} INFO - Complete transform space_ships: 0:00:00.099962
[2023-08-27T01:36:13.456+0000] {dag_etl.py:49} INFO - transform drones...
[2023-08-27T01:36:13.524+0000] {dag_etl.py:52} INFO - Complete transform drones: 0:00:00.068406
[2023-08-27T01:36:13.524+0000] {dag_etl.py:54} INFO - transform pilots...
[2023-08-27T01:36:13.607+0000] {dag_etl.py:57} INFO - Complete transform pilots: 0:00:00.083006
[2023-08-27T01:36:13.608+0000] {dag_etl.py:59} INFO - transform talents...
[2023-08-27T01:36:13.634+0000] {dag_etl.py:62} INFO - Complete transform talents: 0:00:00.026905
[2023-08-27T01:36:13.634+0000] {dag_etl.py:64} INFO - transform expert_items...
[2023-08-27T01:36:13.664+0000] {dag_etl.py:67} INFO - Complete transform expert_items: 0:00:00.029821
[2023-08-27T01:36:13.664+0000] {dag_etl.py:69} INFO - Loading user...
[2023-08-27T01:36:14.407+0000] {dag_etl.py:72} INFO - Complete load user: 0:00:00.742901
[2023-08-27T01:36:14.407+0000] {dag_etl.py:74} INFO - Loading space_ships...
[2023-08-27T01:36:15.518+0000] {dag_etl.py:77} INFO - Complete load space_ships: 0:00:01.111566
[2023-08-27T01:36:15.519+0000] {dag_etl.py:79} INFO - Loading drones...
[2023-08-27T01:36:16.376+0000] {dag_etl.py:82} INFO - Complete load drones: 0:00:00.858250
[2023-08-27T01:36:16.377+0000] {dag_etl.py:84} INFO - Loading pilots...
[2023-08-27T01:36:17.709+0000] {dag_etl.py:87} INFO - Complete load drones: 0:00:01.332128
[2023-08-27T01:36:17.709+0000] {dag_etl.py:89} INFO - Loading talents...
[2023-08-27T01:36:18.608+0000] {dag_etl.py:92} INFO - Complete load drones: 0:00:00.899798
[2023-08-27T01:36:18.609+0000] {dag_etl.py:94} INFO - Loading expert_items...
[2023-08-27T01:36:19.165+0000] {dag_etl.py:97} INFO - Complete load drones: 0:00:00.556800
[2023-08-27T01:36:19.166+0000] {dag_etl.py:99} INFO - Complete ETL Users in : 0:00:13.728165
[2023-08-27T01:36:19.180+0000] {python.py:194} INFO - Done. Returned value was: None
[2023-08-27T01:36:19.199+0000] {taskinstance.py:1400} INFO - Marking task as SUCCESS. dag_id=gaas_etl_1, task_id=etl_user, execution_date=20230827T013500, start_date=20230827T013604, end_date=20230827T013619
[2023-08-27T01:36:19.284+0000] {local_task_job_runner.py:228} INFO - Task exited with return code 0
[2023-08-27T01:36:19.323+0000] {taskinstance.py:2784} INFO - 0 downstream tasks scheduled from follow-on schedule check
