[2023-08-26T04:20:04.596+0000] {taskinstance.py:1159} INFO - Dependencies all met for dep_context=non-requeueable deps ti=<TaskInstance: gaas_etl_1.etl_user scheduled__2023-08-26T04:19:00+00:00 [queued]>
[2023-08-26T04:20:04.624+0000] {taskinstance.py:1159} INFO - Dependencies all met for dep_context=requeueable deps ti=<TaskInstance: gaas_etl_1.etl_user scheduled__2023-08-26T04:19:00+00:00 [queued]>
[2023-08-26T04:20:04.625+0000] {taskinstance.py:1361} INFO - Starting attempt 1 of 1
[2023-08-26T04:20:04.658+0000] {taskinstance.py:1382} INFO - Executing <Task(PythonOperator): etl_user> on 2023-08-26 04:19:00+00:00
[2023-08-26T04:20:04.666+0000] {standard_task_runner.py:57} INFO - Started process 276415 to run task
[2023-08-26T04:20:04.682+0000] {standard_task_runner.py:84} INFO - Running: ['airflow', 'tasks', 'run', 'gaas_etl_1', 'etl_user', 'scheduled__2023-08-26T04:19:00+00:00', '--job-id', '49', '--raw', '--subdir', 'DAGS_FOLDER/dag_etl.py', '--cfg-path', '/tmp/tmp04t24dr5']
[2023-08-26T04:20:04.689+0000] {standard_task_runner.py:85} INFO - Job 49: Subtask etl_user
[2023-08-26T04:20:04.809+0000] {task_command.py:415} INFO - Running <TaskInstance: gaas_etl_1.etl_user scheduled__2023-08-26T04:19:00+00:00 [running]> on host data-system.us-central1-a.c.data-system-392010.internal
[2023-08-26T04:20:04.987+0000] {taskinstance.py:1660} INFO - Exporting env vars: AIRFLOW_CTX_DAG_EMAIL='hungnm15012002@gmail.com' AIRFLOW_CTX_DAG_OWNER='hungnm' AIRFLOW_CTX_DAG_ID='gaas_etl_1' AIRFLOW_CTX_TASK_ID='etl_user' AIRFLOW_CTX_EXECUTION_DATE='2023-08-26T04:19:00+00:00' AIRFLOW_CTX_TRY_NUMBER='1' AIRFLOW_CTX_DAG_RUN_ID='scheduled__2023-08-26T04:19:00+00:00'
[2023-08-26T04:20:05.014+0000] {dag_etl.py:28} INFO - Extracting user...
[2023-08-26T04:20:06.213+0000] {extract.py:36} INFO - Request time: 0:00:01.197705
[2023-08-26T04:20:06.236+0000] {extract.py:42} INFO - Create DataFrame time: 0:00:00.023281
[2023-08-26T04:20:06.239+0000] {dag_etl.py:31} INFO - Complete extract user: 0:00:01.224737
[2023-08-26T04:20:06.240+0000] {dag_etl.py:33} INFO - Extracting resource...
[2023-08-26T04:20:07.295+0000] {extract.py:36} INFO - Request time: 0:00:01.054443
[2023-08-26T04:20:07.303+0000] {extract.py:42} INFO - Create DataFrame time: 0:00:00.007783
[2023-08-26T04:20:07.305+0000] {dag_etl.py:36} INFO - Complete extract resource: 0:00:01.066403
[2023-08-26T04:20:07.306+0000] {dag_etl.py:38} INFO - Transforming user...
[2023-08-26T04:20:07.340+0000] {dag_etl.py:42} INFO - Complete transform user: 0:00:00.035477
[2023-08-26T04:20:07.341+0000] {dag_etl.py:44} INFO - transform space_ships...
[2023-08-26T04:20:07.368+0000] {dag_etl.py:47} INFO - Complete transform space_ships: 0:00:00.027908
[2023-08-26T04:20:07.369+0000] {dag_etl.py:49} INFO - transform drones...
[2023-08-26T04:20:07.387+0000] {dag_etl.py:52} INFO - Complete transform drones: 0:00:00.018773
[2023-08-26T04:20:07.388+0000] {dag_etl.py:54} INFO - transform pilots...
[2023-08-26T04:20:07.402+0000] {dag_etl.py:57} INFO - Complete transform pilots: 0:00:00.015137
[2023-08-26T04:20:07.403+0000] {dag_etl.py:59} INFO - transform talents...
[2023-08-26T04:20:07.410+0000] {dag_etl.py:62} INFO - Complete transform talents: 0:00:00.007729
[2023-08-26T04:20:07.410+0000] {dag_etl.py:64} INFO - transform expert_items...
[2023-08-26T04:20:07.418+0000] {dag_etl.py:67} INFO - Complete transform expert_items: 0:00:00.008529
[2023-08-26T04:20:07.419+0000] {dag_etl.py:69} INFO - Loading user...
[2023-08-26T04:20:07.438+0000] {dag_etl.py:72} INFO - Complete load user: 0:00:00.019212
[2023-08-26T04:20:07.438+0000] {dag_etl.py:74} INFO - Loading space_ships...
[2023-08-26T04:20:07.457+0000] {dag_etl.py:77} INFO - Complete load space_ships: 0:00:00.019735
[2023-08-26T04:20:07.458+0000] {dag_etl.py:79} INFO - Loading drones...
[2023-08-26T04:20:07.471+0000] {dag_etl.py:82} INFO - Complete load drones: 0:00:00.013149
[2023-08-26T04:20:07.471+0000] {dag_etl.py:84} INFO - Loading pilots...
[2023-08-26T04:20:07.508+0000] {dag_etl.py:87} INFO - Complete load drones: 0:00:00.037698
[2023-08-26T04:20:07.509+0000] {dag_etl.py:89} INFO - Loading talents...
[2023-08-26T04:20:07.536+0000] {dag_etl.py:92} INFO - Complete load drones: 0:00:00.027781
[2023-08-26T04:20:07.537+0000] {dag_etl.py:94} INFO - Loading expert_items...
[2023-08-26T04:20:07.544+0000] {dag_etl.py:97} INFO - Complete load drones: 0:00:00.007707
[2023-08-26T04:20:07.545+0000] {dag_etl.py:99} INFO - Complete ETL Users in : 0:00:02.530940
[2023-08-26T04:20:07.547+0000] {python.py:194} INFO - Done. Returned value was: None
[2023-08-26T04:20:07.568+0000] {taskinstance.py:1400} INFO - Marking task as SUCCESS. dag_id=gaas_etl_1, task_id=etl_user, execution_date=20230826T041900, start_date=20230826T042004, end_date=20230826T042007
[2023-08-26T04:20:07.621+0000] {local_task_job_runner.py:228} INFO - Task exited with return code 0
[2023-08-26T04:20:07.645+0000] {taskinstance.py:2784} INFO - 0 downstream tasks scheduled from follow-on schedule check
