[2023-08-26T08:41:04.036+0000] {taskinstance.py:1159} INFO - Dependencies all met for dep_context=non-requeueable deps ti=<TaskInstance: gaas_etl_1.etl_user scheduled__2023-08-26T08:40:00+00:00 [queued]>
[2023-08-26T08:41:04.055+0000] {taskinstance.py:1159} INFO - Dependencies all met for dep_context=requeueable deps ti=<TaskInstance: gaas_etl_1.etl_user scheduled__2023-08-26T08:40:00+00:00 [queued]>
[2023-08-26T08:41:04.056+0000] {taskinstance.py:1361} INFO - Starting attempt 1 of 1
[2023-08-26T08:41:04.090+0000] {taskinstance.py:1382} INFO - Executing <Task(PythonOperator): etl_user> on 2023-08-26 08:40:00+00:00
[2023-08-26T08:41:04.098+0000] {standard_task_runner.py:57} INFO - Started process 290872 to run task
[2023-08-26T08:41:04.113+0000] {standard_task_runner.py:84} INFO - Running: ['airflow', 'tasks', 'run', 'gaas_etl_1', 'etl_user', 'scheduled__2023-08-26T08:40:00+00:00', '--job-id', '833', '--raw', '--subdir', 'DAGS_FOLDER/dag_etl.py', '--cfg-path', '/tmp/tmpbpmb5nbl']
[2023-08-26T08:41:04.118+0000] {standard_task_runner.py:85} INFO - Job 833: Subtask etl_user
[2023-08-26T08:41:04.262+0000] {task_command.py:415} INFO - Running <TaskInstance: gaas_etl_1.etl_user scheduled__2023-08-26T08:40:00+00:00 [running]> on host data-system.us-central1-a.c.data-system-392010.internal
[2023-08-26T08:41:04.490+0000] {taskinstance.py:1660} INFO - Exporting env vars: AIRFLOW_CTX_DAG_EMAIL='hungnm15012002@gmail.com' AIRFLOW_CTX_DAG_OWNER='hungnm' AIRFLOW_CTX_DAG_ID='gaas_etl_1' AIRFLOW_CTX_TASK_ID='etl_user' AIRFLOW_CTX_EXECUTION_DATE='2023-08-26T08:40:00+00:00' AIRFLOW_CTX_TRY_NUMBER='1' AIRFLOW_CTX_DAG_RUN_ID='scheduled__2023-08-26T08:40:00+00:00'
[2023-08-26T08:41:04.509+0000] {dag_etl.py:28} INFO - Extracting user...
[2023-08-26T08:41:05.996+0000] {extract.py:36} INFO - Request time: 0:00:01.485996
[2023-08-26T08:41:06.021+0000] {extract.py:42} INFO - Create DataFrame time: 0:00:00.024350
[2023-08-26T08:41:06.023+0000] {dag_etl.py:31} INFO - Complete extract user: 0:00:01.513620
[2023-08-26T08:41:06.023+0000] {dag_etl.py:33} INFO - Extracting resource...
[2023-08-26T08:41:07.023+0000] {extract.py:36} INFO - Request time: 0:00:00.999602
[2023-08-26T08:41:07.030+0000] {extract.py:42} INFO - Create DataFrame time: 0:00:00.006702
[2023-08-26T08:41:07.032+0000] {dag_etl.py:36} INFO - Complete extract resource: 0:00:01.008938
[2023-08-26T08:41:07.033+0000] {dag_etl.py:38} INFO - Transforming user...
[2023-08-26T08:41:07.065+0000] {dag_etl.py:42} INFO - Complete transform user: 0:00:00.033616
[2023-08-26T08:41:07.066+0000] {dag_etl.py:44} INFO - transform space_ships...
[2023-08-26T08:41:07.083+0000] {dag_etl.py:47} INFO - Complete transform space_ships: 0:00:00.017884
[2023-08-26T08:41:07.084+0000] {dag_etl.py:49} INFO - transform drones...
[2023-08-26T08:41:07.096+0000] {dag_etl.py:52} INFO - Complete transform drones: 0:00:00.012906
[2023-08-26T08:41:07.097+0000] {dag_etl.py:54} INFO - transform pilots...
[2023-08-26T08:41:07.106+0000] {dag_etl.py:57} INFO - Complete transform pilots: 0:00:00.009543
[2023-08-26T08:41:07.106+0000] {dag_etl.py:59} INFO - transform talents...
[2023-08-26T08:41:07.113+0000] {dag_etl.py:62} INFO - Complete transform talents: 0:00:00.006948
[2023-08-26T08:41:07.113+0000] {dag_etl.py:64} INFO - transform expert_items...
[2023-08-26T08:41:07.119+0000] {dag_etl.py:67} INFO - Complete transform expert_items: 0:00:00.006820
[2023-08-26T08:41:07.120+0000] {dag_etl.py:69} INFO - Loading user...
[2023-08-26T08:41:07.135+0000] {dag_etl.py:72} INFO - Complete load user: 0:00:00.015480
[2023-08-26T08:41:07.136+0000] {dag_etl.py:74} INFO - Loading space_ships...
[2023-08-26T08:41:07.158+0000] {dag_etl.py:77} INFO - Complete load space_ships: 0:00:00.022767
[2023-08-26T08:41:07.158+0000] {dag_etl.py:79} INFO - Loading drones...
[2023-08-26T08:41:07.172+0000] {dag_etl.py:82} INFO - Complete load drones: 0:00:00.014365
[2023-08-26T08:41:07.172+0000] {dag_etl.py:84} INFO - Loading pilots...
[2023-08-26T08:41:07.200+0000] {dag_etl.py:87} INFO - Complete load drones: 0:00:00.027484
[2023-08-26T08:41:07.200+0000] {dag_etl.py:89} INFO - Loading talents...
[2023-08-26T08:41:07.214+0000] {dag_etl.py:92} INFO - Complete load drones: 0:00:00.014469
[2023-08-26T08:41:07.214+0000] {dag_etl.py:94} INFO - Loading expert_items...
[2023-08-26T08:41:07.218+0000] {dag_etl.py:97} INFO - Complete load drones: 0:00:00.003815
[2023-08-26T08:41:07.218+0000] {dag_etl.py:99} INFO - Complete ETL Users in : 0:00:02.709044
[2023-08-26T08:41:07.220+0000] {python.py:194} INFO - Done. Returned value was: None
[2023-08-26T08:41:07.231+0000] {taskinstance.py:1400} INFO - Marking task as SUCCESS. dag_id=gaas_etl_1, task_id=etl_user, execution_date=20230826T084000, start_date=20230826T084104, end_date=20230826T084107
[2023-08-26T08:41:07.257+0000] {local_task_job_runner.py:228} INFO - Task exited with return code 0
[2023-08-26T08:41:07.284+0000] {taskinstance.py:2784} INFO - 0 downstream tasks scheduled from follow-on schedule check
