[2023-08-26T12:20:03.822+0000] {taskinstance.py:1159} INFO - Dependencies all met for dep_context=non-requeueable deps ti=<TaskInstance: gaas_etl_1.etl_user scheduled__2023-08-26T12:19:00+00:00 [queued]>
[2023-08-26T12:20:03.839+0000] {taskinstance.py:1159} INFO - Dependencies all met for dep_context=requeueable deps ti=<TaskInstance: gaas_etl_1.etl_user scheduled__2023-08-26T12:19:00+00:00 [queued]>
[2023-08-26T12:20:03.840+0000] {taskinstance.py:1361} INFO - Starting attempt 1 of 1
[2023-08-26T12:20:03.867+0000] {taskinstance.py:1382} INFO - Executing <Task(PythonOperator): etl_user> on 2023-08-26 12:19:00+00:00
[2023-08-26T12:20:03.876+0000] {standard_task_runner.py:57} INFO - Started process 311025 to run task
[2023-08-26T12:20:03.893+0000] {standard_task_runner.py:84} INFO - Running: ['airflow', 'tasks', 'run', 'gaas_etl_1', 'etl_user', 'scheduled__2023-08-26T12:19:00+00:00', '--job-id', '1490', '--raw', '--subdir', 'DAGS_FOLDER/dag_etl.py', '--cfg-path', '/tmp/tmpaklaoprn']
[2023-08-26T12:20:03.900+0000] {standard_task_runner.py:85} INFO - Job 1490: Subtask etl_user
[2023-08-26T12:20:04.076+0000] {task_command.py:415} INFO - Running <TaskInstance: gaas_etl_1.etl_user scheduled__2023-08-26T12:19:00+00:00 [running]> on host data-system.us-central1-a.c.data-system-392010.internal
[2023-08-26T12:20:04.310+0000] {taskinstance.py:1660} INFO - Exporting env vars: AIRFLOW_CTX_DAG_EMAIL='hungnm15012002@gmail.com' AIRFLOW_CTX_DAG_OWNER='hungnm' AIRFLOW_CTX_DAG_ID='gaas_etl_1' AIRFLOW_CTX_TASK_ID='etl_user' AIRFLOW_CTX_EXECUTION_DATE='2023-08-26T12:19:00+00:00' AIRFLOW_CTX_TRY_NUMBER='1' AIRFLOW_CTX_DAG_RUN_ID='scheduled__2023-08-26T12:19:00+00:00'
[2023-08-26T12:20:04.333+0000] {dag_etl.py:28} INFO - Extracting user...
[2023-08-26T12:20:16.895+0000] {extract.py:36} INFO - Request time: 0:00:12.561773
[2023-08-26T12:20:17.925+0000] {extract.py:42} INFO - Create DataFrame time: 0:00:01.029458
[2023-08-26T12:20:17.932+0000] {dag_etl.py:31} INFO - Complete extract user: 0:00:13.599393
[2023-08-26T12:20:17.933+0000] {dag_etl.py:33} INFO - Extracting resource...
[2023-08-26T12:20:18.240+0000] {extract.py:36} INFO - Request time: 0:00:00.307293
[2023-08-26T12:20:18.241+0000] {extract.py:45} ERROR - Server GAAS error: 502
[2023-08-26T12:20:18.255+0000] {dag_etl.py:36} INFO - Complete extract resource: 0:00:00.323506
[2023-08-26T12:20:18.258+0000] {dag_etl.py:38} INFO - Transforming user...
[2023-08-26T12:20:18.263+0000] {dag_etl.py:107} ERROR - An Error Occur: Can only merge Series or DataFrame objects, a <class 'int'> was passed
[2023-08-26T12:20:18.314+0000] {python.py:194} INFO - Done. Returned value was: None
[2023-08-26T12:20:18.336+0000] {taskinstance.py:1400} INFO - Marking task as SUCCESS. dag_id=gaas_etl_1, task_id=etl_user, execution_date=20230826T121900, start_date=20230826T122003, end_date=20230826T122018
[2023-08-26T12:20:18.404+0000] {local_task_job_runner.py:228} INFO - Task exited with return code 0
[2023-08-26T12:20:18.435+0000] {taskinstance.py:2784} INFO - 0 downstream tasks scheduled from follow-on schedule check
