[2023-08-26T12:12:03.787+0000] {taskinstance.py:1159} INFO - Dependencies all met for dep_context=non-requeueable deps ti=<TaskInstance: gaas_etl_1.etl_user scheduled__2023-08-26T12:11:00+00:00 [queued]>
[2023-08-26T12:12:03.809+0000] {taskinstance.py:1159} INFO - Dependencies all met for dep_context=requeueable deps ti=<TaskInstance: gaas_etl_1.etl_user scheduled__2023-08-26T12:11:00+00:00 [queued]>
[2023-08-26T12:12:03.809+0000] {taskinstance.py:1361} INFO - Starting attempt 1 of 1
[2023-08-26T12:12:03.837+0000] {taskinstance.py:1382} INFO - Executing <Task(PythonOperator): etl_user> on 2023-08-26 12:11:00+00:00
[2023-08-26T12:12:03.848+0000] {standard_task_runner.py:57} INFO - Started process 310704 to run task
[2023-08-26T12:12:03.861+0000] {standard_task_runner.py:84} INFO - Running: ['airflow', 'tasks', 'run', 'gaas_etl_1', 'etl_user', 'scheduled__2023-08-26T12:11:00+00:00', '--job-id', '1466', '--raw', '--subdir', 'DAGS_FOLDER/dag_etl.py', '--cfg-path', '/tmp/tmp0vzps543']
[2023-08-26T12:12:03.866+0000] {standard_task_runner.py:85} INFO - Job 1466: Subtask etl_user
[2023-08-26T12:12:04.037+0000] {task_command.py:415} INFO - Running <TaskInstance: gaas_etl_1.etl_user scheduled__2023-08-26T12:11:00+00:00 [running]> on host data-system.us-central1-a.c.data-system-392010.internal
[2023-08-26T12:12:04.263+0000] {taskinstance.py:1660} INFO - Exporting env vars: AIRFLOW_CTX_DAG_EMAIL='hungnm15012002@gmail.com' AIRFLOW_CTX_DAG_OWNER='hungnm' AIRFLOW_CTX_DAG_ID='gaas_etl_1' AIRFLOW_CTX_TASK_ID='etl_user' AIRFLOW_CTX_EXECUTION_DATE='2023-08-26T12:11:00+00:00' AIRFLOW_CTX_TRY_NUMBER='1' AIRFLOW_CTX_DAG_RUN_ID='scheduled__2023-08-26T12:11:00+00:00'
[2023-08-26T12:12:04.284+0000] {dag_etl.py:28} INFO - Extracting user...
[2023-08-26T12:12:32.599+0000] {extract.py:36} INFO - Request time: 0:00:28.313940
[2023-08-26T12:12:34.001+0000] {extract.py:42} INFO - Create DataFrame time: 0:00:01.401922
[2023-08-26T12:12:34.009+0000] {dag_etl.py:31} INFO - Complete extract user: 0:00:29.725013
[2023-08-26T12:12:34.011+0000] {dag_etl.py:33} INFO - Extracting resource...
[2023-08-26T12:12:41.265+0000] {extract.py:36} INFO - Request time: 0:00:07.253654
[2023-08-26T12:12:41.424+0000] {extract.py:42} INFO - Create DataFrame time: 0:00:00.158035
[2023-08-26T12:12:41.436+0000] {dag_etl.py:36} INFO - Complete extract resource: 0:00:07.427182
[2023-08-26T12:12:41.438+0000] {dag_etl.py:38} INFO - Transforming user...
[2023-08-26T12:12:41.811+0000] {dag_etl.py:42} INFO - Complete transform user: 0:00:00.374835
[2023-08-26T12:12:41.812+0000] {dag_etl.py:44} INFO - transform space_ships...
[2023-08-26T12:12:42.075+0000] {dag_etl.py:47} INFO - Complete transform space_ships: 0:00:00.263609
[2023-08-26T12:12:42.076+0000] {dag_etl.py:49} INFO - transform drones...
[2023-08-26T12:12:42.273+0000] {dag_etl.py:52} INFO - Complete transform drones: 0:00:00.198569
[2023-08-26T12:12:42.274+0000] {dag_etl.py:54} INFO - transform pilots...
[2023-08-26T12:12:42.403+0000] {dag_etl.py:57} INFO - Complete transform pilots: 0:00:00.129349
[2023-08-26T12:12:42.403+0000] {dag_etl.py:59} INFO - transform talents...
[2023-08-26T12:12:42.463+0000] {dag_etl.py:62} INFO - Complete transform talents: 0:00:00.060058
[2023-08-26T12:12:42.463+0000] {dag_etl.py:64} INFO - transform expert_items...
[2023-08-26T12:12:42.539+0000] {dag_etl.py:67} INFO - Complete transform expert_items: 0:00:00.076449
[2023-08-26T12:12:42.540+0000] {dag_etl.py:69} INFO - Loading user...
[2023-08-26T12:12:44.842+0000] {dag_etl.py:72} INFO - Complete load user: 0:00:02.302135
[2023-08-26T12:12:44.842+0000] {dag_etl.py:74} INFO - Loading space_ships...
[2023-08-26T12:12:47.970+0000] {dag_etl.py:77} INFO - Complete load space_ships: 0:00:03.128804
[2023-08-26T12:12:47.971+0000] {dag_etl.py:79} INFO - Loading drones...
[2023-08-26T12:12:50.437+0000] {dag_etl.py:82} INFO - Complete load drones: 0:00:02.467117
[2023-08-26T12:12:50.438+0000] {dag_etl.py:84} INFO - Loading pilots...
[2023-08-26T12:12:54.326+0000] {dag_etl.py:87} INFO - Complete load drones: 0:00:03.888110
[2023-08-26T12:12:54.326+0000] {dag_etl.py:89} INFO - Loading talents...
[2023-08-26T12:12:56.224+0000] {dag_etl.py:92} INFO - Complete load drones: 0:00:01.898794
[2023-08-26T12:12:56.225+0000] {dag_etl.py:94} INFO - Loading expert_items...
[2023-08-26T12:12:57.791+0000] {dag_etl.py:97} INFO - Complete load drones: 0:00:01.566518
[2023-08-26T12:12:57.791+0000] {dag_etl.py:99} INFO - Complete ETL Users in : 0:00:53.507109
[2023-08-26T12:12:57.824+0000] {python.py:194} INFO - Done. Returned value was: None
[2023-08-26T12:12:57.840+0000] {taskinstance.py:1400} INFO - Marking task as SUCCESS. dag_id=gaas_etl_1, task_id=etl_user, execution_date=20230826T121100, start_date=20230826T121203, end_date=20230826T121257
[2023-08-26T12:12:57.915+0000] {local_task_job_runner.py:228} INFO - Task exited with return code 0
[2023-08-26T12:12:57.942+0000] {taskinstance.py:2784} INFO - 0 downstream tasks scheduled from follow-on schedule check
