[2023-08-28T01:14:07.573+0000] {taskinstance.py:1159} INFO - Dependencies all met for dep_context=non-requeueable deps ti=<TaskInstance: gaas_etl_1.etl_user scheduled__2023-08-28T01:13:00+00:00 [queued]>
[2023-08-28T01:14:07.590+0000] {taskinstance.py:1159} INFO - Dependencies all met for dep_context=requeueable deps ti=<TaskInstance: gaas_etl_1.etl_user scheduled__2023-08-28T01:13:00+00:00 [queued]>
[2023-08-28T01:14:07.591+0000] {taskinstance.py:1361} INFO - Starting attempt 1 of 1
[2023-08-28T01:14:07.617+0000] {taskinstance.py:1382} INFO - Executing <Task(PythonOperator): etl_user> on 2023-08-28 01:13:00+00:00
[2023-08-28T01:14:07.626+0000] {standard_task_runner.py:57} INFO - Started process 484720 to run task
[2023-08-28T01:14:07.661+0000] {standard_task_runner.py:84} INFO - Running: ['airflow', 'tasks', 'run', 'gaas_etl_1', 'etl_user', 'scheduled__2023-08-28T01:13:00+00:00', '--job-id', '8133', '--raw', '--subdir', 'DAGS_FOLDER/dag_etl.py', '--cfg-path', '/tmp/tmp2f_ndku_']
[2023-08-28T01:14:07.672+0000] {standard_task_runner.py:85} INFO - Job 8133: Subtask etl_user
[2023-08-28T01:14:08.691+0000] {task_command.py:415} INFO - Running <TaskInstance: gaas_etl_1.etl_user scheduled__2023-08-28T01:13:00+00:00 [running]> on host data-system.us-central1-a.c.data-system-392010.internal
[2023-08-28T01:14:09.214+0000] {taskinstance.py:1660} INFO - Exporting env vars: AIRFLOW_CTX_DAG_EMAIL='hungnm15012002@gmail.com' AIRFLOW_CTX_DAG_OWNER='hungnm' AIRFLOW_CTX_DAG_ID='gaas_etl_1' AIRFLOW_CTX_TASK_ID='etl_user' AIRFLOW_CTX_EXECUTION_DATE='2023-08-28T01:13:00+00:00' AIRFLOW_CTX_TRY_NUMBER='1' AIRFLOW_CTX_DAG_RUN_ID='scheduled__2023-08-28T01:13:00+00:00'
[2023-08-28T01:14:09.238+0000] {dag_etl.py:28} INFO - Extracting user...
[2023-08-28T01:14:09.557+0000] {extract.py:36} INFO - Request time: 0:00:00.318565
[2023-08-28T01:14:09.558+0000] {extract.py:45} ERROR - Server GAAS error: 502
[2023-08-28T01:14:09.567+0000] {dag_etl.py:31} INFO - Complete extract user: 0:00:00.328978
[2023-08-28T01:14:09.568+0000] {dag_etl.py:33} INFO - Extracting resource...
[2023-08-28T01:14:09.869+0000] {extract.py:36} INFO - Request time: 0:00:00.300273
[2023-08-28T01:14:09.869+0000] {extract.py:45} ERROR - Server GAAS error: 502
[2023-08-28T01:14:09.882+0000] {dag_etl.py:36} INFO - Complete extract resource: 0:00:00.314526
[2023-08-28T01:14:09.883+0000] {dag_etl.py:38} INFO - Transforming user...
[2023-08-28T01:14:09.887+0000] {dag_etl.py:107} ERROR - An Error Occur: 'int' object has no attribute 'merge'
[2023-08-28T01:14:09.887+0000] {python.py:194} INFO - Done. Returned value was: None
[2023-08-28T01:14:09.902+0000] {taskinstance.py:1400} INFO - Marking task as SUCCESS. dag_id=gaas_etl_1, task_id=etl_user, execution_date=20230828T011300, start_date=20230828T011407, end_date=20230828T011409
[2023-08-28T01:14:09.935+0000] {local_task_job_runner.py:228} INFO - Task exited with return code 0
[2023-08-28T01:14:09.962+0000] {taskinstance.py:2784} INFO - 0 downstream tasks scheduled from follow-on schedule check
