[2023-08-27T14:06:06.423+0000] {taskinstance.py:1159} INFO - Dependencies all met for dep_context=non-requeueable deps ti=<TaskInstance: gaas_etl_1.etl_user scheduled__2023-08-27T14:05:00+00:00 [queued]>
[2023-08-27T14:06:06.439+0000] {taskinstance.py:1159} INFO - Dependencies all met for dep_context=requeueable deps ti=<TaskInstance: gaas_etl_1.etl_user scheduled__2023-08-27T14:05:00+00:00 [queued]>
[2023-08-27T14:06:06.439+0000] {taskinstance.py:1361} INFO - Starting attempt 1 of 1
[2023-08-27T14:06:06.467+0000] {taskinstance.py:1382} INFO - Executing <Task(PythonOperator): etl_user> on 2023-08-27 14:05:00+00:00
[2023-08-27T14:06:06.475+0000] {standard_task_runner.py:57} INFO - Started process 414402 to run task
[2023-08-27T14:06:06.490+0000] {standard_task_runner.py:84} INFO - Running: ['airflow', 'tasks', 'run', 'gaas_etl_1', 'etl_user', 'scheduled__2023-08-27T14:05:00+00:00', '--job-id', '6128', '--raw', '--subdir', 'DAGS_FOLDER/dag_etl.py', '--cfg-path', '/tmp/tmp_ii815qh']
[2023-08-27T14:06:06.495+0000] {standard_task_runner.py:85} INFO - Job 6128: Subtask etl_user
[2023-08-27T14:06:07.390+0000] {task_command.py:415} INFO - Running <TaskInstance: gaas_etl_1.etl_user scheduled__2023-08-27T14:05:00+00:00 [running]> on host data-system.us-central1-a.c.data-system-392010.internal
[2023-08-27T14:06:07.880+0000] {taskinstance.py:1660} INFO - Exporting env vars: AIRFLOW_CTX_DAG_EMAIL='hungnm15012002@gmail.com' AIRFLOW_CTX_DAG_OWNER='hungnm' AIRFLOW_CTX_DAG_ID='gaas_etl_1' AIRFLOW_CTX_TASK_ID='etl_user' AIRFLOW_CTX_EXECUTION_DATE='2023-08-27T14:05:00+00:00' AIRFLOW_CTX_TRY_NUMBER='1' AIRFLOW_CTX_DAG_RUN_ID='scheduled__2023-08-27T14:05:00+00:00'
[2023-08-27T14:06:07.902+0000] {dag_etl.py:28} INFO - Extracting user...
[2023-08-27T14:06:16.680+0000] {extract.py:36} INFO - Request time: 0:00:08.777608
[2023-08-27T14:06:17.952+0000] {extract.py:42} INFO - Create DataFrame time: 0:00:01.270996
[2023-08-27T14:06:17.959+0000] {dag_etl.py:31} INFO - Complete extract user: 0:00:10.057151
[2023-08-27T14:06:17.960+0000] {dag_etl.py:33} INFO - Extracting resource...
[2023-08-27T14:06:23.720+0000] {extract.py:36} INFO - Request time: 0:00:05.759098
[2023-08-27T14:06:23.849+0000] {extract.py:42} INFO - Create DataFrame time: 0:00:00.128364
[2023-08-27T14:06:23.854+0000] {dag_etl.py:36} INFO - Complete extract resource: 0:00:05.894417
[2023-08-27T14:06:23.855+0000] {dag_etl.py:38} INFO - Transforming user...
[2023-08-27T14:06:24.214+0000] {dag_etl.py:42} INFO - Complete transform user: 0:00:00.360118
[2023-08-27T14:06:24.214+0000] {dag_etl.py:44} INFO - transform space_ships...
[2023-08-27T14:06:24.490+0000] {dag_etl.py:47} INFO - Complete transform space_ships: 0:00:00.276371
[2023-08-27T14:06:24.491+0000] {dag_etl.py:49} INFO - transform drones...
[2023-08-27T14:06:24.686+0000] {dag_etl.py:52} INFO - Complete transform drones: 0:00:00.195702
[2023-08-27T14:06:24.686+0000] {dag_etl.py:54} INFO - transform pilots...
[2023-08-27T14:06:24.794+0000] {dag_etl.py:57} INFO - Complete transform pilots: 0:00:00.108679
[2023-08-27T14:06:24.795+0000] {dag_etl.py:59} INFO - transform talents...
[2023-08-27T14:06:24.853+0000] {dag_etl.py:62} INFO - Complete transform talents: 0:00:00.058563
[2023-08-27T14:06:24.854+0000] {dag_etl.py:64} INFO - transform expert_items...
[2023-08-27T14:06:24.914+0000] {dag_etl.py:67} INFO - Complete transform expert_items: 0:00:00.060998
[2023-08-27T14:06:24.919+0000] {dag_etl.py:69} INFO - Loading user...
[2023-08-27T14:06:26.788+0000] {dag_etl.py:72} INFO - Complete load user: 0:00:01.873622
[2023-08-27T14:06:26.788+0000] {dag_etl.py:74} INFO - Loading space_ships...
[2023-08-27T14:06:30.181+0000] {dag_etl.py:77} INFO - Complete load space_ships: 0:00:03.393608
[2023-08-27T14:06:30.182+0000] {dag_etl.py:79} INFO - Loading drones...
[2023-08-27T14:06:32.644+0000] {dag_etl.py:82} INFO - Complete load drones: 0:00:02.463088
[2023-08-27T14:06:32.645+0000] {dag_etl.py:84} INFO - Loading pilots...
[2023-08-27T14:06:36.375+0000] {dag_etl.py:87} INFO - Complete load drones: 0:00:03.730892
[2023-08-27T14:06:36.376+0000] {dag_etl.py:89} INFO - Loading talents...
[2023-08-27T14:06:38.879+0000] {dag_etl.py:92} INFO - Complete load drones: 0:00:02.503413
[2023-08-27T14:06:38.879+0000] {dag_etl.py:94} INFO - Loading expert_items...
[2023-08-27T14:06:40.695+0000] {dag_etl.py:97} INFO - Complete load drones: 0:00:01.815971
[2023-08-27T14:06:40.695+0000] {dag_etl.py:99} INFO - Complete ETL Users in : 0:00:32.793239
[2023-08-27T14:06:40.724+0000] {python.py:194} INFO - Done. Returned value was: None
[2023-08-27T14:06:40.746+0000] {taskinstance.py:1400} INFO - Marking task as SUCCESS. dag_id=gaas_etl_1, task_id=etl_user, execution_date=20230827T140500, start_date=20230827T140606, end_date=20230827T140640
[2023-08-27T14:06:40.836+0000] {local_task_job_runner.py:228} INFO - Task exited with return code 0
[2023-08-27T14:06:40.869+0000] {taskinstance.py:2784} INFO - 0 downstream tasks scheduled from follow-on schedule check
