[2023-08-26T14:10:05.080+0000] {taskinstance.py:1159} INFO - Dependencies all met for dep_context=non-requeueable deps ti=<TaskInstance: gaas_etl_1.etl_user scheduled__2023-08-26T14:09:00+00:00 [queued]>
[2023-08-26T14:10:05.112+0000] {taskinstance.py:1159} INFO - Dependencies all met for dep_context=requeueable deps ti=<TaskInstance: gaas_etl_1.etl_user scheduled__2023-08-26T14:09:00+00:00 [queued]>
[2023-08-26T14:10:05.113+0000] {taskinstance.py:1361} INFO - Starting attempt 1 of 1
[2023-08-26T14:10:05.162+0000] {taskinstance.py:1382} INFO - Executing <Task(PythonOperator): etl_user> on 2023-08-26 14:09:00+00:00
[2023-08-26T14:10:05.180+0000] {standard_task_runner.py:57} INFO - Started process 315485 to run task
[2023-08-26T14:10:05.197+0000] {standard_task_runner.py:84} INFO - Running: ['airflow', 'tasks', 'run', 'gaas_etl_1', 'etl_user', 'scheduled__2023-08-26T14:09:00+00:00', '--job-id', '1820', '--raw', '--subdir', 'DAGS_FOLDER/dag_etl.py', '--cfg-path', '/tmp/tmpikdsaw36']
[2023-08-26T14:10:05.212+0000] {standard_task_runner.py:85} INFO - Job 1820: Subtask etl_user
[2023-08-26T14:10:05.606+0000] {task_command.py:415} INFO - Running <TaskInstance: gaas_etl_1.etl_user scheduled__2023-08-26T14:09:00+00:00 [running]> on host data-system.us-central1-a.c.data-system-392010.internal
[2023-08-26T14:10:05.921+0000] {taskinstance.py:1660} INFO - Exporting env vars: AIRFLOW_CTX_DAG_EMAIL='hungnm15012002@gmail.com' AIRFLOW_CTX_DAG_OWNER='hungnm' AIRFLOW_CTX_DAG_ID='gaas_etl_1' AIRFLOW_CTX_TASK_ID='etl_user' AIRFLOW_CTX_EXECUTION_DATE='2023-08-26T14:09:00+00:00' AIRFLOW_CTX_TRY_NUMBER='1' AIRFLOW_CTX_DAG_RUN_ID='scheduled__2023-08-26T14:09:00+00:00'
[2023-08-26T14:10:05.949+0000] {dag_etl.py:28} INFO - Extracting user...
[2023-08-26T14:10:11.348+0000] {extract.py:36} INFO - Request time: 0:00:05.399180
[2023-08-26T14:10:11.734+0000] {extract.py:42} INFO - Create DataFrame time: 0:00:00.385683
[2023-08-26T14:10:11.737+0000] {dag_etl.py:31} INFO - Complete extract user: 0:00:05.788877
[2023-08-26T14:10:11.738+0000] {dag_etl.py:33} INFO - Extracting resource...
[2023-08-26T14:10:13.623+0000] {extract.py:36} INFO - Request time: 0:00:01.884795
[2023-08-26T14:10:13.672+0000] {extract.py:42} INFO - Create DataFrame time: 0:00:00.048284
[2023-08-26T14:10:13.675+0000] {dag_etl.py:36} INFO - Complete extract resource: 0:00:01.937422
[2023-08-26T14:10:13.676+0000] {dag_etl.py:38} INFO - Transforming user...
[2023-08-26T14:10:13.863+0000] {dag_etl.py:42} INFO - Complete transform user: 0:00:00.188567
[2023-08-26T14:10:13.864+0000] {dag_etl.py:44} INFO - transform space_ships...
[2023-08-26T14:10:14.021+0000] {dag_etl.py:47} INFO - Complete transform space_ships: 0:00:00.157678
[2023-08-26T14:10:14.022+0000] {dag_etl.py:49} INFO - transform drones...
[2023-08-26T14:10:14.123+0000] {dag_etl.py:52} INFO - Complete transform drones: 0:00:00.102474
[2023-08-26T14:10:14.124+0000] {dag_etl.py:54} INFO - transform pilots...
[2023-08-26T14:10:14.236+0000] {dag_etl.py:57} INFO - Complete transform pilots: 0:00:00.112190
[2023-08-26T14:10:14.236+0000] {dag_etl.py:59} INFO - transform talents...
[2023-08-26T14:10:14.277+0000] {dag_etl.py:62} INFO - Complete transform talents: 0:00:00.041664
[2023-08-26T14:10:14.278+0000] {dag_etl.py:64} INFO - transform expert_items...
[2023-08-26T14:10:14.307+0000] {dag_etl.py:67} INFO - Complete transform expert_items: 0:00:00.030068
[2023-08-26T14:10:14.308+0000] {dag_etl.py:69} INFO - Loading user...
[2023-08-26T14:10:15.419+0000] {dag_etl.py:72} INFO - Complete load user: 0:00:01.111492
[2023-08-26T14:10:15.419+0000] {dag_etl.py:74} INFO - Loading space_ships...
[2023-08-26T14:10:16.876+0000] {dag_etl.py:77} INFO - Complete load space_ships: 0:00:01.457457
[2023-08-26T14:10:16.877+0000] {dag_etl.py:79} INFO - Loading drones...
[2023-08-26T14:10:18.646+0000] {dag_etl.py:82} INFO - Complete load drones: 0:00:01.770135
[2023-08-26T14:10:18.647+0000] {dag_etl.py:84} INFO - Loading pilots...
[2023-08-26T14:10:21.369+0000] {dag_etl.py:87} INFO - Complete load drones: 0:00:02.722968
[2023-08-26T14:10:21.370+0000] {dag_etl.py:89} INFO - Loading talents...
[2023-08-26T14:10:23.274+0000] {dag_etl.py:92} INFO - Complete load drones: 0:00:01.904136
[2023-08-26T14:10:23.274+0000] {dag_etl.py:94} INFO - Loading expert_items...
[2023-08-26T14:10:23.918+0000] {dag_etl.py:97} INFO - Complete load drones: 0:00:00.644356
[2023-08-26T14:10:23.919+0000] {dag_etl.py:99} INFO - Complete ETL Users in : 0:00:17.970227
[2023-08-26T14:10:23.940+0000] {python.py:194} INFO - Done. Returned value was: None
[2023-08-26T14:10:23.966+0000] {taskinstance.py:1400} INFO - Marking task as SUCCESS. dag_id=gaas_etl_1, task_id=etl_user, execution_date=20230826T140900, start_date=20230826T141005, end_date=20230826T141023
[2023-08-26T14:10:24.046+0000] {local_task_job_runner.py:228} INFO - Task exited with return code 0
[2023-08-26T14:10:24.086+0000] {taskinstance.py:2784} INFO - 0 downstream tasks scheduled from follow-on schedule check
