[2023-08-27T09:47:06.843+0000] {taskinstance.py:1159} INFO - Dependencies all met for dep_context=non-requeueable deps ti=<TaskInstance: gaas_etl_1.etl_user scheduled__2023-08-27T09:46:00+00:00 [queued]>
[2023-08-27T09:47:06.863+0000] {taskinstance.py:1159} INFO - Dependencies all met for dep_context=requeueable deps ti=<TaskInstance: gaas_etl_1.etl_user scheduled__2023-08-27T09:46:00+00:00 [queued]>
[2023-08-27T09:47:06.863+0000] {taskinstance.py:1361} INFO - Starting attempt 1 of 1
[2023-08-27T09:47:06.894+0000] {taskinstance.py:1382} INFO - Executing <Task(PythonOperator): etl_user> on 2023-08-27 09:46:00+00:00
[2023-08-27T09:47:06.903+0000] {standard_task_runner.py:57} INFO - Started process 381075 to run task
[2023-08-27T09:47:06.917+0000] {standard_task_runner.py:84} INFO - Running: ['airflow', 'tasks', 'run', 'gaas_etl_1', 'etl_user', 'scheduled__2023-08-27T09:46:00+00:00', '--job-id', '5350', '--raw', '--subdir', 'DAGS_FOLDER/dag_etl.py', '--cfg-path', '/tmp/tmpnbt7q0nv']
[2023-08-27T09:47:06.922+0000] {standard_task_runner.py:85} INFO - Job 5350: Subtask etl_user
[2023-08-27T09:47:07.739+0000] {task_command.py:415} INFO - Running <TaskInstance: gaas_etl_1.etl_user scheduled__2023-08-27T09:46:00+00:00 [running]> on host data-system.us-central1-a.c.data-system-392010.internal
[2023-08-27T09:47:08.232+0000] {taskinstance.py:1660} INFO - Exporting env vars: AIRFLOW_CTX_DAG_EMAIL='hungnm15012002@gmail.com' AIRFLOW_CTX_DAG_OWNER='hungnm' AIRFLOW_CTX_DAG_ID='gaas_etl_1' AIRFLOW_CTX_TASK_ID='etl_user' AIRFLOW_CTX_EXECUTION_DATE='2023-08-27T09:46:00+00:00' AIRFLOW_CTX_TRY_NUMBER='1' AIRFLOW_CTX_DAG_RUN_ID='scheduled__2023-08-27T09:46:00+00:00'
[2023-08-27T09:47:08.257+0000] {dag_etl.py:28} INFO - Extracting user...
[2023-08-27T09:47:22.483+0000] {extract.py:36} INFO - Request time: 0:00:14.224953
[2023-08-27T09:47:23.564+0000] {extract.py:42} INFO - Create DataFrame time: 0:00:01.080141
[2023-08-27T09:47:23.573+0000] {dag_etl.py:31} INFO - Complete extract user: 0:00:15.315514
[2023-08-27T09:47:23.574+0000] {dag_etl.py:33} INFO - Extracting resource...
[2023-08-27T09:47:29.074+0000] {extract.py:36} INFO - Request time: 0:00:05.500304
[2023-08-27T09:47:29.214+0000] {extract.py:42} INFO - Create DataFrame time: 0:00:00.139239
[2023-08-27T09:47:29.218+0000] {dag_etl.py:36} INFO - Complete extract resource: 0:00:05.644908
[2023-08-27T09:47:29.219+0000] {dag_etl.py:38} INFO - Transforming user...
[2023-08-27T09:47:29.737+0000] {dag_etl.py:42} INFO - Complete transform user: 0:00:00.519553
[2023-08-27T09:47:29.738+0000] {dag_etl.py:44} INFO - transform space_ships...
[2023-08-27T09:47:30.117+0000] {dag_etl.py:47} INFO - Complete transform space_ships: 0:00:00.379892
[2023-08-27T09:47:30.118+0000] {dag_etl.py:49} INFO - transform drones...
[2023-08-27T09:47:30.377+0000] {dag_etl.py:52} INFO - Complete transform drones: 0:00:00.260380
[2023-08-27T09:47:30.378+0000] {dag_etl.py:54} INFO - transform pilots...
[2023-08-27T09:47:30.570+0000] {dag_etl.py:57} INFO - Complete transform pilots: 0:00:00.192725
[2023-08-27T09:47:30.571+0000] {dag_etl.py:59} INFO - transform talents...
[2023-08-27T09:47:30.690+0000] {dag_etl.py:62} INFO - Complete transform talents: 0:00:00.119830
[2023-08-27T09:47:30.691+0000] {dag_etl.py:64} INFO - transform expert_items...
[2023-08-27T09:47:30.771+0000] {dag_etl.py:67} INFO - Complete transform expert_items: 0:00:00.081102
[2023-08-27T09:47:30.772+0000] {dag_etl.py:69} INFO - Loading user...
[2023-08-27T09:47:34.742+0000] {dag_etl.py:72} INFO - Complete load user: 0:00:03.971297
[2023-08-27T09:47:34.743+0000] {dag_etl.py:74} INFO - Loading space_ships...
[2023-08-27T09:47:39.116+0000] {dag_etl.py:77} INFO - Complete load space_ships: 0:00:04.374164
[2023-08-27T09:47:39.117+0000] {dag_etl.py:79} INFO - Loading drones...
[2023-08-27T09:47:42.093+0000] {dag_etl.py:82} INFO - Complete load drones: 0:00:02.976524
[2023-08-27T09:47:42.094+0000] {dag_etl.py:84} INFO - Loading pilots...
[2023-08-27T09:47:45.884+0000] {dag_etl.py:87} INFO - Complete load drones: 0:00:03.790500
[2023-08-27T09:47:45.884+0000] {dag_etl.py:89} INFO - Loading talents...
[2023-08-27T09:47:48.818+0000] {dag_etl.py:92} INFO - Complete load drones: 0:00:02.934943
[2023-08-27T09:47:48.819+0000] {dag_etl.py:94} INFO - Loading expert_items...
[2023-08-27T09:47:50.645+0000] {dag_etl.py:97} INFO - Complete load drones: 0:00:01.826647
[2023-08-27T09:47:50.647+0000] {dag_etl.py:99} INFO - Complete ETL Users in : 0:00:42.390053
[2023-08-27T09:47:50.686+0000] {python.py:194} INFO - Done. Returned value was: None
[2023-08-27T09:47:50.702+0000] {taskinstance.py:1400} INFO - Marking task as SUCCESS. dag_id=gaas_etl_1, task_id=etl_user, execution_date=20230827T094600, start_date=20230827T094706, end_date=20230827T094750
[2023-08-27T09:47:50.766+0000] {local_task_job_runner.py:228} INFO - Task exited with return code 0
[2023-08-27T09:47:50.788+0000] {taskinstance.py:2784} INFO - 0 downstream tasks scheduled from follow-on schedule check
