[2023-08-27T23:13:08.027+0000] {taskinstance.py:1159} INFO - Dependencies all met for dep_context=non-requeueable deps ti=<TaskInstance: gaas_etl_1.etl_user scheduled__2023-08-27T23:12:00+00:00 [queued]>
[2023-08-27T23:13:08.042+0000] {taskinstance.py:1159} INFO - Dependencies all met for dep_context=requeueable deps ti=<TaskInstance: gaas_etl_1.etl_user scheduled__2023-08-27T23:12:00+00:00 [queued]>
[2023-08-27T23:13:08.043+0000] {taskinstance.py:1361} INFO - Starting attempt 1 of 1
[2023-08-27T23:13:08.070+0000] {taskinstance.py:1382} INFO - Executing <Task(PythonOperator): etl_user> on 2023-08-27 23:12:00+00:00
[2023-08-27T23:13:08.080+0000] {standard_task_runner.py:57} INFO - Started process 472022 to run task
[2023-08-27T23:13:08.102+0000] {standard_task_runner.py:84} INFO - Running: ['airflow', 'tasks', 'run', 'gaas_etl_1', 'etl_user', 'scheduled__2023-08-27T23:12:00+00:00', '--job-id', '7769', '--raw', '--subdir', 'DAGS_FOLDER/dag_etl.py', '--cfg-path', '/tmp/tmpz66ngq9i']
[2023-08-27T23:13:08.108+0000] {standard_task_runner.py:85} INFO - Job 7769: Subtask etl_user
[2023-08-27T23:13:09.091+0000] {task_command.py:415} INFO - Running <TaskInstance: gaas_etl_1.etl_user scheduled__2023-08-27T23:12:00+00:00 [running]> on host data-system.us-central1-a.c.data-system-392010.internal
[2023-08-27T23:13:09.683+0000] {taskinstance.py:1660} INFO - Exporting env vars: AIRFLOW_CTX_DAG_EMAIL='hungnm15012002@gmail.com' AIRFLOW_CTX_DAG_OWNER='hungnm' AIRFLOW_CTX_DAG_ID='gaas_etl_1' AIRFLOW_CTX_TASK_ID='etl_user' AIRFLOW_CTX_EXECUTION_DATE='2023-08-27T23:12:00+00:00' AIRFLOW_CTX_TRY_NUMBER='1' AIRFLOW_CTX_DAG_RUN_ID='scheduled__2023-08-27T23:12:00+00:00'
[2023-08-27T23:13:09.701+0000] {dag_etl.py:28} INFO - Extracting user...
[2023-08-27T23:13:13.525+0000] {extract.py:36} INFO - Request time: 0:00:03.822988
[2023-08-27T23:13:13.820+0000] {extract.py:42} INFO - Create DataFrame time: 0:00:00.294154
[2023-08-27T23:13:13.823+0000] {dag_etl.py:31} INFO - Complete extract user: 0:00:04.121310
[2023-08-27T23:13:13.823+0000] {dag_etl.py:33} INFO - Extracting resource...
[2023-08-27T23:13:15.323+0000] {extract.py:36} INFO - Request time: 0:00:01.500065
[2023-08-27T23:13:15.354+0000] {extract.py:42} INFO - Create DataFrame time: 0:00:00.029557
[2023-08-27T23:13:15.356+0000] {dag_etl.py:36} INFO - Complete extract resource: 0:00:01.533784
[2023-08-27T23:13:15.357+0000] {dag_etl.py:38} INFO - Transforming user...
[2023-08-27T23:13:15.465+0000] {dag_etl.py:42} INFO - Complete transform user: 0:00:00.109117
[2023-08-27T23:13:15.466+0000] {dag_etl.py:44} INFO - transform space_ships...
[2023-08-27T23:13:15.583+0000] {dag_etl.py:47} INFO - Complete transform space_ships: 0:00:00.117435
[2023-08-27T23:13:15.583+0000] {dag_etl.py:49} INFO - transform drones...
[2023-08-27T23:13:15.694+0000] {dag_etl.py:52} INFO - Complete transform drones: 0:00:00.111429
[2023-08-27T23:13:15.695+0000] {dag_etl.py:54} INFO - transform pilots...
[2023-08-27T23:13:15.781+0000] {dag_etl.py:57} INFO - Complete transform pilots: 0:00:00.077805
[2023-08-27T23:13:15.781+0000] {dag_etl.py:59} INFO - transform talents...
[2023-08-27T23:13:15.842+0000] {dag_etl.py:62} INFO - Complete transform talents: 0:00:00.070276
[2023-08-27T23:13:15.843+0000] {dag_etl.py:64} INFO - transform expert_items...
[2023-08-27T23:13:15.908+0000] {dag_etl.py:67} INFO - Complete transform expert_items: 0:00:00.065891
[2023-08-27T23:13:15.909+0000] {dag_etl.py:69} INFO - Loading user...
[2023-08-27T23:13:16.866+0000] {dag_etl.py:72} INFO - Complete load user: 0:00:00.957807
[2023-08-27T23:13:16.867+0000] {dag_etl.py:74} INFO - Loading space_ships...
[2023-08-27T23:13:18.115+0000] {dag_etl.py:77} INFO - Complete load space_ships: 0:00:01.248844
[2023-08-27T23:13:18.116+0000] {dag_etl.py:79} INFO - Loading drones...
[2023-08-27T23:13:19.120+0000] {dag_etl.py:82} INFO - Complete load drones: 0:00:01.005041
[2023-08-27T23:13:19.121+0000] {dag_etl.py:84} INFO - Loading pilots...
[2023-08-27T23:13:20.822+0000] {dag_etl.py:87} INFO - Complete load drones: 0:00:01.702147
[2023-08-27T23:13:20.823+0000] {dag_etl.py:89} INFO - Loading talents...
[2023-08-27T23:13:21.626+0000] {dag_etl.py:92} INFO - Complete load drones: 0:00:00.803994
[2023-08-27T23:13:21.627+0000] {dag_etl.py:94} INFO - Loading expert_items...
[2023-08-27T23:13:22.234+0000] {dag_etl.py:97} INFO - Complete load drones: 0:00:00.607214
[2023-08-27T23:13:22.234+0000] {dag_etl.py:99} INFO - Complete ETL Users in : 0:00:12.533074
[2023-08-27T23:13:22.250+0000] {python.py:194} INFO - Done. Returned value was: None
[2023-08-27T23:13:22.270+0000] {taskinstance.py:1400} INFO - Marking task as SUCCESS. dag_id=gaas_etl_1, task_id=etl_user, execution_date=20230827T231200, start_date=20230827T231308, end_date=20230827T231322
[2023-08-27T23:13:22.365+0000] {local_task_job_runner.py:228} INFO - Task exited with return code 0
[2023-08-27T23:13:22.418+0000] {taskinstance.py:2784} INFO - 0 downstream tasks scheduled from follow-on schedule check
