[2023-08-27T16:19:06.392+0000] {taskinstance.py:1159} INFO - Dependencies all met for dep_context=non-requeueable deps ti=<TaskInstance: gaas_etl_1.etl_user scheduled__2023-08-27T16:18:00+00:00 [queued]>
[2023-08-27T16:19:06.409+0000] {taskinstance.py:1159} INFO - Dependencies all met for dep_context=requeueable deps ti=<TaskInstance: gaas_etl_1.etl_user scheduled__2023-08-27T16:18:00+00:00 [queued]>
[2023-08-27T16:19:06.410+0000] {taskinstance.py:1361} INFO - Starting attempt 1 of 1
[2023-08-27T16:19:06.446+0000] {taskinstance.py:1382} INFO - Executing <Task(PythonOperator): etl_user> on 2023-08-27 16:18:00+00:00
[2023-08-27T16:19:06.459+0000] {standard_task_runner.py:57} INFO - Started process 428459 to run task
[2023-08-27T16:19:06.467+0000] {standard_task_runner.py:84} INFO - Running: ['airflow', 'tasks', 'run', 'gaas_etl_1', 'etl_user', 'scheduled__2023-08-27T16:18:00+00:00', '--job-id', '6528', '--raw', '--subdir', 'DAGS_FOLDER/dag_etl.py', '--cfg-path', '/tmp/tmpdk_wuq6u']
[2023-08-27T16:19:06.475+0000] {standard_task_runner.py:85} INFO - Job 6528: Subtask etl_user
[2023-08-27T16:19:07.246+0000] {task_command.py:415} INFO - Running <TaskInstance: gaas_etl_1.etl_user scheduled__2023-08-27T16:18:00+00:00 [running]> on host data-system.us-central1-a.c.data-system-392010.internal
[2023-08-27T16:19:07.985+0000] {taskinstance.py:1660} INFO - Exporting env vars: AIRFLOW_CTX_DAG_EMAIL='hungnm15012002@gmail.com' AIRFLOW_CTX_DAG_OWNER='hungnm' AIRFLOW_CTX_DAG_ID='gaas_etl_1' AIRFLOW_CTX_TASK_ID='etl_user' AIRFLOW_CTX_EXECUTION_DATE='2023-08-27T16:18:00+00:00' AIRFLOW_CTX_TRY_NUMBER='1' AIRFLOW_CTX_DAG_RUN_ID='scheduled__2023-08-27T16:18:00+00:00'
[2023-08-27T16:19:08.007+0000] {dag_etl.py:28} INFO - Extracting user...
[2023-08-27T16:19:22.169+0000] {extract.py:36} INFO - Request time: 0:00:14.161246
[2023-08-27T16:19:22.634+0000] {extract.py:42} INFO - Create DataFrame time: 0:00:00.464406
[2023-08-27T16:19:22.638+0000] {dag_etl.py:31} INFO - Complete extract user: 0:00:14.630736
[2023-08-27T16:19:22.639+0000] {dag_etl.py:33} INFO - Extracting resource...
[2023-08-27T16:19:34.554+0000] {extract.py:36} INFO - Request time: 0:00:11.914230
[2023-08-27T16:19:34.634+0000] {extract.py:42} INFO - Create DataFrame time: 0:00:00.079163
[2023-08-27T16:19:34.637+0000] {dag_etl.py:36} INFO - Complete extract resource: 0:00:11.999050
[2023-08-27T16:19:34.639+0000] {dag_etl.py:38} INFO - Transforming user...
[2023-08-27T16:19:34.893+0000] {dag_etl.py:42} INFO - Complete transform user: 0:00:00.256208
[2023-08-27T16:19:34.894+0000] {dag_etl.py:44} INFO - transform space_ships...
[2023-08-27T16:19:35.016+0000] {dag_etl.py:47} INFO - Complete transform space_ships: 0:00:00.122840
[2023-08-27T16:19:35.017+0000] {dag_etl.py:49} INFO - transform drones...
[2023-08-27T16:19:35.102+0000] {dag_etl.py:52} INFO - Complete transform drones: 0:00:00.086110
[2023-08-27T16:19:35.103+0000] {dag_etl.py:54} INFO - transform pilots...
[2023-08-27T16:19:35.166+0000] {dag_etl.py:57} INFO - Complete transform pilots: 0:00:00.063558
[2023-08-27T16:19:35.166+0000] {dag_etl.py:59} INFO - transform talents...
[2023-08-27T16:19:35.195+0000] {dag_etl.py:62} INFO - Complete transform talents: 0:00:00.028859
[2023-08-27T16:19:35.195+0000] {dag_etl.py:64} INFO - transform expert_items...
[2023-08-27T16:19:35.221+0000] {dag_etl.py:67} INFO - Complete transform expert_items: 0:00:00.026181
[2023-08-27T16:19:35.221+0000] {dag_etl.py:69} INFO - Loading user...
[2023-08-27T16:19:36.664+0000] {dag_etl.py:72} INFO - Complete load user: 0:00:01.443390
[2023-08-27T16:19:36.665+0000] {dag_etl.py:74} INFO - Loading space_ships...
[2023-08-27T16:19:38.517+0000] {dag_etl.py:77} INFO - Complete load space_ships: 0:00:01.852459
[2023-08-27T16:19:38.517+0000] {dag_etl.py:79} INFO - Loading drones...
[2023-08-27T16:19:40.336+0000] {dag_etl.py:82} INFO - Complete load drones: 0:00:01.819504
[2023-08-27T16:19:40.337+0000] {dag_etl.py:84} INFO - Loading pilots...
[2023-08-27T16:19:42.634+0000] {dag_etl.py:87} INFO - Complete load drones: 0:00:02.297226
[2023-08-27T16:19:42.634+0000] {dag_etl.py:89} INFO - Loading talents...
[2023-08-27T16:19:44.053+0000] {dag_etl.py:92} INFO - Complete load drones: 0:00:01.419617
[2023-08-27T16:19:44.054+0000] {dag_etl.py:94} INFO - Loading expert_items...
[2023-08-27T16:19:45.077+0000] {dag_etl.py:97} INFO - Complete load drones: 0:00:01.024035
[2023-08-27T16:19:45.078+0000] {dag_etl.py:99} INFO - Complete ETL Users in : 0:00:37.070302
[2023-08-27T16:19:45.099+0000] {python.py:194} INFO - Done. Returned value was: None
[2023-08-27T16:19:45.114+0000] {taskinstance.py:1400} INFO - Marking task as SUCCESS. dag_id=gaas_etl_1, task_id=etl_user, execution_date=20230827T161800, start_date=20230827T161906, end_date=20230827T161945
[2023-08-27T16:19:45.188+0000] {local_task_job_runner.py:228} INFO - Task exited with return code 0
[2023-08-27T16:19:45.208+0000] {taskinstance.py:2784} INFO - 0 downstream tasks scheduled from follow-on schedule check
