[2023-08-28T00:23:07.085+0000] {taskinstance.py:1159} INFO - Dependencies all met for dep_context=non-requeueable deps ti=<TaskInstance: gaas_etl_1.etl_user scheduled__2023-08-28T00:22:00+00:00 [queued]>
[2023-08-28T00:23:07.101+0000] {taskinstance.py:1159} INFO - Dependencies all met for dep_context=requeueable deps ti=<TaskInstance: gaas_etl_1.etl_user scheduled__2023-08-28T00:22:00+00:00 [queued]>
[2023-08-28T00:23:07.101+0000] {taskinstance.py:1361} INFO - Starting attempt 1 of 1
[2023-08-28T00:23:07.129+0000] {taskinstance.py:1382} INFO - Executing <Task(PythonOperator): etl_user> on 2023-08-28 00:22:00+00:00
[2023-08-28T00:23:07.139+0000] {standard_task_runner.py:57} INFO - Started process 479335 to run task
[2023-08-28T00:23:07.152+0000] {standard_task_runner.py:84} INFO - Running: ['airflow', 'tasks', 'run', 'gaas_etl_1', 'etl_user', 'scheduled__2023-08-28T00:22:00+00:00', '--job-id', '7979', '--raw', '--subdir', 'DAGS_FOLDER/dag_etl.py', '--cfg-path', '/tmp/tmpd1u3smjx']
[2023-08-28T00:23:07.165+0000] {standard_task_runner.py:85} INFO - Job 7979: Subtask etl_user
[2023-08-28T00:23:08.111+0000] {task_command.py:415} INFO - Running <TaskInstance: gaas_etl_1.etl_user scheduled__2023-08-28T00:22:00+00:00 [running]> on host data-system.us-central1-a.c.data-system-392010.internal
[2023-08-28T00:23:08.671+0000] {taskinstance.py:1660} INFO - Exporting env vars: AIRFLOW_CTX_DAG_EMAIL='hungnm15012002@gmail.com' AIRFLOW_CTX_DAG_OWNER='hungnm' AIRFLOW_CTX_DAG_ID='gaas_etl_1' AIRFLOW_CTX_TASK_ID='etl_user' AIRFLOW_CTX_EXECUTION_DATE='2023-08-28T00:22:00+00:00' AIRFLOW_CTX_TRY_NUMBER='1' AIRFLOW_CTX_DAG_RUN_ID='scheduled__2023-08-28T00:22:00+00:00'
[2023-08-28T00:23:08.696+0000] {dag_etl.py:28} INFO - Extracting user...
[2023-08-28T00:23:13.624+0000] {extract.py:36} INFO - Request time: 0:00:04.928065
[2023-08-28T00:23:14.166+0000] {extract.py:42} INFO - Create DataFrame time: 0:00:00.540717
[2023-08-28T00:23:14.171+0000] {dag_etl.py:31} INFO - Complete extract user: 0:00:05.475661
[2023-08-28T00:23:14.172+0000] {dag_etl.py:33} INFO - Extracting resource...
[2023-08-28T00:23:17.252+0000] {extract.py:36} INFO - Request time: 0:00:03.080018
[2023-08-28T00:23:17.443+0000] {extract.py:42} INFO - Create DataFrame time: 0:00:00.190062
[2023-08-28T00:23:17.451+0000] {dag_etl.py:36} INFO - Complete extract resource: 0:00:03.280091
[2023-08-28T00:23:17.453+0000] {dag_etl.py:38} INFO - Transforming user...
[2023-08-28T00:23:17.799+0000] {dag_etl.py:42} INFO - Complete transform user: 0:00:00.347683
[2023-08-28T00:23:17.799+0000] {dag_etl.py:44} INFO - transform space_ships...
[2023-08-28T00:23:18.147+0000] {dag_etl.py:47} INFO - Complete transform space_ships: 0:00:00.343181
[2023-08-28T00:23:18.148+0000] {dag_etl.py:49} INFO - transform drones...
[2023-08-28T00:23:18.610+0000] {dag_etl.py:52} INFO - Complete transform drones: 0:00:00.463908
[2023-08-28T00:23:18.611+0000] {dag_etl.py:54} INFO - transform pilots...
[2023-08-28T00:23:18.820+0000] {dag_etl.py:57} INFO - Complete transform pilots: 0:00:00.214115
[2023-08-28T00:23:18.821+0000] {dag_etl.py:59} INFO - transform talents...
[2023-08-28T00:23:18.875+0000] {dag_etl.py:62} INFO - Complete transform talents: 0:00:00.054741
[2023-08-28T00:23:18.875+0000] {dag_etl.py:64} INFO - transform expert_items...
[2023-08-28T00:23:18.992+0000] {dag_etl.py:67} INFO - Complete transform expert_items: 0:00:00.116702
[2023-08-28T00:23:18.992+0000] {dag_etl.py:69} INFO - Loading user...
[2023-08-28T00:23:20.624+0000] {dag_etl.py:72} INFO - Complete load user: 0:00:01.632050
[2023-08-28T00:23:20.624+0000] {dag_etl.py:74} INFO - Loading space_ships...
[2023-08-28T00:23:22.732+0000] {dag_etl.py:77} INFO - Complete load space_ships: 0:00:02.108316
[2023-08-28T00:23:22.733+0000] {dag_etl.py:79} INFO - Loading drones...
[2023-08-28T00:23:24.321+0000] {dag_etl.py:82} INFO - Complete load drones: 0:00:01.588761
[2023-08-28T00:23:24.321+0000] {dag_etl.py:84} INFO - Loading pilots...
[2023-08-28T00:23:26.994+0000] {dag_etl.py:87} INFO - Complete load drones: 0:00:02.673413
[2023-08-28T00:23:26.995+0000] {dag_etl.py:89} INFO - Loading talents...
[2023-08-28T00:23:28.582+0000] {dag_etl.py:92} INFO - Complete load drones: 0:00:01.588173
[2023-08-28T00:23:28.583+0000] {dag_etl.py:94} INFO - Loading expert_items...
[2023-08-28T00:23:29.690+0000] {dag_etl.py:97} INFO - Complete load drones: 0:00:01.107303
[2023-08-28T00:23:29.690+0000] {dag_etl.py:99} INFO - Complete ETL Users in : 0:00:20.994743
[2023-08-28T00:23:29.743+0000] {python.py:194} INFO - Done. Returned value was: None
[2023-08-28T00:23:29.767+0000] {taskinstance.py:1400} INFO - Marking task as SUCCESS. dag_id=gaas_etl_1, task_id=etl_user, execution_date=20230828T002200, start_date=20230828T002307, end_date=20230828T002329
[2023-08-28T00:23:29.877+0000] {local_task_job_runner.py:228} INFO - Task exited with return code 0
[2023-08-28T00:23:29.903+0000] {taskinstance.py:2784} INFO - 0 downstream tasks scheduled from follow-on schedule check
