[2023-08-26T14:29:03.995+0000] {taskinstance.py:1159} INFO - Dependencies all met for dep_context=non-requeueable deps ti=<TaskInstance: gaas_etl_1.etl_user scheduled__2023-08-26T14:28:00+00:00 [queued]>
[2023-08-26T14:29:04.016+0000] {taskinstance.py:1159} INFO - Dependencies all met for dep_context=requeueable deps ti=<TaskInstance: gaas_etl_1.etl_user scheduled__2023-08-26T14:28:00+00:00 [queued]>
[2023-08-26T14:29:04.016+0000] {taskinstance.py:1361} INFO - Starting attempt 1 of 1
[2023-08-26T14:29:04.046+0000] {taskinstance.py:1382} INFO - Executing <Task(PythonOperator): etl_user> on 2023-08-26 14:28:00+00:00
[2023-08-26T14:29:04.055+0000] {standard_task_runner.py:57} INFO - Started process 316232 to run task
[2023-08-26T14:29:04.070+0000] {standard_task_runner.py:84} INFO - Running: ['airflow', 'tasks', 'run', 'gaas_etl_1', 'etl_user', 'scheduled__2023-08-26T14:28:00+00:00', '--job-id', '1877', '--raw', '--subdir', 'DAGS_FOLDER/dag_etl.py', '--cfg-path', '/tmp/tmpi74yp22a']
[2023-08-26T14:29:04.075+0000] {standard_task_runner.py:85} INFO - Job 1877: Subtask etl_user
[2023-08-26T14:29:04.267+0000] {task_command.py:415} INFO - Running <TaskInstance: gaas_etl_1.etl_user scheduled__2023-08-26T14:28:00+00:00 [running]> on host data-system.us-central1-a.c.data-system-392010.internal
[2023-08-26T14:29:04.548+0000] {taskinstance.py:1660} INFO - Exporting env vars: AIRFLOW_CTX_DAG_EMAIL='hungnm15012002@gmail.com' AIRFLOW_CTX_DAG_OWNER='hungnm' AIRFLOW_CTX_DAG_ID='gaas_etl_1' AIRFLOW_CTX_TASK_ID='etl_user' AIRFLOW_CTX_EXECUTION_DATE='2023-08-26T14:28:00+00:00' AIRFLOW_CTX_TRY_NUMBER='1' AIRFLOW_CTX_DAG_RUN_ID='scheduled__2023-08-26T14:28:00+00:00'
[2023-08-26T14:29:04.568+0000] {dag_etl.py:28} INFO - Extracting user...
[2023-08-26T14:29:11.269+0000] {extract.py:36} INFO - Request time: 0:00:06.701087
[2023-08-26T14:29:12.188+0000] {extract.py:42} INFO - Create DataFrame time: 0:00:00.917897
[2023-08-26T14:29:12.194+0000] {dag_etl.py:31} INFO - Complete extract user: 0:00:07.625994
[2023-08-26T14:29:12.195+0000] {dag_etl.py:33} INFO - Extracting resource...
[2023-08-26T14:29:14.616+0000] {extract.py:36} INFO - Request time: 0:00:02.420097
[2023-08-26T14:29:14.780+0000] {extract.py:42} INFO - Create DataFrame time: 0:00:00.163599
[2023-08-26T14:29:14.788+0000] {dag_etl.py:36} INFO - Complete extract resource: 0:00:02.594144
[2023-08-26T14:29:14.789+0000] {dag_etl.py:38} INFO - Transforming user...
[2023-08-26T14:29:15.133+0000] {dag_etl.py:42} INFO - Complete transform user: 0:00:00.344824
[2023-08-26T14:29:15.133+0000] {dag_etl.py:44} INFO - transform space_ships...
[2023-08-26T14:29:15.397+0000] {dag_etl.py:47} INFO - Complete transform space_ships: 0:00:00.264544
[2023-08-26T14:29:15.405+0000] {dag_etl.py:49} INFO - transform drones...
[2023-08-26T14:29:15.643+0000] {dag_etl.py:52} INFO - Complete transform drones: 0:00:00.245604
[2023-08-26T14:29:15.644+0000] {dag_etl.py:54} INFO - transform pilots...
[2023-08-26T14:29:15.762+0000] {dag_etl.py:57} INFO - Complete transform pilots: 0:00:00.119081
[2023-08-26T14:29:15.763+0000] {dag_etl.py:59} INFO - transform talents...
[2023-08-26T14:29:15.823+0000] {dag_etl.py:62} INFO - Complete transform talents: 0:00:00.061305
[2023-08-26T14:29:15.824+0000] {dag_etl.py:64} INFO - transform expert_items...
[2023-08-26T14:29:15.876+0000] {dag_etl.py:67} INFO - Complete transform expert_items: 0:00:00.053110
[2023-08-26T14:29:15.877+0000] {dag_etl.py:69} INFO - Loading user...
[2023-08-26T14:29:17.729+0000] {dag_etl.py:72} INFO - Complete load user: 0:00:01.852349
[2023-08-26T14:29:17.729+0000] {dag_etl.py:74} INFO - Loading space_ships...
[2023-08-26T14:29:21.084+0000] {dag_etl.py:77} INFO - Complete load space_ships: 0:00:03.355077
[2023-08-26T14:29:21.084+0000] {dag_etl.py:79} INFO - Loading drones...
[2023-08-26T14:29:23.992+0000] {dag_etl.py:82} INFO - Complete load drones: 0:00:02.907881
[2023-08-26T14:29:23.995+0000] {dag_etl.py:84} INFO - Loading pilots...
[2023-08-26T14:29:28.900+0000] {dag_etl.py:87} INFO - Complete load drones: 0:00:04.907817
[2023-08-26T14:29:28.900+0000] {dag_etl.py:89} INFO - Loading talents...
[2023-08-26T14:29:31.453+0000] {dag_etl.py:92} INFO - Complete load drones: 0:00:02.553275
[2023-08-26T14:29:31.453+0000] {dag_etl.py:94} INFO - Loading expert_items...
[2023-08-26T14:29:33.539+0000] {dag_etl.py:97} INFO - Complete load drones: 0:00:02.086145
[2023-08-26T14:29:33.539+0000] {dag_etl.py:99} INFO - Complete ETL Users in : 0:00:28.971729
[2023-08-26T14:29:33.579+0000] {python.py:194} INFO - Done. Returned value was: None
[2023-08-26T14:29:33.599+0000] {taskinstance.py:1400} INFO - Marking task as SUCCESS. dag_id=gaas_etl_1, task_id=etl_user, execution_date=20230826T142800, start_date=20230826T142903, end_date=20230826T142933
[2023-08-26T14:29:33.690+0000] {local_task_job_runner.py:228} INFO - Task exited with return code 0
[2023-08-26T14:29:33.720+0000] {taskinstance.py:2784} INFO - 0 downstream tasks scheduled from follow-on schedule check
