[2023-08-27T01:30:04.798+0000] {taskinstance.py:1159} INFO - Dependencies all met for dep_context=non-requeueable deps ti=<TaskInstance: gaas_etl_1.etl_user scheduled__2023-08-27T01:29:00+00:00 [queued]>
[2023-08-27T01:30:04.814+0000] {taskinstance.py:1159} INFO - Dependencies all met for dep_context=requeueable deps ti=<TaskInstance: gaas_etl_1.etl_user scheduled__2023-08-27T01:29:00+00:00 [queued]>
[2023-08-27T01:30:04.815+0000] {taskinstance.py:1361} INFO - Starting attempt 1 of 1
[2023-08-27T01:30:04.844+0000] {taskinstance.py:1382} INFO - Executing <Task(PythonOperator): etl_user> on 2023-08-27 01:29:00+00:00
[2023-08-27T01:30:04.854+0000] {standard_task_runner.py:57} INFO - Started process 342463 to run task
[2023-08-27T01:30:04.871+0000] {standard_task_runner.py:84} INFO - Running: ['airflow', 'tasks', 'run', 'gaas_etl_1', 'etl_user', 'scheduled__2023-08-27T01:29:00+00:00', '--job-id', '3859', '--raw', '--subdir', 'DAGS_FOLDER/dag_etl.py', '--cfg-path', '/tmp/tmpvn9e0pa1']
[2023-08-27T01:30:04.877+0000] {standard_task_runner.py:85} INFO - Job 3859: Subtask etl_user
[2023-08-27T01:30:05.215+0000] {task_command.py:415} INFO - Running <TaskInstance: gaas_etl_1.etl_user scheduled__2023-08-27T01:29:00+00:00 [running]> on host data-system.us-central1-a.c.data-system-392010.internal
[2023-08-27T01:30:05.576+0000] {taskinstance.py:1660} INFO - Exporting env vars: AIRFLOW_CTX_DAG_EMAIL='hungnm15012002@gmail.com' AIRFLOW_CTX_DAG_OWNER='hungnm' AIRFLOW_CTX_DAG_ID='gaas_etl_1' AIRFLOW_CTX_TASK_ID='etl_user' AIRFLOW_CTX_EXECUTION_DATE='2023-08-27T01:29:00+00:00' AIRFLOW_CTX_TRY_NUMBER='1' AIRFLOW_CTX_DAG_RUN_ID='scheduled__2023-08-27T01:29:00+00:00'
[2023-08-27T01:30:05.599+0000] {dag_etl.py:28} INFO - Extracting user...
[2023-08-27T01:30:13.705+0000] {extract.py:36} INFO - Request time: 0:00:08.105058
[2023-08-27T01:30:14.224+0000] {extract.py:42} INFO - Create DataFrame time: 0:00:00.518691
[2023-08-27T01:30:14.228+0000] {dag_etl.py:31} INFO - Complete extract user: 0:00:08.629130
[2023-08-27T01:30:14.230+0000] {dag_etl.py:33} INFO - Extracting resource...
[2023-08-27T01:30:20.545+0000] {extract.py:36} INFO - Request time: 0:00:06.315369
[2023-08-27T01:30:20.606+0000] {extract.py:42} INFO - Create DataFrame time: 0:00:00.059894
[2023-08-27T01:30:20.609+0000] {dag_etl.py:36} INFO - Complete extract resource: 0:00:06.380980
[2023-08-27T01:30:20.611+0000] {dag_etl.py:38} INFO - Transforming user...
[2023-08-27T01:30:20.893+0000] {dag_etl.py:42} INFO - Complete transform user: 0:00:00.283588
[2023-08-27T01:30:20.894+0000] {dag_etl.py:44} INFO - transform space_ships...
[2023-08-27T01:30:21.053+0000] {dag_etl.py:47} INFO - Complete transform space_ships: 0:00:00.159975
[2023-08-27T01:30:21.054+0000] {dag_etl.py:49} INFO - transform drones...
[2023-08-27T01:30:21.171+0000] {dag_etl.py:52} INFO - Complete transform drones: 0:00:00.117713
[2023-08-27T01:30:21.171+0000] {dag_etl.py:54} INFO - transform pilots...
[2023-08-27T01:30:21.257+0000] {dag_etl.py:57} INFO - Complete transform pilots: 0:00:00.086758
[2023-08-27T01:30:21.258+0000] {dag_etl.py:59} INFO - transform talents...
[2023-08-27T01:30:21.298+0000] {dag_etl.py:62} INFO - Complete transform talents: 0:00:00.040932
[2023-08-27T01:30:21.299+0000] {dag_etl.py:64} INFO - transform expert_items...
[2023-08-27T01:30:21.337+0000] {dag_etl.py:67} INFO - Complete transform expert_items: 0:00:00.038112
[2023-08-27T01:30:21.337+0000] {dag_etl.py:69} INFO - Loading user...
[2023-08-27T01:30:22.754+0000] {dag_etl.py:72} INFO - Complete load user: 0:00:01.416975
[2023-08-27T01:30:22.754+0000] {dag_etl.py:74} INFO - Loading space_ships...
[2023-08-27T01:30:24.501+0000] {dag_etl.py:77} INFO - Complete load space_ships: 0:00:01.747277
[2023-08-27T01:30:24.501+0000] {dag_etl.py:79} INFO - Loading drones...
[2023-08-27T01:30:26.475+0000] {dag_etl.py:82} INFO - Complete load drones: 0:00:01.974235
[2023-08-27T01:30:26.476+0000] {dag_etl.py:84} INFO - Loading pilots...
[2023-08-27T01:30:29.535+0000] {dag_etl.py:87} INFO - Complete load drones: 0:00:03.059893
[2023-08-27T01:30:29.535+0000] {dag_etl.py:89} INFO - Loading talents...
[2023-08-27T01:30:31.441+0000] {dag_etl.py:92} INFO - Complete load drones: 0:00:01.905865
[2023-08-27T01:30:31.442+0000] {dag_etl.py:94} INFO - Loading expert_items...
[2023-08-27T01:30:32.663+0000] {dag_etl.py:97} INFO - Complete load drones: 0:00:01.222413
[2023-08-27T01:30:32.664+0000] {dag_etl.py:99} INFO - Complete ETL Users in : 0:00:27.064463
[2023-08-27T01:30:32.695+0000] {python.py:194} INFO - Done. Returned value was: None
[2023-08-27T01:30:32.721+0000] {taskinstance.py:1400} INFO - Marking task as SUCCESS. dag_id=gaas_etl_1, task_id=etl_user, execution_date=20230827T012900, start_date=20230827T013004, end_date=20230827T013032
[2023-08-27T01:30:32.822+0000] {local_task_job_runner.py:228} INFO - Task exited with return code 0
[2023-08-27T01:30:32.853+0000] {taskinstance.py:2784} INFO - 0 downstream tasks scheduled from follow-on schedule check
