[2023-08-27T13:28:05.913+0000] {taskinstance.py:1159} INFO - Dependencies all met for dep_context=non-requeueable deps ti=<TaskInstance: gaas_etl_1.etl_user scheduled__2023-08-27T13:27:00+00:00 [queued]>
[2023-08-27T13:28:05.931+0000] {taskinstance.py:1159} INFO - Dependencies all met for dep_context=requeueable deps ti=<TaskInstance: gaas_etl_1.etl_user scheduled__2023-08-27T13:27:00+00:00 [queued]>
[2023-08-27T13:28:05.931+0000] {taskinstance.py:1361} INFO - Starting attempt 1 of 1
[2023-08-27T13:28:05.968+0000] {taskinstance.py:1382} INFO - Executing <Task(PythonOperator): etl_user> on 2023-08-27 13:27:00+00:00
[2023-08-27T13:28:05.977+0000] {standard_task_runner.py:57} INFO - Started process 410485 to run task
[2023-08-27T13:28:05.992+0000] {standard_task_runner.py:84} INFO - Running: ['airflow', 'tasks', 'run', 'gaas_etl_1', 'etl_user', 'scheduled__2023-08-27T13:27:00+00:00', '--job-id', '6015', '--raw', '--subdir', 'DAGS_FOLDER/dag_etl.py', '--cfg-path', '/tmp/tmpo24i0v1m']
[2023-08-27T13:28:06.012+0000] {standard_task_runner.py:85} INFO - Job 6015: Subtask etl_user
[2023-08-27T13:28:06.768+0000] {task_command.py:415} INFO - Running <TaskInstance: gaas_etl_1.etl_user scheduled__2023-08-27T13:27:00+00:00 [running]> on host data-system.us-central1-a.c.data-system-392010.internal
[2023-08-27T13:28:07.098+0000] {taskinstance.py:1660} INFO - Exporting env vars: AIRFLOW_CTX_DAG_EMAIL='hungnm15012002@gmail.com' AIRFLOW_CTX_DAG_OWNER='hungnm' AIRFLOW_CTX_DAG_ID='gaas_etl_1' AIRFLOW_CTX_TASK_ID='etl_user' AIRFLOW_CTX_EXECUTION_DATE='2023-08-27T13:27:00+00:00' AIRFLOW_CTX_TRY_NUMBER='1' AIRFLOW_CTX_DAG_RUN_ID='scheduled__2023-08-27T13:27:00+00:00'
[2023-08-27T13:28:07.120+0000] {dag_etl.py:28} INFO - Extracting user...
[2023-08-27T13:28:14.028+0000] {extract.py:36} INFO - Request time: 0:00:06.907303
[2023-08-27T13:28:14.870+0000] {extract.py:42} INFO - Create DataFrame time: 0:00:00.840827
[2023-08-27T13:28:14.876+0000] {dag_etl.py:31} INFO - Complete extract user: 0:00:07.755912
[2023-08-27T13:28:14.877+0000] {dag_etl.py:33} INFO - Extracting resource...
[2023-08-27T13:28:21.795+0000] {extract.py:36} INFO - Request time: 0:00:06.918048
[2023-08-27T13:28:21.907+0000] {extract.py:42} INFO - Create DataFrame time: 0:00:00.110544
[2023-08-27T13:28:21.910+0000] {dag_etl.py:36} INFO - Complete extract resource: 0:00:07.033884
[2023-08-27T13:28:21.911+0000] {dag_etl.py:38} INFO - Transforming user...
[2023-08-27T13:28:22.282+0000] {dag_etl.py:42} INFO - Complete transform user: 0:00:00.371732
[2023-08-27T13:28:22.283+0000] {dag_etl.py:44} INFO - transform space_ships...
[2023-08-27T13:28:22.576+0000] {dag_etl.py:47} INFO - Complete transform space_ships: 0:00:00.294475
[2023-08-27T13:28:22.577+0000] {dag_etl.py:49} INFO - transform drones...
[2023-08-27T13:28:22.742+0000] {dag_etl.py:52} INFO - Complete transform drones: 0:00:00.165215
[2023-08-27T13:28:22.742+0000] {dag_etl.py:54} INFO - transform pilots...
[2023-08-27T13:28:22.847+0000] {dag_etl.py:57} INFO - Complete transform pilots: 0:00:00.105818
[2023-08-27T13:28:22.848+0000] {dag_etl.py:59} INFO - transform talents...
[2023-08-27T13:28:22.904+0000] {dag_etl.py:62} INFO - Complete transform talents: 0:00:00.056155
[2023-08-27T13:28:22.904+0000] {dag_etl.py:64} INFO - transform expert_items...
[2023-08-27T13:28:23.007+0000] {dag_etl.py:67} INFO - Complete transform expert_items: 0:00:00.103038
[2023-08-27T13:28:23.007+0000] {dag_etl.py:69} INFO - Loading user...
[2023-08-27T13:28:24.745+0000] {dag_etl.py:72} INFO - Complete load user: 0:00:01.738703
[2023-08-27T13:28:24.746+0000] {dag_etl.py:74} INFO - Loading space_ships...
[2023-08-27T13:28:27.489+0000] {dag_etl.py:77} INFO - Complete load space_ships: 0:00:02.743565
[2023-08-27T13:28:27.490+0000] {dag_etl.py:79} INFO - Loading drones...
[2023-08-27T13:28:29.843+0000] {dag_etl.py:82} INFO - Complete load drones: 0:00:02.353727
[2023-08-27T13:28:29.843+0000] {dag_etl.py:84} INFO - Loading pilots...
[2023-08-27T13:28:33.310+0000] {dag_etl.py:87} INFO - Complete load drones: 0:00:03.466946
[2023-08-27T13:28:33.310+0000] {dag_etl.py:89} INFO - Loading talents...
[2023-08-27T13:28:35.310+0000] {dag_etl.py:92} INFO - Complete load drones: 0:00:02.000104
[2023-08-27T13:28:35.310+0000] {dag_etl.py:94} INFO - Loading expert_items...
[2023-08-27T13:28:36.727+0000] {dag_etl.py:97} INFO - Complete load drones: 0:00:01.417093
[2023-08-27T13:28:36.727+0000] {dag_etl.py:99} INFO - Complete ETL Users in : 0:00:29.607071
[2023-08-27T13:28:36.807+0000] {python.py:194} INFO - Done. Returned value was: None
[2023-08-27T13:28:36.848+0000] {taskinstance.py:1400} INFO - Marking task as SUCCESS. dag_id=gaas_etl_1, task_id=etl_user, execution_date=20230827T132700, start_date=20230827T132805, end_date=20230827T132836
[2023-08-27T13:28:36.958+0000] {local_task_job_runner.py:228} INFO - Task exited with return code 0
[2023-08-27T13:28:37.011+0000] {taskinstance.py:2784} INFO - 0 downstream tasks scheduled from follow-on schedule check
