[2023-08-28T01:27:07.980+0000] {taskinstance.py:1159} INFO - Dependencies all met for dep_context=non-requeueable deps ti=<TaskInstance: gaas_etl_1.etl_event scheduled__2023-08-28T01:26:00+00:00 [queued]>
[2023-08-28T01:27:08.000+0000] {taskinstance.py:1159} INFO - Dependencies all met for dep_context=requeueable deps ti=<TaskInstance: gaas_etl_1.etl_event scheduled__2023-08-28T01:26:00+00:00 [queued]>
[2023-08-28T01:27:08.001+0000] {taskinstance.py:1361} INFO - Starting attempt 1 of 1
[2023-08-28T01:27:08.059+0000] {taskinstance.py:1382} INFO - Executing <Task(PythonOperator): etl_event> on 2023-08-28 01:26:00+00:00
[2023-08-28T01:27:08.077+0000] {standard_task_runner.py:57} INFO - Started process 486098 to run task
[2023-08-28T01:27:08.090+0000] {standard_task_runner.py:84} INFO - Running: ['airflow', 'tasks', 'run', 'gaas_etl_1', 'etl_event', 'scheduled__2023-08-28T01:26:00+00:00', '--job-id', '8172', '--raw', '--subdir', 'DAGS_FOLDER/dag_etl.py', '--cfg-path', '/tmp/tmpjlwteah_']
[2023-08-28T01:27:08.096+0000] {standard_task_runner.py:85} INFO - Job 8172: Subtask etl_event
[2023-08-28T01:27:09.044+0000] {task_command.py:415} INFO - Running <TaskInstance: gaas_etl_1.etl_event scheduled__2023-08-28T01:26:00+00:00 [running]> on host data-system.us-central1-a.c.data-system-392010.internal
[2023-08-28T01:27:09.592+0000] {taskinstance.py:1660} INFO - Exporting env vars: AIRFLOW_CTX_DAG_EMAIL='hungnm15012002@gmail.com' AIRFLOW_CTX_DAG_OWNER='hungnm' AIRFLOW_CTX_DAG_ID='gaas_etl_1' AIRFLOW_CTX_TASK_ID='etl_event' AIRFLOW_CTX_EXECUTION_DATE='2023-08-28T01:26:00+00:00' AIRFLOW_CTX_TRY_NUMBER='1' AIRFLOW_CTX_DAG_RUN_ID='scheduled__2023-08-28T01:26:00+00:00'
[2023-08-28T01:27:09.609+0000] {dag_etl.py:116} INFO - Extracting event...
[2023-08-28T01:27:09.902+0000] {extract.py:36} INFO - Request time: 0:00:00.292366
[2023-08-28T01:27:09.909+0000] {extract.py:42} INFO - Create DataFrame time: 0:00:00.006302
[2023-08-28T01:27:09.912+0000] {dag_etl.py:119} INFO - Complete extract event: 0:00:00.302407
[2023-08-28T01:27:09.912+0000] {dag_etl.py:121} INFO - Transforming action...
[2023-08-28T01:27:09.914+0000] {dag_etl.py:124} INFO - Complete transform action: 0:00:00.002281
[2023-08-28T01:27:09.914+0000] {dag_etl.py:126} INFO - Transforming transaction...
[2023-08-28T01:27:09.918+0000] {dag_etl.py:129} INFO - Complete transform transaction: 0:00:00.004204
[2023-08-28T01:27:09.918+0000] {dag_etl.py:131} INFO - Loading action...
[2023-08-28T01:27:09.919+0000] {dag_etl.py:134} INFO - Complete load action: 0:00:00.001202
[2023-08-28T01:27:09.920+0000] {dag_etl.py:136} INFO - Loading transaction...
[2023-08-28T01:27:09.920+0000] {dag_etl.py:139} INFO - Complete load transaction: 0:00:00.000865
[2023-08-28T01:27:09.920+0000] {dag_etl.py:141} INFO - Complete ETL Events in : 0:00:00.311235
[2023-08-28T01:27:09.921+0000] {python.py:194} INFO - Done. Returned value was: None
[2023-08-28T01:27:09.939+0000] {taskinstance.py:1400} INFO - Marking task as SUCCESS. dag_id=gaas_etl_1, task_id=etl_event, execution_date=20230828T012600, start_date=20230828T012707, end_date=20230828T012709
[2023-08-28T01:27:09.999+0000] {local_task_job_runner.py:228} INFO - Task exited with return code 0
[2023-08-28T01:27:10.034+0000] {taskinstance.py:2784} INFO - 0 downstream tasks scheduled from follow-on schedule check
