[2023-08-26T04:50:03.483+0000] {taskinstance.py:1159} INFO - Dependencies all met for dep_context=non-requeueable deps ti=<TaskInstance: gaas_etl_1.etl_user scheduled__2023-08-26T04:49:00+00:00 [queued]>
[2023-08-26T04:50:03.510+0000] {taskinstance.py:1159} INFO - Dependencies all met for dep_context=requeueable deps ti=<TaskInstance: gaas_etl_1.etl_user scheduled__2023-08-26T04:49:00+00:00 [queued]>
[2023-08-26T04:50:03.511+0000] {taskinstance.py:1361} INFO - Starting attempt 1 of 1
[2023-08-26T04:50:03.545+0000] {taskinstance.py:1382} INFO - Executing <Task(PythonOperator): etl_user> on 2023-08-26 04:49:00+00:00
[2023-08-26T04:50:03.554+0000] {standard_task_runner.py:57} INFO - Started process 279740 to run task
[2023-08-26T04:50:03.572+0000] {standard_task_runner.py:84} INFO - Running: ['airflow', 'tasks', 'run', 'gaas_etl_1', 'etl_user', 'scheduled__2023-08-26T04:49:00+00:00', '--job-id', '139', '--raw', '--subdir', 'DAGS_FOLDER/dag_etl.py', '--cfg-path', '/tmp/tmpl6vim0n0']
[2023-08-26T04:50:03.579+0000] {standard_task_runner.py:85} INFO - Job 139: Subtask etl_user
[2023-08-26T04:50:03.689+0000] {task_command.py:415} INFO - Running <TaskInstance: gaas_etl_1.etl_user scheduled__2023-08-26T04:49:00+00:00 [running]> on host data-system.us-central1-a.c.data-system-392010.internal
[2023-08-26T04:50:03.880+0000] {taskinstance.py:1660} INFO - Exporting env vars: AIRFLOW_CTX_DAG_EMAIL='hungnm15012002@gmail.com' AIRFLOW_CTX_DAG_OWNER='hungnm' AIRFLOW_CTX_DAG_ID='gaas_etl_1' AIRFLOW_CTX_TASK_ID='etl_user' AIRFLOW_CTX_EXECUTION_DATE='2023-08-26T04:49:00+00:00' AIRFLOW_CTX_TRY_NUMBER='1' AIRFLOW_CTX_DAG_RUN_ID='scheduled__2023-08-26T04:49:00+00:00'
[2023-08-26T04:50:03.901+0000] {dag_etl.py:28} INFO - Extracting user...
[2023-08-26T04:50:05.376+0000] {extract.py:36} INFO - Request time: 0:00:01.474686
[2023-08-26T04:50:05.401+0000] {extract.py:42} INFO - Create DataFrame time: 0:00:00.024600
[2023-08-26T04:50:05.404+0000] {dag_etl.py:31} INFO - Complete extract user: 0:00:01.502824
[2023-08-26T04:50:05.404+0000] {dag_etl.py:33} INFO - Extracting resource...
[2023-08-26T04:50:06.127+0000] {extract.py:36} INFO - Request time: 0:00:00.723327
[2023-08-26T04:50:06.134+0000] {extract.py:42} INFO - Create DataFrame time: 0:00:00.006554
[2023-08-26T04:50:06.136+0000] {dag_etl.py:36} INFO - Complete extract resource: 0:00:00.732639
[2023-08-26T04:50:06.137+0000] {dag_etl.py:38} INFO - Transforming user...
[2023-08-26T04:50:06.168+0000] {dag_etl.py:42} INFO - Complete transform user: 0:00:00.032023
[2023-08-26T04:50:06.169+0000] {dag_etl.py:44} INFO - transform space_ships...
[2023-08-26T04:50:06.185+0000] {dag_etl.py:47} INFO - Complete transform space_ships: 0:00:00.017075
[2023-08-26T04:50:06.186+0000] {dag_etl.py:49} INFO - transform drones...
[2023-08-26T04:50:06.198+0000] {dag_etl.py:52} INFO - Complete transform drones: 0:00:00.012592
[2023-08-26T04:50:06.198+0000] {dag_etl.py:54} INFO - transform pilots...
[2023-08-26T04:50:06.213+0000] {dag_etl.py:57} INFO - Complete transform pilots: 0:00:00.015356
[2023-08-26T04:50:06.214+0000] {dag_etl.py:59} INFO - transform talents...
[2023-08-26T04:50:06.224+0000] {dag_etl.py:62} INFO - Complete transform talents: 0:00:00.010728
[2023-08-26T04:50:06.224+0000] {dag_etl.py:64} INFO - transform expert_items...
[2023-08-26T04:50:06.234+0000] {dag_etl.py:67} INFO - Complete transform expert_items: 0:00:00.010467
[2023-08-26T04:50:06.235+0000] {dag_etl.py:69} INFO - Loading user...
[2023-08-26T04:50:06.265+0000] {dag_etl.py:72} INFO - Complete load user: 0:00:00.030787
[2023-08-26T04:50:06.266+0000] {dag_etl.py:74} INFO - Loading space_ships...
[2023-08-26T04:50:06.301+0000] {dag_etl.py:77} INFO - Complete load space_ships: 0:00:00.036248
[2023-08-26T04:50:06.302+0000] {dag_etl.py:79} INFO - Loading drones...
[2023-08-26T04:50:06.321+0000] {dag_etl.py:82} INFO - Complete load drones: 0:00:00.019897
[2023-08-26T04:50:06.322+0000] {dag_etl.py:84} INFO - Loading pilots...
[2023-08-26T04:50:06.357+0000] {dag_etl.py:87} INFO - Complete load drones: 0:00:00.036048
[2023-08-26T04:50:06.358+0000] {dag_etl.py:89} INFO - Loading talents...
[2023-08-26T04:50:06.379+0000] {dag_etl.py:92} INFO - Complete load drones: 0:00:00.021282
[2023-08-26T04:50:06.379+0000] {dag_etl.py:94} INFO - Loading expert_items...
[2023-08-26T04:50:06.386+0000] {dag_etl.py:97} INFO - Complete load drones: 0:00:00.007186
[2023-08-26T04:50:06.386+0000] {dag_etl.py:99} INFO - Complete ETL Users in : 0:00:02.485659
[2023-08-26T04:50:06.388+0000] {python.py:194} INFO - Done. Returned value was: None
[2023-08-26T04:50:06.401+0000] {taskinstance.py:1400} INFO - Marking task as SUCCESS. dag_id=gaas_etl_1, task_id=etl_user, execution_date=20230826T044900, start_date=20230826T045003, end_date=20230826T045006
[2023-08-26T04:50:06.467+0000] {local_task_job_runner.py:228} INFO - Task exited with return code 0
[2023-08-26T04:50:06.493+0000] {taskinstance.py:2784} INFO - 0 downstream tasks scheduled from follow-on schedule check
