[2023-08-26T23:00:04.883+0000] {taskinstance.py:1159} INFO - Dependencies all met for dep_context=non-requeueable deps ti=<TaskInstance: gaas_etl_1.etl_user scheduled__2023-08-26T22:59:00+00:00 [queued]>
[2023-08-26T23:00:04.899+0000] {taskinstance.py:1159} INFO - Dependencies all met for dep_context=requeueable deps ti=<TaskInstance: gaas_etl_1.etl_user scheduled__2023-08-26T22:59:00+00:00 [queued]>
[2023-08-26T23:00:04.899+0000] {taskinstance.py:1361} INFO - Starting attempt 1 of 1
[2023-08-26T23:00:04.927+0000] {taskinstance.py:1382} INFO - Executing <Task(PythonOperator): etl_user> on 2023-08-26 22:59:00+00:00
[2023-08-26T23:00:04.939+0000] {standard_task_runner.py:57} INFO - Started process 336370 to run task
[2023-08-26T23:00:04.954+0000] {standard_task_runner.py:84} INFO - Running: ['airflow', 'tasks', 'run', 'gaas_etl_1', 'etl_user', 'scheduled__2023-08-26T22:59:00+00:00', '--job-id', '3410', '--raw', '--subdir', 'DAGS_FOLDER/dag_etl.py', '--cfg-path', '/tmp/tmpjyovbb1u']
[2023-08-26T23:00:04.974+0000] {standard_task_runner.py:85} INFO - Job 3410: Subtask etl_user
[2023-08-26T23:00:05.302+0000] {task_command.py:415} INFO - Running <TaskInstance: gaas_etl_1.etl_user scheduled__2023-08-26T22:59:00+00:00 [running]> on host data-system.us-central1-a.c.data-system-392010.internal
[2023-08-26T23:00:05.677+0000] {taskinstance.py:1660} INFO - Exporting env vars: AIRFLOW_CTX_DAG_EMAIL='hungnm15012002@gmail.com' AIRFLOW_CTX_DAG_OWNER='hungnm' AIRFLOW_CTX_DAG_ID='gaas_etl_1' AIRFLOW_CTX_TASK_ID='etl_user' AIRFLOW_CTX_EXECUTION_DATE='2023-08-26T22:59:00+00:00' AIRFLOW_CTX_TRY_NUMBER='1' AIRFLOW_CTX_DAG_RUN_ID='scheduled__2023-08-26T22:59:00+00:00'
[2023-08-26T23:00:05.708+0000] {dag_etl.py:28} INFO - Extracting user...
[2023-08-26T23:00:12.343+0000] {extract.py:36} INFO - Request time: 0:00:06.634003
[2023-08-26T23:00:13.449+0000] {extract.py:42} INFO - Create DataFrame time: 0:00:01.105002
[2023-08-26T23:00:13.458+0000] {dag_etl.py:31} INFO - Complete extract user: 0:00:07.749193
[2023-08-26T23:00:13.460+0000] {dag_etl.py:33} INFO - Extracting resource...
[2023-08-26T23:00:15.485+0000] {extract.py:36} INFO - Request time: 0:00:02.025084
[2023-08-26T23:00:15.596+0000] {extract.py:42} INFO - Create DataFrame time: 0:00:00.109722
[2023-08-26T23:00:15.599+0000] {dag_etl.py:36} INFO - Complete extract resource: 0:00:02.141804
[2023-08-26T23:00:15.601+0000] {dag_etl.py:38} INFO - Transforming user...
[2023-08-26T23:00:15.980+0000] {dag_etl.py:42} INFO - Complete transform user: 0:00:00.380609
[2023-08-26T23:00:15.981+0000] {dag_etl.py:44} INFO - transform space_ships...
[2023-08-26T23:00:16.297+0000] {dag_etl.py:47} INFO - Complete transform space_ships: 0:00:00.317080
[2023-08-26T23:00:16.298+0000] {dag_etl.py:49} INFO - transform drones...
[2023-08-26T23:00:16.533+0000] {dag_etl.py:52} INFO - Complete transform drones: 0:00:00.235746
[2023-08-26T23:00:16.533+0000] {dag_etl.py:54} INFO - transform pilots...
[2023-08-26T23:00:16.704+0000] {dag_etl.py:57} INFO - Complete transform pilots: 0:00:00.171430
[2023-08-26T23:00:16.705+0000] {dag_etl.py:59} INFO - transform talents...
[2023-08-26T23:00:16.794+0000] {dag_etl.py:62} INFO - Complete transform talents: 0:00:00.089353
[2023-08-26T23:00:16.794+0000] {dag_etl.py:64} INFO - transform expert_items...
[2023-08-26T23:00:16.864+0000] {dag_etl.py:67} INFO - Complete transform expert_items: 0:00:00.070613
[2023-08-26T23:00:16.865+0000] {dag_etl.py:69} INFO - Loading user...
[2023-08-26T23:00:19.305+0000] {dag_etl.py:72} INFO - Complete load user: 0:00:02.441255
[2023-08-26T23:00:19.306+0000] {dag_etl.py:74} INFO - Loading space_ships...
[2023-08-26T23:00:23.288+0000] {dag_etl.py:77} INFO - Complete load space_ships: 0:00:03.983054
[2023-08-26T23:00:23.289+0000] {dag_etl.py:79} INFO - Loading drones...
[2023-08-26T23:00:26.897+0000] {dag_etl.py:82} INFO - Complete load drones: 0:00:03.609000
[2023-08-26T23:00:26.898+0000] {dag_etl.py:84} INFO - Loading pilots...
[2023-08-26T23:00:32.194+0000] {dag_etl.py:87} INFO - Complete load drones: 0:00:05.296022
[2023-08-26T23:00:32.195+0000] {dag_etl.py:89} INFO - Loading talents...
[2023-08-26T23:00:35.743+0000] {dag_etl.py:92} INFO - Complete load drones: 0:00:03.549503
[2023-08-26T23:00:35.744+0000] {dag_etl.py:94} INFO - Loading expert_items...
[2023-08-26T23:00:37.910+0000] {dag_etl.py:97} INFO - Complete load drones: 0:00:02.167134
[2023-08-26T23:00:37.911+0000] {dag_etl.py:99} INFO - Complete ETL Users in : 0:00:32.202361
[2023-08-26T23:00:37.945+0000] {python.py:194} INFO - Done. Returned value was: None
[2023-08-26T23:00:37.962+0000] {taskinstance.py:1400} INFO - Marking task as SUCCESS. dag_id=gaas_etl_1, task_id=etl_user, execution_date=20230826T225900, start_date=20230826T230004, end_date=20230826T230037
[2023-08-26T23:00:38.039+0000] {local_task_job_runner.py:228} INFO - Task exited with return code 0
[2023-08-26T23:00:38.075+0000] {taskinstance.py:2784} INFO - 0 downstream tasks scheduled from follow-on schedule check
