[2023-08-27T07:34:05.353+0000] {taskinstance.py:1159} INFO - Dependencies all met for dep_context=non-requeueable deps ti=<TaskInstance: gaas_etl_1.etl_user scheduled__2023-08-27T07:33:00+00:00 [queued]>
[2023-08-27T07:34:05.369+0000] {taskinstance.py:1159} INFO - Dependencies all met for dep_context=requeueable deps ti=<TaskInstance: gaas_etl_1.etl_user scheduled__2023-08-27T07:33:00+00:00 [queued]>
[2023-08-27T07:34:05.369+0000] {taskinstance.py:1361} INFO - Starting attempt 1 of 1
[2023-08-27T07:34:05.398+0000] {taskinstance.py:1382} INFO - Executing <Task(PythonOperator): etl_user> on 2023-08-27 07:33:00+00:00
[2023-08-27T07:34:05.405+0000] {standard_task_runner.py:57} INFO - Started process 375857 to run task
[2023-08-27T07:34:05.426+0000] {standard_task_runner.py:84} INFO - Running: ['airflow', 'tasks', 'run', 'gaas_etl_1', 'etl_user', 'scheduled__2023-08-27T07:33:00+00:00', '--job-id', '4952', '--raw', '--subdir', 'DAGS_FOLDER/dag_etl.py', '--cfg-path', '/tmp/tmpxofxjbt1']
[2023-08-27T07:34:05.433+0000] {standard_task_runner.py:85} INFO - Job 4952: Subtask etl_user
[2023-08-27T07:34:05.843+0000] {task_command.py:415} INFO - Running <TaskInstance: gaas_etl_1.etl_user scheduled__2023-08-27T07:33:00+00:00 [running]> on host data-system.us-central1-a.c.data-system-392010.internal
[2023-08-27T07:34:06.452+0000] {taskinstance.py:1660} INFO - Exporting env vars: AIRFLOW_CTX_DAG_EMAIL='hungnm15012002@gmail.com' AIRFLOW_CTX_DAG_OWNER='hungnm' AIRFLOW_CTX_DAG_ID='gaas_etl_1' AIRFLOW_CTX_TASK_ID='etl_user' AIRFLOW_CTX_EXECUTION_DATE='2023-08-27T07:33:00+00:00' AIRFLOW_CTX_TRY_NUMBER='1' AIRFLOW_CTX_DAG_RUN_ID='scheduled__2023-08-27T07:33:00+00:00'
[2023-08-27T07:34:06.472+0000] {dag_etl.py:28} INFO - Extracting user...
[2023-08-27T07:34:14.149+0000] {extract.py:36} INFO - Request time: 0:00:07.676492
[2023-08-27T07:34:14.598+0000] {extract.py:42} INFO - Create DataFrame time: 0:00:00.448846
[2023-08-27T07:34:14.604+0000] {dag_etl.py:31} INFO - Complete extract user: 0:00:08.132441
[2023-08-27T07:34:14.606+0000] {dag_etl.py:33} INFO - Extracting resource...
[2023-08-27T07:34:16.934+0000] {extract.py:36} INFO - Request time: 0:00:02.328089
[2023-08-27T07:34:17.007+0000] {extract.py:42} INFO - Create DataFrame time: 0:00:00.071860
[2023-08-27T07:34:17.010+0000] {dag_etl.py:36} INFO - Complete extract resource: 0:00:02.405650
[2023-08-27T07:34:17.011+0000] {dag_etl.py:38} INFO - Transforming user...
[2023-08-27T07:34:17.254+0000] {dag_etl.py:42} INFO - Complete transform user: 0:00:00.244297
[2023-08-27T07:34:17.255+0000] {dag_etl.py:44} INFO - transform space_ships...
[2023-08-27T07:34:17.449+0000] {dag_etl.py:47} INFO - Complete transform space_ships: 0:00:00.195193
[2023-08-27T07:34:17.450+0000] {dag_etl.py:49} INFO - transform drones...
[2023-08-27T07:34:17.574+0000] {dag_etl.py:52} INFO - Complete transform drones: 0:00:00.124995
[2023-08-27T07:34:17.575+0000] {dag_etl.py:54} INFO - transform pilots...
[2023-08-27T07:34:17.669+0000] {dag_etl.py:57} INFO - Complete transform pilots: 0:00:00.094364
[2023-08-27T07:34:17.669+0000] {dag_etl.py:59} INFO - transform talents...
[2023-08-27T07:34:17.713+0000] {dag_etl.py:62} INFO - Complete transform talents: 0:00:00.044080
[2023-08-27T07:34:17.713+0000] {dag_etl.py:64} INFO - transform expert_items...
[2023-08-27T07:34:17.755+0000] {dag_etl.py:67} INFO - Complete transform expert_items: 0:00:00.042816
[2023-08-27T07:34:17.756+0000] {dag_etl.py:69} INFO - Loading user...
[2023-08-27T07:34:19.110+0000] {dag_etl.py:72} INFO - Complete load user: 0:00:01.354865
[2023-08-27T07:34:19.111+0000] {dag_etl.py:74} INFO - Loading space_ships...
[2023-08-27T07:34:21.176+0000] {dag_etl.py:77} INFO - Complete load space_ships: 0:00:02.065920
[2023-08-27T07:34:21.177+0000] {dag_etl.py:79} INFO - Loading drones...
[2023-08-27T07:34:22.888+0000] {dag_etl.py:82} INFO - Complete load drones: 0:00:01.711455
[2023-08-27T07:34:22.888+0000] {dag_etl.py:84} INFO - Loading pilots...
[2023-08-27T07:34:25.189+0000] {dag_etl.py:87} INFO - Complete load drones: 0:00:02.301132
[2023-08-27T07:34:25.190+0000] {dag_etl.py:89} INFO - Loading talents...
[2023-08-27T07:34:26.722+0000] {dag_etl.py:92} INFO - Complete load drones: 0:00:01.532996
[2023-08-27T07:34:26.722+0000] {dag_etl.py:94} INFO - Loading expert_items...
[2023-08-27T07:34:27.827+0000] {dag_etl.py:97} INFO - Complete load drones: 0:00:01.105130
[2023-08-27T07:34:27.828+0000] {dag_etl.py:99} INFO - Complete ETL Users in : 0:00:21.355906
[2023-08-27T07:34:27.854+0000] {python.py:194} INFO - Done. Returned value was: None
[2023-08-27T07:34:27.877+0000] {taskinstance.py:1400} INFO - Marking task as SUCCESS. dag_id=gaas_etl_1, task_id=etl_user, execution_date=20230827T073300, start_date=20230827T073405, end_date=20230827T073427
[2023-08-27T07:34:27.936+0000] {local_task_job_runner.py:228} INFO - Task exited with return code 0
[2023-08-27T07:34:27.967+0000] {taskinstance.py:2784} INFO - 0 downstream tasks scheduled from follow-on schedule check
