[2023-08-26T10:35:04.694+0000] {taskinstance.py:1159} INFO - Dependencies all met for dep_context=non-requeueable deps ti=<TaskInstance: gaas_etl_1.etl_user scheduled__2023-08-26T10:34:00+00:00 [queued]>
[2023-08-26T10:35:04.714+0000] {taskinstance.py:1159} INFO - Dependencies all met for dep_context=requeueable deps ti=<TaskInstance: gaas_etl_1.etl_user scheduled__2023-08-26T10:34:00+00:00 [queued]>
[2023-08-26T10:35:04.714+0000] {taskinstance.py:1361} INFO - Starting attempt 1 of 1
[2023-08-26T10:35:04.741+0000] {taskinstance.py:1382} INFO - Executing <Task(PythonOperator): etl_user> on 2023-08-26 10:34:00+00:00
[2023-08-26T10:35:04.750+0000] {standard_task_runner.py:57} INFO - Started process 302487 to run task
[2023-08-26T10:35:04.764+0000] {standard_task_runner.py:84} INFO - Running: ['airflow', 'tasks', 'run', 'gaas_etl_1', 'etl_user', 'scheduled__2023-08-26T10:34:00+00:00', '--job-id', '1175', '--raw', '--subdir', 'DAGS_FOLDER/dag_etl.py', '--cfg-path', '/tmp/tmp5crmqpxp']
[2023-08-26T10:35:04.773+0000] {standard_task_runner.py:85} INFO - Job 1175: Subtask etl_user
[2023-08-26T10:35:04.945+0000] {task_command.py:415} INFO - Running <TaskInstance: gaas_etl_1.etl_user scheduled__2023-08-26T10:34:00+00:00 [running]> on host data-system.us-central1-a.c.data-system-392010.internal
[2023-08-26T10:35:05.187+0000] {taskinstance.py:1660} INFO - Exporting env vars: AIRFLOW_CTX_DAG_EMAIL='hungnm15012002@gmail.com' AIRFLOW_CTX_DAG_OWNER='hungnm' AIRFLOW_CTX_DAG_ID='gaas_etl_1' AIRFLOW_CTX_TASK_ID='etl_user' AIRFLOW_CTX_EXECUTION_DATE='2023-08-26T10:34:00+00:00' AIRFLOW_CTX_TRY_NUMBER='1' AIRFLOW_CTX_DAG_RUN_ID='scheduled__2023-08-26T10:34:00+00:00'
[2023-08-26T10:35:05.211+0000] {dag_etl.py:28} INFO - Extracting user...
[2023-08-26T10:35:10.902+0000] {extract.py:36} INFO - Request time: 0:00:05.689407
[2023-08-26T10:35:11.404+0000] {extract.py:42} INFO - Create DataFrame time: 0:00:00.501711
[2023-08-26T10:35:11.408+0000] {dag_etl.py:31} INFO - Complete extract user: 0:00:06.196439
[2023-08-26T10:35:11.410+0000] {dag_etl.py:33} INFO - Extracting resource...
[2023-08-26T10:35:15.251+0000] {extract.py:36} INFO - Request time: 0:00:03.840808
[2023-08-26T10:35:15.400+0000] {extract.py:42} INFO - Create DataFrame time: 0:00:00.148747
[2023-08-26T10:35:15.407+0000] {dag_etl.py:36} INFO - Complete extract resource: 0:00:03.999415
[2023-08-26T10:35:15.410+0000] {dag_etl.py:38} INFO - Transforming user...
[2023-08-26T10:35:15.836+0000] {dag_etl.py:42} INFO - Complete transform user: 0:00:00.428592
[2023-08-26T10:35:15.837+0000] {dag_etl.py:44} INFO - transform space_ships...
[2023-08-26T10:35:16.117+0000] {dag_etl.py:47} INFO - Complete transform space_ships: 0:00:00.281405
[2023-08-26T10:35:16.118+0000] {dag_etl.py:49} INFO - transform drones...
[2023-08-26T10:35:16.412+0000] {dag_etl.py:52} INFO - Complete transform drones: 0:00:00.294968
[2023-08-26T10:35:16.413+0000] {dag_etl.py:54} INFO - transform pilots...
[2023-08-26T10:35:16.532+0000] {dag_etl.py:57} INFO - Complete transform pilots: 0:00:00.120150
[2023-08-26T10:35:16.533+0000] {dag_etl.py:59} INFO - transform talents...
[2023-08-26T10:35:16.584+0000] {dag_etl.py:62} INFO - Complete transform talents: 0:00:00.051990
[2023-08-26T10:35:16.585+0000] {dag_etl.py:64} INFO - transform expert_items...
[2023-08-26T10:35:16.630+0000] {dag_etl.py:67} INFO - Complete transform expert_items: 0:00:00.046007
[2023-08-26T10:35:16.631+0000] {dag_etl.py:69} INFO - Loading user...
[2023-08-26T10:35:17.095+0000] {dag_etl.py:72} INFO - Complete load user: 0:00:00.464775
[2023-08-26T10:35:17.096+0000] {dag_etl.py:74} INFO - Loading space_ships...
[2023-08-26T10:35:17.874+0000] {dag_etl.py:77} INFO - Complete load space_ships: 0:00:00.778606
[2023-08-26T10:35:17.874+0000] {dag_etl.py:79} INFO - Loading drones...
[2023-08-26T10:35:18.382+0000] {dag_etl.py:82} INFO - Complete load drones: 0:00:00.508638
[2023-08-26T10:35:18.383+0000] {dag_etl.py:84} INFO - Loading pilots...
[2023-08-26T10:35:19.876+0000] {dag_etl.py:87} INFO - Complete load drones: 0:00:01.494086
[2023-08-26T10:35:19.877+0000] {dag_etl.py:89} INFO - Loading talents...
[2023-08-26T10:35:20.619+0000] {dag_etl.py:92} INFO - Complete load drones: 0:00:00.742266
[2023-08-26T10:35:20.621+0000] {dag_etl.py:94} INFO - Loading expert_items...
[2023-08-26T10:35:21.016+0000] {dag_etl.py:97} INFO - Complete load drones: 0:00:00.397598
[2023-08-26T10:35:21.017+0000] {dag_etl.py:99} INFO - Complete ETL Users in : 0:00:15.805464
[2023-08-26T10:35:21.043+0000] {python.py:194} INFO - Done. Returned value was: None
[2023-08-26T10:35:21.063+0000] {taskinstance.py:1400} INFO - Marking task as SUCCESS. dag_id=gaas_etl_1, task_id=etl_user, execution_date=20230826T103400, start_date=20230826T103504, end_date=20230826T103521
[2023-08-26T10:35:21.142+0000] {local_task_job_runner.py:228} INFO - Task exited with return code 0
[2023-08-26T10:35:21.175+0000] {taskinstance.py:2784} INFO - 0 downstream tasks scheduled from follow-on schedule check
