[2023-08-27T01:55:05.526+0000] {taskinstance.py:1159} INFO - Dependencies all met for dep_context=non-requeueable deps ti=<TaskInstance: gaas_etl_1.etl_user scheduled__2023-08-27T01:54:00+00:00 [queued]>
[2023-08-27T01:55:05.542+0000] {taskinstance.py:1159} INFO - Dependencies all met for dep_context=requeueable deps ti=<TaskInstance: gaas_etl_1.etl_user scheduled__2023-08-27T01:54:00+00:00 [queued]>
[2023-08-27T01:55:05.542+0000] {taskinstance.py:1361} INFO - Starting attempt 1 of 1
[2023-08-27T01:55:05.568+0000] {taskinstance.py:1382} INFO - Executing <Task(PythonOperator): etl_user> on 2023-08-27 01:54:00+00:00
[2023-08-27T01:55:05.578+0000] {standard_task_runner.py:57} INFO - Started process 343459 to run task
[2023-08-27T01:55:05.591+0000] {standard_task_runner.py:84} INFO - Running: ['airflow', 'tasks', 'run', 'gaas_etl_1', 'etl_user', 'scheduled__2023-08-27T01:54:00+00:00', '--job-id', '3935', '--raw', '--subdir', 'DAGS_FOLDER/dag_etl.py', '--cfg-path', '/tmp/tmplzljxw9c']
[2023-08-27T01:55:05.602+0000] {standard_task_runner.py:85} INFO - Job 3935: Subtask etl_user
[2023-08-27T01:55:05.927+0000] {task_command.py:415} INFO - Running <TaskInstance: gaas_etl_1.etl_user scheduled__2023-08-27T01:54:00+00:00 [running]> on host data-system.us-central1-a.c.data-system-392010.internal
[2023-08-27T01:55:06.281+0000] {taskinstance.py:1660} INFO - Exporting env vars: AIRFLOW_CTX_DAG_EMAIL='hungnm15012002@gmail.com' AIRFLOW_CTX_DAG_OWNER='hungnm' AIRFLOW_CTX_DAG_ID='gaas_etl_1' AIRFLOW_CTX_TASK_ID='etl_user' AIRFLOW_CTX_EXECUTION_DATE='2023-08-27T01:54:00+00:00' AIRFLOW_CTX_TRY_NUMBER='1' AIRFLOW_CTX_DAG_RUN_ID='scheduled__2023-08-27T01:54:00+00:00'
[2023-08-27T01:55:06.307+0000] {dag_etl.py:28} INFO - Extracting user...
[2023-08-27T01:55:09.859+0000] {extract.py:36} INFO - Request time: 0:00:03.551773
[2023-08-27T01:55:10.324+0000] {extract.py:42} INFO - Create DataFrame time: 0:00:00.464453
[2023-08-27T01:55:10.330+0000] {dag_etl.py:31} INFO - Complete extract user: 0:00:04.023213
[2023-08-27T01:55:10.331+0000] {dag_etl.py:33} INFO - Extracting resource...
[2023-08-27T01:55:11.811+0000] {extract.py:36} INFO - Request time: 0:00:01.480294
[2023-08-27T01:55:11.856+0000] {extract.py:42} INFO - Create DataFrame time: 0:00:00.043855
[2023-08-27T01:55:11.859+0000] {dag_etl.py:36} INFO - Complete extract resource: 0:00:01.528632
[2023-08-27T01:55:11.860+0000] {dag_etl.py:38} INFO - Transforming user...
[2023-08-27T01:55:12.025+0000] {dag_etl.py:42} INFO - Complete transform user: 0:00:00.166865
[2023-08-27T01:55:12.026+0000] {dag_etl.py:44} INFO - transform space_ships...
[2023-08-27T01:55:12.146+0000] {dag_etl.py:47} INFO - Complete transform space_ships: 0:00:00.120803
[2023-08-27T01:55:12.147+0000] {dag_etl.py:49} INFO - transform drones...
[2023-08-27T01:55:12.231+0000] {dag_etl.py:52} INFO - Complete transform drones: 0:00:00.084588
[2023-08-27T01:55:12.231+0000] {dag_etl.py:54} INFO - transform pilots...
[2023-08-27T01:55:12.296+0000] {dag_etl.py:57} INFO - Complete transform pilots: 0:00:00.065415
[2023-08-27T01:55:12.297+0000] {dag_etl.py:59} INFO - transform talents...
[2023-08-27T01:55:12.324+0000] {dag_etl.py:62} INFO - Complete transform talents: 0:00:00.027684
[2023-08-27T01:55:12.324+0000] {dag_etl.py:64} INFO - transform expert_items...
[2023-08-27T01:55:12.352+0000] {dag_etl.py:67} INFO - Complete transform expert_items: 0:00:00.028375
[2023-08-27T01:55:12.353+0000] {dag_etl.py:69} INFO - Loading user...
[2023-08-27T01:55:13.182+0000] {dag_etl.py:72} INFO - Complete load user: 0:00:00.829996
[2023-08-27T01:55:13.183+0000] {dag_etl.py:74} INFO - Loading space_ships...
[2023-08-27T01:55:14.345+0000] {dag_etl.py:77} INFO - Complete load space_ships: 0:00:01.162203
[2023-08-27T01:55:14.345+0000] {dag_etl.py:79} INFO - Loading drones...
[2023-08-27T01:55:15.343+0000] {dag_etl.py:82} INFO - Complete load drones: 0:00:00.998358
[2023-08-27T01:55:15.343+0000] {dag_etl.py:84} INFO - Loading pilots...
[2023-08-27T01:55:17.540+0000] {dag_etl.py:87} INFO - Complete load drones: 0:00:02.196606
[2023-08-27T01:55:17.540+0000] {dag_etl.py:89} INFO - Loading talents...
[2023-08-27T01:55:18.668+0000] {dag_etl.py:92} INFO - Complete load drones: 0:00:01.128961
[2023-08-27T01:55:18.669+0000] {dag_etl.py:94} INFO - Loading expert_items...
[2023-08-27T01:55:19.270+0000] {dag_etl.py:97} INFO - Complete load drones: 0:00:00.601888
[2023-08-27T01:55:19.271+0000] {dag_etl.py:99} INFO - Complete ETL Users in : 0:00:12.964055
[2023-08-27T01:55:19.286+0000] {python.py:194} INFO - Done. Returned value was: None
[2023-08-27T01:55:19.308+0000] {taskinstance.py:1400} INFO - Marking task as SUCCESS. dag_id=gaas_etl_1, task_id=etl_user, execution_date=20230827T015400, start_date=20230827T015505, end_date=20230827T015519
[2023-08-27T01:55:19.373+0000] {local_task_job_runner.py:228} INFO - Task exited with return code 0
[2023-08-27T01:55:19.419+0000] {taskinstance.py:2784} INFO - 0 downstream tasks scheduled from follow-on schedule check
