[2023-08-26T11:30:04.084+0000] {taskinstance.py:1159} INFO - Dependencies all met for dep_context=non-requeueable deps ti=<TaskInstance: gaas_etl_1.etl_user scheduled__2023-08-26T11:29:00+00:00 [queued]>
[2023-08-26T11:30:04.105+0000] {taskinstance.py:1159} INFO - Dependencies all met for dep_context=requeueable deps ti=<TaskInstance: gaas_etl_1.etl_user scheduled__2023-08-26T11:29:00+00:00 [queued]>
[2023-08-26T11:30:04.105+0000] {taskinstance.py:1361} INFO - Starting attempt 1 of 1
[2023-08-26T11:30:04.140+0000] {taskinstance.py:1382} INFO - Executing <Task(PythonOperator): etl_user> on 2023-08-26 11:29:00+00:00
[2023-08-26T11:30:04.152+0000] {standard_task_runner.py:57} INFO - Started process 309055 to run task
[2023-08-26T11:30:04.163+0000] {standard_task_runner.py:84} INFO - Running: ['airflow', 'tasks', 'run', 'gaas_etl_1', 'etl_user', 'scheduled__2023-08-26T11:29:00+00:00', '--job-id', '1340', '--raw', '--subdir', 'DAGS_FOLDER/dag_etl.py', '--cfg-path', '/tmp/tmpze91ka79']
[2023-08-26T11:30:04.169+0000] {standard_task_runner.py:85} INFO - Job 1340: Subtask etl_user
[2023-08-26T11:30:04.366+0000] {task_command.py:415} INFO - Running <TaskInstance: gaas_etl_1.etl_user scheduled__2023-08-26T11:29:00+00:00 [running]> on host data-system.us-central1-a.c.data-system-392010.internal
[2023-08-26T11:30:04.614+0000] {taskinstance.py:1660} INFO - Exporting env vars: AIRFLOW_CTX_DAG_EMAIL='hungnm15012002@gmail.com' AIRFLOW_CTX_DAG_OWNER='hungnm' AIRFLOW_CTX_DAG_ID='gaas_etl_1' AIRFLOW_CTX_TASK_ID='etl_user' AIRFLOW_CTX_EXECUTION_DATE='2023-08-26T11:29:00+00:00' AIRFLOW_CTX_TRY_NUMBER='1' AIRFLOW_CTX_DAG_RUN_ID='scheduled__2023-08-26T11:29:00+00:00'
[2023-08-26T11:30:04.639+0000] {dag_etl.py:28} INFO - Extracting user...
[2023-08-26T11:30:08.573+0000] {extract.py:36} INFO - Request time: 0:00:03.932588
[2023-08-26T11:30:08.984+0000] {extract.py:42} INFO - Create DataFrame time: 0:00:00.411239
[2023-08-26T11:30:08.988+0000] {dag_etl.py:31} INFO - Complete extract user: 0:00:04.348275
[2023-08-26T11:30:08.989+0000] {dag_etl.py:33} INFO - Extracting resource...
[2023-08-26T11:30:10.735+0000] {extract.py:36} INFO - Request time: 0:00:01.746146
[2023-08-26T11:30:10.785+0000] {extract.py:42} INFO - Create DataFrame time: 0:00:00.049098
[2023-08-26T11:30:10.788+0000] {dag_etl.py:36} INFO - Complete extract resource: 0:00:01.799822
[2023-08-26T11:30:10.789+0000] {dag_etl.py:38} INFO - Transforming user...
[2023-08-26T11:30:10.997+0000] {dag_etl.py:42} INFO - Complete transform user: 0:00:00.209860
[2023-08-26T11:30:10.998+0000] {dag_etl.py:44} INFO - transform space_ships...
[2023-08-26T11:30:11.169+0000] {dag_etl.py:47} INFO - Complete transform space_ships: 0:00:00.171669
[2023-08-26T11:30:11.170+0000] {dag_etl.py:49} INFO - transform drones...
[2023-08-26T11:30:11.285+0000] {dag_etl.py:52} INFO - Complete transform drones: 0:00:00.116259
[2023-08-26T11:30:11.286+0000] {dag_etl.py:54} INFO - transform pilots...
[2023-08-26T11:30:11.389+0000] {dag_etl.py:57} INFO - Complete transform pilots: 0:00:00.103676
[2023-08-26T11:30:11.390+0000] {dag_etl.py:59} INFO - transform talents...
[2023-08-26T11:30:11.426+0000] {dag_etl.py:62} INFO - Complete transform talents: 0:00:00.036959
[2023-08-26T11:30:11.426+0000] {dag_etl.py:64} INFO - transform expert_items...
[2023-08-26T11:30:11.460+0000] {dag_etl.py:67} INFO - Complete transform expert_items: 0:00:00.034266
[2023-08-26T11:30:11.461+0000] {dag_etl.py:69} INFO - Loading user...
[2023-08-26T11:30:12.295+0000] {dag_etl.py:72} INFO - Complete load user: 0:00:00.835100
[2023-08-26T11:30:12.296+0000] {dag_etl.py:74} INFO - Loading space_ships...
[2023-08-26T11:30:13.501+0000] {dag_etl.py:77} INFO - Complete load space_ships: 0:00:01.205463
[2023-08-26T11:30:13.501+0000] {dag_etl.py:79} INFO - Loading drones...
[2023-08-26T11:30:15.151+0000] {dag_etl.py:82} INFO - Complete load drones: 0:00:01.650133
[2023-08-26T11:30:15.151+0000] {dag_etl.py:84} INFO - Loading pilots...
[2023-08-26T11:30:17.821+0000] {dag_etl.py:87} INFO - Complete load drones: 0:00:02.669868
[2023-08-26T11:30:17.821+0000] {dag_etl.py:89} INFO - Loading talents...
[2023-08-26T11:30:20.043+0000] {dag_etl.py:92} INFO - Complete load drones: 0:00:02.221861
[2023-08-26T11:30:20.043+0000] {dag_etl.py:94} INFO - Loading expert_items...
[2023-08-26T11:30:20.694+0000] {dag_etl.py:97} INFO - Complete load drones: 0:00:00.651764
[2023-08-26T11:30:20.695+0000] {dag_etl.py:99} INFO - Complete ETL Users in : 0:00:16.055611
[2023-08-26T11:30:20.725+0000] {python.py:194} INFO - Done. Returned value was: None
[2023-08-26T11:30:20.749+0000] {taskinstance.py:1400} INFO - Marking task as SUCCESS. dag_id=gaas_etl_1, task_id=etl_user, execution_date=20230826T112900, start_date=20230826T113004, end_date=20230826T113020
[2023-08-26T11:30:20.806+0000] {local_task_job_runner.py:228} INFO - Task exited with return code 0
[2023-08-26T11:30:20.841+0000] {taskinstance.py:2784} INFO - 0 downstream tasks scheduled from follow-on schedule check
