[2023-08-26T05:45:03.689+0000] {taskinstance.py:1159} INFO - Dependencies all met for dep_context=non-requeueable deps ti=<TaskInstance: gaas_etl_1.etl_user scheduled__2023-08-26T05:44:00+00:00 [queued]>
[2023-08-26T05:45:03.705+0000] {taskinstance.py:1159} INFO - Dependencies all met for dep_context=requeueable deps ti=<TaskInstance: gaas_etl_1.etl_user scheduled__2023-08-26T05:44:00+00:00 [queued]>
[2023-08-26T05:45:03.706+0000] {taskinstance.py:1361} INFO - Starting attempt 1 of 1
[2023-08-26T05:45:03.737+0000] {taskinstance.py:1382} INFO - Executing <Task(PythonOperator): etl_user> on 2023-08-26 05:44:00+00:00
[2023-08-26T05:45:03.747+0000] {standard_task_runner.py:57} INFO - Started process 282379 to run task
[2023-08-26T05:45:03.763+0000] {standard_task_runner.py:84} INFO - Running: ['airflow', 'tasks', 'run', 'gaas_etl_1', 'etl_user', 'scheduled__2023-08-26T05:44:00+00:00', '--job-id', '304', '--raw', '--subdir', 'DAGS_FOLDER/dag_etl.py', '--cfg-path', '/tmp/tmpe827aybu']
[2023-08-26T05:45:03.768+0000] {standard_task_runner.py:85} INFO - Job 304: Subtask etl_user
[2023-08-26T05:45:03.919+0000] {task_command.py:415} INFO - Running <TaskInstance: gaas_etl_1.etl_user scheduled__2023-08-26T05:44:00+00:00 [running]> on host data-system.us-central1-a.c.data-system-392010.internal
[2023-08-26T05:45:04.099+0000] {taskinstance.py:1660} INFO - Exporting env vars: AIRFLOW_CTX_DAG_EMAIL='hungnm15012002@gmail.com' AIRFLOW_CTX_DAG_OWNER='hungnm' AIRFLOW_CTX_DAG_ID='gaas_etl_1' AIRFLOW_CTX_TASK_ID='etl_user' AIRFLOW_CTX_EXECUTION_DATE='2023-08-26T05:44:00+00:00' AIRFLOW_CTX_TRY_NUMBER='1' AIRFLOW_CTX_DAG_RUN_ID='scheduled__2023-08-26T05:44:00+00:00'
[2023-08-26T05:45:04.124+0000] {dag_etl.py:28} INFO - Extracting user...
[2023-08-26T05:45:11.042+0000] {extract.py:36} INFO - Request time: 0:00:06.917870
[2023-08-26T05:45:11.102+0000] {extract.py:42} INFO - Create DataFrame time: 0:00:00.059180
[2023-08-26T05:45:11.105+0000] {dag_etl.py:31} INFO - Complete extract user: 0:00:06.981291
[2023-08-26T05:45:11.106+0000] {dag_etl.py:33} INFO - Extracting resource...
[2023-08-26T05:45:20.980+0000] {extract.py:36} INFO - Request time: 0:00:09.873739
[2023-08-26T05:45:20.990+0000] {extract.py:42} INFO - Create DataFrame time: 0:00:00.009935
[2023-08-26T05:45:20.993+0000] {dag_etl.py:36} INFO - Complete extract resource: 0:00:09.887667
[2023-08-26T05:45:20.994+0000] {dag_etl.py:38} INFO - Transforming user...
[2023-08-26T05:45:21.047+0000] {dag_etl.py:42} INFO - Complete transform user: 0:00:00.053902
[2023-08-26T05:45:21.047+0000] {dag_etl.py:44} INFO - transform space_ships...
[2023-08-26T05:45:21.077+0000] {dag_etl.py:47} INFO - Complete transform space_ships: 0:00:00.030554
[2023-08-26T05:45:21.078+0000] {dag_etl.py:49} INFO - transform drones...
[2023-08-26T05:45:21.099+0000] {dag_etl.py:52} INFO - Complete transform drones: 0:00:00.022054
[2023-08-26T05:45:21.100+0000] {dag_etl.py:54} INFO - transform pilots...
[2023-08-26T05:45:21.118+0000] {dag_etl.py:57} INFO - Complete transform pilots: 0:00:00.018599
[2023-08-26T05:45:21.118+0000] {dag_etl.py:59} INFO - transform talents...
[2023-08-26T05:45:21.131+0000] {dag_etl.py:62} INFO - Complete transform talents: 0:00:00.013287
[2023-08-26T05:45:21.132+0000] {dag_etl.py:64} INFO - transform expert_items...
[2023-08-26T05:45:21.142+0000] {dag_etl.py:67} INFO - Complete transform expert_items: 0:00:00.011325
[2023-08-26T05:45:21.143+0000] {dag_etl.py:69} INFO - Loading user...
[2023-08-26T05:45:21.170+0000] {dag_etl.py:72} INFO - Complete load user: 0:00:00.027388
[2023-08-26T05:45:21.170+0000] {dag_etl.py:74} INFO - Loading space_ships...
[2023-08-26T05:45:21.206+0000] {dag_etl.py:77} INFO - Complete load space_ships: 0:00:00.036485
[2023-08-26T05:45:21.207+0000] {dag_etl.py:79} INFO - Loading drones...
[2023-08-26T05:45:21.231+0000] {dag_etl.py:82} INFO - Complete load drones: 0:00:00.025028
[2023-08-26T05:45:21.232+0000] {dag_etl.py:84} INFO - Loading pilots...
[2023-08-26T05:45:21.280+0000] {dag_etl.py:87} INFO - Complete load drones: 0:00:00.048780
[2023-08-26T05:45:21.281+0000] {dag_etl.py:89} INFO - Loading talents...
[2023-08-26T05:45:21.302+0000] {dag_etl.py:92} INFO - Complete load drones: 0:00:00.021713
[2023-08-26T05:45:21.302+0000] {dag_etl.py:94} INFO - Loading expert_items...
[2023-08-26T05:45:21.308+0000] {dag_etl.py:97} INFO - Complete load drones: 0:00:00.006530
[2023-08-26T05:45:21.309+0000] {dag_etl.py:99} INFO - Complete ETL Users in : 0:00:17.185111
[2023-08-26T05:45:21.311+0000] {python.py:194} INFO - Done. Returned value was: None
[2023-08-26T05:45:21.332+0000] {taskinstance.py:1400} INFO - Marking task as SUCCESS. dag_id=gaas_etl_1, task_id=etl_user, execution_date=20230826T054400, start_date=20230826T054503, end_date=20230826T054521
[2023-08-26T05:45:21.389+0000] {local_task_job_runner.py:228} INFO - Task exited with return code 0
[2023-08-26T05:45:21.423+0000] {taskinstance.py:2784} INFO - 0 downstream tasks scheduled from follow-on schedule check
