[2023-08-26T19:25:04.467+0000] {taskinstance.py:1159} INFO - Dependencies all met for dep_context=non-requeueable deps ti=<TaskInstance: gaas_etl_1.etl_user scheduled__2023-08-26T19:24:00+00:00 [queued]>
[2023-08-26T19:25:04.483+0000] {taskinstance.py:1159} INFO - Dependencies all met for dep_context=requeueable deps ti=<TaskInstance: gaas_etl_1.etl_user scheduled__2023-08-26T19:24:00+00:00 [queued]>
[2023-08-26T19:25:04.484+0000] {taskinstance.py:1361} INFO - Starting attempt 1 of 1
[2023-08-26T19:25:04.514+0000] {taskinstance.py:1382} INFO - Executing <Task(PythonOperator): etl_user> on 2023-08-26 19:24:00+00:00
[2023-08-26T19:25:04.538+0000] {standard_task_runner.py:57} INFO - Started process 327901 to run task
[2023-08-26T19:25:04.553+0000] {standard_task_runner.py:84} INFO - Running: ['airflow', 'tasks', 'run', 'gaas_etl_1', 'etl_user', 'scheduled__2023-08-26T19:24:00+00:00', '--job-id', '2765', '--raw', '--subdir', 'DAGS_FOLDER/dag_etl.py', '--cfg-path', '/tmp/tmp6fbw5851']
[2023-08-26T19:25:04.558+0000] {standard_task_runner.py:85} INFO - Job 2765: Subtask etl_user
[2023-08-26T19:25:05.067+0000] {task_command.py:415} INFO - Running <TaskInstance: gaas_etl_1.etl_user scheduled__2023-08-26T19:24:00+00:00 [running]> on host data-system.us-central1-a.c.data-system-392010.internal
[2023-08-26T19:25:05.369+0000] {taskinstance.py:1660} INFO - Exporting env vars: AIRFLOW_CTX_DAG_EMAIL='hungnm15012002@gmail.com' AIRFLOW_CTX_DAG_OWNER='hungnm' AIRFLOW_CTX_DAG_ID='gaas_etl_1' AIRFLOW_CTX_TASK_ID='etl_user' AIRFLOW_CTX_EXECUTION_DATE='2023-08-26T19:24:00+00:00' AIRFLOW_CTX_TRY_NUMBER='1' AIRFLOW_CTX_DAG_RUN_ID='scheduled__2023-08-26T19:24:00+00:00'
[2023-08-26T19:25:05.399+0000] {dag_etl.py:28} INFO - Extracting user...
[2023-08-26T19:25:09.838+0000] {extract.py:36} INFO - Request time: 0:00:04.438606
[2023-08-26T19:25:10.027+0000] {extract.py:42} INFO - Create DataFrame time: 0:00:00.188489
[2023-08-26T19:25:10.031+0000] {dag_etl.py:31} INFO - Complete extract user: 0:00:04.631756
[2023-08-26T19:25:10.031+0000] {dag_etl.py:33} INFO - Extracting resource...
[2023-08-26T19:25:11.764+0000] {extract.py:36} INFO - Request time: 0:00:01.732894
[2023-08-26T19:25:11.804+0000] {extract.py:42} INFO - Create DataFrame time: 0:00:00.038120
[2023-08-26T19:25:11.806+0000] {dag_etl.py:36} INFO - Complete extract resource: 0:00:01.774847
[2023-08-26T19:25:11.806+0000] {dag_etl.py:38} INFO - Transforming user...
[2023-08-26T19:25:11.940+0000] {dag_etl.py:42} INFO - Complete transform user: 0:00:00.134535
[2023-08-26T19:25:11.941+0000] {dag_etl.py:44} INFO - transform space_ships...
[2023-08-26T19:25:12.031+0000] {dag_etl.py:47} INFO - Complete transform space_ships: 0:00:00.091075
[2023-08-26T19:25:12.032+0000] {dag_etl.py:49} INFO - transform drones...
[2023-08-26T19:25:12.086+0000] {dag_etl.py:52} INFO - Complete transform drones: 0:00:00.055090
[2023-08-26T19:25:12.087+0000] {dag_etl.py:54} INFO - transform pilots...
[2023-08-26T19:25:12.131+0000] {dag_etl.py:57} INFO - Complete transform pilots: 0:00:00.045171
[2023-08-26T19:25:12.132+0000] {dag_etl.py:59} INFO - transform talents...
[2023-08-26T19:25:12.154+0000] {dag_etl.py:62} INFO - Complete transform talents: 0:00:00.022786
[2023-08-26T19:25:12.155+0000] {dag_etl.py:64} INFO - transform expert_items...
[2023-08-26T19:25:12.175+0000] {dag_etl.py:67} INFO - Complete transform expert_items: 0:00:00.020524
[2023-08-26T19:25:12.175+0000] {dag_etl.py:69} INFO - Loading user...
[2023-08-26T19:25:13.213+0000] {dag_etl.py:72} INFO - Complete load user: 0:00:01.038592
[2023-08-26T19:25:13.214+0000] {dag_etl.py:74} INFO - Loading space_ships...
[2023-08-26T19:25:14.942+0000] {dag_etl.py:77} INFO - Complete load space_ships: 0:00:01.728199
[2023-08-26T19:25:14.942+0000] {dag_etl.py:79} INFO - Loading drones...
[2023-08-26T19:25:17.018+0000] {dag_etl.py:82} INFO - Complete load drones: 0:00:02.076662
[2023-08-26T19:25:17.019+0000] {dag_etl.py:84} INFO - Loading pilots...
[2023-08-26T19:25:20.287+0000] {dag_etl.py:87} INFO - Complete load drones: 0:00:03.268647
[2023-08-26T19:25:20.288+0000] {dag_etl.py:89} INFO - Loading talents...
[2023-08-26T19:25:21.939+0000] {dag_etl.py:92} INFO - Complete load drones: 0:00:01.651856
[2023-08-26T19:25:21.939+0000] {dag_etl.py:94} INFO - Loading expert_items...
[2023-08-26T19:25:22.814+0000] {dag_etl.py:97} INFO - Complete load drones: 0:00:00.875389
[2023-08-26T19:25:22.815+0000] {dag_etl.py:99} INFO - Complete ETL Users in : 0:00:17.415822
[2023-08-26T19:25:22.838+0000] {python.py:194} INFO - Done. Returned value was: None
[2023-08-26T19:25:22.862+0000] {taskinstance.py:1400} INFO - Marking task as SUCCESS. dag_id=gaas_etl_1, task_id=etl_user, execution_date=20230826T192400, start_date=20230826T192504, end_date=20230826T192522
[2023-08-26T19:25:22.925+0000] {local_task_job_runner.py:228} INFO - Task exited with return code 0
[2023-08-26T19:25:22.959+0000] {taskinstance.py:2784} INFO - 0 downstream tasks scheduled from follow-on schedule check
