[2023-08-26T18:27:05.634+0000] {taskinstance.py:1159} INFO - Dependencies all met for dep_context=non-requeueable deps ti=<TaskInstance: gaas_etl_1.etl_user scheduled__2023-08-26T18:26:00+00:00 [queued]>
[2023-08-26T18:27:05.654+0000] {taskinstance.py:1159} INFO - Dependencies all met for dep_context=requeueable deps ti=<TaskInstance: gaas_etl_1.etl_user scheduled__2023-08-26T18:26:00+00:00 [queued]>
[2023-08-26T18:27:05.655+0000] {taskinstance.py:1361} INFO - Starting attempt 1 of 1
[2023-08-26T18:27:05.684+0000] {taskinstance.py:1382} INFO - Executing <Task(PythonOperator): etl_user> on 2023-08-26 18:26:00+00:00
[2023-08-26T18:27:05.694+0000] {standard_task_runner.py:57} INFO - Started process 325609 to run task
[2023-08-26T18:27:05.708+0000] {standard_task_runner.py:84} INFO - Running: ['airflow', 'tasks', 'run', 'gaas_etl_1', 'etl_user', 'scheduled__2023-08-26T18:26:00+00:00', '--job-id', '2590', '--raw', '--subdir', 'DAGS_FOLDER/dag_etl.py', '--cfg-path', '/tmp/tmprek6tfw5']
[2023-08-26T18:27:05.714+0000] {standard_task_runner.py:85} INFO - Job 2590: Subtask etl_user
[2023-08-26T18:27:05.950+0000] {task_command.py:415} INFO - Running <TaskInstance: gaas_etl_1.etl_user scheduled__2023-08-26T18:26:00+00:00 [running]> on host data-system.us-central1-a.c.data-system-392010.internal
[2023-08-26T18:27:06.275+0000] {taskinstance.py:1660} INFO - Exporting env vars: AIRFLOW_CTX_DAG_EMAIL='hungnm15012002@gmail.com' AIRFLOW_CTX_DAG_OWNER='hungnm' AIRFLOW_CTX_DAG_ID='gaas_etl_1' AIRFLOW_CTX_TASK_ID='etl_user' AIRFLOW_CTX_EXECUTION_DATE='2023-08-26T18:26:00+00:00' AIRFLOW_CTX_TRY_NUMBER='1' AIRFLOW_CTX_DAG_RUN_ID='scheduled__2023-08-26T18:26:00+00:00'
[2023-08-26T18:27:06.301+0000] {dag_etl.py:28} INFO - Extracting user...
[2023-08-26T18:27:15.592+0000] {extract.py:36} INFO - Request time: 0:00:09.290456
[2023-08-26T18:27:16.040+0000] {extract.py:42} INFO - Create DataFrame time: 0:00:00.447787
[2023-08-26T18:27:16.043+0000] {dag_etl.py:31} INFO - Complete extract user: 0:00:09.742456
[2023-08-26T18:27:16.044+0000] {dag_etl.py:33} INFO - Extracting resource...
[2023-08-26T18:27:24.193+0000] {extract.py:36} INFO - Request time: 0:00:08.148890
[2023-08-26T18:27:24.245+0000] {extract.py:42} INFO - Create DataFrame time: 0:00:00.051428
[2023-08-26T18:27:24.248+0000] {dag_etl.py:36} INFO - Complete extract resource: 0:00:08.204926
[2023-08-26T18:27:24.249+0000] {dag_etl.py:38} INFO - Transforming user...
[2023-08-26T18:27:24.420+0000] {dag_etl.py:42} INFO - Complete transform user: 0:00:00.172289
[2023-08-26T18:27:24.421+0000] {dag_etl.py:44} INFO - transform space_ships...
[2023-08-26T18:27:24.549+0000] {dag_etl.py:47} INFO - Complete transform space_ships: 0:00:00.128445
[2023-08-26T18:27:24.549+0000] {dag_etl.py:49} INFO - transform drones...
[2023-08-26T18:27:24.634+0000] {dag_etl.py:52} INFO - Complete transform drones: 0:00:00.085738
[2023-08-26T18:27:24.635+0000] {dag_etl.py:54} INFO - transform pilots...
[2023-08-26T18:27:24.694+0000] {dag_etl.py:57} INFO - Complete transform pilots: 0:00:00.059294
[2023-08-26T18:27:24.694+0000] {dag_etl.py:59} INFO - transform talents...
[2023-08-26T18:27:24.723+0000] {dag_etl.py:62} INFO - Complete transform talents: 0:00:00.028747
[2023-08-26T18:27:24.723+0000] {dag_etl.py:64} INFO - transform expert_items...
[2023-08-26T18:27:24.748+0000] {dag_etl.py:67} INFO - Complete transform expert_items: 0:00:00.025950
[2023-08-26T18:27:24.749+0000] {dag_etl.py:69} INFO - Loading user...
[2023-08-26T18:27:25.669+0000] {dag_etl.py:72} INFO - Complete load user: 0:00:00.920139
[2023-08-26T18:27:25.669+0000] {dag_etl.py:74} INFO - Loading space_ships...
[2023-08-26T18:27:26.870+0000] {dag_etl.py:77} INFO - Complete load space_ships: 0:00:01.201186
[2023-08-26T18:27:26.870+0000] {dag_etl.py:79} INFO - Loading drones...
[2023-08-26T18:27:27.865+0000] {dag_etl.py:82} INFO - Complete load drones: 0:00:00.995394
[2023-08-26T18:27:27.866+0000] {dag_etl.py:84} INFO - Loading pilots...
[2023-08-26T18:27:30.236+0000] {dag_etl.py:87} INFO - Complete load drones: 0:00:02.370554
[2023-08-26T18:27:30.236+0000] {dag_etl.py:89} INFO - Loading talents...
[2023-08-26T18:27:31.593+0000] {dag_etl.py:92} INFO - Complete load drones: 0:00:01.357264
[2023-08-26T18:27:31.593+0000] {dag_etl.py:94} INFO - Loading expert_items...
[2023-08-26T18:27:32.286+0000] {dag_etl.py:97} INFO - Complete load drones: 0:00:00.692847
[2023-08-26T18:27:32.287+0000] {dag_etl.py:99} INFO - Complete ETL Users in : 0:00:25.986026
[2023-08-26T18:27:32.306+0000] {python.py:194} INFO - Done. Returned value was: None
[2023-08-26T18:27:32.326+0000] {taskinstance.py:1400} INFO - Marking task as SUCCESS. dag_id=gaas_etl_1, task_id=etl_user, execution_date=20230826T182600, start_date=20230826T182705, end_date=20230826T182732
[2023-08-26T18:27:32.423+0000] {local_task_job_runner.py:228} INFO - Task exited with return code 0
[2023-08-26T18:27:32.457+0000] {taskinstance.py:2784} INFO - 0 downstream tasks scheduled from follow-on schedule check
