[2023-08-27T19:22:07.557+0000] {taskinstance.py:1159} INFO - Dependencies all met for dep_context=non-requeueable deps ti=<TaskInstance: gaas_etl_1.etl_user scheduled__2023-08-27T19:21:00+00:00 [queued]>
[2023-08-27T19:22:07.574+0000] {taskinstance.py:1159} INFO - Dependencies all met for dep_context=requeueable deps ti=<TaskInstance: gaas_etl_1.etl_user scheduled__2023-08-27T19:21:00+00:00 [queued]>
[2023-08-27T19:22:07.575+0000] {taskinstance.py:1361} INFO - Starting attempt 1 of 1
[2023-08-27T19:22:07.603+0000] {taskinstance.py:1382} INFO - Executing <Task(PythonOperator): etl_user> on 2023-08-27 19:21:00+00:00
[2023-08-27T19:22:07.612+0000] {standard_task_runner.py:57} INFO - Started process 447777 to run task
[2023-08-27T19:22:07.628+0000] {standard_task_runner.py:84} INFO - Running: ['airflow', 'tasks', 'run', 'gaas_etl_1', 'etl_user', 'scheduled__2023-08-27T19:21:00+00:00', '--job-id', '7076', '--raw', '--subdir', 'DAGS_FOLDER/dag_etl.py', '--cfg-path', '/tmp/tmpsn664jfa']
[2023-08-27T19:22:07.635+0000] {standard_task_runner.py:85} INFO - Job 7076: Subtask etl_user
[2023-08-27T19:22:08.417+0000] {task_command.py:415} INFO - Running <TaskInstance: gaas_etl_1.etl_user scheduled__2023-08-27T19:21:00+00:00 [running]> on host data-system.us-central1-a.c.data-system-392010.internal
[2023-08-27T19:22:09.504+0000] {taskinstance.py:1660} INFO - Exporting env vars: AIRFLOW_CTX_DAG_EMAIL='hungnm15012002@gmail.com' AIRFLOW_CTX_DAG_OWNER='hungnm' AIRFLOW_CTX_DAG_ID='gaas_etl_1' AIRFLOW_CTX_TASK_ID='etl_user' AIRFLOW_CTX_EXECUTION_DATE='2023-08-27T19:21:00+00:00' AIRFLOW_CTX_TRY_NUMBER='1' AIRFLOW_CTX_DAG_RUN_ID='scheduled__2023-08-27T19:21:00+00:00'
[2023-08-27T19:22:09.530+0000] {dag_etl.py:28} INFO - Extracting user...
[2023-08-27T19:22:15.050+0000] {extract.py:36} INFO - Request time: 0:00:05.518864
[2023-08-27T19:22:16.420+0000] {extract.py:42} INFO - Create DataFrame time: 0:00:01.370102
[2023-08-27T19:22:16.425+0000] {dag_etl.py:31} INFO - Complete extract user: 0:00:06.895415
[2023-08-27T19:22:16.440+0000] {dag_etl.py:33} INFO - Extracting resource...
[2023-08-27T19:22:19.057+0000] {extract.py:36} INFO - Request time: 0:00:02.616444
[2023-08-27T19:22:19.103+0000] {extract.py:42} INFO - Create DataFrame time: 0:00:00.045383
[2023-08-27T19:22:19.106+0000] {dag_etl.py:36} INFO - Complete extract resource: 0:00:02.680108
[2023-08-27T19:22:19.107+0000] {dag_etl.py:38} INFO - Transforming user...
[2023-08-27T19:22:19.275+0000] {dag_etl.py:42} INFO - Complete transform user: 0:00:00.169890
[2023-08-27T19:22:19.276+0000] {dag_etl.py:44} INFO - transform space_ships...
[2023-08-27T19:22:19.387+0000] {dag_etl.py:47} INFO - Complete transform space_ships: 0:00:00.111053
[2023-08-27T19:22:19.387+0000] {dag_etl.py:49} INFO - transform drones...
[2023-08-27T19:22:19.493+0000] {dag_etl.py:52} INFO - Complete transform drones: 0:00:00.106745
[2023-08-27T19:22:19.494+0000] {dag_etl.py:54} INFO - transform pilots...
[2023-08-27T19:22:19.566+0000] {dag_etl.py:57} INFO - Complete transform pilots: 0:00:00.072645
[2023-08-27T19:22:19.566+0000] {dag_etl.py:59} INFO - transform talents...
[2023-08-27T19:22:19.608+0000] {dag_etl.py:62} INFO - Complete transform talents: 0:00:00.042048
[2023-08-27T19:22:19.608+0000] {dag_etl.py:64} INFO - transform expert_items...
[2023-08-27T19:22:19.637+0000] {dag_etl.py:67} INFO - Complete transform expert_items: 0:00:00.029461
[2023-08-27T19:22:19.638+0000] {dag_etl.py:69} INFO - Loading user...
[2023-08-27T19:22:20.854+0000] {dag_etl.py:72} INFO - Complete load user: 0:00:01.216991
[2023-08-27T19:22:20.855+0000] {dag_etl.py:74} INFO - Loading space_ships...
[2023-08-27T19:22:22.395+0000] {dag_etl.py:77} INFO - Complete load space_ships: 0:00:01.540815
[2023-08-27T19:22:22.396+0000] {dag_etl.py:79} INFO - Loading drones...
[2023-08-27T19:22:24.122+0000] {dag_etl.py:82} INFO - Complete load drones: 0:00:01.727156
[2023-08-27T19:22:24.123+0000] {dag_etl.py:84} INFO - Loading pilots...
[2023-08-27T19:22:26.294+0000] {dag_etl.py:87} INFO - Complete load drones: 0:00:02.171473
[2023-08-27T19:22:26.294+0000] {dag_etl.py:89} INFO - Loading talents...
[2023-08-27T19:22:27.674+0000] {dag_etl.py:92} INFO - Complete load drones: 0:00:01.380043
[2023-08-27T19:22:27.675+0000] {dag_etl.py:94} INFO - Loading expert_items...
[2023-08-27T19:22:28.660+0000] {dag_etl.py:97} INFO - Complete load drones: 0:00:00.985801
[2023-08-27T19:22:28.660+0000] {dag_etl.py:99} INFO - Complete ETL Users in : 0:00:19.130096
[2023-08-27T19:22:28.682+0000] {python.py:194} INFO - Done. Returned value was: None
[2023-08-27T19:22:28.695+0000] {taskinstance.py:1400} INFO - Marking task as SUCCESS. dag_id=gaas_etl_1, task_id=etl_user, execution_date=20230827T192100, start_date=20230827T192207, end_date=20230827T192228
[2023-08-27T19:22:28.764+0000] {local_task_job_runner.py:228} INFO - Task exited with return code 0
[2023-08-27T19:22:28.784+0000] {taskinstance.py:2784} INFO - 0 downstream tasks scheduled from follow-on schedule check
