[2023-08-26T18:09:04.569+0000] {taskinstance.py:1159} INFO - Dependencies all met for dep_context=non-requeueable deps ti=<TaskInstance: gaas_etl_1.etl_user scheduled__2023-08-26T18:08:00+00:00 [queued]>
[2023-08-26T18:09:04.589+0000] {taskinstance.py:1159} INFO - Dependencies all met for dep_context=requeueable deps ti=<TaskInstance: gaas_etl_1.etl_user scheduled__2023-08-26T18:08:00+00:00 [queued]>
[2023-08-26T18:09:04.589+0000] {taskinstance.py:1361} INFO - Starting attempt 1 of 1
[2023-08-26T18:09:04.623+0000] {taskinstance.py:1382} INFO - Executing <Task(PythonOperator): etl_user> on 2023-08-26 18:08:00+00:00
[2023-08-26T18:09:04.632+0000] {standard_task_runner.py:57} INFO - Started process 324887 to run task
[2023-08-26T18:09:04.649+0000] {standard_task_runner.py:84} INFO - Running: ['airflow', 'tasks', 'run', 'gaas_etl_1', 'etl_user', 'scheduled__2023-08-26T18:08:00+00:00', '--job-id', '2536', '--raw', '--subdir', 'DAGS_FOLDER/dag_etl.py', '--cfg-path', '/tmp/tmpamb32ngq']
[2023-08-26T18:09:04.656+0000] {standard_task_runner.py:85} INFO - Job 2536: Subtask etl_user
[2023-08-26T18:09:05.258+0000] {task_command.py:415} INFO - Running <TaskInstance: gaas_etl_1.etl_user scheduled__2023-08-26T18:08:00+00:00 [running]> on host data-system.us-central1-a.c.data-system-392010.internal
[2023-08-26T18:09:05.608+0000] {taskinstance.py:1660} INFO - Exporting env vars: AIRFLOW_CTX_DAG_EMAIL='hungnm15012002@gmail.com' AIRFLOW_CTX_DAG_OWNER='hungnm' AIRFLOW_CTX_DAG_ID='gaas_etl_1' AIRFLOW_CTX_TASK_ID='etl_user' AIRFLOW_CTX_EXECUTION_DATE='2023-08-26T18:08:00+00:00' AIRFLOW_CTX_TRY_NUMBER='1' AIRFLOW_CTX_DAG_RUN_ID='scheduled__2023-08-26T18:08:00+00:00'
[2023-08-26T18:09:05.637+0000] {dag_etl.py:28} INFO - Extracting user...
[2023-08-26T18:09:14.431+0000] {extract.py:36} INFO - Request time: 0:00:08.793188
[2023-08-26T18:09:15.827+0000] {extract.py:42} INFO - Create DataFrame time: 0:00:01.395053
[2023-08-26T18:09:15.834+0000] {dag_etl.py:31} INFO - Complete extract user: 0:00:10.196866
[2023-08-26T18:09:15.835+0000] {dag_etl.py:33} INFO - Extracting resource...
[2023-08-26T18:09:18.902+0000] {extract.py:36} INFO - Request time: 0:00:03.066970
[2023-08-26T18:09:19.082+0000] {extract.py:42} INFO - Create DataFrame time: 0:00:00.178838
[2023-08-26T18:09:19.085+0000] {dag_etl.py:36} INFO - Complete extract resource: 0:00:03.250891
[2023-08-26T18:09:19.086+0000] {dag_etl.py:38} INFO - Transforming user...
[2023-08-26T18:09:19.545+0000] {dag_etl.py:42} INFO - Complete transform user: 0:00:00.459907
[2023-08-26T18:09:19.546+0000] {dag_etl.py:44} INFO - transform space_ships...
[2023-08-26T18:09:19.839+0000] {dag_etl.py:47} INFO - Complete transform space_ships: 0:00:00.293685
[2023-08-26T18:09:19.839+0000] {dag_etl.py:49} INFO - transform drones...
[2023-08-26T18:09:20.179+0000] {dag_etl.py:52} INFO - Complete transform drones: 0:00:00.340394
[2023-08-26T18:09:20.180+0000] {dag_etl.py:54} INFO - transform pilots...
[2023-08-26T18:09:20.346+0000] {dag_etl.py:57} INFO - Complete transform pilots: 0:00:00.167415
[2023-08-26T18:09:20.347+0000] {dag_etl.py:59} INFO - transform talents...
[2023-08-26T18:09:20.420+0000] {dag_etl.py:62} INFO - Complete transform talents: 0:00:00.073109
[2023-08-26T18:09:20.420+0000] {dag_etl.py:64} INFO - transform expert_items...
[2023-08-26T18:09:20.484+0000] {dag_etl.py:67} INFO - Complete transform expert_items: 0:00:00.064140
[2023-08-26T18:09:20.484+0000] {dag_etl.py:69} INFO - Loading user...
[2023-08-26T18:09:22.996+0000] {dag_etl.py:72} INFO - Complete load user: 0:00:02.512132
[2023-08-26T18:09:22.997+0000] {dag_etl.py:74} INFO - Loading space_ships...
[2023-08-26T18:09:27.197+0000] {dag_etl.py:77} INFO - Complete load space_ships: 0:00:04.201655
[2023-08-26T18:09:27.198+0000] {dag_etl.py:79} INFO - Loading drones...
[2023-08-26T18:09:31.085+0000] {dag_etl.py:82} INFO - Complete load drones: 0:00:03.887427
[2023-08-26T18:09:31.085+0000] {dag_etl.py:84} INFO - Loading pilots...
[2023-08-26T18:09:35.111+0000] {dag_etl.py:87} INFO - Complete load drones: 0:00:04.026155
[2023-08-26T18:09:35.112+0000] {dag_etl.py:89} INFO - Loading talents...
[2023-08-26T18:09:38.080+0000] {dag_etl.py:92} INFO - Complete load drones: 0:00:02.968852
[2023-08-26T18:09:38.080+0000] {dag_etl.py:94} INFO - Loading expert_items...
[2023-08-26T18:09:39.894+0000] {dag_etl.py:97} INFO - Complete load drones: 0:00:01.813814
[2023-08-26T18:09:39.894+0000] {dag_etl.py:99} INFO - Complete ETL Users in : 0:00:34.257012
[2023-08-26T18:09:39.927+0000] {python.py:194} INFO - Done. Returned value was: None
[2023-08-26T18:09:39.940+0000] {taskinstance.py:1400} INFO - Marking task as SUCCESS. dag_id=gaas_etl_1, task_id=etl_user, execution_date=20230826T180800, start_date=20230826T180904, end_date=20230826T180939
[2023-08-26T18:09:40.009+0000] {local_task_job_runner.py:228} INFO - Task exited with return code 0
[2023-08-26T18:09:40.049+0000] {taskinstance.py:2784} INFO - 0 downstream tasks scheduled from follow-on schedule check
