[2023-08-27T01:05:04.345+0000] {taskinstance.py:1159} INFO - Dependencies all met for dep_context=non-requeueable deps ti=<TaskInstance: gaas_etl_1.etl_user scheduled__2023-08-27T01:04:00+00:00 [queued]>
[2023-08-27T01:05:04.363+0000] {taskinstance.py:1159} INFO - Dependencies all met for dep_context=requeueable deps ti=<TaskInstance: gaas_etl_1.etl_user scheduled__2023-08-27T01:04:00+00:00 [queued]>
[2023-08-27T01:05:04.364+0000] {taskinstance.py:1361} INFO - Starting attempt 1 of 1
[2023-08-27T01:05:04.403+0000] {taskinstance.py:1382} INFO - Executing <Task(PythonOperator): etl_user> on 2023-08-27 01:04:00+00:00
[2023-08-27T01:05:04.421+0000] {standard_task_runner.py:57} INFO - Started process 341485 to run task
[2023-08-27T01:05:04.427+0000] {standard_task_runner.py:84} INFO - Running: ['airflow', 'tasks', 'run', 'gaas_etl_1', 'etl_user', 'scheduled__2023-08-27T01:04:00+00:00', '--job-id', '3785', '--raw', '--subdir', 'DAGS_FOLDER/dag_etl.py', '--cfg-path', '/tmp/tmpqpgsmel5']
[2023-08-27T01:05:04.432+0000] {standard_task_runner.py:85} INFO - Job 3785: Subtask etl_user
[2023-08-27T01:05:04.723+0000] {task_command.py:415} INFO - Running <TaskInstance: gaas_etl_1.etl_user scheduled__2023-08-27T01:04:00+00:00 [running]> on host data-system.us-central1-a.c.data-system-392010.internal
[2023-08-27T01:05:05.046+0000] {taskinstance.py:1660} INFO - Exporting env vars: AIRFLOW_CTX_DAG_EMAIL='hungnm15012002@gmail.com' AIRFLOW_CTX_DAG_OWNER='hungnm' AIRFLOW_CTX_DAG_ID='gaas_etl_1' AIRFLOW_CTX_TASK_ID='etl_user' AIRFLOW_CTX_EXECUTION_DATE='2023-08-27T01:04:00+00:00' AIRFLOW_CTX_TRY_NUMBER='1' AIRFLOW_CTX_DAG_RUN_ID='scheduled__2023-08-27T01:04:00+00:00'
[2023-08-27T01:05:05.064+0000] {dag_etl.py:28} INFO - Extracting user...
[2023-08-27T01:05:09.045+0000] {extract.py:36} INFO - Request time: 0:00:03.980740
[2023-08-27T01:05:09.457+0000] {extract.py:42} INFO - Create DataFrame time: 0:00:00.411319
[2023-08-27T01:05:09.460+0000] {dag_etl.py:31} INFO - Complete extract user: 0:00:04.396360
[2023-08-27T01:05:09.461+0000] {dag_etl.py:33} INFO - Extracting resource...
[2023-08-27T01:05:10.994+0000] {extract.py:36} INFO - Request time: 0:00:01.532732
[2023-08-27T01:05:11.045+0000] {extract.py:42} INFO - Create DataFrame time: 0:00:00.049956
[2023-08-27T01:05:11.048+0000] {dag_etl.py:36} INFO - Complete extract resource: 0:00:01.587647
[2023-08-27T01:05:11.049+0000] {dag_etl.py:38} INFO - Transforming user...
[2023-08-27T01:05:11.228+0000] {dag_etl.py:42} INFO - Complete transform user: 0:00:00.179569
[2023-08-27T01:05:11.228+0000] {dag_etl.py:44} INFO - transform space_ships...
[2023-08-27T01:05:11.418+0000] {dag_etl.py:47} INFO - Complete transform space_ships: 0:00:00.190563
[2023-08-27T01:05:11.419+0000] {dag_etl.py:49} INFO - transform drones...
[2023-08-27T01:05:11.521+0000] {dag_etl.py:52} INFO - Complete transform drones: 0:00:00.102431
[2023-08-27T01:05:11.521+0000] {dag_etl.py:54} INFO - transform pilots...
[2023-08-27T01:05:11.596+0000] {dag_etl.py:57} INFO - Complete transform pilots: 0:00:00.075224
[2023-08-27T01:05:11.596+0000] {dag_etl.py:59} INFO - transform talents...
[2023-08-27T01:05:11.628+0000] {dag_etl.py:62} INFO - Complete transform talents: 0:00:00.031896
[2023-08-27T01:05:11.628+0000] {dag_etl.py:64} INFO - transform expert_items...
[2023-08-27T01:05:11.658+0000] {dag_etl.py:67} INFO - Complete transform expert_items: 0:00:00.030590
[2023-08-27T01:05:11.659+0000] {dag_etl.py:69} INFO - Loading user...
[2023-08-27T01:05:12.556+0000] {dag_etl.py:72} INFO - Complete load user: 0:00:00.897247
[2023-08-27T01:05:12.556+0000] {dag_etl.py:74} INFO - Loading space_ships...
[2023-08-27T01:05:13.706+0000] {dag_etl.py:77} INFO - Complete load space_ships: 0:00:01.150721
[2023-08-27T01:05:13.707+0000] {dag_etl.py:79} INFO - Loading drones...
[2023-08-27T01:05:14.942+0000] {dag_etl.py:82} INFO - Complete load drones: 0:00:01.235408
[2023-08-27T01:05:14.943+0000] {dag_etl.py:84} INFO - Loading pilots...
[2023-08-27T01:05:16.627+0000] {dag_etl.py:87} INFO - Complete load drones: 0:00:01.684875
[2023-08-27T01:05:16.627+0000] {dag_etl.py:89} INFO - Loading talents...
[2023-08-27T01:05:17.999+0000] {dag_etl.py:92} INFO - Complete load drones: 0:00:01.372820
[2023-08-27T01:05:18.000+0000] {dag_etl.py:94} INFO - Loading expert_items...
[2023-08-27T01:05:18.736+0000] {dag_etl.py:97} INFO - Complete load drones: 0:00:00.736923
[2023-08-27T01:05:18.737+0000] {dag_etl.py:99} INFO - Complete ETL Users in : 0:00:13.672931
[2023-08-27T01:05:18.767+0000] {python.py:194} INFO - Done. Returned value was: None
[2023-08-27T01:05:18.809+0000] {taskinstance.py:1400} INFO - Marking task as SUCCESS. dag_id=gaas_etl_1, task_id=etl_user, execution_date=20230827T010400, start_date=20230827T010504, end_date=20230827T010518
[2023-08-27T01:05:18.908+0000] {local_task_job_runner.py:228} INFO - Task exited with return code 0
[2023-08-27T01:05:18.937+0000] {taskinstance.py:2784} INFO - 0 downstream tasks scheduled from follow-on schedule check
