[2023-08-27T05:55:05.491+0000] {taskinstance.py:1159} INFO - Dependencies all met for dep_context=non-requeueable deps ti=<TaskInstance: gaas_etl_1.etl_user scheduled__2023-08-27T05:54:00+00:00 [queued]>
[2023-08-27T05:55:05.508+0000] {taskinstance.py:1159} INFO - Dependencies all met for dep_context=requeueable deps ti=<TaskInstance: gaas_etl_1.etl_user scheduled__2023-08-27T05:54:00+00:00 [queued]>
[2023-08-27T05:55:05.509+0000] {taskinstance.py:1361} INFO - Starting attempt 1 of 1
[2023-08-27T05:55:05.552+0000] {taskinstance.py:1382} INFO - Executing <Task(PythonOperator): etl_user> on 2023-08-27 05:54:00+00:00
[2023-08-27T05:55:05.566+0000] {standard_task_runner.py:57} INFO - Started process 371813 to run task
[2023-08-27T05:55:05.581+0000] {standard_task_runner.py:84} INFO - Running: ['airflow', 'tasks', 'run', 'gaas_etl_1', 'etl_user', 'scheduled__2023-08-27T05:54:00+00:00', '--job-id', '4654', '--raw', '--subdir', 'DAGS_FOLDER/dag_etl.py', '--cfg-path', '/tmp/tmp8d8z0bdx']
[2023-08-27T05:55:05.586+0000] {standard_task_runner.py:85} INFO - Job 4654: Subtask etl_user
[2023-08-27T05:55:05.973+0000] {task_command.py:415} INFO - Running <TaskInstance: gaas_etl_1.etl_user scheduled__2023-08-27T05:54:00+00:00 [running]> on host data-system.us-central1-a.c.data-system-392010.internal
[2023-08-27T05:55:06.351+0000] {taskinstance.py:1660} INFO - Exporting env vars: AIRFLOW_CTX_DAG_EMAIL='hungnm15012002@gmail.com' AIRFLOW_CTX_DAG_OWNER='hungnm' AIRFLOW_CTX_DAG_ID='gaas_etl_1' AIRFLOW_CTX_TASK_ID='etl_user' AIRFLOW_CTX_EXECUTION_DATE='2023-08-27T05:54:00+00:00' AIRFLOW_CTX_TRY_NUMBER='1' AIRFLOW_CTX_DAG_RUN_ID='scheduled__2023-08-27T05:54:00+00:00'
[2023-08-27T05:55:06.375+0000] {dag_etl.py:28} INFO - Extracting user...
[2023-08-27T05:55:09.589+0000] {extract.py:36} INFO - Request time: 0:00:03.212727
[2023-08-27T05:55:09.934+0000] {extract.py:42} INFO - Create DataFrame time: 0:00:00.344503
[2023-08-27T05:55:09.936+0000] {dag_etl.py:31} INFO - Complete extract user: 0:00:03.561485
[2023-08-27T05:55:09.937+0000] {dag_etl.py:33} INFO - Extracting resource...
[2023-08-27T05:55:11.438+0000] {extract.py:36} INFO - Request time: 0:00:01.500405
[2023-08-27T05:55:11.477+0000] {extract.py:42} INFO - Create DataFrame time: 0:00:00.038621
[2023-08-27T05:55:11.479+0000] {dag_etl.py:36} INFO - Complete extract resource: 0:00:01.542675
[2023-08-27T05:55:11.480+0000] {dag_etl.py:38} INFO - Transforming user...
[2023-08-27T05:55:11.632+0000] {dag_etl.py:42} INFO - Complete transform user: 0:00:00.152741
[2023-08-27T05:55:11.633+0000] {dag_etl.py:44} INFO - transform space_ships...
[2023-08-27T05:55:11.753+0000] {dag_etl.py:47} INFO - Complete transform space_ships: 0:00:00.120644
[2023-08-27T05:55:11.753+0000] {dag_etl.py:49} INFO - transform drones...
[2023-08-27T05:55:11.829+0000] {dag_etl.py:52} INFO - Complete transform drones: 0:00:00.076109
[2023-08-27T05:55:11.829+0000] {dag_etl.py:54} INFO - transform pilots...
[2023-08-27T05:55:11.881+0000] {dag_etl.py:57} INFO - Complete transform pilots: 0:00:00.051919
[2023-08-27T05:55:11.881+0000] {dag_etl.py:59} INFO - transform talents...
[2023-08-27T05:55:11.907+0000] {dag_etl.py:62} INFO - Complete transform talents: 0:00:00.026053
[2023-08-27T05:55:11.907+0000] {dag_etl.py:64} INFO - transform expert_items...
[2023-08-27T05:55:11.933+0000] {dag_etl.py:67} INFO - Complete transform expert_items: 0:00:00.026567
[2023-08-27T05:55:11.934+0000] {dag_etl.py:69} INFO - Loading user...
[2023-08-27T05:55:12.772+0000] {dag_etl.py:72} INFO - Complete load user: 0:00:00.838329
[2023-08-27T05:55:12.773+0000] {dag_etl.py:74} INFO - Loading space_ships...
[2023-08-27T05:55:13.732+0000] {dag_etl.py:77} INFO - Complete load space_ships: 0:00:00.960006
[2023-08-27T05:55:13.732+0000] {dag_etl.py:79} INFO - Loading drones...
[2023-08-27T05:55:14.539+0000] {dag_etl.py:82} INFO - Complete load drones: 0:00:00.807471
[2023-08-27T05:55:14.540+0000] {dag_etl.py:84} INFO - Loading pilots...
[2023-08-27T05:55:16.450+0000] {dag_etl.py:87} INFO - Complete load drones: 0:00:01.910600
[2023-08-27T05:55:16.450+0000] {dag_etl.py:89} INFO - Loading talents...
[2023-08-27T05:55:17.424+0000] {dag_etl.py:92} INFO - Complete load drones: 0:00:00.974047
[2023-08-27T05:55:17.425+0000] {dag_etl.py:94} INFO - Loading expert_items...
[2023-08-27T05:55:18.102+0000] {dag_etl.py:97} INFO - Complete load drones: 0:00:00.677976
[2023-08-27T05:55:18.102+0000] {dag_etl.py:99} INFO - Complete ETL Users in : 0:00:11.727345
[2023-08-27T05:55:18.120+0000] {python.py:194} INFO - Done. Returned value was: None
[2023-08-27T05:55:18.156+0000] {taskinstance.py:1400} INFO - Marking task as SUCCESS. dag_id=gaas_etl_1, task_id=etl_user, execution_date=20230827T055400, start_date=20230827T055505, end_date=20230827T055518
[2023-08-27T05:55:18.213+0000] {local_task_job_runner.py:228} INFO - Task exited with return code 0
[2023-08-27T05:55:18.250+0000] {taskinstance.py:2784} INFO - 0 downstream tasks scheduled from follow-on schedule check
