[2023-08-27T06:18:05.361+0000] {taskinstance.py:1159} INFO - Dependencies all met for dep_context=non-requeueable deps ti=<TaskInstance: gaas_etl_1.etl_user scheduled__2023-08-27T06:17:00+00:00 [queued]>
[2023-08-27T06:18:05.408+0000] {taskinstance.py:1159} INFO - Dependencies all met for dep_context=requeueable deps ti=<TaskInstance: gaas_etl_1.etl_user scheduled__2023-08-27T06:17:00+00:00 [queued]>
[2023-08-27T06:18:05.410+0000] {taskinstance.py:1361} INFO - Starting attempt 1 of 1
[2023-08-27T06:18:05.448+0000] {taskinstance.py:1382} INFO - Executing <Task(PythonOperator): etl_user> on 2023-08-27 06:17:00+00:00
[2023-08-27T06:18:05.462+0000] {standard_task_runner.py:57} INFO - Started process 372755 to run task
[2023-08-27T06:18:05.479+0000] {standard_task_runner.py:84} INFO - Running: ['airflow', 'tasks', 'run', 'gaas_etl_1', 'etl_user', 'scheduled__2023-08-27T06:17:00+00:00', '--job-id', '4724', '--raw', '--subdir', 'DAGS_FOLDER/dag_etl.py', '--cfg-path', '/tmp/tmpz1oc_30r']
[2023-08-27T06:18:05.486+0000] {standard_task_runner.py:85} INFO - Job 4724: Subtask etl_user
[2023-08-27T06:18:05.845+0000] {task_command.py:415} INFO - Running <TaskInstance: gaas_etl_1.etl_user scheduled__2023-08-27T06:17:00+00:00 [running]> on host data-system.us-central1-a.c.data-system-392010.internal
[2023-08-27T06:18:06.236+0000] {taskinstance.py:1660} INFO - Exporting env vars: AIRFLOW_CTX_DAG_EMAIL='hungnm15012002@gmail.com' AIRFLOW_CTX_DAG_OWNER='hungnm' AIRFLOW_CTX_DAG_ID='gaas_etl_1' AIRFLOW_CTX_TASK_ID='etl_user' AIRFLOW_CTX_EXECUTION_DATE='2023-08-27T06:17:00+00:00' AIRFLOW_CTX_TRY_NUMBER='1' AIRFLOW_CTX_DAG_RUN_ID='scheduled__2023-08-27T06:17:00+00:00'
[2023-08-27T06:18:06.256+0000] {dag_etl.py:28} INFO - Extracting user...
[2023-08-27T06:18:19.734+0000] {extract.py:36} INFO - Request time: 0:00:13.478092
[2023-08-27T06:18:20.701+0000] {extract.py:42} INFO - Create DataFrame time: 0:00:00.966397
[2023-08-27T06:18:20.708+0000] {dag_etl.py:31} INFO - Complete extract user: 0:00:14.452208
[2023-08-27T06:18:20.709+0000] {dag_etl.py:33} INFO - Extracting resource...
[2023-08-27T06:18:31.096+0000] {extract.py:36} INFO - Request time: 0:00:10.387154
[2023-08-27T06:18:31.148+0000] {extract.py:42} INFO - Create DataFrame time: 0:00:00.051423
[2023-08-27T06:18:31.151+0000] {dag_etl.py:36} INFO - Complete extract resource: 0:00:10.442583
[2023-08-27T06:18:31.151+0000] {dag_etl.py:38} INFO - Transforming user...
[2023-08-27T06:18:31.554+0000] {dag_etl.py:42} INFO - Complete transform user: 0:00:00.403090
[2023-08-27T06:18:31.554+0000] {dag_etl.py:44} INFO - transform space_ships...
[2023-08-27T06:18:31.799+0000] {dag_etl.py:47} INFO - Complete transform space_ships: 0:00:00.245073
[2023-08-27T06:18:31.799+0000] {dag_etl.py:49} INFO - transform drones...
[2023-08-27T06:18:32.034+0000] {dag_etl.py:52} INFO - Complete transform drones: 0:00:00.235688
[2023-08-27T06:18:32.046+0000] {dag_etl.py:54} INFO - transform pilots...
[2023-08-27T06:18:32.296+0000] {dag_etl.py:57} INFO - Complete transform pilots: 0:00:00.261353
[2023-08-27T06:18:32.296+0000] {dag_etl.py:59} INFO - transform talents...
[2023-08-27T06:18:32.353+0000] {dag_etl.py:62} INFO - Complete transform talents: 0:00:00.056736
[2023-08-27T06:18:32.355+0000] {dag_etl.py:64} INFO - transform expert_items...
[2023-08-27T06:18:32.532+0000] {dag_etl.py:67} INFO - Complete transform expert_items: 0:00:00.179169
[2023-08-27T06:18:32.532+0000] {dag_etl.py:69} INFO - Loading user...
[2023-08-27T06:18:34.220+0000] {dag_etl.py:72} INFO - Complete load user: 0:00:01.687893
[2023-08-27T06:18:34.220+0000] {dag_etl.py:74} INFO - Loading space_ships...
[2023-08-27T06:18:36.368+0000] {dag_etl.py:77} INFO - Complete load space_ships: 0:00:02.148009
[2023-08-27T06:18:36.368+0000] {dag_etl.py:79} INFO - Loading drones...
[2023-08-27T06:18:38.229+0000] {dag_etl.py:82} INFO - Complete load drones: 0:00:01.861243
[2023-08-27T06:18:38.229+0000] {dag_etl.py:84} INFO - Loading pilots...
[2023-08-27T06:18:40.550+0000] {dag_etl.py:87} INFO - Complete load drones: 0:00:02.320904
[2023-08-27T06:18:40.550+0000] {dag_etl.py:89} INFO - Loading talents...
[2023-08-27T06:18:41.988+0000] {dag_etl.py:92} INFO - Complete load drones: 0:00:01.438299
[2023-08-27T06:18:41.989+0000] {dag_etl.py:94} INFO - Loading expert_items...
[2023-08-27T06:18:43.049+0000] {dag_etl.py:97} INFO - Complete load drones: 0:00:01.060965
[2023-08-27T06:18:43.050+0000] {dag_etl.py:99} INFO - Complete ETL Users in : 0:00:36.793727
[2023-08-27T06:18:43.073+0000] {python.py:194} INFO - Done. Returned value was: None
[2023-08-27T06:18:43.086+0000] {taskinstance.py:1400} INFO - Marking task as SUCCESS. dag_id=gaas_etl_1, task_id=etl_user, execution_date=20230827T061700, start_date=20230827T061805, end_date=20230827T061843
[2023-08-27T06:18:43.148+0000] {local_task_job_runner.py:228} INFO - Task exited with return code 0
[2023-08-27T06:18:43.168+0000] {taskinstance.py:2784} INFO - 0 downstream tasks scheduled from follow-on schedule check
