[2023-08-27T23:22:08.188+0000] {taskinstance.py:1159} INFO - Dependencies all met for dep_context=non-requeueable deps ti=<TaskInstance: gaas_etl_1.etl_user scheduled__2023-08-27T23:21:00+00:00 [queued]>
[2023-08-27T23:22:08.226+0000] {taskinstance.py:1159} INFO - Dependencies all met for dep_context=requeueable deps ti=<TaskInstance: gaas_etl_1.etl_user scheduled__2023-08-27T23:21:00+00:00 [queued]>
[2023-08-27T23:22:08.226+0000] {taskinstance.py:1361} INFO - Starting attempt 1 of 1
[2023-08-27T23:22:08.272+0000] {taskinstance.py:1382} INFO - Executing <Task(PythonOperator): etl_user> on 2023-08-27 23:21:00+00:00
[2023-08-27T23:22:08.293+0000] {standard_task_runner.py:57} INFO - Started process 472955 to run task
[2023-08-27T23:22:08.310+0000] {standard_task_runner.py:84} INFO - Running: ['airflow', 'tasks', 'run', 'gaas_etl_1', 'etl_user', 'scheduled__2023-08-27T23:21:00+00:00', '--job-id', '7797', '--raw', '--subdir', 'DAGS_FOLDER/dag_etl.py', '--cfg-path', '/tmp/tmp4h8ao2i2']
[2023-08-27T23:22:08.325+0000] {standard_task_runner.py:85} INFO - Job 7797: Subtask etl_user
[2023-08-27T23:22:09.415+0000] {task_command.py:415} INFO - Running <TaskInstance: gaas_etl_1.etl_user scheduled__2023-08-27T23:21:00+00:00 [running]> on host data-system.us-central1-a.c.data-system-392010.internal
[2023-08-27T23:22:09.904+0000] {taskinstance.py:1660} INFO - Exporting env vars: AIRFLOW_CTX_DAG_EMAIL='hungnm15012002@gmail.com' AIRFLOW_CTX_DAG_OWNER='hungnm' AIRFLOW_CTX_DAG_ID='gaas_etl_1' AIRFLOW_CTX_TASK_ID='etl_user' AIRFLOW_CTX_EXECUTION_DATE='2023-08-27T23:21:00+00:00' AIRFLOW_CTX_TRY_NUMBER='1' AIRFLOW_CTX_DAG_RUN_ID='scheduled__2023-08-27T23:21:00+00:00'
[2023-08-27T23:22:09.921+0000] {dag_etl.py:28} INFO - Extracting user...
[2023-08-27T23:22:17.180+0000] {extract.py:36} INFO - Request time: 0:00:07.258971
[2023-08-27T23:22:18.423+0000] {extract.py:42} INFO - Create DataFrame time: 0:00:01.241829
[2023-08-27T23:22:18.437+0000] {dag_etl.py:31} INFO - Complete extract user: 0:00:08.515925
[2023-08-27T23:22:18.444+0000] {dag_etl.py:33} INFO - Extracting resource...
[2023-08-27T23:22:21.016+0000] {extract.py:36} INFO - Request time: 0:00:02.571508
[2023-08-27T23:22:21.129+0000] {extract.py:42} INFO - Create DataFrame time: 0:00:00.111588
[2023-08-27T23:22:21.132+0000] {dag_etl.py:36} INFO - Complete extract resource: 0:00:02.695121
[2023-08-27T23:22:21.133+0000] {dag_etl.py:38} INFO - Transforming user...
[2023-08-27T23:22:21.553+0000] {dag_etl.py:42} INFO - Complete transform user: 0:00:00.421436
[2023-08-27T23:22:21.554+0000] {dag_etl.py:44} INFO - transform space_ships...
[2023-08-27T23:22:21.828+0000] {dag_etl.py:47} INFO - Complete transform space_ships: 0:00:00.274427
[2023-08-27T23:22:21.828+0000] {dag_etl.py:49} INFO - transform drones...
[2023-08-27T23:22:22.036+0000] {dag_etl.py:52} INFO - Complete transform drones: 0:00:00.208673
[2023-08-27T23:22:22.039+0000] {dag_etl.py:54} INFO - transform pilots...
[2023-08-27T23:22:22.266+0000] {dag_etl.py:57} INFO - Complete transform pilots: 0:00:00.229977
[2023-08-27T23:22:22.267+0000] {dag_etl.py:59} INFO - transform talents...
[2023-08-27T23:22:22.331+0000] {dag_etl.py:62} INFO - Complete transform talents: 0:00:00.064473
[2023-08-27T23:22:22.331+0000] {dag_etl.py:64} INFO - transform expert_items...
[2023-08-27T23:22:22.397+0000] {dag_etl.py:67} INFO - Complete transform expert_items: 0:00:00.066642
[2023-08-27T23:22:22.398+0000] {dag_etl.py:69} INFO - Loading user...
[2023-08-27T23:22:24.599+0000] {dag_etl.py:72} INFO - Complete load user: 0:00:02.201303
[2023-08-27T23:22:24.600+0000] {dag_etl.py:74} INFO - Loading space_ships...
[2023-08-27T23:22:28.062+0000] {dag_etl.py:77} INFO - Complete load space_ships: 0:00:03.463556
[2023-08-27T23:22:28.063+0000] {dag_etl.py:79} INFO - Loading drones...
[2023-08-27T23:22:30.536+0000] {dag_etl.py:82} INFO - Complete load drones: 0:00:02.473648
[2023-08-27T23:22:30.536+0000] {dag_etl.py:84} INFO - Loading pilots...
[2023-08-27T23:22:34.581+0000] {dag_etl.py:87} INFO - Complete load drones: 0:00:04.044713
[2023-08-27T23:22:34.581+0000] {dag_etl.py:89} INFO - Loading talents...
[2023-08-27T23:22:36.894+0000] {dag_etl.py:92} INFO - Complete load drones: 0:00:02.313574
[2023-08-27T23:22:36.895+0000] {dag_etl.py:94} INFO - Loading expert_items...
[2023-08-27T23:22:38.847+0000] {dag_etl.py:97} INFO - Complete load drones: 0:00:01.953304
[2023-08-27T23:22:38.848+0000] {dag_etl.py:99} INFO - Complete ETL Users in : 0:00:28.927366
[2023-08-27T23:22:38.886+0000] {python.py:194} INFO - Done. Returned value was: None
[2023-08-27T23:22:38.903+0000] {taskinstance.py:1400} INFO - Marking task as SUCCESS. dag_id=gaas_etl_1, task_id=etl_user, execution_date=20230827T232100, start_date=20230827T232208, end_date=20230827T232238
[2023-08-27T23:22:38.969+0000] {local_task_job_runner.py:228} INFO - Task exited with return code 0
[2023-08-27T23:22:39.006+0000] {taskinstance.py:2784} INFO - 0 downstream tasks scheduled from follow-on schedule check
