[2023-08-26T15:23:04.365+0000] {taskinstance.py:1159} INFO - Dependencies all met for dep_context=non-requeueable deps ti=<TaskInstance: gaas_etl_1.etl_user scheduled__2023-08-26T15:22:00+00:00 [queued]>
[2023-08-26T15:23:04.392+0000] {taskinstance.py:1159} INFO - Dependencies all met for dep_context=requeueable deps ti=<TaskInstance: gaas_etl_1.etl_user scheduled__2023-08-26T15:22:00+00:00 [queued]>
[2023-08-26T15:23:04.393+0000] {taskinstance.py:1361} INFO - Starting attempt 1 of 1
[2023-08-26T15:23:04.433+0000] {taskinstance.py:1382} INFO - Executing <Task(PythonOperator): etl_user> on 2023-08-26 15:22:00+00:00
[2023-08-26T15:23:04.445+0000] {standard_task_runner.py:57} INFO - Started process 318364 to run task
[2023-08-26T15:23:04.463+0000] {standard_task_runner.py:84} INFO - Running: ['airflow', 'tasks', 'run', 'gaas_etl_1', 'etl_user', 'scheduled__2023-08-26T15:22:00+00:00', '--job-id', '2039', '--raw', '--subdir', 'DAGS_FOLDER/dag_etl.py', '--cfg-path', '/tmp/tmpr7sjo1c7']
[2023-08-26T15:23:04.471+0000] {standard_task_runner.py:85} INFO - Job 2039: Subtask etl_user
[2023-08-26T15:23:04.698+0000] {task_command.py:415} INFO - Running <TaskInstance: gaas_etl_1.etl_user scheduled__2023-08-26T15:22:00+00:00 [running]> on host data-system.us-central1-a.c.data-system-392010.internal
[2023-08-26T15:23:04.962+0000] {taskinstance.py:1660} INFO - Exporting env vars: AIRFLOW_CTX_DAG_EMAIL='hungnm15012002@gmail.com' AIRFLOW_CTX_DAG_OWNER='hungnm' AIRFLOW_CTX_DAG_ID='gaas_etl_1' AIRFLOW_CTX_TASK_ID='etl_user' AIRFLOW_CTX_EXECUTION_DATE='2023-08-26T15:22:00+00:00' AIRFLOW_CTX_TRY_NUMBER='1' AIRFLOW_CTX_DAG_RUN_ID='scheduled__2023-08-26T15:22:00+00:00'
[2023-08-26T15:23:04.982+0000] {dag_etl.py:28} INFO - Extracting user...
[2023-08-26T15:23:10.468+0000] {extract.py:36} INFO - Request time: 0:00:05.484992
[2023-08-26T15:23:10.875+0000] {extract.py:42} INFO - Create DataFrame time: 0:00:00.406676
[2023-08-26T15:23:10.878+0000] {dag_etl.py:31} INFO - Complete extract user: 0:00:05.895510
[2023-08-26T15:23:10.879+0000] {dag_etl.py:33} INFO - Extracting resource...
[2023-08-26T15:23:16.264+0000] {extract.py:36} INFO - Request time: 0:00:05.384849
[2023-08-26T15:23:16.322+0000] {extract.py:42} INFO - Create DataFrame time: 0:00:00.057570
[2023-08-26T15:23:16.325+0000] {dag_etl.py:36} INFO - Complete extract resource: 0:00:05.447294
[2023-08-26T15:23:16.326+0000] {dag_etl.py:38} INFO - Transforming user...
[2023-08-26T15:23:16.592+0000] {dag_etl.py:42} INFO - Complete transform user: 0:00:00.267357
[2023-08-26T15:23:16.593+0000] {dag_etl.py:44} INFO - transform space_ships...
[2023-08-26T15:23:16.796+0000] {dag_etl.py:47} INFO - Complete transform space_ships: 0:00:00.203440
[2023-08-26T15:23:16.797+0000] {dag_etl.py:49} INFO - transform drones...
[2023-08-26T15:23:16.913+0000] {dag_etl.py:52} INFO - Complete transform drones: 0:00:00.117127
[2023-08-26T15:23:16.913+0000] {dag_etl.py:54} INFO - transform pilots...
[2023-08-26T15:23:16.984+0000] {dag_etl.py:57} INFO - Complete transform pilots: 0:00:00.070842
[2023-08-26T15:23:16.984+0000] {dag_etl.py:59} INFO - transform talents...
[2023-08-26T15:23:17.024+0000] {dag_etl.py:62} INFO - Complete transform talents: 0:00:00.040613
[2023-08-26T15:23:17.025+0000] {dag_etl.py:64} INFO - transform expert_items...
[2023-08-26T15:23:17.057+0000] {dag_etl.py:67} INFO - Complete transform expert_items: 0:00:00.032880
[2023-08-26T15:23:17.058+0000] {dag_etl.py:69} INFO - Loading user...
[2023-08-26T15:23:18.152+0000] {dag_etl.py:72} INFO - Complete load user: 0:00:01.094479
[2023-08-26T15:23:18.152+0000] {dag_etl.py:74} INFO - Loading space_ships...
[2023-08-26T15:23:19.660+0000] {dag_etl.py:77} INFO - Complete load space_ships: 0:00:01.507848
[2023-08-26T15:23:19.660+0000] {dag_etl.py:79} INFO - Loading drones...
[2023-08-26T15:23:21.098+0000] {dag_etl.py:82} INFO - Complete load drones: 0:00:01.438397
[2023-08-26T15:23:21.098+0000] {dag_etl.py:84} INFO - Loading pilots...
[2023-08-26T15:23:23.553+0000] {dag_etl.py:87} INFO - Complete load drones: 0:00:02.454718
[2023-08-26T15:23:23.553+0000] {dag_etl.py:89} INFO - Loading talents...
[2023-08-26T15:23:25.031+0000] {dag_etl.py:92} INFO - Complete load drones: 0:00:01.478622
[2023-08-26T15:23:25.032+0000] {dag_etl.py:94} INFO - Loading expert_items...
[2023-08-26T15:23:25.767+0000] {dag_etl.py:97} INFO - Complete load drones: 0:00:00.735637
[2023-08-26T15:23:25.768+0000] {dag_etl.py:99} INFO - Complete ETL Users in : 0:00:20.785425
[2023-08-26T15:23:25.809+0000] {python.py:194} INFO - Done. Returned value was: None
[2023-08-26T15:23:25.845+0000] {taskinstance.py:1400} INFO - Marking task as SUCCESS. dag_id=gaas_etl_1, task_id=etl_user, execution_date=20230826T152200, start_date=20230826T152304, end_date=20230826T152325
[2023-08-26T15:23:25.920+0000] {local_task_job_runner.py:228} INFO - Task exited with return code 0
[2023-08-26T15:23:25.956+0000] {taskinstance.py:2784} INFO - 0 downstream tasks scheduled from follow-on schedule check
