[2023-08-26T20:21:04.456+0000] {taskinstance.py:1159} INFO - Dependencies all met for dep_context=non-requeueable deps ti=<TaskInstance: gaas_etl_1.etl_user scheduled__2023-08-26T20:20:00+00:00 [queued]>
[2023-08-26T20:21:04.477+0000] {taskinstance.py:1159} INFO - Dependencies all met for dep_context=requeueable deps ti=<TaskInstance: gaas_etl_1.etl_user scheduled__2023-08-26T20:20:00+00:00 [queued]>
[2023-08-26T20:21:04.477+0000] {taskinstance.py:1361} INFO - Starting attempt 1 of 1
[2023-08-26T20:21:04.508+0000] {taskinstance.py:1382} INFO - Executing <Task(PythonOperator): etl_user> on 2023-08-26 20:20:00+00:00
[2023-08-26T20:21:04.518+0000] {standard_task_runner.py:57} INFO - Started process 330094 to run task
[2023-08-26T20:21:04.533+0000] {standard_task_runner.py:84} INFO - Running: ['airflow', 'tasks', 'run', 'gaas_etl_1', 'etl_user', 'scheduled__2023-08-26T20:20:00+00:00', '--job-id', '2933', '--raw', '--subdir', 'DAGS_FOLDER/dag_etl.py', '--cfg-path', '/tmp/tmpihgea3nq']
[2023-08-26T20:21:04.540+0000] {standard_task_runner.py:85} INFO - Job 2933: Subtask etl_user
[2023-08-26T20:21:05.182+0000] {task_command.py:415} INFO - Running <TaskInstance: gaas_etl_1.etl_user scheduled__2023-08-26T20:20:00+00:00 [running]> on host data-system.us-central1-a.c.data-system-392010.internal
[2023-08-26T20:21:05.487+0000] {taskinstance.py:1660} INFO - Exporting env vars: AIRFLOW_CTX_DAG_EMAIL='hungnm15012002@gmail.com' AIRFLOW_CTX_DAG_OWNER='hungnm' AIRFLOW_CTX_DAG_ID='gaas_etl_1' AIRFLOW_CTX_TASK_ID='etl_user' AIRFLOW_CTX_EXECUTION_DATE='2023-08-26T20:20:00+00:00' AIRFLOW_CTX_TRY_NUMBER='1' AIRFLOW_CTX_DAG_RUN_ID='scheduled__2023-08-26T20:20:00+00:00'
[2023-08-26T20:21:05.508+0000] {dag_etl.py:28} INFO - Extracting user...
[2023-08-26T20:21:12.190+0000] {extract.py:36} INFO - Request time: 0:00:06.681715
[2023-08-26T20:21:13.273+0000] {extract.py:42} INFO - Create DataFrame time: 0:00:01.081822
[2023-08-26T20:21:13.279+0000] {dag_etl.py:31} INFO - Complete extract user: 0:00:07.771569
[2023-08-26T20:21:13.281+0000] {dag_etl.py:33} INFO - Extracting resource...
[2023-08-26T20:21:15.327+0000] {extract.py:36} INFO - Request time: 0:00:02.045905
[2023-08-26T20:21:15.420+0000] {extract.py:42} INFO - Create DataFrame time: 0:00:00.091813
[2023-08-26T20:21:15.424+0000] {dag_etl.py:36} INFO - Complete extract resource: 0:00:02.144859
[2023-08-26T20:21:15.426+0000] {dag_etl.py:38} INFO - Transforming user...
[2023-08-26T20:21:15.780+0000] {dag_etl.py:42} INFO - Complete transform user: 0:00:00.355636
[2023-08-26T20:21:15.781+0000] {dag_etl.py:44} INFO - transform space_ships...
[2023-08-26T20:21:16.137+0000] {dag_etl.py:47} INFO - Complete transform space_ships: 0:00:00.357193
[2023-08-26T20:21:16.138+0000] {dag_etl.py:49} INFO - transform drones...
[2023-08-26T20:21:16.344+0000] {dag_etl.py:52} INFO - Complete transform drones: 0:00:00.206688
[2023-08-26T20:21:16.345+0000] {dag_etl.py:54} INFO - transform pilots...
[2023-08-26T20:21:16.480+0000] {dag_etl.py:57} INFO - Complete transform pilots: 0:00:00.136453
[2023-08-26T20:21:16.481+0000] {dag_etl.py:59} INFO - transform talents...
[2023-08-26T20:21:16.546+0000] {dag_etl.py:62} INFO - Complete transform talents: 0:00:00.065690
[2023-08-26T20:21:16.546+0000] {dag_etl.py:64} INFO - transform expert_items...
[2023-08-26T20:21:16.604+0000] {dag_etl.py:67} INFO - Complete transform expert_items: 0:00:00.057846
[2023-08-26T20:21:16.604+0000] {dag_etl.py:69} INFO - Loading user...
[2023-08-26T20:21:18.871+0000] {dag_etl.py:72} INFO - Complete load user: 0:00:02.266996
[2023-08-26T20:21:18.871+0000] {dag_etl.py:74} INFO - Loading space_ships...
[2023-08-26T20:21:22.617+0000] {dag_etl.py:77} INFO - Complete load space_ships: 0:00:03.746808
[2023-08-26T20:21:22.618+0000] {dag_etl.py:79} INFO - Loading drones...
[2023-08-26T20:21:25.618+0000] {dag_etl.py:82} INFO - Complete load drones: 0:00:03.000979
[2023-08-26T20:21:25.619+0000] {dag_etl.py:84} INFO - Loading pilots...
[2023-08-26T20:21:30.029+0000] {dag_etl.py:87} INFO - Complete load drones: 0:00:04.411137
[2023-08-26T20:21:30.030+0000] {dag_etl.py:89} INFO - Loading talents...
[2023-08-26T20:21:32.653+0000] {dag_etl.py:92} INFO - Complete load drones: 0:00:02.623020
[2023-08-26T20:21:32.653+0000] {dag_etl.py:94} INFO - Loading expert_items...
[2023-08-26T20:21:34.485+0000] {dag_etl.py:97} INFO - Complete load drones: 0:00:01.832353
[2023-08-26T20:21:34.486+0000] {dag_etl.py:99} INFO - Complete ETL Users in : 0:00:28.977988
[2023-08-26T20:21:34.550+0000] {python.py:194} INFO - Done. Returned value was: None
[2023-08-26T20:21:34.570+0000] {taskinstance.py:1400} INFO - Marking task as SUCCESS. dag_id=gaas_etl_1, task_id=etl_user, execution_date=20230826T202000, start_date=20230826T202104, end_date=20230826T202134
[2023-08-26T20:21:34.649+0000] {local_task_job_runner.py:228} INFO - Task exited with return code 0
[2023-08-26T20:21:34.680+0000] {taskinstance.py:2784} INFO - 0 downstream tasks scheduled from follow-on schedule check
