[2023-08-27T03:27:09.667+0000] {taskinstance.py:1159} INFO - Dependencies all met for dep_context=non-requeueable deps ti=<TaskInstance: gaas_etl_1.etl_user scheduled__2023-08-27T03:26:00+00:00 [queued]>
[2023-08-27T03:27:09.713+0000] {taskinstance.py:1159} INFO - Dependencies all met for dep_context=requeueable deps ti=<TaskInstance: gaas_etl_1.etl_user scheduled__2023-08-27T03:26:00+00:00 [queued]>
[2023-08-27T03:27:09.714+0000] {taskinstance.py:1361} INFO - Starting attempt 1 of 1
[2023-08-27T03:27:09.790+0000] {taskinstance.py:1382} INFO - Executing <Task(PythonOperator): etl_user> on 2023-08-27 03:26:00+00:00
[2023-08-27T03:27:09.815+0000] {standard_task_runner.py:57} INFO - Started process 351879 to run task
[2023-08-27T03:27:09.830+0000] {standard_task_runner.py:84} INFO - Running: ['airflow', 'tasks', 'run', 'gaas_etl_1', 'etl_user', 'scheduled__2023-08-27T03:26:00+00:00', '--job-id', '4210', '--raw', '--subdir', 'DAGS_FOLDER/dag_etl.py', '--cfg-path', '/tmp/tmp3am57fzy']
[2023-08-27T03:27:09.844+0000] {standard_task_runner.py:85} INFO - Job 4210: Subtask etl_user
[2023-08-27T03:27:10.443+0000] {task_command.py:415} INFO - Running <TaskInstance: gaas_etl_1.etl_user scheduled__2023-08-27T03:26:00+00:00 [running]> on host data-system.us-central1-a.c.data-system-392010.internal
[2023-08-27T03:27:11.690+0000] {taskinstance.py:1660} INFO - Exporting env vars: AIRFLOW_CTX_DAG_EMAIL='hungnm15012002@gmail.com' AIRFLOW_CTX_DAG_OWNER='hungnm' AIRFLOW_CTX_DAG_ID='gaas_etl_1' AIRFLOW_CTX_TASK_ID='etl_user' AIRFLOW_CTX_EXECUTION_DATE='2023-08-27T03:26:00+00:00' AIRFLOW_CTX_TRY_NUMBER='1' AIRFLOW_CTX_DAG_RUN_ID='scheduled__2023-08-27T03:26:00+00:00'
[2023-08-27T03:27:11.723+0000] {dag_etl.py:28} INFO - Extracting user...
[2023-08-27T03:27:15.424+0000] {extract.py:36} INFO - Request time: 0:00:03.700343
[2023-08-27T03:27:15.981+0000] {extract.py:42} INFO - Create DataFrame time: 0:00:00.554772
[2023-08-27T03:27:15.993+0000] {dag_etl.py:31} INFO - Complete extract user: 0:00:04.269978
[2023-08-27T03:27:15.996+0000] {dag_etl.py:33} INFO - Extracting resource...
[2023-08-27T03:27:17.545+0000] {extract.py:36} INFO - Request time: 0:00:01.548001
[2023-08-27T03:27:17.638+0000] {extract.py:42} INFO - Create DataFrame time: 0:00:00.092513
[2023-08-27T03:27:17.644+0000] {dag_etl.py:36} INFO - Complete extract resource: 0:00:01.650642
[2023-08-27T03:27:17.645+0000] {dag_etl.py:38} INFO - Transforming user...
[2023-08-27T03:27:17.969+0000] {dag_etl.py:42} INFO - Complete transform user: 0:00:00.324860
[2023-08-27T03:27:17.969+0000] {dag_etl.py:44} INFO - transform space_ships...
[2023-08-27T03:27:18.148+0000] {dag_etl.py:47} INFO - Complete transform space_ships: 0:00:00.179422
[2023-08-27T03:27:18.149+0000] {dag_etl.py:49} INFO - transform drones...
[2023-08-27T03:27:18.282+0000] {dag_etl.py:52} INFO - Complete transform drones: 0:00:00.133840
[2023-08-27T03:27:18.287+0000] {dag_etl.py:54} INFO - transform pilots...
[2023-08-27T03:27:18.361+0000] {dag_etl.py:57} INFO - Complete transform pilots: 0:00:00.079336
[2023-08-27T03:27:18.362+0000] {dag_etl.py:59} INFO - transform talents...
[2023-08-27T03:27:18.398+0000] {dag_etl.py:62} INFO - Complete transform talents: 0:00:00.036993
[2023-08-27T03:27:18.405+0000] {dag_etl.py:64} INFO - transform expert_items...
[2023-08-27T03:27:18.470+0000] {dag_etl.py:67} INFO - Complete transform expert_items: 0:00:00.071851
[2023-08-27T03:27:18.471+0000] {dag_etl.py:69} INFO - Loading user...
[2023-08-27T03:27:19.411+0000] {dag_etl.py:72} INFO - Complete load user: 0:00:00.940764
[2023-08-27T03:27:19.411+0000] {dag_etl.py:74} INFO - Loading space_ships...
[2023-08-27T03:27:20.699+0000] {dag_etl.py:77} INFO - Complete load space_ships: 0:00:01.287994
[2023-08-27T03:27:20.700+0000] {dag_etl.py:79} INFO - Loading drones...
[2023-08-27T03:27:21.807+0000] {dag_etl.py:82} INFO - Complete load drones: 0:00:01.108268
[2023-08-27T03:27:21.808+0000] {dag_etl.py:84} INFO - Loading pilots...
[2023-08-27T03:27:23.750+0000] {dag_etl.py:87} INFO - Complete load drones: 0:00:01.942850
[2023-08-27T03:27:23.750+0000] {dag_etl.py:89} INFO - Loading talents...
[2023-08-27T03:27:24.856+0000] {dag_etl.py:92} INFO - Complete load drones: 0:00:01.106538
[2023-08-27T03:27:24.858+0000] {dag_etl.py:94} INFO - Loading expert_items...
[2023-08-27T03:27:25.746+0000] {dag_etl.py:97} INFO - Complete load drones: 0:00:00.889733
[2023-08-27T03:27:25.747+0000] {dag_etl.py:99} INFO - Complete ETL Users in : 0:00:14.023613
[2023-08-27T03:27:25.786+0000] {python.py:194} INFO - Done. Returned value was: None
[2023-08-27T03:27:25.825+0000] {taskinstance.py:1400} INFO - Marking task as SUCCESS. dag_id=gaas_etl_1, task_id=etl_user, execution_date=20230827T032600, start_date=20230827T032709, end_date=20230827T032725
[2023-08-27T03:27:25.918+0000] {local_task_job_runner.py:228} INFO - Task exited with return code 0
[2023-08-27T03:27:25.954+0000] {taskinstance.py:2784} INFO - 0 downstream tasks scheduled from follow-on schedule check
