[2023-08-27T03:00:04.560+0000] {taskinstance.py:1159} INFO - Dependencies all met for dep_context=non-requeueable deps ti=<TaskInstance: gaas_etl_1.etl_user scheduled__2023-08-27T02:59:00+00:00 [queued]>
[2023-08-27T03:00:04.577+0000] {taskinstance.py:1159} INFO - Dependencies all met for dep_context=requeueable deps ti=<TaskInstance: gaas_etl_1.etl_user scheduled__2023-08-27T02:59:00+00:00 [queued]>
[2023-08-27T03:00:04.578+0000] {taskinstance.py:1361} INFO - Starting attempt 1 of 1
[2023-08-27T03:00:04.602+0000] {taskinstance.py:1382} INFO - Executing <Task(PythonOperator): etl_user> on 2023-08-27 02:59:00+00:00
[2023-08-27T03:00:04.611+0000] {standard_task_runner.py:57} INFO - Started process 346014 to run task
[2023-08-27T03:00:04.627+0000] {standard_task_runner.py:84} INFO - Running: ['airflow', 'tasks', 'run', 'gaas_etl_1', 'etl_user', 'scheduled__2023-08-27T02:59:00+00:00', '--job-id', '4130', '--raw', '--subdir', 'DAGS_FOLDER/dag_etl.py', '--cfg-path', '/tmp/tmpimltsyiu']
[2023-08-27T03:00:04.633+0000] {standard_task_runner.py:85} INFO - Job 4130: Subtask etl_user
[2023-08-27T03:00:04.976+0000] {task_command.py:415} INFO - Running <TaskInstance: gaas_etl_1.etl_user scheduled__2023-08-27T02:59:00+00:00 [running]> on host data-system.us-central1-a.c.data-system-392010.internal
[2023-08-27T03:00:05.338+0000] {taskinstance.py:1660} INFO - Exporting env vars: AIRFLOW_CTX_DAG_EMAIL='hungnm15012002@gmail.com' AIRFLOW_CTX_DAG_OWNER='hungnm' AIRFLOW_CTX_DAG_ID='gaas_etl_1' AIRFLOW_CTX_TASK_ID='etl_user' AIRFLOW_CTX_EXECUTION_DATE='2023-08-27T02:59:00+00:00' AIRFLOW_CTX_TRY_NUMBER='1' AIRFLOW_CTX_DAG_RUN_ID='scheduled__2023-08-27T02:59:00+00:00'
[2023-08-27T03:00:05.359+0000] {dag_etl.py:28} INFO - Extracting user...
[2023-08-27T03:00:08.851+0000] {extract.py:36} INFO - Request time: 0:00:03.491600
[2023-08-27T03:00:09.232+0000] {extract.py:42} INFO - Create DataFrame time: 0:00:00.380208
[2023-08-27T03:00:09.236+0000] {dag_etl.py:31} INFO - Complete extract user: 0:00:03.876427
[2023-08-27T03:00:09.237+0000] {dag_etl.py:33} INFO - Extracting resource...
[2023-08-27T03:00:10.948+0000] {extract.py:36} INFO - Request time: 0:00:01.711140
[2023-08-27T03:00:10.992+0000] {extract.py:42} INFO - Create DataFrame time: 0:00:00.043165
[2023-08-27T03:00:10.995+0000] {dag_etl.py:36} INFO - Complete extract resource: 0:00:01.759481
[2023-08-27T03:00:10.996+0000] {dag_etl.py:38} INFO - Transforming user...
[2023-08-27T03:00:11.158+0000] {dag_etl.py:42} INFO - Complete transform user: 0:00:00.162589
[2023-08-27T03:00:11.158+0000] {dag_etl.py:44} INFO - transform space_ships...
[2023-08-27T03:00:11.267+0000] {dag_etl.py:47} INFO - Complete transform space_ships: 0:00:00.109029
[2023-08-27T03:00:11.267+0000] {dag_etl.py:49} INFO - transform drones...
[2023-08-27T03:00:11.409+0000] {dag_etl.py:52} INFO - Complete transform drones: 0:00:00.142731
[2023-08-27T03:00:11.411+0000] {dag_etl.py:54} INFO - transform pilots...
[2023-08-27T03:00:11.470+0000] {dag_etl.py:57} INFO - Complete transform pilots: 0:00:00.060631
[2023-08-27T03:00:11.471+0000] {dag_etl.py:59} INFO - transform talents...
[2023-08-27T03:00:11.499+0000] {dag_etl.py:62} INFO - Complete transform talents: 0:00:00.028599
[2023-08-27T03:00:11.499+0000] {dag_etl.py:64} INFO - transform expert_items...
[2023-08-27T03:00:11.528+0000] {dag_etl.py:67} INFO - Complete transform expert_items: 0:00:00.029658
[2023-08-27T03:00:11.529+0000] {dag_etl.py:69} INFO - Loading user...
[2023-08-27T03:00:12.314+0000] {dag_etl.py:72} INFO - Complete load user: 0:00:00.785729
[2023-08-27T03:00:12.315+0000] {dag_etl.py:74} INFO - Loading space_ships...
[2023-08-27T03:00:13.370+0000] {dag_etl.py:77} INFO - Complete load space_ships: 0:00:01.056249
[2023-08-27T03:00:13.371+0000] {dag_etl.py:79} INFO - Loading drones...
[2023-08-27T03:00:14.304+0000] {dag_etl.py:82} INFO - Complete load drones: 0:00:00.934034
[2023-08-27T03:00:14.305+0000] {dag_etl.py:84} INFO - Loading pilots...
[2023-08-27T03:00:16.369+0000] {dag_etl.py:87} INFO - Complete load drones: 0:00:02.064217
[2023-08-27T03:00:16.369+0000] {dag_etl.py:89} INFO - Loading talents...
[2023-08-27T03:00:17.390+0000] {dag_etl.py:92} INFO - Complete load drones: 0:00:01.021098
[2023-08-27T03:00:17.390+0000] {dag_etl.py:94} INFO - Loading expert_items...
[2023-08-27T03:00:18.239+0000] {dag_etl.py:97} INFO - Complete load drones: 0:00:00.849790
[2023-08-27T03:00:18.240+0000] {dag_etl.py:99} INFO - Complete ETL Users in : 0:00:12.880807
[2023-08-27T03:00:18.256+0000] {python.py:194} INFO - Done. Returned value was: None
[2023-08-27T03:00:18.279+0000] {taskinstance.py:1400} INFO - Marking task as SUCCESS. dag_id=gaas_etl_1, task_id=etl_user, execution_date=20230827T025900, start_date=20230827T030004, end_date=20230827T030018
[2023-08-27T03:00:18.357+0000] {local_task_job_runner.py:228} INFO - Task exited with return code 0
[2023-08-27T03:00:18.390+0000] {taskinstance.py:2784} INFO - 0 downstream tasks scheduled from follow-on schedule check
