[2023-08-27T10:01:11.528+0000] {taskinstance.py:1159} INFO - Dependencies all met for dep_context=non-requeueable deps ti=<TaskInstance: gaas_etl_1.etl_user scheduled__2023-08-27T10:00:00+00:00 [queued]>
[2023-08-27T10:01:11.599+0000] {taskinstance.py:1159} INFO - Dependencies all met for dep_context=requeueable deps ti=<TaskInstance: gaas_etl_1.etl_user scheduled__2023-08-27T10:00:00+00:00 [queued]>
[2023-08-27T10:01:11.601+0000] {taskinstance.py:1361} INFO - Starting attempt 1 of 1
[2023-08-27T10:01:11.704+0000] {taskinstance.py:1382} INFO - Executing <Task(PythonOperator): etl_user> on 2023-08-27 10:00:00+00:00
[2023-08-27T10:01:11.732+0000] {standard_task_runner.py:57} INFO - Started process 381870 to run task
[2023-08-27T10:01:11.772+0000] {standard_task_runner.py:84} INFO - Running: ['airflow', 'tasks', 'run', 'gaas_etl_1', 'etl_user', 'scheduled__2023-08-27T10:00:00+00:00', '--job-id', '5393', '--raw', '--subdir', 'DAGS_FOLDER/dag_etl.py', '--cfg-path', '/tmp/tmpg5ydnlif']
[2023-08-27T10:01:11.782+0000] {standard_task_runner.py:85} INFO - Job 5393: Subtask etl_user
[2023-08-27T10:01:13.751+0000] {task_command.py:415} INFO - Running <TaskInstance: gaas_etl_1.etl_user scheduled__2023-08-27T10:00:00+00:00 [running]> on host data-system.us-central1-a.c.data-system-392010.internal
[2023-08-27T10:01:15.244+0000] {taskinstance.py:1660} INFO - Exporting env vars: AIRFLOW_CTX_DAG_EMAIL='hungnm15012002@gmail.com' AIRFLOW_CTX_DAG_OWNER='hungnm' AIRFLOW_CTX_DAG_ID='gaas_etl_1' AIRFLOW_CTX_TASK_ID='etl_user' AIRFLOW_CTX_EXECUTION_DATE='2023-08-27T10:00:00+00:00' AIRFLOW_CTX_TRY_NUMBER='1' AIRFLOW_CTX_DAG_RUN_ID='scheduled__2023-08-27T10:00:00+00:00'
[2023-08-27T10:01:15.506+0000] {dag_etl.py:28} INFO - Extracting user...
[2023-08-27T10:01:20.202+0000] {extract.py:36} INFO - Request time: 0:00:04.687298
[2023-08-27T10:01:20.984+0000] {extract.py:42} INFO - Create DataFrame time: 0:00:00.780328
[2023-08-27T10:01:20.988+0000] {dag_etl.py:31} INFO - Complete extract user: 0:00:05.486218
[2023-08-27T10:01:20.989+0000] {dag_etl.py:33} INFO - Extracting resource...
[2023-08-27T10:01:28.718+0000] {extract.py:36} INFO - Request time: 0:00:07.728553
[2023-08-27T10:01:28.784+0000] {extract.py:42} INFO - Create DataFrame time: 0:00:00.064930
[2023-08-27T10:01:28.788+0000] {dag_etl.py:36} INFO - Complete extract resource: 0:00:07.800176
[2023-08-27T10:01:28.789+0000] {dag_etl.py:38} INFO - Transforming user...
[2023-08-27T10:01:29.023+0000] {dag_etl.py:42} INFO - Complete transform user: 0:00:00.235153
[2023-08-27T10:01:29.024+0000] {dag_etl.py:44} INFO - transform space_ships...
[2023-08-27T10:01:29.166+0000] {dag_etl.py:47} INFO - Complete transform space_ships: 0:00:00.142686
[2023-08-27T10:01:29.166+0000] {dag_etl.py:49} INFO - transform drones...
[2023-08-27T10:01:29.264+0000] {dag_etl.py:52} INFO - Complete transform drones: 0:00:00.098200
[2023-08-27T10:01:29.265+0000] {dag_etl.py:54} INFO - transform pilots...
[2023-08-27T10:01:29.324+0000] {dag_etl.py:57} INFO - Complete transform pilots: 0:00:00.060356
[2023-08-27T10:01:29.325+0000] {dag_etl.py:59} INFO - transform talents...
[2023-08-27T10:01:29.356+0000] {dag_etl.py:62} INFO - Complete transform talents: 0:00:00.031447
[2023-08-27T10:01:29.356+0000] {dag_etl.py:64} INFO - transform expert_items...
[2023-08-27T10:01:29.383+0000] {dag_etl.py:67} INFO - Complete transform expert_items: 0:00:00.027447
[2023-08-27T10:01:29.384+0000] {dag_etl.py:69} INFO - Loading user...
[2023-08-27T10:01:30.304+0000] {dag_etl.py:72} INFO - Complete load user: 0:00:00.920726
[2023-08-27T10:01:30.304+0000] {dag_etl.py:74} INFO - Loading space_ships...
[2023-08-27T10:01:31.484+0000] {dag_etl.py:77} INFO - Complete load space_ships: 0:00:01.179544
[2023-08-27T10:01:31.485+0000] {dag_etl.py:79} INFO - Loading drones...
[2023-08-27T10:01:32.615+0000] {dag_etl.py:82} INFO - Complete load drones: 0:00:01.131946
[2023-08-27T10:01:32.616+0000] {dag_etl.py:84} INFO - Loading pilots...
[2023-08-27T10:01:34.557+0000] {dag_etl.py:87} INFO - Complete load drones: 0:00:01.941257
[2023-08-27T10:01:34.557+0000] {dag_etl.py:89} INFO - Loading talents...
[2023-08-27T10:01:35.778+0000] {dag_etl.py:92} INFO - Complete load drones: 0:00:01.221724
[2023-08-27T10:01:35.779+0000] {dag_etl.py:94} INFO - Loading expert_items...
[2023-08-27T10:01:36.519+0000] {dag_etl.py:97} INFO - Complete load drones: 0:00:00.740618
[2023-08-27T10:01:36.520+0000] {dag_etl.py:99} INFO - Complete ETL Users in : 0:00:21.018174
[2023-08-27T10:01:36.546+0000] {python.py:194} INFO - Done. Returned value was: None
[2023-08-27T10:01:36.571+0000] {taskinstance.py:1400} INFO - Marking task as SUCCESS. dag_id=gaas_etl_1, task_id=etl_user, execution_date=20230827T100000, start_date=20230827T100111, end_date=20230827T100136
[2023-08-27T10:01:36.687+0000] {local_task_job_runner.py:228} INFO - Task exited with return code 0
[2023-08-27T10:01:36.725+0000] {taskinstance.py:2784} INFO - 0 downstream tasks scheduled from follow-on schedule check
