[2023-08-28T00:30:08.090+0000] {taskinstance.py:1159} INFO - Dependencies all met for dep_context=non-requeueable deps ti=<TaskInstance: gaas_etl_1.etl_user scheduled__2023-08-28T00:29:00+00:00 [queued]>
[2023-08-28T00:30:08.153+0000] {taskinstance.py:1159} INFO - Dependencies all met for dep_context=requeueable deps ti=<TaskInstance: gaas_etl_1.etl_user scheduled__2023-08-28T00:29:00+00:00 [queued]>
[2023-08-28T00:30:08.156+0000] {taskinstance.py:1361} INFO - Starting attempt 1 of 1
[2023-08-28T00:30:08.211+0000] {taskinstance.py:1382} INFO - Executing <Task(PythonOperator): etl_user> on 2023-08-28 00:29:00+00:00
[2023-08-28T00:30:08.220+0000] {standard_task_runner.py:57} INFO - Started process 480075 to run task
[2023-08-28T00:30:08.252+0000] {standard_task_runner.py:84} INFO - Running: ['airflow', 'tasks', 'run', 'gaas_etl_1', 'etl_user', 'scheduled__2023-08-28T00:29:00+00:00', '--job-id', '8000', '--raw', '--subdir', 'DAGS_FOLDER/dag_etl.py', '--cfg-path', '/tmp/tmp7o8nwow8']
[2023-08-28T00:30:08.270+0000] {standard_task_runner.py:85} INFO - Job 8000: Subtask etl_user
[2023-08-28T00:30:09.584+0000] {task_command.py:415} INFO - Running <TaskInstance: gaas_etl_1.etl_user scheduled__2023-08-28T00:29:00+00:00 [running]> on host data-system.us-central1-a.c.data-system-392010.internal
[2023-08-28T00:30:10.150+0000] {taskinstance.py:1660} INFO - Exporting env vars: AIRFLOW_CTX_DAG_EMAIL='hungnm15012002@gmail.com' AIRFLOW_CTX_DAG_OWNER='hungnm' AIRFLOW_CTX_DAG_ID='gaas_etl_1' AIRFLOW_CTX_TASK_ID='etl_user' AIRFLOW_CTX_EXECUTION_DATE='2023-08-28T00:29:00+00:00' AIRFLOW_CTX_TRY_NUMBER='1' AIRFLOW_CTX_DAG_RUN_ID='scheduled__2023-08-28T00:29:00+00:00'
[2023-08-28T00:30:10.171+0000] {dag_etl.py:28} INFO - Extracting user...
[2023-08-28T00:30:13.831+0000] {extract.py:36} INFO - Request time: 0:00:03.658765
[2023-08-28T00:30:14.637+0000] {extract.py:42} INFO - Create DataFrame time: 0:00:00.805854
[2023-08-28T00:30:14.641+0000] {dag_etl.py:31} INFO - Complete extract user: 0:00:04.469445
[2023-08-28T00:30:14.641+0000] {dag_etl.py:33} INFO - Extracting resource...
[2023-08-28T00:30:16.590+0000] {extract.py:36} INFO - Request time: 0:00:01.948411
[2023-08-28T00:30:16.641+0000] {extract.py:42} INFO - Create DataFrame time: 0:00:00.049917
[2023-08-28T00:30:16.644+0000] {dag_etl.py:36} INFO - Complete extract resource: 0:00:02.002893
[2023-08-28T00:30:16.647+0000] {dag_etl.py:38} INFO - Transforming user...
[2023-08-28T00:30:16.850+0000] {dag_etl.py:42} INFO - Complete transform user: 0:00:00.206204
[2023-08-28T00:30:16.851+0000] {dag_etl.py:44} INFO - transform space_ships...
[2023-08-28T00:30:16.968+0000] {dag_etl.py:47} INFO - Complete transform space_ships: 0:00:00.118324
[2023-08-28T00:30:16.969+0000] {dag_etl.py:49} INFO - transform drones...
[2023-08-28T00:30:17.100+0000] {dag_etl.py:52} INFO - Complete transform drones: 0:00:00.131368
[2023-08-28T00:30:17.100+0000] {dag_etl.py:54} INFO - transform pilots...
[2023-08-28T00:30:17.154+0000] {dag_etl.py:57} INFO - Complete transform pilots: 0:00:00.054782
[2023-08-28T00:30:17.155+0000] {dag_etl.py:59} INFO - transform talents...
[2023-08-28T00:30:17.183+0000] {dag_etl.py:62} INFO - Complete transform talents: 0:00:00.028612
[2023-08-28T00:30:17.184+0000] {dag_etl.py:64} INFO - transform expert_items...
[2023-08-28T00:30:17.218+0000] {dag_etl.py:67} INFO - Complete transform expert_items: 0:00:00.034832
[2023-08-28T00:30:17.218+0000] {dag_etl.py:69} INFO - Loading user...
[2023-08-28T00:30:18.125+0000] {dag_etl.py:72} INFO - Complete load user: 0:00:00.907474
[2023-08-28T00:30:18.126+0000] {dag_etl.py:74} INFO - Loading space_ships...
[2023-08-28T00:30:19.174+0000] {dag_etl.py:77} INFO - Complete load space_ships: 0:00:01.048230
[2023-08-28T00:30:19.174+0000] {dag_etl.py:79} INFO - Loading drones...
[2023-08-28T00:30:19.968+0000] {dag_etl.py:82} INFO - Complete load drones: 0:00:00.794002
[2023-08-28T00:30:19.968+0000] {dag_etl.py:84} INFO - Loading pilots...
[2023-08-28T00:30:21.736+0000] {dag_etl.py:87} INFO - Complete load drones: 0:00:01.768702
[2023-08-28T00:30:21.737+0000] {dag_etl.py:89} INFO - Loading talents...
[2023-08-28T00:30:22.693+0000] {dag_etl.py:92} INFO - Complete load drones: 0:00:00.956184
[2023-08-28T00:30:22.693+0000] {dag_etl.py:94} INFO - Loading expert_items...
[2023-08-28T00:30:23.398+0000] {dag_etl.py:97} INFO - Complete load drones: 0:00:00.705764
[2023-08-28T00:30:23.399+0000] {dag_etl.py:99} INFO - Complete ETL Users in : 0:00:13.227406
[2023-08-28T00:30:23.453+0000] {python.py:194} INFO - Done. Returned value was: None
[2023-08-28T00:30:23.498+0000] {taskinstance.py:1400} INFO - Marking task as SUCCESS. dag_id=gaas_etl_1, task_id=etl_user, execution_date=20230828T002900, start_date=20230828T003008, end_date=20230828T003023
[2023-08-28T00:30:23.618+0000] {local_task_job_runner.py:228} INFO - Task exited with return code 0
[2023-08-28T00:30:23.707+0000] {taskinstance.py:2784} INFO - 0 downstream tasks scheduled from follow-on schedule check
