[2023-08-27T01:26:05.148+0000] {taskinstance.py:1159} INFO - Dependencies all met for dep_context=non-requeueable deps ti=<TaskInstance: gaas_etl_1.etl_user scheduled__2023-08-27T01:25:00+00:00 [queued]>
[2023-08-27T01:26:05.165+0000] {taskinstance.py:1159} INFO - Dependencies all met for dep_context=requeueable deps ti=<TaskInstance: gaas_etl_1.etl_user scheduled__2023-08-27T01:25:00+00:00 [queued]>
[2023-08-27T01:26:05.166+0000] {taskinstance.py:1361} INFO - Starting attempt 1 of 1
[2023-08-27T01:26:05.194+0000] {taskinstance.py:1382} INFO - Executing <Task(PythonOperator): etl_user> on 2023-08-27 01:25:00+00:00
[2023-08-27T01:26:05.202+0000] {standard_task_runner.py:57} INFO - Started process 342307 to run task
[2023-08-27T01:26:05.218+0000] {standard_task_runner.py:84} INFO - Running: ['airflow', 'tasks', 'run', 'gaas_etl_1', 'etl_user', 'scheduled__2023-08-27T01:25:00+00:00', '--job-id', '3848', '--raw', '--subdir', 'DAGS_FOLDER/dag_etl.py', '--cfg-path', '/tmp/tmptik2_py_']
[2023-08-27T01:26:05.225+0000] {standard_task_runner.py:85} INFO - Job 3848: Subtask etl_user
[2023-08-27T01:26:05.532+0000] {task_command.py:415} INFO - Running <TaskInstance: gaas_etl_1.etl_user scheduled__2023-08-27T01:25:00+00:00 [running]> on host data-system.us-central1-a.c.data-system-392010.internal
[2023-08-27T01:26:05.868+0000] {taskinstance.py:1660} INFO - Exporting env vars: AIRFLOW_CTX_DAG_EMAIL='hungnm15012002@gmail.com' AIRFLOW_CTX_DAG_OWNER='hungnm' AIRFLOW_CTX_DAG_ID='gaas_etl_1' AIRFLOW_CTX_TASK_ID='etl_user' AIRFLOW_CTX_EXECUTION_DATE='2023-08-27T01:25:00+00:00' AIRFLOW_CTX_TRY_NUMBER='1' AIRFLOW_CTX_DAG_RUN_ID='scheduled__2023-08-27T01:25:00+00:00'
[2023-08-27T01:26:05.890+0000] {dag_etl.py:28} INFO - Extracting user...
[2023-08-27T01:26:12.953+0000] {extract.py:36} INFO - Request time: 0:00:07.062174
[2023-08-27T01:26:14.034+0000] {extract.py:42} INFO - Create DataFrame time: 0:00:01.080448
[2023-08-27T01:26:14.042+0000] {dag_etl.py:31} INFO - Complete extract user: 0:00:08.152759
[2023-08-27T01:26:14.044+0000] {dag_etl.py:33} INFO - Extracting resource...
[2023-08-27T01:26:16.411+0000] {extract.py:36} INFO - Request time: 0:00:02.366769
[2023-08-27T01:26:16.563+0000] {extract.py:42} INFO - Create DataFrame time: 0:00:00.150501
[2023-08-27T01:26:16.567+0000] {dag_etl.py:36} INFO - Complete extract resource: 0:00:02.525206
[2023-08-27T01:26:16.569+0000] {dag_etl.py:38} INFO - Transforming user...
[2023-08-27T01:26:17.040+0000] {dag_etl.py:42} INFO - Complete transform user: 0:00:00.472294
[2023-08-27T01:26:17.040+0000] {dag_etl.py:44} INFO - transform space_ships...
[2023-08-27T01:26:17.421+0000] {dag_etl.py:47} INFO - Complete transform space_ships: 0:00:00.381513
[2023-08-27T01:26:17.422+0000] {dag_etl.py:49} INFO - transform drones...
[2023-08-27T01:26:17.657+0000] {dag_etl.py:52} INFO - Complete transform drones: 0:00:00.235612
[2023-08-27T01:26:17.657+0000] {dag_etl.py:54} INFO - transform pilots...
[2023-08-27T01:26:17.816+0000] {dag_etl.py:57} INFO - Complete transform pilots: 0:00:00.158897
[2023-08-27T01:26:17.817+0000] {dag_etl.py:59} INFO - transform talents...
[2023-08-27T01:26:17.898+0000] {dag_etl.py:62} INFO - Complete transform talents: 0:00:00.081869
[2023-08-27T01:26:17.898+0000] {dag_etl.py:64} INFO - transform expert_items...
[2023-08-27T01:26:17.972+0000] {dag_etl.py:67} INFO - Complete transform expert_items: 0:00:00.074420
[2023-08-27T01:26:17.973+0000] {dag_etl.py:69} INFO - Loading user...
[2023-08-27T01:26:20.629+0000] {dag_etl.py:72} INFO - Complete load user: 0:00:02.656925
[2023-08-27T01:26:20.630+0000] {dag_etl.py:74} INFO - Loading space_ships...
[2023-08-27T01:26:24.964+0000] {dag_etl.py:77} INFO - Complete load space_ships: 0:00:04.334685
[2023-08-27T01:26:24.964+0000] {dag_etl.py:79} INFO - Loading drones...
[2023-08-27T01:26:28.166+0000] {dag_etl.py:82} INFO - Complete load drones: 0:00:03.202721
[2023-08-27T01:26:28.167+0000] {dag_etl.py:84} INFO - Loading pilots...
[2023-08-27T01:26:33.414+0000] {dag_etl.py:87} INFO - Complete load drones: 0:00:05.247875
[2023-08-27T01:26:33.415+0000] {dag_etl.py:89} INFO - Loading talents...
[2023-08-27T01:26:35.810+0000] {dag_etl.py:92} INFO - Complete load drones: 0:00:02.395771
[2023-08-27T01:26:35.811+0000] {dag_etl.py:94} INFO - Loading expert_items...
[2023-08-27T01:26:37.455+0000] {dag_etl.py:97} INFO - Complete load drones: 0:00:01.645350
[2023-08-27T01:26:37.456+0000] {dag_etl.py:99} INFO - Complete ETL Users in : 0:00:31.566510
[2023-08-27T01:26:37.494+0000] {python.py:194} INFO - Done. Returned value was: None
[2023-08-27T01:26:37.508+0000] {taskinstance.py:1400} INFO - Marking task as SUCCESS. dag_id=gaas_etl_1, task_id=etl_user, execution_date=20230827T012500, start_date=20230827T012605, end_date=20230827T012637
[2023-08-27T01:26:37.578+0000] {local_task_job_runner.py:228} INFO - Task exited with return code 0
[2023-08-27T01:26:37.598+0000] {taskinstance.py:2784} INFO - 0 downstream tasks scheduled from follow-on schedule check
