[2023-08-26T13:39:04.634+0000] {taskinstance.py:1159} INFO - Dependencies all met for dep_context=non-requeueable deps ti=<TaskInstance: gaas_etl_1.etl_user scheduled__2023-08-26T13:38:00+00:00 [queued]>
[2023-08-26T13:39:04.653+0000] {taskinstance.py:1159} INFO - Dependencies all met for dep_context=requeueable deps ti=<TaskInstance: gaas_etl_1.etl_user scheduled__2023-08-26T13:38:00+00:00 [queued]>
[2023-08-26T13:39:04.654+0000] {taskinstance.py:1361} INFO - Starting attempt 1 of 1
[2023-08-26T13:39:04.684+0000] {taskinstance.py:1382} INFO - Executing <Task(PythonOperator): etl_user> on 2023-08-26 13:38:00+00:00
[2023-08-26T13:39:04.693+0000] {standard_task_runner.py:57} INFO - Started process 314257 to run task
[2023-08-26T13:39:04.709+0000] {standard_task_runner.py:84} INFO - Running: ['airflow', 'tasks', 'run', 'gaas_etl_1', 'etl_user', 'scheduled__2023-08-26T13:38:00+00:00', '--job-id', '1727', '--raw', '--subdir', 'DAGS_FOLDER/dag_etl.py', '--cfg-path', '/tmp/tmps4qx4gxn']
[2023-08-26T13:39:04.715+0000] {standard_task_runner.py:85} INFO - Job 1727: Subtask etl_user
[2023-08-26T13:39:04.908+0000] {task_command.py:415} INFO - Running <TaskInstance: gaas_etl_1.etl_user scheduled__2023-08-26T13:38:00+00:00 [running]> on host data-system.us-central1-a.c.data-system-392010.internal
[2023-08-26T13:39:05.153+0000] {taskinstance.py:1660} INFO - Exporting env vars: AIRFLOW_CTX_DAG_EMAIL='hungnm15012002@gmail.com' AIRFLOW_CTX_DAG_OWNER='hungnm' AIRFLOW_CTX_DAG_ID='gaas_etl_1' AIRFLOW_CTX_TASK_ID='etl_user' AIRFLOW_CTX_EXECUTION_DATE='2023-08-26T13:38:00+00:00' AIRFLOW_CTX_TRY_NUMBER='1' AIRFLOW_CTX_DAG_RUN_ID='scheduled__2023-08-26T13:38:00+00:00'
[2023-08-26T13:39:05.174+0000] {dag_etl.py:28} INFO - Extracting user...
[2023-08-26T13:39:12.319+0000] {extract.py:36} INFO - Request time: 0:00:07.144238
[2023-08-26T13:39:13.230+0000] {extract.py:42} INFO - Create DataFrame time: 0:00:00.910182
[2023-08-26T13:39:13.236+0000] {dag_etl.py:31} INFO - Complete extract user: 0:00:08.062142
[2023-08-26T13:39:13.238+0000] {dag_etl.py:33} INFO - Extracting resource...
[2023-08-26T13:39:15.565+0000] {extract.py:36} INFO - Request time: 0:00:02.326532
[2023-08-26T13:39:15.679+0000] {extract.py:42} INFO - Create DataFrame time: 0:00:00.112958
[2023-08-26T13:39:15.682+0000] {dag_etl.py:36} INFO - Complete extract resource: 0:00:02.446320
[2023-08-26T13:39:15.684+0000] {dag_etl.py:38} INFO - Transforming user...
[2023-08-26T13:39:16.001+0000] {dag_etl.py:42} INFO - Complete transform user: 0:00:00.318826
[2023-08-26T13:39:16.002+0000] {dag_etl.py:44} INFO - transform space_ships...
[2023-08-26T13:39:16.229+0000] {dag_etl.py:47} INFO - Complete transform space_ships: 0:00:00.228244
[2023-08-26T13:39:16.230+0000] {dag_etl.py:49} INFO - transform drones...
[2023-08-26T13:39:16.390+0000] {dag_etl.py:52} INFO - Complete transform drones: 0:00:00.161022
[2023-08-26T13:39:16.391+0000] {dag_etl.py:54} INFO - transform pilots...
[2023-08-26T13:39:16.520+0000] {dag_etl.py:57} INFO - Complete transform pilots: 0:00:00.129434
[2023-08-26T13:39:16.520+0000] {dag_etl.py:59} INFO - transform talents...
[2023-08-26T13:39:16.576+0000] {dag_etl.py:62} INFO - Complete transform talents: 0:00:00.056004
[2023-08-26T13:39:16.576+0000] {dag_etl.py:64} INFO - transform expert_items...
[2023-08-26T13:39:16.632+0000] {dag_etl.py:67} INFO - Complete transform expert_items: 0:00:00.056330
[2023-08-26T13:39:16.633+0000] {dag_etl.py:69} INFO - Loading user...
[2023-08-26T13:39:18.341+0000] {dag_etl.py:72} INFO - Complete load user: 0:00:01.709217
[2023-08-26T13:39:18.342+0000] {dag_etl.py:74} INFO - Loading space_ships...
[2023-08-26T13:39:21.244+0000] {dag_etl.py:77} INFO - Complete load space_ships: 0:00:02.902955
[2023-08-26T13:39:21.245+0000] {dag_etl.py:79} INFO - Loading drones...
[2023-08-26T13:39:23.541+0000] {dag_etl.py:82} INFO - Complete load drones: 0:00:02.296617
[2023-08-26T13:39:23.542+0000] {dag_etl.py:84} INFO - Loading pilots...
[2023-08-26T13:39:27.815+0000] {dag_etl.py:87} INFO - Complete load drones: 0:00:04.274158
[2023-08-26T13:39:27.816+0000] {dag_etl.py:89} INFO - Loading talents...
[2023-08-26T13:39:29.983+0000] {dag_etl.py:92} INFO - Complete load drones: 0:00:02.168044
[2023-08-26T13:39:29.984+0000] {dag_etl.py:94} INFO - Loading expert_items...
[2023-08-26T13:39:31.498+0000] {dag_etl.py:97} INFO - Complete load drones: 0:00:01.514720
[2023-08-26T13:39:31.499+0000] {dag_etl.py:99} INFO - Complete ETL Users in : 0:00:26.324672
[2023-08-26T13:39:31.536+0000] {python.py:194} INFO - Done. Returned value was: None
[2023-08-26T13:39:31.568+0000] {taskinstance.py:1400} INFO - Marking task as SUCCESS. dag_id=gaas_etl_1, task_id=etl_user, execution_date=20230826T133800, start_date=20230826T133904, end_date=20230826T133931
[2023-08-26T13:39:31.668+0000] {local_task_job_runner.py:228} INFO - Task exited with return code 0
[2023-08-26T13:39:31.699+0000] {taskinstance.py:2784} INFO - 0 downstream tasks scheduled from follow-on schedule check
