[2023-08-27T20:50:06.200+0000] {taskinstance.py:1159} INFO - Dependencies all met for dep_context=non-requeueable deps ti=<TaskInstance: gaas_etl_1.etl_user scheduled__2023-08-27T20:49:00+00:00 [queued]>
[2023-08-27T20:50:06.217+0000] {taskinstance.py:1159} INFO - Dependencies all met for dep_context=requeueable deps ti=<TaskInstance: gaas_etl_1.etl_user scheduled__2023-08-27T20:49:00+00:00 [queued]>
[2023-08-27T20:50:06.217+0000] {taskinstance.py:1361} INFO - Starting attempt 1 of 1
[2023-08-27T20:50:06.248+0000] {taskinstance.py:1382} INFO - Executing <Task(PythonOperator): etl_user> on 2023-08-27 20:49:00+00:00
[2023-08-27T20:50:06.257+0000] {standard_task_runner.py:57} INFO - Started process 457053 to run task
[2023-08-27T20:50:06.274+0000] {standard_task_runner.py:84} INFO - Running: ['airflow', 'tasks', 'run', 'gaas_etl_1', 'etl_user', 'scheduled__2023-08-27T20:49:00+00:00', '--job-id', '7340', '--raw', '--subdir', 'DAGS_FOLDER/dag_etl.py', '--cfg-path', '/tmp/tmpmqx3cff5']
[2023-08-27T20:50:06.280+0000] {standard_task_runner.py:85} INFO - Job 7340: Subtask etl_user
[2023-08-27T20:50:06.776+0000] {task_command.py:415} INFO - Running <TaskInstance: gaas_etl_1.etl_user scheduled__2023-08-27T20:49:00+00:00 [running]> on host data-system.us-central1-a.c.data-system-392010.internal
[2023-08-27T20:50:07.629+0000] {taskinstance.py:1660} INFO - Exporting env vars: AIRFLOW_CTX_DAG_EMAIL='hungnm15012002@gmail.com' AIRFLOW_CTX_DAG_OWNER='hungnm' AIRFLOW_CTX_DAG_ID='gaas_etl_1' AIRFLOW_CTX_TASK_ID='etl_user' AIRFLOW_CTX_EXECUTION_DATE='2023-08-27T20:49:00+00:00' AIRFLOW_CTX_TRY_NUMBER='1' AIRFLOW_CTX_DAG_RUN_ID='scheduled__2023-08-27T20:49:00+00:00'
[2023-08-27T20:50:07.654+0000] {dag_etl.py:28} INFO - Extracting user...
[2023-08-27T20:50:13.617+0000] {extract.py:36} INFO - Request time: 0:00:05.962060
[2023-08-27T20:50:14.118+0000] {extract.py:42} INFO - Create DataFrame time: 0:00:00.500412
[2023-08-27T20:50:14.122+0000] {dag_etl.py:31} INFO - Complete extract user: 0:00:06.468368
[2023-08-27T20:50:14.123+0000] {dag_etl.py:33} INFO - Extracting resource...
[2023-08-27T20:50:16.336+0000] {extract.py:36} INFO - Request time: 0:00:02.212678
[2023-08-27T20:50:16.491+0000] {extract.py:42} INFO - Create DataFrame time: 0:00:00.153567
[2023-08-27T20:50:16.496+0000] {dag_etl.py:36} INFO - Complete extract resource: 0:00:02.373887
[2023-08-27T20:50:16.498+0000] {dag_etl.py:38} INFO - Transforming user...
[2023-08-27T20:50:16.859+0000] {dag_etl.py:42} INFO - Complete transform user: 0:00:00.362904
[2023-08-27T20:50:16.863+0000] {dag_etl.py:44} INFO - transform space_ships...
[2023-08-27T20:50:17.122+0000] {dag_etl.py:47} INFO - Complete transform space_ships: 0:00:00.262797
[2023-08-27T20:50:17.122+0000] {dag_etl.py:49} INFO - transform drones...
[2023-08-27T20:50:17.294+0000] {dag_etl.py:52} INFO - Complete transform drones: 0:00:00.172196
[2023-08-27T20:50:17.295+0000] {dag_etl.py:54} INFO - transform pilots...
[2023-08-27T20:50:17.391+0000] {dag_etl.py:57} INFO - Complete transform pilots: 0:00:00.096852
[2023-08-27T20:50:17.391+0000] {dag_etl.py:59} INFO - transform talents...
[2023-08-27T20:50:17.436+0000] {dag_etl.py:62} INFO - Complete transform talents: 0:00:00.045180
[2023-08-27T20:50:17.437+0000] {dag_etl.py:64} INFO - transform expert_items...
[2023-08-27T20:50:17.473+0000] {dag_etl.py:67} INFO - Complete transform expert_items: 0:00:00.036764
[2023-08-27T20:50:17.473+0000] {dag_etl.py:69} INFO - Loading user...
[2023-08-27T20:50:19.258+0000] {dag_etl.py:72} INFO - Complete load user: 0:00:01.785637
[2023-08-27T20:50:19.259+0000] {dag_etl.py:74} INFO - Loading space_ships...
[2023-08-27T20:50:21.251+0000] {dag_etl.py:77} INFO - Complete load space_ships: 0:00:01.992750
[2023-08-27T20:50:21.252+0000] {dag_etl.py:79} INFO - Loading drones...
[2023-08-27T20:50:24.102+0000] {dag_etl.py:82} INFO - Complete load drones: 0:00:02.850512
[2023-08-27T20:50:24.102+0000] {dag_etl.py:84} INFO - Loading pilots...
[2023-08-27T20:50:27.080+0000] {dag_etl.py:87} INFO - Complete load drones: 0:00:02.977877
[2023-08-27T20:50:27.080+0000] {dag_etl.py:89} INFO - Loading talents...
[2023-08-27T20:50:28.952+0000] {dag_etl.py:92} INFO - Complete load drones: 0:00:01.872076
[2023-08-27T20:50:28.953+0000] {dag_etl.py:94} INFO - Loading expert_items...
[2023-08-27T20:50:30.221+0000] {dag_etl.py:97} INFO - Complete load drones: 0:00:01.269196
[2023-08-27T20:50:30.221+0000] {dag_etl.py:99} INFO - Complete ETL Users in : 0:00:22.567591
[2023-08-27T20:50:30.257+0000] {python.py:194} INFO - Done. Returned value was: None
[2023-08-27T20:50:30.283+0000] {taskinstance.py:1400} INFO - Marking task as SUCCESS. dag_id=gaas_etl_1, task_id=etl_user, execution_date=20230827T204900, start_date=20230827T205006, end_date=20230827T205030
[2023-08-27T20:50:30.387+0000] {local_task_job_runner.py:228} INFO - Task exited with return code 0
[2023-08-27T20:50:30.466+0000] {taskinstance.py:2784} INFO - 0 downstream tasks scheduled from follow-on schedule check
