[2023-08-26T14:07:03.480+0000] {taskinstance.py:1159} INFO - Dependencies all met for dep_context=non-requeueable deps ti=<TaskInstance: gaas_etl_1.etl_user scheduled__2023-08-26T14:06:00+00:00 [queued]>
[2023-08-26T14:07:03.495+0000] {taskinstance.py:1159} INFO - Dependencies all met for dep_context=requeueable deps ti=<TaskInstance: gaas_etl_1.etl_user scheduled__2023-08-26T14:06:00+00:00 [queued]>
[2023-08-26T14:07:03.496+0000] {taskinstance.py:1361} INFO - Starting attempt 1 of 1
[2023-08-26T14:07:03.536+0000] {taskinstance.py:1382} INFO - Executing <Task(PythonOperator): etl_user> on 2023-08-26 14:06:00+00:00
[2023-08-26T14:07:03.546+0000] {standard_task_runner.py:57} INFO - Started process 315367 to run task
[2023-08-26T14:07:03.561+0000] {standard_task_runner.py:84} INFO - Running: ['airflow', 'tasks', 'run', 'gaas_etl_1', 'etl_user', 'scheduled__2023-08-26T14:06:00+00:00', '--job-id', '1811', '--raw', '--subdir', 'DAGS_FOLDER/dag_etl.py', '--cfg-path', '/tmp/tmp6w2clnxv']
[2023-08-26T14:07:03.567+0000] {standard_task_runner.py:85} INFO - Job 1811: Subtask etl_user
[2023-08-26T14:07:03.764+0000] {task_command.py:415} INFO - Running <TaskInstance: gaas_etl_1.etl_user scheduled__2023-08-26T14:06:00+00:00 [running]> on host data-system.us-central1-a.c.data-system-392010.internal
[2023-08-26T14:07:04.015+0000] {taskinstance.py:1660} INFO - Exporting env vars: AIRFLOW_CTX_DAG_EMAIL='hungnm15012002@gmail.com' AIRFLOW_CTX_DAG_OWNER='hungnm' AIRFLOW_CTX_DAG_ID='gaas_etl_1' AIRFLOW_CTX_TASK_ID='etl_user' AIRFLOW_CTX_EXECUTION_DATE='2023-08-26T14:06:00+00:00' AIRFLOW_CTX_TRY_NUMBER='1' AIRFLOW_CTX_DAG_RUN_ID='scheduled__2023-08-26T14:06:00+00:00'
[2023-08-26T14:07:04.042+0000] {dag_etl.py:28} INFO - Extracting user...
[2023-08-26T14:07:15.362+0000] {extract.py:36} INFO - Request time: 0:00:11.318554
[2023-08-26T14:07:17.799+0000] {extract.py:42} INFO - Create DataFrame time: 0:00:02.436412
[2023-08-26T14:07:17.806+0000] {dag_etl.py:31} INFO - Complete extract user: 0:00:13.764002
[2023-08-26T14:07:17.808+0000] {dag_etl.py:33} INFO - Extracting resource...
[2023-08-26T14:07:18.100+0000] {extract.py:36} INFO - Request time: 0:00:00.291110
[2023-08-26T14:07:18.101+0000] {extract.py:45} ERROR - Server GAAS error: 502
[2023-08-26T14:07:18.115+0000] {dag_etl.py:36} INFO - Complete extract resource: 0:00:00.308373
[2023-08-26T14:07:18.117+0000] {dag_etl.py:38} INFO - Transforming user...
[2023-08-26T14:07:18.122+0000] {dag_etl.py:107} ERROR - An Error Occur: Can only merge Series or DataFrame objects, a <class 'int'> was passed
[2023-08-26T14:07:18.173+0000] {python.py:194} INFO - Done. Returned value was: None
[2023-08-26T14:07:18.192+0000] {taskinstance.py:1400} INFO - Marking task as SUCCESS. dag_id=gaas_etl_1, task_id=etl_user, execution_date=20230826T140600, start_date=20230826T140703, end_date=20230826T140718
[2023-08-26T14:07:18.273+0000] {local_task_job_runner.py:228} INFO - Task exited with return code 0
[2023-08-26T14:07:18.305+0000] {taskinstance.py:2784} INFO - 0 downstream tasks scheduled from follow-on schedule check
