[2023-08-26T15:35:04.273+0000] {taskinstance.py:1159} INFO - Dependencies all met for dep_context=non-requeueable deps ti=<TaskInstance: gaas_etl_1.etl_user scheduled__2023-08-26T15:34:00+00:00 [queued]>
[2023-08-26T15:35:04.291+0000] {taskinstance.py:1159} INFO - Dependencies all met for dep_context=requeueable deps ti=<TaskInstance: gaas_etl_1.etl_user scheduled__2023-08-26T15:34:00+00:00 [queued]>
[2023-08-26T15:35:04.291+0000] {taskinstance.py:1361} INFO - Starting attempt 1 of 1
[2023-08-26T15:35:04.317+0000] {taskinstance.py:1382} INFO - Executing <Task(PythonOperator): etl_user> on 2023-08-26 15:34:00+00:00
[2023-08-26T15:35:04.324+0000] {standard_task_runner.py:57} INFO - Started process 318842 to run task
[2023-08-26T15:35:04.340+0000] {standard_task_runner.py:84} INFO - Running: ['airflow', 'tasks', 'run', 'gaas_etl_1', 'etl_user', 'scheduled__2023-08-26T15:34:00+00:00', '--job-id', '2075', '--raw', '--subdir', 'DAGS_FOLDER/dag_etl.py', '--cfg-path', '/tmp/tmpj5a2j1sl']
[2023-08-26T15:35:04.346+0000] {standard_task_runner.py:85} INFO - Job 2075: Subtask etl_user
[2023-08-26T15:35:04.608+0000] {task_command.py:415} INFO - Running <TaskInstance: gaas_etl_1.etl_user scheduled__2023-08-26T15:34:00+00:00 [running]> on host data-system.us-central1-a.c.data-system-392010.internal
[2023-08-26T15:35:04.856+0000] {taskinstance.py:1660} INFO - Exporting env vars: AIRFLOW_CTX_DAG_EMAIL='hungnm15012002@gmail.com' AIRFLOW_CTX_DAG_OWNER='hungnm' AIRFLOW_CTX_DAG_ID='gaas_etl_1' AIRFLOW_CTX_TASK_ID='etl_user' AIRFLOW_CTX_EXECUTION_DATE='2023-08-26T15:34:00+00:00' AIRFLOW_CTX_TRY_NUMBER='1' AIRFLOW_CTX_DAG_RUN_ID='scheduled__2023-08-26T15:34:00+00:00'
[2023-08-26T15:35:04.881+0000] {dag_etl.py:28} INFO - Extracting user...
[2023-08-26T15:35:08.816+0000] {extract.py:36} INFO - Request time: 0:00:03.934573
[2023-08-26T15:35:09.200+0000] {extract.py:42} INFO - Create DataFrame time: 0:00:00.383353
[2023-08-26T15:35:09.203+0000] {dag_etl.py:31} INFO - Complete extract user: 0:00:04.322501
[2023-08-26T15:35:09.204+0000] {dag_etl.py:33} INFO - Extracting resource...
[2023-08-26T15:35:11.110+0000] {extract.py:36} INFO - Request time: 0:00:01.905406
[2023-08-26T15:35:11.136+0000] {extract.py:42} INFO - Create DataFrame time: 0:00:00.026143
[2023-08-26T15:35:11.138+0000] {dag_etl.py:36} INFO - Complete extract resource: 0:00:01.934556
[2023-08-26T15:35:11.139+0000] {dag_etl.py:38} INFO - Transforming user...
[2023-08-26T15:35:11.235+0000] {dag_etl.py:42} INFO - Complete transform user: 0:00:00.097486
[2023-08-26T15:35:11.236+0000] {dag_etl.py:44} INFO - transform space_ships...
[2023-08-26T15:35:11.317+0000] {dag_etl.py:47} INFO - Complete transform space_ships: 0:00:00.081683
[2023-08-26T15:35:11.318+0000] {dag_etl.py:49} INFO - transform drones...
[2023-08-26T15:35:11.373+0000] {dag_etl.py:52} INFO - Complete transform drones: 0:00:00.055977
[2023-08-26T15:35:11.373+0000] {dag_etl.py:54} INFO - transform pilots...
[2023-08-26T15:35:11.412+0000] {dag_etl.py:57} INFO - Complete transform pilots: 0:00:00.038947
[2023-08-26T15:35:11.413+0000] {dag_etl.py:59} INFO - transform talents...
[2023-08-26T15:35:11.435+0000] {dag_etl.py:62} INFO - Complete transform talents: 0:00:00.022673
[2023-08-26T15:35:11.435+0000] {dag_etl.py:64} INFO - transform expert_items...
[2023-08-26T15:35:11.452+0000] {dag_etl.py:67} INFO - Complete transform expert_items: 0:00:00.017379
[2023-08-26T15:35:11.452+0000] {dag_etl.py:69} INFO - Loading user...
[2023-08-26T15:35:12.275+0000] {dag_etl.py:72} INFO - Complete load user: 0:00:00.822465
[2023-08-26T15:35:12.275+0000] {dag_etl.py:74} INFO - Loading space_ships...
[2023-08-26T15:35:13.426+0000] {dag_etl.py:77} INFO - Complete load space_ships: 0:00:01.151803
[2023-08-26T15:35:13.427+0000] {dag_etl.py:79} INFO - Loading drones...
[2023-08-26T15:35:14.650+0000] {dag_etl.py:82} INFO - Complete load drones: 0:00:01.223920
[2023-08-26T15:35:14.651+0000] {dag_etl.py:84} INFO - Loading pilots...
[2023-08-26T15:35:17.362+0000] {dag_etl.py:87} INFO - Complete load drones: 0:00:02.711403
[2023-08-26T15:35:17.363+0000] {dag_etl.py:89} INFO - Loading talents...
[2023-08-26T15:35:18.694+0000] {dag_etl.py:92} INFO - Complete load drones: 0:00:01.332109
[2023-08-26T15:35:18.695+0000] {dag_etl.py:94} INFO - Loading expert_items...
[2023-08-26T15:35:19.531+0000] {dag_etl.py:97} INFO - Complete load drones: 0:00:00.837497
[2023-08-26T15:35:19.532+0000] {dag_etl.py:99} INFO - Complete ETL Users in : 0:00:14.651136
[2023-08-26T15:35:19.591+0000] {python.py:194} INFO - Done. Returned value was: None
[2023-08-26T15:35:19.612+0000] {taskinstance.py:1400} INFO - Marking task as SUCCESS. dag_id=gaas_etl_1, task_id=etl_user, execution_date=20230826T153400, start_date=20230826T153504, end_date=20230826T153519
[2023-08-26T15:35:19.683+0000] {local_task_job_runner.py:228} INFO - Task exited with return code 0
[2023-08-26T15:35:19.710+0000] {taskinstance.py:2784} INFO - 0 downstream tasks scheduled from follow-on schedule check
