[2023-08-26T07:53:03.774+0000] {taskinstance.py:1159} INFO - Dependencies all met for dep_context=non-requeueable deps ti=<TaskInstance: gaas_etl_1.etl_user scheduled__2023-08-26T07:52:00+00:00 [queued]>
[2023-08-26T07:53:03.813+0000] {taskinstance.py:1159} INFO - Dependencies all met for dep_context=requeueable deps ti=<TaskInstance: gaas_etl_1.etl_user scheduled__2023-08-26T07:52:00+00:00 [queued]>
[2023-08-26T07:53:03.814+0000] {taskinstance.py:1361} INFO - Starting attempt 1 of 1
[2023-08-26T07:53:03.842+0000] {taskinstance.py:1382} INFO - Executing <Task(PythonOperator): etl_user> on 2023-08-26 07:52:00+00:00
[2023-08-26T07:53:03.857+0000] {standard_task_runner.py:57} INFO - Started process 288616 to run task
[2023-08-26T07:53:03.873+0000] {standard_task_runner.py:84} INFO - Running: ['airflow', 'tasks', 'run', 'gaas_etl_1', 'etl_user', 'scheduled__2023-08-26T07:52:00+00:00', '--job-id', '689', '--raw', '--subdir', 'DAGS_FOLDER/dag_etl.py', '--cfg-path', '/tmp/tmpk5o5jwim']
[2023-08-26T07:53:03.880+0000] {standard_task_runner.py:85} INFO - Job 689: Subtask etl_user
[2023-08-26T07:53:04.042+0000] {task_command.py:415} INFO - Running <TaskInstance: gaas_etl_1.etl_user scheduled__2023-08-26T07:52:00+00:00 [running]> on host data-system.us-central1-a.c.data-system-392010.internal
[2023-08-26T07:53:04.252+0000] {taskinstance.py:1660} INFO - Exporting env vars: AIRFLOW_CTX_DAG_EMAIL='hungnm15012002@gmail.com' AIRFLOW_CTX_DAG_OWNER='hungnm' AIRFLOW_CTX_DAG_ID='gaas_etl_1' AIRFLOW_CTX_TASK_ID='etl_user' AIRFLOW_CTX_EXECUTION_DATE='2023-08-26T07:52:00+00:00' AIRFLOW_CTX_TRY_NUMBER='1' AIRFLOW_CTX_DAG_RUN_ID='scheduled__2023-08-26T07:52:00+00:00'
[2023-08-26T07:53:04.277+0000] {dag_etl.py:28} INFO - Extracting user...
[2023-08-26T07:53:05.770+0000] {extract.py:36} INFO - Request time: 0:00:01.492687
[2023-08-26T07:53:05.795+0000] {extract.py:42} INFO - Create DataFrame time: 0:00:00.024381
[2023-08-26T07:53:05.797+0000] {dag_etl.py:31} INFO - Complete extract user: 0:00:01.520304
[2023-08-26T07:53:05.797+0000] {dag_etl.py:33} INFO - Extracting resource...
[2023-08-26T07:53:06.789+0000] {extract.py:36} INFO - Request time: 0:00:00.991270
[2023-08-26T07:53:06.812+0000] {extract.py:42} INFO - Create DataFrame time: 0:00:00.022789
[2023-08-26T07:53:06.815+0000] {dag_etl.py:36} INFO - Complete extract resource: 0:00:01.017680
[2023-08-26T07:53:06.816+0000] {dag_etl.py:38} INFO - Transforming user...
[2023-08-26T07:53:06.900+0000] {dag_etl.py:42} INFO - Complete transform user: 0:00:00.085919
[2023-08-26T07:53:06.901+0000] {dag_etl.py:44} INFO - transform space_ships...
[2023-08-26T07:53:06.929+0000] {dag_etl.py:47} INFO - Complete transform space_ships: 0:00:00.028088
[2023-08-26T07:53:06.929+0000] {dag_etl.py:49} INFO - transform drones...
[2023-08-26T07:53:06.949+0000] {dag_etl.py:52} INFO - Complete transform drones: 0:00:00.020510
[2023-08-26T07:53:06.950+0000] {dag_etl.py:54} INFO - transform pilots...
[2023-08-26T07:53:06.964+0000] {dag_etl.py:57} INFO - Complete transform pilots: 0:00:00.014976
[2023-08-26T07:53:06.964+0000] {dag_etl.py:59} INFO - transform talents...
[2023-08-26T07:53:06.978+0000] {dag_etl.py:62} INFO - Complete transform talents: 0:00:00.013887
[2023-08-26T07:53:06.978+0000] {dag_etl.py:64} INFO - transform expert_items...
[2023-08-26T07:53:06.996+0000] {dag_etl.py:67} INFO - Complete transform expert_items: 0:00:00.017939
[2023-08-26T07:53:06.997+0000] {dag_etl.py:69} INFO - Loading user...
[2023-08-26T07:53:07.031+0000] {dag_etl.py:72} INFO - Complete load user: 0:00:00.035399
[2023-08-26T07:53:07.032+0000] {dag_etl.py:74} INFO - Loading space_ships...
[2023-08-26T07:53:07.073+0000] {dag_etl.py:77} INFO - Complete load space_ships: 0:00:00.041743
[2023-08-26T07:53:07.073+0000] {dag_etl.py:79} INFO - Loading drones...
[2023-08-26T07:53:07.101+0000] {dag_etl.py:82} INFO - Complete load drones: 0:00:00.027686
[2023-08-26T07:53:07.101+0000] {dag_etl.py:84} INFO - Loading pilots...
[2023-08-26T07:53:07.146+0000] {dag_etl.py:87} INFO - Complete load drones: 0:00:00.045345
[2023-08-26T07:53:07.147+0000] {dag_etl.py:89} INFO - Loading talents...
[2023-08-26T07:53:07.166+0000] {dag_etl.py:92} INFO - Complete load drones: 0:00:00.019878
[2023-08-26T07:53:07.166+0000] {dag_etl.py:94} INFO - Loading expert_items...
[2023-08-26T07:53:07.173+0000] {dag_etl.py:97} INFO - Complete load drones: 0:00:00.007469
[2023-08-26T07:53:07.174+0000] {dag_etl.py:99} INFO - Complete ETL Users in : 0:00:02.897316
[2023-08-26T07:53:07.176+0000] {python.py:194} INFO - Done. Returned value was: None
[2023-08-26T07:53:07.207+0000] {taskinstance.py:1400} INFO - Marking task as SUCCESS. dag_id=gaas_etl_1, task_id=etl_user, execution_date=20230826T075200, start_date=20230826T075303, end_date=20230826T075307
[2023-08-26T07:53:07.303+0000] {local_task_job_runner.py:228} INFO - Task exited with return code 0
[2023-08-26T07:53:07.360+0000] {taskinstance.py:2784} INFO - 0 downstream tasks scheduled from follow-on schedule check
