[2023-08-27T01:19:04.088+0000] {taskinstance.py:1159} INFO - Dependencies all met for dep_context=non-requeueable deps ti=<TaskInstance: gaas_etl_1.etl_user scheduled__2023-08-27T01:18:00+00:00 [queued]>
[2023-08-27T01:19:04.105+0000] {taskinstance.py:1159} INFO - Dependencies all met for dep_context=requeueable deps ti=<TaskInstance: gaas_etl_1.etl_user scheduled__2023-08-27T01:18:00+00:00 [queued]>
[2023-08-27T01:19:04.106+0000] {taskinstance.py:1361} INFO - Starting attempt 1 of 1
[2023-08-27T01:19:04.134+0000] {taskinstance.py:1382} INFO - Executing <Task(PythonOperator): etl_user> on 2023-08-27 01:18:00+00:00
[2023-08-27T01:19:04.141+0000] {standard_task_runner.py:57} INFO - Started process 342033 to run task
[2023-08-27T01:19:04.151+0000] {standard_task_runner.py:84} INFO - Running: ['airflow', 'tasks', 'run', 'gaas_etl_1', 'etl_user', 'scheduled__2023-08-27T01:18:00+00:00', '--job-id', '3827', '--raw', '--subdir', 'DAGS_FOLDER/dag_etl.py', '--cfg-path', '/tmp/tmpv7puqrci']
[2023-08-27T01:19:04.158+0000] {standard_task_runner.py:85} INFO - Job 3827: Subtask etl_user
[2023-08-27T01:19:04.517+0000] {task_command.py:415} INFO - Running <TaskInstance: gaas_etl_1.etl_user scheduled__2023-08-27T01:18:00+00:00 [running]> on host data-system.us-central1-a.c.data-system-392010.internal
[2023-08-27T01:19:04.889+0000] {taskinstance.py:1660} INFO - Exporting env vars: AIRFLOW_CTX_DAG_EMAIL='hungnm15012002@gmail.com' AIRFLOW_CTX_DAG_OWNER='hungnm' AIRFLOW_CTX_DAG_ID='gaas_etl_1' AIRFLOW_CTX_TASK_ID='etl_user' AIRFLOW_CTX_EXECUTION_DATE='2023-08-27T01:18:00+00:00' AIRFLOW_CTX_TRY_NUMBER='1' AIRFLOW_CTX_DAG_RUN_ID='scheduled__2023-08-27T01:18:00+00:00'
[2023-08-27T01:19:04.910+0000] {dag_etl.py:28} INFO - Extracting user...
[2023-08-27T01:19:08.420+0000] {extract.py:36} INFO - Request time: 0:00:03.509520
[2023-08-27T01:19:08.825+0000] {extract.py:42} INFO - Create DataFrame time: 0:00:00.404476
[2023-08-27T01:19:08.828+0000] {dag_etl.py:31} INFO - Complete extract user: 0:00:03.918135
[2023-08-27T01:19:08.829+0000] {dag_etl.py:33} INFO - Extracting resource...
[2023-08-27T01:19:10.539+0000] {extract.py:36} INFO - Request time: 0:00:01.709627
[2023-08-27T01:19:10.583+0000] {extract.py:42} INFO - Create DataFrame time: 0:00:00.043944
[2023-08-27T01:19:10.586+0000] {dag_etl.py:36} INFO - Complete extract resource: 0:00:01.758269
[2023-08-27T01:19:10.587+0000] {dag_etl.py:38} INFO - Transforming user...
[2023-08-27T01:19:10.762+0000] {dag_etl.py:42} INFO - Complete transform user: 0:00:00.176081
[2023-08-27T01:19:10.763+0000] {dag_etl.py:44} INFO - transform space_ships...
[2023-08-27T01:19:10.874+0000] {dag_etl.py:47} INFO - Complete transform space_ships: 0:00:00.111662
[2023-08-27T01:19:10.875+0000] {dag_etl.py:49} INFO - transform drones...
[2023-08-27T01:19:10.955+0000] {dag_etl.py:52} INFO - Complete transform drones: 0:00:00.080954
[2023-08-27T01:19:10.956+0000] {dag_etl.py:54} INFO - transform pilots...
[2023-08-27T01:19:11.013+0000] {dag_etl.py:57} INFO - Complete transform pilots: 0:00:00.058121
[2023-08-27T01:19:11.014+0000] {dag_etl.py:59} INFO - transform talents...
[2023-08-27T01:19:11.043+0000] {dag_etl.py:62} INFO - Complete transform talents: 0:00:00.029725
[2023-08-27T01:19:11.043+0000] {dag_etl.py:64} INFO - transform expert_items...
[2023-08-27T01:19:11.074+0000] {dag_etl.py:67} INFO - Complete transform expert_items: 0:00:00.031213
[2023-08-27T01:19:11.075+0000] {dag_etl.py:69} INFO - Loading user...
[2023-08-27T01:19:11.988+0000] {dag_etl.py:72} INFO - Complete load user: 0:00:00.914104
[2023-08-27T01:19:11.989+0000] {dag_etl.py:74} INFO - Loading space_ships...
[2023-08-27T01:19:13.049+0000] {dag_etl.py:77} INFO - Complete load space_ships: 0:00:01.060729
[2023-08-27T01:19:13.049+0000] {dag_etl.py:79} INFO - Loading drones...
[2023-08-27T01:19:14.057+0000] {dag_etl.py:82} INFO - Complete load drones: 0:00:01.007933
[2023-08-27T01:19:14.057+0000] {dag_etl.py:84} INFO - Loading pilots...
[2023-08-27T01:19:15.871+0000] {dag_etl.py:87} INFO - Complete load drones: 0:00:01.813787
[2023-08-27T01:19:15.871+0000] {dag_etl.py:89} INFO - Loading talents...
[2023-08-27T01:19:16.925+0000] {dag_etl.py:92} INFO - Complete load drones: 0:00:01.054254
[2023-08-27T01:19:16.925+0000] {dag_etl.py:94} INFO - Loading expert_items...
[2023-08-27T01:19:17.508+0000] {dag_etl.py:97} INFO - Complete load drones: 0:00:00.583227
[2023-08-27T01:19:17.508+0000] {dag_etl.py:99} INFO - Complete ETL Users in : 0:00:12.598623
[2023-08-27T01:19:17.526+0000] {python.py:194} INFO - Done. Returned value was: None
[2023-08-27T01:19:17.546+0000] {taskinstance.py:1400} INFO - Marking task as SUCCESS. dag_id=gaas_etl_1, task_id=etl_user, execution_date=20230827T011800, start_date=20230827T011904, end_date=20230827T011917
[2023-08-27T01:19:17.618+0000] {local_task_job_runner.py:228} INFO - Task exited with return code 0
[2023-08-27T01:19:17.648+0000] {taskinstance.py:2784} INFO - 0 downstream tasks scheduled from follow-on schedule check
