[2023-08-26T04:41:03.609+0000] {taskinstance.py:1159} INFO - Dependencies all met for dep_context=non-requeueable deps ti=<TaskInstance: gaas_etl_1.etl_user scheduled__2023-08-26T04:40:00+00:00 [queued]>
[2023-08-26T04:41:03.627+0000] {taskinstance.py:1159} INFO - Dependencies all met for dep_context=requeueable deps ti=<TaskInstance: gaas_etl_1.etl_user scheduled__2023-08-26T04:40:00+00:00 [queued]>
[2023-08-26T04:41:03.628+0000] {taskinstance.py:1361} INFO - Starting attempt 1 of 1
[2023-08-26T04:41:03.669+0000] {taskinstance.py:1382} INFO - Executing <Task(PythonOperator): etl_user> on 2023-08-26 04:40:00+00:00
[2023-08-26T04:41:03.680+0000] {standard_task_runner.py:57} INFO - Started process 279322 to run task
[2023-08-26T04:41:03.696+0000] {standard_task_runner.py:84} INFO - Running: ['airflow', 'tasks', 'run', 'gaas_etl_1', 'etl_user', 'scheduled__2023-08-26T04:40:00+00:00', '--job-id', '113', '--raw', '--subdir', 'DAGS_FOLDER/dag_etl.py', '--cfg-path', '/tmp/tmpbfx6skms']
[2023-08-26T04:41:03.703+0000] {standard_task_runner.py:85} INFO - Job 113: Subtask etl_user
[2023-08-26T04:41:03.814+0000] {task_command.py:415} INFO - Running <TaskInstance: gaas_etl_1.etl_user scheduled__2023-08-26T04:40:00+00:00 [running]> on host data-system.us-central1-a.c.data-system-392010.internal
[2023-08-26T04:41:03.986+0000] {taskinstance.py:1660} INFO - Exporting env vars: AIRFLOW_CTX_DAG_EMAIL='hungnm15012002@gmail.com' AIRFLOW_CTX_DAG_OWNER='hungnm' AIRFLOW_CTX_DAG_ID='gaas_etl_1' AIRFLOW_CTX_TASK_ID='etl_user' AIRFLOW_CTX_EXECUTION_DATE='2023-08-26T04:40:00+00:00' AIRFLOW_CTX_TRY_NUMBER='1' AIRFLOW_CTX_DAG_RUN_ID='scheduled__2023-08-26T04:40:00+00:00'
[2023-08-26T04:41:04.010+0000] {dag_etl.py:28} INFO - Extracting user...
[2023-08-26T04:41:05.266+0000] {extract.py:36} INFO - Request time: 0:00:01.254694
[2023-08-26T04:41:05.289+0000] {extract.py:42} INFO - Create DataFrame time: 0:00:00.022312
[2023-08-26T04:41:05.291+0000] {dag_etl.py:31} INFO - Complete extract user: 0:00:01.280318
[2023-08-26T04:41:05.291+0000] {dag_etl.py:33} INFO - Extracting resource...
[2023-08-26T04:41:06.013+0000] {extract.py:36} INFO - Request time: 0:00:00.721512
[2023-08-26T04:41:06.020+0000] {extract.py:42} INFO - Create DataFrame time: 0:00:00.006568
[2023-08-26T04:41:06.022+0000] {dag_etl.py:36} INFO - Complete extract resource: 0:00:00.730822
[2023-08-26T04:41:06.022+0000] {dag_etl.py:38} INFO - Transforming user...
[2023-08-26T04:41:06.058+0000] {dag_etl.py:42} INFO - Complete transform user: 0:00:00.036562
[2023-08-26T04:41:06.059+0000] {dag_etl.py:44} INFO - transform space_ships...
[2023-08-26T04:41:06.077+0000] {dag_etl.py:47} INFO - Complete transform space_ships: 0:00:00.018825
[2023-08-26T04:41:06.077+0000] {dag_etl.py:49} INFO - transform drones...
[2023-08-26T04:41:06.090+0000] {dag_etl.py:52} INFO - Complete transform drones: 0:00:00.012875
[2023-08-26T04:41:06.090+0000] {dag_etl.py:54} INFO - transform pilots...
[2023-08-26T04:41:06.100+0000] {dag_etl.py:57} INFO - Complete transform pilots: 0:00:00.010198
[2023-08-26T04:41:06.100+0000] {dag_etl.py:59} INFO - transform talents...
[2023-08-26T04:41:06.107+0000] {dag_etl.py:62} INFO - Complete transform talents: 0:00:00.007166
[2023-08-26T04:41:06.108+0000] {dag_etl.py:64} INFO - transform expert_items...
[2023-08-26T04:41:06.114+0000] {dag_etl.py:67} INFO - Complete transform expert_items: 0:00:00.006440
[2023-08-26T04:41:06.114+0000] {dag_etl.py:69} INFO - Loading user...
[2023-08-26T04:41:06.129+0000] {dag_etl.py:72} INFO - Complete load user: 0:00:00.015037
[2023-08-26T04:41:06.129+0000] {dag_etl.py:74} INFO - Loading space_ships...
[2023-08-26T04:41:06.148+0000] {dag_etl.py:77} INFO - Complete load space_ships: 0:00:00.018906
[2023-08-26T04:41:06.148+0000] {dag_etl.py:79} INFO - Loading drones...
[2023-08-26T04:41:06.160+0000] {dag_etl.py:82} INFO - Complete load drones: 0:00:00.012258
[2023-08-26T04:41:06.160+0000] {dag_etl.py:84} INFO - Loading pilots...
[2023-08-26T04:41:06.186+0000] {dag_etl.py:87} INFO - Complete load drones: 0:00:00.026411
[2023-08-26T04:41:06.187+0000] {dag_etl.py:89} INFO - Loading talents...
[2023-08-26T04:41:06.199+0000] {dag_etl.py:92} INFO - Complete load drones: 0:00:00.012474
[2023-08-26T04:41:06.199+0000] {dag_etl.py:94} INFO - Loading expert_items...
[2023-08-26T04:41:06.202+0000] {dag_etl.py:97} INFO - Complete load drones: 0:00:00.003770
[2023-08-26T04:41:06.203+0000] {dag_etl.py:99} INFO - Complete ETL Users in : 0:00:02.192488
[2023-08-26T04:41:06.204+0000] {python.py:194} INFO - Done. Returned value was: None
[2023-08-26T04:41:06.218+0000] {taskinstance.py:1400} INFO - Marking task as SUCCESS. dag_id=gaas_etl_1, task_id=etl_user, execution_date=20230826T044000, start_date=20230826T044103, end_date=20230826T044106
[2023-08-26T04:41:06.275+0000] {local_task_job_runner.py:228} INFO - Task exited with return code 0
[2023-08-26T04:41:06.300+0000] {taskinstance.py:2784} INFO - 0 downstream tasks scheduled from follow-on schedule check
