[2023-08-27T17:30:07.093+0000] {taskinstance.py:1159} INFO - Dependencies all met for dep_context=non-requeueable deps ti=<TaskInstance: gaas_etl_1.etl_user scheduled__2023-08-27T17:29:00+00:00 [queued]>
[2023-08-27T17:30:07.110+0000] {taskinstance.py:1159} INFO - Dependencies all met for dep_context=requeueable deps ti=<TaskInstance: gaas_etl_1.etl_user scheduled__2023-08-27T17:29:00+00:00 [queued]>
[2023-08-27T17:30:07.110+0000] {taskinstance.py:1361} INFO - Starting attempt 1 of 1
[2023-08-27T17:30:07.139+0000] {taskinstance.py:1382} INFO - Executing <Task(PythonOperator): etl_user> on 2023-08-27 17:29:00+00:00
[2023-08-27T17:30:07.148+0000] {standard_task_runner.py:57} INFO - Started process 436035 to run task
[2023-08-27T17:30:07.163+0000] {standard_task_runner.py:84} INFO - Running: ['airflow', 'tasks', 'run', 'gaas_etl_1', 'etl_user', 'scheduled__2023-08-27T17:29:00+00:00', '--job-id', '6740', '--raw', '--subdir', 'DAGS_FOLDER/dag_etl.py', '--cfg-path', '/tmp/tmps410vqiv']
[2023-08-27T17:30:07.168+0000] {standard_task_runner.py:85} INFO - Job 6740: Subtask etl_user
[2023-08-27T17:30:08.167+0000] {task_command.py:415} INFO - Running <TaskInstance: gaas_etl_1.etl_user scheduled__2023-08-27T17:29:00+00:00 [running]> on host data-system.us-central1-a.c.data-system-392010.internal
[2023-08-27T17:30:08.853+0000] {taskinstance.py:1660} INFO - Exporting env vars: AIRFLOW_CTX_DAG_EMAIL='hungnm15012002@gmail.com' AIRFLOW_CTX_DAG_OWNER='hungnm' AIRFLOW_CTX_DAG_ID='gaas_etl_1' AIRFLOW_CTX_TASK_ID='etl_user' AIRFLOW_CTX_EXECUTION_DATE='2023-08-27T17:29:00+00:00' AIRFLOW_CTX_TRY_NUMBER='1' AIRFLOW_CTX_DAG_RUN_ID='scheduled__2023-08-27T17:29:00+00:00'
[2023-08-27T17:30:08.877+0000] {dag_etl.py:28} INFO - Extracting user...
[2023-08-27T17:30:16.326+0000] {extract.py:36} INFO - Request time: 0:00:07.447715
[2023-08-27T17:30:16.885+0000] {extract.py:42} INFO - Create DataFrame time: 0:00:00.558358
[2023-08-27T17:30:16.890+0000] {dag_etl.py:31} INFO - Complete extract user: 0:00:08.013026
[2023-08-27T17:30:16.891+0000] {dag_etl.py:33} INFO - Extracting resource...
[2023-08-27T17:30:20.841+0000] {extract.py:36} INFO - Request time: 0:00:03.949687
[2023-08-27T17:30:20.906+0000] {extract.py:42} INFO - Create DataFrame time: 0:00:00.064513
[2023-08-27T17:30:20.909+0000] {dag_etl.py:36} INFO - Complete extract resource: 0:00:04.018725
[2023-08-27T17:30:20.910+0000] {dag_etl.py:38} INFO - Transforming user...
[2023-08-27T17:30:21.121+0000] {dag_etl.py:42} INFO - Complete transform user: 0:00:00.211906
[2023-08-27T17:30:21.121+0000] {dag_etl.py:44} INFO - transform space_ships...
[2023-08-27T17:30:21.277+0000] {dag_etl.py:47} INFO - Complete transform space_ships: 0:00:00.156276
[2023-08-27T17:30:21.278+0000] {dag_etl.py:49} INFO - transform drones...
[2023-08-27T17:30:21.398+0000] {dag_etl.py:52} INFO - Complete transform drones: 0:00:00.120771
[2023-08-27T17:30:21.399+0000] {dag_etl.py:54} INFO - transform pilots...
[2023-08-27T17:30:21.515+0000] {dag_etl.py:57} INFO - Complete transform pilots: 0:00:00.117563
[2023-08-27T17:30:21.516+0000] {dag_etl.py:59} INFO - transform talents...
[2023-08-27T17:30:21.590+0000] {dag_etl.py:62} INFO - Complete transform talents: 0:00:00.074062
[2023-08-27T17:30:21.591+0000] {dag_etl.py:64} INFO - transform expert_items...
[2023-08-27T17:30:21.656+0000] {dag_etl.py:67} INFO - Complete transform expert_items: 0:00:00.066205
[2023-08-27T17:30:21.657+0000] {dag_etl.py:69} INFO - Loading user...
[2023-08-27T17:30:23.605+0000] {dag_etl.py:72} INFO - Complete load user: 0:00:01.949432
[2023-08-27T17:30:23.606+0000] {dag_etl.py:74} INFO - Loading space_ships...
[2023-08-27T17:30:26.251+0000] {dag_etl.py:77} INFO - Complete load space_ships: 0:00:02.645529
[2023-08-27T17:30:26.251+0000] {dag_etl.py:79} INFO - Loading drones...
[2023-08-27T17:30:28.437+0000] {dag_etl.py:82} INFO - Complete load drones: 0:00:02.186392
[2023-08-27T17:30:28.438+0000] {dag_etl.py:84} INFO - Loading pilots...
[2023-08-27T17:30:31.455+0000] {dag_etl.py:87} INFO - Complete load drones: 0:00:03.017810
[2023-08-27T17:30:31.455+0000] {dag_etl.py:89} INFO - Loading talents...
[2023-08-27T17:30:33.455+0000] {dag_etl.py:92} INFO - Complete load drones: 0:00:02.000177
[2023-08-27T17:30:33.456+0000] {dag_etl.py:94} INFO - Loading expert_items...
[2023-08-27T17:30:34.906+0000] {dag_etl.py:97} INFO - Complete load drones: 0:00:01.450696
[2023-08-27T17:30:34.907+0000] {dag_etl.py:99} INFO - Complete ETL Users in : 0:00:26.029444
[2023-08-27T17:30:34.953+0000] {python.py:194} INFO - Done. Returned value was: None
[2023-08-27T17:30:34.973+0000] {taskinstance.py:1400} INFO - Marking task as SUCCESS. dag_id=gaas_etl_1, task_id=etl_user, execution_date=20230827T172900, start_date=20230827T173007, end_date=20230827T173034
[2023-08-27T17:30:35.048+0000] {local_task_job_runner.py:228} INFO - Task exited with return code 0
[2023-08-27T17:30:35.071+0000] {taskinstance.py:2784} INFO - 0 downstream tasks scheduled from follow-on schedule check
