[2023-08-27T06:24:05.241+0000] {taskinstance.py:1159} INFO - Dependencies all met for dep_context=non-requeueable deps ti=<TaskInstance: gaas_etl_1.etl_user scheduled__2023-08-27T06:23:00+00:00 [queued]>
[2023-08-27T06:24:05.260+0000] {taskinstance.py:1159} INFO - Dependencies all met for dep_context=requeueable deps ti=<TaskInstance: gaas_etl_1.etl_user scheduled__2023-08-27T06:23:00+00:00 [queued]>
[2023-08-27T06:24:05.260+0000] {taskinstance.py:1361} INFO - Starting attempt 1 of 1
[2023-08-27T06:24:05.295+0000] {taskinstance.py:1382} INFO - Executing <Task(PythonOperator): etl_user> on 2023-08-27 06:23:00+00:00
[2023-08-27T06:24:05.310+0000] {standard_task_runner.py:57} INFO - Started process 372988 to run task
[2023-08-27T06:24:05.326+0000] {standard_task_runner.py:84} INFO - Running: ['airflow', 'tasks', 'run', 'gaas_etl_1', 'etl_user', 'scheduled__2023-08-27T06:23:00+00:00', '--job-id', '4742', '--raw', '--subdir', 'DAGS_FOLDER/dag_etl.py', '--cfg-path', '/tmp/tmp31rwpr9u']
[2023-08-27T06:24:05.332+0000] {standard_task_runner.py:85} INFO - Job 4742: Subtask etl_user
[2023-08-27T06:24:05.707+0000] {task_command.py:415} INFO - Running <TaskInstance: gaas_etl_1.etl_user scheduled__2023-08-27T06:23:00+00:00 [running]> on host data-system.us-central1-a.c.data-system-392010.internal
[2023-08-27T06:24:06.456+0000] {taskinstance.py:1660} INFO - Exporting env vars: AIRFLOW_CTX_DAG_EMAIL='hungnm15012002@gmail.com' AIRFLOW_CTX_DAG_OWNER='hungnm' AIRFLOW_CTX_DAG_ID='gaas_etl_1' AIRFLOW_CTX_TASK_ID='etl_user' AIRFLOW_CTX_EXECUTION_DATE='2023-08-27T06:23:00+00:00' AIRFLOW_CTX_TRY_NUMBER='1' AIRFLOW_CTX_DAG_RUN_ID='scheduled__2023-08-27T06:23:00+00:00'
[2023-08-27T06:24:06.479+0000] {dag_etl.py:28} INFO - Extracting user...
[2023-08-27T06:24:09.954+0000] {extract.py:36} INFO - Request time: 0:00:03.473960
[2023-08-27T06:24:10.100+0000] {extract.py:42} INFO - Create DataFrame time: 0:00:00.145489
[2023-08-27T06:24:10.102+0000] {dag_etl.py:31} INFO - Complete extract user: 0:00:03.623027
[2023-08-27T06:24:10.103+0000] {dag_etl.py:33} INFO - Extracting resource...
[2023-08-27T06:24:11.610+0000] {extract.py:36} INFO - Request time: 0:00:01.506674
[2023-08-27T06:24:11.656+0000] {extract.py:42} INFO - Create DataFrame time: 0:00:00.044993
[2023-08-27T06:24:11.658+0000] {dag_etl.py:36} INFO - Complete extract resource: 0:00:01.556153
[2023-08-27T06:24:11.660+0000] {dag_etl.py:38} INFO - Transforming user...
[2023-08-27T06:24:11.823+0000] {dag_etl.py:42} INFO - Complete transform user: 0:00:00.164427
[2023-08-27T06:24:11.823+0000] {dag_etl.py:44} INFO - transform space_ships...
[2023-08-27T06:24:11.920+0000] {dag_etl.py:47} INFO - Complete transform space_ships: 0:00:00.097391
[2023-08-27T06:24:11.921+0000] {dag_etl.py:49} INFO - transform drones...
[2023-08-27T06:24:12.002+0000] {dag_etl.py:52} INFO - Complete transform drones: 0:00:00.081879
[2023-08-27T06:24:12.003+0000] {dag_etl.py:54} INFO - transform pilots...
[2023-08-27T06:24:12.112+0000] {dag_etl.py:57} INFO - Complete transform pilots: 0:00:00.110310
[2023-08-27T06:24:12.113+0000] {dag_etl.py:59} INFO - transform talents...
[2023-08-27T06:24:12.142+0000] {dag_etl.py:62} INFO - Complete transform talents: 0:00:00.030162
[2023-08-27T06:24:12.143+0000] {dag_etl.py:64} INFO - transform expert_items...
[2023-08-27T06:24:12.172+0000] {dag_etl.py:67} INFO - Complete transform expert_items: 0:00:00.029899
[2023-08-27T06:24:12.173+0000] {dag_etl.py:69} INFO - Loading user...
[2023-08-27T06:24:12.950+0000] {dag_etl.py:72} INFO - Complete load user: 0:00:00.777318
[2023-08-27T06:24:12.950+0000] {dag_etl.py:74} INFO - Loading space_ships...
[2023-08-27T06:24:14.001+0000] {dag_etl.py:77} INFO - Complete load space_ships: 0:00:01.051584
[2023-08-27T06:24:14.002+0000] {dag_etl.py:79} INFO - Loading drones...
[2023-08-27T06:24:15.065+0000] {dag_etl.py:82} INFO - Complete load drones: 0:00:01.063650
[2023-08-27T06:24:15.066+0000] {dag_etl.py:84} INFO - Loading pilots...
[2023-08-27T06:24:16.778+0000] {dag_etl.py:87} INFO - Complete load drones: 0:00:01.712788
[2023-08-27T06:24:16.778+0000] {dag_etl.py:89} INFO - Loading talents...
[2023-08-27T06:24:17.920+0000] {dag_etl.py:92} INFO - Complete load drones: 0:00:01.142679
[2023-08-27T06:24:17.921+0000] {dag_etl.py:94} INFO - Loading expert_items...
[2023-08-27T06:24:18.661+0000] {dag_etl.py:97} INFO - Complete load drones: 0:00:00.739454
[2023-08-27T06:24:18.662+0000] {dag_etl.py:99} INFO - Complete ETL Users in : 0:00:12.182670
[2023-08-27T06:24:18.682+0000] {python.py:194} INFO - Done. Returned value was: None
[2023-08-27T06:24:18.702+0000] {taskinstance.py:1400} INFO - Marking task as SUCCESS. dag_id=gaas_etl_1, task_id=etl_user, execution_date=20230827T062300, start_date=20230827T062405, end_date=20230827T062418
[2023-08-27T06:24:18.790+0000] {local_task_job_runner.py:228} INFO - Task exited with return code 0
[2023-08-27T06:24:18.822+0000] {taskinstance.py:2784} INFO - 0 downstream tasks scheduled from follow-on schedule check
