[2023-08-27T22:18:06.668+0000] {taskinstance.py:1159} INFO - Dependencies all met for dep_context=non-requeueable deps ti=<TaskInstance: gaas_etl_1.etl_user scheduled__2023-08-27T22:17:00+00:00 [queued]>
[2023-08-27T22:18:06.686+0000] {taskinstance.py:1159} INFO - Dependencies all met for dep_context=requeueable deps ti=<TaskInstance: gaas_etl_1.etl_user scheduled__2023-08-27T22:17:00+00:00 [queued]>
[2023-08-27T22:18:06.686+0000] {taskinstance.py:1361} INFO - Starting attempt 1 of 1
[2023-08-27T22:18:06.713+0000] {taskinstance.py:1382} INFO - Executing <Task(PythonOperator): etl_user> on 2023-08-27 22:17:00+00:00
[2023-08-27T22:18:06.721+0000] {standard_task_runner.py:57} INFO - Started process 466216 to run task
[2023-08-27T22:18:06.736+0000] {standard_task_runner.py:84} INFO - Running: ['airflow', 'tasks', 'run', 'gaas_etl_1', 'etl_user', 'scheduled__2023-08-27T22:17:00+00:00', '--job-id', '7605', '--raw', '--subdir', 'DAGS_FOLDER/dag_etl.py', '--cfg-path', '/tmp/tmpy4mzgng7']
[2023-08-27T22:18:06.741+0000] {standard_task_runner.py:85} INFO - Job 7605: Subtask etl_user
[2023-08-27T22:18:07.637+0000] {task_command.py:415} INFO - Running <TaskInstance: gaas_etl_1.etl_user scheduled__2023-08-27T22:17:00+00:00 [running]> on host data-system.us-central1-a.c.data-system-392010.internal
[2023-08-27T22:18:08.142+0000] {taskinstance.py:1660} INFO - Exporting env vars: AIRFLOW_CTX_DAG_EMAIL='hungnm15012002@gmail.com' AIRFLOW_CTX_DAG_OWNER='hungnm' AIRFLOW_CTX_DAG_ID='gaas_etl_1' AIRFLOW_CTX_TASK_ID='etl_user' AIRFLOW_CTX_EXECUTION_DATE='2023-08-27T22:17:00+00:00' AIRFLOW_CTX_TRY_NUMBER='1' AIRFLOW_CTX_DAG_RUN_ID='scheduled__2023-08-27T22:17:00+00:00'
[2023-08-27T22:18:08.180+0000] {dag_etl.py:28} INFO - Extracting user...
[2023-08-27T22:18:25.607+0000] {extract.py:36} INFO - Request time: 0:00:17.425921
[2023-08-27T22:18:25.869+0000] {extract.py:42} INFO - Create DataFrame time: 0:00:00.262179
[2023-08-27T22:18:25.872+0000] {dag_etl.py:31} INFO - Complete extract user: 0:00:17.692055
[2023-08-27T22:18:25.873+0000] {dag_etl.py:33} INFO - Extracting resource...
[2023-08-27T22:18:39.832+0000] {extract.py:36} INFO - Request time: 0:00:13.959219
[2023-08-27T22:18:39.856+0000] {extract.py:42} INFO - Create DataFrame time: 0:00:00.023804
[2023-08-27T22:18:39.858+0000] {dag_etl.py:36} INFO - Complete extract resource: 0:00:13.986240
[2023-08-27T22:18:39.859+0000] {dag_etl.py:38} INFO - Transforming user...
[2023-08-27T22:18:39.945+0000] {dag_etl.py:42} INFO - Complete transform user: 0:00:00.087046
[2023-08-27T22:18:39.946+0000] {dag_etl.py:44} INFO - transform space_ships...
[2023-08-27T22:18:40.004+0000] {dag_etl.py:47} INFO - Complete transform space_ships: 0:00:00.058723
[2023-08-27T22:18:40.004+0000] {dag_etl.py:49} INFO - transform drones...
[2023-08-27T22:18:40.050+0000] {dag_etl.py:52} INFO - Complete transform drones: 0:00:00.045563
[2023-08-27T22:18:40.050+0000] {dag_etl.py:54} INFO - transform pilots...
[2023-08-27T22:18:40.081+0000] {dag_etl.py:57} INFO - Complete transform pilots: 0:00:00.031054
[2023-08-27T22:18:40.081+0000] {dag_etl.py:59} INFO - transform talents...
[2023-08-27T22:18:40.099+0000] {dag_etl.py:62} INFO - Complete transform talents: 0:00:00.018188
[2023-08-27T22:18:40.099+0000] {dag_etl.py:64} INFO - transform expert_items...
[2023-08-27T22:18:40.118+0000] {dag_etl.py:67} INFO - Complete transform expert_items: 0:00:00.018754
[2023-08-27T22:18:40.118+0000] {dag_etl.py:69} INFO - Loading user...
[2023-08-27T22:18:40.759+0000] {dag_etl.py:72} INFO - Complete load user: 0:00:00.641794
[2023-08-27T22:18:40.760+0000] {dag_etl.py:74} INFO - Loading space_ships...
[2023-08-27T22:18:41.736+0000] {dag_etl.py:77} INFO - Complete load space_ships: 0:00:00.976262
[2023-08-27T22:18:41.736+0000] {dag_etl.py:79} INFO - Loading drones...
[2023-08-27T22:18:42.593+0000] {dag_etl.py:82} INFO - Complete load drones: 0:00:00.857660
[2023-08-27T22:18:42.594+0000] {dag_etl.py:84} INFO - Loading pilots...
[2023-08-27T22:18:43.879+0000] {dag_etl.py:87} INFO - Complete load drones: 0:00:01.285552
[2023-08-27T22:18:43.879+0000] {dag_etl.py:89} INFO - Loading talents...
[2023-08-27T22:18:44.577+0000] {dag_etl.py:92} INFO - Complete load drones: 0:00:00.697866
[2023-08-27T22:18:44.577+0000] {dag_etl.py:94} INFO - Loading expert_items...
[2023-08-27T22:18:45.004+0000] {dag_etl.py:97} INFO - Complete load drones: 0:00:00.427216
[2023-08-27T22:18:45.004+0000] {dag_etl.py:99} INFO - Complete ETL Users in : 0:00:36.824474
[2023-08-27T22:18:45.016+0000] {python.py:194} INFO - Done. Returned value was: None
[2023-08-27T22:18:45.039+0000] {taskinstance.py:1400} INFO - Marking task as SUCCESS. dag_id=gaas_etl_1, task_id=etl_user, execution_date=20230827T221700, start_date=20230827T221806, end_date=20230827T221845
[2023-08-27T22:18:45.097+0000] {local_task_job_runner.py:228} INFO - Task exited with return code 0
[2023-08-27T22:18:45.120+0000] {taskinstance.py:2784} INFO - 0 downstream tasks scheduled from follow-on schedule check
