[2023-08-27T08:13:08.015+0000] {taskinstance.py:1159} INFO - Dependencies all met for dep_context=non-requeueable deps ti=<TaskInstance: gaas_etl_1.etl_user scheduled__2023-08-27T08:12:00+00:00 [queued]>
[2023-08-27T08:13:08.043+0000] {taskinstance.py:1159} INFO - Dependencies all met for dep_context=requeueable deps ti=<TaskInstance: gaas_etl_1.etl_user scheduled__2023-08-27T08:12:00+00:00 [queued]>
[2023-08-27T08:13:08.044+0000] {taskinstance.py:1361} INFO - Starting attempt 1 of 1
[2023-08-27T08:13:08.078+0000] {taskinstance.py:1382} INFO - Executing <Task(PythonOperator): etl_user> on 2023-08-27 08:12:00+00:00
[2023-08-27T08:13:08.086+0000] {standard_task_runner.py:57} INFO - Started process 377383 to run task
[2023-08-27T08:13:08.104+0000] {standard_task_runner.py:84} INFO - Running: ['airflow', 'tasks', 'run', 'gaas_etl_1', 'etl_user', 'scheduled__2023-08-27T08:12:00+00:00', '--job-id', '5069', '--raw', '--subdir', 'DAGS_FOLDER/dag_etl.py', '--cfg-path', '/tmp/tmprt0vxkei']
[2023-08-27T08:13:08.111+0000] {standard_task_runner.py:85} INFO - Job 5069: Subtask etl_user
[2023-08-27T08:13:08.487+0000] {task_command.py:415} INFO - Running <TaskInstance: gaas_etl_1.etl_user scheduled__2023-08-27T08:12:00+00:00 [running]> on host data-system.us-central1-a.c.data-system-392010.internal
[2023-08-27T08:13:09.334+0000] {taskinstance.py:1660} INFO - Exporting env vars: AIRFLOW_CTX_DAG_EMAIL='hungnm15012002@gmail.com' AIRFLOW_CTX_DAG_OWNER='hungnm' AIRFLOW_CTX_DAG_ID='gaas_etl_1' AIRFLOW_CTX_TASK_ID='etl_user' AIRFLOW_CTX_EXECUTION_DATE='2023-08-27T08:12:00+00:00' AIRFLOW_CTX_TRY_NUMBER='1' AIRFLOW_CTX_DAG_RUN_ID='scheduled__2023-08-27T08:12:00+00:00'
[2023-08-27T08:13:09.352+0000] {dag_etl.py:28} INFO - Extracting user...
[2023-08-27T08:13:12.642+0000] {extract.py:36} INFO - Request time: 0:00:03.289698
[2023-08-27T08:13:12.753+0000] {extract.py:42} INFO - Create DataFrame time: 0:00:00.109798
[2023-08-27T08:13:12.755+0000] {dag_etl.py:31} INFO - Complete extract user: 0:00:03.403523
[2023-08-27T08:13:12.757+0000] {dag_etl.py:33} INFO - Extracting resource...
[2023-08-27T08:13:13.217+0000] {extract.py:36} INFO - Request time: 0:00:00.460225
[2023-08-27T08:13:13.237+0000] {extract.py:42} INFO - Create DataFrame time: 0:00:00.018972
[2023-08-27T08:13:13.239+0000] {dag_etl.py:36} INFO - Complete extract resource: 0:00:00.484134
[2023-08-27T08:13:13.241+0000] {dag_etl.py:38} INFO - Transforming user...
[2023-08-27T08:13:13.315+0000] {dag_etl.py:42} INFO - Complete transform user: 0:00:00.075517
[2023-08-27T08:13:13.315+0000] {dag_etl.py:44} INFO - transform space_ships...
[2023-08-27T08:13:13.386+0000] {dag_etl.py:47} INFO - Complete transform space_ships: 0:00:00.070766
[2023-08-27T08:13:13.386+0000] {dag_etl.py:49} INFO - transform drones...
[2023-08-27T08:13:13.421+0000] {dag_etl.py:52} INFO - Complete transform drones: 0:00:00.035333
[2023-08-27T08:13:13.421+0000] {dag_etl.py:54} INFO - transform pilots...
[2023-08-27T08:13:13.449+0000] {dag_etl.py:57} INFO - Complete transform pilots: 0:00:00.027596
[2023-08-27T08:13:13.449+0000] {dag_etl.py:59} INFO - transform talents...
[2023-08-27T08:13:13.463+0000] {dag_etl.py:62} INFO - Complete transform talents: 0:00:00.013912
[2023-08-27T08:13:13.463+0000] {dag_etl.py:64} INFO - transform expert_items...
[2023-08-27T08:13:13.476+0000] {dag_etl.py:67} INFO - Complete transform expert_items: 0:00:00.012975
[2023-08-27T08:13:13.476+0000] {dag_etl.py:69} INFO - Loading user...
[2023-08-27T08:13:14.023+0000] {dag_etl.py:72} INFO - Complete load user: 0:00:00.546958
[2023-08-27T08:13:14.023+0000] {dag_etl.py:74} INFO - Loading space_ships...
[2023-08-27T08:13:14.667+0000] {dag_etl.py:77} INFO - Complete load space_ships: 0:00:00.644180
[2023-08-27T08:13:14.667+0000] {dag_etl.py:79} INFO - Loading drones...
[2023-08-27T08:13:15.318+0000] {dag_etl.py:82} INFO - Complete load drones: 0:00:00.651341
[2023-08-27T08:13:15.319+0000] {dag_etl.py:84} INFO - Loading pilots...
[2023-08-27T08:13:16.697+0000] {dag_etl.py:87} INFO - Complete load drones: 0:00:01.378637
[2023-08-27T08:13:16.697+0000] {dag_etl.py:89} INFO - Loading talents...
[2023-08-27T08:13:17.495+0000] {dag_etl.py:92} INFO - Complete load drones: 0:00:00.798252
[2023-08-27T08:13:17.495+0000] {dag_etl.py:94} INFO - Loading expert_items...
[2023-08-27T08:13:18.109+0000] {dag_etl.py:97} INFO - Complete load drones: 0:00:00.614153
[2023-08-27T08:13:18.110+0000] {dag_etl.py:99} INFO - Complete ETL Users in : 0:00:08.757874
[2023-08-27T08:13:18.129+0000] {python.py:194} INFO - Done. Returned value was: None
[2023-08-27T08:13:18.181+0000] {taskinstance.py:1400} INFO - Marking task as SUCCESS. dag_id=gaas_etl_1, task_id=etl_user, execution_date=20230827T081200, start_date=20230827T081308, end_date=20230827T081318
[2023-08-27T08:13:18.256+0000] {local_task_job_runner.py:228} INFO - Task exited with return code 0
[2023-08-27T08:13:18.285+0000] {taskinstance.py:2784} INFO - 0 downstream tasks scheduled from follow-on schedule check
