[2023-08-27T14:56:09.473+0000] {taskinstance.py:1159} INFO - Dependencies all met for dep_context=non-requeueable deps ti=<TaskInstance: gaas_etl_1.etl_user scheduled__2023-08-27T14:55:00+00:00 [queued]>
[2023-08-27T14:56:09.511+0000] {taskinstance.py:1159} INFO - Dependencies all met for dep_context=requeueable deps ti=<TaskInstance: gaas_etl_1.etl_user scheduled__2023-08-27T14:55:00+00:00 [queued]>
[2023-08-27T14:56:09.512+0000] {taskinstance.py:1361} INFO - Starting attempt 1 of 1
[2023-08-27T14:56:09.581+0000] {taskinstance.py:1382} INFO - Executing <Task(PythonOperator): etl_user> on 2023-08-27 14:55:00+00:00
[2023-08-27T14:56:09.595+0000] {standard_task_runner.py:57} INFO - Started process 419681 to run task
[2023-08-27T14:56:09.621+0000] {standard_task_runner.py:84} INFO - Running: ['airflow', 'tasks', 'run', 'gaas_etl_1', 'etl_user', 'scheduled__2023-08-27T14:55:00+00:00', '--job-id', '6278', '--raw', '--subdir', 'DAGS_FOLDER/dag_etl.py', '--cfg-path', '/tmp/tmpsnkh0p18']
[2023-08-27T14:56:09.628+0000] {standard_task_runner.py:85} INFO - Job 6278: Subtask etl_user
[2023-08-27T14:56:11.011+0000] {task_command.py:415} INFO - Running <TaskInstance: gaas_etl_1.etl_user scheduled__2023-08-27T14:55:00+00:00 [running]> on host data-system.us-central1-a.c.data-system-392010.internal
[2023-08-27T14:56:11.806+0000] {taskinstance.py:1660} INFO - Exporting env vars: AIRFLOW_CTX_DAG_EMAIL='hungnm15012002@gmail.com' AIRFLOW_CTX_DAG_OWNER='hungnm' AIRFLOW_CTX_DAG_ID='gaas_etl_1' AIRFLOW_CTX_TASK_ID='etl_user' AIRFLOW_CTX_EXECUTION_DATE='2023-08-27T14:55:00+00:00' AIRFLOW_CTX_TRY_NUMBER='1' AIRFLOW_CTX_DAG_RUN_ID='scheduled__2023-08-27T14:55:00+00:00'
[2023-08-27T14:56:11.830+0000] {dag_etl.py:28} INFO - Extracting user...
[2023-08-27T14:56:19.670+0000] {extract.py:36} INFO - Request time: 0:00:07.839648
[2023-08-27T14:56:20.178+0000] {extract.py:42} INFO - Create DataFrame time: 0:00:00.507394
[2023-08-27T14:56:20.183+0000] {dag_etl.py:31} INFO - Complete extract user: 0:00:08.353070
[2023-08-27T14:56:20.183+0000] {dag_etl.py:33} INFO - Extracting resource...
[2023-08-27T14:56:29.186+0000] {extract.py:36} INFO - Request time: 0:00:09.002412
[2023-08-27T14:56:29.298+0000] {extract.py:42} INFO - Create DataFrame time: 0:00:00.111442
[2023-08-27T14:56:29.301+0000] {dag_etl.py:36} INFO - Complete extract resource: 0:00:09.118293
[2023-08-27T14:56:29.303+0000] {dag_etl.py:38} INFO - Transforming user...
[2023-08-27T14:56:29.683+0000] {dag_etl.py:42} INFO - Complete transform user: 0:00:00.381891
[2023-08-27T14:56:29.684+0000] {dag_etl.py:44} INFO - transform space_ships...
[2023-08-27T14:56:29.986+0000] {dag_etl.py:47} INFO - Complete transform space_ships: 0:00:00.302572
[2023-08-27T14:56:29.986+0000] {dag_etl.py:49} INFO - transform drones...
[2023-08-27T14:56:30.281+0000] {dag_etl.py:52} INFO - Complete transform drones: 0:00:00.295822
[2023-08-27T14:56:30.290+0000] {dag_etl.py:54} INFO - transform pilots...
[2023-08-27T14:56:30.407+0000] {dag_etl.py:57} INFO - Complete transform pilots: 0:00:00.126083
[2023-08-27T14:56:30.408+0000] {dag_etl.py:59} INFO - transform talents...
[2023-08-27T14:56:30.461+0000] {dag_etl.py:62} INFO - Complete transform talents: 0:00:00.053791
[2023-08-27T14:56:30.462+0000] {dag_etl.py:64} INFO - transform expert_items...
[2023-08-27T14:56:30.509+0000] {dag_etl.py:67} INFO - Complete transform expert_items: 0:00:00.048009
[2023-08-27T14:56:30.510+0000] {dag_etl.py:69} INFO - Loading user...
[2023-08-27T14:56:32.352+0000] {dag_etl.py:72} INFO - Complete load user: 0:00:01.843111
[2023-08-27T14:56:32.353+0000] {dag_etl.py:74} INFO - Loading space_ships...
[2023-08-27T14:56:35.615+0000] {dag_etl.py:77} INFO - Complete load space_ships: 0:00:03.262669
[2023-08-27T14:56:35.616+0000] {dag_etl.py:79} INFO - Loading drones...
[2023-08-27T14:56:37.639+0000] {dag_etl.py:82} INFO - Complete load drones: 0:00:02.023594
[2023-08-27T14:56:37.639+0000] {dag_etl.py:84} INFO - Loading pilots...
[2023-08-27T14:56:40.883+0000] {dag_etl.py:87} INFO - Complete load drones: 0:00:03.244699
[2023-08-27T14:56:40.884+0000] {dag_etl.py:89} INFO - Loading talents...
[2023-08-27T14:56:42.970+0000] {dag_etl.py:92} INFO - Complete load drones: 0:00:02.086489
[2023-08-27T14:56:42.971+0000] {dag_etl.py:94} INFO - Loading expert_items...
[2023-08-27T14:56:44.300+0000] {dag_etl.py:97} INFO - Complete load drones: 0:00:01.330144
[2023-08-27T14:56:44.301+0000] {dag_etl.py:99} INFO - Complete ETL Users in : 0:00:32.470790
[2023-08-27T14:56:44.339+0000] {python.py:194} INFO - Done. Returned value was: None
[2023-08-27T14:56:44.360+0000] {taskinstance.py:1400} INFO - Marking task as SUCCESS. dag_id=gaas_etl_1, task_id=etl_user, execution_date=20230827T145500, start_date=20230827T145609, end_date=20230827T145644
[2023-08-27T14:56:44.449+0000] {local_task_job_runner.py:228} INFO - Task exited with return code 0
[2023-08-27T14:56:44.495+0000] {taskinstance.py:2784} INFO - 0 downstream tasks scheduled from follow-on schedule check
