[2023-08-27T15:25:06.959+0000] {taskinstance.py:1159} INFO - Dependencies all met for dep_context=non-requeueable deps ti=<TaskInstance: gaas_etl_1.etl_user scheduled__2023-08-27T15:24:00+00:00 [queued]>
[2023-08-27T15:25:06.976+0000] {taskinstance.py:1159} INFO - Dependencies all met for dep_context=requeueable deps ti=<TaskInstance: gaas_etl_1.etl_user scheduled__2023-08-27T15:24:00+00:00 [queued]>
[2023-08-27T15:25:06.977+0000] {taskinstance.py:1361} INFO - Starting attempt 1 of 1
[2023-08-27T15:25:07.008+0000] {taskinstance.py:1382} INFO - Executing <Task(PythonOperator): etl_user> on 2023-08-27 15:24:00+00:00
[2023-08-27T15:25:07.018+0000] {standard_task_runner.py:57} INFO - Started process 422731 to run task
[2023-08-27T15:25:07.032+0000] {standard_task_runner.py:84} INFO - Running: ['airflow', 'tasks', 'run', 'gaas_etl_1', 'etl_user', 'scheduled__2023-08-27T15:24:00+00:00', '--job-id', '6365', '--raw', '--subdir', 'DAGS_FOLDER/dag_etl.py', '--cfg-path', '/tmp/tmpocn7k6td']
[2023-08-27T15:25:07.037+0000] {standard_task_runner.py:85} INFO - Job 6365: Subtask etl_user
[2023-08-27T15:25:07.823+0000] {task_command.py:415} INFO - Running <TaskInstance: gaas_etl_1.etl_user scheduled__2023-08-27T15:24:00+00:00 [running]> on host data-system.us-central1-a.c.data-system-392010.internal
[2023-08-27T15:25:08.535+0000] {taskinstance.py:1660} INFO - Exporting env vars: AIRFLOW_CTX_DAG_EMAIL='hungnm15012002@gmail.com' AIRFLOW_CTX_DAG_OWNER='hungnm' AIRFLOW_CTX_DAG_ID='gaas_etl_1' AIRFLOW_CTX_TASK_ID='etl_user' AIRFLOW_CTX_EXECUTION_DATE='2023-08-27T15:24:00+00:00' AIRFLOW_CTX_TRY_NUMBER='1' AIRFLOW_CTX_DAG_RUN_ID='scheduled__2023-08-27T15:24:00+00:00'
[2023-08-27T15:25:08.578+0000] {dag_etl.py:28} INFO - Extracting user...
[2023-08-27T15:25:21.072+0000] {extract.py:36} INFO - Request time: 0:00:12.493933
[2023-08-27T15:25:22.225+0000] {extract.py:42} INFO - Create DataFrame time: 0:00:01.152294
[2023-08-27T15:25:22.242+0000] {dag_etl.py:31} INFO - Complete extract user: 0:00:13.664238
[2023-08-27T15:25:22.243+0000] {dag_etl.py:33} INFO - Extracting resource...
[2023-08-27T15:25:32.062+0000] {extract.py:36} INFO - Request time: 0:00:09.818660
[2023-08-27T15:25:32.146+0000] {extract.py:42} INFO - Create DataFrame time: 0:00:00.082841
[2023-08-27T15:25:32.149+0000] {dag_etl.py:36} INFO - Complete extract resource: 0:00:09.906778
[2023-08-27T15:25:32.150+0000] {dag_etl.py:38} INFO - Transforming user...
[2023-08-27T15:25:32.566+0000] {dag_etl.py:42} INFO - Complete transform user: 0:00:00.417821
[2023-08-27T15:25:32.567+0000] {dag_etl.py:44} INFO - transform space_ships...
[2023-08-27T15:25:32.785+0000] {dag_etl.py:47} INFO - Complete transform space_ships: 0:00:00.218582
[2023-08-27T15:25:32.786+0000] {dag_etl.py:49} INFO - transform drones...
[2023-08-27T15:25:32.959+0000] {dag_etl.py:52} INFO - Complete transform drones: 0:00:00.174263
[2023-08-27T15:25:32.960+0000] {dag_etl.py:54} INFO - transform pilots...
[2023-08-27T15:25:33.102+0000] {dag_etl.py:57} INFO - Complete transform pilots: 0:00:00.143117
[2023-08-27T15:25:33.114+0000] {dag_etl.py:59} INFO - transform talents...
[2023-08-27T15:25:33.204+0000] {dag_etl.py:62} INFO - Complete transform talents: 0:00:00.101742
[2023-08-27T15:25:33.205+0000] {dag_etl.py:64} INFO - transform expert_items...
[2023-08-27T15:25:33.264+0000] {dag_etl.py:67} INFO - Complete transform expert_items: 0:00:00.059953
[2023-08-27T15:25:33.265+0000] {dag_etl.py:69} INFO - Loading user...
[2023-08-27T15:25:35.149+0000] {dag_etl.py:72} INFO - Complete load user: 0:00:01.884502
[2023-08-27T15:25:35.149+0000] {dag_etl.py:74} INFO - Loading space_ships...
[2023-08-27T15:25:37.803+0000] {dag_etl.py:77} INFO - Complete load space_ships: 0:00:02.654039
[2023-08-27T15:25:37.803+0000] {dag_etl.py:79} INFO - Loading drones...
[2023-08-27T15:25:40.164+0000] {dag_etl.py:82} INFO - Complete load drones: 0:00:02.361183
[2023-08-27T15:25:40.164+0000] {dag_etl.py:84} INFO - Loading pilots...
[2023-08-27T15:25:43.207+0000] {dag_etl.py:87} INFO - Complete load drones: 0:00:03.042984
[2023-08-27T15:25:43.207+0000] {dag_etl.py:89} INFO - Loading talents...
[2023-08-27T15:25:45.165+0000] {dag_etl.py:92} INFO - Complete load drones: 0:00:01.957751
[2023-08-27T15:25:45.165+0000] {dag_etl.py:94} INFO - Loading expert_items...
[2023-08-27T15:25:46.749+0000] {dag_etl.py:97} INFO - Complete load drones: 0:00:01.584847
[2023-08-27T15:25:46.750+0000] {dag_etl.py:99} INFO - Complete ETL Users in : 0:00:38.172355
[2023-08-27T15:25:46.782+0000] {python.py:194} INFO - Done. Returned value was: None
[2023-08-27T15:25:46.814+0000] {taskinstance.py:1400} INFO - Marking task as SUCCESS. dag_id=gaas_etl_1, task_id=etl_user, execution_date=20230827T152400, start_date=20230827T152506, end_date=20230827T152546
[2023-08-27T15:25:46.917+0000] {local_task_job_runner.py:228} INFO - Task exited with return code 0
[2023-08-27T15:25:46.944+0000] {taskinstance.py:2784} INFO - 0 downstream tasks scheduled from follow-on schedule check
