[2023-08-26T16:58:04.444+0000] {taskinstance.py:1159} INFO - Dependencies all met for dep_context=non-requeueable deps ti=<TaskInstance: gaas_etl_1.etl_user scheduled__2023-08-26T16:57:00+00:00 [queued]>
[2023-08-26T16:58:04.464+0000] {taskinstance.py:1159} INFO - Dependencies all met for dep_context=requeueable deps ti=<TaskInstance: gaas_etl_1.etl_user scheduled__2023-08-26T16:57:00+00:00 [queued]>
[2023-08-26T16:58:04.465+0000] {taskinstance.py:1361} INFO - Starting attempt 1 of 1
[2023-08-26T16:58:04.493+0000] {taskinstance.py:1382} INFO - Executing <Task(PythonOperator): etl_user> on 2023-08-26 16:57:00+00:00
[2023-08-26T16:58:04.501+0000] {standard_task_runner.py:57} INFO - Started process 322128 to run task
[2023-08-26T16:58:04.517+0000] {standard_task_runner.py:84} INFO - Running: ['airflow', 'tasks', 'run', 'gaas_etl_1', 'etl_user', 'scheduled__2023-08-26T16:57:00+00:00', '--job-id', '2324', '--raw', '--subdir', 'DAGS_FOLDER/dag_etl.py', '--cfg-path', '/tmp/tmprln66yj7']
[2023-08-26T16:58:04.525+0000] {standard_task_runner.py:85} INFO - Job 2324: Subtask etl_user
[2023-08-26T16:58:04.753+0000] {task_command.py:415} INFO - Running <TaskInstance: gaas_etl_1.etl_user scheduled__2023-08-26T16:57:00+00:00 [running]> on host data-system.us-central1-a.c.data-system-392010.internal
[2023-08-26T16:58:05.333+0000] {taskinstance.py:1660} INFO - Exporting env vars: AIRFLOW_CTX_DAG_EMAIL='hungnm15012002@gmail.com' AIRFLOW_CTX_DAG_OWNER='hungnm' AIRFLOW_CTX_DAG_ID='gaas_etl_1' AIRFLOW_CTX_TASK_ID='etl_user' AIRFLOW_CTX_EXECUTION_DATE='2023-08-26T16:57:00+00:00' AIRFLOW_CTX_TRY_NUMBER='1' AIRFLOW_CTX_DAG_RUN_ID='scheduled__2023-08-26T16:57:00+00:00'
[2023-08-26T16:58:05.352+0000] {dag_etl.py:28} INFO - Extracting user...
[2023-08-26T16:58:12.901+0000] {extract.py:36} INFO - Request time: 0:00:07.548435
[2023-08-26T16:58:13.912+0000] {extract.py:42} INFO - Create DataFrame time: 0:00:01.010297
[2023-08-26T16:58:13.920+0000] {dag_etl.py:31} INFO - Complete extract user: 0:00:08.568326
[2023-08-26T16:58:13.921+0000] {dag_etl.py:33} INFO - Extracting resource...
[2023-08-26T16:58:16.206+0000] {extract.py:36} INFO - Request time: 0:00:02.284768
[2023-08-26T16:58:16.325+0000] {extract.py:42} INFO - Create DataFrame time: 0:00:00.117540
[2023-08-26T16:58:16.328+0000] {dag_etl.py:36} INFO - Complete extract resource: 0:00:02.407754
[2023-08-26T16:58:16.329+0000] {dag_etl.py:38} INFO - Transforming user...
[2023-08-26T16:58:16.723+0000] {dag_etl.py:42} INFO - Complete transform user: 0:00:00.395397
[2023-08-26T16:58:16.724+0000] {dag_etl.py:44} INFO - transform space_ships...
[2023-08-26T16:58:17.051+0000] {dag_etl.py:47} INFO - Complete transform space_ships: 0:00:00.327273
[2023-08-26T16:58:17.051+0000] {dag_etl.py:49} INFO - transform drones...
[2023-08-26T16:58:17.256+0000] {dag_etl.py:52} INFO - Complete transform drones: 0:00:00.204954
[2023-08-26T16:58:17.256+0000] {dag_etl.py:54} INFO - transform pilots...
[2023-08-26T16:58:17.419+0000] {dag_etl.py:57} INFO - Complete transform pilots: 0:00:00.162997
[2023-08-26T16:58:17.419+0000] {dag_etl.py:59} INFO - transform talents...
[2023-08-26T16:58:17.492+0000] {dag_etl.py:62} INFO - Complete transform talents: 0:00:00.073205
[2023-08-26T16:58:17.492+0000] {dag_etl.py:64} INFO - transform expert_items...
[2023-08-26T16:58:17.545+0000] {dag_etl.py:67} INFO - Complete transform expert_items: 0:00:00.053506
[2023-08-26T16:58:17.546+0000] {dag_etl.py:69} INFO - Loading user...
[2023-08-26T16:58:19.908+0000] {dag_etl.py:72} INFO - Complete load user: 0:00:02.362597
[2023-08-26T16:58:19.908+0000] {dag_etl.py:74} INFO - Loading space_ships...
[2023-08-26T16:58:23.894+0000] {dag_etl.py:77} INFO - Complete load space_ships: 0:00:03.985856
[2023-08-26T16:58:23.894+0000] {dag_etl.py:79} INFO - Loading drones...
[2023-08-26T16:58:27.057+0000] {dag_etl.py:82} INFO - Complete load drones: 0:00:03.163452
[2023-08-26T16:58:27.058+0000] {dag_etl.py:84} INFO - Loading pilots...
[2023-08-26T16:58:32.030+0000] {dag_etl.py:87} INFO - Complete load drones: 0:00:04.972963
[2023-08-26T16:58:32.031+0000] {dag_etl.py:89} INFO - Loading talents...
[2023-08-26T16:58:35.182+0000] {dag_etl.py:92} INFO - Complete load drones: 0:00:03.151814
[2023-08-26T16:58:35.182+0000] {dag_etl.py:94} INFO - Loading expert_items...
[2023-08-26T16:58:37.205+0000] {dag_etl.py:97} INFO - Complete load drones: 0:00:02.022609
[2023-08-26T16:58:37.205+0000] {dag_etl.py:99} INFO - Complete ETL Users in : 0:00:31.853158
[2023-08-26T16:58:37.247+0000] {python.py:194} INFO - Done. Returned value was: None
[2023-08-26T16:58:37.266+0000] {taskinstance.py:1400} INFO - Marking task as SUCCESS. dag_id=gaas_etl_1, task_id=etl_user, execution_date=20230826T165700, start_date=20230826T165804, end_date=20230826T165837
[2023-08-26T16:58:37.365+0000] {local_task_job_runner.py:228} INFO - Task exited with return code 0
[2023-08-26T16:58:37.389+0000] {taskinstance.py:2784} INFO - 0 downstream tasks scheduled from follow-on schedule check
