[2023-08-27T16:41:07.562+0000] {taskinstance.py:1159} INFO - Dependencies all met for dep_context=non-requeueable deps ti=<TaskInstance: gaas_etl_1.etl_user scheduled__2023-08-27T16:40:00+00:00 [queued]>
[2023-08-27T16:41:07.576+0000] {taskinstance.py:1159} INFO - Dependencies all met for dep_context=requeueable deps ti=<TaskInstance: gaas_etl_1.etl_user scheduled__2023-08-27T16:40:00+00:00 [queued]>
[2023-08-27T16:41:07.577+0000] {taskinstance.py:1361} INFO - Starting attempt 1 of 1
[2023-08-27T16:41:07.602+0000] {taskinstance.py:1382} INFO - Executing <Task(PythonOperator): etl_user> on 2023-08-27 16:40:00+00:00
[2023-08-27T16:41:07.609+0000] {standard_task_runner.py:57} INFO - Started process 430806 to run task
[2023-08-27T16:41:07.623+0000] {standard_task_runner.py:84} INFO - Running: ['airflow', 'tasks', 'run', 'gaas_etl_1', 'etl_user', 'scheduled__2023-08-27T16:40:00+00:00', '--job-id', '6593', '--raw', '--subdir', 'DAGS_FOLDER/dag_etl.py', '--cfg-path', '/tmp/tmpruizhxy_']
[2023-08-27T16:41:07.628+0000] {standard_task_runner.py:85} INFO - Job 6593: Subtask etl_user
[2023-08-27T16:41:08.425+0000] {task_command.py:415} INFO - Running <TaskInstance: gaas_etl_1.etl_user scheduled__2023-08-27T16:40:00+00:00 [running]> on host data-system.us-central1-a.c.data-system-392010.internal
[2023-08-27T16:41:08.947+0000] {taskinstance.py:1660} INFO - Exporting env vars: AIRFLOW_CTX_DAG_EMAIL='hungnm15012002@gmail.com' AIRFLOW_CTX_DAG_OWNER='hungnm' AIRFLOW_CTX_DAG_ID='gaas_etl_1' AIRFLOW_CTX_TASK_ID='etl_user' AIRFLOW_CTX_EXECUTION_DATE='2023-08-27T16:40:00+00:00' AIRFLOW_CTX_TRY_NUMBER='1' AIRFLOW_CTX_DAG_RUN_ID='scheduled__2023-08-27T16:40:00+00:00'
[2023-08-27T16:41:08.971+0000] {dag_etl.py:28} INFO - Extracting user...
[2023-08-27T16:41:27.451+0000] {extract.py:36} INFO - Request time: 0:00:18.479065
[2023-08-27T16:41:28.396+0000] {extract.py:42} INFO - Create DataFrame time: 0:00:00.944142
[2023-08-27T16:41:28.402+0000] {dag_etl.py:31} INFO - Complete extract user: 0:00:19.430767
[2023-08-27T16:41:28.404+0000] {dag_etl.py:33} INFO - Extracting resource...
[2023-08-27T16:41:40.662+0000] {extract.py:36} INFO - Request time: 0:00:12.258273
[2023-08-27T16:41:40.748+0000] {extract.py:42} INFO - Create DataFrame time: 0:00:00.084630
[2023-08-27T16:41:40.751+0000] {dag_etl.py:36} INFO - Complete extract resource: 0:00:12.348535
[2023-08-27T16:41:40.752+0000] {dag_etl.py:38} INFO - Transforming user...
[2023-08-27T16:41:41.174+0000] {dag_etl.py:42} INFO - Complete transform user: 0:00:00.423272
[2023-08-27T16:41:41.175+0000] {dag_etl.py:44} INFO - transform space_ships...
[2023-08-27T16:41:41.454+0000] {dag_etl.py:47} INFO - Complete transform space_ships: 0:00:00.280208
[2023-08-27T16:41:41.455+0000] {dag_etl.py:49} INFO - transform drones...
[2023-08-27T16:41:41.613+0000] {dag_etl.py:52} INFO - Complete transform drones: 0:00:00.158663
[2023-08-27T16:41:41.613+0000] {dag_etl.py:54} INFO - transform pilots...
[2023-08-27T16:41:41.732+0000] {dag_etl.py:57} INFO - Complete transform pilots: 0:00:00.118714
[2023-08-27T16:41:41.732+0000] {dag_etl.py:59} INFO - transform talents...
[2023-08-27T16:41:41.785+0000] {dag_etl.py:62} INFO - Complete transform talents: 0:00:00.053332
[2023-08-27T16:41:41.785+0000] {dag_etl.py:64} INFO - transform expert_items...
[2023-08-27T16:41:41.830+0000] {dag_etl.py:67} INFO - Complete transform expert_items: 0:00:00.045602
[2023-08-27T16:41:41.831+0000] {dag_etl.py:69} INFO - Loading user...
[2023-08-27T16:41:43.616+0000] {dag_etl.py:72} INFO - Complete load user: 0:00:01.785405
[2023-08-27T16:41:43.616+0000] {dag_etl.py:74} INFO - Loading space_ships...
[2023-08-27T16:41:46.412+0000] {dag_etl.py:77} INFO - Complete load space_ships: 0:00:02.796604
[2023-08-27T16:41:46.413+0000] {dag_etl.py:79} INFO - Loading drones...
[2023-08-27T16:41:49.028+0000] {dag_etl.py:82} INFO - Complete load drones: 0:00:02.615149
[2023-08-27T16:41:49.028+0000] {dag_etl.py:84} INFO - Loading pilots...
[2023-08-27T16:41:52.515+0000] {dag_etl.py:87} INFO - Complete load drones: 0:00:03.487573
[2023-08-27T16:41:52.516+0000] {dag_etl.py:89} INFO - Loading talents...
[2023-08-27T16:41:55.178+0000] {dag_etl.py:92} INFO - Complete load drones: 0:00:02.663085
[2023-08-27T16:41:55.179+0000] {dag_etl.py:94} INFO - Loading expert_items...
[2023-08-27T16:41:56.521+0000] {dag_etl.py:97} INFO - Complete load drones: 0:00:01.342423
[2023-08-27T16:41:56.521+0000] {dag_etl.py:99} INFO - Complete ETL Users in : 0:00:47.549937
[2023-08-27T16:41:56.557+0000] {python.py:194} INFO - Done. Returned value was: None
[2023-08-27T16:41:56.576+0000] {taskinstance.py:1400} INFO - Marking task as SUCCESS. dag_id=gaas_etl_1, task_id=etl_user, execution_date=20230827T164000, start_date=20230827T164107, end_date=20230827T164156
[2023-08-27T16:41:56.636+0000] {local_task_job_runner.py:228} INFO - Task exited with return code 0
[2023-08-27T16:41:56.662+0000] {taskinstance.py:2784} INFO - 0 downstream tasks scheduled from follow-on schedule check
