[2023-08-27T19:24:06.942+0000] {taskinstance.py:1159} INFO - Dependencies all met for dep_context=non-requeueable deps ti=<TaskInstance: gaas_etl_1.etl_user scheduled__2023-08-27T19:23:00+00:00 [queued]>
[2023-08-27T19:24:06.964+0000] {taskinstance.py:1159} INFO - Dependencies all met for dep_context=requeueable deps ti=<TaskInstance: gaas_etl_1.etl_user scheduled__2023-08-27T19:23:00+00:00 [queued]>
[2023-08-27T19:24:06.964+0000] {taskinstance.py:1361} INFO - Starting attempt 1 of 1
[2023-08-27T19:24:06.997+0000] {taskinstance.py:1382} INFO - Executing <Task(PythonOperator): etl_user> on 2023-08-27 19:23:00+00:00
[2023-08-27T19:24:07.007+0000] {standard_task_runner.py:57} INFO - Started process 447995 to run task
[2023-08-27T19:24:07.022+0000] {standard_task_runner.py:84} INFO - Running: ['airflow', 'tasks', 'run', 'gaas_etl_1', 'etl_user', 'scheduled__2023-08-27T19:23:00+00:00', '--job-id', '7083', '--raw', '--subdir', 'DAGS_FOLDER/dag_etl.py', '--cfg-path', '/tmp/tmpu3__61pv']
[2023-08-27T19:24:07.028+0000] {standard_task_runner.py:85} INFO - Job 7083: Subtask etl_user
[2023-08-27T19:24:07.535+0000] {task_command.py:415} INFO - Running <TaskInstance: gaas_etl_1.etl_user scheduled__2023-08-27T19:23:00+00:00 [running]> on host data-system.us-central1-a.c.data-system-392010.internal
[2023-08-27T19:24:08.416+0000] {taskinstance.py:1660} INFO - Exporting env vars: AIRFLOW_CTX_DAG_EMAIL='hungnm15012002@gmail.com' AIRFLOW_CTX_DAG_OWNER='hungnm' AIRFLOW_CTX_DAG_ID='gaas_etl_1' AIRFLOW_CTX_TASK_ID='etl_user' AIRFLOW_CTX_EXECUTION_DATE='2023-08-27T19:23:00+00:00' AIRFLOW_CTX_TRY_NUMBER='1' AIRFLOW_CTX_DAG_RUN_ID='scheduled__2023-08-27T19:23:00+00:00'
[2023-08-27T19:24:08.439+0000] {dag_etl.py:28} INFO - Extracting user...
[2023-08-27T19:24:19.540+0000] {extract.py:36} INFO - Request time: 0:00:11.100066
[2023-08-27T19:24:20.138+0000] {extract.py:42} INFO - Create DataFrame time: 0:00:00.597303
[2023-08-27T19:24:20.142+0000] {dag_etl.py:31} INFO - Complete extract user: 0:00:11.702857
[2023-08-27T19:24:20.143+0000] {dag_etl.py:33} INFO - Extracting resource...
[2023-08-27T19:24:28.639+0000] {extract.py:36} INFO - Request time: 0:00:08.495990
[2023-08-27T19:24:28.696+0000] {extract.py:42} INFO - Create DataFrame time: 0:00:00.056302
[2023-08-27T19:24:28.698+0000] {dag_etl.py:36} INFO - Complete extract resource: 0:00:08.556158
[2023-08-27T19:24:28.699+0000] {dag_etl.py:38} INFO - Transforming user...
[2023-08-27T19:24:28.931+0000] {dag_etl.py:42} INFO - Complete transform user: 0:00:00.232760
[2023-08-27T19:24:28.931+0000] {dag_etl.py:44} INFO - transform space_ships...
[2023-08-27T19:24:29.097+0000] {dag_etl.py:47} INFO - Complete transform space_ships: 0:00:00.166324
[2023-08-27T19:24:29.098+0000] {dag_etl.py:49} INFO - transform drones...
[2023-08-27T19:24:29.192+0000] {dag_etl.py:52} INFO - Complete transform drones: 0:00:00.094841
[2023-08-27T19:24:29.192+0000] {dag_etl.py:54} INFO - transform pilots...
[2023-08-27T19:24:29.261+0000] {dag_etl.py:57} INFO - Complete transform pilots: 0:00:00.068507
[2023-08-27T19:24:29.261+0000] {dag_etl.py:59} INFO - transform talents...
[2023-08-27T19:24:29.299+0000] {dag_etl.py:62} INFO - Complete transform talents: 0:00:00.038556
[2023-08-27T19:24:29.299+0000] {dag_etl.py:64} INFO - transform expert_items...
[2023-08-27T19:24:29.330+0000] {dag_etl.py:67} INFO - Complete transform expert_items: 0:00:00.030759
[2023-08-27T19:24:29.330+0000] {dag_etl.py:69} INFO - Loading user...
[2023-08-27T19:24:30.862+0000] {dag_etl.py:72} INFO - Complete load user: 0:00:01.532047
[2023-08-27T19:24:30.863+0000] {dag_etl.py:74} INFO - Loading space_ships...
[2023-08-27T19:24:32.853+0000] {dag_etl.py:77} INFO - Complete load space_ships: 0:00:01.990612
[2023-08-27T19:24:32.853+0000] {dag_etl.py:79} INFO - Loading drones...
[2023-08-27T19:24:34.659+0000] {dag_etl.py:82} INFO - Complete load drones: 0:00:01.805977
[2023-08-27T19:24:34.659+0000] {dag_etl.py:84} INFO - Loading pilots...
[2023-08-27T19:24:36.998+0000] {dag_etl.py:87} INFO - Complete load drones: 0:00:02.339732
[2023-08-27T19:24:36.999+0000] {dag_etl.py:89} INFO - Loading talents...
[2023-08-27T19:24:38.548+0000] {dag_etl.py:92} INFO - Complete load drones: 0:00:01.549379
[2023-08-27T19:24:38.548+0000] {dag_etl.py:94} INFO - Loading expert_items...
[2023-08-27T19:24:39.590+0000] {dag_etl.py:97} INFO - Complete load drones: 0:00:01.042420
[2023-08-27T19:24:39.591+0000] {dag_etl.py:99} INFO - Complete ETL Users in : 0:00:31.151552
[2023-08-27T19:24:39.630+0000] {python.py:194} INFO - Done. Returned value was: None
[2023-08-27T19:24:39.643+0000] {taskinstance.py:1400} INFO - Marking task as SUCCESS. dag_id=gaas_etl_1, task_id=etl_user, execution_date=20230827T192300, start_date=20230827T192406, end_date=20230827T192439
[2023-08-27T19:24:39.684+0000] {local_task_job_runner.py:228} INFO - Task exited with return code 0
[2023-08-27T19:24:39.704+0000] {taskinstance.py:2784} INFO - 0 downstream tasks scheduled from follow-on schedule check
