[2023-08-27T05:48:07.403+0000] {taskinstance.py:1159} INFO - Dependencies all met for dep_context=non-requeueable deps ti=<TaskInstance: gaas_etl_1.etl_user scheduled__2023-08-27T05:47:00+00:00 [queued]>
[2023-08-27T05:48:07.423+0000] {taskinstance.py:1159} INFO - Dependencies all met for dep_context=requeueable deps ti=<TaskInstance: gaas_etl_1.etl_user scheduled__2023-08-27T05:47:00+00:00 [queued]>
[2023-08-27T05:48:07.424+0000] {taskinstance.py:1361} INFO - Starting attempt 1 of 1
[2023-08-27T05:48:07.452+0000] {taskinstance.py:1382} INFO - Executing <Task(PythonOperator): etl_user> on 2023-08-27 05:47:00+00:00
[2023-08-27T05:48:07.461+0000] {standard_task_runner.py:57} INFO - Started process 371486 to run task
[2023-08-27T05:48:07.490+0000] {standard_task_runner.py:84} INFO - Running: ['airflow', 'tasks', 'run', 'gaas_etl_1', 'etl_user', 'scheduled__2023-08-27T05:47:00+00:00', '--job-id', '4634', '--raw', '--subdir', 'DAGS_FOLDER/dag_etl.py', '--cfg-path', '/tmp/tmpv9_1sfut']
[2023-08-27T05:48:07.500+0000] {standard_task_runner.py:85} INFO - Job 4634: Subtask etl_user
[2023-08-27T05:48:07.889+0000] {task_command.py:415} INFO - Running <TaskInstance: gaas_etl_1.etl_user scheduled__2023-08-27T05:47:00+00:00 [running]> on host data-system.us-central1-a.c.data-system-392010.internal
[2023-08-27T05:48:08.706+0000] {taskinstance.py:1660} INFO - Exporting env vars: AIRFLOW_CTX_DAG_EMAIL='hungnm15012002@gmail.com' AIRFLOW_CTX_DAG_OWNER='hungnm' AIRFLOW_CTX_DAG_ID='gaas_etl_1' AIRFLOW_CTX_TASK_ID='etl_user' AIRFLOW_CTX_EXECUTION_DATE='2023-08-27T05:47:00+00:00' AIRFLOW_CTX_TRY_NUMBER='1' AIRFLOW_CTX_DAG_RUN_ID='scheduled__2023-08-27T05:47:00+00:00'
[2023-08-27T05:48:08.728+0000] {dag_etl.py:28} INFO - Extracting user...
[2023-08-27T05:48:14.832+0000] {extract.py:36} INFO - Request time: 0:00:06.103587
[2023-08-27T05:48:15.422+0000] {extract.py:42} INFO - Create DataFrame time: 0:00:00.588942
[2023-08-27T05:48:15.429+0000] {dag_etl.py:31} INFO - Complete extract user: 0:00:06.700571
[2023-08-27T05:48:15.431+0000] {dag_etl.py:33} INFO - Extracting resource...
[2023-08-27T05:48:17.866+0000] {extract.py:36} INFO - Request time: 0:00:02.435005
[2023-08-27T05:48:17.945+0000] {extract.py:42} INFO - Create DataFrame time: 0:00:00.077987
[2023-08-27T05:48:17.948+0000] {dag_etl.py:36} INFO - Complete extract resource: 0:00:02.519660
[2023-08-27T05:48:17.950+0000] {dag_etl.py:38} INFO - Transforming user...
[2023-08-27T05:48:18.214+0000] {dag_etl.py:42} INFO - Complete transform user: 0:00:00.265521
[2023-08-27T05:48:18.214+0000] {dag_etl.py:44} INFO - transform space_ships...
[2023-08-27T05:48:18.425+0000] {dag_etl.py:47} INFO - Complete transform space_ships: 0:00:00.211457
[2023-08-27T05:48:18.426+0000] {dag_etl.py:49} INFO - transform drones...
[2023-08-27T05:48:18.564+0000] {dag_etl.py:52} INFO - Complete transform drones: 0:00:00.138561
[2023-08-27T05:48:18.564+0000] {dag_etl.py:54} INFO - transform pilots...
[2023-08-27T05:48:18.661+0000] {dag_etl.py:57} INFO - Complete transform pilots: 0:00:00.096956
[2023-08-27T05:48:18.661+0000] {dag_etl.py:59} INFO - transform talents...
[2023-08-27T05:48:18.707+0000] {dag_etl.py:62} INFO - Complete transform talents: 0:00:00.045983
[2023-08-27T05:48:18.707+0000] {dag_etl.py:64} INFO - transform expert_items...
[2023-08-27T05:48:18.757+0000] {dag_etl.py:67} INFO - Complete transform expert_items: 0:00:00.050204
[2023-08-27T05:48:18.757+0000] {dag_etl.py:69} INFO - Loading user...
[2023-08-27T05:48:20.337+0000] {dag_etl.py:72} INFO - Complete load user: 0:00:01.580248
[2023-08-27T05:48:20.338+0000] {dag_etl.py:74} INFO - Loading space_ships...
[2023-08-27T05:48:22.311+0000] {dag_etl.py:77} INFO - Complete load space_ships: 0:00:01.973409
[2023-08-27T05:48:22.311+0000] {dag_etl.py:79} INFO - Loading drones...
[2023-08-27T05:48:24.312+0000] {dag_etl.py:82} INFO - Complete load drones: 0:00:02.001767
[2023-08-27T05:48:24.313+0000] {dag_etl.py:84} INFO - Loading pilots...
[2023-08-27T05:48:27.179+0000] {dag_etl.py:87} INFO - Complete load drones: 0:00:02.866924
[2023-08-27T05:48:27.180+0000] {dag_etl.py:89} INFO - Loading talents...
[2023-08-27T05:48:28.887+0000] {dag_etl.py:92} INFO - Complete load drones: 0:00:01.707269
[2023-08-27T05:48:28.887+0000] {dag_etl.py:94} INFO - Loading expert_items...
[2023-08-27T05:48:30.103+0000] {dag_etl.py:97} INFO - Complete load drones: 0:00:01.216755
[2023-08-27T05:48:30.104+0000] {dag_etl.py:99} INFO - Complete ETL Users in : 0:00:21.375787
[2023-08-27T05:48:30.137+0000] {python.py:194} INFO - Done. Returned value was: None
[2023-08-27T05:48:30.170+0000] {taskinstance.py:1400} INFO - Marking task as SUCCESS. dag_id=gaas_etl_1, task_id=etl_user, execution_date=20230827T054700, start_date=20230827T054807, end_date=20230827T054830
[2023-08-27T05:48:30.244+0000] {local_task_job_runner.py:228} INFO - Task exited with return code 0
[2023-08-27T05:48:30.273+0000] {taskinstance.py:2784} INFO - 0 downstream tasks scheduled from follow-on schedule check
