[2023-08-26T21:34:05.190+0000] {taskinstance.py:1159} INFO - Dependencies all met for dep_context=non-requeueable deps ti=<TaskInstance: gaas_etl_1.etl_user scheduled__2023-08-26T21:33:00+00:00 [queued]>
[2023-08-26T21:34:05.206+0000] {taskinstance.py:1159} INFO - Dependencies all met for dep_context=requeueable deps ti=<TaskInstance: gaas_etl_1.etl_user scheduled__2023-08-26T21:33:00+00:00 [queued]>
[2023-08-26T21:34:05.207+0000] {taskinstance.py:1361} INFO - Starting attempt 1 of 1
[2023-08-26T21:34:05.238+0000] {taskinstance.py:1382} INFO - Executing <Task(PythonOperator): etl_user> on 2023-08-26 21:33:00+00:00
[2023-08-26T21:34:05.247+0000] {standard_task_runner.py:57} INFO - Started process 333008 to run task
[2023-08-26T21:34:05.261+0000] {standard_task_runner.py:84} INFO - Running: ['airflow', 'tasks', 'run', 'gaas_etl_1', 'etl_user', 'scheduled__2023-08-26T21:33:00+00:00', '--job-id', '3151', '--raw', '--subdir', 'DAGS_FOLDER/dag_etl.py', '--cfg-path', '/tmp/tmp9qzifjby']
[2023-08-26T21:34:05.266+0000] {standard_task_runner.py:85} INFO - Job 3151: Subtask etl_user
[2023-08-26T21:34:05.842+0000] {task_command.py:415} INFO - Running <TaskInstance: gaas_etl_1.etl_user scheduled__2023-08-26T21:33:00+00:00 [running]> on host data-system.us-central1-a.c.data-system-392010.internal
[2023-08-26T21:34:06.161+0000] {taskinstance.py:1660} INFO - Exporting env vars: AIRFLOW_CTX_DAG_EMAIL='hungnm15012002@gmail.com' AIRFLOW_CTX_DAG_OWNER='hungnm' AIRFLOW_CTX_DAG_ID='gaas_etl_1' AIRFLOW_CTX_TASK_ID='etl_user' AIRFLOW_CTX_EXECUTION_DATE='2023-08-26T21:33:00+00:00' AIRFLOW_CTX_TRY_NUMBER='1' AIRFLOW_CTX_DAG_RUN_ID='scheduled__2023-08-26T21:33:00+00:00'
[2023-08-26T21:34:06.183+0000] {dag_etl.py:28} INFO - Extracting user...
[2023-08-26T21:34:15.961+0000] {extract.py:36} INFO - Request time: 0:00:09.777581
[2023-08-26T21:34:17.659+0000] {extract.py:42} INFO - Create DataFrame time: 0:00:01.697014
[2023-08-26T21:34:17.668+0000] {dag_etl.py:31} INFO - Complete extract user: 0:00:11.485290
[2023-08-26T21:34:17.671+0000] {dag_etl.py:33} INFO - Extracting resource...
[2023-08-26T21:34:20.841+0000] {extract.py:36} INFO - Request time: 0:00:03.169986
[2023-08-26T21:34:21.010+0000] {extract.py:42} INFO - Create DataFrame time: 0:00:00.167933
[2023-08-26T21:34:21.013+0000] {dag_etl.py:36} INFO - Complete extract resource: 0:00:03.344859
[2023-08-26T21:34:21.015+0000] {dag_etl.py:38} INFO - Transforming user...
[2023-08-26T21:34:21.596+0000] {dag_etl.py:42} INFO - Complete transform user: 0:00:00.582604
[2023-08-26T21:34:21.597+0000] {dag_etl.py:44} INFO - transform space_ships...
[2023-08-26T21:34:21.968+0000] {dag_etl.py:47} INFO - Complete transform space_ships: 0:00:00.372493
[2023-08-26T21:34:21.969+0000] {dag_etl.py:49} INFO - transform drones...
[2023-08-26T21:34:22.238+0000] {dag_etl.py:52} INFO - Complete transform drones: 0:00:00.269718
[2023-08-26T21:34:22.239+0000] {dag_etl.py:54} INFO - transform pilots...
[2023-08-26T21:34:22.470+0000] {dag_etl.py:57} INFO - Complete transform pilots: 0:00:00.231536
[2023-08-26T21:34:22.470+0000] {dag_etl.py:59} INFO - transform talents...
[2023-08-26T21:34:22.555+0000] {dag_etl.py:62} INFO - Complete transform talents: 0:00:00.085465
[2023-08-26T21:34:22.556+0000] {dag_etl.py:64} INFO - transform expert_items...
[2023-08-26T21:34:22.634+0000] {dag_etl.py:67} INFO - Complete transform expert_items: 0:00:00.078778
[2023-08-26T21:34:22.634+0000] {dag_etl.py:69} INFO - Loading user...
[2023-08-26T21:34:25.794+0000] {dag_etl.py:72} INFO - Complete load user: 0:00:03.159615
[2023-08-26T21:34:25.794+0000] {dag_etl.py:74} INFO - Loading space_ships...
[2023-08-26T21:34:31.554+0000] {dag_etl.py:77} INFO - Complete load space_ships: 0:00:05.760476
[2023-08-26T21:34:31.555+0000] {dag_etl.py:79} INFO - Loading drones...
[2023-08-26T21:34:35.641+0000] {dag_etl.py:82} INFO - Complete load drones: 0:00:04.087058
[2023-08-26T21:34:35.642+0000] {dag_etl.py:84} INFO - Loading pilots...
[2023-08-26T21:34:40.775+0000] {dag_etl.py:87} INFO - Complete load drones: 0:00:05.133582
[2023-08-26T21:34:40.775+0000] {dag_etl.py:89} INFO - Loading talents...
[2023-08-26T21:34:43.930+0000] {dag_etl.py:92} INFO - Complete load drones: 0:00:03.155595
[2023-08-26T21:34:43.931+0000] {dag_etl.py:94} INFO - Loading expert_items...
[2023-08-26T21:34:46.188+0000] {dag_etl.py:97} INFO - Complete load drones: 0:00:02.257615
[2023-08-26T21:34:46.188+0000] {dag_etl.py:99} INFO - Complete ETL Users in : 0:00:40.005340
[2023-08-26T21:34:46.233+0000] {python.py:194} INFO - Done. Returned value was: None
[2023-08-26T21:34:46.247+0000] {taskinstance.py:1400} INFO - Marking task as SUCCESS. dag_id=gaas_etl_1, task_id=etl_user, execution_date=20230826T213300, start_date=20230826T213405, end_date=20230826T213446
[2023-08-26T21:34:46.305+0000] {local_task_job_runner.py:228} INFO - Task exited with return code 0
[2023-08-26T21:34:46.344+0000] {taskinstance.py:2784} INFO - 0 downstream tasks scheduled from follow-on schedule check
