[2023-08-27T21:28:08.233+0000] {taskinstance.py:1159} INFO - Dependencies all met for dep_context=non-requeueable deps ti=<TaskInstance: gaas_etl_1.etl_user scheduled__2023-08-27T21:27:00+00:00 [queued]>
[2023-08-27T21:28:08.254+0000] {taskinstance.py:1159} INFO - Dependencies all met for dep_context=requeueable deps ti=<TaskInstance: gaas_etl_1.etl_user scheduled__2023-08-27T21:27:00+00:00 [queued]>
[2023-08-27T21:28:08.255+0000] {taskinstance.py:1361} INFO - Starting attempt 1 of 1
[2023-08-27T21:28:08.285+0000] {taskinstance.py:1382} INFO - Executing <Task(PythonOperator): etl_user> on 2023-08-27 21:27:00+00:00
[2023-08-27T21:28:08.293+0000] {standard_task_runner.py:57} INFO - Started process 461031 to run task
[2023-08-27T21:28:08.308+0000] {standard_task_runner.py:84} INFO - Running: ['airflow', 'tasks', 'run', 'gaas_etl_1', 'etl_user', 'scheduled__2023-08-27T21:27:00+00:00', '--job-id', '7455', '--raw', '--subdir', 'DAGS_FOLDER/dag_etl.py', '--cfg-path', '/tmp/tmp6bbl_4a0']
[2023-08-27T21:28:08.315+0000] {standard_task_runner.py:85} INFO - Job 7455: Subtask etl_user
[2023-08-27T21:28:08.808+0000] {task_command.py:415} INFO - Running <TaskInstance: gaas_etl_1.etl_user scheduled__2023-08-27T21:27:00+00:00 [running]> on host data-system.us-central1-a.c.data-system-392010.internal
[2023-08-27T21:28:09.754+0000] {taskinstance.py:1660} INFO - Exporting env vars: AIRFLOW_CTX_DAG_EMAIL='hungnm15012002@gmail.com' AIRFLOW_CTX_DAG_OWNER='hungnm' AIRFLOW_CTX_DAG_ID='gaas_etl_1' AIRFLOW_CTX_TASK_ID='etl_user' AIRFLOW_CTX_EXECUTION_DATE='2023-08-27T21:27:00+00:00' AIRFLOW_CTX_TRY_NUMBER='1' AIRFLOW_CTX_DAG_RUN_ID='scheduled__2023-08-27T21:27:00+00:00'
[2023-08-27T21:28:09.776+0000] {dag_etl.py:28} INFO - Extracting user...
[2023-08-27T21:28:14.969+0000] {extract.py:36} INFO - Request time: 0:00:05.192732
[2023-08-27T21:28:15.629+0000] {extract.py:42} INFO - Create DataFrame time: 0:00:00.659736
[2023-08-27T21:28:15.635+0000] {dag_etl.py:31} INFO - Complete extract user: 0:00:05.859489
[2023-08-27T21:28:15.636+0000] {dag_etl.py:33} INFO - Extracting resource...
[2023-08-27T21:28:17.498+0000] {extract.py:36} INFO - Request time: 0:00:01.862299
[2023-08-27T21:28:17.562+0000] {extract.py:42} INFO - Create DataFrame time: 0:00:00.062611
[2023-08-27T21:28:17.565+0000] {dag_etl.py:36} INFO - Complete extract resource: 0:00:01.929750
[2023-08-27T21:28:17.566+0000] {dag_etl.py:38} INFO - Transforming user...
[2023-08-27T21:28:17.799+0000] {dag_etl.py:42} INFO - Complete transform user: 0:00:00.234297
[2023-08-27T21:28:17.800+0000] {dag_etl.py:44} INFO - transform space_ships...
[2023-08-27T21:28:17.971+0000] {dag_etl.py:47} INFO - Complete transform space_ships: 0:00:00.171417
[2023-08-27T21:28:17.971+0000] {dag_etl.py:49} INFO - transform drones...
[2023-08-27T21:28:18.087+0000] {dag_etl.py:52} INFO - Complete transform drones: 0:00:00.116496
[2023-08-27T21:28:18.088+0000] {dag_etl.py:54} INFO - transform pilots...
[2023-08-27T21:28:18.167+0000] {dag_etl.py:57} INFO - Complete transform pilots: 0:00:00.080139
[2023-08-27T21:28:18.168+0000] {dag_etl.py:59} INFO - transform talents...
[2023-08-27T21:28:18.289+0000] {dag_etl.py:62} INFO - Complete transform talents: 0:00:00.122131
[2023-08-27T21:28:18.291+0000] {dag_etl.py:64} INFO - transform expert_items...
[2023-08-27T21:28:18.351+0000] {dag_etl.py:67} INFO - Complete transform expert_items: 0:00:00.062134
[2023-08-27T21:28:18.352+0000] {dag_etl.py:69} INFO - Loading user...
[2023-08-27T21:28:19.794+0000] {dag_etl.py:72} INFO - Complete load user: 0:00:01.442244
[2023-08-27T21:28:19.794+0000] {dag_etl.py:74} INFO - Loading space_ships...
[2023-08-27T21:28:21.550+0000] {dag_etl.py:77} INFO - Complete load space_ships: 0:00:01.756111
[2023-08-27T21:28:21.551+0000] {dag_etl.py:79} INFO - Loading drones...
[2023-08-27T21:28:23.134+0000] {dag_etl.py:82} INFO - Complete load drones: 0:00:01.583813
[2023-08-27T21:28:23.134+0000] {dag_etl.py:84} INFO - Loading pilots...
[2023-08-27T21:28:25.446+0000] {dag_etl.py:87} INFO - Complete load drones: 0:00:02.312546
[2023-08-27T21:28:25.447+0000] {dag_etl.py:89} INFO - Loading talents...
[2023-08-27T21:28:26.710+0000] {dag_etl.py:92} INFO - Complete load drones: 0:00:01.263687
[2023-08-27T21:28:26.711+0000] {dag_etl.py:94} INFO - Loading expert_items...
[2023-08-27T21:28:27.620+0000] {dag_etl.py:97} INFO - Complete load drones: 0:00:00.910295
[2023-08-27T21:28:27.621+0000] {dag_etl.py:99} INFO - Complete ETL Users in : 0:00:17.845153
[2023-08-27T21:28:27.644+0000] {python.py:194} INFO - Done. Returned value was: None
[2023-08-27T21:28:27.664+0000] {taskinstance.py:1400} INFO - Marking task as SUCCESS. dag_id=gaas_etl_1, task_id=etl_user, execution_date=20230827T212700, start_date=20230827T212808, end_date=20230827T212827
[2023-08-27T21:28:27.728+0000] {local_task_job_runner.py:228} INFO - Task exited with return code 0
[2023-08-27T21:28:27.757+0000] {taskinstance.py:2784} INFO - 0 downstream tasks scheduled from follow-on schedule check
