[2023-08-26T06:52:04.256+0000] {taskinstance.py:1159} INFO - Dependencies all met for dep_context=non-requeueable deps ti=<TaskInstance: gaas_etl_1.etl_user scheduled__2023-08-26T06:51:00+00:00 [queued]>
[2023-08-26T06:52:04.272+0000] {taskinstance.py:1159} INFO - Dependencies all met for dep_context=requeueable deps ti=<TaskInstance: gaas_etl_1.etl_user scheduled__2023-08-26T06:51:00+00:00 [queued]>
[2023-08-26T06:52:04.272+0000] {taskinstance.py:1361} INFO - Starting attempt 1 of 1
[2023-08-26T06:52:04.307+0000] {taskinstance.py:1382} INFO - Executing <Task(PythonOperator): etl_user> on 2023-08-26 06:51:00+00:00
[2023-08-26T06:52:04.316+0000] {standard_task_runner.py:57} INFO - Started process 285767 to run task
[2023-08-26T06:52:04.322+0000] {standard_task_runner.py:84} INFO - Running: ['airflow', 'tasks', 'run', 'gaas_etl_1', 'etl_user', 'scheduled__2023-08-26T06:51:00+00:00', '--job-id', '506', '--raw', '--subdir', 'DAGS_FOLDER/dag_etl.py', '--cfg-path', '/tmp/tmpmxv5go4p']
[2023-08-26T06:52:04.327+0000] {standard_task_runner.py:85} INFO - Job 506: Subtask etl_user
[2023-08-26T06:52:04.464+0000] {task_command.py:415} INFO - Running <TaskInstance: gaas_etl_1.etl_user scheduled__2023-08-26T06:51:00+00:00 [running]> on host data-system.us-central1-a.c.data-system-392010.internal
[2023-08-26T06:52:04.659+0000] {taskinstance.py:1660} INFO - Exporting env vars: AIRFLOW_CTX_DAG_EMAIL='hungnm15012002@gmail.com' AIRFLOW_CTX_DAG_OWNER='hungnm' AIRFLOW_CTX_DAG_ID='gaas_etl_1' AIRFLOW_CTX_TASK_ID='etl_user' AIRFLOW_CTX_EXECUTION_DATE='2023-08-26T06:51:00+00:00' AIRFLOW_CTX_TRY_NUMBER='1' AIRFLOW_CTX_DAG_RUN_ID='scheduled__2023-08-26T06:51:00+00:00'
[2023-08-26T06:52:04.687+0000] {dag_etl.py:28} INFO - Extracting user...
[2023-08-26T06:52:06.223+0000] {extract.py:36} INFO - Request time: 0:00:01.535843
[2023-08-26T06:52:06.262+0000] {extract.py:42} INFO - Create DataFrame time: 0:00:00.037714
[2023-08-26T06:52:06.264+0000] {dag_etl.py:31} INFO - Complete extract user: 0:00:01.577681
[2023-08-26T06:52:06.265+0000] {dag_etl.py:33} INFO - Extracting resource...
[2023-08-26T06:52:07.250+0000] {extract.py:36} INFO - Request time: 0:00:00.985366
[2023-08-26T06:52:07.257+0000] {extract.py:42} INFO - Create DataFrame time: 0:00:00.006446
[2023-08-26T06:52:07.259+0000] {dag_etl.py:36} INFO - Complete extract resource: 0:00:00.994688
[2023-08-26T06:52:07.260+0000] {dag_etl.py:38} INFO - Transforming user...
[2023-08-26T06:52:07.292+0000] {dag_etl.py:42} INFO - Complete transform user: 0:00:00.032836
[2023-08-26T06:52:07.292+0000] {dag_etl.py:44} INFO - transform space_ships...
[2023-08-26T06:52:07.319+0000] {dag_etl.py:47} INFO - Complete transform space_ships: 0:00:00.026767
[2023-08-26T06:52:07.319+0000] {dag_etl.py:49} INFO - transform drones...
[2023-08-26T06:52:07.337+0000] {dag_etl.py:52} INFO - Complete transform drones: 0:00:00.018084
[2023-08-26T06:52:07.337+0000] {dag_etl.py:54} INFO - transform pilots...
[2023-08-26T06:52:07.351+0000] {dag_etl.py:57} INFO - Complete transform pilots: 0:00:00.014020
[2023-08-26T06:52:07.351+0000] {dag_etl.py:59} INFO - transform talents...
[2023-08-26T06:52:07.358+0000] {dag_etl.py:62} INFO - Complete transform talents: 0:00:00.007850
[2023-08-26T06:52:07.359+0000] {dag_etl.py:64} INFO - transform expert_items...
[2023-08-26T06:52:07.366+0000] {dag_etl.py:67} INFO - Complete transform expert_items: 0:00:00.007206
[2023-08-26T06:52:07.366+0000] {dag_etl.py:69} INFO - Loading user...
[2023-08-26T06:52:07.382+0000] {dag_etl.py:72} INFO - Complete load user: 0:00:00.015808
[2023-08-26T06:52:07.382+0000] {dag_etl.py:74} INFO - Loading space_ships...
[2023-08-26T06:52:07.402+0000] {dag_etl.py:77} INFO - Complete load space_ships: 0:00:00.020051
[2023-08-26T06:52:07.402+0000] {dag_etl.py:79} INFO - Loading drones...
[2023-08-26T06:52:07.415+0000] {dag_etl.py:82} INFO - Complete load drones: 0:00:00.013777
[2023-08-26T06:52:07.416+0000] {dag_etl.py:84} INFO - Loading pilots...
[2023-08-26T06:52:07.444+0000] {dag_etl.py:87} INFO - Complete load drones: 0:00:00.028217
[2023-08-26T06:52:07.444+0000] {dag_etl.py:89} INFO - Loading talents...
[2023-08-26T06:52:07.456+0000] {dag_etl.py:92} INFO - Complete load drones: 0:00:00.012365
[2023-08-26T06:52:07.456+0000] {dag_etl.py:94} INFO - Loading expert_items...
[2023-08-26T06:52:07.460+0000] {dag_etl.py:97} INFO - Complete load drones: 0:00:00.003634
[2023-08-26T06:52:07.460+0000] {dag_etl.py:99} INFO - Complete ETL Users in : 0:00:02.773294
[2023-08-26T06:52:07.461+0000] {python.py:194} INFO - Done. Returned value was: None
[2023-08-26T06:52:07.474+0000] {taskinstance.py:1400} INFO - Marking task as SUCCESS. dag_id=gaas_etl_1, task_id=etl_user, execution_date=20230826T065100, start_date=20230826T065204, end_date=20230826T065207
[2023-08-26T06:52:07.517+0000] {local_task_job_runner.py:228} INFO - Task exited with return code 0
[2023-08-26T06:52:07.541+0000] {taskinstance.py:2784} INFO - 0 downstream tasks scheduled from follow-on schedule check
