[2023-08-27T22:23:07.465+0000] {taskinstance.py:1159} INFO - Dependencies all met for dep_context=non-requeueable deps ti=<TaskInstance: gaas_etl_1.etl_user scheduled__2023-08-27T22:22:00+00:00 [queued]>
[2023-08-27T22:23:07.484+0000] {taskinstance.py:1159} INFO - Dependencies all met for dep_context=requeueable deps ti=<TaskInstance: gaas_etl_1.etl_user scheduled__2023-08-27T22:22:00+00:00 [queued]>
[2023-08-27T22:23:07.485+0000] {taskinstance.py:1361} INFO - Starting attempt 1 of 1
[2023-08-27T22:23:07.511+0000] {taskinstance.py:1382} INFO - Executing <Task(PythonOperator): etl_user> on 2023-08-27 22:22:00+00:00
[2023-08-27T22:23:07.520+0000] {standard_task_runner.py:57} INFO - Started process 466752 to run task
[2023-08-27T22:23:07.534+0000] {standard_task_runner.py:84} INFO - Running: ['airflow', 'tasks', 'run', 'gaas_etl_1', 'etl_user', 'scheduled__2023-08-27T22:22:00+00:00', '--job-id', '7620', '--raw', '--subdir', 'DAGS_FOLDER/dag_etl.py', '--cfg-path', '/tmp/tmp_9utr9hp']
[2023-08-27T22:23:07.539+0000] {standard_task_runner.py:85} INFO - Job 7620: Subtask etl_user
[2023-08-27T22:23:08.073+0000] {task_command.py:415} INFO - Running <TaskInstance: gaas_etl_1.etl_user scheduled__2023-08-27T22:22:00+00:00 [running]> on host data-system.us-central1-a.c.data-system-392010.internal
[2023-08-27T22:23:09.078+0000] {taskinstance.py:1660} INFO - Exporting env vars: AIRFLOW_CTX_DAG_EMAIL='hungnm15012002@gmail.com' AIRFLOW_CTX_DAG_OWNER='hungnm' AIRFLOW_CTX_DAG_ID='gaas_etl_1' AIRFLOW_CTX_TASK_ID='etl_user' AIRFLOW_CTX_EXECUTION_DATE='2023-08-27T22:22:00+00:00' AIRFLOW_CTX_TRY_NUMBER='1' AIRFLOW_CTX_DAG_RUN_ID='scheduled__2023-08-27T22:22:00+00:00'
[2023-08-27T22:23:09.096+0000] {dag_etl.py:28} INFO - Extracting user...
[2023-08-27T22:23:15.612+0000] {extract.py:36} INFO - Request time: 0:00:06.515628
[2023-08-27T22:23:16.317+0000] {extract.py:42} INFO - Create DataFrame time: 0:00:00.704633
[2023-08-27T22:23:16.324+0000] {dag_etl.py:31} INFO - Complete extract user: 0:00:07.228082
[2023-08-27T22:23:16.325+0000] {dag_etl.py:33} INFO - Extracting resource...
[2023-08-27T22:23:18.328+0000] {extract.py:36} INFO - Request time: 0:00:02.002543
[2023-08-27T22:23:18.428+0000] {extract.py:42} INFO - Create DataFrame time: 0:00:00.098150
[2023-08-27T22:23:18.432+0000] {dag_etl.py:36} INFO - Complete extract resource: 0:00:02.108754
[2023-08-27T22:23:18.434+0000] {dag_etl.py:38} INFO - Transforming user...
[2023-08-27T22:23:18.777+0000] {dag_etl.py:42} INFO - Complete transform user: 0:00:00.344862
[2023-08-27T22:23:18.778+0000] {dag_etl.py:44} INFO - transform space_ships...
[2023-08-27T22:23:19.062+0000] {dag_etl.py:47} INFO - Complete transform space_ships: 0:00:00.284659
[2023-08-27T22:23:19.063+0000] {dag_etl.py:49} INFO - transform drones...
[2023-08-27T22:23:19.203+0000] {dag_etl.py:52} INFO - Complete transform drones: 0:00:00.141540
[2023-08-27T22:23:19.204+0000] {dag_etl.py:54} INFO - transform pilots...
[2023-08-27T22:23:19.304+0000] {dag_etl.py:57} INFO - Complete transform pilots: 0:00:00.100984
[2023-08-27T22:23:19.305+0000] {dag_etl.py:59} INFO - transform talents...
[2023-08-27T22:23:19.353+0000] {dag_etl.py:62} INFO - Complete transform talents: 0:00:00.048379
[2023-08-27T22:23:19.353+0000] {dag_etl.py:64} INFO - transform expert_items...
[2023-08-27T22:23:19.424+0000] {dag_etl.py:67} INFO - Complete transform expert_items: 0:00:00.071500
[2023-08-27T22:23:19.425+0000] {dag_etl.py:69} INFO - Loading user...
[2023-08-27T22:23:20.868+0000] {dag_etl.py:72} INFO - Complete load user: 0:00:01.444118
[2023-08-27T22:23:20.869+0000] {dag_etl.py:74} INFO - Loading space_ships...
[2023-08-27T22:23:22.744+0000] {dag_etl.py:77} INFO - Complete load space_ships: 0:00:01.875925
[2023-08-27T22:23:22.745+0000] {dag_etl.py:79} INFO - Loading drones...
[2023-08-27T22:23:24.297+0000] {dag_etl.py:82} INFO - Complete load drones: 0:00:01.552275
[2023-08-27T22:23:24.297+0000] {dag_etl.py:84} INFO - Loading pilots...
[2023-08-27T22:23:26.798+0000] {dag_etl.py:87} INFO - Complete load drones: 0:00:02.501481
[2023-08-27T22:23:26.799+0000] {dag_etl.py:89} INFO - Loading talents...
[2023-08-27T22:23:28.313+0000] {dag_etl.py:92} INFO - Complete load drones: 0:00:01.515190
[2023-08-27T22:23:28.314+0000] {dag_etl.py:94} INFO - Loading expert_items...
[2023-08-27T22:23:29.461+0000] {dag_etl.py:97} INFO - Complete load drones: 0:00:01.147750
[2023-08-27T22:23:29.462+0000] {dag_etl.py:99} INFO - Complete ETL Users in : 0:00:20.366959
[2023-08-27T22:23:29.536+0000] {python.py:194} INFO - Done. Returned value was: None
[2023-08-27T22:23:29.591+0000] {taskinstance.py:1400} INFO - Marking task as SUCCESS. dag_id=gaas_etl_1, task_id=etl_user, execution_date=20230827T222200, start_date=20230827T222307, end_date=20230827T222329
[2023-08-27T22:23:29.720+0000] {local_task_job_runner.py:228} INFO - Task exited with return code 0
[2023-08-27T22:23:29.776+0000] {taskinstance.py:2784} INFO - 0 downstream tasks scheduled from follow-on schedule check
