[2023-08-26T08:47:04.532+0000] {taskinstance.py:1159} INFO - Dependencies all met for dep_context=non-requeueable deps ti=<TaskInstance: gaas_etl_1.etl_user scheduled__2023-08-26T08:46:00+00:00 [queued]>
[2023-08-26T08:47:04.577+0000] {taskinstance.py:1159} INFO - Dependencies all met for dep_context=requeueable deps ti=<TaskInstance: gaas_etl_1.etl_user scheduled__2023-08-26T08:46:00+00:00 [queued]>
[2023-08-26T08:47:04.578+0000] {taskinstance.py:1361} INFO - Starting attempt 1 of 1
[2023-08-26T08:47:04.622+0000] {taskinstance.py:1382} INFO - Executing <Task(PythonOperator): etl_user> on 2023-08-26 08:46:00+00:00
[2023-08-26T08:47:04.637+0000] {standard_task_runner.py:57} INFO - Started process 291201 to run task
[2023-08-26T08:47:04.674+0000] {standard_task_runner.py:84} INFO - Running: ['airflow', 'tasks', 'run', 'gaas_etl_1', 'etl_user', 'scheduled__2023-08-26T08:46:00+00:00', '--job-id', '851', '--raw', '--subdir', 'DAGS_FOLDER/dag_etl.py', '--cfg-path', '/tmp/tmp10fok1xj']
[2023-08-26T08:47:04.684+0000] {standard_task_runner.py:85} INFO - Job 851: Subtask etl_user
[2023-08-26T08:47:05.112+0000] {task_command.py:415} INFO - Running <TaskInstance: gaas_etl_1.etl_user scheduled__2023-08-26T08:46:00+00:00 [running]> on host data-system.us-central1-a.c.data-system-392010.internal
[2023-08-26T08:47:05.463+0000] {taskinstance.py:1660} INFO - Exporting env vars: AIRFLOW_CTX_DAG_EMAIL='hungnm15012002@gmail.com' AIRFLOW_CTX_DAG_OWNER='hungnm' AIRFLOW_CTX_DAG_ID='gaas_etl_1' AIRFLOW_CTX_TASK_ID='etl_user' AIRFLOW_CTX_EXECUTION_DATE='2023-08-26T08:46:00+00:00' AIRFLOW_CTX_TRY_NUMBER='1' AIRFLOW_CTX_DAG_RUN_ID='scheduled__2023-08-26T08:46:00+00:00'
[2023-08-26T08:47:05.487+0000] {dag_etl.py:28} INFO - Extracting user...
[2023-08-26T08:47:06.979+0000] {extract.py:36} INFO - Request time: 0:00:01.491686
[2023-08-26T08:47:07.027+0000] {extract.py:42} INFO - Create DataFrame time: 0:00:00.047528
[2023-08-26T08:47:07.030+0000] {dag_etl.py:31} INFO - Complete extract user: 0:00:01.542736
[2023-08-26T08:47:07.031+0000] {dag_etl.py:33} INFO - Extracting resource...
[2023-08-26T08:47:08.020+0000] {extract.py:36} INFO - Request time: 0:00:00.987852
[2023-08-26T08:47:08.039+0000] {extract.py:42} INFO - Create DataFrame time: 0:00:00.017936
[2023-08-26T08:47:08.045+0000] {dag_etl.py:36} INFO - Complete extract resource: 0:00:01.015743
[2023-08-26T08:47:08.047+0000] {dag_etl.py:38} INFO - Transforming user...
[2023-08-26T08:47:08.153+0000] {dag_etl.py:42} INFO - Complete transform user: 0:00:00.107583
[2023-08-26T08:47:08.153+0000] {dag_etl.py:44} INFO - transform space_ships...
[2023-08-26T08:47:08.194+0000] {dag_etl.py:47} INFO - Complete transform space_ships: 0:00:00.041170
[2023-08-26T08:47:08.195+0000] {dag_etl.py:49} INFO - transform drones...
[2023-08-26T08:47:08.252+0000] {dag_etl.py:52} INFO - Complete transform drones: 0:00:00.058238
[2023-08-26T08:47:08.253+0000] {dag_etl.py:54} INFO - transform pilots...
[2023-08-26T08:47:08.269+0000] {dag_etl.py:57} INFO - Complete transform pilots: 0:00:00.016412
[2023-08-26T08:47:08.269+0000] {dag_etl.py:59} INFO - transform talents...
[2023-08-26T08:47:08.283+0000] {dag_etl.py:62} INFO - Complete transform talents: 0:00:00.014184
[2023-08-26T08:47:08.283+0000] {dag_etl.py:64} INFO - transform expert_items...
[2023-08-26T08:47:08.295+0000] {dag_etl.py:67} INFO - Complete transform expert_items: 0:00:00.011780
[2023-08-26T08:47:08.295+0000] {dag_etl.py:69} INFO - Loading user...
[2023-08-26T08:47:08.322+0000] {dag_etl.py:72} INFO - Complete load user: 0:00:00.027684
[2023-08-26T08:47:08.323+0000] {dag_etl.py:74} INFO - Loading space_ships...
[2023-08-26T08:47:08.365+0000] {dag_etl.py:77} INFO - Complete load space_ships: 0:00:00.042678
[2023-08-26T08:47:08.366+0000] {dag_etl.py:79} INFO - Loading drones...
[2023-08-26T08:47:08.394+0000] {dag_etl.py:82} INFO - Complete load drones: 0:00:00.028549
[2023-08-26T08:47:08.394+0000] {dag_etl.py:84} INFO - Loading pilots...
[2023-08-26T08:47:08.444+0000] {dag_etl.py:87} INFO - Complete load drones: 0:00:00.050263
[2023-08-26T08:47:08.444+0000] {dag_etl.py:89} INFO - Loading talents...
[2023-08-26T08:47:08.468+0000] {dag_etl.py:92} INFO - Complete load drones: 0:00:00.024353
[2023-08-26T08:47:08.469+0000] {dag_etl.py:94} INFO - Loading expert_items...
[2023-08-26T08:47:08.476+0000] {dag_etl.py:97} INFO - Complete load drones: 0:00:00.007532
[2023-08-26T08:47:08.476+0000] {dag_etl.py:99} INFO - Complete ETL Users in : 0:00:02.989340
[2023-08-26T08:47:08.478+0000] {python.py:194} INFO - Done. Returned value was: None
[2023-08-26T08:47:08.492+0000] {taskinstance.py:1400} INFO - Marking task as SUCCESS. dag_id=gaas_etl_1, task_id=etl_user, execution_date=20230826T084600, start_date=20230826T084704, end_date=20230826T084708
[2023-08-26T08:47:08.530+0000] {local_task_job_runner.py:228} INFO - Task exited with return code 0
[2023-08-26T08:47:08.553+0000] {taskinstance.py:2784} INFO - 0 downstream tasks scheduled from follow-on schedule check
