[2023-08-27T04:11:06.125+0000] {taskinstance.py:1159} INFO - Dependencies all met for dep_context=non-requeueable deps ti=<TaskInstance: gaas_etl_1.etl_user scheduled__2023-08-27T04:10:00+00:00 [queued]>
[2023-08-27T04:11:06.141+0000] {taskinstance.py:1159} INFO - Dependencies all met for dep_context=requeueable deps ti=<TaskInstance: gaas_etl_1.etl_user scheduled__2023-08-27T04:10:00+00:00 [queued]>
[2023-08-27T04:11:06.142+0000] {taskinstance.py:1361} INFO - Starting attempt 1 of 1
[2023-08-27T04:11:06.182+0000] {taskinstance.py:1382} INFO - Executing <Task(PythonOperator): etl_user> on 2023-08-27 04:10:00+00:00
[2023-08-27T04:11:06.202+0000] {standard_task_runner.py:57} INFO - Started process 361617 to run task
[2023-08-27T04:11:06.218+0000] {standard_task_runner.py:84} INFO - Running: ['airflow', 'tasks', 'run', 'gaas_etl_1', 'etl_user', 'scheduled__2023-08-27T04:10:00+00:00', '--job-id', '4343', '--raw', '--subdir', 'DAGS_FOLDER/dag_etl.py', '--cfg-path', '/tmp/tmpzaf78qx6']
[2023-08-27T04:11:06.227+0000] {standard_task_runner.py:85} INFO - Job 4343: Subtask etl_user
[2023-08-27T04:11:06.649+0000] {task_command.py:415} INFO - Running <TaskInstance: gaas_etl_1.etl_user scheduled__2023-08-27T04:10:00+00:00 [running]> on host data-system.us-central1-a.c.data-system-392010.internal
[2023-08-27T04:11:07.079+0000] {taskinstance.py:1660} INFO - Exporting env vars: AIRFLOW_CTX_DAG_EMAIL='hungnm15012002@gmail.com' AIRFLOW_CTX_DAG_OWNER='hungnm' AIRFLOW_CTX_DAG_ID='gaas_etl_1' AIRFLOW_CTX_TASK_ID='etl_user' AIRFLOW_CTX_EXECUTION_DATE='2023-08-27T04:10:00+00:00' AIRFLOW_CTX_TRY_NUMBER='1' AIRFLOW_CTX_DAG_RUN_ID='scheduled__2023-08-27T04:10:00+00:00'
[2023-08-27T04:11:07.137+0000] {dag_etl.py:28} INFO - Extracting user...
[2023-08-27T04:11:10.631+0000] {extract.py:36} INFO - Request time: 0:00:03.492691
[2023-08-27T04:11:11.004+0000] {extract.py:42} INFO - Create DataFrame time: 0:00:00.372227
[2023-08-27T04:11:11.007+0000] {dag_etl.py:31} INFO - Complete extract user: 0:00:03.869700
[2023-08-27T04:11:11.007+0000] {dag_etl.py:33} INFO - Extracting resource...
[2023-08-27T04:11:12.450+0000] {extract.py:36} INFO - Request time: 0:00:01.442699
[2023-08-27T04:11:12.492+0000] {extract.py:42} INFO - Create DataFrame time: 0:00:00.040699
[2023-08-27T04:11:12.494+0000] {dag_etl.py:36} INFO - Complete extract resource: 0:00:01.487468
[2023-08-27T04:11:12.496+0000] {dag_etl.py:38} INFO - Transforming user...
[2023-08-27T04:11:12.647+0000] {dag_etl.py:42} INFO - Complete transform user: 0:00:00.152258
[2023-08-27T04:11:12.647+0000] {dag_etl.py:44} INFO - transform space_ships...
[2023-08-27T04:11:12.751+0000] {dag_etl.py:47} INFO - Complete transform space_ships: 0:00:00.104574
[2023-08-27T04:11:12.752+0000] {dag_etl.py:49} INFO - transform drones...
[2023-08-27T04:11:12.870+0000] {dag_etl.py:52} INFO - Complete transform drones: 0:00:00.118829
[2023-08-27T04:11:12.884+0000] {dag_etl.py:54} INFO - transform pilots...
[2023-08-27T04:11:12.936+0000] {dag_etl.py:57} INFO - Complete transform pilots: 0:00:00.065699
[2023-08-27T04:11:12.937+0000] {dag_etl.py:59} INFO - transform talents...
[2023-08-27T04:11:12.961+0000] {dag_etl.py:62} INFO - Complete transform talents: 0:00:00.025168
[2023-08-27T04:11:12.962+0000] {dag_etl.py:64} INFO - transform expert_items...
[2023-08-27T04:11:12.986+0000] {dag_etl.py:67} INFO - Complete transform expert_items: 0:00:00.024715
[2023-08-27T04:11:12.987+0000] {dag_etl.py:69} INFO - Loading user...
[2023-08-27T04:11:13.661+0000] {dag_etl.py:72} INFO - Complete load user: 0:00:00.675424
[2023-08-27T04:11:13.662+0000] {dag_etl.py:74} INFO - Loading space_ships...
[2023-08-27T04:11:14.594+0000] {dag_etl.py:77} INFO - Complete load space_ships: 0:00:00.932543
[2023-08-27T04:11:14.594+0000] {dag_etl.py:79} INFO - Loading drones...
[2023-08-27T04:11:15.813+0000] {dag_etl.py:82} INFO - Complete load drones: 0:00:01.219449
[2023-08-27T04:11:15.814+0000] {dag_etl.py:84} INFO - Loading pilots...
[2023-08-27T04:11:18.128+0000] {dag_etl.py:87} INFO - Complete load drones: 0:00:02.315273
[2023-08-27T04:11:18.129+0000] {dag_etl.py:89} INFO - Loading talents...
[2023-08-27T04:11:19.783+0000] {dag_etl.py:92} INFO - Complete load drones: 0:00:01.655088
[2023-08-27T04:11:19.784+0000] {dag_etl.py:94} INFO - Loading expert_items...
[2023-08-27T04:11:20.847+0000] {dag_etl.py:97} INFO - Complete load drones: 0:00:01.063339
[2023-08-27T04:11:20.847+0000] {dag_etl.py:99} INFO - Complete ETL Users in : 0:00:13.710102
[2023-08-27T04:11:20.874+0000] {python.py:194} INFO - Done. Returned value was: None
[2023-08-27T04:11:20.914+0000] {taskinstance.py:1400} INFO - Marking task as SUCCESS. dag_id=gaas_etl_1, task_id=etl_user, execution_date=20230827T041000, start_date=20230827T041106, end_date=20230827T041120
[2023-08-27T04:11:21.027+0000] {local_task_job_runner.py:228} INFO - Task exited with return code 0
[2023-08-27T04:11:21.095+0000] {taskinstance.py:2784} INFO - 0 downstream tasks scheduled from follow-on schedule check
