[2023-08-27T12:55:05.483+0000] {taskinstance.py:1159} INFO - Dependencies all met for dep_context=non-requeueable deps ti=<TaskInstance: gaas_etl_1.etl_user scheduled__2023-08-27T12:54:00+00:00 [queued]>
[2023-08-27T12:55:05.501+0000] {taskinstance.py:1159} INFO - Dependencies all met for dep_context=requeueable deps ti=<TaskInstance: gaas_etl_1.etl_user scheduled__2023-08-27T12:54:00+00:00 [queued]>
[2023-08-27T12:55:05.501+0000] {taskinstance.py:1361} INFO - Starting attempt 1 of 1
[2023-08-27T12:55:05.536+0000] {taskinstance.py:1382} INFO - Executing <Task(PythonOperator): etl_user> on 2023-08-27 12:54:00+00:00
[2023-08-27T12:55:05.553+0000] {standard_task_runner.py:57} INFO - Started process 407057 to run task
[2023-08-27T12:55:05.581+0000] {standard_task_runner.py:84} INFO - Running: ['airflow', 'tasks', 'run', 'gaas_etl_1', 'etl_user', 'scheduled__2023-08-27T12:54:00+00:00', '--job-id', '5915', '--raw', '--subdir', 'DAGS_FOLDER/dag_etl.py', '--cfg-path', '/tmp/tmpsjuu5swv']
[2023-08-27T12:55:05.597+0000] {standard_task_runner.py:85} INFO - Job 5915: Subtask etl_user
[2023-08-27T12:55:06.341+0000] {task_command.py:415} INFO - Running <TaskInstance: gaas_etl_1.etl_user scheduled__2023-08-27T12:54:00+00:00 [running]> on host data-system.us-central1-a.c.data-system-392010.internal
[2023-08-27T12:55:06.816+0000] {taskinstance.py:1660} INFO - Exporting env vars: AIRFLOW_CTX_DAG_EMAIL='hungnm15012002@gmail.com' AIRFLOW_CTX_DAG_OWNER='hungnm' AIRFLOW_CTX_DAG_ID='gaas_etl_1' AIRFLOW_CTX_TASK_ID='etl_user' AIRFLOW_CTX_EXECUTION_DATE='2023-08-27T12:54:00+00:00' AIRFLOW_CTX_TRY_NUMBER='1' AIRFLOW_CTX_DAG_RUN_ID='scheduled__2023-08-27T12:54:00+00:00'
[2023-08-27T12:55:06.844+0000] {dag_etl.py:28} INFO - Extracting user...
[2023-08-27T12:55:13.399+0000] {extract.py:36} INFO - Request time: 0:00:06.554118
[2023-08-27T12:55:13.738+0000] {extract.py:42} INFO - Create DataFrame time: 0:00:00.338565
[2023-08-27T12:55:13.742+0000] {dag_etl.py:31} INFO - Complete extract user: 0:00:06.897826
[2023-08-27T12:55:13.743+0000] {dag_etl.py:33} INFO - Extracting resource...
[2023-08-27T12:55:19.271+0000] {extract.py:36} INFO - Request time: 0:00:05.528019
[2023-08-27T12:55:19.324+0000] {extract.py:42} INFO - Create DataFrame time: 0:00:00.052484
[2023-08-27T12:55:19.327+0000] {dag_etl.py:36} INFO - Complete extract resource: 0:00:05.585371
[2023-08-27T12:55:19.329+0000] {dag_etl.py:38} INFO - Transforming user...
[2023-08-27T12:55:19.558+0000] {dag_etl.py:42} INFO - Complete transform user: 0:00:00.230962
[2023-08-27T12:55:19.559+0000] {dag_etl.py:44} INFO - transform space_ships...
[2023-08-27T12:55:19.752+0000] {dag_etl.py:47} INFO - Complete transform space_ships: 0:00:00.193647
[2023-08-27T12:55:19.753+0000] {dag_etl.py:49} INFO - transform drones...
[2023-08-27T12:55:19.859+0000] {dag_etl.py:52} INFO - Complete transform drones: 0:00:00.107031
[2023-08-27T12:55:19.860+0000] {dag_etl.py:54} INFO - transform pilots...
[2023-08-27T12:55:19.975+0000] {dag_etl.py:57} INFO - Complete transform pilots: 0:00:00.115661
[2023-08-27T12:55:19.975+0000] {dag_etl.py:59} INFO - transform talents...
[2023-08-27T12:55:20.011+0000] {dag_etl.py:62} INFO - Complete transform talents: 0:00:00.036305
[2023-08-27T12:55:20.011+0000] {dag_etl.py:64} INFO - transform expert_items...
[2023-08-27T12:55:20.044+0000] {dag_etl.py:67} INFO - Complete transform expert_items: 0:00:00.032802
[2023-08-27T12:55:20.044+0000] {dag_etl.py:69} INFO - Loading user...
[2023-08-27T12:55:21.146+0000] {dag_etl.py:72} INFO - Complete load user: 0:00:01.102242
[2023-08-27T12:55:21.147+0000] {dag_etl.py:74} INFO - Loading space_ships...
[2023-08-27T12:55:23.104+0000] {dag_etl.py:77} INFO - Complete load space_ships: 0:00:01.957710
[2023-08-27T12:55:23.104+0000] {dag_etl.py:79} INFO - Loading drones...
[2023-08-27T12:55:24.692+0000] {dag_etl.py:82} INFO - Complete load drones: 0:00:01.588300
[2023-08-27T12:55:24.692+0000] {dag_etl.py:84} INFO - Loading pilots...
[2023-08-27T12:55:26.787+0000] {dag_etl.py:87} INFO - Complete load drones: 0:00:02.095505
[2023-08-27T12:55:26.788+0000] {dag_etl.py:89} INFO - Loading talents...
[2023-08-27T12:55:28.088+0000] {dag_etl.py:92} INFO - Complete load drones: 0:00:01.300397
[2023-08-27T12:55:28.089+0000] {dag_etl.py:94} INFO - Loading expert_items...
[2023-08-27T12:55:28.883+0000] {dag_etl.py:97} INFO - Complete load drones: 0:00:00.795037
[2023-08-27T12:55:28.883+0000] {dag_etl.py:99} INFO - Complete ETL Users in : 0:00:22.039255
[2023-08-27T12:55:28.911+0000] {python.py:194} INFO - Done. Returned value was: None
[2023-08-27T12:55:28.956+0000] {taskinstance.py:1400} INFO - Marking task as SUCCESS. dag_id=gaas_etl_1, task_id=etl_user, execution_date=20230827T125400, start_date=20230827T125505, end_date=20230827T125528
[2023-08-27T12:55:29.053+0000] {local_task_job_runner.py:228} INFO - Task exited with return code 0
[2023-08-27T12:55:29.098+0000] {taskinstance.py:2784} INFO - 0 downstream tasks scheduled from follow-on schedule check
