[2023-08-26T15:42:04.000+0000] {taskinstance.py:1159} INFO - Dependencies all met for dep_context=non-requeueable deps ti=<TaskInstance: gaas_etl_1.etl_user scheduled__2023-08-26T15:41:00+00:00 [queued]>
[2023-08-26T15:42:04.020+0000] {taskinstance.py:1159} INFO - Dependencies all met for dep_context=requeueable deps ti=<TaskInstance: gaas_etl_1.etl_user scheduled__2023-08-26T15:41:00+00:00 [queued]>
[2023-08-26T15:42:04.020+0000] {taskinstance.py:1361} INFO - Starting attempt 1 of 1
[2023-08-26T15:42:04.049+0000] {taskinstance.py:1382} INFO - Executing <Task(PythonOperator): etl_user> on 2023-08-26 15:41:00+00:00
[2023-08-26T15:42:04.057+0000] {standard_task_runner.py:57} INFO - Started process 319111 to run task
[2023-08-26T15:42:04.070+0000] {standard_task_runner.py:84} INFO - Running: ['airflow', 'tasks', 'run', 'gaas_etl_1', 'etl_user', 'scheduled__2023-08-26T15:41:00+00:00', '--job-id', '2096', '--raw', '--subdir', 'DAGS_FOLDER/dag_etl.py', '--cfg-path', '/tmp/tmpyf00ta8u']
[2023-08-26T15:42:04.076+0000] {standard_task_runner.py:85} INFO - Job 2096: Subtask etl_user
[2023-08-26T15:42:04.284+0000] {task_command.py:415} INFO - Running <TaskInstance: gaas_etl_1.etl_user scheduled__2023-08-26T15:41:00+00:00 [running]> on host data-system.us-central1-a.c.data-system-392010.internal
[2023-08-26T15:42:04.581+0000] {taskinstance.py:1660} INFO - Exporting env vars: AIRFLOW_CTX_DAG_EMAIL='hungnm15012002@gmail.com' AIRFLOW_CTX_DAG_OWNER='hungnm' AIRFLOW_CTX_DAG_ID='gaas_etl_1' AIRFLOW_CTX_TASK_ID='etl_user' AIRFLOW_CTX_EXECUTION_DATE='2023-08-26T15:41:00+00:00' AIRFLOW_CTX_TRY_NUMBER='1' AIRFLOW_CTX_DAG_RUN_ID='scheduled__2023-08-26T15:41:00+00:00'
[2023-08-26T15:42:04.604+0000] {dag_etl.py:28} INFO - Extracting user...
[2023-08-26T15:42:12.433+0000] {extract.py:36} INFO - Request time: 0:00:07.828517
[2023-08-26T15:42:14.004+0000] {extract.py:42} INFO - Create DataFrame time: 0:00:01.570776
[2023-08-26T15:42:14.012+0000] {dag_etl.py:31} INFO - Complete extract user: 0:00:09.408448
[2023-08-26T15:42:14.013+0000] {dag_etl.py:33} INFO - Extracting resource...
[2023-08-26T15:42:16.670+0000] {extract.py:36} INFO - Request time: 0:00:02.656531
[2023-08-26T15:42:16.808+0000] {extract.py:42} INFO - Create DataFrame time: 0:00:00.136967
[2023-08-26T15:42:16.812+0000] {dag_etl.py:36} INFO - Complete extract resource: 0:00:02.799999
[2023-08-26T15:42:16.813+0000] {dag_etl.py:38} INFO - Transforming user...
[2023-08-26T15:42:17.268+0000] {dag_etl.py:42} INFO - Complete transform user: 0:00:00.456279
[2023-08-26T15:42:17.269+0000] {dag_etl.py:44} INFO - transform space_ships...
[2023-08-26T15:42:17.648+0000] {dag_etl.py:47} INFO - Complete transform space_ships: 0:00:00.379904
[2023-08-26T15:42:17.649+0000] {dag_etl.py:49} INFO - transform drones...
[2023-08-26T15:42:17.876+0000] {dag_etl.py:52} INFO - Complete transform drones: 0:00:00.227775
[2023-08-26T15:42:17.877+0000] {dag_etl.py:54} INFO - transform pilots...
[2023-08-26T15:42:18.018+0000] {dag_etl.py:57} INFO - Complete transform pilots: 0:00:00.141922
[2023-08-26T15:42:18.019+0000] {dag_etl.py:59} INFO - transform talents...
[2023-08-26T15:42:18.090+0000] {dag_etl.py:62} INFO - Complete transform talents: 0:00:00.071960
[2023-08-26T15:42:18.090+0000] {dag_etl.py:64} INFO - transform expert_items...
[2023-08-26T15:42:18.153+0000] {dag_etl.py:67} INFO - Complete transform expert_items: 0:00:00.063582
[2023-08-26T15:42:18.154+0000] {dag_etl.py:69} INFO - Loading user...
[2023-08-26T15:42:20.551+0000] {dag_etl.py:72} INFO - Complete load user: 0:00:02.397154
[2023-08-26T15:42:20.552+0000] {dag_etl.py:74} INFO - Loading space_ships...
[2023-08-26T15:42:24.943+0000] {dag_etl.py:77} INFO - Complete load space_ships: 0:00:04.392426
[2023-08-26T15:42:24.943+0000] {dag_etl.py:79} INFO - Loading drones...
[2023-08-26T15:42:28.520+0000] {dag_etl.py:82} INFO - Complete load drones: 0:00:03.577206
[2023-08-26T15:42:28.521+0000] {dag_etl.py:84} INFO - Loading pilots...
[2023-08-26T15:42:34.256+0000] {dag_etl.py:87} INFO - Complete load drones: 0:00:05.735737
[2023-08-26T15:42:34.257+0000] {dag_etl.py:89} INFO - Loading talents...
[2023-08-26T15:42:38.178+0000] {dag_etl.py:92} INFO - Complete load drones: 0:00:03.922429
[2023-08-26T15:42:38.179+0000] {dag_etl.py:94} INFO - Loading expert_items...
[2023-08-26T15:42:40.521+0000] {dag_etl.py:97} INFO - Complete load drones: 0:00:02.342757
[2023-08-26T15:42:40.522+0000] {dag_etl.py:99} INFO - Complete ETL Users in : 0:00:35.918284
[2023-08-26T15:42:40.649+0000] {python.py:194} INFO - Done. Returned value was: None
[2023-08-26T15:42:40.692+0000] {taskinstance.py:1400} INFO - Marking task as SUCCESS. dag_id=gaas_etl_1, task_id=etl_user, execution_date=20230826T154100, start_date=20230826T154204, end_date=20230826T154240
[2023-08-26T15:42:40.824+0000] {local_task_job_runner.py:228} INFO - Task exited with return code 0
[2023-08-26T15:42:40.885+0000] {taskinstance.py:2784} INFO - 0 downstream tasks scheduled from follow-on schedule check
