[2023-08-27T10:22:07.320+0000] {taskinstance.py:1159} INFO - Dependencies all met for dep_context=non-requeueable deps ti=<TaskInstance: gaas_etl_1.etl_user scheduled__2023-08-27T10:21:00+00:00 [queued]>
[2023-08-27T10:22:07.362+0000] {taskinstance.py:1159} INFO - Dependencies all met for dep_context=requeueable deps ti=<TaskInstance: gaas_etl_1.etl_user scheduled__2023-08-27T10:21:00+00:00 [queued]>
[2023-08-27T10:22:07.363+0000] {taskinstance.py:1361} INFO - Starting attempt 1 of 1
[2023-08-27T10:22:07.415+0000] {taskinstance.py:1382} INFO - Executing <Task(PythonOperator): etl_user> on 2023-08-27 10:21:00+00:00
[2023-08-27T10:22:07.431+0000] {standard_task_runner.py:57} INFO - Started process 386097 to run task
[2023-08-27T10:22:07.459+0000] {standard_task_runner.py:84} INFO - Running: ['airflow', 'tasks', 'run', 'gaas_etl_1', 'etl_user', 'scheduled__2023-08-27T10:21:00+00:00', '--job-id', '5456', '--raw', '--subdir', 'DAGS_FOLDER/dag_etl.py', '--cfg-path', '/tmp/tmpj1h7motn']
[2023-08-27T10:22:07.472+0000] {standard_task_runner.py:85} INFO - Job 5456: Subtask etl_user
[2023-08-27T10:22:08.563+0000] {task_command.py:415} INFO - Running <TaskInstance: gaas_etl_1.etl_user scheduled__2023-08-27T10:21:00+00:00 [running]> on host data-system.us-central1-a.c.data-system-392010.internal
[2023-08-27T10:22:09.070+0000] {taskinstance.py:1660} INFO - Exporting env vars: AIRFLOW_CTX_DAG_EMAIL='hungnm15012002@gmail.com' AIRFLOW_CTX_DAG_OWNER='hungnm' AIRFLOW_CTX_DAG_ID='gaas_etl_1' AIRFLOW_CTX_TASK_ID='etl_user' AIRFLOW_CTX_EXECUTION_DATE='2023-08-27T10:21:00+00:00' AIRFLOW_CTX_TRY_NUMBER='1' AIRFLOW_CTX_DAG_RUN_ID='scheduled__2023-08-27T10:21:00+00:00'
[2023-08-27T10:22:09.088+0000] {dag_etl.py:28} INFO - Extracting user...
[2023-08-27T10:22:14.066+0000] {extract.py:36} INFO - Request time: 0:00:04.977013
[2023-08-27T10:22:14.456+0000] {extract.py:42} INFO - Create DataFrame time: 0:00:00.390238
[2023-08-27T10:22:14.461+0000] {dag_etl.py:31} INFO - Complete extract user: 0:00:05.373081
[2023-08-27T10:22:14.462+0000] {dag_etl.py:33} INFO - Extracting resource...
[2023-08-27T10:22:16.562+0000] {extract.py:36} INFO - Request time: 0:00:02.098295
[2023-08-27T10:22:16.626+0000] {extract.py:42} INFO - Create DataFrame time: 0:00:00.063308
[2023-08-27T10:22:16.630+0000] {dag_etl.py:36} INFO - Complete extract resource: 0:00:02.168641
[2023-08-27T10:22:16.632+0000] {dag_etl.py:38} INFO - Transforming user...
[2023-08-27T10:22:16.847+0000] {dag_etl.py:42} INFO - Complete transform user: 0:00:00.216958
[2023-08-27T10:22:16.848+0000] {dag_etl.py:44} INFO - transform space_ships...
[2023-08-27T10:22:17.006+0000] {dag_etl.py:47} INFO - Complete transform space_ships: 0:00:00.158730
[2023-08-27T10:22:17.007+0000] {dag_etl.py:49} INFO - transform drones...
[2023-08-27T10:22:17.125+0000] {dag_etl.py:52} INFO - Complete transform drones: 0:00:00.119082
[2023-08-27T10:22:17.126+0000] {dag_etl.py:54} INFO - transform pilots...
[2023-08-27T10:22:17.232+0000] {dag_etl.py:57} INFO - Complete transform pilots: 0:00:00.107489
[2023-08-27T10:22:17.233+0000] {dag_etl.py:59} INFO - transform talents...
[2023-08-27T10:22:17.301+0000] {dag_etl.py:62} INFO - Complete transform talents: 0:00:00.068798
[2023-08-27T10:22:17.302+0000] {dag_etl.py:64} INFO - transform expert_items...
[2023-08-27T10:22:17.362+0000] {dag_etl.py:67} INFO - Complete transform expert_items: 0:00:00.061160
[2023-08-27T10:22:17.363+0000] {dag_etl.py:69} INFO - Loading user...
[2023-08-27T10:22:18.965+0000] {dag_etl.py:72} INFO - Complete load user: 0:00:01.602763
[2023-08-27T10:22:18.966+0000] {dag_etl.py:74} INFO - Loading space_ships...
[2023-08-27T10:22:20.818+0000] {dag_etl.py:77} INFO - Complete load space_ships: 0:00:01.853026
[2023-08-27T10:22:20.818+0000] {dag_etl.py:79} INFO - Loading drones...
[2023-08-27T10:22:22.385+0000] {dag_etl.py:82} INFO - Complete load drones: 0:00:01.567610
[2023-08-27T10:22:22.387+0000] {dag_etl.py:84} INFO - Loading pilots...
[2023-08-27T10:22:24.887+0000] {dag_etl.py:87} INFO - Complete load drones: 0:00:02.501139
[2023-08-27T10:22:24.887+0000] {dag_etl.py:89} INFO - Loading talents...
[2023-08-27T10:22:26.409+0000] {dag_etl.py:92} INFO - Complete load drones: 0:00:01.522678
[2023-08-27T10:22:26.410+0000] {dag_etl.py:94} INFO - Loading expert_items...
[2023-08-27T10:22:27.397+0000] {dag_etl.py:97} INFO - Complete load drones: 0:00:00.987898
[2023-08-27T10:22:27.398+0000] {dag_etl.py:99} INFO - Complete ETL Users in : 0:00:18.309504
[2023-08-27T10:22:27.450+0000] {python.py:194} INFO - Done. Returned value was: None
[2023-08-27T10:22:27.479+0000] {taskinstance.py:1400} INFO - Marking task as SUCCESS. dag_id=gaas_etl_1, task_id=etl_user, execution_date=20230827T102100, start_date=20230827T102207, end_date=20230827T102227
[2023-08-27T10:22:27.551+0000] {local_task_job_runner.py:228} INFO - Task exited with return code 0
[2023-08-27T10:22:27.630+0000] {taskinstance.py:2784} INFO - 0 downstream tasks scheduled from follow-on schedule check
