[2023-08-27T17:10:06.389+0000] {taskinstance.py:1159} INFO - Dependencies all met for dep_context=non-requeueable deps ti=<TaskInstance: gaas_etl_1.etl_user scheduled__2023-08-27T17:09:00+00:00 [queued]>
[2023-08-27T17:10:06.409+0000] {taskinstance.py:1159} INFO - Dependencies all met for dep_context=requeueable deps ti=<TaskInstance: gaas_etl_1.etl_user scheduled__2023-08-27T17:09:00+00:00 [queued]>
[2023-08-27T17:10:06.409+0000] {taskinstance.py:1361} INFO - Starting attempt 1 of 1
[2023-08-27T17:10:06.438+0000] {taskinstance.py:1382} INFO - Executing <Task(PythonOperator): etl_user> on 2023-08-27 17:09:00+00:00
[2023-08-27T17:10:06.445+0000] {standard_task_runner.py:57} INFO - Started process 433874 to run task
[2023-08-27T17:10:06.459+0000] {standard_task_runner.py:84} INFO - Running: ['airflow', 'tasks', 'run', 'gaas_etl_1', 'etl_user', 'scheduled__2023-08-27T17:09:00+00:00', '--job-id', '6680', '--raw', '--subdir', 'DAGS_FOLDER/dag_etl.py', '--cfg-path', '/tmp/tmpmcsr57n2']
[2023-08-27T17:10:06.464+0000] {standard_task_runner.py:85} INFO - Job 6680: Subtask etl_user
[2023-08-27T17:10:07.323+0000] {task_command.py:415} INFO - Running <TaskInstance: gaas_etl_1.etl_user scheduled__2023-08-27T17:09:00+00:00 [running]> on host data-system.us-central1-a.c.data-system-392010.internal
[2023-08-27T17:10:07.839+0000] {taskinstance.py:1660} INFO - Exporting env vars: AIRFLOW_CTX_DAG_EMAIL='hungnm15012002@gmail.com' AIRFLOW_CTX_DAG_OWNER='hungnm' AIRFLOW_CTX_DAG_ID='gaas_etl_1' AIRFLOW_CTX_TASK_ID='etl_user' AIRFLOW_CTX_EXECUTION_DATE='2023-08-27T17:09:00+00:00' AIRFLOW_CTX_TRY_NUMBER='1' AIRFLOW_CTX_DAG_RUN_ID='scheduled__2023-08-27T17:09:00+00:00'
[2023-08-27T17:10:07.862+0000] {dag_etl.py:28} INFO - Extracting user...
[2023-08-27T17:10:22.078+0000] {extract.py:36} INFO - Request time: 0:00:14.215998
[2023-08-27T17:10:22.157+0000] {extract.py:42} INFO - Create DataFrame time: 0:00:00.078030
[2023-08-27T17:10:22.160+0000] {dag_etl.py:31} INFO - Complete extract user: 0:00:14.298373
[2023-08-27T17:10:22.161+0000] {dag_etl.py:33} INFO - Extracting resource...
[2023-08-27T17:10:33.702+0000] {extract.py:36} INFO - Request time: 0:00:11.540983
[2023-08-27T17:10:33.720+0000] {extract.py:42} INFO - Create DataFrame time: 0:00:00.016679
[2023-08-27T17:10:33.723+0000] {dag_etl.py:36} INFO - Complete extract resource: 0:00:11.562744
[2023-08-27T17:10:33.725+0000] {dag_etl.py:38} INFO - Transforming user...
[2023-08-27T17:10:33.806+0000] {dag_etl.py:42} INFO - Complete transform user: 0:00:00.083072
[2023-08-27T17:10:33.807+0000] {dag_etl.py:44} INFO - transform space_ships...
[2023-08-27T17:10:33.860+0000] {dag_etl.py:47} INFO - Complete transform space_ships: 0:00:00.053771
[2023-08-27T17:10:33.860+0000] {dag_etl.py:49} INFO - transform drones...
[2023-08-27T17:10:33.901+0000] {dag_etl.py:52} INFO - Complete transform drones: 0:00:00.041399
[2023-08-27T17:10:33.902+0000] {dag_etl.py:54} INFO - transform pilots...
[2023-08-27T17:10:33.931+0000] {dag_etl.py:57} INFO - Complete transform pilots: 0:00:00.030189
[2023-08-27T17:10:33.932+0000] {dag_etl.py:59} INFO - transform talents...
[2023-08-27T17:10:33.953+0000] {dag_etl.py:62} INFO - Complete transform talents: 0:00:00.021856
[2023-08-27T17:10:33.954+0000] {dag_etl.py:64} INFO - transform expert_items...
[2023-08-27T17:10:33.979+0000] {dag_etl.py:67} INFO - Complete transform expert_items: 0:00:00.025523
[2023-08-27T17:10:33.980+0000] {dag_etl.py:69} INFO - Loading user...
[2023-08-27T17:10:34.361+0000] {dag_etl.py:72} INFO - Complete load user: 0:00:00.382497
[2023-08-27T17:10:34.362+0000] {dag_etl.py:74} INFO - Loading space_ships...
[2023-08-27T17:10:35.096+0000] {dag_etl.py:77} INFO - Complete load space_ships: 0:00:00.734848
[2023-08-27T17:10:35.097+0000] {dag_etl.py:79} INFO - Loading drones...
[2023-08-27T17:10:35.427+0000] {dag_etl.py:82} INFO - Complete load drones: 0:00:00.330615
[2023-08-27T17:10:35.427+0000] {dag_etl.py:84} INFO - Loading pilots...
[2023-08-27T17:10:35.976+0000] {dag_etl.py:87} INFO - Complete load drones: 0:00:00.549434
[2023-08-27T17:10:35.977+0000] {dag_etl.py:89} INFO - Loading talents...
[2023-08-27T17:10:36.339+0000] {dag_etl.py:92} INFO - Complete load drones: 0:00:00.363158
[2023-08-27T17:10:36.340+0000] {dag_etl.py:94} INFO - Loading expert_items...
[2023-08-27T17:10:36.586+0000] {dag_etl.py:97} INFO - Complete load drones: 0:00:00.246516
[2023-08-27T17:10:36.587+0000] {dag_etl.py:99} INFO - Complete ETL Users in : 0:00:28.724779
[2023-08-27T17:10:36.594+0000] {python.py:194} INFO - Done. Returned value was: None
[2023-08-27T17:10:36.617+0000] {taskinstance.py:1400} INFO - Marking task as SUCCESS. dag_id=gaas_etl_1, task_id=etl_user, execution_date=20230827T170900, start_date=20230827T171006, end_date=20230827T171036
[2023-08-27T17:10:36.703+0000] {local_task_job_runner.py:228} INFO - Task exited with return code 0
[2023-08-27T17:10:36.733+0000] {taskinstance.py:2784} INFO - 0 downstream tasks scheduled from follow-on schedule check
