[2023-08-27T18:00:08.887+0000] {taskinstance.py:1159} INFO - Dependencies all met for dep_context=non-requeueable deps ti=<TaskInstance: gaas_etl_1.etl_user scheduled__2023-08-27T17:59:00+00:00 [queued]>
[2023-08-27T18:00:08.902+0000] {taskinstance.py:1159} INFO - Dependencies all met for dep_context=requeueable deps ti=<TaskInstance: gaas_etl_1.etl_user scheduled__2023-08-27T17:59:00+00:00 [queued]>
[2023-08-27T18:00:08.902+0000] {taskinstance.py:1361} INFO - Starting attempt 1 of 1
[2023-08-27T18:00:08.929+0000] {taskinstance.py:1382} INFO - Executing <Task(PythonOperator): etl_user> on 2023-08-27 17:59:00+00:00
[2023-08-27T18:00:08.938+0000] {standard_task_runner.py:57} INFO - Started process 439212 to run task
[2023-08-27T18:00:08.962+0000] {standard_task_runner.py:84} INFO - Running: ['airflow', 'tasks', 'run', 'gaas_etl_1', 'etl_user', 'scheduled__2023-08-27T17:59:00+00:00', '--job-id', '6830', '--raw', '--subdir', 'DAGS_FOLDER/dag_etl.py', '--cfg-path', '/tmp/tmp2uc3kc9i']
[2023-08-27T18:00:08.967+0000] {standard_task_runner.py:85} INFO - Job 6830: Subtask etl_user
[2023-08-27T18:00:09.894+0000] {task_command.py:415} INFO - Running <TaskInstance: gaas_etl_1.etl_user scheduled__2023-08-27T17:59:00+00:00 [running]> on host data-system.us-central1-a.c.data-system-392010.internal
[2023-08-27T18:00:10.678+0000] {taskinstance.py:1660} INFO - Exporting env vars: AIRFLOW_CTX_DAG_EMAIL='hungnm15012002@gmail.com' AIRFLOW_CTX_DAG_OWNER='hungnm' AIRFLOW_CTX_DAG_ID='gaas_etl_1' AIRFLOW_CTX_TASK_ID='etl_user' AIRFLOW_CTX_EXECUTION_DATE='2023-08-27T17:59:00+00:00' AIRFLOW_CTX_TRY_NUMBER='1' AIRFLOW_CTX_DAG_RUN_ID='scheduled__2023-08-27T17:59:00+00:00'
[2023-08-27T18:00:10.716+0000] {dag_etl.py:28} INFO - Extracting user...
[2023-08-27T18:00:21.827+0000] {extract.py:36} INFO - Request time: 0:00:11.110229
[2023-08-27T18:00:22.896+0000] {extract.py:42} INFO - Create DataFrame time: 0:00:01.068349
[2023-08-27T18:00:22.903+0000] {dag_etl.py:31} INFO - Complete extract user: 0:00:12.186841
[2023-08-27T18:00:22.904+0000] {dag_etl.py:33} INFO - Extracting resource...
[2023-08-27T18:00:39.361+0000] {extract.py:36} INFO - Request time: 0:00:16.457053
[2023-08-27T18:00:39.496+0000] {extract.py:42} INFO - Create DataFrame time: 0:00:00.133611
[2023-08-27T18:00:39.499+0000] {dag_etl.py:36} INFO - Complete extract resource: 0:00:16.595834
[2023-08-27T18:00:39.500+0000] {dag_etl.py:38} INFO - Transforming user...
[2023-08-27T18:00:39.857+0000] {dag_etl.py:42} INFO - Complete transform user: 0:00:00.358462
[2023-08-27T18:00:39.858+0000] {dag_etl.py:44} INFO - transform space_ships...
[2023-08-27T18:00:40.104+0000] {dag_etl.py:47} INFO - Complete transform space_ships: 0:00:00.246986
[2023-08-27T18:00:40.105+0000] {dag_etl.py:49} INFO - transform drones...
[2023-08-27T18:00:40.344+0000] {dag_etl.py:52} INFO - Complete transform drones: 0:00:00.240127
[2023-08-27T18:00:40.346+0000] {dag_etl.py:54} INFO - transform pilots...
[2023-08-27T18:00:40.459+0000] {dag_etl.py:57} INFO - Complete transform pilots: 0:00:00.114799
[2023-08-27T18:00:40.460+0000] {dag_etl.py:59} INFO - transform talents...
[2023-08-27T18:00:40.515+0000] {dag_etl.py:62} INFO - Complete transform talents: 0:00:00.055963
[2023-08-27T18:00:40.515+0000] {dag_etl.py:64} INFO - transform expert_items...
[2023-08-27T18:00:40.569+0000] {dag_etl.py:67} INFO - Complete transform expert_items: 0:00:00.053605
[2023-08-27T18:00:40.569+0000] {dag_etl.py:69} INFO - Loading user...
[2023-08-27T18:00:42.284+0000] {dag_etl.py:72} INFO - Complete load user: 0:00:01.715669
[2023-08-27T18:00:42.285+0000] {dag_etl.py:74} INFO - Loading space_ships...
[2023-08-27T18:00:45.345+0000] {dag_etl.py:77} INFO - Complete load space_ships: 0:00:03.061100
[2023-08-27T18:00:45.346+0000] {dag_etl.py:79} INFO - Loading drones...
[2023-08-27T18:00:47.554+0000] {dag_etl.py:82} INFO - Complete load drones: 0:00:02.208587
[2023-08-27T18:00:47.555+0000] {dag_etl.py:84} INFO - Loading pilots...
[2023-08-27T18:00:50.523+0000] {dag_etl.py:87} INFO - Complete load drones: 0:00:02.969454
[2023-08-27T18:00:50.524+0000] {dag_etl.py:89} INFO - Loading talents...
[2023-08-27T18:00:52.163+0000] {dag_etl.py:92} INFO - Complete load drones: 0:00:01.639274
[2023-08-27T18:00:52.163+0000] {dag_etl.py:94} INFO - Loading expert_items...
[2023-08-27T18:00:53.373+0000] {dag_etl.py:97} INFO - Complete load drones: 0:00:01.210155
[2023-08-27T18:00:53.373+0000] {dag_etl.py:99} INFO - Complete ETL Users in : 0:00:42.657489
[2023-08-27T18:00:53.400+0000] {python.py:194} INFO - Done. Returned value was: None
[2023-08-27T18:00:53.429+0000] {taskinstance.py:1400} INFO - Marking task as SUCCESS. dag_id=gaas_etl_1, task_id=etl_user, execution_date=20230827T175900, start_date=20230827T180008, end_date=20230827T180053
[2023-08-27T18:00:53.518+0000] {local_task_job_runner.py:228} INFO - Task exited with return code 0
[2023-08-27T18:00:53.549+0000] {taskinstance.py:2784} INFO - 0 downstream tasks scheduled from follow-on schedule check
