[2023-08-27T14:41:06.404+0000] {taskinstance.py:1159} INFO - Dependencies all met for dep_context=non-requeueable deps ti=<TaskInstance: gaas_etl_1.etl_user scheduled__2023-08-27T14:40:00+00:00 [queued]>
[2023-08-27T14:41:06.423+0000] {taskinstance.py:1159} INFO - Dependencies all met for dep_context=requeueable deps ti=<TaskInstance: gaas_etl_1.etl_user scheduled__2023-08-27T14:40:00+00:00 [queued]>
[2023-08-27T14:41:06.424+0000] {taskinstance.py:1361} INFO - Starting attempt 1 of 1
[2023-08-27T14:41:06.453+0000] {taskinstance.py:1382} INFO - Executing <Task(PythonOperator): etl_user> on 2023-08-27 14:40:00+00:00
[2023-08-27T14:41:06.463+0000] {standard_task_runner.py:57} INFO - Started process 418078 to run task
[2023-08-27T14:41:06.479+0000] {standard_task_runner.py:84} INFO - Running: ['airflow', 'tasks', 'run', 'gaas_etl_1', 'etl_user', 'scheduled__2023-08-27T14:40:00+00:00', '--job-id', '6233', '--raw', '--subdir', 'DAGS_FOLDER/dag_etl.py', '--cfg-path', '/tmp/tmp5i71031q']
[2023-08-27T14:41:06.485+0000] {standard_task_runner.py:85} INFO - Job 6233: Subtask etl_user
[2023-08-27T14:41:07.332+0000] {task_command.py:415} INFO - Running <TaskInstance: gaas_etl_1.etl_user scheduled__2023-08-27T14:40:00+00:00 [running]> on host data-system.us-central1-a.c.data-system-392010.internal
[2023-08-27T14:41:07.785+0000] {taskinstance.py:1660} INFO - Exporting env vars: AIRFLOW_CTX_DAG_EMAIL='hungnm15012002@gmail.com' AIRFLOW_CTX_DAG_OWNER='hungnm' AIRFLOW_CTX_DAG_ID='gaas_etl_1' AIRFLOW_CTX_TASK_ID='etl_user' AIRFLOW_CTX_EXECUTION_DATE='2023-08-27T14:40:00+00:00' AIRFLOW_CTX_TRY_NUMBER='1' AIRFLOW_CTX_DAG_RUN_ID='scheduled__2023-08-27T14:40:00+00:00'
[2023-08-27T14:41:07.815+0000] {dag_etl.py:28} INFO - Extracting user...
[2023-08-27T14:41:20.194+0000] {extract.py:36} INFO - Request time: 0:00:12.377990
[2023-08-27T14:41:20.971+0000] {extract.py:42} INFO - Create DataFrame time: 0:00:00.768565
[2023-08-27T14:41:20.976+0000] {dag_etl.py:31} INFO - Complete extract user: 0:00:13.160572
[2023-08-27T14:41:20.977+0000] {dag_etl.py:33} INFO - Extracting resource...
[2023-08-27T14:41:34.451+0000] {extract.py:36} INFO - Request time: 0:00:13.473851
[2023-08-27T14:41:34.500+0000] {extract.py:42} INFO - Create DataFrame time: 0:00:00.048277
[2023-08-27T14:41:34.502+0000] {dag_etl.py:36} INFO - Complete extract resource: 0:00:13.526257
[2023-08-27T14:41:34.503+0000] {dag_etl.py:38} INFO - Transforming user...
[2023-08-27T14:41:34.667+0000] {dag_etl.py:42} INFO - Complete transform user: 0:00:00.164615
[2023-08-27T14:41:34.667+0000] {dag_etl.py:44} INFO - transform space_ships...
[2023-08-27T14:41:34.795+0000] {dag_etl.py:47} INFO - Complete transform space_ships: 0:00:00.128613
[2023-08-27T14:41:34.796+0000] {dag_etl.py:49} INFO - transform drones...
[2023-08-27T14:41:34.890+0000] {dag_etl.py:52} INFO - Complete transform drones: 0:00:00.094348
[2023-08-27T14:41:34.890+0000] {dag_etl.py:54} INFO - transform pilots...
[2023-08-27T14:41:34.950+0000] {dag_etl.py:57} INFO - Complete transform pilots: 0:00:00.060624
[2023-08-27T14:41:34.951+0000] {dag_etl.py:59} INFO - transform talents...
[2023-08-27T14:41:34.980+0000] {dag_etl.py:62} INFO - Complete transform talents: 0:00:00.029876
[2023-08-27T14:41:34.980+0000] {dag_etl.py:64} INFO - transform expert_items...
[2023-08-27T14:41:35.007+0000] {dag_etl.py:67} INFO - Complete transform expert_items: 0:00:00.027084
[2023-08-27T14:41:35.008+0000] {dag_etl.py:69} INFO - Loading user...
[2023-08-27T14:41:36.332+0000] {dag_etl.py:72} INFO - Complete load user: 0:00:01.324558
[2023-08-27T14:41:36.332+0000] {dag_etl.py:74} INFO - Loading space_ships...
[2023-08-27T14:41:37.807+0000] {dag_etl.py:77} INFO - Complete load space_ships: 0:00:01.475094
[2023-08-27T14:41:37.807+0000] {dag_etl.py:79} INFO - Loading drones...
[2023-08-27T14:41:39.520+0000] {dag_etl.py:82} INFO - Complete load drones: 0:00:01.712751
[2023-08-27T14:41:39.520+0000] {dag_etl.py:84} INFO - Loading pilots...
[2023-08-27T14:41:41.688+0000] {dag_etl.py:87} INFO - Complete load drones: 0:00:02.168855
[2023-08-27T14:41:41.689+0000] {dag_etl.py:89} INFO - Loading talents...
[2023-08-27T14:41:43.146+0000] {dag_etl.py:92} INFO - Complete load drones: 0:00:01.457241
[2023-08-27T14:41:43.146+0000] {dag_etl.py:94} INFO - Loading expert_items...
[2023-08-27T14:41:44.064+0000] {dag_etl.py:97} INFO - Complete load drones: 0:00:00.918010
[2023-08-27T14:41:44.064+0000] {dag_etl.py:99} INFO - Complete ETL Users in : 0:00:36.248966
[2023-08-27T14:41:44.091+0000] {python.py:194} INFO - Done. Returned value was: None
[2023-08-27T14:41:44.108+0000] {taskinstance.py:1400} INFO - Marking task as SUCCESS. dag_id=gaas_etl_1, task_id=etl_user, execution_date=20230827T144000, start_date=20230827T144106, end_date=20230827T144144
[2023-08-27T14:41:44.161+0000] {local_task_job_runner.py:228} INFO - Task exited with return code 0
[2023-08-27T14:41:44.181+0000] {taskinstance.py:2784} INFO - 0 downstream tasks scheduled from follow-on schedule check
