[2023-08-27T20:09:06.779+0000] {taskinstance.py:1159} INFO - Dependencies all met for dep_context=non-requeueable deps ti=<TaskInstance: gaas_etl_1.etl_user scheduled__2023-08-27T20:08:00+00:00 [queued]>
[2023-08-27T20:09:06.797+0000] {taskinstance.py:1159} INFO - Dependencies all met for dep_context=requeueable deps ti=<TaskInstance: gaas_etl_1.etl_user scheduled__2023-08-27T20:08:00+00:00 [queued]>
[2023-08-27T20:09:06.797+0000] {taskinstance.py:1361} INFO - Starting attempt 1 of 1
[2023-08-27T20:09:06.830+0000] {taskinstance.py:1382} INFO - Executing <Task(PythonOperator): etl_user> on 2023-08-27 20:08:00+00:00
[2023-08-27T20:09:06.848+0000] {standard_task_runner.py:57} INFO - Started process 452750 to run task
[2023-08-27T20:09:06.869+0000] {standard_task_runner.py:84} INFO - Running: ['airflow', 'tasks', 'run', 'gaas_etl_1', 'etl_user', 'scheduled__2023-08-27T20:08:00+00:00', '--job-id', '7218', '--raw', '--subdir', 'DAGS_FOLDER/dag_etl.py', '--cfg-path', '/tmp/tmphj4uz9li']
[2023-08-27T20:09:06.878+0000] {standard_task_runner.py:85} INFO - Job 7218: Subtask etl_user
[2023-08-27T20:09:07.410+0000] {task_command.py:415} INFO - Running <TaskInstance: gaas_etl_1.etl_user scheduled__2023-08-27T20:08:00+00:00 [running]> on host data-system.us-central1-a.c.data-system-392010.internal
[2023-08-27T20:09:08.327+0000] {taskinstance.py:1660} INFO - Exporting env vars: AIRFLOW_CTX_DAG_EMAIL='hungnm15012002@gmail.com' AIRFLOW_CTX_DAG_OWNER='hungnm' AIRFLOW_CTX_DAG_ID='gaas_etl_1' AIRFLOW_CTX_TASK_ID='etl_user' AIRFLOW_CTX_EXECUTION_DATE='2023-08-27T20:08:00+00:00' AIRFLOW_CTX_TRY_NUMBER='1' AIRFLOW_CTX_DAG_RUN_ID='scheduled__2023-08-27T20:08:00+00:00'
[2023-08-27T20:09:08.362+0000] {dag_etl.py:28} INFO - Extracting user...
[2023-08-27T20:09:13.668+0000] {extract.py:36} INFO - Request time: 0:00:05.305192
[2023-08-27T20:09:14.013+0000] {extract.py:42} INFO - Create DataFrame time: 0:00:00.344889
[2023-08-27T20:09:14.016+0000] {dag_etl.py:31} INFO - Complete extract user: 0:00:05.654183
[2023-08-27T20:09:14.017+0000] {dag_etl.py:33} INFO - Extracting resource...
[2023-08-27T20:09:16.108+0000] {extract.py:36} INFO - Request time: 0:00:02.090939
[2023-08-27T20:09:16.156+0000] {extract.py:42} INFO - Create DataFrame time: 0:00:00.047140
[2023-08-27T20:09:16.159+0000] {dag_etl.py:36} INFO - Complete extract resource: 0:00:02.142607
[2023-08-27T20:09:16.160+0000] {dag_etl.py:38} INFO - Transforming user...
[2023-08-27T20:09:16.356+0000] {dag_etl.py:42} INFO - Complete transform user: 0:00:00.197586
[2023-08-27T20:09:16.357+0000] {dag_etl.py:44} INFO - transform space_ships...
[2023-08-27T20:09:16.460+0000] {dag_etl.py:47} INFO - Complete transform space_ships: 0:00:00.104029
[2023-08-27T20:09:16.461+0000] {dag_etl.py:49} INFO - transform drones...
[2023-08-27T20:09:16.522+0000] {dag_etl.py:52} INFO - Complete transform drones: 0:00:00.061538
[2023-08-27T20:09:16.522+0000] {dag_etl.py:54} INFO - transform pilots...
[2023-08-27T20:09:16.566+0000] {dag_etl.py:57} INFO - Complete transform pilots: 0:00:00.043991
[2023-08-27T20:09:16.566+0000] {dag_etl.py:59} INFO - transform talents...
[2023-08-27T20:09:16.590+0000] {dag_etl.py:62} INFO - Complete transform talents: 0:00:00.023801
[2023-08-27T20:09:16.590+0000] {dag_etl.py:64} INFO - transform expert_items...
[2023-08-27T20:09:16.610+0000] {dag_etl.py:67} INFO - Complete transform expert_items: 0:00:00.020679
[2023-08-27T20:09:16.611+0000] {dag_etl.py:69} INFO - Loading user...
[2023-08-27T20:09:17.593+0000] {dag_etl.py:72} INFO - Complete load user: 0:00:00.982024
[2023-08-27T20:09:17.593+0000] {dag_etl.py:74} INFO - Loading space_ships...
[2023-08-27T20:09:18.633+0000] {dag_etl.py:77} INFO - Complete load space_ships: 0:00:01.040269
[2023-08-27T20:09:18.633+0000] {dag_etl.py:79} INFO - Loading drones...
[2023-08-27T20:09:19.741+0000] {dag_etl.py:82} INFO - Complete load drones: 0:00:01.107699
[2023-08-27T20:09:19.741+0000] {dag_etl.py:84} INFO - Loading pilots...
[2023-08-27T20:09:21.197+0000] {dag_etl.py:87} INFO - Complete load drones: 0:00:01.456613
[2023-08-27T20:09:21.198+0000] {dag_etl.py:89} INFO - Loading talents...
[2023-08-27T20:09:22.154+0000] {dag_etl.py:92} INFO - Complete load drones: 0:00:00.956925
[2023-08-27T20:09:22.154+0000] {dag_etl.py:94} INFO - Loading expert_items...
[2023-08-27T20:09:23.038+0000] {dag_etl.py:97} INFO - Complete load drones: 0:00:00.884326
[2023-08-27T20:09:23.039+0000] {dag_etl.py:99} INFO - Complete ETL Users in : 0:00:14.676860
[2023-08-27T20:09:23.083+0000] {python.py:194} INFO - Done. Returned value was: None
[2023-08-27T20:09:23.116+0000] {taskinstance.py:1400} INFO - Marking task as SUCCESS. dag_id=gaas_etl_1, task_id=etl_user, execution_date=20230827T200800, start_date=20230827T200906, end_date=20230827T200923
[2023-08-27T20:09:23.207+0000] {local_task_job_runner.py:228} INFO - Task exited with return code 0
[2023-08-27T20:09:23.253+0000] {taskinstance.py:2784} INFO - 0 downstream tasks scheduled from follow-on schedule check
