[2023-08-27T05:53:05.087+0000] {taskinstance.py:1159} INFO - Dependencies all met for dep_context=non-requeueable deps ti=<TaskInstance: gaas_etl_1.etl_user scheduled__2023-08-27T05:52:00+00:00 [queued]>
[2023-08-27T05:53:05.104+0000] {taskinstance.py:1159} INFO - Dependencies all met for dep_context=requeueable deps ti=<TaskInstance: gaas_etl_1.etl_user scheduled__2023-08-27T05:52:00+00:00 [queued]>
[2023-08-27T05:53:05.104+0000] {taskinstance.py:1361} INFO - Starting attempt 1 of 1
[2023-08-27T05:53:05.133+0000] {taskinstance.py:1382} INFO - Executing <Task(PythonOperator): etl_user> on 2023-08-27 05:52:00+00:00
[2023-08-27T05:53:05.143+0000] {standard_task_runner.py:57} INFO - Started process 371701 to run task
[2023-08-27T05:53:05.156+0000] {standard_task_runner.py:84} INFO - Running: ['airflow', 'tasks', 'run', 'gaas_etl_1', 'etl_user', 'scheduled__2023-08-27T05:52:00+00:00', '--job-id', '4649', '--raw', '--subdir', 'DAGS_FOLDER/dag_etl.py', '--cfg-path', '/tmp/tmplcg01hvq']
[2023-08-27T05:53:05.162+0000] {standard_task_runner.py:85} INFO - Job 4649: Subtask etl_user
[2023-08-27T05:53:05.526+0000] {task_command.py:415} INFO - Running <TaskInstance: gaas_etl_1.etl_user scheduled__2023-08-27T05:52:00+00:00 [running]> on host data-system.us-central1-a.c.data-system-392010.internal
[2023-08-27T05:53:06.182+0000] {taskinstance.py:1660} INFO - Exporting env vars: AIRFLOW_CTX_DAG_EMAIL='hungnm15012002@gmail.com' AIRFLOW_CTX_DAG_OWNER='hungnm' AIRFLOW_CTX_DAG_ID='gaas_etl_1' AIRFLOW_CTX_TASK_ID='etl_user' AIRFLOW_CTX_EXECUTION_DATE='2023-08-27T05:52:00+00:00' AIRFLOW_CTX_TRY_NUMBER='1' AIRFLOW_CTX_DAG_RUN_ID='scheduled__2023-08-27T05:52:00+00:00'
[2023-08-27T05:53:06.206+0000] {dag_etl.py:28} INFO - Extracting user...
[2023-08-27T05:53:09.253+0000] {extract.py:36} INFO - Request time: 0:00:03.046379
[2023-08-27T05:53:09.374+0000] {extract.py:42} INFO - Create DataFrame time: 0:00:00.120900
[2023-08-27T05:53:09.377+0000] {dag_etl.py:31} INFO - Complete extract user: 0:00:03.170934
[2023-08-27T05:53:09.377+0000] {dag_etl.py:33} INFO - Extracting resource...
[2023-08-27T05:53:10.835+0000] {extract.py:36} INFO - Request time: 0:00:01.457484
[2023-08-27T05:53:10.858+0000] {extract.py:42} INFO - Create DataFrame time: 0:00:00.023072
[2023-08-27T05:53:10.860+0000] {dag_etl.py:36} INFO - Complete extract resource: 0:00:01.483601
[2023-08-27T05:53:10.861+0000] {dag_etl.py:38} INFO - Transforming user...
[2023-08-27T05:53:10.936+0000] {dag_etl.py:42} INFO - Complete transform user: 0:00:00.075909
[2023-08-27T05:53:10.936+0000] {dag_etl.py:44} INFO - transform space_ships...
[2023-08-27T05:53:11.022+0000] {dag_etl.py:47} INFO - Complete transform space_ships: 0:00:00.085648
[2023-08-27T05:53:11.022+0000] {dag_etl.py:49} INFO - transform drones...
[2023-08-27T05:53:11.103+0000] {dag_etl.py:52} INFO - Complete transform drones: 0:00:00.081681
[2023-08-27T05:53:11.104+0000] {dag_etl.py:54} INFO - transform pilots...
[2023-08-27T05:53:11.147+0000] {dag_etl.py:57} INFO - Complete transform pilots: 0:00:00.043694
[2023-08-27T05:53:11.148+0000] {dag_etl.py:59} INFO - transform talents...
[2023-08-27T05:53:11.170+0000] {dag_etl.py:62} INFO - Complete transform talents: 0:00:00.022988
[2023-08-27T05:53:11.171+0000] {dag_etl.py:64} INFO - transform expert_items...
[2023-08-27T05:53:11.194+0000] {dag_etl.py:67} INFO - Complete transform expert_items: 0:00:00.024152
[2023-08-27T05:53:11.195+0000] {dag_etl.py:69} INFO - Loading user...
[2023-08-27T05:53:11.828+0000] {dag_etl.py:72} INFO - Complete load user: 0:00:00.633900
[2023-08-27T05:53:11.829+0000] {dag_etl.py:74} INFO - Loading space_ships...
[2023-08-27T05:53:12.739+0000] {dag_etl.py:77} INFO - Complete load space_ships: 0:00:00.910878
[2023-08-27T05:53:12.740+0000] {dag_etl.py:79} INFO - Loading drones...
[2023-08-27T05:53:13.426+0000] {dag_etl.py:82} INFO - Complete load drones: 0:00:00.686875
[2023-08-27T05:53:13.427+0000] {dag_etl.py:84} INFO - Loading pilots...
[2023-08-27T05:53:14.632+0000] {dag_etl.py:87} INFO - Complete load drones: 0:00:01.206552
[2023-08-27T05:53:14.633+0000] {dag_etl.py:89} INFO - Loading talents...
[2023-08-27T05:53:15.590+0000] {dag_etl.py:92} INFO - Complete load drones: 0:00:00.957265
[2023-08-27T05:53:15.590+0000] {dag_etl.py:94} INFO - Loading expert_items...
[2023-08-27T05:53:16.199+0000] {dag_etl.py:97} INFO - Complete load drones: 0:00:00.609102
[2023-08-27T05:53:16.199+0000] {dag_etl.py:99} INFO - Complete ETL Users in : 0:00:09.993652
[2023-08-27T05:53:16.211+0000] {python.py:194} INFO - Done. Returned value was: None
[2023-08-27T05:53:16.238+0000] {taskinstance.py:1400} INFO - Marking task as SUCCESS. dag_id=gaas_etl_1, task_id=etl_user, execution_date=20230827T055200, start_date=20230827T055305, end_date=20230827T055316
[2023-08-27T05:53:16.320+0000] {local_task_job_runner.py:228} INFO - Task exited with return code 0
[2023-08-27T05:53:16.351+0000] {taskinstance.py:2784} INFO - 0 downstream tasks scheduled from follow-on schedule check
