[2023-08-27T17:47:07.782+0000] {taskinstance.py:1159} INFO - Dependencies all met for dep_context=non-requeueable deps ti=<TaskInstance: gaas_etl_1.etl_user scheduled__2023-08-27T17:46:00+00:00 [queued]>
[2023-08-27T17:47:07.819+0000] {taskinstance.py:1159} INFO - Dependencies all met for dep_context=requeueable deps ti=<TaskInstance: gaas_etl_1.etl_user scheduled__2023-08-27T17:46:00+00:00 [queued]>
[2023-08-27T17:47:07.819+0000] {taskinstance.py:1361} INFO - Starting attempt 1 of 1
[2023-08-27T17:47:07.852+0000] {taskinstance.py:1382} INFO - Executing <Task(PythonOperator): etl_user> on 2023-08-27 17:46:00+00:00
[2023-08-27T17:47:07.864+0000] {standard_task_runner.py:57} INFO - Started process 437826 to run task
[2023-08-27T17:47:07.881+0000] {standard_task_runner.py:84} INFO - Running: ['airflow', 'tasks', 'run', 'gaas_etl_1', 'etl_user', 'scheduled__2023-08-27T17:46:00+00:00', '--job-id', '6792', '--raw', '--subdir', 'DAGS_FOLDER/dag_etl.py', '--cfg-path', '/tmp/tmpk1obk2ek']
[2023-08-27T17:47:07.887+0000] {standard_task_runner.py:85} INFO - Job 6792: Subtask etl_user
[2023-08-27T17:47:08.755+0000] {task_command.py:415} INFO - Running <TaskInstance: gaas_etl_1.etl_user scheduled__2023-08-27T17:46:00+00:00 [running]> on host data-system.us-central1-a.c.data-system-392010.internal
[2023-08-27T17:47:09.537+0000] {taskinstance.py:1660} INFO - Exporting env vars: AIRFLOW_CTX_DAG_EMAIL='hungnm15012002@gmail.com' AIRFLOW_CTX_DAG_OWNER='hungnm' AIRFLOW_CTX_DAG_ID='gaas_etl_1' AIRFLOW_CTX_TASK_ID='etl_user' AIRFLOW_CTX_EXECUTION_DATE='2023-08-27T17:46:00+00:00' AIRFLOW_CTX_TRY_NUMBER='1' AIRFLOW_CTX_DAG_RUN_ID='scheduled__2023-08-27T17:46:00+00:00'
[2023-08-27T17:47:09.568+0000] {dag_etl.py:28} INFO - Extracting user...
[2023-08-27T17:47:17.524+0000] {extract.py:36} INFO - Request time: 0:00:07.954931
[2023-08-27T17:47:17.962+0000] {extract.py:42} INFO - Create DataFrame time: 0:00:00.437494
[2023-08-27T17:47:17.966+0000] {dag_etl.py:31} INFO - Complete extract user: 0:00:08.398327
[2023-08-27T17:47:17.967+0000] {dag_etl.py:33} INFO - Extracting resource...
[2023-08-27T17:47:24.538+0000] {extract.py:36} INFO - Request time: 0:00:06.570624
[2023-08-27T17:47:24.630+0000] {extract.py:42} INFO - Create DataFrame time: 0:00:00.090943
[2023-08-27T17:47:24.633+0000] {dag_etl.py:36} INFO - Complete extract resource: 0:00:06.666858
[2023-08-27T17:47:24.635+0000] {dag_etl.py:38} INFO - Transforming user...
[2023-08-27T17:47:24.899+0000] {dag_etl.py:42} INFO - Complete transform user: 0:00:00.265269
[2023-08-27T17:47:24.899+0000] {dag_etl.py:44} INFO - transform space_ships...
[2023-08-27T17:47:25.213+0000] {dag_etl.py:47} INFO - Complete transform space_ships: 0:00:00.314006
[2023-08-27T17:47:25.213+0000] {dag_etl.py:49} INFO - transform drones...
[2023-08-27T17:47:25.405+0000] {dag_etl.py:52} INFO - Complete transform drones: 0:00:00.192719
[2023-08-27T17:47:25.406+0000] {dag_etl.py:54} INFO - transform pilots...
[2023-08-27T17:47:25.493+0000] {dag_etl.py:57} INFO - Complete transform pilots: 0:00:00.087418
[2023-08-27T17:47:25.493+0000] {dag_etl.py:59} INFO - transform talents...
[2023-08-27T17:47:25.539+0000] {dag_etl.py:62} INFO - Complete transform talents: 0:00:00.046493
[2023-08-27T17:47:25.540+0000] {dag_etl.py:64} INFO - transform expert_items...
[2023-08-27T17:47:25.587+0000] {dag_etl.py:67} INFO - Complete transform expert_items: 0:00:00.047363
[2023-08-27T17:47:25.587+0000] {dag_etl.py:69} INFO - Loading user...
[2023-08-27T17:47:27.031+0000] {dag_etl.py:72} INFO - Complete load user: 0:00:01.444140
[2023-08-27T17:47:27.031+0000] {dag_etl.py:74} INFO - Loading space_ships...
[2023-08-27T17:47:29.878+0000] {dag_etl.py:77} INFO - Complete load space_ships: 0:00:02.847547
[2023-08-27T17:47:29.879+0000] {dag_etl.py:79} INFO - Loading drones...
[2023-08-27T17:47:31.510+0000] {dag_etl.py:82} INFO - Complete load drones: 0:00:01.631249
[2023-08-27T17:47:31.510+0000] {dag_etl.py:84} INFO - Loading pilots...
[2023-08-27T17:47:33.766+0000] {dag_etl.py:87} INFO - Complete load drones: 0:00:02.256493
[2023-08-27T17:47:33.766+0000] {dag_etl.py:89} INFO - Loading talents...
[2023-08-27T17:47:35.206+0000] {dag_etl.py:92} INFO - Complete load drones: 0:00:01.439586
[2023-08-27T17:47:35.206+0000] {dag_etl.py:94} INFO - Loading expert_items...
[2023-08-27T17:47:36.194+0000] {dag_etl.py:97} INFO - Complete load drones: 0:00:00.988115
[2023-08-27T17:47:36.194+0000] {dag_etl.py:99} INFO - Complete ETL Users in : 0:00:26.626237
[2023-08-27T17:47:36.223+0000] {python.py:194} INFO - Done. Returned value was: None
[2023-08-27T17:47:36.244+0000] {taskinstance.py:1400} INFO - Marking task as SUCCESS. dag_id=gaas_etl_1, task_id=etl_user, execution_date=20230827T174600, start_date=20230827T174707, end_date=20230827T174736
[2023-08-27T17:47:36.312+0000] {local_task_job_runner.py:228} INFO - Task exited with return code 0
[2023-08-27T17:47:36.332+0000] {taskinstance.py:2784} INFO - 0 downstream tasks scheduled from follow-on schedule check
