[2023-08-26T13:41:03.942+0000] {taskinstance.py:1159} INFO - Dependencies all met for dep_context=non-requeueable deps ti=<TaskInstance: gaas_etl_1.etl_user scheduled__2023-08-26T13:40:00+00:00 [queued]>
[2023-08-26T13:41:03.961+0000] {taskinstance.py:1159} INFO - Dependencies all met for dep_context=requeueable deps ti=<TaskInstance: gaas_etl_1.etl_user scheduled__2023-08-26T13:40:00+00:00 [queued]>
[2023-08-26T13:41:03.962+0000] {taskinstance.py:1361} INFO - Starting attempt 1 of 1
[2023-08-26T13:41:03.997+0000] {taskinstance.py:1382} INFO - Executing <Task(PythonOperator): etl_user> on 2023-08-26 13:40:00+00:00
[2023-08-26T13:41:04.007+0000] {standard_task_runner.py:57} INFO - Started process 314342 to run task
[2023-08-26T13:41:04.027+0000] {standard_task_runner.py:84} INFO - Running: ['airflow', 'tasks', 'run', 'gaas_etl_1', 'etl_user', 'scheduled__2023-08-26T13:40:00+00:00', '--job-id', '1732', '--raw', '--subdir', 'DAGS_FOLDER/dag_etl.py', '--cfg-path', '/tmp/tmphhobs_sh']
[2023-08-26T13:41:04.037+0000] {standard_task_runner.py:85} INFO - Job 1732: Subtask etl_user
[2023-08-26T13:41:04.225+0000] {task_command.py:415} INFO - Running <TaskInstance: gaas_etl_1.etl_user scheduled__2023-08-26T13:40:00+00:00 [running]> on host data-system.us-central1-a.c.data-system-392010.internal
[2023-08-26T13:41:04.548+0000] {taskinstance.py:1660} INFO - Exporting env vars: AIRFLOW_CTX_DAG_EMAIL='hungnm15012002@gmail.com' AIRFLOW_CTX_DAG_OWNER='hungnm' AIRFLOW_CTX_DAG_ID='gaas_etl_1' AIRFLOW_CTX_TASK_ID='etl_user' AIRFLOW_CTX_EXECUTION_DATE='2023-08-26T13:40:00+00:00' AIRFLOW_CTX_TRY_NUMBER='1' AIRFLOW_CTX_DAG_RUN_ID='scheduled__2023-08-26T13:40:00+00:00'
[2023-08-26T13:41:04.572+0000] {dag_etl.py:28} INFO - Extracting user...
[2023-08-26T13:41:11.323+0000] {extract.py:36} INFO - Request time: 0:00:06.749954
[2023-08-26T13:41:11.797+0000] {extract.py:42} INFO - Create DataFrame time: 0:00:00.473793
[2023-08-26T13:41:11.800+0000] {dag_etl.py:31} INFO - Complete extract user: 0:00:07.228394
[2023-08-26T13:41:11.802+0000] {dag_etl.py:33} INFO - Extracting resource...
[2023-08-26T13:41:14.989+0000] {extract.py:36} INFO - Request time: 0:00:03.187297
[2023-08-26T13:41:15.063+0000] {extract.py:42} INFO - Create DataFrame time: 0:00:00.073421
[2023-08-26T13:41:15.067+0000] {dag_etl.py:36} INFO - Complete extract resource: 0:00:03.266437
[2023-08-26T13:41:15.068+0000] {dag_etl.py:38} INFO - Transforming user...
[2023-08-26T13:41:15.364+0000] {dag_etl.py:42} INFO - Complete transform user: 0:00:00.296594
[2023-08-26T13:41:15.365+0000] {dag_etl.py:44} INFO - transform space_ships...
[2023-08-26T13:41:15.565+0000] {dag_etl.py:47} INFO - Complete transform space_ships: 0:00:00.201078
[2023-08-26T13:41:15.565+0000] {dag_etl.py:49} INFO - transform drones...
[2023-08-26T13:41:15.700+0000] {dag_etl.py:52} INFO - Complete transform drones: 0:00:00.135715
[2023-08-26T13:41:15.701+0000] {dag_etl.py:54} INFO - transform pilots...
[2023-08-26T13:41:15.800+0000] {dag_etl.py:57} INFO - Complete transform pilots: 0:00:00.099713
[2023-08-26T13:41:15.801+0000] {dag_etl.py:59} INFO - transform talents...
[2023-08-26T13:41:15.872+0000] {dag_etl.py:62} INFO - Complete transform talents: 0:00:00.071759
[2023-08-26T13:41:15.873+0000] {dag_etl.py:64} INFO - transform expert_items...
[2023-08-26T13:41:15.934+0000] {dag_etl.py:67} INFO - Complete transform expert_items: 0:00:00.062332
[2023-08-26T13:41:15.935+0000] {dag_etl.py:69} INFO - Loading user...
[2023-08-26T13:41:17.227+0000] {dag_etl.py:72} INFO - Complete load user: 0:00:01.292501
[2023-08-26T13:41:17.227+0000] {dag_etl.py:74} INFO - Loading space_ships...
[2023-08-26T13:41:19.295+0000] {dag_etl.py:77} INFO - Complete load space_ships: 0:00:02.068436
[2023-08-26T13:41:19.295+0000] {dag_etl.py:79} INFO - Loading drones...
[2023-08-26T13:41:21.295+0000] {dag_etl.py:82} INFO - Complete load drones: 0:00:01.999639
[2023-08-26T13:41:21.295+0000] {dag_etl.py:84} INFO - Loading pilots...
[2023-08-26T13:41:24.403+0000] {dag_etl.py:87} INFO - Complete load drones: 0:00:03.108771
[2023-08-26T13:41:24.404+0000] {dag_etl.py:89} INFO - Loading talents...
[2023-08-26T13:41:26.251+0000] {dag_etl.py:92} INFO - Complete load drones: 0:00:01.847921
[2023-08-26T13:41:26.252+0000] {dag_etl.py:94} INFO - Loading expert_items...
[2023-08-26T13:41:27.274+0000] {dag_etl.py:97} INFO - Complete load drones: 0:00:01.022442
[2023-08-26T13:41:27.275+0000] {dag_etl.py:99} INFO - Complete ETL Users in : 0:00:22.702557
[2023-08-26T13:41:27.306+0000] {python.py:194} INFO - Done. Returned value was: None
[2023-08-26T13:41:27.324+0000] {taskinstance.py:1400} INFO - Marking task as SUCCESS. dag_id=gaas_etl_1, task_id=etl_user, execution_date=20230826T134000, start_date=20230826T134103, end_date=20230826T134127
[2023-08-26T13:41:27.377+0000] {local_task_job_runner.py:228} INFO - Task exited with return code 0
[2023-08-26T13:41:27.407+0000] {taskinstance.py:2784} INFO - 0 downstream tasks scheduled from follow-on schedule check
