[2023-08-27T02:11:04.774+0000] {taskinstance.py:1159} INFO - Dependencies all met for dep_context=non-requeueable deps ti=<TaskInstance: gaas_etl_1.etl_user scheduled__2023-08-27T02:10:00+00:00 [queued]>
[2023-08-27T02:11:04.791+0000] {taskinstance.py:1159} INFO - Dependencies all met for dep_context=requeueable deps ti=<TaskInstance: gaas_etl_1.etl_user scheduled__2023-08-27T02:10:00+00:00 [queued]>
[2023-08-27T02:11:04.791+0000] {taskinstance.py:1361} INFO - Starting attempt 1 of 1
[2023-08-27T02:11:04.819+0000] {taskinstance.py:1382} INFO - Executing <Task(PythonOperator): etl_user> on 2023-08-27 02:10:00+00:00
[2023-08-27T02:11:04.828+0000] {standard_task_runner.py:57} INFO - Started process 344082 to run task
[2023-08-27T02:11:04.843+0000] {standard_task_runner.py:84} INFO - Running: ['airflow', 'tasks', 'run', 'gaas_etl_1', 'etl_user', 'scheduled__2023-08-27T02:10:00+00:00', '--job-id', '3982', '--raw', '--subdir', 'DAGS_FOLDER/dag_etl.py', '--cfg-path', '/tmp/tmpf9otzngr']
[2023-08-27T02:11:04.850+0000] {standard_task_runner.py:85} INFO - Job 3982: Subtask etl_user
[2023-08-27T02:11:05.169+0000] {task_command.py:415} INFO - Running <TaskInstance: gaas_etl_1.etl_user scheduled__2023-08-27T02:10:00+00:00 [running]> on host data-system.us-central1-a.c.data-system-392010.internal
[2023-08-27T02:11:05.520+0000] {taskinstance.py:1660} INFO - Exporting env vars: AIRFLOW_CTX_DAG_EMAIL='hungnm15012002@gmail.com' AIRFLOW_CTX_DAG_OWNER='hungnm' AIRFLOW_CTX_DAG_ID='gaas_etl_1' AIRFLOW_CTX_TASK_ID='etl_user' AIRFLOW_CTX_EXECUTION_DATE='2023-08-27T02:10:00+00:00' AIRFLOW_CTX_TRY_NUMBER='1' AIRFLOW_CTX_DAG_RUN_ID='scheduled__2023-08-27T02:10:00+00:00'
[2023-08-27T02:11:05.546+0000] {dag_etl.py:28} INFO - Extracting user...
[2023-08-27T02:11:09.456+0000] {extract.py:36} INFO - Request time: 0:00:03.909557
[2023-08-27T02:11:09.860+0000] {extract.py:42} INFO - Create DataFrame time: 0:00:00.402874
[2023-08-27T02:11:09.864+0000] {dag_etl.py:31} INFO - Complete extract user: 0:00:04.317665
[2023-08-27T02:11:09.865+0000] {dag_etl.py:33} INFO - Extracting resource...
[2023-08-27T02:11:11.364+0000] {extract.py:36} INFO - Request time: 0:00:01.498359
[2023-08-27T02:11:11.404+0000] {extract.py:42} INFO - Create DataFrame time: 0:00:00.039671
[2023-08-27T02:11:11.407+0000] {dag_etl.py:36} INFO - Complete extract resource: 0:00:01.542935
[2023-08-27T02:11:11.408+0000] {dag_etl.py:38} INFO - Transforming user...
[2023-08-27T02:11:11.557+0000] {dag_etl.py:42} INFO - Complete transform user: 0:00:00.150706
[2023-08-27T02:11:11.558+0000] {dag_etl.py:44} INFO - transform space_ships...
[2023-08-27T02:11:11.665+0000] {dag_etl.py:47} INFO - Complete transform space_ships: 0:00:00.107515
[2023-08-27T02:11:11.666+0000] {dag_etl.py:49} INFO - transform drones...
[2023-08-27T02:11:11.812+0000] {dag_etl.py:52} INFO - Complete transform drones: 0:00:00.146636
[2023-08-27T02:11:11.812+0000] {dag_etl.py:54} INFO - transform pilots...
[2023-08-27T02:11:11.864+0000] {dag_etl.py:57} INFO - Complete transform pilots: 0:00:00.052246
[2023-08-27T02:11:11.865+0000] {dag_etl.py:59} INFO - transform talents...
[2023-08-27T02:11:11.893+0000] {dag_etl.py:62} INFO - Complete transform talents: 0:00:00.029225
[2023-08-27T02:11:11.894+0000] {dag_etl.py:64} INFO - transform expert_items...
[2023-08-27T02:11:11.923+0000] {dag_etl.py:67} INFO - Complete transform expert_items: 0:00:00.029778
[2023-08-27T02:11:11.923+0000] {dag_etl.py:69} INFO - Loading user...
[2023-08-27T02:11:12.755+0000] {dag_etl.py:72} INFO - Complete load user: 0:00:00.831896
[2023-08-27T02:11:12.755+0000] {dag_etl.py:74} INFO - Loading space_ships...
[2023-08-27T02:11:13.878+0000] {dag_etl.py:77} INFO - Complete load space_ships: 0:00:01.123335
[2023-08-27T02:11:13.879+0000] {dag_etl.py:79} INFO - Loading drones...
[2023-08-27T02:11:14.832+0000] {dag_etl.py:82} INFO - Complete load drones: 0:00:00.953827
[2023-08-27T02:11:14.832+0000] {dag_etl.py:84} INFO - Loading pilots...
[2023-08-27T02:11:16.608+0000] {dag_etl.py:87} INFO - Complete load drones: 0:00:01.775779
[2023-08-27T02:11:16.608+0000] {dag_etl.py:89} INFO - Loading talents...
[2023-08-27T02:11:17.576+0000] {dag_etl.py:92} INFO - Complete load drones: 0:00:00.968496
[2023-08-27T02:11:17.577+0000] {dag_etl.py:94} INFO - Loading expert_items...
[2023-08-27T02:11:18.259+0000] {dag_etl.py:97} INFO - Complete load drones: 0:00:00.682717
[2023-08-27T02:11:18.259+0000] {dag_etl.py:99} INFO - Complete ETL Users in : 0:00:12.713340
[2023-08-27T02:11:18.277+0000] {python.py:194} INFO - Done. Returned value was: None
[2023-08-27T02:11:18.296+0000] {taskinstance.py:1400} INFO - Marking task as SUCCESS. dag_id=gaas_etl_1, task_id=etl_user, execution_date=20230827T021000, start_date=20230827T021104, end_date=20230827T021118
[2023-08-27T02:11:18.364+0000] {local_task_job_runner.py:228} INFO - Task exited with return code 0
[2023-08-27T02:11:18.394+0000] {taskinstance.py:2784} INFO - 0 downstream tasks scheduled from follow-on schedule check
