[2023-08-27T12:05:07.380+0000] {taskinstance.py:1159} INFO - Dependencies all met for dep_context=non-requeueable deps ti=<TaskInstance: gaas_etl_1.etl_user scheduled__2023-08-27T12:04:00+00:00 [queued]>
[2023-08-27T12:05:07.395+0000] {taskinstance.py:1159} INFO - Dependencies all met for dep_context=requeueable deps ti=<TaskInstance: gaas_etl_1.etl_user scheduled__2023-08-27T12:04:00+00:00 [queued]>
[2023-08-27T12:05:07.395+0000] {taskinstance.py:1361} INFO - Starting attempt 1 of 1
[2023-08-27T12:05:07.421+0000] {taskinstance.py:1382} INFO - Executing <Task(PythonOperator): etl_user> on 2023-08-27 12:04:00+00:00
[2023-08-27T12:05:07.430+0000] {standard_task_runner.py:57} INFO - Started process 401903 to run task
[2023-08-27T12:05:07.445+0000] {standard_task_runner.py:84} INFO - Running: ['airflow', 'tasks', 'run', 'gaas_etl_1', 'etl_user', 'scheduled__2023-08-27T12:04:00+00:00', '--job-id', '5765', '--raw', '--subdir', 'DAGS_FOLDER/dag_etl.py', '--cfg-path', '/tmp/tmpjiraicse']
[2023-08-27T12:05:07.451+0000] {standard_task_runner.py:85} INFO - Job 5765: Subtask etl_user
[2023-08-27T12:05:08.290+0000] {task_command.py:415} INFO - Running <TaskInstance: gaas_etl_1.etl_user scheduled__2023-08-27T12:04:00+00:00 [running]> on host data-system.us-central1-a.c.data-system-392010.internal
[2023-08-27T12:05:08.730+0000] {taskinstance.py:1660} INFO - Exporting env vars: AIRFLOW_CTX_DAG_EMAIL='hungnm15012002@gmail.com' AIRFLOW_CTX_DAG_OWNER='hungnm' AIRFLOW_CTX_DAG_ID='gaas_etl_1' AIRFLOW_CTX_TASK_ID='etl_user' AIRFLOW_CTX_EXECUTION_DATE='2023-08-27T12:04:00+00:00' AIRFLOW_CTX_TRY_NUMBER='1' AIRFLOW_CTX_DAG_RUN_ID='scheduled__2023-08-27T12:04:00+00:00'
[2023-08-27T12:05:08.760+0000] {dag_etl.py:28} INFO - Extracting user...
[2023-08-27T12:05:16.681+0000] {extract.py:36} INFO - Request time: 0:00:07.919602
[2023-08-27T12:05:17.216+0000] {extract.py:42} INFO - Create DataFrame time: 0:00:00.534239
[2023-08-27T12:05:17.221+0000] {dag_etl.py:31} INFO - Complete extract user: 0:00:08.460383
[2023-08-27T12:05:17.221+0000] {dag_etl.py:33} INFO - Extracting resource...
[2023-08-27T12:05:25.621+0000] {extract.py:36} INFO - Request time: 0:00:08.399328
[2023-08-27T12:05:25.839+0000] {extract.py:42} INFO - Create DataFrame time: 0:00:00.217128
[2023-08-27T12:05:25.845+0000] {dag_etl.py:36} INFO - Complete extract resource: 0:00:08.624190
[2023-08-27T12:05:25.846+0000] {dag_etl.py:38} INFO - Transforming user...
[2023-08-27T12:05:26.207+0000] {dag_etl.py:42} INFO - Complete transform user: 0:00:00.362229
[2023-08-27T12:05:26.208+0000] {dag_etl.py:44} INFO - transform space_ships...
[2023-08-27T12:05:26.440+0000] {dag_etl.py:47} INFO - Complete transform space_ships: 0:00:00.233100
[2023-08-27T12:05:26.441+0000] {dag_etl.py:49} INFO - transform drones...
[2023-08-27T12:05:26.599+0000] {dag_etl.py:52} INFO - Complete transform drones: 0:00:00.158838
[2023-08-27T12:05:26.600+0000] {dag_etl.py:54} INFO - transform pilots...
[2023-08-27T12:05:26.726+0000] {dag_etl.py:57} INFO - Complete transform pilots: 0:00:00.127472
[2023-08-27T12:05:26.728+0000] {dag_etl.py:59} INFO - transform talents...
[2023-08-27T12:05:26.810+0000] {dag_etl.py:62} INFO - Complete transform talents: 0:00:00.083296
[2023-08-27T12:05:26.810+0000] {dag_etl.py:64} INFO - transform expert_items...
[2023-08-27T12:05:26.871+0000] {dag_etl.py:67} INFO - Complete transform expert_items: 0:00:00.061430
[2023-08-27T12:05:26.872+0000] {dag_etl.py:69} INFO - Loading user...
[2023-08-27T12:05:28.793+0000] {dag_etl.py:72} INFO - Complete load user: 0:00:01.921828
[2023-08-27T12:05:28.793+0000] {dag_etl.py:74} INFO - Loading space_ships...
[2023-08-27T12:05:31.467+0000] {dag_etl.py:77} INFO - Complete load space_ships: 0:00:02.673678
[2023-08-27T12:05:31.467+0000] {dag_etl.py:79} INFO - Loading drones...
[2023-08-27T12:05:33.590+0000] {dag_etl.py:82} INFO - Complete load drones: 0:00:02.123751
[2023-08-27T12:05:33.591+0000] {dag_etl.py:84} INFO - Loading pilots...
[2023-08-27T12:05:37.072+0000] {dag_etl.py:87} INFO - Complete load drones: 0:00:03.481775
[2023-08-27T12:05:37.073+0000] {dag_etl.py:89} INFO - Loading talents...
[2023-08-27T12:05:39.086+0000] {dag_etl.py:92} INFO - Complete load drones: 0:00:02.013509
[2023-08-27T12:05:39.086+0000] {dag_etl.py:94} INFO - Loading expert_items...
[2023-08-27T12:05:40.517+0000] {dag_etl.py:97} INFO - Complete load drones: 0:00:01.431160
[2023-08-27T12:05:40.517+0000] {dag_etl.py:99} INFO - Complete ETL Users in : 0:00:31.757113
[2023-08-27T12:05:40.549+0000] {python.py:194} INFO - Done. Returned value was: None
[2023-08-27T12:05:40.574+0000] {taskinstance.py:1400} INFO - Marking task as SUCCESS. dag_id=gaas_etl_1, task_id=etl_user, execution_date=20230827T120400, start_date=20230827T120507, end_date=20230827T120540
[2023-08-27T12:05:40.646+0000] {local_task_job_runner.py:228} INFO - Task exited with return code 0
[2023-08-27T12:05:40.675+0000] {taskinstance.py:2784} INFO - 0 downstream tasks scheduled from follow-on schedule check
