[2023-08-26T13:03:04.534+0000] {taskinstance.py:1159} INFO - Dependencies all met for dep_context=non-requeueable deps ti=<TaskInstance: gaas_etl_1.etl_user scheduled__2023-08-26T13:02:00+00:00 [queued]>
[2023-08-26T13:03:04.555+0000] {taskinstance.py:1159} INFO - Dependencies all met for dep_context=requeueable deps ti=<TaskInstance: gaas_etl_1.etl_user scheduled__2023-08-26T13:02:00+00:00 [queued]>
[2023-08-26T13:03:04.555+0000] {taskinstance.py:1361} INFO - Starting attempt 1 of 1
[2023-08-26T13:03:04.599+0000] {taskinstance.py:1382} INFO - Executing <Task(PythonOperator): etl_user> on 2023-08-26 13:02:00+00:00
[2023-08-26T13:03:04.608+0000] {standard_task_runner.py:57} INFO - Started process 312788 to run task
[2023-08-26T13:03:04.627+0000] {standard_task_runner.py:84} INFO - Running: ['airflow', 'tasks', 'run', 'gaas_etl_1', 'etl_user', 'scheduled__2023-08-26T13:02:00+00:00', '--job-id', '1619', '--raw', '--subdir', 'DAGS_FOLDER/dag_etl.py', '--cfg-path', '/tmp/tmp9kxbdjfa']
[2023-08-26T13:03:04.632+0000] {standard_task_runner.py:85} INFO - Job 1619: Subtask etl_user
[2023-08-26T13:03:04.809+0000] {task_command.py:415} INFO - Running <TaskInstance: gaas_etl_1.etl_user scheduled__2023-08-26T13:02:00+00:00 [running]> on host data-system.us-central1-a.c.data-system-392010.internal
[2023-08-26T13:03:05.057+0000] {taskinstance.py:1660} INFO - Exporting env vars: AIRFLOW_CTX_DAG_EMAIL='hungnm15012002@gmail.com' AIRFLOW_CTX_DAG_OWNER='hungnm' AIRFLOW_CTX_DAG_ID='gaas_etl_1' AIRFLOW_CTX_TASK_ID='etl_user' AIRFLOW_CTX_EXECUTION_DATE='2023-08-26T13:02:00+00:00' AIRFLOW_CTX_TRY_NUMBER='1' AIRFLOW_CTX_DAG_RUN_ID='scheduled__2023-08-26T13:02:00+00:00'
[2023-08-26T13:03:05.086+0000] {dag_etl.py:28} INFO - Extracting user...
[2023-08-26T13:03:10.455+0000] {extract.py:36} INFO - Request time: 0:00:05.368458
[2023-08-26T13:03:11.222+0000] {extract.py:42} INFO - Create DataFrame time: 0:00:00.766577
[2023-08-26T13:03:11.229+0000] {dag_etl.py:31} INFO - Complete extract user: 0:00:06.142262
[2023-08-26T13:03:11.229+0000] {dag_etl.py:33} INFO - Extracting resource...
[2023-08-26T13:03:13.412+0000] {extract.py:36} INFO - Request time: 0:00:02.182054
[2023-08-26T13:03:13.494+0000] {extract.py:42} INFO - Create DataFrame time: 0:00:00.081004
[2023-08-26T13:03:13.497+0000] {dag_etl.py:36} INFO - Complete extract resource: 0:00:02.268145
[2023-08-26T13:03:13.498+0000] {dag_etl.py:38} INFO - Transforming user...
[2023-08-26T13:03:13.780+0000] {dag_etl.py:42} INFO - Complete transform user: 0:00:00.282976
[2023-08-26T13:03:13.780+0000] {dag_etl.py:44} INFO - transform space_ships...
[2023-08-26T13:03:13.981+0000] {dag_etl.py:47} INFO - Complete transform space_ships: 0:00:00.201375
[2023-08-26T13:03:13.982+0000] {dag_etl.py:49} INFO - transform drones...
[2023-08-26T13:03:14.134+0000] {dag_etl.py:52} INFO - Complete transform drones: 0:00:00.152914
[2023-08-26T13:03:14.135+0000] {dag_etl.py:54} INFO - transform pilots...
[2023-08-26T13:03:14.275+0000] {dag_etl.py:57} INFO - Complete transform pilots: 0:00:00.141124
[2023-08-26T13:03:14.276+0000] {dag_etl.py:59} INFO - transform talents...
[2023-08-26T13:03:14.350+0000] {dag_etl.py:62} INFO - Complete transform talents: 0:00:00.074700
[2023-08-26T13:03:14.350+0000] {dag_etl.py:64} INFO - transform expert_items...
[2023-08-26T13:03:14.404+0000] {dag_etl.py:67} INFO - Complete transform expert_items: 0:00:00.054233
[2023-08-26T13:03:14.405+0000] {dag_etl.py:69} INFO - Loading user...
[2023-08-26T13:03:15.918+0000] {dag_etl.py:72} INFO - Complete load user: 0:00:01.513484
[2023-08-26T13:03:15.918+0000] {dag_etl.py:74} INFO - Loading space_ships...
[2023-08-26T13:03:18.651+0000] {dag_etl.py:77} INFO - Complete load space_ships: 0:00:02.733848
[2023-08-26T13:03:18.652+0000] {dag_etl.py:79} INFO - Loading drones...
[2023-08-26T13:03:20.841+0000] {dag_etl.py:82} INFO - Complete load drones: 0:00:02.189930
[2023-08-26T13:03:20.842+0000] {dag_etl.py:84} INFO - Loading pilots...
[2023-08-26T13:03:24.657+0000] {dag_etl.py:87} INFO - Complete load drones: 0:00:03.815616
[2023-08-26T13:03:24.658+0000] {dag_etl.py:89} INFO - Loading talents...
[2023-08-26T13:03:27.081+0000] {dag_etl.py:92} INFO - Complete load drones: 0:00:02.423834
[2023-08-26T13:03:27.081+0000] {dag_etl.py:94} INFO - Loading expert_items...
[2023-08-26T13:03:28.196+0000] {dag_etl.py:97} INFO - Complete load drones: 0:00:01.115431
[2023-08-26T13:03:28.197+0000] {dag_etl.py:99} INFO - Complete ETL Users in : 0:00:23.110446
[2023-08-26T13:03:28.223+0000] {python.py:194} INFO - Done. Returned value was: None
[2023-08-26T13:03:28.243+0000] {taskinstance.py:1400} INFO - Marking task as SUCCESS. dag_id=gaas_etl_1, task_id=etl_user, execution_date=20230826T130200, start_date=20230826T130304, end_date=20230826T130328
[2023-08-26T13:03:28.333+0000] {local_task_job_runner.py:228} INFO - Task exited with return code 0
[2023-08-26T13:03:28.376+0000] {taskinstance.py:2784} INFO - 0 downstream tasks scheduled from follow-on schedule check
