[2023-08-26T19:38:04.469+0000] {taskinstance.py:1159} INFO - Dependencies all met for dep_context=non-requeueable deps ti=<TaskInstance: gaas_etl_1.etl_user scheduled__2023-08-26T19:37:00+00:00 [queued]>
[2023-08-26T19:38:04.486+0000] {taskinstance.py:1159} INFO - Dependencies all met for dep_context=requeueable deps ti=<TaskInstance: gaas_etl_1.etl_user scheduled__2023-08-26T19:37:00+00:00 [queued]>
[2023-08-26T19:38:04.486+0000] {taskinstance.py:1361} INFO - Starting attempt 1 of 1
[2023-08-26T19:38:04.514+0000] {taskinstance.py:1382} INFO - Executing <Task(PythonOperator): etl_user> on 2023-08-26 19:37:00+00:00
[2023-08-26T19:38:04.523+0000] {standard_task_runner.py:57} INFO - Started process 328414 to run task
[2023-08-26T19:38:04.538+0000] {standard_task_runner.py:84} INFO - Running: ['airflow', 'tasks', 'run', 'gaas_etl_1', 'etl_user', 'scheduled__2023-08-26T19:37:00+00:00', '--job-id', '2803', '--raw', '--subdir', 'DAGS_FOLDER/dag_etl.py', '--cfg-path', '/tmp/tmpdis6q33u']
[2023-08-26T19:38:04.543+0000] {standard_task_runner.py:85} INFO - Job 2803: Subtask etl_user
[2023-08-26T19:38:05.098+0000] {task_command.py:415} INFO - Running <TaskInstance: gaas_etl_1.etl_user scheduled__2023-08-26T19:37:00+00:00 [running]> on host data-system.us-central1-a.c.data-system-392010.internal
[2023-08-26T19:38:05.379+0000] {taskinstance.py:1660} INFO - Exporting env vars: AIRFLOW_CTX_DAG_EMAIL='hungnm15012002@gmail.com' AIRFLOW_CTX_DAG_OWNER='hungnm' AIRFLOW_CTX_DAG_ID='gaas_etl_1' AIRFLOW_CTX_TASK_ID='etl_user' AIRFLOW_CTX_EXECUTION_DATE='2023-08-26T19:37:00+00:00' AIRFLOW_CTX_TRY_NUMBER='1' AIRFLOW_CTX_DAG_RUN_ID='scheduled__2023-08-26T19:37:00+00:00'
[2023-08-26T19:38:05.402+0000] {dag_etl.py:28} INFO - Extracting user...
[2023-08-26T19:38:09.716+0000] {extract.py:36} INFO - Request time: 0:00:04.313427
[2023-08-26T19:38:09.958+0000] {extract.py:42} INFO - Create DataFrame time: 0:00:00.240476
[2023-08-26T19:38:09.960+0000] {dag_etl.py:31} INFO - Complete extract user: 0:00:04.557970
[2023-08-26T19:38:09.961+0000] {dag_etl.py:33} INFO - Extracting resource...
[2023-08-26T19:38:12.147+0000] {extract.py:36} INFO - Request time: 0:00:02.185082
[2023-08-26T19:38:12.219+0000] {extract.py:42} INFO - Create DataFrame time: 0:00:00.072041
[2023-08-26T19:38:12.222+0000] {dag_etl.py:36} INFO - Complete extract resource: 0:00:02.261677
[2023-08-26T19:38:12.223+0000] {dag_etl.py:38} INFO - Transforming user...
[2023-08-26T19:38:12.437+0000] {dag_etl.py:42} INFO - Complete transform user: 0:00:00.214873
[2023-08-26T19:38:12.438+0000] {dag_etl.py:44} INFO - transform space_ships...
[2023-08-26T19:38:12.587+0000] {dag_etl.py:47} INFO - Complete transform space_ships: 0:00:00.149679
[2023-08-26T19:38:12.587+0000] {dag_etl.py:49} INFO - transform drones...
[2023-08-26T19:38:12.695+0000] {dag_etl.py:52} INFO - Complete transform drones: 0:00:00.108253
[2023-08-26T19:38:12.695+0000] {dag_etl.py:54} INFO - transform pilots...
[2023-08-26T19:38:12.770+0000] {dag_etl.py:57} INFO - Complete transform pilots: 0:00:00.075412
[2023-08-26T19:38:12.771+0000] {dag_etl.py:59} INFO - transform talents...
[2023-08-26T19:38:12.805+0000] {dag_etl.py:62} INFO - Complete transform talents: 0:00:00.034189
[2023-08-26T19:38:12.805+0000] {dag_etl.py:64} INFO - transform expert_items...
[2023-08-26T19:38:12.858+0000] {dag_etl.py:67} INFO - Complete transform expert_items: 0:00:00.053055
[2023-08-26T19:38:12.858+0000] {dag_etl.py:69} INFO - Loading user...
[2023-08-26T19:38:13.986+0000] {dag_etl.py:72} INFO - Complete load user: 0:00:01.128142
[2023-08-26T19:38:13.986+0000] {dag_etl.py:74} INFO - Loading space_ships...
[2023-08-26T19:38:15.788+0000] {dag_etl.py:77} INFO - Complete load space_ships: 0:00:01.802703
[2023-08-26T19:38:15.789+0000] {dag_etl.py:79} INFO - Loading drones...
[2023-08-26T19:38:17.472+0000] {dag_etl.py:82} INFO - Complete load drones: 0:00:01.684086
[2023-08-26T19:38:17.473+0000] {dag_etl.py:84} INFO - Loading pilots...
[2023-08-26T19:38:20.045+0000] {dag_etl.py:87} INFO - Complete load drones: 0:00:02.572658
[2023-08-26T19:38:20.046+0000] {dag_etl.py:89} INFO - Loading talents...
[2023-08-26T19:38:21.478+0000] {dag_etl.py:92} INFO - Complete load drones: 0:00:01.433220
[2023-08-26T19:38:21.479+0000] {dag_etl.py:94} INFO - Loading expert_items...
[2023-08-26T19:38:22.337+0000] {dag_etl.py:97} INFO - Complete load drones: 0:00:00.858287
[2023-08-26T19:38:22.337+0000] {dag_etl.py:99} INFO - Complete ETL Users in : 0:00:16.934654
[2023-08-26T19:38:22.362+0000] {python.py:194} INFO - Done. Returned value was: None
[2023-08-26T19:38:22.381+0000] {taskinstance.py:1400} INFO - Marking task as SUCCESS. dag_id=gaas_etl_1, task_id=etl_user, execution_date=20230826T193700, start_date=20230826T193804, end_date=20230826T193822
[2023-08-26T19:38:22.447+0000] {local_task_job_runner.py:228} INFO - Task exited with return code 0
[2023-08-26T19:38:22.476+0000] {taskinstance.py:2784} INFO - 0 downstream tasks scheduled from follow-on schedule check
