[2023-08-26T14:58:04.621+0000] {taskinstance.py:1159} INFO - Dependencies all met for dep_context=non-requeueable deps ti=<TaskInstance: gaas_etl_1.etl_user scheduled__2023-08-26T14:57:00+00:00 [queued]>
[2023-08-26T14:58:04.640+0000] {taskinstance.py:1159} INFO - Dependencies all met for dep_context=requeueable deps ti=<TaskInstance: gaas_etl_1.etl_user scheduled__2023-08-26T14:57:00+00:00 [queued]>
[2023-08-26T14:58:04.641+0000] {taskinstance.py:1361} INFO - Starting attempt 1 of 1
[2023-08-26T14:58:04.675+0000] {taskinstance.py:1382} INFO - Executing <Task(PythonOperator): etl_user> on 2023-08-26 14:57:00+00:00
[2023-08-26T14:58:04.683+0000] {standard_task_runner.py:57} INFO - Started process 317370 to run task
[2023-08-26T14:58:04.703+0000] {standard_task_runner.py:84} INFO - Running: ['airflow', 'tasks', 'run', 'gaas_etl_1', 'etl_user', 'scheduled__2023-08-26T14:57:00+00:00', '--job-id', '1964', '--raw', '--subdir', 'DAGS_FOLDER/dag_etl.py', '--cfg-path', '/tmp/tmphs8o8k_5']
[2023-08-26T14:58:04.709+0000] {standard_task_runner.py:85} INFO - Job 1964: Subtask etl_user
[2023-08-26T14:58:04.917+0000] {task_command.py:415} INFO - Running <TaskInstance: gaas_etl_1.etl_user scheduled__2023-08-26T14:57:00+00:00 [running]> on host data-system.us-central1-a.c.data-system-392010.internal
[2023-08-26T14:58:05.212+0000] {taskinstance.py:1660} INFO - Exporting env vars: AIRFLOW_CTX_DAG_EMAIL='hungnm15012002@gmail.com' AIRFLOW_CTX_DAG_OWNER='hungnm' AIRFLOW_CTX_DAG_ID='gaas_etl_1' AIRFLOW_CTX_TASK_ID='etl_user' AIRFLOW_CTX_EXECUTION_DATE='2023-08-26T14:57:00+00:00' AIRFLOW_CTX_TRY_NUMBER='1' AIRFLOW_CTX_DAG_RUN_ID='scheduled__2023-08-26T14:57:00+00:00'
[2023-08-26T14:58:05.243+0000] {dag_etl.py:28} INFO - Extracting user...
[2023-08-26T14:58:13.508+0000] {extract.py:36} INFO - Request time: 0:00:08.263990
[2023-08-26T14:58:13.861+0000] {extract.py:42} INFO - Create DataFrame time: 0:00:00.352838
[2023-08-26T14:58:13.864+0000] {dag_etl.py:31} INFO - Complete extract user: 0:00:08.621641
[2023-08-26T14:58:13.866+0000] {dag_etl.py:33} INFO - Extracting resource...
[2023-08-26T14:58:21.166+0000] {extract.py:36} INFO - Request time: 0:00:07.299612
[2023-08-26T14:58:21.167+0000] {extract.py:45} ERROR - Server GAAS error: 502
[2023-08-26T14:58:21.187+0000] {dag_etl.py:36} INFO - Complete extract resource: 0:00:07.322903
[2023-08-26T14:58:21.189+0000] {dag_etl.py:38} INFO - Transforming user...
[2023-08-26T14:58:21.195+0000] {dag_etl.py:107} ERROR - An Error Occur: Can only merge Series or DataFrame objects, a <class 'int'> was passed
[2023-08-26T14:58:21.213+0000] {python.py:194} INFO - Done. Returned value was: None
[2023-08-26T14:58:21.233+0000] {taskinstance.py:1400} INFO - Marking task as SUCCESS. dag_id=gaas_etl_1, task_id=etl_user, execution_date=20230826T145700, start_date=20230826T145804, end_date=20230826T145821
[2023-08-26T14:58:21.277+0000] {local_task_job_runner.py:228} INFO - Task exited with return code 0
[2023-08-26T14:58:21.309+0000] {taskinstance.py:2784} INFO - 0 downstream tasks scheduled from follow-on schedule check
