[2023-08-26T09:22:06.140+0000] {taskinstance.py:1159} INFO - Dependencies all met for dep_context=non-requeueable deps ti=<TaskInstance: gaas_etl_1.etl_user scheduled__2023-08-26T09:21:00+00:00 [queued]>
[2023-08-26T09:22:06.158+0000] {taskinstance.py:1159} INFO - Dependencies all met for dep_context=requeueable deps ti=<TaskInstance: gaas_etl_1.etl_user scheduled__2023-08-26T09:21:00+00:00 [queued]>
[2023-08-26T09:22:06.159+0000] {taskinstance.py:1361} INFO - Starting attempt 1 of 1
[2023-08-26T09:22:06.190+0000] {taskinstance.py:1382} INFO - Executing <Task(PythonOperator): etl_user> on 2023-08-26 09:21:00+00:00
[2023-08-26T09:22:06.202+0000] {standard_task_runner.py:57} INFO - Started process 293233 to run task
[2023-08-26T09:22:06.242+0000] {standard_task_runner.py:84} INFO - Running: ['airflow', 'tasks', 'run', 'gaas_etl_1', 'etl_user', 'scheduled__2023-08-26T09:21:00+00:00', '--job-id', '956', '--raw', '--subdir', 'DAGS_FOLDER/dag_etl.py', '--cfg-path', '/tmp/tmpm4r3pyq5']
[2023-08-26T09:22:06.254+0000] {standard_task_runner.py:85} INFO - Job 956: Subtask etl_user
[2023-08-26T09:22:06.439+0000] {task_command.py:415} INFO - Running <TaskInstance: gaas_etl_1.etl_user scheduled__2023-08-26T09:21:00+00:00 [running]> on host data-system.us-central1-a.c.data-system-392010.internal
[2023-08-26T09:22:06.654+0000] {taskinstance.py:1660} INFO - Exporting env vars: AIRFLOW_CTX_DAG_EMAIL='hungnm15012002@gmail.com' AIRFLOW_CTX_DAG_OWNER='hungnm' AIRFLOW_CTX_DAG_ID='gaas_etl_1' AIRFLOW_CTX_TASK_ID='etl_user' AIRFLOW_CTX_EXECUTION_DATE='2023-08-26T09:21:00+00:00' AIRFLOW_CTX_TRY_NUMBER='1' AIRFLOW_CTX_DAG_RUN_ID='scheduled__2023-08-26T09:21:00+00:00'
[2023-08-26T09:22:06.676+0000] {dag_etl.py:28} INFO - Extracting user...
[2023-08-26T09:22:07.944+0000] {extract.py:36} INFO - Request time: 0:00:01.267914
[2023-08-26T09:22:07.969+0000] {extract.py:42} INFO - Create DataFrame time: 0:00:00.024324
[2023-08-26T09:22:07.972+0000] {dag_etl.py:31} INFO - Complete extract user: 0:00:01.295551
[2023-08-26T09:22:07.972+0000] {dag_etl.py:33} INFO - Extracting resource...
[2023-08-26T09:22:08.725+0000] {extract.py:36} INFO - Request time: 0:00:00.752545
[2023-08-26T09:22:08.736+0000] {extract.py:42} INFO - Create DataFrame time: 0:00:00.010585
[2023-08-26T09:22:08.738+0000] {dag_etl.py:36} INFO - Complete extract resource: 0:00:00.766711
[2023-08-26T09:22:08.739+0000] {dag_etl.py:38} INFO - Transforming user...
[2023-08-26T09:22:08.785+0000] {dag_etl.py:42} INFO - Complete transform user: 0:00:00.046385
[2023-08-26T09:22:08.785+0000] {dag_etl.py:44} INFO - transform space_ships...
[2023-08-26T09:22:08.805+0000] {dag_etl.py:47} INFO - Complete transform space_ships: 0:00:00.020425
[2023-08-26T09:22:08.805+0000] {dag_etl.py:49} INFO - transform drones...
[2023-08-26T09:22:08.818+0000] {dag_etl.py:52} INFO - Complete transform drones: 0:00:00.012487
[2023-08-26T09:22:08.818+0000] {dag_etl.py:54} INFO - transform pilots...
[2023-08-26T09:22:08.826+0000] {dag_etl.py:57} INFO - Complete transform pilots: 0:00:00.008794
[2023-08-26T09:22:08.827+0000] {dag_etl.py:59} INFO - transform talents...
[2023-08-26T09:22:08.833+0000] {dag_etl.py:62} INFO - Complete transform talents: 0:00:00.006554
[2023-08-26T09:22:08.833+0000] {dag_etl.py:64} INFO - transform expert_items...
[2023-08-26T09:22:08.839+0000] {dag_etl.py:67} INFO - Complete transform expert_items: 0:00:00.006364
[2023-08-26T09:22:08.840+0000] {dag_etl.py:69} INFO - Loading user...
[2023-08-26T09:22:08.855+0000] {dag_etl.py:72} INFO - Complete load user: 0:00:00.015693
[2023-08-26T09:22:08.855+0000] {dag_etl.py:74} INFO - Loading space_ships...
[2023-08-26T09:22:08.873+0000] {dag_etl.py:77} INFO - Complete load space_ships: 0:00:00.018518
[2023-08-26T09:22:08.875+0000] {dag_etl.py:79} INFO - Loading drones...
[2023-08-26T09:22:08.887+0000] {dag_etl.py:82} INFO - Complete load drones: 0:00:00.013976
[2023-08-26T09:22:08.888+0000] {dag_etl.py:84} INFO - Loading pilots...
[2023-08-26T09:22:08.912+0000] {dag_etl.py:87} INFO - Complete load drones: 0:00:00.024944
[2023-08-26T09:22:08.913+0000] {dag_etl.py:89} INFO - Loading talents...
[2023-08-26T09:22:08.924+0000] {dag_etl.py:92} INFO - Complete load drones: 0:00:00.011416
[2023-08-26T09:22:08.924+0000] {dag_etl.py:94} INFO - Loading expert_items...
[2023-08-26T09:22:08.927+0000] {dag_etl.py:97} INFO - Complete load drones: 0:00:00.003586
[2023-08-26T09:22:08.928+0000] {dag_etl.py:99} INFO - Complete ETL Users in : 0:00:02.251732
[2023-08-26T09:22:08.929+0000] {python.py:194} INFO - Done. Returned value was: None
[2023-08-26T09:22:08.942+0000] {taskinstance.py:1400} INFO - Marking task as SUCCESS. dag_id=gaas_etl_1, task_id=etl_user, execution_date=20230826T092100, start_date=20230826T092206, end_date=20230826T092208
[2023-08-26T09:22:08.971+0000] {local_task_job_runner.py:228} INFO - Task exited with return code 0
[2023-08-26T09:22:08.996+0000] {taskinstance.py:2784} INFO - 0 downstream tasks scheduled from follow-on schedule check
