[2023-08-26T13:30:04.551+0000] {taskinstance.py:1159} INFO - Dependencies all met for dep_context=non-requeueable deps ti=<TaskInstance: gaas_etl_1.etl_user scheduled__2023-08-26T13:29:00+00:00 [queued]>
[2023-08-26T13:30:04.567+0000] {taskinstance.py:1159} INFO - Dependencies all met for dep_context=requeueable deps ti=<TaskInstance: gaas_etl_1.etl_user scheduled__2023-08-26T13:29:00+00:00 [queued]>
[2023-08-26T13:30:04.567+0000] {taskinstance.py:1361} INFO - Starting attempt 1 of 1
[2023-08-26T13:30:04.595+0000] {taskinstance.py:1382} INFO - Executing <Task(PythonOperator): etl_user> on 2023-08-26 13:29:00+00:00
[2023-08-26T13:30:04.604+0000] {standard_task_runner.py:57} INFO - Started process 313878 to run task
[2023-08-26T13:30:04.620+0000] {standard_task_runner.py:84} INFO - Running: ['airflow', 'tasks', 'run', 'gaas_etl_1', 'etl_user', 'scheduled__2023-08-26T13:29:00+00:00', '--job-id', '1700', '--raw', '--subdir', 'DAGS_FOLDER/dag_etl.py', '--cfg-path', '/tmp/tmp1ssgw8_3']
[2023-08-26T13:30:04.625+0000] {standard_task_runner.py:85} INFO - Job 1700: Subtask etl_user
[2023-08-26T13:30:04.809+0000] {task_command.py:415} INFO - Running <TaskInstance: gaas_etl_1.etl_user scheduled__2023-08-26T13:29:00+00:00 [running]> on host data-system.us-central1-a.c.data-system-392010.internal
[2023-08-26T13:30:05.050+0000] {taskinstance.py:1660} INFO - Exporting env vars: AIRFLOW_CTX_DAG_EMAIL='hungnm15012002@gmail.com' AIRFLOW_CTX_DAG_OWNER='hungnm' AIRFLOW_CTX_DAG_ID='gaas_etl_1' AIRFLOW_CTX_TASK_ID='etl_user' AIRFLOW_CTX_EXECUTION_DATE='2023-08-26T13:29:00+00:00' AIRFLOW_CTX_TRY_NUMBER='1' AIRFLOW_CTX_DAG_RUN_ID='scheduled__2023-08-26T13:29:00+00:00'
[2023-08-26T13:30:05.068+0000] {dag_etl.py:28} INFO - Extracting user...
[2023-08-26T13:30:11.231+0000] {extract.py:36} INFO - Request time: 0:00:06.162997
[2023-08-26T13:30:11.778+0000] {extract.py:42} INFO - Create DataFrame time: 0:00:00.546429
[2023-08-26T13:30:11.782+0000] {dag_etl.py:31} INFO - Complete extract user: 0:00:06.714604
[2023-08-26T13:30:11.783+0000] {dag_etl.py:33} INFO - Extracting resource...
[2023-08-26T13:30:14.104+0000] {extract.py:36} INFO - Request time: 0:00:02.320555
[2023-08-26T13:30:14.205+0000] {extract.py:42} INFO - Create DataFrame time: 0:00:00.099916
[2023-08-26T13:30:14.208+0000] {dag_etl.py:36} INFO - Complete extract resource: 0:00:02.425596
[2023-08-26T13:30:14.210+0000] {dag_etl.py:38} INFO - Transforming user...
[2023-08-26T13:30:14.524+0000] {dag_etl.py:42} INFO - Complete transform user: 0:00:00.315889
[2023-08-26T13:30:14.525+0000] {dag_etl.py:44} INFO - transform space_ships...
[2023-08-26T13:30:14.775+0000] {dag_etl.py:47} INFO - Complete transform space_ships: 0:00:00.250639
[2023-08-26T13:30:14.775+0000] {dag_etl.py:49} INFO - transform drones...
[2023-08-26T13:30:14.935+0000] {dag_etl.py:52} INFO - Complete transform drones: 0:00:00.160724
[2023-08-26T13:30:14.936+0000] {dag_etl.py:54} INFO - transform pilots...
[2023-08-26T13:30:15.057+0000] {dag_etl.py:57} INFO - Complete transform pilots: 0:00:00.121225
[2023-08-26T13:30:15.057+0000] {dag_etl.py:59} INFO - transform talents...
[2023-08-26T13:30:15.163+0000] {dag_etl.py:62} INFO - Complete transform talents: 0:00:00.106517
[2023-08-26T13:30:15.164+0000] {dag_etl.py:64} INFO - transform expert_items...
[2023-08-26T13:30:15.217+0000] {dag_etl.py:67} INFO - Complete transform expert_items: 0:00:00.053909
[2023-08-26T13:30:15.218+0000] {dag_etl.py:69} INFO - Loading user...
[2023-08-26T13:30:16.924+0000] {dag_etl.py:72} INFO - Complete load user: 0:00:01.707467
[2023-08-26T13:30:16.925+0000] {dag_etl.py:74} INFO - Loading space_ships...
[2023-08-26T13:30:19.557+0000] {dag_etl.py:77} INFO - Complete load space_ships: 0:00:02.632456
[2023-08-26T13:30:19.558+0000] {dag_etl.py:79} INFO - Loading drones...
[2023-08-26T13:30:22.005+0000] {dag_etl.py:82} INFO - Complete load drones: 0:00:02.447626
[2023-08-26T13:30:22.006+0000] {dag_etl.py:84} INFO - Loading pilots...
[2023-08-26T13:30:26.137+0000] {dag_etl.py:87} INFO - Complete load drones: 0:00:04.132071
[2023-08-26T13:30:26.137+0000] {dag_etl.py:89} INFO - Loading talents...
[2023-08-26T13:30:28.776+0000] {dag_etl.py:92} INFO - Complete load drones: 0:00:02.639597
[2023-08-26T13:30:28.777+0000] {dag_etl.py:94} INFO - Loading expert_items...
[2023-08-26T13:30:30.219+0000] {dag_etl.py:97} INFO - Complete load drones: 0:00:01.443208
[2023-08-26T13:30:30.220+0000] {dag_etl.py:99} INFO - Complete ETL Users in : 0:00:25.152161
[2023-08-26T13:30:30.283+0000] {python.py:194} INFO - Done. Returned value was: None
[2023-08-26T13:30:30.313+0000] {taskinstance.py:1400} INFO - Marking task as SUCCESS. dag_id=gaas_etl_1, task_id=etl_user, execution_date=20230826T132900, start_date=20230826T133004, end_date=20230826T133030
[2023-08-26T13:30:30.441+0000] {local_task_job_runner.py:228} INFO - Task exited with return code 0
[2023-08-26T13:30:30.478+0000] {taskinstance.py:2784} INFO - 0 downstream tasks scheduled from follow-on schedule check
