[2023-08-26T04:18:02.959+0000] {taskinstance.py:1159} INFO - Dependencies all met for dep_context=non-requeueable deps ti=<TaskInstance: gaas_etl_1.etl_user scheduled__2023-08-26T04:17:00+00:00 [queued]>
[2023-08-26T04:18:02.976+0000] {taskinstance.py:1159} INFO - Dependencies all met for dep_context=requeueable deps ti=<TaskInstance: gaas_etl_1.etl_user scheduled__2023-08-26T04:17:00+00:00 [queued]>
[2023-08-26T04:18:02.977+0000] {taskinstance.py:1361} INFO - Starting attempt 1 of 1
[2023-08-26T04:18:03.015+0000] {taskinstance.py:1382} INFO - Executing <Task(PythonOperator): etl_user> on 2023-08-26 04:17:00+00:00
[2023-08-26T04:18:03.024+0000] {standard_task_runner.py:57} INFO - Started process 274938 to run task
[2023-08-26T04:18:03.041+0000] {standard_task_runner.py:84} INFO - Running: ['airflow', 'tasks', 'run', 'gaas_etl_1', 'etl_user', 'scheduled__2023-08-26T04:17:00+00:00', '--job-id', '43', '--raw', '--subdir', 'DAGS_FOLDER/dag_etl.py', '--cfg-path', '/tmp/tmpz0k28v3t']
[2023-08-26T04:18:03.053+0000] {standard_task_runner.py:85} INFO - Job 43: Subtask etl_user
[2023-08-26T04:18:03.170+0000] {task_command.py:415} INFO - Running <TaskInstance: gaas_etl_1.etl_user scheduled__2023-08-26T04:17:00+00:00 [running]> on host data-system.us-central1-a.c.data-system-392010.internal
[2023-08-26T04:18:03.334+0000] {taskinstance.py:1660} INFO - Exporting env vars: AIRFLOW_CTX_DAG_EMAIL='hungnm15012002@gmail.com' AIRFLOW_CTX_DAG_OWNER='hungnm' AIRFLOW_CTX_DAG_ID='gaas_etl_1' AIRFLOW_CTX_TASK_ID='etl_user' AIRFLOW_CTX_EXECUTION_DATE='2023-08-26T04:17:00+00:00' AIRFLOW_CTX_TRY_NUMBER='1' AIRFLOW_CTX_DAG_RUN_ID='scheduled__2023-08-26T04:17:00+00:00'
[2023-08-26T04:18:03.357+0000] {dag_etl.py:28} INFO - Extracting user...
[2023-08-26T04:18:08.892+0000] {extract.py:36} INFO - Request time: 0:00:05.534480
[2023-08-26T04:18:08.915+0000] {extract.py:42} INFO - Create DataFrame time: 0:00:00.022418
[2023-08-26T04:18:08.918+0000] {dag_etl.py:31} INFO - Complete extract user: 0:00:05.560295
[2023-08-26T04:18:08.918+0000] {dag_etl.py:33} INFO - Extracting resource...
[2023-08-26T04:18:17.445+0000] {extract.py:36} INFO - Request time: 0:00:08.526974
[2023-08-26T04:18:17.458+0000] {extract.py:42} INFO - Create DataFrame time: 0:00:00.012074
[2023-08-26T04:18:17.461+0000] {dag_etl.py:36} INFO - Complete extract resource: 0:00:08.543607
[2023-08-26T04:18:17.463+0000] {dag_etl.py:38} INFO - Transforming user...
[2023-08-26T04:18:17.516+0000] {dag_etl.py:42} INFO - Complete transform user: 0:00:00.054521
[2023-08-26T04:18:17.517+0000] {dag_etl.py:44} INFO - transform space_ships...
[2023-08-26T04:18:17.547+0000] {dag_etl.py:47} INFO - Complete transform space_ships: 0:00:00.030865
[2023-08-26T04:18:17.548+0000] {dag_etl.py:49} INFO - transform drones...
[2023-08-26T04:18:17.570+0000] {dag_etl.py:52} INFO - Complete transform drones: 0:00:00.023658
[2023-08-26T04:18:17.572+0000] {dag_etl.py:54} INFO - transform pilots...
[2023-08-26T04:18:17.588+0000] {dag_etl.py:57} INFO - Complete transform pilots: 0:00:00.017156
[2023-08-26T04:18:17.588+0000] {dag_etl.py:59} INFO - transform talents...
[2023-08-26T04:18:17.602+0000] {dag_etl.py:62} INFO - Complete transform talents: 0:00:00.014404
[2023-08-26T04:18:17.603+0000] {dag_etl.py:64} INFO - transform expert_items...
[2023-08-26T04:18:17.617+0000] {dag_etl.py:67} INFO - Complete transform expert_items: 0:00:00.014664
[2023-08-26T04:18:17.617+0000] {dag_etl.py:69} INFO - Loading user...
[2023-08-26T04:18:17.646+0000] {dag_etl.py:72} INFO - Complete load user: 0:00:00.029678
[2023-08-26T04:18:17.647+0000] {dag_etl.py:74} INFO - Loading space_ships...
[2023-08-26T04:18:17.681+0000] {dag_etl.py:77} INFO - Complete load space_ships: 0:00:00.034581
[2023-08-26T04:18:17.681+0000] {dag_etl.py:79} INFO - Loading drones...
[2023-08-26T04:18:17.703+0000] {dag_etl.py:82} INFO - Complete load drones: 0:00:00.022261
[2023-08-26T04:18:17.704+0000] {dag_etl.py:84} INFO - Loading pilots...
[2023-08-26T04:18:17.749+0000] {dag_etl.py:87} INFO - Complete load drones: 0:00:00.046362
[2023-08-26T04:18:17.750+0000] {dag_etl.py:89} INFO - Loading talents...
[2023-08-26T04:18:17.773+0000] {dag_etl.py:92} INFO - Complete load drones: 0:00:00.024002
[2023-08-26T04:18:17.774+0000] {dag_etl.py:94} INFO - Loading expert_items...
[2023-08-26T04:18:17.779+0000] {dag_etl.py:97} INFO - Complete load drones: 0:00:00.005939
[2023-08-26T04:18:17.780+0000] {dag_etl.py:99} INFO - Complete ETL Users in : 0:00:14.422457
[2023-08-26T04:18:17.782+0000] {python.py:194} INFO - Done. Returned value was: None
[2023-08-26T04:18:17.803+0000] {taskinstance.py:1400} INFO - Marking task as SUCCESS. dag_id=gaas_etl_1, task_id=etl_user, execution_date=20230826T041700, start_date=20230826T041802, end_date=20230826T041817
[2023-08-26T04:18:17.840+0000] {local_task_job_runner.py:228} INFO - Task exited with return code 0
[2023-08-26T04:18:17.879+0000] {taskinstance.py:2784} INFO - 0 downstream tasks scheduled from follow-on schedule check
