[2023-08-27T16:56:06.931+0000] {taskinstance.py:1159} INFO - Dependencies all met for dep_context=non-requeueable deps ti=<TaskInstance: gaas_etl_1.etl_user scheduled__2023-08-27T16:55:00+00:00 [queued]>
[2023-08-27T16:56:06.974+0000] {taskinstance.py:1159} INFO - Dependencies all met for dep_context=requeueable deps ti=<TaskInstance: gaas_etl_1.etl_user scheduled__2023-08-27T16:55:00+00:00 [queued]>
[2023-08-27T16:56:06.975+0000] {taskinstance.py:1361} INFO - Starting attempt 1 of 1
[2023-08-27T16:56:07.031+0000] {taskinstance.py:1382} INFO - Executing <Task(PythonOperator): etl_user> on 2023-08-27 16:55:00+00:00
[2023-08-27T16:56:07.037+0000] {standard_task_runner.py:57} INFO - Started process 432380 to run task
[2023-08-27T16:56:07.048+0000] {standard_task_runner.py:84} INFO - Running: ['airflow', 'tasks', 'run', 'gaas_etl_1', 'etl_user', 'scheduled__2023-08-27T16:55:00+00:00', '--job-id', '6639', '--raw', '--subdir', 'DAGS_FOLDER/dag_etl.py', '--cfg-path', '/tmp/tmp62e6x9mt']
[2023-08-27T16:56:07.055+0000] {standard_task_runner.py:85} INFO - Job 6639: Subtask etl_user
[2023-08-27T16:56:07.757+0000] {task_command.py:415} INFO - Running <TaskInstance: gaas_etl_1.etl_user scheduled__2023-08-27T16:55:00+00:00 [running]> on host data-system.us-central1-a.c.data-system-392010.internal
[2023-08-27T16:56:08.242+0000] {taskinstance.py:1660} INFO - Exporting env vars: AIRFLOW_CTX_DAG_EMAIL='hungnm15012002@gmail.com' AIRFLOW_CTX_DAG_OWNER='hungnm' AIRFLOW_CTX_DAG_ID='gaas_etl_1' AIRFLOW_CTX_TASK_ID='etl_user' AIRFLOW_CTX_EXECUTION_DATE='2023-08-27T16:55:00+00:00' AIRFLOW_CTX_TRY_NUMBER='1' AIRFLOW_CTX_DAG_RUN_ID='scheduled__2023-08-27T16:55:00+00:00'
[2023-08-27T16:56:08.261+0000] {dag_etl.py:28} INFO - Extracting user...
[2023-08-27T16:56:20.610+0000] {extract.py:36} INFO - Request time: 0:00:12.348549
[2023-08-27T16:56:21.699+0000] {extract.py:42} INFO - Create DataFrame time: 0:00:01.087800
[2023-08-27T16:56:21.707+0000] {dag_etl.py:31} INFO - Complete extract user: 0:00:13.445350
[2023-08-27T16:56:21.708+0000] {dag_etl.py:33} INFO - Extracting resource...
[2023-08-27T16:56:30.068+0000] {extract.py:36} INFO - Request time: 0:00:08.359962
[2023-08-27T16:56:30.148+0000] {extract.py:42} INFO - Create DataFrame time: 0:00:00.078982
[2023-08-27T16:56:30.151+0000] {dag_etl.py:36} INFO - Complete extract resource: 0:00:08.443931
[2023-08-27T16:56:30.152+0000] {dag_etl.py:38} INFO - Transforming user...
[2023-08-27T16:56:30.526+0000] {dag_etl.py:42} INFO - Complete transform user: 0:00:00.375480
[2023-08-27T16:56:30.527+0000] {dag_etl.py:44} INFO - transform space_ships...
[2023-08-27T16:56:31.046+0000] {dag_etl.py:47} INFO - Complete transform space_ships: 0:00:00.520117
[2023-08-27T16:56:31.049+0000] {dag_etl.py:49} INFO - transform drones...
[2023-08-27T16:56:31.550+0000] {dag_etl.py:52} INFO - Complete transform drones: 0:00:00.503380
[2023-08-27T16:56:31.551+0000] {dag_etl.py:54} INFO - transform pilots...
[2023-08-27T16:56:31.832+0000] {dag_etl.py:57} INFO - Complete transform pilots: 0:00:00.280982
[2023-08-27T16:56:31.833+0000] {dag_etl.py:59} INFO - transform talents...
[2023-08-27T16:56:31.992+0000] {dag_etl.py:62} INFO - Complete transform talents: 0:00:00.161588
[2023-08-27T16:56:31.994+0000] {dag_etl.py:64} INFO - transform expert_items...
[2023-08-27T16:56:32.112+0000] {dag_etl.py:67} INFO - Complete transform expert_items: 0:00:00.119896
[2023-08-27T16:56:32.119+0000] {dag_etl.py:69} INFO - Loading user...
[2023-08-27T16:56:34.032+0000] {dag_etl.py:72} INFO - Complete load user: 0:00:01.920057
[2023-08-27T16:56:34.033+0000] {dag_etl.py:74} INFO - Loading space_ships...
[2023-08-27T16:56:36.354+0000] {dag_etl.py:77} INFO - Complete load space_ships: 0:00:02.322208
[2023-08-27T16:56:36.355+0000] {dag_etl.py:79} INFO - Loading drones...
[2023-08-27T16:56:38.223+0000] {dag_etl.py:82} INFO - Complete load drones: 0:00:01.868851
[2023-08-27T16:56:38.224+0000] {dag_etl.py:84} INFO - Loading pilots...
[2023-08-27T16:56:40.553+0000] {dag_etl.py:87} INFO - Complete load drones: 0:00:02.329648
[2023-08-27T16:56:40.553+0000] {dag_etl.py:89} INFO - Loading talents...
[2023-08-27T16:56:42.141+0000] {dag_etl.py:92} INFO - Complete load drones: 0:00:01.587837
[2023-08-27T16:56:42.141+0000] {dag_etl.py:94} INFO - Loading expert_items...
[2023-08-27T16:56:43.121+0000] {dag_etl.py:97} INFO - Complete load drones: 0:00:00.980485
[2023-08-27T16:56:43.122+0000] {dag_etl.py:99} INFO - Complete ETL Users in : 0:00:34.860378
[2023-08-27T16:56:43.149+0000] {python.py:194} INFO - Done. Returned value was: None
[2023-08-27T16:56:43.167+0000] {taskinstance.py:1400} INFO - Marking task as SUCCESS. dag_id=gaas_etl_1, task_id=etl_user, execution_date=20230827T165500, start_date=20230827T165606, end_date=20230827T165643
[2023-08-27T16:56:43.243+0000] {local_task_job_runner.py:228} INFO - Task exited with return code 0
[2023-08-27T16:56:43.268+0000] {taskinstance.py:2784} INFO - 0 downstream tasks scheduled from follow-on schedule check
