[2023-08-27T10:17:07.427+0000] {taskinstance.py:1159} INFO - Dependencies all met for dep_context=non-requeueable deps ti=<TaskInstance: gaas_etl_1.etl_user scheduled__2023-08-27T10:16:00+00:00 [queued]>
[2023-08-27T10:17:07.445+0000] {taskinstance.py:1159} INFO - Dependencies all met for dep_context=requeueable deps ti=<TaskInstance: gaas_etl_1.etl_user scheduled__2023-08-27T10:16:00+00:00 [queued]>
[2023-08-27T10:17:07.446+0000] {taskinstance.py:1361} INFO - Starting attempt 1 of 1
[2023-08-27T10:17:07.473+0000] {taskinstance.py:1382} INFO - Executing <Task(PythonOperator): etl_user> on 2023-08-27 10:16:00+00:00
[2023-08-27T10:17:07.487+0000] {standard_task_runner.py:57} INFO - Started process 385252 to run task
[2023-08-27T10:17:07.503+0000] {standard_task_runner.py:84} INFO - Running: ['airflow', 'tasks', 'run', 'gaas_etl_1', 'etl_user', 'scheduled__2023-08-27T10:16:00+00:00', '--job-id', '5441', '--raw', '--subdir', 'DAGS_FOLDER/dag_etl.py', '--cfg-path', '/tmp/tmp6ythnmwh']
[2023-08-27T10:17:07.509+0000] {standard_task_runner.py:85} INFO - Job 5441: Subtask etl_user
[2023-08-27T10:17:08.354+0000] {task_command.py:415} INFO - Running <TaskInstance: gaas_etl_1.etl_user scheduled__2023-08-27T10:16:00+00:00 [running]> on host data-system.us-central1-a.c.data-system-392010.internal
[2023-08-27T10:17:08.885+0000] {taskinstance.py:1660} INFO - Exporting env vars: AIRFLOW_CTX_DAG_EMAIL='hungnm15012002@gmail.com' AIRFLOW_CTX_DAG_OWNER='hungnm' AIRFLOW_CTX_DAG_ID='gaas_etl_1' AIRFLOW_CTX_TASK_ID='etl_user' AIRFLOW_CTX_EXECUTION_DATE='2023-08-27T10:16:00+00:00' AIRFLOW_CTX_TRY_NUMBER='1' AIRFLOW_CTX_DAG_RUN_ID='scheduled__2023-08-27T10:16:00+00:00'
[2023-08-27T10:17:08.908+0000] {dag_etl.py:28} INFO - Extracting user...
[2023-08-27T10:17:16.999+0000] {extract.py:36} INFO - Request time: 0:00:08.084746
[2023-08-27T10:17:17.521+0000] {extract.py:42} INFO - Create DataFrame time: 0:00:00.520136
[2023-08-27T10:17:17.525+0000] {dag_etl.py:31} INFO - Complete extract user: 0:00:08.617556
[2023-08-27T10:17:17.526+0000] {dag_etl.py:33} INFO - Extracting resource...
[2023-08-27T10:17:21.057+0000] {extract.py:36} INFO - Request time: 0:00:03.530697
[2023-08-27T10:17:21.120+0000] {extract.py:42} INFO - Create DataFrame time: 0:00:00.061849
[2023-08-27T10:17:21.124+0000] {dag_etl.py:36} INFO - Complete extract resource: 0:00:03.598254
[2023-08-27T10:17:21.125+0000] {dag_etl.py:38} INFO - Transforming user...
[2023-08-27T10:17:21.358+0000] {dag_etl.py:42} INFO - Complete transform user: 0:00:00.234537
[2023-08-27T10:17:21.359+0000] {dag_etl.py:44} INFO - transform space_ships...
[2023-08-27T10:17:21.676+0000] {dag_etl.py:47} INFO - Complete transform space_ships: 0:00:00.317897
[2023-08-27T10:17:21.677+0000] {dag_etl.py:49} INFO - transform drones...
[2023-08-27T10:17:21.816+0000] {dag_etl.py:52} INFO - Complete transform drones: 0:00:00.139984
[2023-08-27T10:17:21.817+0000] {dag_etl.py:54} INFO - transform pilots...
[2023-08-27T10:17:21.950+0000] {dag_etl.py:57} INFO - Complete transform pilots: 0:00:00.133546
[2023-08-27T10:17:21.954+0000] {dag_etl.py:59} INFO - transform talents...
[2023-08-27T10:17:22.065+0000] {dag_etl.py:62} INFO - Complete transform talents: 0:00:00.113343
[2023-08-27T10:17:22.066+0000] {dag_etl.py:64} INFO - transform expert_items...
[2023-08-27T10:17:22.129+0000] {dag_etl.py:67} INFO - Complete transform expert_items: 0:00:00.066309
[2023-08-27T10:17:22.130+0000] {dag_etl.py:69} INFO - Loading user...
[2023-08-27T10:17:23.672+0000] {dag_etl.py:72} INFO - Complete load user: 0:00:01.543109
[2023-08-27T10:17:23.673+0000] {dag_etl.py:74} INFO - Loading space_ships...
[2023-08-27T10:17:26.299+0000] {dag_etl.py:77} INFO - Complete load space_ships: 0:00:02.626324
[2023-08-27T10:17:26.301+0000] {dag_etl.py:79} INFO - Loading drones...
[2023-08-27T10:17:28.163+0000] {dag_etl.py:82} INFO - Complete load drones: 0:00:01.864686
[2023-08-27T10:17:28.164+0000] {dag_etl.py:84} INFO - Loading pilots...
[2023-08-27T10:17:30.664+0000] {dag_etl.py:87} INFO - Complete load drones: 0:00:02.500628
[2023-08-27T10:17:30.665+0000] {dag_etl.py:89} INFO - Loading talents...
[2023-08-27T10:17:32.328+0000] {dag_etl.py:92} INFO - Complete load drones: 0:00:01.664362
[2023-08-27T10:17:32.329+0000] {dag_etl.py:94} INFO - Loading expert_items...
[2023-08-27T10:17:33.411+0000] {dag_etl.py:97} INFO - Complete load drones: 0:00:01.082169
[2023-08-27T10:17:33.411+0000] {dag_etl.py:99} INFO - Complete ETL Users in : 0:00:24.503285
[2023-08-27T10:17:33.499+0000] {python.py:194} INFO - Done. Returned value was: None
[2023-08-27T10:17:33.552+0000] {taskinstance.py:1400} INFO - Marking task as SUCCESS. dag_id=gaas_etl_1, task_id=etl_user, execution_date=20230827T101600, start_date=20230827T101707, end_date=20230827T101733
[2023-08-27T10:17:33.627+0000] {local_task_job_runner.py:228} INFO - Task exited with return code 0
[2023-08-27T10:17:33.659+0000] {taskinstance.py:2784} INFO - 0 downstream tasks scheduled from follow-on schedule check
