[2023-08-27T06:05:04.799+0000] {taskinstance.py:1159} INFO - Dependencies all met for dep_context=non-requeueable deps ti=<TaskInstance: gaas_etl_1.etl_user scheduled__2023-08-27T06:04:00+00:00 [queued]>
[2023-08-27T06:05:04.819+0000] {taskinstance.py:1159} INFO - Dependencies all met for dep_context=requeueable deps ti=<TaskInstance: gaas_etl_1.etl_user scheduled__2023-08-27T06:04:00+00:00 [queued]>
[2023-08-27T06:05:04.820+0000] {taskinstance.py:1361} INFO - Starting attempt 1 of 1
[2023-08-27T06:05:04.847+0000] {taskinstance.py:1382} INFO - Executing <Task(PythonOperator): etl_user> on 2023-08-27 06:04:00+00:00
[2023-08-27T06:05:04.860+0000] {standard_task_runner.py:57} INFO - Started process 372242 to run task
[2023-08-27T06:05:04.876+0000] {standard_task_runner.py:84} INFO - Running: ['airflow', 'tasks', 'run', 'gaas_etl_1', 'etl_user', 'scheduled__2023-08-27T06:04:00+00:00', '--job-id', '4685', '--raw', '--subdir', 'DAGS_FOLDER/dag_etl.py', '--cfg-path', '/tmp/tmpvs976g9c']
[2023-08-27T06:05:04.883+0000] {standard_task_runner.py:85} INFO - Job 4685: Subtask etl_user
[2023-08-27T06:05:05.253+0000] {task_command.py:415} INFO - Running <TaskInstance: gaas_etl_1.etl_user scheduled__2023-08-27T06:04:00+00:00 [running]> on host data-system.us-central1-a.c.data-system-392010.internal
[2023-08-27T06:05:05.664+0000] {taskinstance.py:1660} INFO - Exporting env vars: AIRFLOW_CTX_DAG_EMAIL='hungnm15012002@gmail.com' AIRFLOW_CTX_DAG_OWNER='hungnm' AIRFLOW_CTX_DAG_ID='gaas_etl_1' AIRFLOW_CTX_TASK_ID='etl_user' AIRFLOW_CTX_EXECUTION_DATE='2023-08-27T06:04:00+00:00' AIRFLOW_CTX_TRY_NUMBER='1' AIRFLOW_CTX_DAG_RUN_ID='scheduled__2023-08-27T06:04:00+00:00'
[2023-08-27T06:05:05.683+0000] {dag_etl.py:28} INFO - Extracting user...
[2023-08-27T06:05:09.265+0000] {extract.py:36} INFO - Request time: 0:00:03.581754
[2023-08-27T06:05:09.590+0000] {extract.py:42} INFO - Create DataFrame time: 0:00:00.323503
[2023-08-27T06:05:09.593+0000] {dag_etl.py:31} INFO - Complete extract user: 0:00:03.909446
[2023-08-27T06:05:09.593+0000] {dag_etl.py:33} INFO - Extracting resource...
[2023-08-27T06:05:11.064+0000] {extract.py:36} INFO - Request time: 0:00:01.470378
[2023-08-27T06:05:11.101+0000] {extract.py:42} INFO - Create DataFrame time: 0:00:00.036548
[2023-08-27T06:05:11.103+0000] {dag_etl.py:36} INFO - Complete extract resource: 0:00:01.510756
[2023-08-27T06:05:11.104+0000] {dag_etl.py:38} INFO - Transforming user...
[2023-08-27T06:05:11.239+0000] {dag_etl.py:42} INFO - Complete transform user: 0:00:00.135664
[2023-08-27T06:05:11.240+0000] {dag_etl.py:44} INFO - transform space_ships...
[2023-08-27T06:05:11.378+0000] {dag_etl.py:47} INFO - Complete transform space_ships: 0:00:00.138929
[2023-08-27T06:05:11.379+0000] {dag_etl.py:49} INFO - transform drones...
[2023-08-27T06:05:11.450+0000] {dag_etl.py:52} INFO - Complete transform drones: 0:00:00.072562
[2023-08-27T06:05:11.451+0000] {dag_etl.py:54} INFO - transform pilots...
[2023-08-27T06:05:11.492+0000] {dag_etl.py:57} INFO - Complete transform pilots: 0:00:00.041041
[2023-08-27T06:05:11.492+0000] {dag_etl.py:59} INFO - transform talents...
[2023-08-27T06:05:11.519+0000] {dag_etl.py:62} INFO - Complete transform talents: 0:00:00.027437
[2023-08-27T06:05:11.519+0000] {dag_etl.py:64} INFO - transform expert_items...
[2023-08-27T06:05:11.544+0000] {dag_etl.py:67} INFO - Complete transform expert_items: 0:00:00.024744
[2023-08-27T06:05:11.544+0000] {dag_etl.py:69} INFO - Loading user...
[2023-08-27T06:05:12.184+0000] {dag_etl.py:72} INFO - Complete load user: 0:00:00.640739
[2023-08-27T06:05:12.185+0000] {dag_etl.py:74} INFO - Loading space_ships...
[2023-08-27T06:05:12.969+0000] {dag_etl.py:77} INFO - Complete load space_ships: 0:00:00.784275
[2023-08-27T06:05:12.969+0000] {dag_etl.py:79} INFO - Loading drones...
[2023-08-27T06:05:13.628+0000] {dag_etl.py:82} INFO - Complete load drones: 0:00:00.659421
[2023-08-27T06:05:13.629+0000] {dag_etl.py:84} INFO - Loading pilots...
[2023-08-27T06:05:14.798+0000] {dag_etl.py:87} INFO - Complete load drones: 0:00:01.170211
[2023-08-27T06:05:14.799+0000] {dag_etl.py:89} INFO - Loading talents...
[2023-08-27T06:05:15.713+0000] {dag_etl.py:92} INFO - Complete load drones: 0:00:00.914288
[2023-08-27T06:05:15.713+0000] {dag_etl.py:94} INFO - Loading expert_items...
[2023-08-27T06:05:16.310+0000] {dag_etl.py:97} INFO - Complete load drones: 0:00:00.597786
[2023-08-27T06:05:16.311+0000] {dag_etl.py:99} INFO - Complete ETL Users in : 0:00:10.627910
[2023-08-27T06:05:16.323+0000] {python.py:194} INFO - Done. Returned value was: None
[2023-08-27T06:05:16.345+0000] {taskinstance.py:1400} INFO - Marking task as SUCCESS. dag_id=gaas_etl_1, task_id=etl_user, execution_date=20230827T060400, start_date=20230827T060504, end_date=20230827T060516
[2023-08-27T06:05:16.394+0000] {local_task_job_runner.py:228} INFO - Task exited with return code 0
[2023-08-27T06:05:16.426+0000] {taskinstance.py:2784} INFO - 0 downstream tasks scheduled from follow-on schedule check
