[2023-08-27T04:30:07.708+0000] {taskinstance.py:1159} INFO - Dependencies all met for dep_context=non-requeueable deps ti=<TaskInstance: gaas_etl_1.etl_user scheduled__2023-08-27T04:29:00+00:00 [queued]>
[2023-08-27T04:30:07.748+0000] {taskinstance.py:1159} INFO - Dependencies all met for dep_context=requeueable deps ti=<TaskInstance: gaas_etl_1.etl_user scheduled__2023-08-27T04:29:00+00:00 [queued]>
[2023-08-27T04:30:07.748+0000] {taskinstance.py:1361} INFO - Starting attempt 1 of 1
[2023-08-27T04:30:07.796+0000] {taskinstance.py:1382} INFO - Executing <Task(PythonOperator): etl_user> on 2023-08-27 04:29:00+00:00
[2023-08-27T04:30:07.810+0000] {standard_task_runner.py:57} INFO - Started process 364788 to run task
[2023-08-27T04:30:07.831+0000] {standard_task_runner.py:84} INFO - Running: ['airflow', 'tasks', 'run', 'gaas_etl_1', 'etl_user', 'scheduled__2023-08-27T04:29:00+00:00', '--job-id', '4400', '--raw', '--subdir', 'DAGS_FOLDER/dag_etl.py', '--cfg-path', '/tmp/tmps7h095bh']
[2023-08-27T04:30:07.848+0000] {standard_task_runner.py:85} INFO - Job 4400: Subtask etl_user
[2023-08-27T04:30:08.458+0000] {task_command.py:415} INFO - Running <TaskInstance: gaas_etl_1.etl_user scheduled__2023-08-27T04:29:00+00:00 [running]> on host data-system.us-central1-a.c.data-system-392010.internal
[2023-08-27T04:30:09.157+0000] {taskinstance.py:1660} INFO - Exporting env vars: AIRFLOW_CTX_DAG_EMAIL='hungnm15012002@gmail.com' AIRFLOW_CTX_DAG_OWNER='hungnm' AIRFLOW_CTX_DAG_ID='gaas_etl_1' AIRFLOW_CTX_TASK_ID='etl_user' AIRFLOW_CTX_EXECUTION_DATE='2023-08-27T04:29:00+00:00' AIRFLOW_CTX_TRY_NUMBER='1' AIRFLOW_CTX_DAG_RUN_ID='scheduled__2023-08-27T04:29:00+00:00'
[2023-08-27T04:30:09.176+0000] {dag_etl.py:28} INFO - Extracting user...
[2023-08-27T04:30:12.983+0000] {extract.py:36} INFO - Request time: 0:00:03.806954
[2023-08-27T04:30:13.173+0000] {extract.py:42} INFO - Create DataFrame time: 0:00:00.188634
[2023-08-27T04:30:13.176+0000] {dag_etl.py:31} INFO - Complete extract user: 0:00:04.000729
[2023-08-27T04:30:13.178+0000] {dag_etl.py:33} INFO - Extracting resource...
[2023-08-27T04:30:14.700+0000] {extract.py:36} INFO - Request time: 0:00:01.521800
[2023-08-27T04:30:14.746+0000] {extract.py:42} INFO - Create DataFrame time: 0:00:00.045462
[2023-08-27T04:30:14.749+0000] {dag_etl.py:36} INFO - Complete extract resource: 0:00:01.572900
[2023-08-27T04:30:14.751+0000] {dag_etl.py:38} INFO - Transforming user...
[2023-08-27T04:30:14.918+0000] {dag_etl.py:42} INFO - Complete transform user: 0:00:00.168918
[2023-08-27T04:30:14.919+0000] {dag_etl.py:44} INFO - transform space_ships...
[2023-08-27T04:30:15.091+0000] {dag_etl.py:47} INFO - Complete transform space_ships: 0:00:00.172588
[2023-08-27T04:30:15.092+0000] {dag_etl.py:49} INFO - transform drones...
[2023-08-27T04:30:15.203+0000] {dag_etl.py:52} INFO - Complete transform drones: 0:00:00.112522
[2023-08-27T04:30:15.204+0000] {dag_etl.py:54} INFO - transform pilots...
[2023-08-27T04:30:15.263+0000] {dag_etl.py:57} INFO - Complete transform pilots: 0:00:00.059952
[2023-08-27T04:30:15.264+0000] {dag_etl.py:59} INFO - transform talents...
[2023-08-27T04:30:15.294+0000] {dag_etl.py:62} INFO - Complete transform talents: 0:00:00.030400
[2023-08-27T04:30:15.295+0000] {dag_etl.py:64} INFO - transform expert_items...
[2023-08-27T04:30:15.323+0000] {dag_etl.py:67} INFO - Complete transform expert_items: 0:00:00.029308
[2023-08-27T04:30:15.324+0000] {dag_etl.py:69} INFO - Loading user...
[2023-08-27T04:30:16.514+0000] {dag_etl.py:72} INFO - Complete load user: 0:00:01.191173
[2023-08-27T04:30:16.519+0000] {dag_etl.py:74} INFO - Loading space_ships...
[2023-08-27T04:30:18.323+0000] {dag_etl.py:77} INFO - Complete load space_ships: 0:00:01.808360
[2023-08-27T04:30:18.325+0000] {dag_etl.py:79} INFO - Loading drones...
[2023-08-27T04:30:19.651+0000] {dag_etl.py:82} INFO - Complete load drones: 0:00:01.328735
[2023-08-27T04:30:19.652+0000] {dag_etl.py:84} INFO - Loading pilots...
[2023-08-27T04:30:22.886+0000] {dag_etl.py:87} INFO - Complete load drones: 0:00:03.234433
[2023-08-27T04:30:22.886+0000] {dag_etl.py:89} INFO - Loading talents...
[2023-08-27T04:30:24.686+0000] {dag_etl.py:92} INFO - Complete load drones: 0:00:01.800612
[2023-08-27T04:30:24.687+0000] {dag_etl.py:94} INFO - Loading expert_items...
[2023-08-27T04:30:26.245+0000] {dag_etl.py:97} INFO - Complete load drones: 0:00:01.558391
[2023-08-27T04:30:26.245+0000] {dag_etl.py:99} INFO - Complete ETL Users in : 0:00:17.069703
[2023-08-27T04:30:26.283+0000] {python.py:194} INFO - Done. Returned value was: None
[2023-08-27T04:30:26.320+0000] {taskinstance.py:1400} INFO - Marking task as SUCCESS. dag_id=gaas_etl_1, task_id=etl_user, execution_date=20230827T042900, start_date=20230827T043007, end_date=20230827T043026
[2023-08-27T04:30:26.397+0000] {local_task_job_runner.py:228} INFO - Task exited with return code 0
[2023-08-27T04:30:26.434+0000] {taskinstance.py:2784} INFO - 0 downstream tasks scheduled from follow-on schedule check
