[2023-08-26T06:12:03.993+0000] {taskinstance.py:1159} INFO - Dependencies all met for dep_context=non-requeueable deps ti=<TaskInstance: gaas_etl_1.etl_user scheduled__2023-08-26T06:11:00+00:00 [queued]>
[2023-08-26T06:12:04.010+0000] {taskinstance.py:1159} INFO - Dependencies all met for dep_context=requeueable deps ti=<TaskInstance: gaas_etl_1.etl_user scheduled__2023-08-26T06:11:00+00:00 [queued]>
[2023-08-26T06:12:04.011+0000] {taskinstance.py:1361} INFO - Starting attempt 1 of 1
[2023-08-26T06:12:04.038+0000] {taskinstance.py:1382} INFO - Executing <Task(PythonOperator): etl_user> on 2023-08-26 06:11:00+00:00
[2023-08-26T06:12:04.047+0000] {standard_task_runner.py:57} INFO - Started process 283813 to run task
[2023-08-26T06:12:04.061+0000] {standard_task_runner.py:84} INFO - Running: ['airflow', 'tasks', 'run', 'gaas_etl_1', 'etl_user', 'scheduled__2023-08-26T06:11:00+00:00', '--job-id', '385', '--raw', '--subdir', 'DAGS_FOLDER/dag_etl.py', '--cfg-path', '/tmp/tmpxi234a5c']
[2023-08-26T06:12:04.067+0000] {standard_task_runner.py:85} INFO - Job 385: Subtask etl_user
[2023-08-26T06:12:04.213+0000] {task_command.py:415} INFO - Running <TaskInstance: gaas_etl_1.etl_user scheduled__2023-08-26T06:11:00+00:00 [running]> on host data-system.us-central1-a.c.data-system-392010.internal
[2023-08-26T06:12:04.401+0000] {taskinstance.py:1660} INFO - Exporting env vars: AIRFLOW_CTX_DAG_EMAIL='hungnm15012002@gmail.com' AIRFLOW_CTX_DAG_OWNER='hungnm' AIRFLOW_CTX_DAG_ID='gaas_etl_1' AIRFLOW_CTX_TASK_ID='etl_user' AIRFLOW_CTX_EXECUTION_DATE='2023-08-26T06:11:00+00:00' AIRFLOW_CTX_TRY_NUMBER='1' AIRFLOW_CTX_DAG_RUN_ID='scheduled__2023-08-26T06:11:00+00:00'
[2023-08-26T06:12:04.432+0000] {dag_etl.py:28} INFO - Extracting user...
[2023-08-26T06:12:05.665+0000] {extract.py:36} INFO - Request time: 0:00:01.232249
[2023-08-26T06:12:05.694+0000] {extract.py:42} INFO - Create DataFrame time: 0:00:00.028564
[2023-08-26T06:12:05.696+0000] {dag_etl.py:31} INFO - Complete extract user: 0:00:01.264536
[2023-08-26T06:12:05.697+0000] {dag_etl.py:33} INFO - Extracting resource...
[2023-08-26T06:12:06.419+0000] {extract.py:36} INFO - Request time: 0:00:00.722019
[2023-08-26T06:12:06.426+0000] {extract.py:42} INFO - Create DataFrame time: 0:00:00.006438
[2023-08-26T06:12:06.428+0000] {dag_etl.py:36} INFO - Complete extract resource: 0:00:00.731617
[2023-08-26T06:12:06.429+0000] {dag_etl.py:38} INFO - Transforming user...
[2023-08-26T06:12:06.459+0000] {dag_etl.py:42} INFO - Complete transform user: 0:00:00.031205
[2023-08-26T06:12:06.459+0000] {dag_etl.py:44} INFO - transform space_ships...
[2023-08-26T06:12:06.476+0000] {dag_etl.py:47} INFO - Complete transform space_ships: 0:00:00.017103
[2023-08-26T06:12:06.477+0000] {dag_etl.py:49} INFO - transform drones...
[2023-08-26T06:12:06.488+0000] {dag_etl.py:52} INFO - Complete transform drones: 0:00:00.011986
[2023-08-26T06:12:06.489+0000] {dag_etl.py:54} INFO - transform pilots...
[2023-08-26T06:12:06.497+0000] {dag_etl.py:57} INFO - Complete transform pilots: 0:00:00.008496
[2023-08-26T06:12:06.497+0000] {dag_etl.py:59} INFO - transform talents...
[2023-08-26T06:12:06.503+0000] {dag_etl.py:62} INFO - Complete transform talents: 0:00:00.006370
[2023-08-26T06:12:06.503+0000] {dag_etl.py:64} INFO - transform expert_items...
[2023-08-26T06:12:06.509+0000] {dag_etl.py:67} INFO - Complete transform expert_items: 0:00:00.006094
[2023-08-26T06:12:06.509+0000] {dag_etl.py:69} INFO - Loading user...
[2023-08-26T06:12:06.526+0000] {dag_etl.py:72} INFO - Complete load user: 0:00:00.016625
[2023-08-26T06:12:06.526+0000] {dag_etl.py:74} INFO - Loading space_ships...
[2023-08-26T06:12:06.546+0000] {dag_etl.py:77} INFO - Complete load space_ships: 0:00:00.019855
[2023-08-26T06:12:06.546+0000] {dag_etl.py:79} INFO - Loading drones...
[2023-08-26T06:12:06.561+0000] {dag_etl.py:82} INFO - Complete load drones: 0:00:00.015139
[2023-08-26T06:12:06.561+0000] {dag_etl.py:84} INFO - Loading pilots...
[2023-08-26T06:12:06.604+0000] {dag_etl.py:87} INFO - Complete load drones: 0:00:00.043653
[2023-08-26T06:12:06.605+0000] {dag_etl.py:89} INFO - Loading talents...
[2023-08-26T06:12:06.621+0000] {dag_etl.py:92} INFO - Complete load drones: 0:00:00.016643
[2023-08-26T06:12:06.622+0000] {dag_etl.py:94} INFO - Loading expert_items...
[2023-08-26T06:12:06.625+0000] {dag_etl.py:97} INFO - Complete load drones: 0:00:00.004130
[2023-08-26T06:12:06.626+0000] {dag_etl.py:99} INFO - Complete ETL Users in : 0:00:02.193967
[2023-08-26T06:12:06.627+0000] {python.py:194} INFO - Done. Returned value was: None
[2023-08-26T06:12:06.641+0000] {taskinstance.py:1400} INFO - Marking task as SUCCESS. dag_id=gaas_etl_1, task_id=etl_user, execution_date=20230826T061100, start_date=20230826T061203, end_date=20230826T061206
[2023-08-26T06:12:06.679+0000] {local_task_job_runner.py:228} INFO - Task exited with return code 0
[2023-08-26T06:12:06.710+0000] {taskinstance.py:2784} INFO - 0 downstream tasks scheduled from follow-on schedule check
