[2023-08-27T17:03:06.563+0000] {taskinstance.py:1159} INFO - Dependencies all met for dep_context=non-requeueable deps ti=<TaskInstance: gaas_etl_1.etl_user scheduled__2023-08-27T17:02:00+00:00 [queued]>
[2023-08-27T17:03:06.585+0000] {taskinstance.py:1159} INFO - Dependencies all met for dep_context=requeueable deps ti=<TaskInstance: gaas_etl_1.etl_user scheduled__2023-08-27T17:02:00+00:00 [queued]>
[2023-08-27T17:03:06.586+0000] {taskinstance.py:1361} INFO - Starting attempt 1 of 1
[2023-08-27T17:03:06.622+0000] {taskinstance.py:1382} INFO - Executing <Task(PythonOperator): etl_user> on 2023-08-27 17:02:00+00:00
[2023-08-27T17:03:06.630+0000] {standard_task_runner.py:57} INFO - Started process 433114 to run task
[2023-08-27T17:03:06.645+0000] {standard_task_runner.py:84} INFO - Running: ['airflow', 'tasks', 'run', 'gaas_etl_1', 'etl_user', 'scheduled__2023-08-27T17:02:00+00:00', '--job-id', '6660', '--raw', '--subdir', 'DAGS_FOLDER/dag_etl.py', '--cfg-path', '/tmp/tmp5253juhb']
[2023-08-27T17:03:06.655+0000] {standard_task_runner.py:85} INFO - Job 6660: Subtask etl_user
[2023-08-27T17:03:07.591+0000] {task_command.py:415} INFO - Running <TaskInstance: gaas_etl_1.etl_user scheduled__2023-08-27T17:02:00+00:00 [running]> on host data-system.us-central1-a.c.data-system-392010.internal
[2023-08-27T17:03:08.349+0000] {taskinstance.py:1660} INFO - Exporting env vars: AIRFLOW_CTX_DAG_EMAIL='hungnm15012002@gmail.com' AIRFLOW_CTX_DAG_OWNER='hungnm' AIRFLOW_CTX_DAG_ID='gaas_etl_1' AIRFLOW_CTX_TASK_ID='etl_user' AIRFLOW_CTX_EXECUTION_DATE='2023-08-27T17:02:00+00:00' AIRFLOW_CTX_TRY_NUMBER='1' AIRFLOW_CTX_DAG_RUN_ID='scheduled__2023-08-27T17:02:00+00:00'
[2023-08-27T17:03:08.374+0000] {dag_etl.py:28} INFO - Extracting user...
[2023-08-27T17:03:38.475+0000] {extract.py:50} ERROR - Request Exception Error : HTTPSConnectionPool(host='as1.abiteams.com', port=443): Read timed out. (read timeout=30)
[2023-08-27T17:03:38.486+0000] {dag_etl.py:31} INFO - Complete extract user: 0:00:30.112099
[2023-08-27T17:03:38.486+0000] {dag_etl.py:33} INFO - Extracting resource...
[2023-08-27T17:03:39.009+0000] {extract.py:36} INFO - Request time: 0:00:00.522181
[2023-08-27T17:03:39.009+0000] {extract.py:45} ERROR - Server GAAS error: 502
[2023-08-27T17:03:39.014+0000] {dag_etl.py:36} INFO - Complete extract resource: 0:00:00.528490
[2023-08-27T17:03:39.015+0000] {dag_etl.py:38} INFO - Transforming user...
[2023-08-27T17:03:39.019+0000] {dag_etl.py:107} ERROR - An Error Occur: 'int' object has no attribute 'merge'
[2023-08-27T17:03:39.020+0000] {python.py:194} INFO - Done. Returned value was: None
[2023-08-27T17:03:39.033+0000] {taskinstance.py:1400} INFO - Marking task as SUCCESS. dag_id=gaas_etl_1, task_id=etl_user, execution_date=20230827T170200, start_date=20230827T170306, end_date=20230827T170339
[2023-08-27T17:03:39.084+0000] {local_task_job_runner.py:228} INFO - Task exited with return code 0
[2023-08-27T17:03:39.108+0000] {taskinstance.py:2784} INFO - 0 downstream tasks scheduled from follow-on schedule check
