[2023-08-27T12:35:05.659+0000] {taskinstance.py:1159} INFO - Dependencies all met for dep_context=non-requeueable deps ti=<TaskInstance: gaas_etl_1.etl_user scheduled__2023-08-27T12:34:00+00:00 [queued]>
[2023-08-27T12:35:05.683+0000] {taskinstance.py:1159} INFO - Dependencies all met for dep_context=requeueable deps ti=<TaskInstance: gaas_etl_1.etl_user scheduled__2023-08-27T12:34:00+00:00 [queued]>
[2023-08-27T12:35:05.683+0000] {taskinstance.py:1361} INFO - Starting attempt 1 of 1
[2023-08-27T12:35:05.719+0000] {taskinstance.py:1382} INFO - Executing <Task(PythonOperator): etl_user> on 2023-08-27 12:34:00+00:00
[2023-08-27T12:35:05.733+0000] {standard_task_runner.py:57} INFO - Started process 404990 to run task
[2023-08-27T12:35:05.754+0000] {standard_task_runner.py:84} INFO - Running: ['airflow', 'tasks', 'run', 'gaas_etl_1', 'etl_user', 'scheduled__2023-08-27T12:34:00+00:00', '--job-id', '5856', '--raw', '--subdir', 'DAGS_FOLDER/dag_etl.py', '--cfg-path', '/tmp/tmp3yxkuyj5']
[2023-08-27T12:35:05.760+0000] {standard_task_runner.py:85} INFO - Job 5856: Subtask etl_user
[2023-08-27T12:35:06.974+0000] {task_command.py:415} INFO - Running <TaskInstance: gaas_etl_1.etl_user scheduled__2023-08-27T12:34:00+00:00 [running]> on host data-system.us-central1-a.c.data-system-392010.internal
[2023-08-27T12:35:07.719+0000] {taskinstance.py:1660} INFO - Exporting env vars: AIRFLOW_CTX_DAG_EMAIL='hungnm15012002@gmail.com' AIRFLOW_CTX_DAG_OWNER='hungnm' AIRFLOW_CTX_DAG_ID='gaas_etl_1' AIRFLOW_CTX_TASK_ID='etl_user' AIRFLOW_CTX_EXECUTION_DATE='2023-08-27T12:34:00+00:00' AIRFLOW_CTX_TRY_NUMBER='1' AIRFLOW_CTX_DAG_RUN_ID='scheduled__2023-08-27T12:34:00+00:00'
[2023-08-27T12:35:07.752+0000] {dag_etl.py:28} INFO - Extracting user...
[2023-08-27T12:35:14.407+0000] {extract.py:36} INFO - Request time: 0:00:06.654237
[2023-08-27T12:35:14.953+0000] {extract.py:42} INFO - Create DataFrame time: 0:00:00.545572
[2023-08-27T12:35:14.958+0000] {dag_etl.py:31} INFO - Complete extract user: 0:00:07.206492
[2023-08-27T12:35:14.960+0000] {dag_etl.py:33} INFO - Extracting resource...
[2023-08-27T12:35:18.875+0000] {extract.py:36} INFO - Request time: 0:00:03.914835
[2023-08-27T12:35:18.987+0000] {extract.py:42} INFO - Create DataFrame time: 0:00:00.110723
[2023-08-27T12:35:18.990+0000] {dag_etl.py:36} INFO - Complete extract resource: 0:00:04.031624
[2023-08-27T12:35:18.992+0000] {dag_etl.py:38} INFO - Transforming user...
[2023-08-27T12:35:19.266+0000] {dag_etl.py:42} INFO - Complete transform user: 0:00:00.276028
[2023-08-27T12:35:19.267+0000] {dag_etl.py:44} INFO - transform space_ships...
[2023-08-27T12:35:19.423+0000] {dag_etl.py:47} INFO - Complete transform space_ships: 0:00:00.156973
[2023-08-27T12:35:19.424+0000] {dag_etl.py:49} INFO - transform drones...
[2023-08-27T12:35:19.534+0000] {dag_etl.py:52} INFO - Complete transform drones: 0:00:00.111313
[2023-08-27T12:35:19.535+0000] {dag_etl.py:54} INFO - transform pilots...
[2023-08-27T12:35:19.614+0000] {dag_etl.py:57} INFO - Complete transform pilots: 0:00:00.079797
[2023-08-27T12:35:19.615+0000] {dag_etl.py:59} INFO - transform talents...
[2023-08-27T12:35:19.664+0000] {dag_etl.py:62} INFO - Complete transform talents: 0:00:00.049315
[2023-08-27T12:35:19.664+0000] {dag_etl.py:64} INFO - transform expert_items...
[2023-08-27T12:35:19.704+0000] {dag_etl.py:67} INFO - Complete transform expert_items: 0:00:00.040156
[2023-08-27T12:35:19.704+0000] {dag_etl.py:69} INFO - Loading user...
[2023-08-27T12:35:20.973+0000] {dag_etl.py:72} INFO - Complete load user: 0:00:01.269239
[2023-08-27T12:35:20.973+0000] {dag_etl.py:74} INFO - Loading space_ships...
[2023-08-27T12:35:22.590+0000] {dag_etl.py:77} INFO - Complete load space_ships: 0:00:01.616741
[2023-08-27T12:35:22.591+0000] {dag_etl.py:79} INFO - Loading drones...
[2023-08-27T12:35:24.257+0000] {dag_etl.py:82} INFO - Complete load drones: 0:00:01.667184
[2023-08-27T12:35:24.257+0000] {dag_etl.py:84} INFO - Loading pilots...
[2023-08-27T12:35:26.480+0000] {dag_etl.py:87} INFO - Complete load drones: 0:00:02.223546
[2023-08-27T12:35:26.481+0000] {dag_etl.py:89} INFO - Loading talents...
[2023-08-27T12:35:27.751+0000] {dag_etl.py:92} INFO - Complete load drones: 0:00:01.270339
[2023-08-27T12:35:27.751+0000] {dag_etl.py:94} INFO - Loading expert_items...
[2023-08-27T12:35:28.658+0000] {dag_etl.py:97} INFO - Complete load drones: 0:00:00.907077
[2023-08-27T12:35:28.658+0000] {dag_etl.py:99} INFO - Complete ETL Users in : 0:00:20.906423
[2023-08-27T12:35:28.702+0000] {python.py:194} INFO - Done. Returned value was: None
[2023-08-27T12:35:28.732+0000] {taskinstance.py:1400} INFO - Marking task as SUCCESS. dag_id=gaas_etl_1, task_id=etl_user, execution_date=20230827T123400, start_date=20230827T123505, end_date=20230827T123528
[2023-08-27T12:35:28.850+0000] {local_task_job_runner.py:228} INFO - Task exited with return code 0
[2023-08-27T12:35:28.899+0000] {taskinstance.py:2784} INFO - 0 downstream tasks scheduled from follow-on schedule check
