[2023-08-27T00:48:04.928+0000] {taskinstance.py:1159} INFO - Dependencies all met for dep_context=non-requeueable deps ti=<TaskInstance: gaas_etl_1.etl_user scheduled__2023-08-27T00:47:00+00:00 [queued]>
[2023-08-27T00:48:04.944+0000] {taskinstance.py:1159} INFO - Dependencies all met for dep_context=requeueable deps ti=<TaskInstance: gaas_etl_1.etl_user scheduled__2023-08-27T00:47:00+00:00 [queued]>
[2023-08-27T00:48:04.945+0000] {taskinstance.py:1361} INFO - Starting attempt 1 of 1
[2023-08-27T00:48:04.971+0000] {taskinstance.py:1382} INFO - Executing <Task(PythonOperator): etl_user> on 2023-08-27 00:47:00+00:00
[2023-08-27T00:48:04.980+0000] {standard_task_runner.py:57} INFO - Started process 340764 to run task
[2023-08-27T00:48:04.994+0000] {standard_task_runner.py:84} INFO - Running: ['airflow', 'tasks', 'run', 'gaas_etl_1', 'etl_user', 'scheduled__2023-08-27T00:47:00+00:00', '--job-id', '3734', '--raw', '--subdir', 'DAGS_FOLDER/dag_etl.py', '--cfg-path', '/tmp/tmpzk5wk5yu']
[2023-08-27T00:48:04.999+0000] {standard_task_runner.py:85} INFO - Job 3734: Subtask etl_user
[2023-08-27T00:48:05.280+0000] {task_command.py:415} INFO - Running <TaskInstance: gaas_etl_1.etl_user scheduled__2023-08-27T00:47:00+00:00 [running]> on host data-system.us-central1-a.c.data-system-392010.internal
[2023-08-27T00:48:05.646+0000] {taskinstance.py:1660} INFO - Exporting env vars: AIRFLOW_CTX_DAG_EMAIL='hungnm15012002@gmail.com' AIRFLOW_CTX_DAG_OWNER='hungnm' AIRFLOW_CTX_DAG_ID='gaas_etl_1' AIRFLOW_CTX_TASK_ID='etl_user' AIRFLOW_CTX_EXECUTION_DATE='2023-08-27T00:47:00+00:00' AIRFLOW_CTX_TRY_NUMBER='1' AIRFLOW_CTX_DAG_RUN_ID='scheduled__2023-08-27T00:47:00+00:00'
[2023-08-27T00:48:05.667+0000] {dag_etl.py:28} INFO - Extracting user...
[2023-08-27T00:48:09.171+0000] {extract.py:36} INFO - Request time: 0:00:03.504398
[2023-08-27T00:48:09.562+0000] {extract.py:42} INFO - Create DataFrame time: 0:00:00.389920
[2023-08-27T00:48:09.565+0000] {dag_etl.py:31} INFO - Complete extract user: 0:00:03.898304
[2023-08-27T00:48:09.566+0000] {dag_etl.py:33} INFO - Extracting resource...
[2023-08-27T00:48:11.077+0000] {extract.py:36} INFO - Request time: 0:00:01.510792
[2023-08-27T00:48:11.125+0000] {extract.py:42} INFO - Create DataFrame time: 0:00:00.047430
[2023-08-27T00:48:11.128+0000] {dag_etl.py:36} INFO - Complete extract resource: 0:00:01.563074
[2023-08-27T00:48:11.129+0000] {dag_etl.py:38} INFO - Transforming user...
[2023-08-27T00:48:11.304+0000] {dag_etl.py:42} INFO - Complete transform user: 0:00:00.176319
[2023-08-27T00:48:11.305+0000] {dag_etl.py:44} INFO - transform space_ships...
[2023-08-27T00:48:11.425+0000] {dag_etl.py:47} INFO - Complete transform space_ships: 0:00:00.121027
[2023-08-27T00:48:11.426+0000] {dag_etl.py:49} INFO - transform drones...
[2023-08-27T00:48:11.511+0000] {dag_etl.py:52} INFO - Complete transform drones: 0:00:00.085866
[2023-08-27T00:48:11.512+0000] {dag_etl.py:54} INFO - transform pilots...
[2023-08-27T00:48:11.563+0000] {dag_etl.py:57} INFO - Complete transform pilots: 0:00:00.051953
[2023-08-27T00:48:11.564+0000] {dag_etl.py:59} INFO - transform talents...
[2023-08-27T00:48:11.590+0000] {dag_etl.py:62} INFO - Complete transform talents: 0:00:00.026424
[2023-08-27T00:48:11.590+0000] {dag_etl.py:64} INFO - transform expert_items...
[2023-08-27T00:48:11.617+0000] {dag_etl.py:67} INFO - Complete transform expert_items: 0:00:00.027153
[2023-08-27T00:48:11.617+0000] {dag_etl.py:69} INFO - Loading user...
[2023-08-27T00:48:12.370+0000] {dag_etl.py:72} INFO - Complete load user: 0:00:00.752824
[2023-08-27T00:48:12.370+0000] {dag_etl.py:74} INFO - Loading space_ships...
[2023-08-27T00:48:13.377+0000] {dag_etl.py:77} INFO - Complete load space_ships: 0:00:01.007981
[2023-08-27T00:48:13.378+0000] {dag_etl.py:79} INFO - Loading drones...
[2023-08-27T00:48:14.245+0000] {dag_etl.py:82} INFO - Complete load drones: 0:00:00.867282
[2023-08-27T00:48:14.245+0000] {dag_etl.py:84} INFO - Loading pilots...
[2023-08-27T00:48:16.434+0000] {dag_etl.py:87} INFO - Complete load drones: 0:00:02.189638
[2023-08-27T00:48:16.435+0000] {dag_etl.py:89} INFO - Loading talents...
[2023-08-27T00:48:17.699+0000] {dag_etl.py:92} INFO - Complete load drones: 0:00:01.264368
[2023-08-27T00:48:17.699+0000] {dag_etl.py:94} INFO - Loading expert_items...
[2023-08-27T00:48:18.295+0000] {dag_etl.py:97} INFO - Complete load drones: 0:00:00.596661
[2023-08-27T00:48:18.296+0000] {dag_etl.py:99} INFO - Complete ETL Users in : 0:00:12.629514
[2023-08-27T00:48:18.330+0000] {python.py:194} INFO - Done. Returned value was: None
[2023-08-27T00:48:18.350+0000] {taskinstance.py:1400} INFO - Marking task as SUCCESS. dag_id=gaas_etl_1, task_id=etl_user, execution_date=20230827T004700, start_date=20230827T004804, end_date=20230827T004818
[2023-08-27T00:48:18.445+0000] {local_task_job_runner.py:228} INFO - Task exited with return code 0
[2023-08-27T00:48:18.482+0000] {taskinstance.py:2784} INFO - 0 downstream tasks scheduled from follow-on schedule check
