[2023-08-26T11:05:04.366+0000] {taskinstance.py:1159} INFO - Dependencies all met for dep_context=non-requeueable deps ti=<TaskInstance: gaas_etl_1.etl_user scheduled__2023-08-26T11:04:00+00:00 [queued]>
[2023-08-26T11:05:04.397+0000] {taskinstance.py:1159} INFO - Dependencies all met for dep_context=requeueable deps ti=<TaskInstance: gaas_etl_1.etl_user scheduled__2023-08-26T11:04:00+00:00 [queued]>
[2023-08-26T11:05:04.398+0000] {taskinstance.py:1361} INFO - Starting attempt 1 of 1
[2023-08-26T11:05:04.443+0000] {taskinstance.py:1382} INFO - Executing <Task(PythonOperator): etl_user> on 2023-08-26 11:04:00+00:00
[2023-08-26T11:05:04.460+0000] {standard_task_runner.py:57} INFO - Started process 306919 to run task
[2023-08-26T11:05:04.478+0000] {standard_task_runner.py:84} INFO - Running: ['airflow', 'tasks', 'run', 'gaas_etl_1', 'etl_user', 'scheduled__2023-08-26T11:04:00+00:00', '--job-id', '1265', '--raw', '--subdir', 'DAGS_FOLDER/dag_etl.py', '--cfg-path', '/tmp/tmpe9ygibql']
[2023-08-26T11:05:04.485+0000] {standard_task_runner.py:85} INFO - Job 1265: Subtask etl_user
[2023-08-26T11:05:04.741+0000] {task_command.py:415} INFO - Running <TaskInstance: gaas_etl_1.etl_user scheduled__2023-08-26T11:04:00+00:00 [running]> on host data-system.us-central1-a.c.data-system-392010.internal
[2023-08-26T11:05:05.207+0000] {taskinstance.py:1660} INFO - Exporting env vars: AIRFLOW_CTX_DAG_EMAIL='hungnm15012002@gmail.com' AIRFLOW_CTX_DAG_OWNER='hungnm' AIRFLOW_CTX_DAG_ID='gaas_etl_1' AIRFLOW_CTX_TASK_ID='etl_user' AIRFLOW_CTX_EXECUTION_DATE='2023-08-26T11:04:00+00:00' AIRFLOW_CTX_TRY_NUMBER='1' AIRFLOW_CTX_DAG_RUN_ID='scheduled__2023-08-26T11:04:00+00:00'
[2023-08-26T11:05:05.229+0000] {dag_etl.py:28} INFO - Extracting user...
[2023-08-26T11:05:10.423+0000] {extract.py:36} INFO - Request time: 0:00:05.194276
[2023-08-26T11:05:10.969+0000] {extract.py:42} INFO - Create DataFrame time: 0:00:00.544246
[2023-08-26T11:05:10.974+0000] {dag_etl.py:31} INFO - Complete extract user: 0:00:05.744918
[2023-08-26T11:05:10.975+0000] {dag_etl.py:33} INFO - Extracting resource...
[2023-08-26T11:05:12.977+0000] {extract.py:36} INFO - Request time: 0:00:02.001747
[2023-08-26T11:05:13.055+0000] {extract.py:42} INFO - Create DataFrame time: 0:00:00.077277
[2023-08-26T11:05:13.058+0000] {dag_etl.py:36} INFO - Complete extract resource: 0:00:02.084759
[2023-08-26T11:05:13.060+0000] {dag_etl.py:38} INFO - Transforming user...
[2023-08-26T11:05:13.493+0000] {dag_etl.py:42} INFO - Complete transform user: 0:00:00.434785
[2023-08-26T11:05:13.499+0000] {dag_etl.py:44} INFO - transform space_ships...
[2023-08-26T11:05:13.969+0000] {dag_etl.py:47} INFO - Complete transform space_ships: 0:00:00.475899
[2023-08-26T11:05:13.970+0000] {dag_etl.py:49} INFO - transform drones...
[2023-08-26T11:05:14.213+0000] {dag_etl.py:52} INFO - Complete transform drones: 0:00:00.244064
[2023-08-26T11:05:14.214+0000] {dag_etl.py:54} INFO - transform pilots...
[2023-08-26T11:05:14.412+0000] {dag_etl.py:57} INFO - Complete transform pilots: 0:00:00.199270
[2023-08-26T11:05:14.414+0000] {dag_etl.py:59} INFO - transform talents...
[2023-08-26T11:05:14.485+0000] {dag_etl.py:62} INFO - Complete transform talents: 0:00:00.072749
[2023-08-26T11:05:14.486+0000] {dag_etl.py:64} INFO - transform expert_items...
[2023-08-26T11:05:14.524+0000] {dag_etl.py:67} INFO - Complete transform expert_items: 0:00:00.038626
[2023-08-26T11:05:14.525+0000] {dag_etl.py:69} INFO - Loading user...
[2023-08-26T11:05:15.144+0000] {dag_etl.py:72} INFO - Complete load user: 0:00:00.619909
[2023-08-26T11:05:15.144+0000] {dag_etl.py:74} INFO - Loading space_ships...
[2023-08-26T11:05:17.205+0000] {dag_etl.py:77} INFO - Complete load space_ships: 0:00:02.061377
[2023-08-26T11:05:17.206+0000] {dag_etl.py:79} INFO - Loading drones...
[2023-08-26T11:05:19.473+0000] {dag_etl.py:82} INFO - Complete load drones: 0:00:02.267740
[2023-08-26T11:05:19.473+0000] {dag_etl.py:84} INFO - Loading pilots...
[2023-08-26T11:05:22.694+0000] {dag_etl.py:87} INFO - Complete load drones: 0:00:03.221756
[2023-08-26T11:05:22.695+0000] {dag_etl.py:89} INFO - Loading talents...
[2023-08-26T11:05:24.462+0000] {dag_etl.py:92} INFO - Complete load drones: 0:00:01.767864
[2023-08-26T11:05:24.464+0000] {dag_etl.py:94} INFO - Loading expert_items...
[2023-08-26T11:05:25.085+0000] {dag_etl.py:97} INFO - Complete load drones: 0:00:00.622448
[2023-08-26T11:05:25.085+0000] {dag_etl.py:99} INFO - Complete ETL Users in : 0:00:19.856873
[2023-08-26T11:05:25.142+0000] {python.py:194} INFO - Done. Returned value was: None
[2023-08-26T11:05:25.165+0000] {taskinstance.py:1400} INFO - Marking task as SUCCESS. dag_id=gaas_etl_1, task_id=etl_user, execution_date=20230826T110400, start_date=20230826T110504, end_date=20230826T110525
[2023-08-26T11:05:25.247+0000] {local_task_job_runner.py:228} INFO - Task exited with return code 0
[2023-08-26T11:05:25.299+0000] {taskinstance.py:2784} INFO - 0 downstream tasks scheduled from follow-on schedule check
