[2023-08-27T10:57:04.935+0000] {taskinstance.py:1159} INFO - Dependencies all met for dep_context=non-requeueable deps ti=<TaskInstance: gaas_etl_1.etl_user scheduled__2023-08-27T10:56:00+00:00 [queued]>
[2023-08-27T10:57:04.958+0000] {taskinstance.py:1159} INFO - Dependencies all met for dep_context=requeueable deps ti=<TaskInstance: gaas_etl_1.etl_user scheduled__2023-08-27T10:56:00+00:00 [queued]>
[2023-08-27T10:57:04.959+0000] {taskinstance.py:1361} INFO - Starting attempt 1 of 1
[2023-08-27T10:57:05.074+0000] {taskinstance.py:1382} INFO - Executing <Task(PythonOperator): etl_user> on 2023-08-27 10:56:00+00:00
[2023-08-27T10:57:05.085+0000] {standard_task_runner.py:57} INFO - Started process 393646 to run task
[2023-08-27T10:57:05.101+0000] {standard_task_runner.py:84} INFO - Running: ['airflow', 'tasks', 'run', 'gaas_etl_1', 'etl_user', 'scheduled__2023-08-27T10:56:00+00:00', '--job-id', '5561', '--raw', '--subdir', 'DAGS_FOLDER/dag_etl.py', '--cfg-path', '/tmp/tmp_jfpb7uo']
[2023-08-27T10:57:05.107+0000] {standard_task_runner.py:85} INFO - Job 5561: Subtask etl_user
[2023-08-27T10:57:05.849+0000] {task_command.py:415} INFO - Running <TaskInstance: gaas_etl_1.etl_user scheduled__2023-08-27T10:56:00+00:00 [running]> on host data-system.us-central1-a.c.data-system-392010.internal
[2023-08-27T10:57:06.304+0000] {taskinstance.py:1660} INFO - Exporting env vars: AIRFLOW_CTX_DAG_EMAIL='hungnm15012002@gmail.com' AIRFLOW_CTX_DAG_OWNER='hungnm' AIRFLOW_CTX_DAG_ID='gaas_etl_1' AIRFLOW_CTX_TASK_ID='etl_user' AIRFLOW_CTX_EXECUTION_DATE='2023-08-27T10:56:00+00:00' AIRFLOW_CTX_TRY_NUMBER='1' AIRFLOW_CTX_DAG_RUN_ID='scheduled__2023-08-27T10:56:00+00:00'
[2023-08-27T10:57:06.323+0000] {dag_etl.py:28} INFO - Extracting user...
[2023-08-27T10:57:12.215+0000] {extract.py:36} INFO - Request time: 0:00:05.890368
[2023-08-27T10:57:13.313+0000] {extract.py:42} INFO - Create DataFrame time: 0:00:01.096409
[2023-08-27T10:57:13.318+0000] {dag_etl.py:31} INFO - Complete extract user: 0:00:06.994456
[2023-08-27T10:57:13.319+0000] {dag_etl.py:33} INFO - Extracting resource...
[2023-08-27T10:57:15.370+0000] {extract.py:36} INFO - Request time: 0:00:02.050206
[2023-08-27T10:57:15.561+0000] {extract.py:42} INFO - Create DataFrame time: 0:00:00.190006
[2023-08-27T10:57:15.572+0000] {dag_etl.py:36} INFO - Complete extract resource: 0:00:02.254346
[2023-08-27T10:57:15.574+0000] {dag_etl.py:38} INFO - Transforming user...
[2023-08-27T10:57:16.027+0000] {dag_etl.py:42} INFO - Complete transform user: 0:00:00.454582
[2023-08-27T10:57:16.028+0000] {dag_etl.py:44} INFO - transform space_ships...
[2023-08-27T10:57:16.250+0000] {dag_etl.py:47} INFO - Complete transform space_ships: 0:00:00.223108
[2023-08-27T10:57:16.251+0000] {dag_etl.py:49} INFO - transform drones...
[2023-08-27T10:57:16.403+0000] {dag_etl.py:52} INFO - Complete transform drones: 0:00:00.153325
[2023-08-27T10:57:16.404+0000] {dag_etl.py:54} INFO - transform pilots...
[2023-08-27T10:57:16.516+0000] {dag_etl.py:57} INFO - Complete transform pilots: 0:00:00.112507
[2023-08-27T10:57:16.517+0000] {dag_etl.py:59} INFO - transform talents...
[2023-08-27T10:57:16.567+0000] {dag_etl.py:62} INFO - Complete transform talents: 0:00:00.051436
[2023-08-27T10:57:16.568+0000] {dag_etl.py:64} INFO - transform expert_items...
[2023-08-27T10:57:16.610+0000] {dag_etl.py:67} INFO - Complete transform expert_items: 0:00:00.042966
[2023-08-27T10:57:16.611+0000] {dag_etl.py:69} INFO - Loading user...
[2023-08-27T10:57:18.244+0000] {dag_etl.py:72} INFO - Complete load user: 0:00:01.634123
[2023-08-27T10:57:18.245+0000] {dag_etl.py:74} INFO - Loading space_ships...
[2023-08-27T10:57:21.316+0000] {dag_etl.py:77} INFO - Complete load space_ships: 0:00:03.071809
[2023-08-27T10:57:21.317+0000] {dag_etl.py:79} INFO - Loading drones...
[2023-08-27T10:57:23.287+0000] {dag_etl.py:82} INFO - Complete load drones: 0:00:01.970746
[2023-08-27T10:57:23.288+0000] {dag_etl.py:84} INFO - Loading pilots...
[2023-08-27T10:57:26.236+0000] {dag_etl.py:87} INFO - Complete load drones: 0:00:02.949530
[2023-08-27T10:57:26.237+0000] {dag_etl.py:89} INFO - Loading talents...
[2023-08-27T10:57:28.343+0000] {dag_etl.py:92} INFO - Complete load drones: 0:00:02.106957
[2023-08-27T10:57:28.344+0000] {dag_etl.py:94} INFO - Loading expert_items...
[2023-08-27T10:57:29.645+0000] {dag_etl.py:97} INFO - Complete load drones: 0:00:01.301803
[2023-08-27T10:57:29.646+0000] {dag_etl.py:99} INFO - Complete ETL Users in : 0:00:23.322238
[2023-08-27T10:57:29.690+0000] {python.py:194} INFO - Done. Returned value was: None
[2023-08-27T10:57:29.709+0000] {taskinstance.py:1400} INFO - Marking task as SUCCESS. dag_id=gaas_etl_1, task_id=etl_user, execution_date=20230827T105600, start_date=20230827T105704, end_date=20230827T105729
[2023-08-27T10:57:29.796+0000] {local_task_job_runner.py:228} INFO - Task exited with return code 0
[2023-08-27T10:57:29.847+0000] {taskinstance.py:2784} INFO - 0 downstream tasks scheduled from follow-on schedule check
