[2023-08-27T08:08:05.610+0000] {taskinstance.py:1159} INFO - Dependencies all met for dep_context=non-requeueable deps ti=<TaskInstance: gaas_etl_1.etl_user scheduled__2023-08-27T08:07:00+00:00 [queued]>
[2023-08-27T08:08:05.633+0000] {taskinstance.py:1159} INFO - Dependencies all met for dep_context=requeueable deps ti=<TaskInstance: gaas_etl_1.etl_user scheduled__2023-08-27T08:07:00+00:00 [queued]>
[2023-08-27T08:08:05.634+0000] {taskinstance.py:1361} INFO - Starting attempt 1 of 1
[2023-08-27T08:08:05.666+0000] {taskinstance.py:1382} INFO - Executing <Task(PythonOperator): etl_user> on 2023-08-27 08:07:00+00:00
[2023-08-27T08:08:05.677+0000] {standard_task_runner.py:57} INFO - Started process 377194 to run task
[2023-08-27T08:08:05.692+0000] {standard_task_runner.py:84} INFO - Running: ['airflow', 'tasks', 'run', 'gaas_etl_1', 'etl_user', 'scheduled__2023-08-27T08:07:00+00:00', '--job-id', '5053', '--raw', '--subdir', 'DAGS_FOLDER/dag_etl.py', '--cfg-path', '/tmp/tmpneyhww2m']
[2023-08-27T08:08:05.698+0000] {standard_task_runner.py:85} INFO - Job 5053: Subtask etl_user
[2023-08-27T08:08:06.058+0000] {task_command.py:415} INFO - Running <TaskInstance: gaas_etl_1.etl_user scheduled__2023-08-27T08:07:00+00:00 [running]> on host data-system.us-central1-a.c.data-system-392010.internal
[2023-08-27T08:08:06.731+0000] {taskinstance.py:1660} INFO - Exporting env vars: AIRFLOW_CTX_DAG_EMAIL='hungnm15012002@gmail.com' AIRFLOW_CTX_DAG_OWNER='hungnm' AIRFLOW_CTX_DAG_ID='gaas_etl_1' AIRFLOW_CTX_TASK_ID='etl_user' AIRFLOW_CTX_EXECUTION_DATE='2023-08-27T08:07:00+00:00' AIRFLOW_CTX_TRY_NUMBER='1' AIRFLOW_CTX_DAG_RUN_ID='scheduled__2023-08-27T08:07:00+00:00'
[2023-08-27T08:08:06.753+0000] {dag_etl.py:28} INFO - Extracting user...
[2023-08-27T08:08:23.861+0000] {extract.py:36} INFO - Request time: 0:00:17.106870
[2023-08-27T08:08:24.987+0000] {extract.py:42} INFO - Create DataFrame time: 0:00:01.125634
[2023-08-27T08:08:24.995+0000] {dag_etl.py:31} INFO - Complete extract user: 0:00:18.241866
[2023-08-27T08:08:24.997+0000] {dag_etl.py:33} INFO - Extracting resource...
[2023-08-27T08:08:35.621+0000] {extract.py:36} INFO - Request time: 0:00:10.624083
[2023-08-27T08:08:35.701+0000] {extract.py:42} INFO - Create DataFrame time: 0:00:00.079399
[2023-08-27T08:08:35.703+0000] {dag_etl.py:36} INFO - Complete extract resource: 0:00:10.708143
[2023-08-27T08:08:35.704+0000] {dag_etl.py:38} INFO - Transforming user...
[2023-08-27T08:08:35.970+0000] {dag_etl.py:42} INFO - Complete transform user: 0:00:00.267196
[2023-08-27T08:08:35.971+0000] {dag_etl.py:44} INFO - transform space_ships...
[2023-08-27T08:08:36.205+0000] {dag_etl.py:47} INFO - Complete transform space_ships: 0:00:00.234618
[2023-08-27T08:08:36.205+0000] {dag_etl.py:49} INFO - transform drones...
[2023-08-27T08:08:36.347+0000] {dag_etl.py:52} INFO - Complete transform drones: 0:00:00.142326
[2023-08-27T08:08:36.348+0000] {dag_etl.py:54} INFO - transform pilots...
[2023-08-27T08:08:36.446+0000] {dag_etl.py:57} INFO - Complete transform pilots: 0:00:00.098758
[2023-08-27T08:08:36.446+0000] {dag_etl.py:59} INFO - transform talents...
[2023-08-27T08:08:36.490+0000] {dag_etl.py:62} INFO - Complete transform talents: 0:00:00.043494
[2023-08-27T08:08:36.490+0000] {dag_etl.py:64} INFO - transform expert_items...
[2023-08-27T08:08:36.540+0000] {dag_etl.py:67} INFO - Complete transform expert_items: 0:00:00.050442
[2023-08-27T08:08:36.540+0000] {dag_etl.py:69} INFO - Loading user...
[2023-08-27T08:08:39.228+0000] {dag_etl.py:72} INFO - Complete load user: 0:00:02.688307
[2023-08-27T08:08:39.229+0000] {dag_etl.py:74} INFO - Loading space_ships...
[2023-08-27T08:08:42.716+0000] {dag_etl.py:77} INFO - Complete load space_ships: 0:00:03.487768
[2023-08-27T08:08:42.717+0000] {dag_etl.py:79} INFO - Loading drones...
[2023-08-27T08:08:45.279+0000] {dag_etl.py:82} INFO - Complete load drones: 0:00:02.563165
[2023-08-27T08:08:45.280+0000] {dag_etl.py:84} INFO - Loading pilots...
[2023-08-27T08:08:49.136+0000] {dag_etl.py:87} INFO - Complete load drones: 0:00:03.856471
[2023-08-27T08:08:49.136+0000] {dag_etl.py:89} INFO - Loading talents...
[2023-08-27T08:08:51.603+0000] {dag_etl.py:92} INFO - Complete load drones: 0:00:02.466886
[2023-08-27T08:08:51.603+0000] {dag_etl.py:94} INFO - Loading expert_items...
[2023-08-27T08:08:53.358+0000] {dag_etl.py:97} INFO - Complete load drones: 0:00:01.755343
[2023-08-27T08:08:53.359+0000] {dag_etl.py:99} INFO - Complete ETL Users in : 0:00:46.605441
[2023-08-27T08:08:53.404+0000] {python.py:194} INFO - Done. Returned value was: None
[2023-08-27T08:08:53.422+0000] {taskinstance.py:1400} INFO - Marking task as SUCCESS. dag_id=gaas_etl_1, task_id=etl_user, execution_date=20230827T080700, start_date=20230827T080805, end_date=20230827T080853
[2023-08-27T08:08:53.493+0000] {local_task_job_runner.py:228} INFO - Task exited with return code 0
[2023-08-27T08:08:53.516+0000] {taskinstance.py:2784} INFO - 0 downstream tasks scheduled from follow-on schedule check
