[2023-08-28T00:04:06.655+0000] {taskinstance.py:1159} INFO - Dependencies all met for dep_context=non-requeueable deps ti=<TaskInstance: gaas_etl_1.etl_user scheduled__2023-08-28T00:03:00+00:00 [queued]>
[2023-08-28T00:04:06.672+0000] {taskinstance.py:1159} INFO - Dependencies all met for dep_context=requeueable deps ti=<TaskInstance: gaas_etl_1.etl_user scheduled__2023-08-28T00:03:00+00:00 [queued]>
[2023-08-28T00:04:06.672+0000] {taskinstance.py:1361} INFO - Starting attempt 1 of 1
[2023-08-28T00:04:06.702+0000] {taskinstance.py:1382} INFO - Executing <Task(PythonOperator): etl_user> on 2023-08-28 00:03:00+00:00
[2023-08-28T00:04:06.716+0000] {standard_task_runner.py:57} INFO - Started process 477348 to run task
[2023-08-28T00:04:06.727+0000] {standard_task_runner.py:84} INFO - Running: ['airflow', 'tasks', 'run', 'gaas_etl_1', 'etl_user', 'scheduled__2023-08-28T00:03:00+00:00', '--job-id', '7922', '--raw', '--subdir', 'DAGS_FOLDER/dag_etl.py', '--cfg-path', '/tmp/tmp3ftjyzdq']
[2023-08-28T00:04:06.733+0000] {standard_task_runner.py:85} INFO - Job 7922: Subtask etl_user
[2023-08-28T00:04:07.545+0000] {task_command.py:415} INFO - Running <TaskInstance: gaas_etl_1.etl_user scheduled__2023-08-28T00:03:00+00:00 [running]> on host data-system.us-central1-a.c.data-system-392010.internal
[2023-08-28T00:04:08.326+0000] {taskinstance.py:1660} INFO - Exporting env vars: AIRFLOW_CTX_DAG_EMAIL='hungnm15012002@gmail.com' AIRFLOW_CTX_DAG_OWNER='hungnm' AIRFLOW_CTX_DAG_ID='gaas_etl_1' AIRFLOW_CTX_TASK_ID='etl_user' AIRFLOW_CTX_EXECUTION_DATE='2023-08-28T00:03:00+00:00' AIRFLOW_CTX_TRY_NUMBER='1' AIRFLOW_CTX_DAG_RUN_ID='scheduled__2023-08-28T00:03:00+00:00'
[2023-08-28T00:04:08.385+0000] {dag_etl.py:28} INFO - Extracting user...
[2023-08-28T00:04:11.712+0000] {extract.py:36} INFO - Request time: 0:00:03.326610
[2023-08-28T00:04:12.031+0000] {extract.py:42} INFO - Create DataFrame time: 0:00:00.318202
[2023-08-28T00:04:12.034+0000] {dag_etl.py:31} INFO - Complete extract user: 0:00:03.648832
[2023-08-28T00:04:12.035+0000] {dag_etl.py:33} INFO - Extracting resource...
[2023-08-28T00:04:13.860+0000] {extract.py:36} INFO - Request time: 0:00:01.825058
[2023-08-28T00:04:13.929+0000] {extract.py:42} INFO - Create DataFrame time: 0:00:00.068664
[2023-08-28T00:04:13.939+0000] {dag_etl.py:36} INFO - Complete extract resource: 0:00:01.905495
[2023-08-28T00:04:13.940+0000] {dag_etl.py:38} INFO - Transforming user...
[2023-08-28T00:04:14.165+0000] {dag_etl.py:42} INFO - Complete transform user: 0:00:00.225708
[2023-08-28T00:04:14.166+0000] {dag_etl.py:44} INFO - transform space_ships...
[2023-08-28T00:04:14.316+0000] {dag_etl.py:47} INFO - Complete transform space_ships: 0:00:00.151168
[2023-08-28T00:04:14.317+0000] {dag_etl.py:49} INFO - transform drones...
[2023-08-28T00:04:14.406+0000] {dag_etl.py:52} INFO - Complete transform drones: 0:00:00.089444
[2023-08-28T00:04:14.406+0000] {dag_etl.py:54} INFO - transform pilots...
[2023-08-28T00:04:14.455+0000] {dag_etl.py:57} INFO - Complete transform pilots: 0:00:00.049353
[2023-08-28T00:04:14.455+0000] {dag_etl.py:59} INFO - transform talents...
[2023-08-28T00:04:14.513+0000] {dag_etl.py:62} INFO - Complete transform talents: 0:00:00.058021
[2023-08-28T00:04:14.513+0000] {dag_etl.py:64} INFO - transform expert_items...
[2023-08-28T00:04:14.558+0000] {dag_etl.py:67} INFO - Complete transform expert_items: 0:00:00.045071
[2023-08-28T00:04:14.558+0000] {dag_etl.py:69} INFO - Loading user...
[2023-08-28T00:04:15.293+0000] {dag_etl.py:72} INFO - Complete load user: 0:00:00.734427
[2023-08-28T00:04:15.293+0000] {dag_etl.py:74} INFO - Loading space_ships...
[2023-08-28T00:04:16.344+0000] {dag_etl.py:77} INFO - Complete load space_ships: 0:00:01.051682
[2023-08-28T00:04:16.345+0000] {dag_etl.py:79} INFO - Loading drones...
[2023-08-28T00:04:17.089+0000] {dag_etl.py:82} INFO - Complete load drones: 0:00:00.745142
[2023-08-28T00:04:17.090+0000] {dag_etl.py:84} INFO - Loading pilots...
[2023-08-28T00:04:18.804+0000] {dag_etl.py:87} INFO - Complete load drones: 0:00:01.714685
[2023-08-28T00:04:18.804+0000] {dag_etl.py:89} INFO - Loading talents...
[2023-08-28T00:04:19.662+0000] {dag_etl.py:92} INFO - Complete load drones: 0:00:00.858354
[2023-08-28T00:04:19.663+0000] {dag_etl.py:94} INFO - Loading expert_items...
[2023-08-28T00:04:20.197+0000] {dag_etl.py:97} INFO - Complete load drones: 0:00:00.534932
[2023-08-28T00:04:20.198+0000] {dag_etl.py:99} INFO - Complete ETL Users in : 0:00:11.812882
[2023-08-28T00:04:20.211+0000] {python.py:194} INFO - Done. Returned value was: None
[2023-08-28T00:04:20.230+0000] {taskinstance.py:1400} INFO - Marking task as SUCCESS. dag_id=gaas_etl_1, task_id=etl_user, execution_date=20230828T000300, start_date=20230828T000406, end_date=20230828T000420
[2023-08-28T00:04:20.347+0000] {local_task_job_runner.py:228} INFO - Task exited with return code 0
[2023-08-28T00:04:20.391+0000] {taskinstance.py:2784} INFO - 0 downstream tasks scheduled from follow-on schedule check
