[2023-08-27T03:29:08.353+0000] {taskinstance.py:1159} INFO - Dependencies all met for dep_context=non-requeueable deps ti=<TaskInstance: gaas_etl_1.etl_user scheduled__2023-08-27T03:28:00+00:00 [queued]>
[2023-08-27T03:29:08.420+0000] {taskinstance.py:1159} INFO - Dependencies all met for dep_context=requeueable deps ti=<TaskInstance: gaas_etl_1.etl_user scheduled__2023-08-27T03:28:00+00:00 [queued]>
[2023-08-27T03:29:08.422+0000] {taskinstance.py:1361} INFO - Starting attempt 1 of 1
[2023-08-27T03:29:08.501+0000] {taskinstance.py:1382} INFO - Executing <Task(PythonOperator): etl_user> on 2023-08-27 03:28:00+00:00
[2023-08-27T03:29:08.541+0000] {standard_task_runner.py:57} INFO - Started process 352669 to run task
[2023-08-27T03:29:08.581+0000] {standard_task_runner.py:84} INFO - Running: ['airflow', 'tasks', 'run', 'gaas_etl_1', 'etl_user', 'scheduled__2023-08-27T03:28:00+00:00', '--job-id', '4216', '--raw', '--subdir', 'DAGS_FOLDER/dag_etl.py', '--cfg-path', '/tmp/tmp2zq2ju20']
[2023-08-27T03:29:08.601+0000] {standard_task_runner.py:85} INFO - Job 4216: Subtask etl_user
[2023-08-27T03:29:09.504+0000] {task_command.py:415} INFO - Running <TaskInstance: gaas_etl_1.etl_user scheduled__2023-08-27T03:28:00+00:00 [running]> on host data-system.us-central1-a.c.data-system-392010.internal
[2023-08-27T03:29:10.908+0000] {taskinstance.py:1660} INFO - Exporting env vars: AIRFLOW_CTX_DAG_EMAIL='hungnm15012002@gmail.com' AIRFLOW_CTX_DAG_OWNER='hungnm' AIRFLOW_CTX_DAG_ID='gaas_etl_1' AIRFLOW_CTX_TASK_ID='etl_user' AIRFLOW_CTX_EXECUTION_DATE='2023-08-27T03:28:00+00:00' AIRFLOW_CTX_TRY_NUMBER='1' AIRFLOW_CTX_DAG_RUN_ID='scheduled__2023-08-27T03:28:00+00:00'
[2023-08-27T03:29:10.949+0000] {dag_etl.py:28} INFO - Extracting user...
[2023-08-27T03:29:15.002+0000] {extract.py:36} INFO - Request time: 0:00:04.052819
[2023-08-27T03:29:15.330+0000] {extract.py:42} INFO - Create DataFrame time: 0:00:00.326988
[2023-08-27T03:29:15.335+0000] {dag_etl.py:31} INFO - Complete extract user: 0:00:04.385948
[2023-08-27T03:29:15.336+0000] {dag_etl.py:33} INFO - Extracting resource...
[2023-08-27T03:29:16.988+0000] {extract.py:36} INFO - Request time: 0:00:01.650815
[2023-08-27T03:29:17.035+0000] {extract.py:42} INFO - Create DataFrame time: 0:00:00.046866
[2023-08-27T03:29:17.038+0000] {dag_etl.py:36} INFO - Complete extract resource: 0:00:01.703489
[2023-08-27T03:29:17.040+0000] {dag_etl.py:38} INFO - Transforming user...
[2023-08-27T03:29:17.204+0000] {dag_etl.py:42} INFO - Complete transform user: 0:00:00.165693
[2023-08-27T03:29:17.205+0000] {dag_etl.py:44} INFO - transform space_ships...
[2023-08-27T03:29:17.345+0000] {dag_etl.py:47} INFO - Complete transform space_ships: 0:00:00.140796
[2023-08-27T03:29:17.346+0000] {dag_etl.py:49} INFO - transform drones...
[2023-08-27T03:29:17.467+0000] {dag_etl.py:52} INFO - Complete transform drones: 0:00:00.121997
[2023-08-27T03:29:17.468+0000] {dag_etl.py:54} INFO - transform pilots...
[2023-08-27T03:29:17.527+0000] {dag_etl.py:57} INFO - Complete transform pilots: 0:00:00.060269
[2023-08-27T03:29:17.528+0000] {dag_etl.py:59} INFO - transform talents...
[2023-08-27T03:29:17.557+0000] {dag_etl.py:62} INFO - Complete transform talents: 0:00:00.030037
[2023-08-27T03:29:17.558+0000] {dag_etl.py:64} INFO - transform expert_items...
[2023-08-27T03:29:17.587+0000] {dag_etl.py:67} INFO - Complete transform expert_items: 0:00:00.029623
[2023-08-27T03:29:17.588+0000] {dag_etl.py:69} INFO - Loading user...
[2023-08-27T03:29:18.552+0000] {dag_etl.py:72} INFO - Complete load user: 0:00:00.964897
[2023-08-27T03:29:18.552+0000] {dag_etl.py:74} INFO - Loading space_ships...
[2023-08-27T03:29:20.390+0000] {dag_etl.py:77} INFO - Complete load space_ships: 0:00:01.838219
[2023-08-27T03:29:20.391+0000] {dag_etl.py:79} INFO - Loading drones...
[2023-08-27T03:29:21.616+0000] {dag_etl.py:82} INFO - Complete load drones: 0:00:01.226051
[2023-08-27T03:29:21.617+0000] {dag_etl.py:84} INFO - Loading pilots...
[2023-08-27T03:29:23.741+0000] {dag_etl.py:87} INFO - Complete load drones: 0:00:02.124882
[2023-08-27T03:29:23.741+0000] {dag_etl.py:89} INFO - Loading talents...
[2023-08-27T03:29:24.903+0000] {dag_etl.py:92} INFO - Complete load drones: 0:00:01.161925
[2023-08-27T03:29:24.903+0000] {dag_etl.py:94} INFO - Loading expert_items...
[2023-08-27T03:29:25.826+0000] {dag_etl.py:97} INFO - Complete load drones: 0:00:00.922751
[2023-08-27T03:29:25.829+0000] {dag_etl.py:99} INFO - Complete ETL Users in : 0:00:14.879724
[2023-08-27T03:29:25.899+0000] {python.py:194} INFO - Done. Returned value was: None
[2023-08-27T03:29:25.945+0000] {taskinstance.py:1400} INFO - Marking task as SUCCESS. dag_id=gaas_etl_1, task_id=etl_user, execution_date=20230827T032800, start_date=20230827T032908, end_date=20230827T032925
[2023-08-27T03:29:25.996+0000] {local_task_job_runner.py:228} INFO - Task exited with return code 0
[2023-08-27T03:29:26.028+0000] {taskinstance.py:2784} INFO - 0 downstream tasks scheduled from follow-on schedule check
