[2023-08-27T02:48:05.126+0000] {taskinstance.py:1159} INFO - Dependencies all met for dep_context=non-requeueable deps ti=<TaskInstance: gaas_etl_1.etl_user scheduled__2023-08-27T02:47:00+00:00 [queued]>
[2023-08-27T02:48:05.141+0000] {taskinstance.py:1159} INFO - Dependencies all met for dep_context=requeueable deps ti=<TaskInstance: gaas_etl_1.etl_user scheduled__2023-08-27T02:47:00+00:00 [queued]>
[2023-08-27T02:48:05.142+0000] {taskinstance.py:1361} INFO - Starting attempt 1 of 1
[2023-08-27T02:48:05.173+0000] {taskinstance.py:1382} INFO - Executing <Task(PythonOperator): etl_user> on 2023-08-27 02:47:00+00:00
[2023-08-27T02:48:05.182+0000] {standard_task_runner.py:57} INFO - Started process 345543 to run task
[2023-08-27T02:48:05.197+0000] {standard_task_runner.py:84} INFO - Running: ['airflow', 'tasks', 'run', 'gaas_etl_1', 'etl_user', 'scheduled__2023-08-27T02:47:00+00:00', '--job-id', '4094', '--raw', '--subdir', 'DAGS_FOLDER/dag_etl.py', '--cfg-path', '/tmp/tmpvwbv0ik5']
[2023-08-27T02:48:05.203+0000] {standard_task_runner.py:85} INFO - Job 4094: Subtask etl_user
[2023-08-27T02:48:05.534+0000] {task_command.py:415} INFO - Running <TaskInstance: gaas_etl_1.etl_user scheduled__2023-08-27T02:47:00+00:00 [running]> on host data-system.us-central1-a.c.data-system-392010.internal
[2023-08-27T02:48:05.922+0000] {taskinstance.py:1660} INFO - Exporting env vars: AIRFLOW_CTX_DAG_EMAIL='hungnm15012002@gmail.com' AIRFLOW_CTX_DAG_OWNER='hungnm' AIRFLOW_CTX_DAG_ID='gaas_etl_1' AIRFLOW_CTX_TASK_ID='etl_user' AIRFLOW_CTX_EXECUTION_DATE='2023-08-27T02:47:00+00:00' AIRFLOW_CTX_TRY_NUMBER='1' AIRFLOW_CTX_DAG_RUN_ID='scheduled__2023-08-27T02:47:00+00:00'
[2023-08-27T02:48:05.950+0000] {dag_etl.py:28} INFO - Extracting user...
[2023-08-27T02:48:09.598+0000] {extract.py:36} INFO - Request time: 0:00:03.647908
[2023-08-27T02:48:09.970+0000] {extract.py:42} INFO - Create DataFrame time: 0:00:00.371561
[2023-08-27T02:48:09.974+0000] {dag_etl.py:31} INFO - Complete extract user: 0:00:04.024068
[2023-08-27T02:48:09.974+0000] {dag_etl.py:33} INFO - Extracting resource...
[2023-08-27T02:48:11.458+0000] {extract.py:36} INFO - Request time: 0:00:01.483775
[2023-08-27T02:48:11.505+0000] {extract.py:42} INFO - Create DataFrame time: 0:00:00.045887
[2023-08-27T02:48:11.508+0000] {dag_etl.py:36} INFO - Complete extract resource: 0:00:01.533945
[2023-08-27T02:48:11.509+0000] {dag_etl.py:38} INFO - Transforming user...
[2023-08-27T02:48:11.679+0000] {dag_etl.py:42} INFO - Complete transform user: 0:00:00.171607
[2023-08-27T02:48:11.680+0000] {dag_etl.py:44} INFO - transform space_ships...
[2023-08-27T02:48:11.803+0000] {dag_etl.py:47} INFO - Complete transform space_ships: 0:00:00.124353
[2023-08-27T02:48:11.804+0000] {dag_etl.py:49} INFO - transform drones...
[2023-08-27T02:48:11.887+0000] {dag_etl.py:52} INFO - Complete transform drones: 0:00:00.083170
[2023-08-27T02:48:11.887+0000] {dag_etl.py:54} INFO - transform pilots...
[2023-08-27T02:48:11.950+0000] {dag_etl.py:57} INFO - Complete transform pilots: 0:00:00.063379
[2023-08-27T02:48:11.951+0000] {dag_etl.py:59} INFO - transform talents...
[2023-08-27T02:48:11.980+0000] {dag_etl.py:62} INFO - Complete transform talents: 0:00:00.030020
[2023-08-27T02:48:11.981+0000] {dag_etl.py:64} INFO - transform expert_items...
[2023-08-27T02:48:12.008+0000] {dag_etl.py:67} INFO - Complete transform expert_items: 0:00:00.027614
[2023-08-27T02:48:12.008+0000] {dag_etl.py:69} INFO - Loading user...
[2023-08-27T02:48:12.918+0000] {dag_etl.py:72} INFO - Complete load user: 0:00:00.909950
[2023-08-27T02:48:12.918+0000] {dag_etl.py:74} INFO - Loading space_ships...
[2023-08-27T02:48:14.102+0000] {dag_etl.py:77} INFO - Complete load space_ships: 0:00:01.184525
[2023-08-27T02:48:14.103+0000] {dag_etl.py:79} INFO - Loading drones...
[2023-08-27T02:48:15.171+0000] {dag_etl.py:82} INFO - Complete load drones: 0:00:01.069119
[2023-08-27T02:48:15.172+0000] {dag_etl.py:84} INFO - Loading pilots...
[2023-08-27T02:48:17.178+0000] {dag_etl.py:87} INFO - Complete load drones: 0:00:02.006882
[2023-08-27T02:48:17.179+0000] {dag_etl.py:89} INFO - Loading talents...
[2023-08-27T02:48:18.282+0000] {dag_etl.py:92} INFO - Complete load drones: 0:00:01.103637
[2023-08-27T02:48:18.282+0000] {dag_etl.py:94} INFO - Loading expert_items...
[2023-08-27T02:48:19.049+0000] {dag_etl.py:97} INFO - Complete load drones: 0:00:00.767118
[2023-08-27T02:48:19.050+0000] {dag_etl.py:99} INFO - Complete ETL Users in : 0:00:13.100088
[2023-08-27T02:48:19.068+0000] {python.py:194} INFO - Done. Returned value was: None
[2023-08-27T02:48:19.093+0000] {taskinstance.py:1400} INFO - Marking task as SUCCESS. dag_id=gaas_etl_1, task_id=etl_user, execution_date=20230827T024700, start_date=20230827T024805, end_date=20230827T024819
[2023-08-27T02:48:19.198+0000] {local_task_job_runner.py:228} INFO - Task exited with return code 0
[2023-08-27T02:48:19.229+0000] {taskinstance.py:2784} INFO - 0 downstream tasks scheduled from follow-on schedule check
