[2023-08-27T19:30:06.881+0000] {taskinstance.py:1159} INFO - Dependencies all met for dep_context=non-requeueable deps ti=<TaskInstance: gaas_etl_1.etl_user scheduled__2023-08-27T19:29:00+00:00 [queued]>
[2023-08-27T19:30:06.897+0000] {taskinstance.py:1159} INFO - Dependencies all met for dep_context=requeueable deps ti=<TaskInstance: gaas_etl_1.etl_user scheduled__2023-08-27T19:29:00+00:00 [queued]>
[2023-08-27T19:30:06.898+0000] {taskinstance.py:1361} INFO - Starting attempt 1 of 1
[2023-08-27T19:30:06.926+0000] {taskinstance.py:1382} INFO - Executing <Task(PythonOperator): etl_user> on 2023-08-27 19:29:00+00:00
[2023-08-27T19:30:06.936+0000] {standard_task_runner.py:57} INFO - Started process 448624 to run task
[2023-08-27T19:30:06.944+0000] {standard_task_runner.py:84} INFO - Running: ['airflow', 'tasks', 'run', 'gaas_etl_1', 'etl_user', 'scheduled__2023-08-27T19:29:00+00:00', '--job-id', '7100', '--raw', '--subdir', 'DAGS_FOLDER/dag_etl.py', '--cfg-path', '/tmp/tmpggztzn8j']
[2023-08-27T19:30:06.952+0000] {standard_task_runner.py:85} INFO - Job 7100: Subtask etl_user
[2023-08-27T19:30:07.590+0000] {task_command.py:415} INFO - Running <TaskInstance: gaas_etl_1.etl_user scheduled__2023-08-27T19:29:00+00:00 [running]> on host data-system.us-central1-a.c.data-system-392010.internal
[2023-08-27T19:30:09.301+0000] {taskinstance.py:1660} INFO - Exporting env vars: AIRFLOW_CTX_DAG_EMAIL='hungnm15012002@gmail.com' AIRFLOW_CTX_DAG_OWNER='hungnm' AIRFLOW_CTX_DAG_ID='gaas_etl_1' AIRFLOW_CTX_TASK_ID='etl_user' AIRFLOW_CTX_EXECUTION_DATE='2023-08-27T19:29:00+00:00' AIRFLOW_CTX_TRY_NUMBER='1' AIRFLOW_CTX_DAG_RUN_ID='scheduled__2023-08-27T19:29:00+00:00'
[2023-08-27T19:30:09.328+0000] {dag_etl.py:28} INFO - Extracting user...
[2023-08-27T19:30:17.609+0000] {extract.py:36} INFO - Request time: 0:00:08.279901
[2023-08-27T19:30:18.487+0000] {extract.py:42} INFO - Create DataFrame time: 0:00:00.877621
[2023-08-27T19:30:18.492+0000] {dag_etl.py:31} INFO - Complete extract user: 0:00:09.164390
[2023-08-27T19:30:18.493+0000] {dag_etl.py:33} INFO - Extracting resource...
[2023-08-27T19:30:27.064+0000] {extract.py:36} INFO - Request time: 0:00:08.570412
[2023-08-27T19:30:27.129+0000] {extract.py:42} INFO - Create DataFrame time: 0:00:00.065043
[2023-08-27T19:30:27.132+0000] {dag_etl.py:36} INFO - Complete extract resource: 0:00:08.639438
[2023-08-27T19:30:27.133+0000] {dag_etl.py:38} INFO - Transforming user...
[2023-08-27T19:30:27.378+0000] {dag_etl.py:42} INFO - Complete transform user: 0:00:00.246484
[2023-08-27T19:30:27.379+0000] {dag_etl.py:44} INFO - transform space_ships...
[2023-08-27T19:30:27.622+0000] {dag_etl.py:47} INFO - Complete transform space_ships: 0:00:00.244144
[2023-08-27T19:30:27.623+0000] {dag_etl.py:49} INFO - transform drones...
[2023-08-27T19:30:27.754+0000] {dag_etl.py:52} INFO - Complete transform drones: 0:00:00.131856
[2023-08-27T19:30:27.755+0000] {dag_etl.py:54} INFO - transform pilots...
[2023-08-27T19:30:27.837+0000] {dag_etl.py:57} INFO - Complete transform pilots: 0:00:00.083008
[2023-08-27T19:30:27.838+0000] {dag_etl.py:59} INFO - transform talents...
[2023-08-27T19:30:27.880+0000] {dag_etl.py:62} INFO - Complete transform talents: 0:00:00.042738
[2023-08-27T19:30:27.880+0000] {dag_etl.py:64} INFO - transform expert_items...
[2023-08-27T19:30:27.920+0000] {dag_etl.py:67} INFO - Complete transform expert_items: 0:00:00.039848
[2023-08-27T19:30:27.920+0000] {dag_etl.py:69} INFO - Loading user...
[2023-08-27T19:30:29.990+0000] {dag_etl.py:72} INFO - Complete load user: 0:00:02.069949
[2023-08-27T19:30:29.990+0000] {dag_etl.py:74} INFO - Loading space_ships...
[2023-08-27T19:30:32.843+0000] {dag_etl.py:77} INFO - Complete load space_ships: 0:00:02.853484
[2023-08-27T19:30:32.844+0000] {dag_etl.py:79} INFO - Loading drones...
[2023-08-27T19:30:35.064+0000] {dag_etl.py:82} INFO - Complete load drones: 0:00:02.220962
[2023-08-27T19:30:35.065+0000] {dag_etl.py:84} INFO - Loading pilots...
[2023-08-27T19:30:38.457+0000] {dag_etl.py:87} INFO - Complete load drones: 0:00:03.392394
[2023-08-27T19:30:38.457+0000] {dag_etl.py:89} INFO - Loading talents...
[2023-08-27T19:30:40.945+0000] {dag_etl.py:92} INFO - Complete load drones: 0:00:02.488592
[2023-08-27T19:30:40.946+0000] {dag_etl.py:94} INFO - Loading expert_items...
[2023-08-27T19:30:42.639+0000] {dag_etl.py:97} INFO - Complete load drones: 0:00:01.694115
[2023-08-27T19:30:42.640+0000] {dag_etl.py:99} INFO - Complete ETL Users in : 0:00:33.311898
[2023-08-27T19:30:42.676+0000] {python.py:194} INFO - Done. Returned value was: None
[2023-08-27T19:30:42.690+0000] {taskinstance.py:1400} INFO - Marking task as SUCCESS. dag_id=gaas_etl_1, task_id=etl_user, execution_date=20230827T192900, start_date=20230827T193006, end_date=20230827T193042
[2023-08-27T19:30:42.740+0000] {local_task_job_runner.py:228} INFO - Task exited with return code 0
[2023-08-27T19:30:42.763+0000] {taskinstance.py:2784} INFO - 0 downstream tasks scheduled from follow-on schedule check
