[2023-08-27T09:12:06.775+0000] {taskinstance.py:1159} INFO - Dependencies all met for dep_context=non-requeueable deps ti=<TaskInstance: gaas_etl_1.etl_user scheduled__2023-08-27T09:11:00+00:00 [queued]>
[2023-08-27T09:12:06.794+0000] {taskinstance.py:1159} INFO - Dependencies all met for dep_context=requeueable deps ti=<TaskInstance: gaas_etl_1.etl_user scheduled__2023-08-27T09:11:00+00:00 [queued]>
[2023-08-27T09:12:06.795+0000] {taskinstance.py:1361} INFO - Starting attempt 1 of 1
[2023-08-27T09:12:06.822+0000] {taskinstance.py:1382} INFO - Executing <Task(PythonOperator): etl_user> on 2023-08-27 09:11:00+00:00
[2023-08-27T09:12:06.839+0000] {standard_task_runner.py:57} INFO - Started process 379708 to run task
[2023-08-27T09:12:06.852+0000] {standard_task_runner.py:84} INFO - Running: ['airflow', 'tasks', 'run', 'gaas_etl_1', 'etl_user', 'scheduled__2023-08-27T09:11:00+00:00', '--job-id', '5245', '--raw', '--subdir', 'DAGS_FOLDER/dag_etl.py', '--cfg-path', '/tmp/tmpi1e_wgmd']
[2023-08-27T09:12:06.857+0000] {standard_task_runner.py:85} INFO - Job 5245: Subtask etl_user
[2023-08-27T09:12:07.492+0000] {task_command.py:415} INFO - Running <TaskInstance: gaas_etl_1.etl_user scheduled__2023-08-27T09:11:00+00:00 [running]> on host data-system.us-central1-a.c.data-system-392010.internal
[2023-08-27T09:12:07.950+0000] {taskinstance.py:1660} INFO - Exporting env vars: AIRFLOW_CTX_DAG_EMAIL='hungnm15012002@gmail.com' AIRFLOW_CTX_DAG_OWNER='hungnm' AIRFLOW_CTX_DAG_ID='gaas_etl_1' AIRFLOW_CTX_TASK_ID='etl_user' AIRFLOW_CTX_EXECUTION_DATE='2023-08-27T09:11:00+00:00' AIRFLOW_CTX_TRY_NUMBER='1' AIRFLOW_CTX_DAG_RUN_ID='scheduled__2023-08-27T09:11:00+00:00'
[2023-08-27T09:12:07.974+0000] {dag_etl.py:28} INFO - Extracting user...
[2023-08-27T09:12:14.954+0000] {extract.py:36} INFO - Request time: 0:00:06.979492
[2023-08-27T09:12:24.576+0000] {extract.py:42} INFO - Create DataFrame time: 0:00:09.621802
[2023-08-27T09:12:24.583+0000] {dag_etl.py:31} INFO - Complete extract user: 0:00:16.609861
[2023-08-27T09:12:24.584+0000] {dag_etl.py:33} INFO - Extracting resource...
[2023-08-27T09:12:26.813+0000] {extract.py:36} INFO - Request time: 0:00:02.228566
[2023-08-27T09:12:26.912+0000] {extract.py:42} INFO - Create DataFrame time: 0:00:00.097802
[2023-08-27T09:12:26.915+0000] {dag_etl.py:36} INFO - Complete extract resource: 0:00:02.331379
[2023-08-27T09:12:26.916+0000] {dag_etl.py:38} INFO - Transforming user...
[2023-08-27T09:12:27.264+0000] {dag_etl.py:42} INFO - Complete transform user: 0:00:00.349328
[2023-08-27T09:12:27.265+0000] {dag_etl.py:44} INFO - transform space_ships...
[2023-08-27T09:12:27.544+0000] {dag_etl.py:47} INFO - Complete transform space_ships: 0:00:00.279734
[2023-08-27T09:12:27.544+0000] {dag_etl.py:49} INFO - transform drones...
[2023-08-27T09:12:27.719+0000] {dag_etl.py:52} INFO - Complete transform drones: 0:00:00.175219
[2023-08-27T09:12:27.720+0000] {dag_etl.py:54} INFO - transform pilots...
[2023-08-27T09:12:27.821+0000] {dag_etl.py:57} INFO - Complete transform pilots: 0:00:00.102134
[2023-08-27T09:12:27.822+0000] {dag_etl.py:59} INFO - transform talents...
[2023-08-27T09:12:27.877+0000] {dag_etl.py:62} INFO - Complete transform talents: 0:00:00.055847
[2023-08-27T09:12:27.878+0000] {dag_etl.py:64} INFO - transform expert_items...
[2023-08-27T09:12:27.929+0000] {dag_etl.py:67} INFO - Complete transform expert_items: 0:00:00.051975
[2023-08-27T09:12:27.929+0000] {dag_etl.py:69} INFO - Loading user...
[2023-08-27T09:12:29.769+0000] {dag_etl.py:72} INFO - Complete load user: 0:00:01.840084
[2023-08-27T09:12:29.770+0000] {dag_etl.py:74} INFO - Loading space_ships...
[2023-08-27T09:12:32.791+0000] {dag_etl.py:77} INFO - Complete load space_ships: 0:00:03.021355
[2023-08-27T09:12:32.791+0000] {dag_etl.py:79} INFO - Loading drones...
[2023-08-27T09:12:35.082+0000] {dag_etl.py:82} INFO - Complete load drones: 0:00:02.291856
[2023-08-27T09:12:35.083+0000] {dag_etl.py:84} INFO - Loading pilots...
[2023-08-27T09:12:39.039+0000] {dag_etl.py:87} INFO - Complete load drones: 0:00:03.957039
[2023-08-27T09:12:39.040+0000] {dag_etl.py:89} INFO - Loading talents...
[2023-08-27T09:12:41.205+0000] {dag_etl.py:92} INFO - Complete load drones: 0:00:02.165357
[2023-08-27T09:12:41.206+0000] {dag_etl.py:94} INFO - Loading expert_items...
[2023-08-27T09:12:43.179+0000] {dag_etl.py:97} INFO - Complete load drones: 0:00:01.974695
[2023-08-27T09:12:43.180+0000] {dag_etl.py:99} INFO - Complete ETL Users in : 0:00:35.206499
[2023-08-27T09:12:43.216+0000] {python.py:194} INFO - Done. Returned value was: None
[2023-08-27T09:12:43.234+0000] {taskinstance.py:1400} INFO - Marking task as SUCCESS. dag_id=gaas_etl_1, task_id=etl_user, execution_date=20230827T091100, start_date=20230827T091206, end_date=20230827T091243
[2023-08-27T09:12:43.311+0000] {local_task_job_runner.py:228} INFO - Task exited with return code 0
[2023-08-27T09:12:43.340+0000] {taskinstance.py:2784} INFO - 0 downstream tasks scheduled from follow-on schedule check
