[2023-08-27T03:35:08.537+0000] {taskinstance.py:1159} INFO - Dependencies all met for dep_context=non-requeueable deps ti=<TaskInstance: gaas_etl_1.etl_user scheduled__2023-08-27T03:34:00+00:00 [queued]>
[2023-08-27T03:35:08.574+0000] {taskinstance.py:1159} INFO - Dependencies all met for dep_context=requeueable deps ti=<TaskInstance: gaas_etl_1.etl_user scheduled__2023-08-27T03:34:00+00:00 [queued]>
[2023-08-27T03:35:08.575+0000] {taskinstance.py:1361} INFO - Starting attempt 1 of 1
[2023-08-27T03:35:08.628+0000] {taskinstance.py:1382} INFO - Executing <Task(PythonOperator): etl_user> on 2023-08-27 03:34:00+00:00
[2023-08-27T03:35:08.638+0000] {standard_task_runner.py:57} INFO - Started process 354162 to run task
[2023-08-27T03:35:08.668+0000] {standard_task_runner.py:84} INFO - Running: ['airflow', 'tasks', 'run', 'gaas_etl_1', 'etl_user', 'scheduled__2023-08-27T03:34:00+00:00', '--job-id', '4234', '--raw', '--subdir', 'DAGS_FOLDER/dag_etl.py', '--cfg-path', '/tmp/tmpa36ezv4n']
[2023-08-27T03:35:08.680+0000] {standard_task_runner.py:85} INFO - Job 4234: Subtask etl_user
[2023-08-27T03:35:09.315+0000] {task_command.py:415} INFO - Running <TaskInstance: gaas_etl_1.etl_user scheduled__2023-08-27T03:34:00+00:00 [running]> on host data-system.us-central1-a.c.data-system-392010.internal
[2023-08-27T03:35:10.345+0000] {taskinstance.py:1660} INFO - Exporting env vars: AIRFLOW_CTX_DAG_EMAIL='hungnm15012002@gmail.com' AIRFLOW_CTX_DAG_OWNER='hungnm' AIRFLOW_CTX_DAG_ID='gaas_etl_1' AIRFLOW_CTX_TASK_ID='etl_user' AIRFLOW_CTX_EXECUTION_DATE='2023-08-27T03:34:00+00:00' AIRFLOW_CTX_TRY_NUMBER='1' AIRFLOW_CTX_DAG_RUN_ID='scheduled__2023-08-27T03:34:00+00:00'
[2023-08-27T03:35:10.383+0000] {dag_etl.py:28} INFO - Extracting user...
[2023-08-27T03:35:13.797+0000] {extract.py:36} INFO - Request time: 0:00:03.413451
[2023-08-27T03:35:14.051+0000] {extract.py:42} INFO - Create DataFrame time: 0:00:00.252721
[2023-08-27T03:35:14.061+0000] {dag_etl.py:31} INFO - Complete extract user: 0:00:03.678316
[2023-08-27T03:35:14.062+0000] {dag_etl.py:33} INFO - Extracting resource...
[2023-08-27T03:35:15.540+0000] {extract.py:36} INFO - Request time: 0:00:01.469398
[2023-08-27T03:35:15.625+0000] {extract.py:42} INFO - Create DataFrame time: 0:00:00.084805
[2023-08-27T03:35:15.639+0000] {dag_etl.py:36} INFO - Complete extract resource: 0:00:01.577538
[2023-08-27T03:35:15.641+0000] {dag_etl.py:38} INFO - Transforming user...
[2023-08-27T03:35:16.038+0000] {dag_etl.py:42} INFO - Complete transform user: 0:00:00.399511
[2023-08-27T03:35:16.040+0000] {dag_etl.py:44} INFO - transform space_ships...
[2023-08-27T03:35:16.203+0000] {dag_etl.py:47} INFO - Complete transform space_ships: 0:00:00.164408
[2023-08-27T03:35:16.204+0000] {dag_etl.py:49} INFO - transform drones...
[2023-08-27T03:35:16.311+0000] {dag_etl.py:52} INFO - Complete transform drones: 0:00:00.108429
[2023-08-27T03:35:16.313+0000] {dag_etl.py:54} INFO - transform pilots...
[2023-08-27T03:35:16.441+0000] {dag_etl.py:57} INFO - Complete transform pilots: 0:00:00.129811
[2023-08-27T03:35:16.442+0000] {dag_etl.py:59} INFO - transform talents...
[2023-08-27T03:35:16.503+0000] {dag_etl.py:62} INFO - Complete transform talents: 0:00:00.062003
[2023-08-27T03:35:16.503+0000] {dag_etl.py:64} INFO - transform expert_items...
[2023-08-27T03:35:16.554+0000] {dag_etl.py:67} INFO - Complete transform expert_items: 0:00:00.050981
[2023-08-27T03:35:16.554+0000] {dag_etl.py:69} INFO - Loading user...
[2023-08-27T03:35:17.449+0000] {dag_etl.py:72} INFO - Complete load user: 0:00:00.894701
[2023-08-27T03:35:17.449+0000] {dag_etl.py:74} INFO - Loading space_ships...
[2023-08-27T03:35:18.624+0000] {dag_etl.py:77} INFO - Complete load space_ships: 0:00:01.175057
[2023-08-27T03:35:18.624+0000] {dag_etl.py:79} INFO - Loading drones...
[2023-08-27T03:35:19.756+0000] {dag_etl.py:82} INFO - Complete load drones: 0:00:01.132035
[2023-08-27T03:35:19.757+0000] {dag_etl.py:84} INFO - Loading pilots...
[2023-08-27T03:35:21.806+0000] {dag_etl.py:87} INFO - Complete load drones: 0:00:02.049973
[2023-08-27T03:35:21.806+0000] {dag_etl.py:89} INFO - Loading talents...
[2023-08-27T03:35:22.836+0000] {dag_etl.py:92} INFO - Complete load drones: 0:00:01.030388
[2023-08-27T03:35:22.837+0000] {dag_etl.py:94} INFO - Loading expert_items...
[2023-08-27T03:35:23.709+0000] {dag_etl.py:97} INFO - Complete load drones: 0:00:00.872899
[2023-08-27T03:35:23.710+0000] {dag_etl.py:99} INFO - Complete ETL Users in : 0:00:13.326725
[2023-08-27T03:35:23.736+0000] {python.py:194} INFO - Done. Returned value was: None
[2023-08-27T03:35:23.755+0000] {taskinstance.py:1400} INFO - Marking task as SUCCESS. dag_id=gaas_etl_1, task_id=etl_user, execution_date=20230827T033400, start_date=20230827T033508, end_date=20230827T033523
[2023-08-27T03:35:23.827+0000] {local_task_job_runner.py:228} INFO - Task exited with return code 0
[2023-08-27T03:35:23.891+0000] {taskinstance.py:2784} INFO - 0 downstream tasks scheduled from follow-on schedule check
