[2023-08-26T08:14:04.132+0000] {taskinstance.py:1159} INFO - Dependencies all met for dep_context=non-requeueable deps ti=<TaskInstance: gaas_etl_1.etl_user scheduled__2023-08-26T08:13:00+00:00 [queued]>
[2023-08-26T08:14:04.151+0000] {taskinstance.py:1159} INFO - Dependencies all met for dep_context=requeueable deps ti=<TaskInstance: gaas_etl_1.etl_user scheduled__2023-08-26T08:13:00+00:00 [queued]>
[2023-08-26T08:14:04.152+0000] {taskinstance.py:1361} INFO - Starting attempt 1 of 1
[2023-08-26T08:14:04.189+0000] {taskinstance.py:1382} INFO - Executing <Task(PythonOperator): etl_user> on 2023-08-26 08:13:00+00:00
[2023-08-26T08:14:04.199+0000] {standard_task_runner.py:57} INFO - Started process 289602 to run task
[2023-08-26T08:14:04.215+0000] {standard_task_runner.py:84} INFO - Running: ['airflow', 'tasks', 'run', 'gaas_etl_1', 'etl_user', 'scheduled__2023-08-26T08:13:00+00:00', '--job-id', '752', '--raw', '--subdir', 'DAGS_FOLDER/dag_etl.py', '--cfg-path', '/tmp/tmpqtwv5krn']
[2023-08-26T08:14:04.220+0000] {standard_task_runner.py:85} INFO - Job 752: Subtask etl_user
[2023-08-26T08:14:04.359+0000] {task_command.py:415} INFO - Running <TaskInstance: gaas_etl_1.etl_user scheduled__2023-08-26T08:13:00+00:00 [running]> on host data-system.us-central1-a.c.data-system-392010.internal
[2023-08-26T08:14:04.568+0000] {taskinstance.py:1660} INFO - Exporting env vars: AIRFLOW_CTX_DAG_EMAIL='hungnm15012002@gmail.com' AIRFLOW_CTX_DAG_OWNER='hungnm' AIRFLOW_CTX_DAG_ID='gaas_etl_1' AIRFLOW_CTX_TASK_ID='etl_user' AIRFLOW_CTX_EXECUTION_DATE='2023-08-26T08:13:00+00:00' AIRFLOW_CTX_TRY_NUMBER='1' AIRFLOW_CTX_DAG_RUN_ID='scheduled__2023-08-26T08:13:00+00:00'
[2023-08-26T08:14:04.592+0000] {dag_etl.py:28} INFO - Extracting user...
[2023-08-26T08:14:06.923+0000] {extract.py:36} INFO - Request time: 0:00:02.324983
[2023-08-26T08:14:06.948+0000] {extract.py:42} INFO - Create DataFrame time: 0:00:00.024782
[2023-08-26T08:14:06.950+0000] {dag_etl.py:31} INFO - Complete extract user: 0:00:02.357736
[2023-08-26T08:14:06.951+0000] {dag_etl.py:33} INFO - Extracting resource...
[2023-08-26T08:14:11.198+0000] {extract.py:36} INFO - Request time: 0:00:04.246840
[2023-08-26T08:14:11.207+0000] {extract.py:42} INFO - Create DataFrame time: 0:00:00.008706
[2023-08-26T08:14:11.209+0000] {dag_etl.py:36} INFO - Complete extract resource: 0:00:04.259371
[2023-08-26T08:14:11.211+0000] {dag_etl.py:38} INFO - Transforming user...
[2023-08-26T08:14:11.244+0000] {dag_etl.py:42} INFO - Complete transform user: 0:00:00.034364
[2023-08-26T08:14:11.244+0000] {dag_etl.py:44} INFO - transform space_ships...
[2023-08-26T08:14:11.266+0000] {dag_etl.py:47} INFO - Complete transform space_ships: 0:00:00.021743
[2023-08-26T08:14:11.266+0000] {dag_etl.py:49} INFO - transform drones...
[2023-08-26T08:14:11.294+0000] {dag_etl.py:52} INFO - Complete transform drones: 0:00:00.028052
[2023-08-26T08:14:11.294+0000] {dag_etl.py:54} INFO - transform pilots...
[2023-08-26T08:14:11.312+0000] {dag_etl.py:57} INFO - Complete transform pilots: 0:00:00.017963
[2023-08-26T08:14:11.312+0000] {dag_etl.py:59} INFO - transform talents...
[2023-08-26T08:14:11.325+0000] {dag_etl.py:62} INFO - Complete transform talents: 0:00:00.013702
[2023-08-26T08:14:11.326+0000] {dag_etl.py:64} INFO - transform expert_items...
[2023-08-26T08:14:11.337+0000] {dag_etl.py:67} INFO - Complete transform expert_items: 0:00:00.011812
[2023-08-26T08:14:11.338+0000] {dag_etl.py:69} INFO - Loading user...
[2023-08-26T08:14:11.362+0000] {dag_etl.py:72} INFO - Complete load user: 0:00:00.024671
[2023-08-26T08:14:11.362+0000] {dag_etl.py:74} INFO - Loading space_ships...
[2023-08-26T08:14:11.401+0000] {dag_etl.py:77} INFO - Complete load space_ships: 0:00:00.039302
[2023-08-26T08:14:11.402+0000] {dag_etl.py:79} INFO - Loading drones...
[2023-08-26T08:14:11.428+0000] {dag_etl.py:82} INFO - Complete load drones: 0:00:00.027078
[2023-08-26T08:14:11.429+0000] {dag_etl.py:84} INFO - Loading pilots...
[2023-08-26T08:14:11.472+0000] {dag_etl.py:87} INFO - Complete load drones: 0:00:00.044297
[2023-08-26T08:14:11.473+0000] {dag_etl.py:89} INFO - Loading talents...
[2023-08-26T08:14:11.494+0000] {dag_etl.py:92} INFO - Complete load drones: 0:00:00.021382
[2023-08-26T08:14:11.494+0000] {dag_etl.py:94} INFO - Loading expert_items...
[2023-08-26T08:14:11.500+0000] {dag_etl.py:97} INFO - Complete load drones: 0:00:00.006565
[2023-08-26T08:14:11.501+0000] {dag_etl.py:99} INFO - Complete ETL Users in : 0:00:06.908523
[2023-08-26T08:14:11.503+0000] {python.py:194} INFO - Done. Returned value was: None
[2023-08-26T08:14:11.521+0000] {taskinstance.py:1400} INFO - Marking task as SUCCESS. dag_id=gaas_etl_1, task_id=etl_user, execution_date=20230826T081300, start_date=20230826T081404, end_date=20230826T081411
[2023-08-26T08:14:11.581+0000] {local_task_job_runner.py:228} INFO - Task exited with return code 0
[2023-08-26T08:14:11.623+0000] {taskinstance.py:2784} INFO - 0 downstream tasks scheduled from follow-on schedule check
