[2023-08-26T13:34:03.362+0000] {taskinstance.py:1159} INFO - Dependencies all met for dep_context=non-requeueable deps ti=<TaskInstance: gaas_etl_1.etl_user scheduled__2023-08-26T13:33:00+00:00 [queued]>
[2023-08-26T13:34:03.378+0000] {taskinstance.py:1159} INFO - Dependencies all met for dep_context=requeueable deps ti=<TaskInstance: gaas_etl_1.etl_user scheduled__2023-08-26T13:33:00+00:00 [queued]>
[2023-08-26T13:34:03.379+0000] {taskinstance.py:1361} INFO - Starting attempt 1 of 1
[2023-08-26T13:34:03.407+0000] {taskinstance.py:1382} INFO - Executing <Task(PythonOperator): etl_user> on 2023-08-26 13:33:00+00:00
[2023-08-26T13:34:03.416+0000] {standard_task_runner.py:57} INFO - Started process 314023 to run task
[2023-08-26T13:34:03.431+0000] {standard_task_runner.py:84} INFO - Running: ['airflow', 'tasks', 'run', 'gaas_etl_1', 'etl_user', 'scheduled__2023-08-26T13:33:00+00:00', '--job-id', '1711', '--raw', '--subdir', 'DAGS_FOLDER/dag_etl.py', '--cfg-path', '/tmp/tmp1znxgj6i']
[2023-08-26T13:34:03.436+0000] {standard_task_runner.py:85} INFO - Job 1711: Subtask etl_user
[2023-08-26T13:34:03.638+0000] {task_command.py:415} INFO - Running <TaskInstance: gaas_etl_1.etl_user scheduled__2023-08-26T13:33:00+00:00 [running]> on host data-system.us-central1-a.c.data-system-392010.internal
[2023-08-26T13:34:03.941+0000] {taskinstance.py:1660} INFO - Exporting env vars: AIRFLOW_CTX_DAG_EMAIL='hungnm15012002@gmail.com' AIRFLOW_CTX_DAG_OWNER='hungnm' AIRFLOW_CTX_DAG_ID='gaas_etl_1' AIRFLOW_CTX_TASK_ID='etl_user' AIRFLOW_CTX_EXECUTION_DATE='2023-08-26T13:33:00+00:00' AIRFLOW_CTX_TRY_NUMBER='1' AIRFLOW_CTX_DAG_RUN_ID='scheduled__2023-08-26T13:33:00+00:00'
[2023-08-26T13:34:03.966+0000] {dag_etl.py:28} INFO - Extracting user...
[2023-08-26T13:34:08.812+0000] {extract.py:36} INFO - Request time: 0:00:04.845722
[2023-08-26T13:34:09.288+0000] {extract.py:42} INFO - Create DataFrame time: 0:00:00.475616
[2023-08-26T13:34:09.292+0000] {dag_etl.py:31} INFO - Complete extract user: 0:00:05.326423
[2023-08-26T13:34:09.293+0000] {dag_etl.py:33} INFO - Extracting resource...
[2023-08-26T13:34:11.262+0000] {extract.py:36} INFO - Request time: 0:00:01.968957
[2023-08-26T13:34:11.345+0000] {extract.py:42} INFO - Create DataFrame time: 0:00:00.082471
[2023-08-26T13:34:11.348+0000] {dag_etl.py:36} INFO - Complete extract resource: 0:00:02.055645
[2023-08-26T13:34:11.349+0000] {dag_etl.py:38} INFO - Transforming user...
[2023-08-26T13:34:11.598+0000] {dag_etl.py:42} INFO - Complete transform user: 0:00:00.250476
[2023-08-26T13:34:11.599+0000] {dag_etl.py:44} INFO - transform space_ships...
[2023-08-26T13:34:11.785+0000] {dag_etl.py:47} INFO - Complete transform space_ships: 0:00:00.186607
[2023-08-26T13:34:11.786+0000] {dag_etl.py:49} INFO - transform drones...
[2023-08-26T13:34:11.911+0000] {dag_etl.py:52} INFO - Complete transform drones: 0:00:00.126338
[2023-08-26T13:34:11.912+0000] {dag_etl.py:54} INFO - transform pilots...
[2023-08-26T13:34:12.023+0000] {dag_etl.py:57} INFO - Complete transform pilots: 0:00:00.111696
[2023-08-26T13:34:12.024+0000] {dag_etl.py:59} INFO - transform talents...
[2023-08-26T13:34:12.068+0000] {dag_etl.py:62} INFO - Complete transform talents: 0:00:00.044917
[2023-08-26T13:34:12.068+0000] {dag_etl.py:64} INFO - transform expert_items...
[2023-08-26T13:34:12.107+0000] {dag_etl.py:67} INFO - Complete transform expert_items: 0:00:00.039221
[2023-08-26T13:34:12.108+0000] {dag_etl.py:69} INFO - Loading user...
[2023-08-26T13:34:13.557+0000] {dag_etl.py:72} INFO - Complete load user: 0:00:01.450084
[2023-08-26T13:34:13.558+0000] {dag_etl.py:74} INFO - Loading space_ships...
[2023-08-26T13:34:15.926+0000] {dag_etl.py:77} INFO - Complete load space_ships: 0:00:02.368223
[2023-08-26T13:34:15.926+0000] {dag_etl.py:79} INFO - Loading drones...
[2023-08-26T13:34:18.252+0000] {dag_etl.py:82} INFO - Complete load drones: 0:00:02.326124
[2023-08-26T13:34:18.252+0000] {dag_etl.py:84} INFO - Loading pilots...
[2023-08-26T13:34:21.983+0000] {dag_etl.py:87} INFO - Complete load drones: 0:00:03.731487
[2023-08-26T13:34:21.984+0000] {dag_etl.py:89} INFO - Loading talents...
[2023-08-26T13:34:24.087+0000] {dag_etl.py:92} INFO - Complete load drones: 0:00:02.104243
[2023-08-26T13:34:24.088+0000] {dag_etl.py:94} INFO - Loading expert_items...
[2023-08-26T13:34:25.219+0000] {dag_etl.py:97} INFO - Complete load drones: 0:00:01.131887
[2023-08-26T13:34:25.220+0000] {dag_etl.py:99} INFO - Complete ETL Users in : 0:00:21.254005
[2023-08-26T13:34:25.263+0000] {python.py:194} INFO - Done. Returned value was: None
[2023-08-26T13:34:25.290+0000] {taskinstance.py:1400} INFO - Marking task as SUCCESS. dag_id=gaas_etl_1, task_id=etl_user, execution_date=20230826T133300, start_date=20230826T133403, end_date=20230826T133425
[2023-08-26T13:34:25.374+0000] {local_task_job_runner.py:228} INFO - Task exited with return code 0
[2023-08-26T13:34:25.404+0000] {taskinstance.py:2784} INFO - 0 downstream tasks scheduled from follow-on schedule check
