[2023-08-27T03:58:09.634+0000] {taskinstance.py:1159} INFO - Dependencies all met for dep_context=non-requeueable deps ti=<TaskInstance: gaas_etl_1.etl_user scheduled__2023-08-27T03:57:00+00:00 [queued]>
[2023-08-27T03:58:09.685+0000] {taskinstance.py:1159} INFO - Dependencies all met for dep_context=requeueable deps ti=<TaskInstance: gaas_etl_1.etl_user scheduled__2023-08-27T03:57:00+00:00 [queued]>
[2023-08-27T03:58:09.692+0000] {taskinstance.py:1361} INFO - Starting attempt 1 of 1
[2023-08-27T03:58:09.761+0000] {taskinstance.py:1382} INFO - Executing <Task(PythonOperator): etl_user> on 2023-08-27 03:57:00+00:00
[2023-08-27T03:58:09.772+0000] {standard_task_runner.py:57} INFO - Started process 359594 to run task
[2023-08-27T03:58:09.800+0000] {standard_task_runner.py:84} INFO - Running: ['airflow', 'tasks', 'run', 'gaas_etl_1', 'etl_user', 'scheduled__2023-08-27T03:57:00+00:00', '--job-id', '4303', '--raw', '--subdir', 'DAGS_FOLDER/dag_etl.py', '--cfg-path', '/tmp/tmpftu5wero']
[2023-08-27T03:58:09.808+0000] {standard_task_runner.py:85} INFO - Job 4303: Subtask etl_user
[2023-08-27T03:58:10.404+0000] {task_command.py:415} INFO - Running <TaskInstance: gaas_etl_1.etl_user scheduled__2023-08-27T03:57:00+00:00 [running]> on host data-system.us-central1-a.c.data-system-392010.internal
[2023-08-27T03:58:11.482+0000] {taskinstance.py:1660} INFO - Exporting env vars: AIRFLOW_CTX_DAG_EMAIL='hungnm15012002@gmail.com' AIRFLOW_CTX_DAG_OWNER='hungnm' AIRFLOW_CTX_DAG_ID='gaas_etl_1' AIRFLOW_CTX_TASK_ID='etl_user' AIRFLOW_CTX_EXECUTION_DATE='2023-08-27T03:57:00+00:00' AIRFLOW_CTX_TRY_NUMBER='1' AIRFLOW_CTX_DAG_RUN_ID='scheduled__2023-08-27T03:57:00+00:00'
[2023-08-27T03:58:11.515+0000] {dag_etl.py:28} INFO - Extracting user...
[2023-08-27T03:58:15.536+0000] {extract.py:36} INFO - Request time: 0:00:04.019689
[2023-08-27T03:58:15.723+0000] {extract.py:42} INFO - Create DataFrame time: 0:00:00.186212
[2023-08-27T03:58:15.727+0000] {dag_etl.py:31} INFO - Complete extract user: 0:00:04.211574
[2023-08-27T03:58:15.729+0000] {dag_etl.py:33} INFO - Extracting resource...
[2023-08-27T03:58:17.243+0000] {extract.py:36} INFO - Request time: 0:00:01.513278
[2023-08-27T03:58:17.354+0000] {extract.py:42} INFO - Create DataFrame time: 0:00:00.110577
[2023-08-27T03:58:17.359+0000] {dag_etl.py:36} INFO - Complete extract resource: 0:00:01.632463
[2023-08-27T03:58:17.368+0000] {dag_etl.py:38} INFO - Transforming user...
[2023-08-27T03:58:17.750+0000] {dag_etl.py:42} INFO - Complete transform user: 0:00:00.390423
[2023-08-27T03:58:17.752+0000] {dag_etl.py:44} INFO - transform space_ships...
[2023-08-27T03:58:18.087+0000] {dag_etl.py:47} INFO - Complete transform space_ships: 0:00:00.337229
[2023-08-27T03:58:18.107+0000] {dag_etl.py:49} INFO - transform drones...
[2023-08-27T03:58:18.300+0000] {dag_etl.py:52} INFO - Complete transform drones: 0:00:00.212815
[2023-08-27T03:58:18.301+0000] {dag_etl.py:54} INFO - transform pilots...
[2023-08-27T03:58:18.486+0000] {dag_etl.py:57} INFO - Complete transform pilots: 0:00:00.186508
[2023-08-27T03:58:18.498+0000] {dag_etl.py:59} INFO - transform talents...
[2023-08-27T03:58:18.610+0000] {dag_etl.py:62} INFO - Complete transform talents: 0:00:00.124056
[2023-08-27T03:58:18.616+0000] {dag_etl.py:64} INFO - transform expert_items...
[2023-08-27T03:58:18.692+0000] {dag_etl.py:67} INFO - Complete transform expert_items: 0:00:00.081355
[2023-08-27T03:58:18.692+0000] {dag_etl.py:69} INFO - Loading user...
[2023-08-27T03:58:20.189+0000] {dag_etl.py:72} INFO - Complete load user: 0:00:01.496932
[2023-08-27T03:58:20.189+0000] {dag_etl.py:74} INFO - Loading space_ships...
[2023-08-27T03:58:22.073+0000] {dag_etl.py:77} INFO - Complete load space_ships: 0:00:01.883802
[2023-08-27T03:58:22.074+0000] {dag_etl.py:79} INFO - Loading drones...
[2023-08-27T03:58:23.147+0000] {dag_etl.py:82} INFO - Complete load drones: 0:00:01.075025
[2023-08-27T03:58:23.148+0000] {dag_etl.py:84} INFO - Loading pilots...
[2023-08-27T03:58:25.587+0000] {dag_etl.py:87} INFO - Complete load drones: 0:00:02.439706
[2023-08-27T03:58:25.588+0000] {dag_etl.py:89} INFO - Loading talents...
[2023-08-27T03:58:26.800+0000] {dag_etl.py:92} INFO - Complete load drones: 0:00:01.213025
[2023-08-27T03:58:26.801+0000] {dag_etl.py:94} INFO - Loading expert_items...
[2023-08-27T03:58:27.606+0000] {dag_etl.py:97} INFO - Complete load drones: 0:00:00.805332
[2023-08-27T03:58:27.606+0000] {dag_etl.py:99} INFO - Complete ETL Users in : 0:00:16.090905
[2023-08-27T03:58:27.639+0000] {python.py:194} INFO - Done. Returned value was: None
[2023-08-27T03:58:27.673+0000] {taskinstance.py:1400} INFO - Marking task as SUCCESS. dag_id=gaas_etl_1, task_id=etl_user, execution_date=20230827T035700, start_date=20230827T035809, end_date=20230827T035827
[2023-08-27T03:58:27.921+0000] {local_task_job_runner.py:228} INFO - Task exited with return code 0
[2023-08-27T03:58:28.029+0000] {taskinstance.py:2784} INFO - 0 downstream tasks scheduled from follow-on schedule check
