[2023-08-26T09:09:04.022+0000] {taskinstance.py:1159} INFO - Dependencies all met for dep_context=non-requeueable deps ti=<TaskInstance: gaas_etl_1.etl_user scheduled__2023-08-26T09:08:00+00:00 [queued]>
[2023-08-26T09:09:04.047+0000] {taskinstance.py:1159} INFO - Dependencies all met for dep_context=requeueable deps ti=<TaskInstance: gaas_etl_1.etl_user scheduled__2023-08-26T09:08:00+00:00 [queued]>
[2023-08-26T09:09:04.057+0000] {taskinstance.py:1361} INFO - Starting attempt 1 of 1
[2023-08-26T09:09:04.093+0000] {taskinstance.py:1382} INFO - Executing <Task(PythonOperator): etl_user> on 2023-08-26 09:08:00+00:00
[2023-08-26T09:09:04.107+0000] {standard_task_runner.py:57} INFO - Started process 292251 to run task
[2023-08-26T09:09:04.125+0000] {standard_task_runner.py:84} INFO - Running: ['airflow', 'tasks', 'run', 'gaas_etl_1', 'etl_user', 'scheduled__2023-08-26T09:08:00+00:00', '--job-id', '917', '--raw', '--subdir', 'DAGS_FOLDER/dag_etl.py', '--cfg-path', '/tmp/tmp5fm3du8m']
[2023-08-26T09:09:04.133+0000] {standard_task_runner.py:85} INFO - Job 917: Subtask etl_user
[2023-08-26T09:09:04.302+0000] {task_command.py:415} INFO - Running <TaskInstance: gaas_etl_1.etl_user scheduled__2023-08-26T09:08:00+00:00 [running]> on host data-system.us-central1-a.c.data-system-392010.internal
[2023-08-26T09:09:04.521+0000] {taskinstance.py:1660} INFO - Exporting env vars: AIRFLOW_CTX_DAG_EMAIL='hungnm15012002@gmail.com' AIRFLOW_CTX_DAG_OWNER='hungnm' AIRFLOW_CTX_DAG_ID='gaas_etl_1' AIRFLOW_CTX_TASK_ID='etl_user' AIRFLOW_CTX_EXECUTION_DATE='2023-08-26T09:08:00+00:00' AIRFLOW_CTX_TRY_NUMBER='1' AIRFLOW_CTX_DAG_RUN_ID='scheduled__2023-08-26T09:08:00+00:00'
[2023-08-26T09:09:04.542+0000] {dag_etl.py:28} INFO - Extracting user...
[2023-08-26T09:09:05.807+0000] {extract.py:36} INFO - Request time: 0:00:01.263898
[2023-08-26T09:09:05.831+0000] {extract.py:42} INFO - Create DataFrame time: 0:00:00.023565
[2023-08-26T09:09:05.833+0000] {dag_etl.py:31} INFO - Complete extract user: 0:00:01.290745
[2023-08-26T09:09:05.833+0000] {dag_etl.py:33} INFO - Extracting resource...
[2023-08-26T09:09:07.068+0000] {extract.py:36} INFO - Request time: 0:00:01.234270
[2023-08-26T09:09:07.075+0000] {extract.py:42} INFO - Create DataFrame time: 0:00:00.006767
[2023-08-26T09:09:07.077+0000] {dag_etl.py:36} INFO - Complete extract resource: 0:00:01.244390
[2023-08-26T09:09:07.078+0000] {dag_etl.py:38} INFO - Transforming user...
[2023-08-26T09:09:07.120+0000] {dag_etl.py:42} INFO - Complete transform user: 0:00:00.042515
[2023-08-26T09:09:07.120+0000] {dag_etl.py:44} INFO - transform space_ships...
[2023-08-26T09:09:07.144+0000] {dag_etl.py:47} INFO - Complete transform space_ships: 0:00:00.023838
[2023-08-26T09:09:07.144+0000] {dag_etl.py:49} INFO - transform drones...
[2023-08-26T09:09:07.159+0000] {dag_etl.py:52} INFO - Complete transform drones: 0:00:00.015678
[2023-08-26T09:09:07.159+0000] {dag_etl.py:54} INFO - transform pilots...
[2023-08-26T09:09:07.170+0000] {dag_etl.py:57} INFO - Complete transform pilots: 0:00:00.010781
[2023-08-26T09:09:07.170+0000] {dag_etl.py:59} INFO - transform talents...
[2023-08-26T09:09:07.179+0000] {dag_etl.py:62} INFO - Complete transform talents: 0:00:00.009473
[2023-08-26T09:09:07.180+0000] {dag_etl.py:64} INFO - transform expert_items...
[2023-08-26T09:09:07.190+0000] {dag_etl.py:67} INFO - Complete transform expert_items: 0:00:00.010337
[2023-08-26T09:09:07.190+0000] {dag_etl.py:69} INFO - Loading user...
[2023-08-26T09:09:07.205+0000] {dag_etl.py:72} INFO - Complete load user: 0:00:00.015673
[2023-08-26T09:09:07.206+0000] {dag_etl.py:74} INFO - Loading space_ships...
[2023-08-26T09:09:07.225+0000] {dag_etl.py:77} INFO - Complete load space_ships: 0:00:00.019711
[2023-08-26T09:09:07.226+0000] {dag_etl.py:79} INFO - Loading drones...
[2023-08-26T09:09:07.238+0000] {dag_etl.py:82} INFO - Complete load drones: 0:00:00.013214
[2023-08-26T09:09:07.239+0000] {dag_etl.py:84} INFO - Loading pilots...
[2023-08-26T09:09:07.276+0000] {dag_etl.py:87} INFO - Complete load drones: 0:00:00.037923
[2023-08-26T09:09:07.277+0000] {dag_etl.py:89} INFO - Loading talents...
[2023-08-26T09:09:07.297+0000] {dag_etl.py:92} INFO - Complete load drones: 0:00:00.020648
[2023-08-26T09:09:07.297+0000] {dag_etl.py:94} INFO - Loading expert_items...
[2023-08-26T09:09:07.302+0000] {dag_etl.py:97} INFO - Complete load drones: 0:00:00.005221
[2023-08-26T09:09:07.303+0000] {dag_etl.py:99} INFO - Complete ETL Users in : 0:00:02.760652
[2023-08-26T09:09:07.304+0000] {python.py:194} INFO - Done. Returned value was: None
[2023-08-26T09:09:07.319+0000] {taskinstance.py:1400} INFO - Marking task as SUCCESS. dag_id=gaas_etl_1, task_id=etl_user, execution_date=20230826T090800, start_date=20230826T090904, end_date=20230826T090907
[2023-08-26T09:09:07.385+0000] {local_task_job_runner.py:228} INFO - Task exited with return code 0
[2023-08-26T09:09:07.411+0000] {taskinstance.py:2784} INFO - 0 downstream tasks scheduled from follow-on schedule check
