[2023-08-25T15:35:32.270+0000] {taskinstance.py:1159} INFO - Dependencies all met for dep_context=non-requeueable deps ti=<TaskInstance: etl_event_dag.etl_event manual__2023-08-25T15:35:25.478829+00:00 [queued]>
[2023-08-25T15:35:32.318+0000] {taskinstance.py:1159} INFO - Dependencies all met for dep_context=requeueable deps ti=<TaskInstance: etl_event_dag.etl_event manual__2023-08-25T15:35:25.478829+00:00 [queued]>
[2023-08-25T15:35:32.335+0000] {taskinstance.py:1361} INFO - Starting attempt 1 of 1
[2023-08-25T15:35:32.428+0000] {taskinstance.py:1382} INFO - Executing <Task(PythonOperator): etl_event> on 2023-08-25 15:35:25.478829+00:00
[2023-08-25T15:35:32.444+0000] {standard_task_runner.py:57} INFO - Started process 207469 to run task
[2023-08-25T15:35:32.467+0000] {standard_task_runner.py:84} INFO - Running: ['airflow', 'tasks', 'run', 'etl_event_dag', 'etl_event', 'manual__2023-08-25T15:35:25.478829+00:00', '--job-id', '14', '--raw', '--subdir', 'DAGS_FOLDER/dag_etl.py', '--cfg-path', '/tmp/tmpq8osxhue']
[2023-08-25T15:35:32.486+0000] {standard_task_runner.py:85} INFO - Job 14: Subtask etl_event
[2023-08-25T15:35:32.749+0000] {task_command.py:415} INFO - Running <TaskInstance: etl_event_dag.etl_event manual__2023-08-25T15:35:25.478829+00:00 [running]> on host data-system.us-central1-a.c.data-system-392010.internal
[2023-08-25T15:35:33.145+0000] {taskinstance.py:1660} INFO - Exporting env vars: AIRFLOW_CTX_DAG_EMAIL='hungnm15012002@gmail.com' AIRFLOW_CTX_DAG_OWNER='hungnm' AIRFLOW_CTX_DAG_ID='etl_event_dag' AIRFLOW_CTX_TASK_ID='etl_event' AIRFLOW_CTX_EXECUTION_DATE='2023-08-25T15:35:25.478829+00:00' AIRFLOW_CTX_TRY_NUMBER='1' AIRFLOW_CTX_DAG_RUN_ID='manual__2023-08-25T15:35:25.478829+00:00'
[2023-08-25T15:35:33.225+0000] {dag_etl.py:116} INFO - Extracting event...
[2023-08-25T15:35:38.889+0000] {extract.py:36} INFO - Request time: 0:00:05.661590
[2023-08-25T15:35:41.221+0000] {extract.py:42} INFO - Create DataFrame time: 0:00:02.328215
[2023-08-25T15:35:41.251+0000] {dag_etl.py:119} INFO - Complete extract event: 0:00:08.025553
[2023-08-25T15:35:41.256+0000] {dag_etl.py:121} INFO - Transforming action...
[2023-08-25T15:35:41.328+0000] {logging_mixin.py:151} WARNING - /home/data-engineer/GAAS_Data_System/ETL/transform.py:52 SettingWithCopyWarning:
A value is trying to be set on a copy of a slice from a DataFrame.
Try using .loc[row_indexer,col_indexer] = value instead

See the caveats in the documentation: https://pandas.pydata.org/pandas-docs/stable/user_guide/indexing.html#returning-a-view-versus-a-copy
[2023-08-25T15:35:41.482+0000] {logging_mixin.py:151} WARNING - /home/data-engineer/GAAS_Data_System/ETL/transform.py:53 SettingWithCopyWarning:
A value is trying to be set on a copy of a slice from a DataFrame.
Try using .loc[row_indexer,col_indexer] = value instead

See the caveats in the documentation: https://pandas.pydata.org/pandas-docs/stable/user_guide/indexing.html#returning-a-view-versus-a-copy
[2023-08-25T15:36:02.442+0000] {logging_mixin.py:151} WARNING - /home/data-engineer/GAAS_Data_System/ETL/transform.py:57 SettingWithCopyWarning:
A value is trying to be set on a copy of a slice from a DataFrame.
Try using .loc[row_indexer,col_indexer] = value instead

See the caveats in the documentation: https://pandas.pydata.org/pandas-docs/stable/user_guide/indexing.html#returning-a-view-versus-a-copy
[2023-08-25T15:36:02.454+0000] {logging_mixin.py:151} WARNING - /home/data-engineer/GAAS_Data_System/ETL/transform.py:58 SettingWithCopyWarning:
A value is trying to be set on a copy of a slice from a DataFrame.
Try using .loc[row_indexer,col_indexer] = value instead

See the caveats in the documentation: https://pandas.pydata.org/pandas-docs/stable/user_guide/indexing.html#returning-a-view-versus-a-copy
[2023-08-25T15:36:02.504+0000] {logging_mixin.py:151} WARNING - /home/data-engineer/GAAS_Data_System/ETL/verify_func.py:55 UserWarning: pandas only supports SQLAlchemy connectable (engine/connection) or database string URI or sqlite3 DBAPI2 connection. Other DBAPI2 objects are not tested. Please consider using SQLAlchemy.
[2023-08-25T15:36:02.535+0000] {logging_mixin.py:151} WARNING - /home/data-engineer/GAAS_Data_System/ETL/transform.py:65 SettingWithCopyWarning:
A value is trying to be set on a copy of a slice from a DataFrame.
Try using .loc[row_indexer,col_indexer] = value instead

See the caveats in the documentation: https://pandas.pydata.org/pandas-docs/stable/user_guide/indexing.html#returning-a-view-versus-a-copy
[2023-08-25T15:36:15.156+0000] {logging_mixin.py:151} WARNING - /home/data-engineer/GAAS_Data_System/ETL/transform.py:68 SettingWithCopyWarning:
A value is trying to be set on a copy of a slice from a DataFrame.
Try using .loc[row_indexer,col_indexer] = value instead

See the caveats in the documentation: https://pandas.pydata.org/pandas-docs/stable/user_guide/indexing.html#returning-a-view-versus-a-copy
[2023-08-25T15:36:15.242+0000] {dag_etl.py:124} INFO - Complete transform action: 0:00:33.990640
[2023-08-25T15:36:15.245+0000] {dag_etl.py:126} INFO - Transforming transaction...
[2023-08-25T15:36:15.280+0000] {logging_mixin.py:151} WARNING - /home/data-engineer/GAAS_Data_System/ETL/transform.py:45 SettingWithCopyWarning:
A value is trying to be set on a copy of a slice from a DataFrame.
Try using .loc[row_indexer,col_indexer] = value instead

See the caveats in the documentation: https://pandas.pydata.org/pandas-docs/stable/user_guide/indexing.html#returning-a-view-versus-a-copy
[2023-08-25T15:36:15.301+0000] {logging_mixin.py:151} WARNING - /home/data-engineer/GAAS_Data_System/ETL/transform.py:48 SettingWithCopyWarning:
A value is trying to be set on a copy of a slice from a DataFrame.
Try using .loc[row_indexer,col_indexer] = value instead

See the caveats in the documentation: https://pandas.pydata.org/pandas-docs/stable/user_guide/indexing.html#returning-a-view-versus-a-copy
[2023-08-25T15:36:15.347+0000] {logging_mixin.py:151} WARNING - /home/data-engineer/GAAS_Data_System/ETL/transform.py:49 SettingWithCopyWarning:
A value is trying to be set on a copy of a slice from a DataFrame.
Try using .loc[row_indexer,col_indexer] = value instead

See the caveats in the documentation: https://pandas.pydata.org/pandas-docs/stable/user_guide/indexing.html#returning-a-view-versus-a-copy
[2023-08-25T15:36:15.366+0000] {logging_mixin.py:151} WARNING - /home/data-engineer/GAAS_Data_System/ETL/transform.py:52 SettingWithCopyWarning:
A value is trying to be set on a copy of a slice from a DataFrame.
Try using .loc[row_indexer,col_indexer] = value instead

See the caveats in the documentation: https://pandas.pydata.org/pandas-docs/stable/user_guide/indexing.html#returning-a-view-versus-a-copy
[2023-08-25T15:36:15.421+0000] {logging_mixin.py:151} WARNING - /home/data-engineer/GAAS_Data_System/ETL/transform.py:53 SettingWithCopyWarning:
A value is trying to be set on a copy of a slice from a DataFrame.
Try using .loc[row_indexer,col_indexer] = value instead

See the caveats in the documentation: https://pandas.pydata.org/pandas-docs/stable/user_guide/indexing.html#returning-a-view-versus-a-copy
[2023-08-25T15:36:29.189+0000] {logging_mixin.py:151} WARNING - /home/data-engineer/GAAS_Data_System/ETL/transform.py:57 SettingWithCopyWarning:
A value is trying to be set on a copy of a slice from a DataFrame.
Try using .loc[row_indexer,col_indexer] = value instead

See the caveats in the documentation: https://pandas.pydata.org/pandas-docs/stable/user_guide/indexing.html#returning-a-view-versus-a-copy
[2023-08-25T15:36:29.200+0000] {logging_mixin.py:151} WARNING - /home/data-engineer/GAAS_Data_System/ETL/transform.py:58 SettingWithCopyWarning:
A value is trying to be set on a copy of a slice from a DataFrame.
Try using .loc[row_indexer,col_indexer] = value instead

See the caveats in the documentation: https://pandas.pydata.org/pandas-docs/stable/user_guide/indexing.html#returning-a-view-versus-a-copy
[2023-08-25T15:36:29.206+0000] {logging_mixin.py:151} WARNING - /home/data-engineer/GAAS_Data_System/ETL/verify_func.py:55 UserWarning: pandas only supports SQLAlchemy connectable (engine/connection) or database string URI or sqlite3 DBAPI2 connection. Other DBAPI2 objects are not tested. Please consider using SQLAlchemy.
[2023-08-25T15:36:29.218+0000] {logging_mixin.py:151} WARNING - /home/data-engineer/GAAS_Data_System/ETL/transform.py:65 SettingWithCopyWarning:
A value is trying to be set on a copy of a slice from a DataFrame.
Try using .loc[row_indexer,col_indexer] = value instead

See the caveats in the documentation: https://pandas.pydata.org/pandas-docs/stable/user_guide/indexing.html#returning-a-view-versus-a-copy
[2023-08-25T15:36:35.307+0000] {logging_mixin.py:151} WARNING - /home/data-engineer/GAAS_Data_System/ETL/transform.py:68 SettingWithCopyWarning:
A value is trying to be set on a copy of a slice from a DataFrame.
Try using .loc[row_indexer,col_indexer] = value instead

See the caveats in the documentation: https://pandas.pydata.org/pandas-docs/stable/user_guide/indexing.html#returning-a-view-versus-a-copy
[2023-08-25T15:36:35.353+0000] {dag_etl.py:129} INFO - Complete transform transaction: 0:00:20.110993
[2023-08-25T15:36:35.355+0000] {dag_etl.py:131} INFO - Loading action...
[2023-08-25T15:36:38.297+0000] {dag_etl.py:134} INFO - Complete load action: 0:00:02.944274
[2023-08-25T15:36:38.300+0000] {dag_etl.py:136} INFO - Loading transaction...
[2023-08-25T15:36:39.822+0000] {dag_etl.py:139} INFO - Complete load transaction: 0:00:01.524925
[2023-08-25T15:36:39.822+0000] {dag_etl.py:141} INFO - Complete ETL Events in : 0:01:06.597029
[2023-08-25T15:36:39.886+0000] {python.py:194} INFO - Done. Returned value was: None
[2023-08-25T15:36:39.918+0000] {taskinstance.py:1400} INFO - Marking task as SUCCESS. dag_id=etl_event_dag, task_id=etl_event, execution_date=20230825T153525, start_date=20230825T153532, end_date=20230825T153639
[2023-08-25T15:36:40.029+0000] {local_task_job_runner.py:228} INFO - Task exited with return code 0
[2023-08-25T15:36:40.087+0000] {taskinstance.py:2784} INFO - 0 downstream tasks scheduled from follow-on schedule check
