[2023-08-27T21:10:07.421+0000] {taskinstance.py:1159} INFO - Dependencies all met for dep_context=non-requeueable deps ti=<TaskInstance: gaas_etl_1.etl_user scheduled__2023-08-27T21:09:00+00:00 [queued]>
[2023-08-27T21:10:07.452+0000] {taskinstance.py:1159} INFO - Dependencies all met for dep_context=requeueable deps ti=<TaskInstance: gaas_etl_1.etl_user scheduled__2023-08-27T21:09:00+00:00 [queued]>
[2023-08-27T21:10:07.453+0000] {taskinstance.py:1361} INFO - Starting attempt 1 of 1
[2023-08-27T21:10:07.509+0000] {taskinstance.py:1382} INFO - Executing <Task(PythonOperator): etl_user> on 2023-08-27 21:09:00+00:00
[2023-08-27T21:10:07.529+0000] {standard_task_runner.py:57} INFO - Started process 459143 to run task
[2023-08-27T21:10:07.548+0000] {standard_task_runner.py:84} INFO - Running: ['airflow', 'tasks', 'run', 'gaas_etl_1', 'etl_user', 'scheduled__2023-08-27T21:09:00+00:00', '--job-id', '7401', '--raw', '--subdir', 'DAGS_FOLDER/dag_etl.py', '--cfg-path', '/tmp/tmpafx5jee5']
[2023-08-27T21:10:07.556+0000] {standard_task_runner.py:85} INFO - Job 7401: Subtask etl_user
[2023-08-27T21:10:08.062+0000] {task_command.py:415} INFO - Running <TaskInstance: gaas_etl_1.etl_user scheduled__2023-08-27T21:09:00+00:00 [running]> on host data-system.us-central1-a.c.data-system-392010.internal
[2023-08-27T21:10:09.432+0000] {taskinstance.py:1660} INFO - Exporting env vars: AIRFLOW_CTX_DAG_EMAIL='hungnm15012002@gmail.com' AIRFLOW_CTX_DAG_OWNER='hungnm' AIRFLOW_CTX_DAG_ID='gaas_etl_1' AIRFLOW_CTX_TASK_ID='etl_user' AIRFLOW_CTX_EXECUTION_DATE='2023-08-27T21:09:00+00:00' AIRFLOW_CTX_TRY_NUMBER='1' AIRFLOW_CTX_DAG_RUN_ID='scheduled__2023-08-27T21:09:00+00:00'
[2023-08-27T21:10:09.456+0000] {dag_etl.py:28} INFO - Extracting user...
[2023-08-27T21:10:20.187+0000] {extract.py:36} INFO - Request time: 0:00:10.730100
[2023-08-27T21:10:20.600+0000] {extract.py:42} INFO - Create DataFrame time: 0:00:00.412562
[2023-08-27T21:10:20.605+0000] {dag_etl.py:31} INFO - Complete extract user: 0:00:11.148291
[2023-08-27T21:10:20.606+0000] {dag_etl.py:33} INFO - Extracting resource...
[2023-08-27T21:10:28.285+0000] {extract.py:36} INFO - Request time: 0:00:07.678449
[2023-08-27T21:10:28.380+0000] {extract.py:42} INFO - Create DataFrame time: 0:00:00.094733
[2023-08-27T21:10:28.393+0000] {dag_etl.py:36} INFO - Complete extract resource: 0:00:07.787936
[2023-08-27T21:10:28.394+0000] {dag_etl.py:38} INFO - Transforming user...
[2023-08-27T21:10:28.668+0000] {dag_etl.py:42} INFO - Complete transform user: 0:00:00.275048
[2023-08-27T21:10:28.678+0000] {dag_etl.py:44} INFO - transform space_ships...
[2023-08-27T21:10:28.853+0000] {dag_etl.py:47} INFO - Complete transform space_ships: 0:00:00.185484
[2023-08-27T21:10:28.854+0000] {dag_etl.py:49} INFO - transform drones...
[2023-08-27T21:10:28.918+0000] {dag_etl.py:52} INFO - Complete transform drones: 0:00:00.065282
[2023-08-27T21:10:28.920+0000] {dag_etl.py:54} INFO - transform pilots...
[2023-08-27T21:10:28.990+0000] {dag_etl.py:57} INFO - Complete transform pilots: 0:00:00.071675
[2023-08-27T21:10:28.991+0000] {dag_etl.py:59} INFO - transform talents...
[2023-08-27T21:10:29.055+0000] {dag_etl.py:62} INFO - Complete transform talents: 0:00:00.065287
[2023-08-27T21:10:29.056+0000] {dag_etl.py:64} INFO - transform expert_items...
[2023-08-27T21:10:29.110+0000] {dag_etl.py:67} INFO - Complete transform expert_items: 0:00:00.054327
[2023-08-27T21:10:29.110+0000] {dag_etl.py:69} INFO - Loading user...
[2023-08-27T21:10:30.092+0000] {dag_etl.py:72} INFO - Complete load user: 0:00:00.982444
[2023-08-27T21:10:30.093+0000] {dag_etl.py:74} INFO - Loading space_ships...
[2023-08-27T21:10:31.236+0000] {dag_etl.py:77} INFO - Complete load space_ships: 0:00:01.143417
[2023-08-27T21:10:31.236+0000] {dag_etl.py:79} INFO - Loading drones...
[2023-08-27T21:10:32.137+0000] {dag_etl.py:82} INFO - Complete load drones: 0:00:00.901094
[2023-08-27T21:10:32.137+0000] {dag_etl.py:84} INFO - Loading pilots...
[2023-08-27T21:10:33.603+0000] {dag_etl.py:87} INFO - Complete load drones: 0:00:01.466599
[2023-08-27T21:10:33.604+0000] {dag_etl.py:89} INFO - Loading talents...
[2023-08-27T21:10:34.878+0000] {dag_etl.py:92} INFO - Complete load drones: 0:00:01.274677
[2023-08-27T21:10:34.879+0000] {dag_etl.py:94} INFO - Loading expert_items...
[2023-08-27T21:10:35.507+0000] {dag_etl.py:97} INFO - Complete load drones: 0:00:00.628791
[2023-08-27T21:10:35.508+0000] {dag_etl.py:99} INFO - Complete ETL Users in : 0:00:26.051373
[2023-08-27T21:10:35.526+0000] {python.py:194} INFO - Done. Returned value was: None
[2023-08-27T21:10:35.546+0000] {taskinstance.py:1400} INFO - Marking task as SUCCESS. dag_id=gaas_etl_1, task_id=etl_user, execution_date=20230827T210900, start_date=20230827T211007, end_date=20230827T211035
[2023-08-27T21:10:35.641+0000] {local_task_job_runner.py:228} INFO - Task exited with return code 0
[2023-08-27T21:10:35.695+0000] {taskinstance.py:2784} INFO - 0 downstream tasks scheduled from follow-on schedule check
