[2023-08-28T01:20:07.120+0000] {taskinstance.py:1159} INFO - Dependencies all met for dep_context=non-requeueable deps ti=<TaskInstance: gaas_etl_1.etl_user scheduled__2023-08-28T01:19:00+00:00 [queued]>
[2023-08-28T01:20:07.140+0000] {taskinstance.py:1159} INFO - Dependencies all met for dep_context=requeueable deps ti=<TaskInstance: gaas_etl_1.etl_user scheduled__2023-08-28T01:19:00+00:00 [queued]>
[2023-08-28T01:20:07.140+0000] {taskinstance.py:1361} INFO - Starting attempt 1 of 1
[2023-08-28T01:20:07.173+0000] {taskinstance.py:1382} INFO - Executing <Task(PythonOperator): etl_user> on 2023-08-28 01:19:00+00:00
[2023-08-28T01:20:07.190+0000] {standard_task_runner.py:57} INFO - Started process 485344 to run task
[2023-08-28T01:20:07.213+0000] {standard_task_runner.py:84} INFO - Running: ['airflow', 'tasks', 'run', 'gaas_etl_1', 'etl_user', 'scheduled__2023-08-28T01:19:00+00:00', '--job-id', '8151', '--raw', '--subdir', 'DAGS_FOLDER/dag_etl.py', '--cfg-path', '/tmp/tmphulovbiz']
[2023-08-28T01:20:07.228+0000] {standard_task_runner.py:85} INFO - Job 8151: Subtask etl_user
[2023-08-28T01:20:08.117+0000] {task_command.py:415} INFO - Running <TaskInstance: gaas_etl_1.etl_user scheduled__2023-08-28T01:19:00+00:00 [running]> on host data-system.us-central1-a.c.data-system-392010.internal
[2023-08-28T01:20:08.782+0000] {taskinstance.py:1660} INFO - Exporting env vars: AIRFLOW_CTX_DAG_EMAIL='hungnm15012002@gmail.com' AIRFLOW_CTX_DAG_OWNER='hungnm' AIRFLOW_CTX_DAG_ID='gaas_etl_1' AIRFLOW_CTX_TASK_ID='etl_user' AIRFLOW_CTX_EXECUTION_DATE='2023-08-28T01:19:00+00:00' AIRFLOW_CTX_TRY_NUMBER='1' AIRFLOW_CTX_DAG_RUN_ID='scheduled__2023-08-28T01:19:00+00:00'
[2023-08-28T01:20:08.809+0000] {dag_etl.py:28} INFO - Extracting user...
[2023-08-28T01:20:12.793+0000] {extract.py:36} INFO - Request time: 0:00:03.983051
[2023-08-28T01:20:13.563+0000] {extract.py:42} INFO - Create DataFrame time: 0:00:00.769047
[2023-08-28T01:20:13.568+0000] {dag_etl.py:31} INFO - Complete extract user: 0:00:04.758749
[2023-08-28T01:20:13.569+0000] {dag_etl.py:33} INFO - Extracting resource...
[2023-08-28T01:20:15.532+0000] {extract.py:36} INFO - Request time: 0:00:01.963366
[2023-08-28T01:20:15.589+0000] {extract.py:42} INFO - Create DataFrame time: 0:00:00.056123
[2023-08-28T01:20:15.592+0000] {dag_etl.py:36} INFO - Complete extract resource: 0:00:02.023955
[2023-08-28T01:20:15.593+0000] {dag_etl.py:38} INFO - Transforming user...
[2023-08-28T01:20:15.877+0000] {dag_etl.py:42} INFO - Complete transform user: 0:00:00.284733
[2023-08-28T01:20:15.877+0000] {dag_etl.py:44} INFO - transform space_ships...
[2023-08-28T01:20:16.138+0000] {dag_etl.py:47} INFO - Complete transform space_ships: 0:00:00.261696
[2023-08-28T01:20:16.141+0000] {dag_etl.py:49} INFO - transform drones...
[2023-08-28T01:20:16.271+0000] {dag_etl.py:52} INFO - Complete transform drones: 0:00:00.132594
[2023-08-28T01:20:16.272+0000] {dag_etl.py:54} INFO - transform pilots...
[2023-08-28T01:20:16.371+0000] {dag_etl.py:57} INFO - Complete transform pilots: 0:00:00.100211
[2023-08-28T01:20:16.372+0000] {dag_etl.py:59} INFO - transform talents...
[2023-08-28T01:20:16.414+0000] {dag_etl.py:62} INFO - Complete transform talents: 0:00:00.043157
[2023-08-28T01:20:16.415+0000] {dag_etl.py:64} INFO - transform expert_items...
[2023-08-28T01:20:16.456+0000] {dag_etl.py:67} INFO - Complete transform expert_items: 0:00:00.042102
[2023-08-28T01:20:16.457+0000] {dag_etl.py:69} INFO - Loading user...
[2023-08-28T01:20:17.859+0000] {dag_etl.py:72} INFO - Complete load user: 0:00:01.402064
[2023-08-28T01:20:17.859+0000] {dag_etl.py:74} INFO - Loading space_ships...
[2023-08-28T01:20:19.571+0000] {dag_etl.py:77} INFO - Complete load space_ships: 0:00:01.712349
[2023-08-28T01:20:19.571+0000] {dag_etl.py:79} INFO - Loading drones...
[2023-08-28T01:20:21.160+0000] {dag_etl.py:82} INFO - Complete load drones: 0:00:01.588725
[2023-08-28T01:20:21.160+0000] {dag_etl.py:84} INFO - Loading pilots...
[2023-08-28T01:20:23.647+0000] {dag_etl.py:87} INFO - Complete load drones: 0:00:02.487657
[2023-08-28T01:20:23.648+0000] {dag_etl.py:89} INFO - Loading talents...
[2023-08-28T01:20:25.107+0000] {dag_etl.py:92} INFO - Complete load drones: 0:00:01.459310
[2023-08-28T01:20:25.107+0000] {dag_etl.py:94} INFO - Loading expert_items...
[2023-08-28T01:20:26.111+0000] {dag_etl.py:97} INFO - Complete load drones: 0:00:01.004242
[2023-08-28T01:20:26.111+0000] {dag_etl.py:99} INFO - Complete ETL Users in : 0:00:17.302272
[2023-08-28T01:20:26.183+0000] {python.py:194} INFO - Done. Returned value was: None
[2023-08-28T01:20:26.246+0000] {taskinstance.py:1400} INFO - Marking task as SUCCESS. dag_id=gaas_etl_1, task_id=etl_user, execution_date=20230828T011900, start_date=20230828T012007, end_date=20230828T012026
[2023-08-28T01:20:26.353+0000] {local_task_job_runner.py:228} INFO - Task exited with return code 0
[2023-08-28T01:20:26.406+0000] {taskinstance.py:2784} INFO - 0 downstream tasks scheduled from follow-on schedule check
