[2023-08-27T19:19:07.561+0000] {taskinstance.py:1159} INFO - Dependencies all met for dep_context=non-requeueable deps ti=<TaskInstance: gaas_etl_1.etl_user scheduled__2023-08-27T19:18:00+00:00 [queued]>
[2023-08-27T19:19:07.577+0000] {taskinstance.py:1159} INFO - Dependencies all met for dep_context=requeueable deps ti=<TaskInstance: gaas_etl_1.etl_user scheduled__2023-08-27T19:18:00+00:00 [queued]>
[2023-08-27T19:19:07.578+0000] {taskinstance.py:1361} INFO - Starting attempt 1 of 1
[2023-08-27T19:19:07.606+0000] {taskinstance.py:1382} INFO - Executing <Task(PythonOperator): etl_user> on 2023-08-27 19:18:00+00:00
[2023-08-27T19:19:07.617+0000] {standard_task_runner.py:57} INFO - Started process 447471 to run task
[2023-08-27T19:19:07.637+0000] {standard_task_runner.py:84} INFO - Running: ['airflow', 'tasks', 'run', 'gaas_etl_1', 'etl_user', 'scheduled__2023-08-27T19:18:00+00:00', '--job-id', '7067', '--raw', '--subdir', 'DAGS_FOLDER/dag_etl.py', '--cfg-path', '/tmp/tmpbykx6xtg']
[2023-08-27T19:19:07.645+0000] {standard_task_runner.py:85} INFO - Job 7067: Subtask etl_user
[2023-08-27T19:19:08.151+0000] {task_command.py:415} INFO - Running <TaskInstance: gaas_etl_1.etl_user scheduled__2023-08-27T19:18:00+00:00 [running]> on host data-system.us-central1-a.c.data-system-392010.internal
[2023-08-27T19:19:09.142+0000] {taskinstance.py:1660} INFO - Exporting env vars: AIRFLOW_CTX_DAG_EMAIL='hungnm15012002@gmail.com' AIRFLOW_CTX_DAG_OWNER='hungnm' AIRFLOW_CTX_DAG_ID='gaas_etl_1' AIRFLOW_CTX_TASK_ID='etl_user' AIRFLOW_CTX_EXECUTION_DATE='2023-08-27T19:18:00+00:00' AIRFLOW_CTX_TRY_NUMBER='1' AIRFLOW_CTX_DAG_RUN_ID='scheduled__2023-08-27T19:18:00+00:00'
[2023-08-27T19:19:09.167+0000] {dag_etl.py:28} INFO - Extracting user...
[2023-08-27T19:19:17.847+0000] {extract.py:36} INFO - Request time: 0:00:08.679069
[2023-08-27T19:19:19.072+0000] {extract.py:42} INFO - Create DataFrame time: 0:00:01.224915
[2023-08-27T19:19:19.080+0000] {dag_etl.py:31} INFO - Complete extract user: 0:00:09.913318
[2023-08-27T19:19:19.081+0000] {dag_etl.py:33} INFO - Extracting resource...
[2023-08-27T19:19:25.435+0000] {extract.py:36} INFO - Request time: 0:00:06.353282
[2023-08-27T19:19:25.646+0000] {extract.py:42} INFO - Create DataFrame time: 0:00:00.210337
[2023-08-27T19:19:25.659+0000] {dag_etl.py:36} INFO - Complete extract resource: 0:00:06.578734
[2023-08-27T19:19:25.660+0000] {dag_etl.py:38} INFO - Transforming user...
[2023-08-27T19:19:26.006+0000] {dag_etl.py:42} INFO - Complete transform user: 0:00:00.346695
[2023-08-27T19:19:26.006+0000] {dag_etl.py:44} INFO - transform space_ships...
[2023-08-27T19:19:26.284+0000] {dag_etl.py:47} INFO - Complete transform space_ships: 0:00:00.278651
[2023-08-27T19:19:26.285+0000] {dag_etl.py:49} INFO - transform drones...
[2023-08-27T19:19:26.464+0000] {dag_etl.py:52} INFO - Complete transform drones: 0:00:00.179301
[2023-08-27T19:19:26.464+0000] {dag_etl.py:54} INFO - transform pilots...
[2023-08-27T19:19:26.589+0000] {dag_etl.py:57} INFO - Complete transform pilots: 0:00:00.125183
[2023-08-27T19:19:26.590+0000] {dag_etl.py:59} INFO - transform talents...
[2023-08-27T19:19:26.663+0000] {dag_etl.py:62} INFO - Complete transform talents: 0:00:00.073898
[2023-08-27T19:19:26.663+0000] {dag_etl.py:64} INFO - transform expert_items...
[2023-08-27T19:19:26.733+0000] {dag_etl.py:67} INFO - Complete transform expert_items: 0:00:00.070384
[2023-08-27T19:19:26.734+0000] {dag_etl.py:69} INFO - Loading user...
[2023-08-27T19:19:28.656+0000] {dag_etl.py:72} INFO - Complete load user: 0:00:01.922704
[2023-08-27T19:19:28.657+0000] {dag_etl.py:74} INFO - Loading space_ships...
[2023-08-27T19:19:31.758+0000] {dag_etl.py:77} INFO - Complete load space_ships: 0:00:03.102456
[2023-08-27T19:19:31.759+0000] {dag_etl.py:79} INFO - Loading drones...
[2023-08-27T19:19:34.052+0000] {dag_etl.py:82} INFO - Complete load drones: 0:00:02.293894
[2023-08-27T19:19:34.053+0000] {dag_etl.py:84} INFO - Loading pilots...
[2023-08-27T19:19:38.112+0000] {dag_etl.py:87} INFO - Complete load drones: 0:00:04.059564
[2023-08-27T19:19:38.112+0000] {dag_etl.py:89} INFO - Loading talents...
[2023-08-27T19:19:40.521+0000] {dag_etl.py:92} INFO - Complete load drones: 0:00:02.409052
[2023-08-27T19:19:40.521+0000] {dag_etl.py:94} INFO - Loading expert_items...
[2023-08-27T19:19:42.329+0000] {dag_etl.py:97} INFO - Complete load drones: 0:00:01.808463
[2023-08-27T19:19:42.330+0000] {dag_etl.py:99} INFO - Complete ETL Users in : 0:00:33.162845
[2023-08-27T19:19:42.376+0000] {python.py:194} INFO - Done. Returned value was: None
[2023-08-27T19:19:42.398+0000] {taskinstance.py:1400} INFO - Marking task as SUCCESS. dag_id=gaas_etl_1, task_id=etl_user, execution_date=20230827T191800, start_date=20230827T191907, end_date=20230827T191942
[2023-08-27T19:19:42.541+0000] {local_task_job_runner.py:228} INFO - Task exited with return code 0
[2023-08-27T19:19:42.645+0000] {taskinstance.py:2784} INFO - 0 downstream tasks scheduled from follow-on schedule check
