[2023-08-25T15:16:48.301+0000] {processor.py:157} INFO - Started process (PID=196688) to work on /home/data-engineer/GAAS_Data_System/venv/lib/python3.10/site-packages/airflow/example_dags/example_subdag_operator.py
[2023-08-25T15:16:48.306+0000] {processor.py:829} INFO - Processing file /home/data-engineer/GAAS_Data_System/venv/lib/python3.10/site-packages/airflow/example_dags/example_subdag_operator.py for tasks to queue
[2023-08-25T15:16:48.308+0000] {logging_mixin.py:151} INFO - [2023-08-25T15:16:48.307+0000] {dagbag.py:539} INFO - Filling up the DagBag from /home/data-engineer/GAAS_Data_System/venv/lib/python3.10/site-packages/airflow/example_dags/example_subdag_operator.py
[2023-08-25T15:16:48.377+0000] {processor.py:839} INFO - DAG(s) dict_keys(['example_subdag_operator.section-1', 'example_subdag_operator.section-2', 'example_subdag_operator']) retrieved from /home/data-engineer/GAAS_Data_System/venv/lib/python3.10/site-packages/airflow/example_dags/example_subdag_operator.py
[2023-08-25T15:16:48.672+0000] {logging_mixin.py:151} INFO - [2023-08-25T15:16:48.672+0000] {manager.py:501} INFO - Created Permission View: can delete on DAG:example_subdag_operator
[2023-08-25T15:16:48.711+0000] {logging_mixin.py:151} INFO - [2023-08-25T15:16:48.711+0000] {manager.py:501} INFO - Created Permission View: can edit on DAG:example_subdag_operator
[2023-08-25T15:16:48.731+0000] {logging_mixin.py:151} INFO - [2023-08-25T15:16:48.730+0000] {manager.py:501} INFO - Created Permission View: can read on DAG:example_subdag_operator
[2023-08-25T15:16:48.763+0000] {logging_mixin.py:151} INFO - [2023-08-25T15:16:48.762+0000] {dag.py:2907} INFO - Sync 3 DAGs
[2023-08-25T15:16:48.785+0000] {logging_mixin.py:151} INFO - [2023-08-25T15:16:48.784+0000] {dag.py:2929} INFO - Creating ORM DAG for example_subdag_operator.section-1
[2023-08-25T15:16:48.786+0000] {logging_mixin.py:151} INFO - [2023-08-25T15:16:48.786+0000] {dag.py:2929} INFO - Creating ORM DAG for example_subdag_operator
[2023-08-25T15:16:48.787+0000] {logging_mixin.py:151} INFO - [2023-08-25T15:16:48.787+0000] {dag.py:2929} INFO - Creating ORM DAG for example_subdag_operator.section-2
[2023-08-25T15:16:48.805+0000] {logging_mixin.py:151} INFO - [2023-08-25T15:16:48.805+0000] {dag.py:3677} INFO - Setting next_dagrun for example_subdag_operator to 2021-12-31T17:00:00+00:00, run_after=2021-12-31T17:00:00+00:00
[2023-08-25T15:16:48.807+0000] {logging_mixin.py:151} INFO - [2023-08-25T15:16:48.806+0000] {dag.py:3677} INFO - Setting next_dagrun for example_subdag_operator.section-1 to None, run_after=None
[2023-08-25T15:16:48.807+0000] {logging_mixin.py:151} INFO - [2023-08-25T15:16:48.807+0000] {dag.py:3677} INFO - Setting next_dagrun for example_subdag_operator.section-2 to None, run_after=None
[2023-08-25T15:16:48.825+0000] {logging_mixin.py:151} INFO - [2023-08-25T15:16:48.825+0000] {dag.py:2907} INFO - Sync 2 DAGs
[2023-08-25T15:16:48.837+0000] {logging_mixin.py:151} INFO - [2023-08-25T15:16:48.837+0000] {dag.py:3677} INFO - Setting next_dagrun for example_subdag_operator.section-1 to None, run_after=None
[2023-08-25T15:16:48.842+0000] {logging_mixin.py:151} INFO - [2023-08-25T15:16:48.842+0000] {dag.py:3677} INFO - Setting next_dagrun for example_subdag_operator.section-2 to None, run_after=None
[2023-08-25T15:16:48.885+0000] {processor.py:179} INFO - Processing /home/data-engineer/GAAS_Data_System/venv/lib/python3.10/site-packages/airflow/example_dags/example_subdag_operator.py took 0.600 seconds
[2023-08-25T15:17:19.311+0000] {processor.py:157} INFO - Started process (PID=197087) to work on /home/data-engineer/GAAS_Data_System/venv/lib/python3.10/site-packages/airflow/example_dags/example_subdag_operator.py
[2023-08-25T15:17:19.313+0000] {processor.py:829} INFO - Processing file /home/data-engineer/GAAS_Data_System/venv/lib/python3.10/site-packages/airflow/example_dags/example_subdag_operator.py for tasks to queue
[2023-08-25T15:17:19.315+0000] {logging_mixin.py:151} INFO - [2023-08-25T15:17:19.314+0000] {dagbag.py:539} INFO - Filling up the DagBag from /home/data-engineer/GAAS_Data_System/venv/lib/python3.10/site-packages/airflow/example_dags/example_subdag_operator.py
[2023-08-25T15:17:19.372+0000] {processor.py:839} INFO - DAG(s) dict_keys(['example_subdag_operator.section-1', 'example_subdag_operator.section-2', 'example_subdag_operator']) retrieved from /home/data-engineer/GAAS_Data_System/venv/lib/python3.10/site-packages/airflow/example_dags/example_subdag_operator.py
[2023-08-25T15:17:19.404+0000] {logging_mixin.py:151} INFO - [2023-08-25T15:17:19.403+0000] {dag.py:2907} INFO - Sync 3 DAGs
[2023-08-25T15:17:19.445+0000] {logging_mixin.py:151} INFO - [2023-08-25T15:17:19.444+0000] {dag.py:3677} INFO - Setting next_dagrun for example_subdag_operator to 2021-12-31T17:00:00+00:00, run_after=2021-12-31T17:00:00+00:00
[2023-08-25T15:17:19.452+0000] {logging_mixin.py:151} INFO - [2023-08-25T15:17:19.452+0000] {dag.py:3677} INFO - Setting next_dagrun for example_subdag_operator.section-1 to None, run_after=None
[2023-08-25T15:17:19.455+0000] {logging_mixin.py:151} INFO - [2023-08-25T15:17:19.454+0000] {dag.py:3677} INFO - Setting next_dagrun for example_subdag_operator.section-2 to None, run_after=None
[2023-08-25T15:17:19.468+0000] {logging_mixin.py:151} INFO - [2023-08-25T15:17:19.467+0000] {dag.py:2907} INFO - Sync 2 DAGs
[2023-08-25T15:17:19.477+0000] {logging_mixin.py:151} INFO - [2023-08-25T15:17:19.477+0000] {dag.py:3677} INFO - Setting next_dagrun for example_subdag_operator.section-1 to None, run_after=None
[2023-08-25T15:17:19.478+0000] {logging_mixin.py:151} INFO - [2023-08-25T15:17:19.478+0000] {dag.py:3677} INFO - Setting next_dagrun for example_subdag_operator.section-2 to None, run_after=None
[2023-08-25T15:17:19.504+0000] {processor.py:179} INFO - Processing /home/data-engineer/GAAS_Data_System/venv/lib/python3.10/site-packages/airflow/example_dags/example_subdag_operator.py took 0.200 seconds
[2023-08-25T15:17:49.837+0000] {processor.py:157} INFO - Started process (PID=197392) to work on /home/data-engineer/GAAS_Data_System/venv/lib/python3.10/site-packages/airflow/example_dags/example_subdag_operator.py
[2023-08-25T15:17:49.840+0000] {processor.py:829} INFO - Processing file /home/data-engineer/GAAS_Data_System/venv/lib/python3.10/site-packages/airflow/example_dags/example_subdag_operator.py for tasks to queue
[2023-08-25T15:17:49.841+0000] {logging_mixin.py:151} INFO - [2023-08-25T15:17:49.841+0000] {dagbag.py:539} INFO - Filling up the DagBag from /home/data-engineer/GAAS_Data_System/venv/lib/python3.10/site-packages/airflow/example_dags/example_subdag_operator.py
[2023-08-25T15:17:49.899+0000] {processor.py:839} INFO - DAG(s) dict_keys(['example_subdag_operator.section-1', 'example_subdag_operator.section-2', 'example_subdag_operator']) retrieved from /home/data-engineer/GAAS_Data_System/venv/lib/python3.10/site-packages/airflow/example_dags/example_subdag_operator.py
[2023-08-25T15:17:49.936+0000] {logging_mixin.py:151} INFO - [2023-08-25T15:17:49.936+0000] {dag.py:2907} INFO - Sync 3 DAGs
[2023-08-25T15:17:49.977+0000] {logging_mixin.py:151} INFO - [2023-08-25T15:17:49.976+0000] {dag.py:3677} INFO - Setting next_dagrun for example_subdag_operator to 2021-12-31T17:00:00+00:00, run_after=2021-12-31T17:00:00+00:00
[2023-08-25T15:17:49.983+0000] {logging_mixin.py:151} INFO - [2023-08-25T15:17:49.982+0000] {dag.py:3677} INFO - Setting next_dagrun for example_subdag_operator.section-1 to None, run_after=None
[2023-08-25T15:17:49.985+0000] {logging_mixin.py:151} INFO - [2023-08-25T15:17:49.985+0000] {dag.py:3677} INFO - Setting next_dagrun for example_subdag_operator.section-2 to None, run_after=None
[2023-08-25T15:17:49.999+0000] {logging_mixin.py:151} INFO - [2023-08-25T15:17:49.999+0000] {dag.py:2907} INFO - Sync 2 DAGs
[2023-08-25T15:17:50.011+0000] {logging_mixin.py:151} INFO - [2023-08-25T15:17:50.010+0000] {dag.py:3677} INFO - Setting next_dagrun for example_subdag_operator.section-1 to None, run_after=None
[2023-08-25T15:17:50.011+0000] {logging_mixin.py:151} INFO - [2023-08-25T15:17:50.011+0000] {dag.py:3677} INFO - Setting next_dagrun for example_subdag_operator.section-2 to None, run_after=None
[2023-08-25T15:17:50.046+0000] {processor.py:179} INFO - Processing /home/data-engineer/GAAS_Data_System/venv/lib/python3.10/site-packages/airflow/example_dags/example_subdag_operator.py took 0.217 seconds
[2023-08-25T15:18:20.124+0000] {processor.py:157} INFO - Started process (PID=197823) to work on /home/data-engineer/GAAS_Data_System/venv/lib/python3.10/site-packages/airflow/example_dags/example_subdag_operator.py
[2023-08-25T15:18:20.126+0000] {processor.py:829} INFO - Processing file /home/data-engineer/GAAS_Data_System/venv/lib/python3.10/site-packages/airflow/example_dags/example_subdag_operator.py for tasks to queue
[2023-08-25T15:18:20.128+0000] {logging_mixin.py:151} INFO - [2023-08-25T15:18:20.127+0000] {dagbag.py:539} INFO - Filling up the DagBag from /home/data-engineer/GAAS_Data_System/venv/lib/python3.10/site-packages/airflow/example_dags/example_subdag_operator.py
[2023-08-25T15:18:20.195+0000] {processor.py:839} INFO - DAG(s) dict_keys(['example_subdag_operator.section-1', 'example_subdag_operator.section-2', 'example_subdag_operator']) retrieved from /home/data-engineer/GAAS_Data_System/venv/lib/python3.10/site-packages/airflow/example_dags/example_subdag_operator.py
[2023-08-25T15:18:20.228+0000] {logging_mixin.py:151} INFO - [2023-08-25T15:18:20.228+0000] {dag.py:2907} INFO - Sync 3 DAGs
[2023-08-25T15:18:20.277+0000] {logging_mixin.py:151} INFO - [2023-08-25T15:18:20.276+0000] {dag.py:3677} INFO - Setting next_dagrun for example_subdag_operator to 2021-12-31T17:00:00+00:00, run_after=2021-12-31T17:00:00+00:00
[2023-08-25T15:18:20.285+0000] {logging_mixin.py:151} INFO - [2023-08-25T15:18:20.284+0000] {dag.py:3677} INFO - Setting next_dagrun for example_subdag_operator.section-1 to None, run_after=None
[2023-08-25T15:18:20.288+0000] {logging_mixin.py:151} INFO - [2023-08-25T15:18:20.288+0000] {dag.py:3677} INFO - Setting next_dagrun for example_subdag_operator.section-2 to None, run_after=None
[2023-08-25T15:18:20.304+0000] {logging_mixin.py:151} INFO - [2023-08-25T15:18:20.304+0000] {dag.py:2907} INFO - Sync 2 DAGs
[2023-08-25T15:18:20.318+0000] {logging_mixin.py:151} INFO - [2023-08-25T15:18:20.317+0000] {dag.py:3677} INFO - Setting next_dagrun for example_subdag_operator.section-1 to None, run_after=None
[2023-08-25T15:18:20.318+0000] {logging_mixin.py:151} INFO - [2023-08-25T15:18:20.318+0000] {dag.py:3677} INFO - Setting next_dagrun for example_subdag_operator.section-2 to None, run_after=None
[2023-08-25T15:18:20.355+0000] {processor.py:179} INFO - Processing /home/data-engineer/GAAS_Data_System/venv/lib/python3.10/site-packages/airflow/example_dags/example_subdag_operator.py took 0.240 seconds
[2023-08-25T15:18:52.729+0000] {processor.py:157} INFO - Started process (PID=198236) to work on /home/data-engineer/GAAS_Data_System/venv/lib/python3.10/site-packages/airflow/example_dags/example_subdag_operator.py
[2023-08-25T15:18:52.735+0000] {processor.py:829} INFO - Processing file /home/data-engineer/GAAS_Data_System/venv/lib/python3.10/site-packages/airflow/example_dags/example_subdag_operator.py for tasks to queue
[2023-08-25T15:18:52.738+0000] {logging_mixin.py:151} INFO - [2023-08-25T15:18:52.736+0000] {dagbag.py:539} INFO - Filling up the DagBag from /home/data-engineer/GAAS_Data_System/venv/lib/python3.10/site-packages/airflow/example_dags/example_subdag_operator.py
[2023-08-25T15:18:52.881+0000] {processor.py:839} INFO - DAG(s) dict_keys(['example_subdag_operator.section-1', 'example_subdag_operator.section-2', 'example_subdag_operator']) retrieved from /home/data-engineer/GAAS_Data_System/venv/lib/python3.10/site-packages/airflow/example_dags/example_subdag_operator.py
[2023-08-25T15:18:52.983+0000] {logging_mixin.py:151} INFO - [2023-08-25T15:18:52.979+0000] {dag.py:2907} INFO - Sync 3 DAGs
[2023-08-25T15:18:53.107+0000] {logging_mixin.py:151} INFO - [2023-08-25T15:18:53.105+0000] {dag.py:3677} INFO - Setting next_dagrun for example_subdag_operator to 2021-12-31T17:00:00+00:00, run_after=2021-12-31T17:00:00+00:00
[2023-08-25T15:18:53.146+0000] {logging_mixin.py:151} INFO - [2023-08-25T15:18:53.143+0000] {dag.py:3677} INFO - Setting next_dagrun for example_subdag_operator.section-1 to None, run_after=None
[2023-08-25T15:18:53.155+0000] {logging_mixin.py:151} INFO - [2023-08-25T15:18:53.155+0000] {dag.py:3677} INFO - Setting next_dagrun for example_subdag_operator.section-2 to None, run_after=None
[2023-08-25T15:18:53.188+0000] {logging_mixin.py:151} INFO - [2023-08-25T15:18:53.186+0000] {dag.py:2907} INFO - Sync 2 DAGs
[2023-08-25T15:18:53.212+0000] {logging_mixin.py:151} INFO - [2023-08-25T15:18:53.212+0000] {dag.py:3677} INFO - Setting next_dagrun for example_subdag_operator.section-1 to None, run_after=None
[2023-08-25T15:18:53.214+0000] {logging_mixin.py:151} INFO - [2023-08-25T15:18:53.214+0000] {dag.py:3677} INFO - Setting next_dagrun for example_subdag_operator.section-2 to None, run_after=None
[2023-08-25T15:18:53.270+0000] {processor.py:179} INFO - Processing /home/data-engineer/GAAS_Data_System/venv/lib/python3.10/site-packages/airflow/example_dags/example_subdag_operator.py took 0.562 seconds
[2023-08-25T15:19:25.203+0000] {processor.py:157} INFO - Started process (PID=198676) to work on /home/data-engineer/GAAS_Data_System/venv/lib/python3.10/site-packages/airflow/example_dags/example_subdag_operator.py
[2023-08-25T15:19:25.209+0000] {processor.py:829} INFO - Processing file /home/data-engineer/GAAS_Data_System/venv/lib/python3.10/site-packages/airflow/example_dags/example_subdag_operator.py for tasks to queue
[2023-08-25T15:19:25.211+0000] {logging_mixin.py:151} INFO - [2023-08-25T15:19:25.211+0000] {dagbag.py:539} INFO - Filling up the DagBag from /home/data-engineer/GAAS_Data_System/venv/lib/python3.10/site-packages/airflow/example_dags/example_subdag_operator.py
[2023-08-25T15:19:25.325+0000] {processor.py:839} INFO - DAG(s) dict_keys(['example_subdag_operator.section-1', 'example_subdag_operator.section-2', 'example_subdag_operator']) retrieved from /home/data-engineer/GAAS_Data_System/venv/lib/python3.10/site-packages/airflow/example_dags/example_subdag_operator.py
[2023-08-25T15:19:25.405+0000] {logging_mixin.py:151} INFO - [2023-08-25T15:19:25.404+0000] {dag.py:2907} INFO - Sync 3 DAGs
[2023-08-25T15:19:25.471+0000] {logging_mixin.py:151} INFO - [2023-08-25T15:19:25.471+0000] {dag.py:3677} INFO - Setting next_dagrun for example_subdag_operator to 2021-12-31T17:00:00+00:00, run_after=2021-12-31T17:00:00+00:00
[2023-08-25T15:19:25.478+0000] {logging_mixin.py:151} INFO - [2023-08-25T15:19:25.478+0000] {dag.py:3677} INFO - Setting next_dagrun for example_subdag_operator.section-1 to None, run_after=None
[2023-08-25T15:19:25.481+0000] {logging_mixin.py:151} INFO - [2023-08-25T15:19:25.480+0000] {dag.py:3677} INFO - Setting next_dagrun for example_subdag_operator.section-2 to None, run_after=None
[2023-08-25T15:19:25.498+0000] {logging_mixin.py:151} INFO - [2023-08-25T15:19:25.497+0000] {dag.py:2907} INFO - Sync 2 DAGs
[2023-08-25T15:19:25.508+0000] {logging_mixin.py:151} INFO - [2023-08-25T15:19:25.508+0000] {dag.py:3677} INFO - Setting next_dagrun for example_subdag_operator.section-1 to None, run_after=None
[2023-08-25T15:19:25.509+0000] {logging_mixin.py:151} INFO - [2023-08-25T15:19:25.509+0000] {dag.py:3677} INFO - Setting next_dagrun for example_subdag_operator.section-2 to None, run_after=None
[2023-08-25T15:19:25.539+0000] {processor.py:179} INFO - Processing /home/data-engineer/GAAS_Data_System/venv/lib/python3.10/site-packages/airflow/example_dags/example_subdag_operator.py took 0.345 seconds
[2023-08-25T15:19:56.839+0000] {processor.py:157} INFO - Started process (PID=199077) to work on /home/data-engineer/GAAS_Data_System/venv/lib/python3.10/site-packages/airflow/example_dags/example_subdag_operator.py
[2023-08-25T15:19:56.841+0000] {processor.py:829} INFO - Processing file /home/data-engineer/GAAS_Data_System/venv/lib/python3.10/site-packages/airflow/example_dags/example_subdag_operator.py for tasks to queue
[2023-08-25T15:19:56.847+0000] {logging_mixin.py:151} INFO - [2023-08-25T15:19:56.842+0000] {dagbag.py:539} INFO - Filling up the DagBag from /home/data-engineer/GAAS_Data_System/venv/lib/python3.10/site-packages/airflow/example_dags/example_subdag_operator.py
[2023-08-25T15:19:56.930+0000] {processor.py:839} INFO - DAG(s) dict_keys(['example_subdag_operator.section-1', 'example_subdag_operator.section-2', 'example_subdag_operator']) retrieved from /home/data-engineer/GAAS_Data_System/venv/lib/python3.10/site-packages/airflow/example_dags/example_subdag_operator.py
[2023-08-25T15:19:56.963+0000] {logging_mixin.py:151} INFO - [2023-08-25T15:19:56.962+0000] {dag.py:2907} INFO - Sync 3 DAGs
[2023-08-25T15:19:57.007+0000] {logging_mixin.py:151} INFO - [2023-08-25T15:19:57.007+0000] {dag.py:3677} INFO - Setting next_dagrun for example_subdag_operator to 2021-12-31T17:00:00+00:00, run_after=2021-12-31T17:00:00+00:00
[2023-08-25T15:19:57.014+0000] {logging_mixin.py:151} INFO - [2023-08-25T15:19:57.013+0000] {dag.py:3677} INFO - Setting next_dagrun for example_subdag_operator.section-1 to None, run_after=None
[2023-08-25T15:19:57.021+0000] {logging_mixin.py:151} INFO - [2023-08-25T15:19:57.020+0000] {dag.py:3677} INFO - Setting next_dagrun for example_subdag_operator.section-2 to None, run_after=None
[2023-08-25T15:19:57.045+0000] {logging_mixin.py:151} INFO - [2023-08-25T15:19:57.045+0000] {dag.py:2907} INFO - Sync 2 DAGs
[2023-08-25T15:19:57.064+0000] {logging_mixin.py:151} INFO - [2023-08-25T15:19:57.063+0000] {dag.py:3677} INFO - Setting next_dagrun for example_subdag_operator.section-1 to None, run_after=None
[2023-08-25T15:19:57.065+0000] {logging_mixin.py:151} INFO - [2023-08-25T15:19:57.064+0000] {dag.py:3677} INFO - Setting next_dagrun for example_subdag_operator.section-2 to None, run_after=None
[2023-08-25T15:19:57.110+0000] {processor.py:179} INFO - Processing /home/data-engineer/GAAS_Data_System/venv/lib/python3.10/site-packages/airflow/example_dags/example_subdag_operator.py took 0.282 seconds
[2023-08-25T15:20:28.285+0000] {processor.py:157} INFO - Started process (PID=199559) to work on /home/data-engineer/GAAS_Data_System/venv/lib/python3.10/site-packages/airflow/example_dags/example_subdag_operator.py
[2023-08-25T15:20:28.288+0000] {processor.py:829} INFO - Processing file /home/data-engineer/GAAS_Data_System/venv/lib/python3.10/site-packages/airflow/example_dags/example_subdag_operator.py for tasks to queue
[2023-08-25T15:20:28.289+0000] {logging_mixin.py:151} INFO - [2023-08-25T15:20:28.289+0000] {dagbag.py:539} INFO - Filling up the DagBag from /home/data-engineer/GAAS_Data_System/venv/lib/python3.10/site-packages/airflow/example_dags/example_subdag_operator.py
[2023-08-25T15:20:28.357+0000] {processor.py:839} INFO - DAG(s) dict_keys(['example_subdag_operator.section-1', 'example_subdag_operator.section-2', 'example_subdag_operator']) retrieved from /home/data-engineer/GAAS_Data_System/venv/lib/python3.10/site-packages/airflow/example_dags/example_subdag_operator.py
[2023-08-25T15:20:28.401+0000] {logging_mixin.py:151} INFO - [2023-08-25T15:20:28.401+0000] {dag.py:2907} INFO - Sync 3 DAGs
[2023-08-25T15:20:28.459+0000] {logging_mixin.py:151} INFO - [2023-08-25T15:20:28.459+0000] {dag.py:3677} INFO - Setting next_dagrun for example_subdag_operator to 2021-12-31T17:00:00+00:00, run_after=2021-12-31T17:00:00+00:00
[2023-08-25T15:20:28.468+0000] {logging_mixin.py:151} INFO - [2023-08-25T15:20:28.468+0000] {dag.py:3677} INFO - Setting next_dagrun for example_subdag_operator.section-1 to None, run_after=None
[2023-08-25T15:20:28.471+0000] {logging_mixin.py:151} INFO - [2023-08-25T15:20:28.471+0000] {dag.py:3677} INFO - Setting next_dagrun for example_subdag_operator.section-2 to None, run_after=None
[2023-08-25T15:20:28.487+0000] {logging_mixin.py:151} INFO - [2023-08-25T15:20:28.487+0000] {dag.py:2907} INFO - Sync 2 DAGs
[2023-08-25T15:20:28.515+0000] {logging_mixin.py:151} INFO - [2023-08-25T15:20:28.515+0000] {dag.py:3677} INFO - Setting next_dagrun for example_subdag_operator.section-1 to None, run_after=None
[2023-08-25T15:20:28.516+0000] {logging_mixin.py:151} INFO - [2023-08-25T15:20:28.516+0000] {dag.py:3677} INFO - Setting next_dagrun for example_subdag_operator.section-2 to None, run_after=None
[2023-08-25T15:20:28.556+0000] {processor.py:179} INFO - Processing /home/data-engineer/GAAS_Data_System/venv/lib/python3.10/site-packages/airflow/example_dags/example_subdag_operator.py took 0.278 seconds
