[2023-08-25T15:16:52.452+0000] {processor.py:157} INFO - Started process (PID=196807) to work on /home/data-engineer/GAAS_Data_System/venv/lib/python3.10/site-packages/airflow/example_dags/example_dynamic_task_mapping.py
[2023-08-25T15:16:52.454+0000] {processor.py:829} INFO - Processing file /home/data-engineer/GAAS_Data_System/venv/lib/python3.10/site-packages/airflow/example_dags/example_dynamic_task_mapping.py for tasks to queue
[2023-08-25T15:16:52.455+0000] {logging_mixin.py:151} INFO - [2023-08-25T15:16:52.455+0000] {dagbag.py:539} INFO - Filling up the DagBag from /home/data-engineer/GAAS_Data_System/venv/lib/python3.10/site-packages/airflow/example_dags/example_dynamic_task_mapping.py
[2023-08-25T15:16:52.471+0000] {processor.py:839} INFO - DAG(s) dict_keys(['example_dynamic_task_mapping']) retrieved from /home/data-engineer/GAAS_Data_System/venv/lib/python3.10/site-packages/airflow/example_dags/example_dynamic_task_mapping.py
[2023-08-25T15:16:52.755+0000] {logging_mixin.py:151} INFO - [2023-08-25T15:16:52.754+0000] {manager.py:501} INFO - Created Permission View: can delete on DAG:example_dynamic_task_mapping
[2023-08-25T15:16:52.777+0000] {logging_mixin.py:151} INFO - [2023-08-25T15:16:52.776+0000] {manager.py:501} INFO - Created Permission View: can edit on DAG:example_dynamic_task_mapping
[2023-08-25T15:16:52.795+0000] {logging_mixin.py:151} INFO - [2023-08-25T15:16:52.794+0000] {manager.py:501} INFO - Created Permission View: can read on DAG:example_dynamic_task_mapping
[2023-08-25T15:16:52.817+0000] {logging_mixin.py:151} INFO - [2023-08-25T15:16:52.817+0000] {dag.py:2907} INFO - Sync 1 DAGs
[2023-08-25T15:16:52.847+0000] {logging_mixin.py:151} INFO - [2023-08-25T15:16:52.846+0000] {dag.py:2929} INFO - Creating ORM DAG for example_dynamic_task_mapping
[2023-08-25T15:16:52.866+0000] {logging_mixin.py:151} INFO - [2023-08-25T15:16:52.865+0000] {dag.py:3677} INFO - Setting next_dagrun for example_dynamic_task_mapping to 2022-03-03T17:00:00+00:00, run_after=2022-03-04T17:00:00+00:00
[2023-08-25T15:16:52.909+0000] {processor.py:179} INFO - Processing /home/data-engineer/GAAS_Data_System/venv/lib/python3.10/site-packages/airflow/example_dags/example_dynamic_task_mapping.py took 0.466 seconds
[2023-08-25T15:17:23.386+0000] {processor.py:157} INFO - Started process (PID=197174) to work on /home/data-engineer/GAAS_Data_System/venv/lib/python3.10/site-packages/airflow/example_dags/example_dynamic_task_mapping.py
[2023-08-25T15:17:23.388+0000] {processor.py:829} INFO - Processing file /home/data-engineer/GAAS_Data_System/venv/lib/python3.10/site-packages/airflow/example_dags/example_dynamic_task_mapping.py for tasks to queue
[2023-08-25T15:17:23.390+0000] {logging_mixin.py:151} INFO - [2023-08-25T15:17:23.389+0000] {dagbag.py:539} INFO - Filling up the DagBag from /home/data-engineer/GAAS_Data_System/venv/lib/python3.10/site-packages/airflow/example_dags/example_dynamic_task_mapping.py
[2023-08-25T15:17:23.408+0000] {processor.py:839} INFO - DAG(s) dict_keys(['example_dynamic_task_mapping']) retrieved from /home/data-engineer/GAAS_Data_System/venv/lib/python3.10/site-packages/airflow/example_dags/example_dynamic_task_mapping.py
[2023-08-25T15:17:23.459+0000] {logging_mixin.py:151} INFO - [2023-08-25T15:17:23.458+0000] {dag.py:2907} INFO - Sync 1 DAGs
[2023-08-25T15:17:23.500+0000] {logging_mixin.py:151} INFO - [2023-08-25T15:17:23.499+0000] {dag.py:3677} INFO - Setting next_dagrun for example_dynamic_task_mapping to 2022-03-03T17:00:00+00:00, run_after=2022-03-04T17:00:00+00:00
[2023-08-25T15:17:23.567+0000] {processor.py:179} INFO - Processing /home/data-engineer/GAAS_Data_System/venv/lib/python3.10/site-packages/airflow/example_dags/example_dynamic_task_mapping.py took 0.189 seconds
[2023-08-25T15:17:53.767+0000] {processor.py:157} INFO - Started process (PID=197482) to work on /home/data-engineer/GAAS_Data_System/venv/lib/python3.10/site-packages/airflow/example_dags/example_dynamic_task_mapping.py
[2023-08-25T15:17:53.769+0000] {processor.py:829} INFO - Processing file /home/data-engineer/GAAS_Data_System/venv/lib/python3.10/site-packages/airflow/example_dags/example_dynamic_task_mapping.py for tasks to queue
[2023-08-25T15:17:53.771+0000] {logging_mixin.py:151} INFO - [2023-08-25T15:17:53.770+0000] {dagbag.py:539} INFO - Filling up the DagBag from /home/data-engineer/GAAS_Data_System/venv/lib/python3.10/site-packages/airflow/example_dags/example_dynamic_task_mapping.py
[2023-08-25T15:17:53.788+0000] {processor.py:839} INFO - DAG(s) dict_keys(['example_dynamic_task_mapping']) retrieved from /home/data-engineer/GAAS_Data_System/venv/lib/python3.10/site-packages/airflow/example_dags/example_dynamic_task_mapping.py
[2023-08-25T15:17:53.833+0000] {logging_mixin.py:151} INFO - [2023-08-25T15:17:53.833+0000] {dag.py:2907} INFO - Sync 1 DAGs
[2023-08-25T15:17:53.874+0000] {logging_mixin.py:151} INFO - [2023-08-25T15:17:53.874+0000] {dag.py:3677} INFO - Setting next_dagrun for example_dynamic_task_mapping to 2022-03-03T17:00:00+00:00, run_after=2022-03-04T17:00:00+00:00
[2023-08-25T15:17:53.917+0000] {processor.py:179} INFO - Processing /home/data-engineer/GAAS_Data_System/venv/lib/python3.10/site-packages/airflow/example_dags/example_dynamic_task_mapping.py took 0.157 seconds
[2023-08-25T15:18:24.254+0000] {processor.py:157} INFO - Started process (PID=197927) to work on /home/data-engineer/GAAS_Data_System/venv/lib/python3.10/site-packages/airflow/example_dags/example_dynamic_task_mapping.py
[2023-08-25T15:18:24.256+0000] {processor.py:829} INFO - Processing file /home/data-engineer/GAAS_Data_System/venv/lib/python3.10/site-packages/airflow/example_dags/example_dynamic_task_mapping.py for tasks to queue
[2023-08-25T15:18:24.257+0000] {logging_mixin.py:151} INFO - [2023-08-25T15:18:24.256+0000] {dagbag.py:539} INFO - Filling up the DagBag from /home/data-engineer/GAAS_Data_System/venv/lib/python3.10/site-packages/airflow/example_dags/example_dynamic_task_mapping.py
[2023-08-25T15:18:24.269+0000] {processor.py:839} INFO - DAG(s) dict_keys(['example_dynamic_task_mapping']) retrieved from /home/data-engineer/GAAS_Data_System/venv/lib/python3.10/site-packages/airflow/example_dags/example_dynamic_task_mapping.py
[2023-08-25T15:18:24.303+0000] {logging_mixin.py:151} INFO - [2023-08-25T15:18:24.303+0000] {dag.py:2907} INFO - Sync 1 DAGs
[2023-08-25T15:18:24.332+0000] {logging_mixin.py:151} INFO - [2023-08-25T15:18:24.332+0000] {dag.py:3677} INFO - Setting next_dagrun for example_dynamic_task_mapping to 2022-03-03T17:00:00+00:00, run_after=2022-03-04T17:00:00+00:00
[2023-08-25T15:18:24.367+0000] {processor.py:179} INFO - Processing /home/data-engineer/GAAS_Data_System/venv/lib/python3.10/site-packages/airflow/example_dags/example_dynamic_task_mapping.py took 0.119 seconds
[2023-08-25T15:18:58.429+0000] {processor.py:157} INFO - Started process (PID=198343) to work on /home/data-engineer/GAAS_Data_System/venv/lib/python3.10/site-packages/airflow/example_dags/example_dynamic_task_mapping.py
[2023-08-25T15:18:58.443+0000] {processor.py:829} INFO - Processing file /home/data-engineer/GAAS_Data_System/venv/lib/python3.10/site-packages/airflow/example_dags/example_dynamic_task_mapping.py for tasks to queue
[2023-08-25T15:18:58.445+0000] {logging_mixin.py:151} INFO - [2023-08-25T15:18:58.444+0000] {dagbag.py:539} INFO - Filling up the DagBag from /home/data-engineer/GAAS_Data_System/venv/lib/python3.10/site-packages/airflow/example_dags/example_dynamic_task_mapping.py
[2023-08-25T15:18:58.541+0000] {processor.py:839} INFO - DAG(s) dict_keys(['example_dynamic_task_mapping']) retrieved from /home/data-engineer/GAAS_Data_System/venv/lib/python3.10/site-packages/airflow/example_dags/example_dynamic_task_mapping.py
[2023-08-25T15:18:58.814+0000] {logging_mixin.py:151} INFO - [2023-08-25T15:18:58.814+0000] {dag.py:2907} INFO - Sync 1 DAGs
[2023-08-25T15:18:58.954+0000] {logging_mixin.py:151} INFO - [2023-08-25T15:18:58.954+0000] {dag.py:3677} INFO - Setting next_dagrun for example_dynamic_task_mapping to 2022-03-03T17:00:00+00:00, run_after=2022-03-04T17:00:00+00:00
[2023-08-25T15:18:59.145+0000] {processor.py:179} INFO - Processing /home/data-engineer/GAAS_Data_System/venv/lib/python3.10/site-packages/airflow/example_dags/example_dynamic_task_mapping.py took 0.756 seconds
[2023-08-25T15:19:30.694+0000] {processor.py:157} INFO - Started process (PID=198788) to work on /home/data-engineer/GAAS_Data_System/venv/lib/python3.10/site-packages/airflow/example_dags/example_dynamic_task_mapping.py
[2023-08-25T15:19:30.711+0000] {processor.py:829} INFO - Processing file /home/data-engineer/GAAS_Data_System/venv/lib/python3.10/site-packages/airflow/example_dags/example_dynamic_task_mapping.py for tasks to queue
[2023-08-25T15:19:30.714+0000] {logging_mixin.py:151} INFO - [2023-08-25T15:19:30.713+0000] {dagbag.py:539} INFO - Filling up the DagBag from /home/data-engineer/GAAS_Data_System/venv/lib/python3.10/site-packages/airflow/example_dags/example_dynamic_task_mapping.py
[2023-08-25T15:19:30.899+0000] {processor.py:839} INFO - DAG(s) dict_keys(['example_dynamic_task_mapping']) retrieved from /home/data-engineer/GAAS_Data_System/venv/lib/python3.10/site-packages/airflow/example_dags/example_dynamic_task_mapping.py
[2023-08-25T15:19:31.379+0000] {logging_mixin.py:151} INFO - [2023-08-25T15:19:31.370+0000] {dag.py:2907} INFO - Sync 1 DAGs
[2023-08-25T15:19:31.864+0000] {logging_mixin.py:151} INFO - [2023-08-25T15:19:31.857+0000] {dag.py:3677} INFO - Setting next_dagrun for example_dynamic_task_mapping to 2022-03-03T17:00:00+00:00, run_after=2022-03-04T17:00:00+00:00
[2023-08-25T15:19:32.057+0000] {processor.py:179} INFO - Processing /home/data-engineer/GAAS_Data_System/venv/lib/python3.10/site-packages/airflow/example_dags/example_dynamic_task_mapping.py took 1.460 seconds
[2023-08-25T15:20:02.279+0000] {processor.py:157} INFO - Started process (PID=199199) to work on /home/data-engineer/GAAS_Data_System/venv/lib/python3.10/site-packages/airflow/example_dags/example_dynamic_task_mapping.py
[2023-08-25T15:20:02.282+0000] {processor.py:829} INFO - Processing file /home/data-engineer/GAAS_Data_System/venv/lib/python3.10/site-packages/airflow/example_dags/example_dynamic_task_mapping.py for tasks to queue
[2023-08-25T15:20:02.283+0000] {logging_mixin.py:151} INFO - [2023-08-25T15:20:02.283+0000] {dagbag.py:539} INFO - Filling up the DagBag from /home/data-engineer/GAAS_Data_System/venv/lib/python3.10/site-packages/airflow/example_dags/example_dynamic_task_mapping.py
[2023-08-25T15:20:02.301+0000] {processor.py:839} INFO - DAG(s) dict_keys(['example_dynamic_task_mapping']) retrieved from /home/data-engineer/GAAS_Data_System/venv/lib/python3.10/site-packages/airflow/example_dags/example_dynamic_task_mapping.py
[2023-08-25T15:20:02.344+0000] {logging_mixin.py:151} INFO - [2023-08-25T15:20:02.343+0000] {dag.py:2907} INFO - Sync 1 DAGs
[2023-08-25T15:20:02.387+0000] {logging_mixin.py:151} INFO - [2023-08-25T15:20:02.386+0000] {dag.py:3677} INFO - Setting next_dagrun for example_dynamic_task_mapping to 2022-03-03T17:00:00+00:00, run_after=2022-03-04T17:00:00+00:00
[2023-08-25T15:20:02.426+0000] {processor.py:179} INFO - Processing /home/data-engineer/GAAS_Data_System/venv/lib/python3.10/site-packages/airflow/example_dags/example_dynamic_task_mapping.py took 0.167 seconds
[2023-08-25T15:20:32.540+0000] {processor.py:157} INFO - Started process (PID=199688) to work on /home/data-engineer/GAAS_Data_System/venv/lib/python3.10/site-packages/airflow/example_dags/example_dynamic_task_mapping.py
[2023-08-25T15:20:32.542+0000] {processor.py:829} INFO - Processing file /home/data-engineer/GAAS_Data_System/venv/lib/python3.10/site-packages/airflow/example_dags/example_dynamic_task_mapping.py for tasks to queue
[2023-08-25T15:20:32.543+0000] {logging_mixin.py:151} INFO - [2023-08-25T15:20:32.542+0000] {dagbag.py:539} INFO - Filling up the DagBag from /home/data-engineer/GAAS_Data_System/venv/lib/python3.10/site-packages/airflow/example_dags/example_dynamic_task_mapping.py
[2023-08-25T15:20:32.555+0000] {processor.py:839} INFO - DAG(s) dict_keys(['example_dynamic_task_mapping']) retrieved from /home/data-engineer/GAAS_Data_System/venv/lib/python3.10/site-packages/airflow/example_dags/example_dynamic_task_mapping.py
[2023-08-25T15:20:32.590+0000] {logging_mixin.py:151} INFO - [2023-08-25T15:20:32.590+0000] {dag.py:2907} INFO - Sync 1 DAGs
[2023-08-25T15:20:32.619+0000] {logging_mixin.py:151} INFO - [2023-08-25T15:20:32.618+0000] {dag.py:3677} INFO - Setting next_dagrun for example_dynamic_task_mapping to 2022-03-03T17:00:00+00:00, run_after=2022-03-04T17:00:00+00:00
[2023-08-25T15:20:32.665+0000] {processor.py:179} INFO - Processing /home/data-engineer/GAAS_Data_System/venv/lib/python3.10/site-packages/airflow/example_dags/example_dynamic_task_mapping.py took 0.131 seconds
