[2023-08-25T15:16:52.966+0000] {processor.py:157} INFO - Started process (PID=196817) to work on /home/data-engineer/GAAS_Data_System/venv/lib/python3.10/site-packages/airflow/example_dags/example_nested_branch_dag.py
[2023-08-25T15:16:52.968+0000] {processor.py:829} INFO - Processing file /home/data-engineer/GAAS_Data_System/venv/lib/python3.10/site-packages/airflow/example_dags/example_nested_branch_dag.py for tasks to queue
[2023-08-25T15:16:52.969+0000] {logging_mixin.py:151} INFO - [2023-08-25T15:16:52.969+0000] {dagbag.py:539} INFO - Filling up the DagBag from /home/data-engineer/GAAS_Data_System/venv/lib/python3.10/site-packages/airflow/example_dags/example_nested_branch_dag.py
[2023-08-25T15:16:52.991+0000] {processor.py:839} INFO - DAG(s) dict_keys(['example_nested_branch_dag']) retrieved from /home/data-engineer/GAAS_Data_System/venv/lib/python3.10/site-packages/airflow/example_dags/example_nested_branch_dag.py
[2023-08-25T15:16:53.218+0000] {logging_mixin.py:151} INFO - [2023-08-25T15:16:53.217+0000] {manager.py:501} INFO - Created Permission View: can delete on DAG:example_nested_branch_dag
[2023-08-25T15:16:53.244+0000] {logging_mixin.py:151} INFO - [2023-08-25T15:16:53.244+0000] {manager.py:501} INFO - Created Permission View: can edit on DAG:example_nested_branch_dag
[2023-08-25T15:16:53.267+0000] {logging_mixin.py:151} INFO - [2023-08-25T15:16:53.267+0000] {manager.py:501} INFO - Created Permission View: can read on DAG:example_nested_branch_dag
[2023-08-25T15:16:53.289+0000] {logging_mixin.py:151} INFO - [2023-08-25T15:16:53.289+0000] {dag.py:2907} INFO - Sync 1 DAGs
[2023-08-25T15:16:53.306+0000] {logging_mixin.py:151} INFO - [2023-08-25T15:16:53.306+0000] {dag.py:2929} INFO - Creating ORM DAG for example_nested_branch_dag
[2023-08-25T15:16:53.322+0000] {logging_mixin.py:151} INFO - [2023-08-25T15:16:53.322+0000] {dag.py:3677} INFO - Setting next_dagrun for example_nested_branch_dag to 2023-08-24T00:00:00+00:00, run_after=2023-08-25T00:00:00+00:00
[2023-08-25T15:16:53.357+0000] {processor.py:179} INFO - Processing /home/data-engineer/GAAS_Data_System/venv/lib/python3.10/site-packages/airflow/example_dags/example_nested_branch_dag.py took 0.399 seconds
[2023-08-25T15:17:23.622+0000] {processor.py:157} INFO - Started process (PID=197184) to work on /home/data-engineer/GAAS_Data_System/venv/lib/python3.10/site-packages/airflow/example_dags/example_nested_branch_dag.py
[2023-08-25T15:17:23.624+0000] {processor.py:829} INFO - Processing file /home/data-engineer/GAAS_Data_System/venv/lib/python3.10/site-packages/airflow/example_dags/example_nested_branch_dag.py for tasks to queue
[2023-08-25T15:17:23.625+0000] {logging_mixin.py:151} INFO - [2023-08-25T15:17:23.625+0000] {dagbag.py:539} INFO - Filling up the DagBag from /home/data-engineer/GAAS_Data_System/venv/lib/python3.10/site-packages/airflow/example_dags/example_nested_branch_dag.py
[2023-08-25T15:17:23.646+0000] {processor.py:839} INFO - DAG(s) dict_keys(['example_nested_branch_dag']) retrieved from /home/data-engineer/GAAS_Data_System/venv/lib/python3.10/site-packages/airflow/example_dags/example_nested_branch_dag.py
[2023-08-25T15:17:23.695+0000] {logging_mixin.py:151} INFO - [2023-08-25T15:17:23.694+0000] {dag.py:2907} INFO - Sync 1 DAGs
[2023-08-25T15:17:23.752+0000] {logging_mixin.py:151} INFO - [2023-08-25T15:17:23.751+0000] {dag.py:3677} INFO - Setting next_dagrun for example_nested_branch_dag to 2023-08-24T00:00:00+00:00, run_after=2023-08-25T00:00:00+00:00
[2023-08-25T15:17:23.810+0000] {processor.py:179} INFO - Processing /home/data-engineer/GAAS_Data_System/venv/lib/python3.10/site-packages/airflow/example_dags/example_nested_branch_dag.py took 0.195 seconds
[2023-08-25T15:17:54.030+0000] {processor.py:157} INFO - Started process (PID=197493) to work on /home/data-engineer/GAAS_Data_System/venv/lib/python3.10/site-packages/airflow/example_dags/example_nested_branch_dag.py
[2023-08-25T15:17:54.035+0000] {processor.py:829} INFO - Processing file /home/data-engineer/GAAS_Data_System/venv/lib/python3.10/site-packages/airflow/example_dags/example_nested_branch_dag.py for tasks to queue
[2023-08-25T15:17:54.036+0000] {logging_mixin.py:151} INFO - [2023-08-25T15:17:54.036+0000] {dagbag.py:539} INFO - Filling up the DagBag from /home/data-engineer/GAAS_Data_System/venv/lib/python3.10/site-packages/airflow/example_dags/example_nested_branch_dag.py
[2023-08-25T15:17:54.077+0000] {processor.py:839} INFO - DAG(s) dict_keys(['example_nested_branch_dag']) retrieved from /home/data-engineer/GAAS_Data_System/venv/lib/python3.10/site-packages/airflow/example_dags/example_nested_branch_dag.py
[2023-08-25T15:17:54.132+0000] {logging_mixin.py:151} INFO - [2023-08-25T15:17:54.131+0000] {dag.py:2907} INFO - Sync 1 DAGs
[2023-08-25T15:17:54.175+0000] {logging_mixin.py:151} INFO - [2023-08-25T15:17:54.175+0000] {dag.py:3677} INFO - Setting next_dagrun for example_nested_branch_dag to 2023-08-24T00:00:00+00:00, run_after=2023-08-25T00:00:00+00:00
[2023-08-25T15:17:54.213+0000] {processor.py:179} INFO - Processing /home/data-engineer/GAAS_Data_System/venv/lib/python3.10/site-packages/airflow/example_dags/example_nested_branch_dag.py took 0.207 seconds
[2023-08-25T15:18:24.430+0000] {processor.py:157} INFO - Started process (PID=197935) to work on /home/data-engineer/GAAS_Data_System/venv/lib/python3.10/site-packages/airflow/example_dags/example_nested_branch_dag.py
[2023-08-25T15:18:24.432+0000] {processor.py:829} INFO - Processing file /home/data-engineer/GAAS_Data_System/venv/lib/python3.10/site-packages/airflow/example_dags/example_nested_branch_dag.py for tasks to queue
[2023-08-25T15:18:24.434+0000] {logging_mixin.py:151} INFO - [2023-08-25T15:18:24.433+0000] {dagbag.py:539} INFO - Filling up the DagBag from /home/data-engineer/GAAS_Data_System/venv/lib/python3.10/site-packages/airflow/example_dags/example_nested_branch_dag.py
[2023-08-25T15:18:24.455+0000] {processor.py:839} INFO - DAG(s) dict_keys(['example_nested_branch_dag']) retrieved from /home/data-engineer/GAAS_Data_System/venv/lib/python3.10/site-packages/airflow/example_dags/example_nested_branch_dag.py
[2023-08-25T15:18:24.509+0000] {logging_mixin.py:151} INFO - [2023-08-25T15:18:24.508+0000] {dag.py:2907} INFO - Sync 1 DAGs
[2023-08-25T15:18:24.558+0000] {logging_mixin.py:151} INFO - [2023-08-25T15:18:24.558+0000] {dag.py:3677} INFO - Setting next_dagrun for example_nested_branch_dag to 2023-08-24T00:00:00+00:00, run_after=2023-08-25T00:00:00+00:00
[2023-08-25T15:18:24.609+0000] {processor.py:179} INFO - Processing /home/data-engineer/GAAS_Data_System/venv/lib/python3.10/site-packages/airflow/example_dags/example_nested_branch_dag.py took 0.187 seconds
[2023-08-25T15:18:59.353+0000] {processor.py:157} INFO - Started process (PID=198354) to work on /home/data-engineer/GAAS_Data_System/venv/lib/python3.10/site-packages/airflow/example_dags/example_nested_branch_dag.py
[2023-08-25T15:18:59.358+0000] {processor.py:829} INFO - Processing file /home/data-engineer/GAAS_Data_System/venv/lib/python3.10/site-packages/airflow/example_dags/example_nested_branch_dag.py for tasks to queue
[2023-08-25T15:18:59.359+0000] {logging_mixin.py:151} INFO - [2023-08-25T15:18:59.359+0000] {dagbag.py:539} INFO - Filling up the DagBag from /home/data-engineer/GAAS_Data_System/venv/lib/python3.10/site-packages/airflow/example_dags/example_nested_branch_dag.py
[2023-08-25T15:18:59.464+0000] {processor.py:839} INFO - DAG(s) dict_keys(['example_nested_branch_dag']) retrieved from /home/data-engineer/GAAS_Data_System/venv/lib/python3.10/site-packages/airflow/example_dags/example_nested_branch_dag.py
[2023-08-25T15:18:59.701+0000] {logging_mixin.py:151} INFO - [2023-08-25T15:18:59.700+0000] {dag.py:2907} INFO - Sync 1 DAGs
[2023-08-25T15:18:59.904+0000] {logging_mixin.py:151} INFO - [2023-08-25T15:18:59.904+0000] {dag.py:3677} INFO - Setting next_dagrun for example_nested_branch_dag to 2023-08-24T00:00:00+00:00, run_after=2023-08-25T00:00:00+00:00
[2023-08-25T15:19:00.080+0000] {processor.py:179} INFO - Processing /home/data-engineer/GAAS_Data_System/venv/lib/python3.10/site-packages/airflow/example_dags/example_nested_branch_dag.py took 0.765 seconds
[2023-08-25T15:19:32.314+0000] {processor.py:157} INFO - Started process (PID=198806) to work on /home/data-engineer/GAAS_Data_System/venv/lib/python3.10/site-packages/airflow/example_dags/example_nested_branch_dag.py
[2023-08-25T15:19:32.322+0000] {processor.py:829} INFO - Processing file /home/data-engineer/GAAS_Data_System/venv/lib/python3.10/site-packages/airflow/example_dags/example_nested_branch_dag.py for tasks to queue
[2023-08-25T15:19:32.327+0000] {logging_mixin.py:151} INFO - [2023-08-25T15:19:32.323+0000] {dagbag.py:539} INFO - Filling up the DagBag from /home/data-engineer/GAAS_Data_System/venv/lib/python3.10/site-packages/airflow/example_dags/example_nested_branch_dag.py
[2023-08-25T15:19:32.465+0000] {processor.py:839} INFO - DAG(s) dict_keys(['example_nested_branch_dag']) retrieved from /home/data-engineer/GAAS_Data_System/venv/lib/python3.10/site-packages/airflow/example_dags/example_nested_branch_dag.py
[2023-08-25T15:19:32.855+0000] {logging_mixin.py:151} INFO - [2023-08-25T15:19:32.848+0000] {dag.py:2907} INFO - Sync 1 DAGs
[2023-08-25T15:19:33.256+0000] {logging_mixin.py:151} INFO - [2023-08-25T15:19:33.255+0000] {dag.py:3677} INFO - Setting next_dagrun for example_nested_branch_dag to 2023-08-24T00:00:00+00:00, run_after=2023-08-25T00:00:00+00:00
[2023-08-25T15:19:33.400+0000] {processor.py:179} INFO - Processing /home/data-engineer/GAAS_Data_System/venv/lib/python3.10/site-packages/airflow/example_dags/example_nested_branch_dag.py took 1.124 seconds
[2023-08-25T15:20:04.286+0000] {processor.py:157} INFO - Started process (PID=199213) to work on /home/data-engineer/GAAS_Data_System/venv/lib/python3.10/site-packages/airflow/example_dags/example_nested_branch_dag.py
[2023-08-25T15:20:04.288+0000] {processor.py:829} INFO - Processing file /home/data-engineer/GAAS_Data_System/venv/lib/python3.10/site-packages/airflow/example_dags/example_nested_branch_dag.py for tasks to queue
[2023-08-25T15:20:04.290+0000] {logging_mixin.py:151} INFO - [2023-08-25T15:20:04.289+0000] {dagbag.py:539} INFO - Filling up the DagBag from /home/data-engineer/GAAS_Data_System/venv/lib/python3.10/site-packages/airflow/example_dags/example_nested_branch_dag.py
[2023-08-25T15:20:04.310+0000] {processor.py:839} INFO - DAG(s) dict_keys(['example_nested_branch_dag']) retrieved from /home/data-engineer/GAAS_Data_System/venv/lib/python3.10/site-packages/airflow/example_dags/example_nested_branch_dag.py
[2023-08-25T15:20:04.362+0000] {logging_mixin.py:151} INFO - [2023-08-25T15:20:04.361+0000] {dag.py:2907} INFO - Sync 1 DAGs
[2023-08-25T15:20:04.412+0000] {logging_mixin.py:151} INFO - [2023-08-25T15:20:04.411+0000] {dag.py:3677} INFO - Setting next_dagrun for example_nested_branch_dag to 2023-08-24T00:00:00+00:00, run_after=2023-08-25T00:00:00+00:00
[2023-08-25T15:20:04.452+0000] {processor.py:179} INFO - Processing /home/data-engineer/GAAS_Data_System/venv/lib/python3.10/site-packages/airflow/example_dags/example_nested_branch_dag.py took 0.175 seconds
[2023-08-25T15:20:34.573+0000] {processor.py:157} INFO - Started process (PID=199698) to work on /home/data-engineer/GAAS_Data_System/venv/lib/python3.10/site-packages/airflow/example_dags/example_nested_branch_dag.py
[2023-08-25T15:20:34.575+0000] {processor.py:829} INFO - Processing file /home/data-engineer/GAAS_Data_System/venv/lib/python3.10/site-packages/airflow/example_dags/example_nested_branch_dag.py for tasks to queue
[2023-08-25T15:20:34.576+0000] {logging_mixin.py:151} INFO - [2023-08-25T15:20:34.576+0000] {dagbag.py:539} INFO - Filling up the DagBag from /home/data-engineer/GAAS_Data_System/venv/lib/python3.10/site-packages/airflow/example_dags/example_nested_branch_dag.py
[2023-08-25T15:20:34.598+0000] {processor.py:839} INFO - DAG(s) dict_keys(['example_nested_branch_dag']) retrieved from /home/data-engineer/GAAS_Data_System/venv/lib/python3.10/site-packages/airflow/example_dags/example_nested_branch_dag.py
[2023-08-25T15:20:34.651+0000] {logging_mixin.py:151} INFO - [2023-08-25T15:20:34.651+0000] {dag.py:2907} INFO - Sync 1 DAGs
[2023-08-25T15:20:34.699+0000] {logging_mixin.py:151} INFO - [2023-08-25T15:20:34.698+0000] {dag.py:3677} INFO - Setting next_dagrun for example_nested_branch_dag to 2023-08-24T00:00:00+00:00, run_after=2023-08-25T00:00:00+00:00
[2023-08-25T15:20:34.739+0000] {processor.py:179} INFO - Processing /home/data-engineer/GAAS_Data_System/venv/lib/python3.10/site-packages/airflow/example_dags/example_nested_branch_dag.py took 0.175 seconds
