[2023-08-25T15:16:47.943+0000] {processor.py:157} INFO - Started process (PID=196623) to work on /home/data-engineer/GAAS_Data_System/venv/lib/python3.10/site-packages/airflow/example_dags/example_xcomargs.py
[2023-08-25T15:16:47.945+0000] {processor.py:829} INFO - Processing file /home/data-engineer/GAAS_Data_System/venv/lib/python3.10/site-packages/airflow/example_dags/example_xcomargs.py for tasks to queue
[2023-08-25T15:16:47.947+0000] {logging_mixin.py:151} INFO - [2023-08-25T15:16:47.946+0000] {dagbag.py:539} INFO - Filling up the DagBag from /home/data-engineer/GAAS_Data_System/venv/lib/python3.10/site-packages/airflow/example_dags/example_xcomargs.py
[2023-08-25T15:16:47.978+0000] {processor.py:839} INFO - DAG(s) dict_keys(['example_xcom_args_with_operators', 'example_xcom_args']) retrieved from /home/data-engineer/GAAS_Data_System/venv/lib/python3.10/site-packages/airflow/example_dags/example_xcomargs.py
[2023-08-25T15:16:48.290+0000] {logging_mixin.py:151} INFO - [2023-08-25T15:16:48.289+0000] {manager.py:501} INFO - Created Permission View: can delete on DAG:example_xcom_args_with_operators
[2023-08-25T15:16:48.325+0000] {logging_mixin.py:151} INFO - [2023-08-25T15:16:48.325+0000] {manager.py:501} INFO - Created Permission View: can edit on DAG:example_xcom_args_with_operators
[2023-08-25T15:16:48.345+0000] {logging_mixin.py:151} INFO - [2023-08-25T15:16:48.344+0000] {manager.py:501} INFO - Created Permission View: can read on DAG:example_xcom_args_with_operators
[2023-08-25T15:16:48.418+0000] {logging_mixin.py:151} INFO - [2023-08-25T15:16:48.417+0000] {manager.py:501} INFO - Created Permission View: can delete on DAG:example_xcom_args
[2023-08-25T15:16:48.441+0000] {logging_mixin.py:151} INFO - [2023-08-25T15:16:48.440+0000] {manager.py:501} INFO - Created Permission View: can edit on DAG:example_xcom_args
[2023-08-25T15:16:48.460+0000] {logging_mixin.py:151} INFO - [2023-08-25T15:16:48.459+0000] {manager.py:501} INFO - Created Permission View: can read on DAG:example_xcom_args
[2023-08-25T15:16:48.481+0000] {logging_mixin.py:151} INFO - [2023-08-25T15:16:48.479+0000] {dag.py:2907} INFO - Sync 2 DAGs
[2023-08-25T15:16:48.515+0000] {logging_mixin.py:151} INFO - [2023-08-25T15:16:48.514+0000] {dag.py:2929} INFO - Creating ORM DAG for example_xcom_args
[2023-08-25T15:16:48.516+0000] {logging_mixin.py:151} INFO - [2023-08-25T15:16:48.516+0000] {dag.py:2929} INFO - Creating ORM DAG for example_xcom_args_with_operators
[2023-08-25T15:16:48.517+0000] {logging_mixin.py:151} INFO - [2023-08-25T15:16:48.517+0000] {dag.py:3677} INFO - Setting next_dagrun for example_xcom_args to None, run_after=None
[2023-08-25T15:16:48.518+0000] {logging_mixin.py:151} INFO - [2023-08-25T15:16:48.518+0000] {dag.py:3677} INFO - Setting next_dagrun for example_xcom_args_with_operators to None, run_after=None
[2023-08-25T15:16:48.561+0000] {processor.py:179} INFO - Processing /home/data-engineer/GAAS_Data_System/venv/lib/python3.10/site-packages/airflow/example_dags/example_xcomargs.py took 0.626 seconds
[2023-08-25T15:17:19.116+0000] {processor.py:157} INFO - Started process (PID=197080) to work on /home/data-engineer/GAAS_Data_System/venv/lib/python3.10/site-packages/airflow/example_dags/example_xcomargs.py
[2023-08-25T15:17:19.118+0000] {processor.py:829} INFO - Processing file /home/data-engineer/GAAS_Data_System/venv/lib/python3.10/site-packages/airflow/example_dags/example_xcomargs.py for tasks to queue
[2023-08-25T15:17:19.121+0000] {logging_mixin.py:151} INFO - [2023-08-25T15:17:19.120+0000] {dagbag.py:539} INFO - Filling up the DagBag from /home/data-engineer/GAAS_Data_System/venv/lib/python3.10/site-packages/airflow/example_dags/example_xcomargs.py
[2023-08-25T15:17:19.142+0000] {processor.py:839} INFO - DAG(s) dict_keys(['example_xcom_args', 'example_xcom_args_with_operators']) retrieved from /home/data-engineer/GAAS_Data_System/venv/lib/python3.10/site-packages/airflow/example_dags/example_xcomargs.py
[2023-08-25T15:17:19.195+0000] {logging_mixin.py:151} INFO - [2023-08-25T15:17:19.195+0000] {dag.py:2907} INFO - Sync 2 DAGs
[2023-08-25T15:17:19.219+0000] {logging_mixin.py:151} INFO - [2023-08-25T15:17:19.218+0000] {dag.py:3677} INFO - Setting next_dagrun for example_xcom_args to None, run_after=None
[2023-08-25T15:17:19.225+0000] {logging_mixin.py:151} INFO - [2023-08-25T15:17:19.225+0000] {dag.py:3677} INFO - Setting next_dagrun for example_xcom_args_with_operators to None, run_after=None
[2023-08-25T15:17:19.273+0000] {processor.py:179} INFO - Processing /home/data-engineer/GAAS_Data_System/venv/lib/python3.10/site-packages/airflow/example_dags/example_xcomargs.py took 0.167 seconds
[2023-08-25T15:17:49.649+0000] {processor.py:157} INFO - Started process (PID=197386) to work on /home/data-engineer/GAAS_Data_System/venv/lib/python3.10/site-packages/airflow/example_dags/example_xcomargs.py
[2023-08-25T15:17:49.652+0000] {processor.py:829} INFO - Processing file /home/data-engineer/GAAS_Data_System/venv/lib/python3.10/site-packages/airflow/example_dags/example_xcomargs.py for tasks to queue
[2023-08-25T15:17:49.653+0000] {logging_mixin.py:151} INFO - [2023-08-25T15:17:49.653+0000] {dagbag.py:539} INFO - Filling up the DagBag from /home/data-engineer/GAAS_Data_System/venv/lib/python3.10/site-packages/airflow/example_dags/example_xcomargs.py
[2023-08-25T15:17:49.670+0000] {processor.py:839} INFO - DAG(s) dict_keys(['example_xcom_args', 'example_xcom_args_with_operators']) retrieved from /home/data-engineer/GAAS_Data_System/venv/lib/python3.10/site-packages/airflow/example_dags/example_xcomargs.py
[2023-08-25T15:17:49.732+0000] {logging_mixin.py:151} INFO - [2023-08-25T15:17:49.732+0000] {dag.py:2907} INFO - Sync 2 DAGs
[2023-08-25T15:17:49.755+0000] {logging_mixin.py:151} INFO - [2023-08-25T15:17:49.755+0000] {dag.py:3677} INFO - Setting next_dagrun for example_xcom_args to None, run_after=None
[2023-08-25T15:17:49.761+0000] {logging_mixin.py:151} INFO - [2023-08-25T15:17:49.761+0000] {dag.py:3677} INFO - Setting next_dagrun for example_xcom_args_with_operators to None, run_after=None
[2023-08-25T15:17:49.801+0000] {processor.py:179} INFO - Processing /home/data-engineer/GAAS_Data_System/venv/lib/python3.10/site-packages/airflow/example_dags/example_xcomargs.py took 0.160 seconds
[2023-08-25T15:18:20.046+0000] {processor.py:157} INFO - Started process (PID=197811) to work on /home/data-engineer/GAAS_Data_System/venv/lib/python3.10/site-packages/airflow/example_dags/example_xcomargs.py
[2023-08-25T15:18:20.050+0000] {processor.py:829} INFO - Processing file /home/data-engineer/GAAS_Data_System/venv/lib/python3.10/site-packages/airflow/example_dags/example_xcomargs.py for tasks to queue
[2023-08-25T15:18:20.051+0000] {logging_mixin.py:151} INFO - [2023-08-25T15:18:20.051+0000] {dagbag.py:539} INFO - Filling up the DagBag from /home/data-engineer/GAAS_Data_System/venv/lib/python3.10/site-packages/airflow/example_dags/example_xcomargs.py
[2023-08-25T15:18:20.088+0000] {processor.py:839} INFO - DAG(s) dict_keys(['example_xcom_args_with_operators', 'example_xcom_args']) retrieved from /home/data-engineer/GAAS_Data_System/venv/lib/python3.10/site-packages/airflow/example_dags/example_xcomargs.py
[2023-08-25T15:18:20.148+0000] {logging_mixin.py:151} INFO - [2023-08-25T15:18:20.147+0000] {dag.py:2907} INFO - Sync 2 DAGs
[2023-08-25T15:18:20.178+0000] {logging_mixin.py:151} INFO - [2023-08-25T15:18:20.177+0000] {dag.py:3677} INFO - Setting next_dagrun for example_xcom_args to None, run_after=None
[2023-08-25T15:18:20.189+0000] {logging_mixin.py:151} INFO - [2023-08-25T15:18:20.189+0000] {dag.py:3677} INFO - Setting next_dagrun for example_xcom_args_with_operators to None, run_after=None
[2023-08-25T15:18:20.231+0000] {processor.py:179} INFO - Processing /home/data-engineer/GAAS_Data_System/venv/lib/python3.10/site-packages/airflow/example_dags/example_xcomargs.py took 0.198 seconds
[2023-08-25T15:18:52.425+0000] {processor.py:157} INFO - Started process (PID=198231) to work on /home/data-engineer/GAAS_Data_System/venv/lib/python3.10/site-packages/airflow/example_dags/example_xcomargs.py
[2023-08-25T15:18:52.428+0000] {processor.py:829} INFO - Processing file /home/data-engineer/GAAS_Data_System/venv/lib/python3.10/site-packages/airflow/example_dags/example_xcomargs.py for tasks to queue
[2023-08-25T15:18:52.439+0000] {logging_mixin.py:151} INFO - [2023-08-25T15:18:52.429+0000] {dagbag.py:539} INFO - Filling up the DagBag from /home/data-engineer/GAAS_Data_System/venv/lib/python3.10/site-packages/airflow/example_dags/example_xcomargs.py
[2023-08-25T15:18:52.474+0000] {processor.py:839} INFO - DAG(s) dict_keys(['example_xcom_args', 'example_xcom_args_with_operators']) retrieved from /home/data-engineer/GAAS_Data_System/venv/lib/python3.10/site-packages/airflow/example_dags/example_xcomargs.py
[2023-08-25T15:18:52.593+0000] {logging_mixin.py:151} INFO - [2023-08-25T15:18:52.593+0000] {dag.py:2907} INFO - Sync 2 DAGs
[2023-08-25T15:18:52.694+0000] {logging_mixin.py:151} INFO - [2023-08-25T15:18:52.693+0000] {dag.py:3677} INFO - Setting next_dagrun for example_xcom_args to None, run_after=None
[2023-08-25T15:18:52.721+0000] {logging_mixin.py:151} INFO - [2023-08-25T15:18:52.720+0000] {dag.py:3677} INFO - Setting next_dagrun for example_xcom_args_with_operators to None, run_after=None
[2023-08-25T15:18:52.783+0000] {processor.py:179} INFO - Processing /home/data-engineer/GAAS_Data_System/venv/lib/python3.10/site-packages/airflow/example_dags/example_xcomargs.py took 0.366 seconds
[2023-08-25T15:19:25.118+0000] {processor.py:157} INFO - Started process (PID=198671) to work on /home/data-engineer/GAAS_Data_System/venv/lib/python3.10/site-packages/airflow/example_dags/example_xcomargs.py
[2023-08-25T15:19:25.121+0000] {processor.py:829} INFO - Processing file /home/data-engineer/GAAS_Data_System/venv/lib/python3.10/site-packages/airflow/example_dags/example_xcomargs.py for tasks to queue
[2023-08-25T15:19:25.123+0000] {logging_mixin.py:151} INFO - [2023-08-25T15:19:25.123+0000] {dagbag.py:539} INFO - Filling up the DagBag from /home/data-engineer/GAAS_Data_System/venv/lib/python3.10/site-packages/airflow/example_dags/example_xcomargs.py
[2023-08-25T15:19:25.156+0000] {processor.py:839} INFO - DAG(s) dict_keys(['example_xcom_args', 'example_xcom_args_with_operators']) retrieved from /home/data-engineer/GAAS_Data_System/venv/lib/python3.10/site-packages/airflow/example_dags/example_xcomargs.py
[2023-08-25T15:19:25.260+0000] {logging_mixin.py:151} INFO - [2023-08-25T15:19:25.260+0000] {dag.py:2907} INFO - Sync 2 DAGs
[2023-08-25T15:19:25.309+0000] {logging_mixin.py:151} INFO - [2023-08-25T15:19:25.308+0000] {dag.py:3677} INFO - Setting next_dagrun for example_xcom_args to None, run_after=None
[2023-08-25T15:19:25.340+0000] {logging_mixin.py:151} INFO - [2023-08-25T15:19:25.340+0000] {dag.py:3677} INFO - Setting next_dagrun for example_xcom_args_with_operators to None, run_after=None
[2023-08-25T15:19:25.410+0000] {processor.py:179} INFO - Processing /home/data-engineer/GAAS_Data_System/venv/lib/python3.10/site-packages/airflow/example_dags/example_xcomargs.py took 0.310 seconds
[2023-08-25T15:19:56.657+0000] {processor.py:157} INFO - Started process (PID=199072) to work on /home/data-engineer/GAAS_Data_System/venv/lib/python3.10/site-packages/airflow/example_dags/example_xcomargs.py
[2023-08-25T15:19:56.660+0000] {processor.py:829} INFO - Processing file /home/data-engineer/GAAS_Data_System/venv/lib/python3.10/site-packages/airflow/example_dags/example_xcomargs.py for tasks to queue
[2023-08-25T15:19:56.665+0000] {logging_mixin.py:151} INFO - [2023-08-25T15:19:56.665+0000] {dagbag.py:539} INFO - Filling up the DagBag from /home/data-engineer/GAAS_Data_System/venv/lib/python3.10/site-packages/airflow/example_dags/example_xcomargs.py
[2023-08-25T15:19:56.700+0000] {processor.py:839} INFO - DAG(s) dict_keys(['example_xcom_args', 'example_xcom_args_with_operators']) retrieved from /home/data-engineer/GAAS_Data_System/venv/lib/python3.10/site-packages/airflow/example_dags/example_xcomargs.py
[2023-08-25T15:19:56.798+0000] {logging_mixin.py:151} INFO - [2023-08-25T15:19:56.798+0000] {dag.py:2907} INFO - Sync 2 DAGs
[2023-08-25T15:19:56.825+0000] {logging_mixin.py:151} INFO - [2023-08-25T15:19:56.824+0000] {dag.py:3677} INFO - Setting next_dagrun for example_xcom_args to None, run_after=None
[2023-08-25T15:19:56.832+0000] {logging_mixin.py:151} INFO - [2023-08-25T15:19:56.832+0000] {dag.py:3677} INFO - Setting next_dagrun for example_xcom_args_with_operators to None, run_after=None
[2023-08-25T15:19:56.877+0000] {processor.py:179} INFO - Processing /home/data-engineer/GAAS_Data_System/venv/lib/python3.10/site-packages/airflow/example_dags/example_xcomargs.py took 0.234 seconds
[2023-08-25T15:20:28.034+0000] {processor.py:157} INFO - Started process (PID=199554) to work on /home/data-engineer/GAAS_Data_System/venv/lib/python3.10/site-packages/airflow/example_dags/example_xcomargs.py
[2023-08-25T15:20:28.037+0000] {processor.py:829} INFO - Processing file /home/data-engineer/GAAS_Data_System/venv/lib/python3.10/site-packages/airflow/example_dags/example_xcomargs.py for tasks to queue
[2023-08-25T15:20:28.038+0000] {logging_mixin.py:151} INFO - [2023-08-25T15:20:28.038+0000] {dagbag.py:539} INFO - Filling up the DagBag from /home/data-engineer/GAAS_Data_System/venv/lib/python3.10/site-packages/airflow/example_dags/example_xcomargs.py
[2023-08-25T15:20:28.054+0000] {processor.py:839} INFO - DAG(s) dict_keys(['example_xcom_args', 'example_xcom_args_with_operators']) retrieved from /home/data-engineer/GAAS_Data_System/venv/lib/python3.10/site-packages/airflow/example_dags/example_xcomargs.py
[2023-08-25T15:20:28.131+0000] {logging_mixin.py:151} INFO - [2023-08-25T15:20:28.131+0000] {dag.py:2907} INFO - Sync 2 DAGs
[2023-08-25T15:20:28.172+0000] {logging_mixin.py:151} INFO - [2023-08-25T15:20:28.172+0000] {dag.py:3677} INFO - Setting next_dagrun for example_xcom_args to None, run_after=None
[2023-08-25T15:20:28.187+0000] {logging_mixin.py:151} INFO - [2023-08-25T15:20:28.186+0000] {dag.py:3677} INFO - Setting next_dagrun for example_xcom_args_with_operators to None, run_after=None
[2023-08-25T15:20:28.235+0000] {processor.py:179} INFO - Processing /home/data-engineer/GAAS_Data_System/venv/lib/python3.10/site-packages/airflow/example_dags/example_xcomargs.py took 0.208 seconds
