[2023-08-25T15:16:45.728+0000] {processor.py:157} INFO - Started process (PID=196531) to work on /home/data-engineer/GAAS_Data_System/venv/lib/python3.10/site-packages/airflow/example_dags/example_trigger_controller_dag.py
[2023-08-25T15:16:45.730+0000] {processor.py:829} INFO - Processing file /home/data-engineer/GAAS_Data_System/venv/lib/python3.10/site-packages/airflow/example_dags/example_trigger_controller_dag.py for tasks to queue
[2023-08-25T15:16:45.731+0000] {logging_mixin.py:151} INFO - [2023-08-25T15:16:45.731+0000] {dagbag.py:539} INFO - Filling up the DagBag from /home/data-engineer/GAAS_Data_System/venv/lib/python3.10/site-packages/airflow/example_dags/example_trigger_controller_dag.py
[2023-08-25T15:16:45.744+0000] {processor.py:839} INFO - DAG(s) dict_keys(['example_trigger_controller_dag']) retrieved from /home/data-engineer/GAAS_Data_System/venv/lib/python3.10/site-packages/airflow/example_dags/example_trigger_controller_dag.py
[2023-08-25T15:16:45.988+0000] {logging_mixin.py:151} INFO - [2023-08-25T15:16:45.987+0000] {manager.py:501} INFO - Created Permission View: can delete on DAG:example_trigger_controller_dag
[2023-08-25T15:16:46.024+0000] {logging_mixin.py:151} INFO - [2023-08-25T15:16:46.023+0000] {manager.py:501} INFO - Created Permission View: can edit on DAG:example_trigger_controller_dag
[2023-08-25T15:16:46.042+0000] {logging_mixin.py:151} INFO - [2023-08-25T15:16:46.041+0000] {manager.py:501} INFO - Created Permission View: can read on DAG:example_trigger_controller_dag
[2023-08-25T15:16:46.069+0000] {logging_mixin.py:151} INFO - [2023-08-25T15:16:46.069+0000] {dag.py:2907} INFO - Sync 1 DAGs
[2023-08-25T15:16:46.095+0000] {logging_mixin.py:151} INFO - [2023-08-25T15:16:46.095+0000] {dag.py:2929} INFO - Creating ORM DAG for example_trigger_controller_dag
[2023-08-25T15:16:46.117+0000] {logging_mixin.py:151} INFO - [2023-08-25T15:16:46.116+0000] {dag.py:3677} INFO - Setting next_dagrun for example_trigger_controller_dag to 2021-01-01T00:00:00+00:00, run_after=2021-01-01T00:00:00+00:00
[2023-08-25T15:16:46.159+0000] {processor.py:179} INFO - Processing /home/data-engineer/GAAS_Data_System/venv/lib/python3.10/site-packages/airflow/example_dags/example_trigger_controller_dag.py took 0.442 seconds
[2023-08-25T15:17:17.181+0000] {processor.py:157} INFO - Started process (PID=197036) to work on /home/data-engineer/GAAS_Data_System/venv/lib/python3.10/site-packages/airflow/example_dags/example_trigger_controller_dag.py
[2023-08-25T15:17:17.183+0000] {processor.py:829} INFO - Processing file /home/data-engineer/GAAS_Data_System/venv/lib/python3.10/site-packages/airflow/example_dags/example_trigger_controller_dag.py for tasks to queue
[2023-08-25T15:17:17.185+0000] {logging_mixin.py:151} INFO - [2023-08-25T15:17:17.184+0000] {dagbag.py:539} INFO - Filling up the DagBag from /home/data-engineer/GAAS_Data_System/venv/lib/python3.10/site-packages/airflow/example_dags/example_trigger_controller_dag.py
[2023-08-25T15:17:17.196+0000] {processor.py:839} INFO - DAG(s) dict_keys(['example_trigger_controller_dag']) retrieved from /home/data-engineer/GAAS_Data_System/venv/lib/python3.10/site-packages/airflow/example_dags/example_trigger_controller_dag.py
[2023-08-25T15:17:17.249+0000] {logging_mixin.py:151} INFO - [2023-08-25T15:17:17.249+0000] {dag.py:2907} INFO - Sync 1 DAGs
[2023-08-25T15:17:17.293+0000] {logging_mixin.py:151} INFO - [2023-08-25T15:17:17.292+0000] {dag.py:3677} INFO - Setting next_dagrun for example_trigger_controller_dag to 2021-01-01T00:00:00+00:00, run_after=2021-01-01T00:00:00+00:00
[2023-08-25T15:17:17.346+0000] {processor.py:179} INFO - Processing /home/data-engineer/GAAS_Data_System/venv/lib/python3.10/site-packages/airflow/example_dags/example_trigger_controller_dag.py took 0.173 seconds
[2023-08-25T15:17:47.782+0000] {processor.py:157} INFO - Started process (PID=197342) to work on /home/data-engineer/GAAS_Data_System/venv/lib/python3.10/site-packages/airflow/example_dags/example_trigger_controller_dag.py
[2023-08-25T15:17:47.785+0000] {processor.py:829} INFO - Processing file /home/data-engineer/GAAS_Data_System/venv/lib/python3.10/site-packages/airflow/example_dags/example_trigger_controller_dag.py for tasks to queue
[2023-08-25T15:17:47.787+0000] {logging_mixin.py:151} INFO - [2023-08-25T15:17:47.787+0000] {dagbag.py:539} INFO - Filling up the DagBag from /home/data-engineer/GAAS_Data_System/venv/lib/python3.10/site-packages/airflow/example_dags/example_trigger_controller_dag.py
[2023-08-25T15:17:47.797+0000] {processor.py:839} INFO - DAG(s) dict_keys(['example_trigger_controller_dag']) retrieved from /home/data-engineer/GAAS_Data_System/venv/lib/python3.10/site-packages/airflow/example_dags/example_trigger_controller_dag.py
[2023-08-25T15:17:47.846+0000] {logging_mixin.py:151} INFO - [2023-08-25T15:17:47.846+0000] {dag.py:2907} INFO - Sync 1 DAGs
[2023-08-25T15:17:47.886+0000] {logging_mixin.py:151} INFO - [2023-08-25T15:17:47.886+0000] {dag.py:3677} INFO - Setting next_dagrun for example_trigger_controller_dag to 2021-01-01T00:00:00+00:00, run_after=2021-01-01T00:00:00+00:00
[2023-08-25T15:17:47.927+0000] {processor.py:179} INFO - Processing /home/data-engineer/GAAS_Data_System/venv/lib/python3.10/site-packages/airflow/example_dags/example_trigger_controller_dag.py took 0.155 seconds
[2023-08-25T15:18:18.642+0000] {processor.py:157} INFO - Started process (PID=197763) to work on /home/data-engineer/GAAS_Data_System/venv/lib/python3.10/site-packages/airflow/example_dags/example_trigger_controller_dag.py
[2023-08-25T15:18:18.644+0000] {processor.py:829} INFO - Processing file /home/data-engineer/GAAS_Data_System/venv/lib/python3.10/site-packages/airflow/example_dags/example_trigger_controller_dag.py for tasks to queue
[2023-08-25T15:18:18.647+0000] {logging_mixin.py:151} INFO - [2023-08-25T15:18:18.646+0000] {dagbag.py:539} INFO - Filling up the DagBag from /home/data-engineer/GAAS_Data_System/venv/lib/python3.10/site-packages/airflow/example_dags/example_trigger_controller_dag.py
[2023-08-25T15:18:18.674+0000] {processor.py:839} INFO - DAG(s) dict_keys(['example_trigger_controller_dag']) retrieved from /home/data-engineer/GAAS_Data_System/venv/lib/python3.10/site-packages/airflow/example_dags/example_trigger_controller_dag.py
[2023-08-25T15:18:18.742+0000] {logging_mixin.py:151} INFO - [2023-08-25T15:18:18.742+0000] {dag.py:2907} INFO - Sync 1 DAGs
[2023-08-25T15:18:18.791+0000] {logging_mixin.py:151} INFO - [2023-08-25T15:18:18.791+0000] {dag.py:3677} INFO - Setting next_dagrun for example_trigger_controller_dag to 2021-01-01T00:00:00+00:00, run_after=2021-01-01T00:00:00+00:00
[2023-08-25T15:18:18.881+0000] {processor.py:179} INFO - Processing /home/data-engineer/GAAS_Data_System/venv/lib/python3.10/site-packages/airflow/example_dags/example_trigger_controller_dag.py took 0.247 seconds
[2023-08-25T15:18:50.441+0000] {processor.py:157} INFO - Started process (PID=198176) to work on /home/data-engineer/GAAS_Data_System/venv/lib/python3.10/site-packages/airflow/example_dags/example_trigger_controller_dag.py
[2023-08-25T15:18:50.448+0000] {processor.py:829} INFO - Processing file /home/data-engineer/GAAS_Data_System/venv/lib/python3.10/site-packages/airflow/example_dags/example_trigger_controller_dag.py for tasks to queue
[2023-08-25T15:18:50.450+0000] {logging_mixin.py:151} INFO - [2023-08-25T15:18:50.449+0000] {dagbag.py:539} INFO - Filling up the DagBag from /home/data-engineer/GAAS_Data_System/venv/lib/python3.10/site-packages/airflow/example_dags/example_trigger_controller_dag.py
[2023-08-25T15:18:50.463+0000] {processor.py:839} INFO - DAG(s) dict_keys(['example_trigger_controller_dag']) retrieved from /home/data-engineer/GAAS_Data_System/venv/lib/python3.10/site-packages/airflow/example_dags/example_trigger_controller_dag.py
[2023-08-25T15:18:50.527+0000] {logging_mixin.py:151} INFO - [2023-08-25T15:18:50.526+0000] {dag.py:2907} INFO - Sync 1 DAGs
[2023-08-25T15:18:50.596+0000] {logging_mixin.py:151} INFO - [2023-08-25T15:18:50.596+0000] {dag.py:3677} INFO - Setting next_dagrun for example_trigger_controller_dag to 2021-01-01T00:00:00+00:00, run_after=2021-01-01T00:00:00+00:00
[2023-08-25T15:18:50.709+0000] {processor.py:179} INFO - Processing /home/data-engineer/GAAS_Data_System/venv/lib/python3.10/site-packages/airflow/example_dags/example_trigger_controller_dag.py took 0.283 seconds
[2023-08-25T15:19:21.835+0000] {processor.py:157} INFO - Started process (PID=198626) to work on /home/data-engineer/GAAS_Data_System/venv/lib/python3.10/site-packages/airflow/example_dags/example_trigger_controller_dag.py
[2023-08-25T15:19:21.839+0000] {processor.py:829} INFO - Processing file /home/data-engineer/GAAS_Data_System/venv/lib/python3.10/site-packages/airflow/example_dags/example_trigger_controller_dag.py for tasks to queue
[2023-08-25T15:19:21.840+0000] {logging_mixin.py:151} INFO - [2023-08-25T15:19:21.840+0000] {dagbag.py:539} INFO - Filling up the DagBag from /home/data-engineer/GAAS_Data_System/venv/lib/python3.10/site-packages/airflow/example_dags/example_trigger_controller_dag.py
[2023-08-25T15:19:21.877+0000] {processor.py:839} INFO - DAG(s) dict_keys(['example_trigger_controller_dag']) retrieved from /home/data-engineer/GAAS_Data_System/venv/lib/python3.10/site-packages/airflow/example_dags/example_trigger_controller_dag.py
[2023-08-25T15:19:22.104+0000] {logging_mixin.py:151} INFO - [2023-08-25T15:19:22.103+0000] {dag.py:2907} INFO - Sync 1 DAGs
[2023-08-25T15:19:22.284+0000] {logging_mixin.py:151} INFO - [2023-08-25T15:19:22.283+0000] {dag.py:3677} INFO - Setting next_dagrun for example_trigger_controller_dag to 2021-01-01T00:00:00+00:00, run_after=2021-01-01T00:00:00+00:00
[2023-08-25T15:19:22.427+0000] {processor.py:179} INFO - Processing /home/data-engineer/GAAS_Data_System/venv/lib/python3.10/site-packages/airflow/example_dags/example_trigger_controller_dag.py took 0.619 seconds
[2023-08-25T15:19:52.792+0000] {processor.py:157} INFO - Started process (PID=198990) to work on /home/data-engineer/GAAS_Data_System/venv/lib/python3.10/site-packages/airflow/example_dags/example_trigger_controller_dag.py
[2023-08-25T15:19:52.795+0000] {processor.py:829} INFO - Processing file /home/data-engineer/GAAS_Data_System/venv/lib/python3.10/site-packages/airflow/example_dags/example_trigger_controller_dag.py for tasks to queue
[2023-08-25T15:19:52.796+0000] {logging_mixin.py:151} INFO - [2023-08-25T15:19:52.796+0000] {dagbag.py:539} INFO - Filling up the DagBag from /home/data-engineer/GAAS_Data_System/venv/lib/python3.10/site-packages/airflow/example_dags/example_trigger_controller_dag.py
[2023-08-25T15:19:52.805+0000] {processor.py:839} INFO - DAG(s) dict_keys(['example_trigger_controller_dag']) retrieved from /home/data-engineer/GAAS_Data_System/venv/lib/python3.10/site-packages/airflow/example_dags/example_trigger_controller_dag.py
[2023-08-25T15:19:52.856+0000] {logging_mixin.py:151} INFO - [2023-08-25T15:19:52.856+0000] {dag.py:2907} INFO - Sync 1 DAGs
[2023-08-25T15:19:52.911+0000] {logging_mixin.py:151} INFO - [2023-08-25T15:19:52.910+0000] {dag.py:3677} INFO - Setting next_dagrun for example_trigger_controller_dag to 2021-01-01T00:00:00+00:00, run_after=2021-01-01T00:00:00+00:00
[2023-08-25T15:19:52.960+0000] {processor.py:179} INFO - Processing /home/data-engineer/GAAS_Data_System/venv/lib/python3.10/site-packages/airflow/example_dags/example_trigger_controller_dag.py took 0.175 seconds
[2023-08-25T15:20:23.417+0000] {processor.py:157} INFO - Started process (PID=199466) to work on /home/data-engineer/GAAS_Data_System/venv/lib/python3.10/site-packages/airflow/example_dags/example_trigger_controller_dag.py
[2023-08-25T15:20:23.419+0000] {processor.py:829} INFO - Processing file /home/data-engineer/GAAS_Data_System/venv/lib/python3.10/site-packages/airflow/example_dags/example_trigger_controller_dag.py for tasks to queue
[2023-08-25T15:20:23.420+0000] {logging_mixin.py:151} INFO - [2023-08-25T15:20:23.419+0000] {dagbag.py:539} INFO - Filling up the DagBag from /home/data-engineer/GAAS_Data_System/venv/lib/python3.10/site-packages/airflow/example_dags/example_trigger_controller_dag.py
[2023-08-25T15:20:23.427+0000] {processor.py:839} INFO - DAG(s) dict_keys(['example_trigger_controller_dag']) retrieved from /home/data-engineer/GAAS_Data_System/venv/lib/python3.10/site-packages/airflow/example_dags/example_trigger_controller_dag.py
[2023-08-25T15:20:23.467+0000] {logging_mixin.py:151} INFO - [2023-08-25T15:20:23.466+0000] {dag.py:2907} INFO - Sync 1 DAGs
[2023-08-25T15:20:23.502+0000] {logging_mixin.py:151} INFO - [2023-08-25T15:20:23.502+0000] {dag.py:3677} INFO - Setting next_dagrun for example_trigger_controller_dag to 2021-01-01T00:00:00+00:00, run_after=2021-01-01T00:00:00+00:00
[2023-08-25T15:20:23.542+0000] {processor.py:179} INFO - Processing /home/data-engineer/GAAS_Data_System/venv/lib/python3.10/site-packages/airflow/example_dags/example_trigger_controller_dag.py took 0.132 seconds
