[2023-08-25T15:16:45.881+0000] {processor.py:157} INFO - Started process (PID=196536) to work on /home/data-engineer/GAAS_Data_System/venv/lib/python3.10/site-packages/airflow/example_dags/example_task_group_decorator.py
[2023-08-25T15:16:45.883+0000] {processor.py:829} INFO - Processing file /home/data-engineer/GAAS_Data_System/venv/lib/python3.10/site-packages/airflow/example_dags/example_task_group_decorator.py for tasks to queue
[2023-08-25T15:16:45.885+0000] {logging_mixin.py:151} INFO - [2023-08-25T15:16:45.884+0000] {dagbag.py:539} INFO - Filling up the DagBag from /home/data-engineer/GAAS_Data_System/venv/lib/python3.10/site-packages/airflow/example_dags/example_task_group_decorator.py
[2023-08-25T15:16:45.920+0000] {processor.py:839} INFO - DAG(s) dict_keys(['example_task_group_decorator']) retrieved from /home/data-engineer/GAAS_Data_System/venv/lib/python3.10/site-packages/airflow/example_dags/example_task_group_decorator.py
[2023-08-25T15:16:46.152+0000] {logging_mixin.py:151} INFO - [2023-08-25T15:16:46.152+0000] {manager.py:501} INFO - Created Permission View: can delete on DAG:example_task_group_decorator
[2023-08-25T15:16:46.175+0000] {logging_mixin.py:151} INFO - [2023-08-25T15:16:46.175+0000] {manager.py:501} INFO - Created Permission View: can edit on DAG:example_task_group_decorator
[2023-08-25T15:16:46.197+0000] {logging_mixin.py:151} INFO - [2023-08-25T15:16:46.196+0000] {manager.py:501} INFO - Created Permission View: can read on DAG:example_task_group_decorator
[2023-08-25T15:16:46.226+0000] {logging_mixin.py:151} INFO - [2023-08-25T15:16:46.225+0000] {dag.py:2907} INFO - Sync 1 DAGs
[2023-08-25T15:16:46.246+0000] {logging_mixin.py:151} INFO - [2023-08-25T15:16:46.246+0000] {dag.py:2929} INFO - Creating ORM DAG for example_task_group_decorator
[2023-08-25T15:16:46.264+0000] {logging_mixin.py:151} INFO - [2023-08-25T15:16:46.264+0000] {dag.py:3677} INFO - Setting next_dagrun for example_task_group_decorator to 2023-08-24T15:16:46.263636+00:00, run_after=2023-08-25T15:16:46.263636+00:00
[2023-08-25T15:16:46.313+0000] {processor.py:179} INFO - Processing /home/data-engineer/GAAS_Data_System/venv/lib/python3.10/site-packages/airflow/example_dags/example_task_group_decorator.py took 0.440 seconds
[2023-08-25T15:17:17.213+0000] {processor.py:157} INFO - Started process (PID=197039) to work on /home/data-engineer/GAAS_Data_System/venv/lib/python3.10/site-packages/airflow/example_dags/example_task_group_decorator.py
[2023-08-25T15:17:17.214+0000] {processor.py:829} INFO - Processing file /home/data-engineer/GAAS_Data_System/venv/lib/python3.10/site-packages/airflow/example_dags/example_task_group_decorator.py for tasks to queue
[2023-08-25T15:17:17.216+0000] {logging_mixin.py:151} INFO - [2023-08-25T15:17:17.215+0000] {dagbag.py:539} INFO - Filling up the DagBag from /home/data-engineer/GAAS_Data_System/venv/lib/python3.10/site-packages/airflow/example_dags/example_task_group_decorator.py
[2023-08-25T15:17:17.249+0000] {processor.py:839} INFO - DAG(s) dict_keys(['example_task_group_decorator']) retrieved from /home/data-engineer/GAAS_Data_System/venv/lib/python3.10/site-packages/airflow/example_dags/example_task_group_decorator.py
[2023-08-25T15:17:17.307+0000] {logging_mixin.py:151} INFO - [2023-08-25T15:17:17.307+0000] {dag.py:2907} INFO - Sync 1 DAGs
[2023-08-25T15:17:17.353+0000] {logging_mixin.py:151} INFO - [2023-08-25T15:17:17.353+0000] {dag.py:3677} INFO - Setting next_dagrun for example_task_group_decorator to 2023-08-24T15:17:17.352995+00:00, run_after=2023-08-25T15:17:17.352995+00:00
[2023-08-25T15:17:17.405+0000] {processor.py:179} INFO - Processing /home/data-engineer/GAAS_Data_System/venv/lib/python3.10/site-packages/airflow/example_dags/example_task_group_decorator.py took 0.199 seconds
[2023-08-25T15:17:47.799+0000] {processor.py:157} INFO - Started process (PID=197345) to work on /home/data-engineer/GAAS_Data_System/venv/lib/python3.10/site-packages/airflow/example_dags/example_task_group_decorator.py
[2023-08-25T15:17:47.801+0000] {processor.py:829} INFO - Processing file /home/data-engineer/GAAS_Data_System/venv/lib/python3.10/site-packages/airflow/example_dags/example_task_group_decorator.py for tasks to queue
[2023-08-25T15:17:47.803+0000] {logging_mixin.py:151} INFO - [2023-08-25T15:17:47.802+0000] {dagbag.py:539} INFO - Filling up the DagBag from /home/data-engineer/GAAS_Data_System/venv/lib/python3.10/site-packages/airflow/example_dags/example_task_group_decorator.py
[2023-08-25T15:17:47.845+0000] {processor.py:839} INFO - DAG(s) dict_keys(['example_task_group_decorator']) retrieved from /home/data-engineer/GAAS_Data_System/venv/lib/python3.10/site-packages/airflow/example_dags/example_task_group_decorator.py
[2023-08-25T15:17:47.899+0000] {logging_mixin.py:151} INFO - [2023-08-25T15:17:47.899+0000] {dag.py:2907} INFO - Sync 1 DAGs
[2023-08-25T15:17:47.941+0000] {logging_mixin.py:151} INFO - [2023-08-25T15:17:47.940+0000] {dag.py:3677} INFO - Setting next_dagrun for example_task_group_decorator to 2023-08-24T15:17:47.940485+00:00, run_after=2023-08-25T15:17:47.940485+00:00
[2023-08-25T15:17:47.989+0000] {processor.py:179} INFO - Processing /home/data-engineer/GAAS_Data_System/venv/lib/python3.10/site-packages/airflow/example_dags/example_task_group_decorator.py took 0.199 seconds
[2023-08-25T15:18:18.741+0000] {processor.py:157} INFO - Started process (PID=197768) to work on /home/data-engineer/GAAS_Data_System/venv/lib/python3.10/site-packages/airflow/example_dags/example_task_group_decorator.py
[2023-08-25T15:18:18.744+0000] {processor.py:829} INFO - Processing file /home/data-engineer/GAAS_Data_System/venv/lib/python3.10/site-packages/airflow/example_dags/example_task_group_decorator.py for tasks to queue
[2023-08-25T15:18:18.745+0000] {logging_mixin.py:151} INFO - [2023-08-25T15:18:18.745+0000] {dagbag.py:539} INFO - Filling up the DagBag from /home/data-engineer/GAAS_Data_System/venv/lib/python3.10/site-packages/airflow/example_dags/example_task_group_decorator.py
[2023-08-25T15:18:18.828+0000] {processor.py:839} INFO - DAG(s) dict_keys(['example_task_group_decorator']) retrieved from /home/data-engineer/GAAS_Data_System/venv/lib/python3.10/site-packages/airflow/example_dags/example_task_group_decorator.py
[2023-08-25T15:18:18.951+0000] {logging_mixin.py:151} INFO - [2023-08-25T15:18:18.942+0000] {dag.py:2907} INFO - Sync 1 DAGs
[2023-08-25T15:18:19.042+0000] {logging_mixin.py:151} INFO - [2023-08-25T15:18:19.040+0000] {dag.py:3677} INFO - Setting next_dagrun for example_task_group_decorator to 2023-08-24T15:18:19.039607+00:00, run_after=2023-08-25T15:18:19.039607+00:00
[2023-08-25T15:18:19.110+0000] {processor.py:179} INFO - Processing /home/data-engineer/GAAS_Data_System/venv/lib/python3.10/site-packages/airflow/example_dags/example_task_group_decorator.py took 0.386 seconds
[2023-08-25T15:18:50.644+0000] {processor.py:157} INFO - Started process (PID=198181) to work on /home/data-engineer/GAAS_Data_System/venv/lib/python3.10/site-packages/airflow/example_dags/example_task_group_decorator.py
[2023-08-25T15:18:50.654+0000] {processor.py:829} INFO - Processing file /home/data-engineer/GAAS_Data_System/venv/lib/python3.10/site-packages/airflow/example_dags/example_task_group_decorator.py for tasks to queue
[2023-08-25T15:18:50.656+0000] {logging_mixin.py:151} INFO - [2023-08-25T15:18:50.655+0000] {dagbag.py:539} INFO - Filling up the DagBag from /home/data-engineer/GAAS_Data_System/venv/lib/python3.10/site-packages/airflow/example_dags/example_task_group_decorator.py
[2023-08-25T15:18:50.724+0000] {processor.py:839} INFO - DAG(s) dict_keys(['example_task_group_decorator']) retrieved from /home/data-engineer/GAAS_Data_System/venv/lib/python3.10/site-packages/airflow/example_dags/example_task_group_decorator.py
[2023-08-25T15:18:50.819+0000] {logging_mixin.py:151} INFO - [2023-08-25T15:18:50.819+0000] {dag.py:2907} INFO - Sync 1 DAGs
[2023-08-25T15:18:50.884+0000] {logging_mixin.py:151} INFO - [2023-08-25T15:18:50.884+0000] {dag.py:3677} INFO - Setting next_dagrun for example_task_group_decorator to 2023-08-24T15:18:50.883837+00:00, run_after=2023-08-25T15:18:50.883837+00:00
[2023-08-25T15:18:50.962+0000] {processor.py:179} INFO - Processing /home/data-engineer/GAAS_Data_System/venv/lib/python3.10/site-packages/airflow/example_dags/example_task_group_decorator.py took 0.338 seconds
[2023-08-25T15:19:22.546+0000] {processor.py:157} INFO - Started process (PID=198631) to work on /home/data-engineer/GAAS_Data_System/venv/lib/python3.10/site-packages/airflow/example_dags/example_task_group_decorator.py
[2023-08-25T15:19:22.557+0000] {processor.py:829} INFO - Processing file /home/data-engineer/GAAS_Data_System/venv/lib/python3.10/site-packages/airflow/example_dags/example_task_group_decorator.py for tasks to queue
[2023-08-25T15:19:22.559+0000] {logging_mixin.py:151} INFO - [2023-08-25T15:19:22.558+0000] {dagbag.py:539} INFO - Filling up the DagBag from /home/data-engineer/GAAS_Data_System/venv/lib/python3.10/site-packages/airflow/example_dags/example_task_group_decorator.py
[2023-08-25T15:19:22.670+0000] {processor.py:839} INFO - DAG(s) dict_keys(['example_task_group_decorator']) retrieved from /home/data-engineer/GAAS_Data_System/venv/lib/python3.10/site-packages/airflow/example_dags/example_task_group_decorator.py
[2023-08-25T15:19:22.881+0000] {logging_mixin.py:151} INFO - [2023-08-25T15:19:22.881+0000] {dag.py:2907} INFO - Sync 1 DAGs
[2023-08-25T15:19:23.107+0000] {logging_mixin.py:151} INFO - [2023-08-25T15:19:23.106+0000] {dag.py:3677} INFO - Setting next_dagrun for example_task_group_decorator to 2023-08-24T15:19:23.093122+00:00, run_after=2023-08-25T15:19:23.093122+00:00
[2023-08-25T15:19:23.247+0000] {processor.py:179} INFO - Processing /home/data-engineer/GAAS_Data_System/venv/lib/python3.10/site-packages/airflow/example_dags/example_task_group_decorator.py took 0.718 seconds
[2023-08-25T15:19:54.042+0000] {processor.py:157} INFO - Started process (PID=199001) to work on /home/data-engineer/GAAS_Data_System/venv/lib/python3.10/site-packages/airflow/example_dags/example_task_group_decorator.py
[2023-08-25T15:19:54.047+0000] {processor.py:829} INFO - Processing file /home/data-engineer/GAAS_Data_System/venv/lib/python3.10/site-packages/airflow/example_dags/example_task_group_decorator.py for tasks to queue
[2023-08-25T15:19:54.054+0000] {logging_mixin.py:151} INFO - [2023-08-25T15:19:54.048+0000] {dagbag.py:539} INFO - Filling up the DagBag from /home/data-engineer/GAAS_Data_System/venv/lib/python3.10/site-packages/airflow/example_dags/example_task_group_decorator.py
[2023-08-25T15:19:54.100+0000] {processor.py:839} INFO - DAG(s) dict_keys(['example_task_group_decorator']) retrieved from /home/data-engineer/GAAS_Data_System/venv/lib/python3.10/site-packages/airflow/example_dags/example_task_group_decorator.py
[2023-08-25T15:19:54.175+0000] {logging_mixin.py:151} INFO - [2023-08-25T15:19:54.175+0000] {dag.py:2907} INFO - Sync 1 DAGs
[2023-08-25T15:19:54.247+0000] {logging_mixin.py:151} INFO - [2023-08-25T15:19:54.247+0000] {dag.py:3677} INFO - Setting next_dagrun for example_task_group_decorator to 2023-08-24T15:19:54.246800+00:00, run_after=2023-08-25T15:19:54.246800+00:00
[2023-08-25T15:19:54.308+0000] {processor.py:179} INFO - Processing /home/data-engineer/GAAS_Data_System/venv/lib/python3.10/site-packages/airflow/example_dags/example_task_group_decorator.py took 0.300 seconds
[2023-08-25T15:20:24.553+0000] {processor.py:157} INFO - Started process (PID=199480) to work on /home/data-engineer/GAAS_Data_System/venv/lib/python3.10/site-packages/airflow/example_dags/example_task_group_decorator.py
[2023-08-25T15:20:24.556+0000] {processor.py:829} INFO - Processing file /home/data-engineer/GAAS_Data_System/venv/lib/python3.10/site-packages/airflow/example_dags/example_task_group_decorator.py for tasks to queue
[2023-08-25T15:20:24.557+0000] {logging_mixin.py:151} INFO - [2023-08-25T15:20:24.557+0000] {dagbag.py:539} INFO - Filling up the DagBag from /home/data-engineer/GAAS_Data_System/venv/lib/python3.10/site-packages/airflow/example_dags/example_task_group_decorator.py
[2023-08-25T15:20:24.594+0000] {processor.py:839} INFO - DAG(s) dict_keys(['example_task_group_decorator']) retrieved from /home/data-engineer/GAAS_Data_System/venv/lib/python3.10/site-packages/airflow/example_dags/example_task_group_decorator.py
[2023-08-25T15:20:24.662+0000] {logging_mixin.py:151} INFO - [2023-08-25T15:20:24.661+0000] {dag.py:2907} INFO - Sync 1 DAGs
[2023-08-25T15:20:24.713+0000] {logging_mixin.py:151} INFO - [2023-08-25T15:20:24.712+0000] {dag.py:3677} INFO - Setting next_dagrun for example_task_group_decorator to 2023-08-24T15:20:24.712177+00:00, run_after=2023-08-25T15:20:24.712177+00:00
[2023-08-25T15:20:24.759+0000] {processor.py:179} INFO - Processing /home/data-engineer/GAAS_Data_System/venv/lib/python3.10/site-packages/airflow/example_dags/example_task_group_decorator.py took 0.215 seconds
