[2023-08-26T20:52:04.566+0000] {taskinstance.py:1159} INFO - Dependencies all met for dep_context=non-requeueable deps ti=<TaskInstance: gaas_etl_1.etl_user scheduled__2023-08-26T20:51:00+00:00 [queued]>
[2023-08-26T20:52:04.611+0000] {taskinstance.py:1159} INFO - Dependencies all met for dep_context=requeueable deps ti=<TaskInstance: gaas_etl_1.etl_user scheduled__2023-08-26T20:51:00+00:00 [queued]>
[2023-08-26T20:52:04.612+0000] {taskinstance.py:1361} INFO - Starting attempt 1 of 1
[2023-08-26T20:52:04.641+0000] {taskinstance.py:1382} INFO - Executing <Task(PythonOperator): etl_user> on 2023-08-26 20:51:00+00:00
[2023-08-26T20:52:04.650+0000] {standard_task_runner.py:57} INFO - Started process 331295 to run task
[2023-08-26T20:52:04.664+0000] {standard_task_runner.py:84} INFO - Running: ['airflow', 'tasks', 'run', 'gaas_etl_1', 'etl_user', 'scheduled__2023-08-26T20:51:00+00:00', '--job-id', '3026', '--raw', '--subdir', 'DAGS_FOLDER/dag_etl.py', '--cfg-path', '/tmp/tmpooagq1ag']
[2023-08-26T20:52:04.669+0000] {standard_task_runner.py:85} INFO - Job 3026: Subtask etl_user
[2023-08-26T20:52:05.228+0000] {task_command.py:415} INFO - Running <TaskInstance: gaas_etl_1.etl_user scheduled__2023-08-26T20:51:00+00:00 [running]> on host data-system.us-central1-a.c.data-system-392010.internal
[2023-08-26T20:52:05.517+0000] {taskinstance.py:1660} INFO - Exporting env vars: AIRFLOW_CTX_DAG_EMAIL='hungnm15012002@gmail.com' AIRFLOW_CTX_DAG_OWNER='hungnm' AIRFLOW_CTX_DAG_ID='gaas_etl_1' AIRFLOW_CTX_TASK_ID='etl_user' AIRFLOW_CTX_EXECUTION_DATE='2023-08-26T20:51:00+00:00' AIRFLOW_CTX_TRY_NUMBER='1' AIRFLOW_CTX_DAG_RUN_ID='scheduled__2023-08-26T20:51:00+00:00'
[2023-08-26T20:52:05.541+0000] {dag_etl.py:28} INFO - Extracting user...
[2023-08-26T20:52:09.402+0000] {extract.py:36} INFO - Request time: 0:00:03.860081
[2023-08-26T20:52:09.610+0000] {extract.py:42} INFO - Create DataFrame time: 0:00:00.207843
[2023-08-26T20:52:09.613+0000] {dag_etl.py:31} INFO - Complete extract user: 0:00:04.072254
[2023-08-26T20:52:09.614+0000] {dag_etl.py:33} INFO - Extracting resource...
[2023-08-26T20:52:11.476+0000] {extract.py:36} INFO - Request time: 0:00:01.862455
[2023-08-26T20:52:11.541+0000] {extract.py:42} INFO - Create DataFrame time: 0:00:00.063738
[2023-08-26T20:52:11.543+0000] {dag_etl.py:36} INFO - Complete extract resource: 0:00:01.930072
[2023-08-26T20:52:11.544+0000] {dag_etl.py:38} INFO - Transforming user...
[2023-08-26T20:52:11.752+0000] {dag_etl.py:42} INFO - Complete transform user: 0:00:00.208366
[2023-08-26T20:52:11.752+0000] {dag_etl.py:44} INFO - transform space_ships...
[2023-08-26T20:52:11.934+0000] {dag_etl.py:47} INFO - Complete transform space_ships: 0:00:00.181912
[2023-08-26T20:52:11.934+0000] {dag_etl.py:49} INFO - transform drones...
[2023-08-26T20:52:12.035+0000] {dag_etl.py:52} INFO - Complete transform drones: 0:00:00.101768
[2023-08-26T20:52:12.036+0000] {dag_etl.py:54} INFO - transform pilots...
[2023-08-26T20:52:12.112+0000] {dag_etl.py:57} INFO - Complete transform pilots: 0:00:00.076862
[2023-08-26T20:52:12.113+0000] {dag_etl.py:59} INFO - transform talents...
[2023-08-26T20:52:12.146+0000] {dag_etl.py:62} INFO - Complete transform talents: 0:00:00.034029
[2023-08-26T20:52:12.147+0000] {dag_etl.py:64} INFO - transform expert_items...
[2023-08-26T20:52:12.178+0000] {dag_etl.py:67} INFO - Complete transform expert_items: 0:00:00.031898
[2023-08-26T20:52:12.179+0000] {dag_etl.py:69} INFO - Loading user...
[2023-08-26T20:52:13.290+0000] {dag_etl.py:72} INFO - Complete load user: 0:00:01.112000
[2023-08-26T20:52:13.291+0000] {dag_etl.py:74} INFO - Loading space_ships...
[2023-08-26T20:52:15.098+0000] {dag_etl.py:77} INFO - Complete load space_ships: 0:00:01.807566
[2023-08-26T20:52:15.098+0000] {dag_etl.py:79} INFO - Loading drones...
[2023-08-26T20:52:16.826+0000] {dag_etl.py:82} INFO - Complete load drones: 0:00:01.728415
[2023-08-26T20:52:16.827+0000] {dag_etl.py:84} INFO - Loading pilots...
[2023-08-26T20:52:19.477+0000] {dag_etl.py:87} INFO - Complete load drones: 0:00:02.651199
[2023-08-26T20:52:19.478+0000] {dag_etl.py:89} INFO - Loading talents...
[2023-08-26T20:52:20.964+0000] {dag_etl.py:92} INFO - Complete load drones: 0:00:01.486868
[2023-08-26T20:52:20.965+0000] {dag_etl.py:94} INFO - Loading expert_items...
[2023-08-26T20:52:21.893+0000] {dag_etl.py:97} INFO - Complete load drones: 0:00:00.928698
[2023-08-26T20:52:21.893+0000] {dag_etl.py:99} INFO - Complete ETL Users in : 0:00:16.352350
[2023-08-26T20:52:21.913+0000] {python.py:194} INFO - Done. Returned value was: None
[2023-08-26T20:52:21.933+0000] {taskinstance.py:1400} INFO - Marking task as SUCCESS. dag_id=gaas_etl_1, task_id=etl_user, execution_date=20230826T205100, start_date=20230826T205204, end_date=20230826T205221
[2023-08-26T20:52:21.983+0000] {local_task_job_runner.py:228} INFO - Task exited with return code 0
[2023-08-26T20:52:22.024+0000] {taskinstance.py:2784} INFO - 0 downstream tasks scheduled from follow-on schedule check
