[2023-08-26T17:17:05.695+0000] {taskinstance.py:1159} INFO - Dependencies all met for dep_context=non-requeueable deps ti=<TaskInstance: gaas_etl_1.etl_user scheduled__2023-08-26T17:16:00+00:00 [queued]>
[2023-08-26T17:17:05.711+0000] {taskinstance.py:1159} INFO - Dependencies all met for dep_context=requeueable deps ti=<TaskInstance: gaas_etl_1.etl_user scheduled__2023-08-26T17:16:00+00:00 [queued]>
[2023-08-26T17:17:05.711+0000] {taskinstance.py:1361} INFO - Starting attempt 1 of 1
[2023-08-26T17:17:05.740+0000] {taskinstance.py:1382} INFO - Executing <Task(PythonOperator): etl_user> on 2023-08-26 17:16:00+00:00
[2023-08-26T17:17:05.750+0000] {standard_task_runner.py:57} INFO - Started process 322872 to run task
[2023-08-26T17:17:05.774+0000] {standard_task_runner.py:84} INFO - Running: ['airflow', 'tasks', 'run', 'gaas_etl_1', 'etl_user', 'scheduled__2023-08-26T17:16:00+00:00', '--job-id', '2380', '--raw', '--subdir', 'DAGS_FOLDER/dag_etl.py', '--cfg-path', '/tmp/tmpeli255g6']
[2023-08-26T17:17:05.783+0000] {standard_task_runner.py:85} INFO - Job 2380: Subtask etl_user
[2023-08-26T17:17:06.075+0000] {task_command.py:415} INFO - Running <TaskInstance: gaas_etl_1.etl_user scheduled__2023-08-26T17:16:00+00:00 [running]> on host data-system.us-central1-a.c.data-system-392010.internal
[2023-08-26T17:17:06.674+0000] {taskinstance.py:1660} INFO - Exporting env vars: AIRFLOW_CTX_DAG_EMAIL='hungnm15012002@gmail.com' AIRFLOW_CTX_DAG_OWNER='hungnm' AIRFLOW_CTX_DAG_ID='gaas_etl_1' AIRFLOW_CTX_TASK_ID='etl_user' AIRFLOW_CTX_EXECUTION_DATE='2023-08-26T17:16:00+00:00' AIRFLOW_CTX_TRY_NUMBER='1' AIRFLOW_CTX_DAG_RUN_ID='scheduled__2023-08-26T17:16:00+00:00'
[2023-08-26T17:17:06.695+0000] {dag_etl.py:28} INFO - Extracting user...
[2023-08-26T17:17:16.101+0000] {extract.py:36} INFO - Request time: 0:00:09.405438
[2023-08-26T17:17:17.149+0000] {extract.py:42} INFO - Create DataFrame time: 0:00:01.046635
[2023-08-26T17:17:17.155+0000] {dag_etl.py:31} INFO - Complete extract user: 0:00:10.459133
[2023-08-26T17:17:17.156+0000] {dag_etl.py:33} INFO - Extracting resource...
[2023-08-26T17:17:19.111+0000] {extract.py:36} INFO - Request time: 0:00:01.954481
[2023-08-26T17:17:19.210+0000] {extract.py:42} INFO - Create DataFrame time: 0:00:00.098494
[2023-08-26T17:17:19.213+0000] {dag_etl.py:36} INFO - Complete extract resource: 0:00:02.058192
[2023-08-26T17:17:19.214+0000] {dag_etl.py:38} INFO - Transforming user...
[2023-08-26T17:17:19.596+0000] {dag_etl.py:42} INFO - Complete transform user: 0:00:00.383457
[2023-08-26T17:17:19.597+0000] {dag_etl.py:44} INFO - transform space_ships...
[2023-08-26T17:17:19.841+0000] {dag_etl.py:47} INFO - Complete transform space_ships: 0:00:00.244820
[2023-08-26T17:17:19.842+0000] {dag_etl.py:49} INFO - transform drones...
[2023-08-26T17:17:20.041+0000] {dag_etl.py:52} INFO - Complete transform drones: 0:00:00.199625
[2023-08-26T17:17:20.041+0000] {dag_etl.py:54} INFO - transform pilots...
[2023-08-26T17:17:20.166+0000] {dag_etl.py:57} INFO - Complete transform pilots: 0:00:00.124986
[2023-08-26T17:17:20.166+0000] {dag_etl.py:59} INFO - transform talents...
[2023-08-26T17:17:20.223+0000] {dag_etl.py:62} INFO - Complete transform talents: 0:00:00.057728
[2023-08-26T17:17:20.224+0000] {dag_etl.py:64} INFO - transform expert_items...
[2023-08-26T17:17:20.273+0000] {dag_etl.py:67} INFO - Complete transform expert_items: 0:00:00.049637
[2023-08-26T17:17:20.274+0000] {dag_etl.py:69} INFO - Loading user...
[2023-08-26T17:17:22.318+0000] {dag_etl.py:72} INFO - Complete load user: 0:00:02.045181
[2023-08-26T17:17:22.319+0000] {dag_etl.py:74} INFO - Loading space_ships...
[2023-08-26T17:17:25.906+0000] {dag_etl.py:77} INFO - Complete load space_ships: 0:00:03.587586
[2023-08-26T17:17:25.906+0000] {dag_etl.py:79} INFO - Loading drones...
[2023-08-26T17:17:29.017+0000] {dag_etl.py:82} INFO - Complete load drones: 0:00:03.110995
[2023-08-26T17:17:29.017+0000] {dag_etl.py:84} INFO - Loading pilots...
[2023-08-26T17:17:33.836+0000] {dag_etl.py:87} INFO - Complete load drones: 0:00:04.819184
[2023-08-26T17:17:33.836+0000] {dag_etl.py:89} INFO - Loading talents...
[2023-08-26T17:17:36.693+0000] {dag_etl.py:92} INFO - Complete load drones: 0:00:02.857212
[2023-08-26T17:17:36.694+0000] {dag_etl.py:94} INFO - Loading expert_items...
[2023-08-26T17:17:38.544+0000] {dag_etl.py:97} INFO - Complete load drones: 0:00:01.851010
[2023-08-26T17:17:38.545+0000] {dag_etl.py:99} INFO - Complete ETL Users in : 0:00:31.849283
[2023-08-26T17:17:38.580+0000] {python.py:194} INFO - Done. Returned value was: None
[2023-08-26T17:17:38.599+0000] {taskinstance.py:1400} INFO - Marking task as SUCCESS. dag_id=gaas_etl_1, task_id=etl_user, execution_date=20230826T171600, start_date=20230826T171705, end_date=20230826T171738
[2023-08-26T17:17:38.644+0000] {local_task_job_runner.py:228} INFO - Task exited with return code 0
[2023-08-26T17:17:38.675+0000] {taskinstance.py:2784} INFO - 0 downstream tasks scheduled from follow-on schedule check
