[2023-08-26T18:26:03.404+0000] {taskinstance.py:1159} INFO - Dependencies all met for dep_context=non-requeueable deps ti=<TaskInstance: gaas_etl_1.etl_user scheduled__2023-08-26T18:25:00+00:00 [queued]>
[2023-08-26T18:26:03.420+0000] {taskinstance.py:1159} INFO - Dependencies all met for dep_context=requeueable deps ti=<TaskInstance: gaas_etl_1.etl_user scheduled__2023-08-26T18:25:00+00:00 [queued]>
[2023-08-26T18:26:03.421+0000] {taskinstance.py:1361} INFO - Starting attempt 1 of 1
[2023-08-26T18:26:03.453+0000] {taskinstance.py:1382} INFO - Executing <Task(PythonOperator): etl_user> on 2023-08-26 18:25:00+00:00
[2023-08-26T18:26:03.463+0000] {standard_task_runner.py:57} INFO - Started process 325571 to run task
[2023-08-26T18:26:03.479+0000] {standard_task_runner.py:84} INFO - Running: ['airflow', 'tasks', 'run', 'gaas_etl_1', 'etl_user', 'scheduled__2023-08-26T18:25:00+00:00', '--job-id', '2588', '--raw', '--subdir', 'DAGS_FOLDER/dag_etl.py', '--cfg-path', '/tmp/tmpqnqkuz5u']
[2023-08-26T18:26:03.486+0000] {standard_task_runner.py:85} INFO - Job 2588: Subtask etl_user
[2023-08-26T18:26:03.731+0000] {task_command.py:415} INFO - Running <TaskInstance: gaas_etl_1.etl_user scheduled__2023-08-26T18:25:00+00:00 [running]> on host data-system.us-central1-a.c.data-system-392010.internal
[2023-08-26T18:26:04.036+0000] {taskinstance.py:1660} INFO - Exporting env vars: AIRFLOW_CTX_DAG_EMAIL='hungnm15012002@gmail.com' AIRFLOW_CTX_DAG_OWNER='hungnm' AIRFLOW_CTX_DAG_ID='gaas_etl_1' AIRFLOW_CTX_TASK_ID='etl_user' AIRFLOW_CTX_EXECUTION_DATE='2023-08-26T18:25:00+00:00' AIRFLOW_CTX_TRY_NUMBER='1' AIRFLOW_CTX_DAG_RUN_ID='scheduled__2023-08-26T18:25:00+00:00'
[2023-08-26T18:26:04.064+0000] {dag_etl.py:28} INFO - Extracting user...
[2023-08-26T18:26:08.887+0000] {extract.py:36} INFO - Request time: 0:00:04.823115
[2023-08-26T18:26:09.324+0000] {extract.py:42} INFO - Create DataFrame time: 0:00:00.435939
[2023-08-26T18:26:09.327+0000] {dag_etl.py:31} INFO - Complete extract user: 0:00:05.263717
[2023-08-26T18:26:09.328+0000] {dag_etl.py:33} INFO - Extracting resource...
[2023-08-26T18:26:11.361+0000] {extract.py:36} INFO - Request time: 0:00:02.033065
[2023-08-26T18:26:11.441+0000] {extract.py:42} INFO - Create DataFrame time: 0:00:00.078766
[2023-08-26T18:26:11.444+0000] {dag_etl.py:36} INFO - Complete extract resource: 0:00:02.116248
[2023-08-26T18:26:11.445+0000] {dag_etl.py:38} INFO - Transforming user...
[2023-08-26T18:26:11.664+0000] {dag_etl.py:42} INFO - Complete transform user: 0:00:00.220414
[2023-08-26T18:26:11.665+0000] {dag_etl.py:44} INFO - transform space_ships...
[2023-08-26T18:26:11.810+0000] {dag_etl.py:47} INFO - Complete transform space_ships: 0:00:00.145682
[2023-08-26T18:26:11.810+0000] {dag_etl.py:49} INFO - transform drones...
[2023-08-26T18:26:11.931+0000] {dag_etl.py:52} INFO - Complete transform drones: 0:00:00.120827
[2023-08-26T18:26:11.932+0000] {dag_etl.py:54} INFO - transform pilots...
[2023-08-26T18:26:12.023+0000] {dag_etl.py:57} INFO - Complete transform pilots: 0:00:00.092318
[2023-08-26T18:26:12.023+0000] {dag_etl.py:59} INFO - transform talents...
[2023-08-26T18:26:12.061+0000] {dag_etl.py:62} INFO - Complete transform talents: 0:00:00.038248
[2023-08-26T18:26:12.062+0000] {dag_etl.py:64} INFO - transform expert_items...
[2023-08-26T18:26:12.095+0000] {dag_etl.py:67} INFO - Complete transform expert_items: 0:00:00.034307
[2023-08-26T18:26:12.096+0000] {dag_etl.py:69} INFO - Loading user...
[2023-08-26T18:26:13.111+0000] {dag_etl.py:72} INFO - Complete load user: 0:00:01.015237
[2023-08-26T18:26:13.111+0000] {dag_etl.py:74} INFO - Loading space_ships...
[2023-08-26T18:26:14.595+0000] {dag_etl.py:77} INFO - Complete load space_ships: 0:00:01.483906
[2023-08-26T18:26:14.595+0000] {dag_etl.py:79} INFO - Loading drones...
[2023-08-26T18:26:16.438+0000] {dag_etl.py:82} INFO - Complete load drones: 0:00:01.843161
[2023-08-26T18:26:16.438+0000] {dag_etl.py:84} INFO - Loading pilots...
[2023-08-26T18:26:18.841+0000] {dag_etl.py:87} INFO - Complete load drones: 0:00:02.403126
[2023-08-26T18:26:18.842+0000] {dag_etl.py:89} INFO - Loading talents...
[2023-08-26T18:26:20.336+0000] {dag_etl.py:92} INFO - Complete load drones: 0:00:01.494816
[2023-08-26T18:26:20.336+0000] {dag_etl.py:94} INFO - Loading expert_items...
[2023-08-26T18:26:21.143+0000] {dag_etl.py:97} INFO - Complete load drones: 0:00:00.807380
[2023-08-26T18:26:21.144+0000] {dag_etl.py:99} INFO - Complete ETL Users in : 0:00:17.079967
[2023-08-26T18:26:21.164+0000] {python.py:194} INFO - Done. Returned value was: None
[2023-08-26T18:26:21.188+0000] {taskinstance.py:1400} INFO - Marking task as SUCCESS. dag_id=gaas_etl_1, task_id=etl_user, execution_date=20230826T182500, start_date=20230826T182603, end_date=20230826T182621
[2023-08-26T18:26:21.254+0000] {local_task_job_runner.py:228} INFO - Task exited with return code 0
[2023-08-26T18:26:21.285+0000] {taskinstance.py:2784} INFO - 0 downstream tasks scheduled from follow-on schedule check
