[2023-08-27T10:28:06.393+0000] {taskinstance.py:1159} INFO - Dependencies all met for dep_context=non-requeueable deps ti=<TaskInstance: gaas_etl_1.etl_user scheduled__2023-08-27T10:27:00+00:00 [queued]>
[2023-08-27T10:28:06.428+0000] {taskinstance.py:1159} INFO - Dependencies all met for dep_context=requeueable deps ti=<TaskInstance: gaas_etl_1.etl_user scheduled__2023-08-27T10:27:00+00:00 [queued]>
[2023-08-27T10:28:06.429+0000] {taskinstance.py:1361} INFO - Starting attempt 1 of 1
[2023-08-27T10:28:06.469+0000] {taskinstance.py:1382} INFO - Executing <Task(PythonOperator): etl_user> on 2023-08-27 10:27:00+00:00
[2023-08-27T10:28:06.477+0000] {standard_task_runner.py:57} INFO - Started process 387596 to run task
[2023-08-27T10:28:06.496+0000] {standard_task_runner.py:84} INFO - Running: ['airflow', 'tasks', 'run', 'gaas_etl_1', 'etl_user', 'scheduled__2023-08-27T10:27:00+00:00', '--job-id', '5473', '--raw', '--subdir', 'DAGS_FOLDER/dag_etl.py', '--cfg-path', '/tmp/tmp_tsvhxvk']
[2023-08-27T10:28:06.503+0000] {standard_task_runner.py:85} INFO - Job 5473: Subtask etl_user
[2023-08-27T10:28:07.170+0000] {task_command.py:415} INFO - Running <TaskInstance: gaas_etl_1.etl_user scheduled__2023-08-27T10:27:00+00:00 [running]> on host data-system.us-central1-a.c.data-system-392010.internal
[2023-08-27T10:28:07.609+0000] {taskinstance.py:1660} INFO - Exporting env vars: AIRFLOW_CTX_DAG_EMAIL='hungnm15012002@gmail.com' AIRFLOW_CTX_DAG_OWNER='hungnm' AIRFLOW_CTX_DAG_ID='gaas_etl_1' AIRFLOW_CTX_TASK_ID='etl_user' AIRFLOW_CTX_EXECUTION_DATE='2023-08-27T10:27:00+00:00' AIRFLOW_CTX_TRY_NUMBER='1' AIRFLOW_CTX_DAG_RUN_ID='scheduled__2023-08-27T10:27:00+00:00'
[2023-08-27T10:28:07.642+0000] {dag_etl.py:28} INFO - Extracting user...
[2023-08-27T10:28:13.576+0000] {extract.py:36} INFO - Request time: 0:00:05.932813
[2023-08-27T10:28:14.089+0000] {extract.py:42} INFO - Create DataFrame time: 0:00:00.512769
[2023-08-27T10:28:14.093+0000] {dag_etl.py:31} INFO - Complete extract user: 0:00:06.450750
[2023-08-27T10:28:14.094+0000] {dag_etl.py:33} INFO - Extracting resource...
[2023-08-27T10:28:16.241+0000] {extract.py:36} INFO - Request time: 0:00:02.146196
[2023-08-27T10:28:16.347+0000] {extract.py:42} INFO - Create DataFrame time: 0:00:00.106074
[2023-08-27T10:28:16.351+0000] {dag_etl.py:36} INFO - Complete extract resource: 0:00:02.257517
[2023-08-27T10:28:16.355+0000] {dag_etl.py:38} INFO - Transforming user...
[2023-08-27T10:28:16.856+0000] {dag_etl.py:42} INFO - Complete transform user: 0:00:00.505745
[2023-08-27T10:28:16.857+0000] {dag_etl.py:44} INFO - transform space_ships...
[2023-08-27T10:28:17.091+0000] {dag_etl.py:47} INFO - Complete transform space_ships: 0:00:00.234264
[2023-08-27T10:28:17.091+0000] {dag_etl.py:49} INFO - transform drones...
[2023-08-27T10:28:17.217+0000] {dag_etl.py:52} INFO - Complete transform drones: 0:00:00.126507
[2023-08-27T10:28:17.218+0000] {dag_etl.py:54} INFO - transform pilots...
[2023-08-27T10:28:17.304+0000] {dag_etl.py:57} INFO - Complete transform pilots: 0:00:00.086945
[2023-08-27T10:28:17.305+0000] {dag_etl.py:59} INFO - transform talents...
[2023-08-27T10:28:17.350+0000] {dag_etl.py:62} INFO - Complete transform talents: 0:00:00.045549
[2023-08-27T10:28:17.350+0000] {dag_etl.py:64} INFO - transform expert_items...
[2023-08-27T10:28:17.388+0000] {dag_etl.py:67} INFO - Complete transform expert_items: 0:00:00.038494
[2023-08-27T10:28:17.389+0000] {dag_etl.py:69} INFO - Loading user...
[2023-08-27T10:28:18.807+0000] {dag_etl.py:72} INFO - Complete load user: 0:00:01.418907
[2023-08-27T10:28:18.808+0000] {dag_etl.py:74} INFO - Loading space_ships...
[2023-08-27T10:28:21.213+0000] {dag_etl.py:77} INFO - Complete load space_ships: 0:00:02.406491
[2023-08-27T10:28:21.214+0000] {dag_etl.py:79} INFO - Loading drones...
[2023-08-27T10:28:22.947+0000] {dag_etl.py:82} INFO - Complete load drones: 0:00:01.733212
[2023-08-27T10:28:22.947+0000] {dag_etl.py:84} INFO - Loading pilots...
[2023-08-27T10:28:25.445+0000] {dag_etl.py:87} INFO - Complete load drones: 0:00:02.498519
[2023-08-27T10:28:25.446+0000] {dag_etl.py:89} INFO - Loading talents...
[2023-08-27T10:28:27.089+0000] {dag_etl.py:92} INFO - Complete load drones: 0:00:01.643363
[2023-08-27T10:28:27.089+0000] {dag_etl.py:94} INFO - Loading expert_items...
[2023-08-27T10:28:28.108+0000] {dag_etl.py:97} INFO - Complete load drones: 0:00:01.019542
[2023-08-27T10:28:28.109+0000] {dag_etl.py:99} INFO - Complete ETL Users in : 0:00:20.466475
[2023-08-27T10:28:28.150+0000] {python.py:194} INFO - Done. Returned value was: None
[2023-08-27T10:28:28.187+0000] {taskinstance.py:1400} INFO - Marking task as SUCCESS. dag_id=gaas_etl_1, task_id=etl_user, execution_date=20230827T102700, start_date=20230827T102806, end_date=20230827T102828
[2023-08-27T10:28:28.306+0000] {local_task_job_runner.py:228} INFO - Task exited with return code 0
[2023-08-27T10:28:28.355+0000] {taskinstance.py:2784} INFO - 0 downstream tasks scheduled from follow-on schedule check
