[2023-08-26T16:06:04.844+0000] {taskinstance.py:1159} INFO - Dependencies all met for dep_context=non-requeueable deps ti=<TaskInstance: gaas_etl_1.etl_user scheduled__2023-08-26T16:05:00+00:00 [queued]>
[2023-08-26T16:06:04.864+0000] {taskinstance.py:1159} INFO - Dependencies all met for dep_context=requeueable deps ti=<TaskInstance: gaas_etl_1.etl_user scheduled__2023-08-26T16:05:00+00:00 [queued]>
[2023-08-26T16:06:04.864+0000] {taskinstance.py:1361} INFO - Starting attempt 1 of 1
[2023-08-26T16:06:04.906+0000] {taskinstance.py:1382} INFO - Executing <Task(PythonOperator): etl_user> on 2023-08-26 16:05:00+00:00
[2023-08-26T16:06:04.916+0000] {standard_task_runner.py:57} INFO - Started process 320059 to run task
[2023-08-26T16:06:04.935+0000] {standard_task_runner.py:84} INFO - Running: ['airflow', 'tasks', 'run', 'gaas_etl_1', 'etl_user', 'scheduled__2023-08-26T16:05:00+00:00', '--job-id', '2168', '--raw', '--subdir', 'DAGS_FOLDER/dag_etl.py', '--cfg-path', '/tmp/tmp42so21tw']
[2023-08-26T16:06:04.942+0000] {standard_task_runner.py:85} INFO - Job 2168: Subtask etl_user
[2023-08-26T16:06:05.202+0000] {task_command.py:415} INFO - Running <TaskInstance: gaas_etl_1.etl_user scheduled__2023-08-26T16:05:00+00:00 [running]> on host data-system.us-central1-a.c.data-system-392010.internal
[2023-08-26T16:06:05.820+0000] {taskinstance.py:1660} INFO - Exporting env vars: AIRFLOW_CTX_DAG_EMAIL='hungnm15012002@gmail.com' AIRFLOW_CTX_DAG_OWNER='hungnm' AIRFLOW_CTX_DAG_ID='gaas_etl_1' AIRFLOW_CTX_TASK_ID='etl_user' AIRFLOW_CTX_EXECUTION_DATE='2023-08-26T16:05:00+00:00' AIRFLOW_CTX_TRY_NUMBER='1' AIRFLOW_CTX_DAG_RUN_ID='scheduled__2023-08-26T16:05:00+00:00'
[2023-08-26T16:06:05.836+0000] {dag_etl.py:28} INFO - Extracting user...
[2023-08-26T16:06:11.700+0000] {extract.py:36} INFO - Request time: 0:00:05.863147
[2023-08-26T16:06:11.964+0000] {extract.py:42} INFO - Create DataFrame time: 0:00:00.263759
[2023-08-26T16:06:11.969+0000] {dag_etl.py:31} INFO - Complete extract user: 0:00:06.132143
[2023-08-26T16:06:11.969+0000] {dag_etl.py:33} INFO - Extracting resource...
[2023-08-26T16:06:13.785+0000] {extract.py:36} INFO - Request time: 0:00:01.815339
[2023-08-26T16:06:13.936+0000] {extract.py:42} INFO - Create DataFrame time: 0:00:00.150364
[2023-08-26T16:06:13.945+0000] {dag_etl.py:36} INFO - Complete extract resource: 0:00:01.976871
[2023-08-26T16:06:13.947+0000] {dag_etl.py:38} INFO - Transforming user...
[2023-08-26T16:06:14.409+0000] {dag_etl.py:42} INFO - Complete transform user: 0:00:00.462351
[2023-08-26T16:06:14.412+0000] {dag_etl.py:44} INFO - transform space_ships...
[2023-08-26T16:06:14.610+0000] {dag_etl.py:47} INFO - Complete transform space_ships: 0:00:00.201821
[2023-08-26T16:06:14.611+0000] {dag_etl.py:49} INFO - transform drones...
[2023-08-26T16:06:14.739+0000] {dag_etl.py:52} INFO - Complete transform drones: 0:00:00.128987
[2023-08-26T16:06:14.739+0000] {dag_etl.py:54} INFO - transform pilots...
[2023-08-26T16:06:14.828+0000] {dag_etl.py:57} INFO - Complete transform pilots: 0:00:00.089092
[2023-08-26T16:06:14.828+0000] {dag_etl.py:59} INFO - transform talents...
[2023-08-26T16:06:14.871+0000] {dag_etl.py:62} INFO - Complete transform talents: 0:00:00.042914
[2023-08-26T16:06:14.871+0000] {dag_etl.py:64} INFO - transform expert_items...
[2023-08-26T16:06:14.907+0000] {dag_etl.py:67} INFO - Complete transform expert_items: 0:00:00.036379
[2023-08-26T16:06:14.907+0000] {dag_etl.py:69} INFO - Loading user...
[2023-08-26T16:06:16.455+0000] {dag_etl.py:72} INFO - Complete load user: 0:00:01.548020
[2023-08-26T16:06:16.456+0000] {dag_etl.py:74} INFO - Loading space_ships...
[2023-08-26T16:06:18.580+0000] {dag_etl.py:77} INFO - Complete load space_ships: 0:00:02.125403
[2023-08-26T16:06:18.581+0000] {dag_etl.py:79} INFO - Loading drones...
[2023-08-26T16:06:20.379+0000] {dag_etl.py:82} INFO - Complete load drones: 0:00:01.798238
[2023-08-26T16:06:20.379+0000] {dag_etl.py:84} INFO - Loading pilots...
[2023-08-26T16:06:23.368+0000] {dag_etl.py:87} INFO - Complete load drones: 0:00:02.989580
[2023-08-26T16:06:23.369+0000] {dag_etl.py:89} INFO - Loading talents...
[2023-08-26T16:06:25.289+0000] {dag_etl.py:92} INFO - Complete load drones: 0:00:01.921073
[2023-08-26T16:06:25.290+0000] {dag_etl.py:94} INFO - Loading expert_items...
[2023-08-26T16:06:26.315+0000] {dag_etl.py:97} INFO - Complete load drones: 0:00:01.025582
[2023-08-26T16:06:26.315+0000] {dag_etl.py:99} INFO - Complete ETL Users in : 0:00:20.479015
[2023-08-26T16:06:26.345+0000] {python.py:194} INFO - Done. Returned value was: None
[2023-08-26T16:06:26.368+0000] {taskinstance.py:1400} INFO - Marking task as SUCCESS. dag_id=gaas_etl_1, task_id=etl_user, execution_date=20230826T160500, start_date=20230826T160604, end_date=20230826T160626
[2023-08-26T16:06:26.445+0000] {local_task_job_runner.py:228} INFO - Task exited with return code 0
[2023-08-26T16:06:26.488+0000] {taskinstance.py:2784} INFO - 0 downstream tasks scheduled from follow-on schedule check
