[2023-08-27T10:43:07.519+0000] {taskinstance.py:1159} INFO - Dependencies all met for dep_context=non-requeueable deps ti=<TaskInstance: gaas_etl_1.etl_user scheduled__2023-08-27T10:42:00+00:00 [queued]>
[2023-08-27T10:43:07.544+0000] {taskinstance.py:1159} INFO - Dependencies all met for dep_context=requeueable deps ti=<TaskInstance: gaas_etl_1.etl_user scheduled__2023-08-27T10:42:00+00:00 [queued]>
[2023-08-27T10:43:07.545+0000] {taskinstance.py:1361} INFO - Starting attempt 1 of 1
[2023-08-27T10:43:07.615+0000] {taskinstance.py:1382} INFO - Executing <Task(PythonOperator): etl_user> on 2023-08-27 10:42:00+00:00
[2023-08-27T10:43:07.638+0000] {standard_task_runner.py:57} INFO - Started process 390882 to run task
[2023-08-27T10:43:07.659+0000] {standard_task_runner.py:84} INFO - Running: ['airflow', 'tasks', 'run', 'gaas_etl_1', 'etl_user', 'scheduled__2023-08-27T10:42:00+00:00', '--job-id', '5519', '--raw', '--subdir', 'DAGS_FOLDER/dag_etl.py', '--cfg-path', '/tmp/tmpdxqy77we']
[2023-08-27T10:43:07.665+0000] {standard_task_runner.py:85} INFO - Job 5519: Subtask etl_user
[2023-08-27T10:43:08.628+0000] {task_command.py:415} INFO - Running <TaskInstance: gaas_etl_1.etl_user scheduled__2023-08-27T10:42:00+00:00 [running]> on host data-system.us-central1-a.c.data-system-392010.internal
[2023-08-27T10:43:08.990+0000] {taskinstance.py:1660} INFO - Exporting env vars: AIRFLOW_CTX_DAG_EMAIL='hungnm15012002@gmail.com' AIRFLOW_CTX_DAG_OWNER='hungnm' AIRFLOW_CTX_DAG_ID='gaas_etl_1' AIRFLOW_CTX_TASK_ID='etl_user' AIRFLOW_CTX_EXECUTION_DATE='2023-08-27T10:42:00+00:00' AIRFLOW_CTX_TRY_NUMBER='1' AIRFLOW_CTX_DAG_RUN_ID='scheduled__2023-08-27T10:42:00+00:00'
[2023-08-27T10:43:09.010+0000] {dag_etl.py:28} INFO - Extracting user...
[2023-08-27T10:43:16.362+0000] {extract.py:36} INFO - Request time: 0:00:07.352088
[2023-08-27T10:43:16.886+0000] {extract.py:42} INFO - Create DataFrame time: 0:00:00.522887
[2023-08-27T10:43:16.891+0000] {dag_etl.py:31} INFO - Complete extract user: 0:00:07.881086
[2023-08-27T10:43:16.891+0000] {dag_etl.py:33} INFO - Extracting resource...
[2023-08-27T10:43:19.534+0000] {extract.py:36} INFO - Request time: 0:00:02.641511
[2023-08-27T10:43:19.632+0000] {extract.py:42} INFO - Create DataFrame time: 0:00:00.097434
[2023-08-27T10:43:19.635+0000] {dag_etl.py:36} INFO - Complete extract resource: 0:00:02.744661
[2023-08-27T10:43:19.636+0000] {dag_etl.py:38} INFO - Transforming user...
[2023-08-27T10:43:19.929+0000] {dag_etl.py:42} INFO - Complete transform user: 0:00:00.293959
[2023-08-27T10:43:19.930+0000] {dag_etl.py:44} INFO - transform space_ships...
[2023-08-27T10:43:20.111+0000] {dag_etl.py:47} INFO - Complete transform space_ships: 0:00:00.182212
[2023-08-27T10:43:20.112+0000] {dag_etl.py:49} INFO - transform drones...
[2023-08-27T10:43:20.255+0000] {dag_etl.py:52} INFO - Complete transform drones: 0:00:00.143055
[2023-08-27T10:43:20.255+0000] {dag_etl.py:54} INFO - transform pilots...
[2023-08-27T10:43:20.367+0000] {dag_etl.py:57} INFO - Complete transform pilots: 0:00:00.112760
[2023-08-27T10:43:20.368+0000] {dag_etl.py:59} INFO - transform talents...
[2023-08-27T10:43:20.414+0000] {dag_etl.py:62} INFO - Complete transform talents: 0:00:00.046544
[2023-08-27T10:43:20.414+0000] {dag_etl.py:64} INFO - transform expert_items...
[2023-08-27T10:43:20.454+0000] {dag_etl.py:67} INFO - Complete transform expert_items: 0:00:00.039843
[2023-08-27T10:43:20.454+0000] {dag_etl.py:69} INFO - Loading user...
[2023-08-27T10:43:22.060+0000] {dag_etl.py:72} INFO - Complete load user: 0:00:01.606729
[2023-08-27T10:43:22.061+0000] {dag_etl.py:74} INFO - Loading space_ships...
[2023-08-27T10:43:24.545+0000] {dag_etl.py:77} INFO - Complete load space_ships: 0:00:02.484788
[2023-08-27T10:43:24.546+0000] {dag_etl.py:79} INFO - Loading drones...
[2023-08-27T10:43:26.437+0000] {dag_etl.py:82} INFO - Complete load drones: 0:00:01.891508
[2023-08-27T10:43:26.437+0000] {dag_etl.py:84} INFO - Loading pilots...
[2023-08-27T10:43:29.698+0000] {dag_etl.py:87} INFO - Complete load drones: 0:00:03.261040
[2023-08-27T10:43:29.698+0000] {dag_etl.py:89} INFO - Loading talents...
[2023-08-27T10:43:31.684+0000] {dag_etl.py:92} INFO - Complete load drones: 0:00:01.986315
[2023-08-27T10:43:31.684+0000] {dag_etl.py:94} INFO - Loading expert_items...
[2023-08-27T10:43:32.937+0000] {dag_etl.py:97} INFO - Complete load drones: 0:00:01.252448
[2023-08-27T10:43:32.937+0000] {dag_etl.py:99} INFO - Complete ETL Users in : 0:00:23.927527
[2023-08-27T10:43:33.060+0000] {python.py:194} INFO - Done. Returned value was: None
[2023-08-27T10:43:33.112+0000] {taskinstance.py:1400} INFO - Marking task as SUCCESS. dag_id=gaas_etl_1, task_id=etl_user, execution_date=20230827T104200, start_date=20230827T104307, end_date=20230827T104333
[2023-08-27T10:43:33.238+0000] {local_task_job_runner.py:228} INFO - Task exited with return code 0
[2023-08-27T10:43:33.315+0000] {taskinstance.py:2784} INFO - 0 downstream tasks scheduled from follow-on schedule check
