[2023-08-26T14:13:05.361+0000] {taskinstance.py:1159} INFO - Dependencies all met for dep_context=non-requeueable deps ti=<TaskInstance: gaas_etl_1.etl_user scheduled__2023-08-26T14:12:00+00:00 [queued]>
[2023-08-26T14:13:05.379+0000] {taskinstance.py:1159} INFO - Dependencies all met for dep_context=requeueable deps ti=<TaskInstance: gaas_etl_1.etl_user scheduled__2023-08-26T14:12:00+00:00 [queued]>
[2023-08-26T14:13:05.379+0000] {taskinstance.py:1361} INFO - Starting attempt 1 of 1
[2023-08-26T14:13:05.408+0000] {taskinstance.py:1382} INFO - Executing <Task(PythonOperator): etl_user> on 2023-08-26 14:12:00+00:00
[2023-08-26T14:13:05.417+0000] {standard_task_runner.py:57} INFO - Started process 315605 to run task
[2023-08-26T14:13:05.431+0000] {standard_task_runner.py:84} INFO - Running: ['airflow', 'tasks', 'run', 'gaas_etl_1', 'etl_user', 'scheduled__2023-08-26T14:12:00+00:00', '--job-id', '1828', '--raw', '--subdir', 'DAGS_FOLDER/dag_etl.py', '--cfg-path', '/tmp/tmpya30thks']
[2023-08-26T14:13:05.436+0000] {standard_task_runner.py:85} INFO - Job 1828: Subtask etl_user
[2023-08-26T14:13:05.622+0000] {task_command.py:415} INFO - Running <TaskInstance: gaas_etl_1.etl_user scheduled__2023-08-26T14:12:00+00:00 [running]> on host data-system.us-central1-a.c.data-system-392010.internal
[2023-08-26T14:13:05.891+0000] {taskinstance.py:1660} INFO - Exporting env vars: AIRFLOW_CTX_DAG_EMAIL='hungnm15012002@gmail.com' AIRFLOW_CTX_DAG_OWNER='hungnm' AIRFLOW_CTX_DAG_ID='gaas_etl_1' AIRFLOW_CTX_TASK_ID='etl_user' AIRFLOW_CTX_EXECUTION_DATE='2023-08-26T14:12:00+00:00' AIRFLOW_CTX_TRY_NUMBER='1' AIRFLOW_CTX_DAG_RUN_ID='scheduled__2023-08-26T14:12:00+00:00'
[2023-08-26T14:13:05.916+0000] {dag_etl.py:28} INFO - Extracting user...
[2023-08-26T14:13:23.954+0000] {extract.py:36} INFO - Request time: 0:00:18.037045
[2023-08-26T14:13:24.508+0000] {extract.py:42} INFO - Create DataFrame time: 0:00:00.553676
[2023-08-26T14:13:24.512+0000] {dag_etl.py:31} INFO - Complete extract user: 0:00:18.596440
[2023-08-26T14:13:24.513+0000] {dag_etl.py:33} INFO - Extracting resource...
[2023-08-26T14:13:54.594+0000] {extract.py:50} ERROR - Request Exception Error : HTTPSConnectionPool(host='as1.abiteams.com', port=443): Read timed out. (read timeout=30)
[2023-08-26T14:13:54.601+0000] {dag_etl.py:36} INFO - Complete extract resource: 0:00:30.088127
[2023-08-26T14:13:54.601+0000] {dag_etl.py:38} INFO - Transforming user...
[2023-08-26T14:13:54.604+0000] {dag_etl.py:107} ERROR - An Error Occur: Can only merge Series or DataFrame objects, a <class 'int'> was passed
[2023-08-26T14:13:54.604+0000] {python.py:194} INFO - Done. Returned value was: None
[2023-08-26T14:13:54.641+0000] {taskinstance.py:1400} INFO - Marking task as SUCCESS. dag_id=gaas_etl_1, task_id=etl_user, execution_date=20230826T141200, start_date=20230826T141305, end_date=20230826T141354
[2023-08-26T14:13:54.727+0000] {local_task_job_runner.py:228} INFO - Task exited with return code 0
[2023-08-26T14:13:54.755+0000] {taskinstance.py:2784} INFO - 0 downstream tasks scheduled from follow-on schedule check
