[2023-08-27T17:26:08.428+0000] {taskinstance.py:1159} INFO - Dependencies all met for dep_context=non-requeueable deps ti=<TaskInstance: gaas_etl_1.etl_user scheduled__2023-08-27T17:25:00+00:00 [queued]>
[2023-08-27T17:26:08.447+0000] {taskinstance.py:1159} INFO - Dependencies all met for dep_context=requeueable deps ti=<TaskInstance: gaas_etl_1.etl_user scheduled__2023-08-27T17:25:00+00:00 [queued]>
[2023-08-27T17:26:08.448+0000] {taskinstance.py:1361} INFO - Starting attempt 1 of 1
[2023-08-27T17:26:08.483+0000] {taskinstance.py:1382} INFO - Executing <Task(PythonOperator): etl_user> on 2023-08-27 17:25:00+00:00
[2023-08-27T17:26:08.508+0000] {standard_task_runner.py:57} INFO - Started process 435626 to run task
[2023-08-27T17:26:08.517+0000] {standard_task_runner.py:84} INFO - Running: ['airflow', 'tasks', 'run', 'gaas_etl_1', 'etl_user', 'scheduled__2023-08-27T17:25:00+00:00', '--job-id', '6728', '--raw', '--subdir', 'DAGS_FOLDER/dag_etl.py', '--cfg-path', '/tmp/tmptwnzfhaj']
[2023-08-27T17:26:08.533+0000] {standard_task_runner.py:85} INFO - Job 6728: Subtask etl_user
[2023-08-27T17:26:09.304+0000] {task_command.py:415} INFO - Running <TaskInstance: gaas_etl_1.etl_user scheduled__2023-08-27T17:25:00+00:00 [running]> on host data-system.us-central1-a.c.data-system-392010.internal
[2023-08-27T17:26:10.135+0000] {taskinstance.py:1660} INFO - Exporting env vars: AIRFLOW_CTX_DAG_EMAIL='hungnm15012002@gmail.com' AIRFLOW_CTX_DAG_OWNER='hungnm' AIRFLOW_CTX_DAG_ID='gaas_etl_1' AIRFLOW_CTX_TASK_ID='etl_user' AIRFLOW_CTX_EXECUTION_DATE='2023-08-27T17:25:00+00:00' AIRFLOW_CTX_TRY_NUMBER='1' AIRFLOW_CTX_DAG_RUN_ID='scheduled__2023-08-27T17:25:00+00:00'
[2023-08-27T17:26:10.159+0000] {dag_etl.py:28} INFO - Extracting user...
[2023-08-27T17:26:29.981+0000] {extract.py:36} INFO - Request time: 0:00:19.821616
[2023-08-27T17:26:30.367+0000] {extract.py:42} INFO - Create DataFrame time: 0:00:00.384902
[2023-08-27T17:26:30.372+0000] {dag_etl.py:31} INFO - Complete extract user: 0:00:20.212913
[2023-08-27T17:26:30.372+0000] {dag_etl.py:33} INFO - Extracting resource...
[2023-08-27T17:26:46.994+0000] {extract.py:36} INFO - Request time: 0:00:16.621422
[2023-08-27T17:26:47.068+0000] {extract.py:42} INFO - Create DataFrame time: 0:00:00.073496
[2023-08-27T17:26:47.071+0000] {dag_etl.py:36} INFO - Complete extract resource: 0:00:16.699485
[2023-08-27T17:26:47.073+0000] {dag_etl.py:38} INFO - Transforming user...
[2023-08-27T17:26:47.400+0000] {dag_etl.py:42} INFO - Complete transform user: 0:00:00.329121
[2023-08-27T17:26:47.401+0000] {dag_etl.py:44} INFO - transform space_ships...
[2023-08-27T17:26:47.702+0000] {dag_etl.py:47} INFO - Complete transform space_ships: 0:00:00.301585
[2023-08-27T17:26:47.702+0000] {dag_etl.py:49} INFO - transform drones...
[2023-08-27T17:26:47.849+0000] {dag_etl.py:52} INFO - Complete transform drones: 0:00:00.147134
[2023-08-27T17:26:47.850+0000] {dag_etl.py:54} INFO - transform pilots...
[2023-08-27T17:26:47.950+0000] {dag_etl.py:57} INFO - Complete transform pilots: 0:00:00.100907
[2023-08-27T17:26:47.951+0000] {dag_etl.py:59} INFO - transform talents...
[2023-08-27T17:26:48.005+0000] {dag_etl.py:62} INFO - Complete transform talents: 0:00:00.054659
[2023-08-27T17:26:48.005+0000] {dag_etl.py:64} INFO - transform expert_items...
[2023-08-27T17:26:48.050+0000] {dag_etl.py:67} INFO - Complete transform expert_items: 0:00:00.045095
[2023-08-27T17:26:48.050+0000] {dag_etl.py:69} INFO - Loading user...
[2023-08-27T17:26:49.656+0000] {dag_etl.py:72} INFO - Complete load user: 0:00:01.606617
[2023-08-27T17:26:49.657+0000] {dag_etl.py:74} INFO - Loading space_ships...
[2023-08-27T17:26:52.229+0000] {dag_etl.py:77} INFO - Complete load space_ships: 0:00:02.573072
[2023-08-27T17:26:52.231+0000] {dag_etl.py:79} INFO - Loading drones...
[2023-08-27T17:26:54.183+0000] {dag_etl.py:82} INFO - Complete load drones: 0:00:01.953805
[2023-08-27T17:26:54.184+0000] {dag_etl.py:84} INFO - Loading pilots...
[2023-08-27T17:26:57.044+0000] {dag_etl.py:87} INFO - Complete load drones: 0:00:02.861206
[2023-08-27T17:26:57.045+0000] {dag_etl.py:89} INFO - Loading talents...
[2023-08-27T17:26:58.961+0000] {dag_etl.py:92} INFO - Complete load drones: 0:00:01.916172
[2023-08-27T17:26:58.961+0000] {dag_etl.py:94} INFO - Loading expert_items...
[2023-08-27T17:27:00.073+0000] {dag_etl.py:97} INFO - Complete load drones: 0:00:01.112636
[2023-08-27T17:27:00.074+0000] {dag_etl.py:99} INFO - Complete ETL Users in : 0:00:49.914982
[2023-08-27T17:27:00.152+0000] {python.py:194} INFO - Done. Returned value was: None
[2023-08-27T17:27:00.203+0000] {taskinstance.py:1400} INFO - Marking task as SUCCESS. dag_id=gaas_etl_1, task_id=etl_user, execution_date=20230827T172500, start_date=20230827T172608, end_date=20230827T172700
[2023-08-27T17:27:00.328+0000] {local_task_job_runner.py:228} INFO - Task exited with return code 0
[2023-08-27T17:27:00.438+0000] {taskinstance.py:2784} INFO - 0 downstream tasks scheduled from follow-on schedule check
