[2023-08-27T02:26:04.978+0000] {taskinstance.py:1159} INFO - Dependencies all met for dep_context=non-requeueable deps ti=<TaskInstance: gaas_etl_1.etl_user scheduled__2023-08-27T02:25:00+00:00 [queued]>
[2023-08-27T02:26:04.995+0000] {taskinstance.py:1159} INFO - Dependencies all met for dep_context=requeueable deps ti=<TaskInstance: gaas_etl_1.etl_user scheduled__2023-08-27T02:25:00+00:00 [queued]>
[2023-08-27T02:26:04.996+0000] {taskinstance.py:1361} INFO - Starting attempt 1 of 1
[2023-08-27T02:26:05.035+0000] {taskinstance.py:1382} INFO - Executing <Task(PythonOperator): etl_user> on 2023-08-27 02:25:00+00:00
[2023-08-27T02:26:05.043+0000] {standard_task_runner.py:57} INFO - Started process 344678 to run task
[2023-08-27T02:26:05.064+0000] {standard_task_runner.py:84} INFO - Running: ['airflow', 'tasks', 'run', 'gaas_etl_1', 'etl_user', 'scheduled__2023-08-27T02:25:00+00:00', '--job-id', '4028', '--raw', '--subdir', 'DAGS_FOLDER/dag_etl.py', '--cfg-path', '/tmp/tmpxx1setqz']
[2023-08-27T02:26:05.072+0000] {standard_task_runner.py:85} INFO - Job 4028: Subtask etl_user
[2023-08-27T02:26:05.390+0000] {task_command.py:415} INFO - Running <TaskInstance: gaas_etl_1.etl_user scheduled__2023-08-27T02:25:00+00:00 [running]> on host data-system.us-central1-a.c.data-system-392010.internal
[2023-08-27T02:26:05.746+0000] {taskinstance.py:1660} INFO - Exporting env vars: AIRFLOW_CTX_DAG_EMAIL='hungnm15012002@gmail.com' AIRFLOW_CTX_DAG_OWNER='hungnm' AIRFLOW_CTX_DAG_ID='gaas_etl_1' AIRFLOW_CTX_TASK_ID='etl_user' AIRFLOW_CTX_EXECUTION_DATE='2023-08-27T02:25:00+00:00' AIRFLOW_CTX_TRY_NUMBER='1' AIRFLOW_CTX_DAG_RUN_ID='scheduled__2023-08-27T02:25:00+00:00'
[2023-08-27T02:26:05.768+0000] {dag_etl.py:28} INFO - Extracting user...
[2023-08-27T02:26:09.165+0000] {extract.py:36} INFO - Request time: 0:00:03.396575
[2023-08-27T02:26:09.639+0000] {extract.py:42} INFO - Create DataFrame time: 0:00:00.472856
[2023-08-27T02:26:09.644+0000] {dag_etl.py:31} INFO - Complete extract user: 0:00:03.875246
[2023-08-27T02:26:09.644+0000] {dag_etl.py:33} INFO - Extracting resource...
[2023-08-27T02:26:11.228+0000] {extract.py:36} INFO - Request time: 0:00:01.583392
[2023-08-27T02:26:11.272+0000] {extract.py:42} INFO - Create DataFrame time: 0:00:00.043499
[2023-08-27T02:26:11.275+0000] {dag_etl.py:36} INFO - Complete extract resource: 0:00:01.631457
[2023-08-27T02:26:11.277+0000] {dag_etl.py:38} INFO - Transforming user...
[2023-08-27T02:26:11.432+0000] {dag_etl.py:42} INFO - Complete transform user: 0:00:00.157311
[2023-08-27T02:26:11.433+0000] {dag_etl.py:44} INFO - transform space_ships...
[2023-08-27T02:26:11.542+0000] {dag_etl.py:47} INFO - Complete transform space_ships: 0:00:00.109738
[2023-08-27T02:26:11.543+0000] {dag_etl.py:49} INFO - transform drones...
[2023-08-27T02:26:11.630+0000] {dag_etl.py:52} INFO - Complete transform drones: 0:00:00.087439
[2023-08-27T02:26:11.630+0000] {dag_etl.py:54} INFO - transform pilots...
[2023-08-27T02:26:11.693+0000] {dag_etl.py:57} INFO - Complete transform pilots: 0:00:00.063728
[2023-08-27T02:26:11.694+0000] {dag_etl.py:59} INFO - transform talents...
[2023-08-27T02:26:11.721+0000] {dag_etl.py:62} INFO - Complete transform talents: 0:00:00.028188
[2023-08-27T02:26:11.722+0000] {dag_etl.py:64} INFO - transform expert_items...
[2023-08-27T02:26:11.751+0000] {dag_etl.py:67} INFO - Complete transform expert_items: 0:00:00.029365
[2023-08-27T02:26:11.751+0000] {dag_etl.py:69} INFO - Loading user...
[2023-08-27T02:26:12.634+0000] {dag_etl.py:72} INFO - Complete load user: 0:00:00.883241
[2023-08-27T02:26:12.635+0000] {dag_etl.py:74} INFO - Loading space_ships...
[2023-08-27T02:26:13.737+0000] {dag_etl.py:77} INFO - Complete load space_ships: 0:00:01.103274
[2023-08-27T02:26:13.738+0000] {dag_etl.py:79} INFO - Loading drones...
[2023-08-27T02:26:14.749+0000] {dag_etl.py:82} INFO - Complete load drones: 0:00:01.011159
[2023-08-27T02:26:14.749+0000] {dag_etl.py:84} INFO - Loading pilots...
[2023-08-27T02:26:16.781+0000] {dag_etl.py:87} INFO - Complete load drones: 0:00:02.032584
[2023-08-27T02:26:16.782+0000] {dag_etl.py:89} INFO - Loading talents...
[2023-08-27T02:26:17.648+0000] {dag_etl.py:92} INFO - Complete load drones: 0:00:00.866586
[2023-08-27T02:26:17.648+0000] {dag_etl.py:94} INFO - Loading expert_items...
[2023-08-27T02:26:18.373+0000] {dag_etl.py:97} INFO - Complete load drones: 0:00:00.725092
[2023-08-27T02:26:18.373+0000] {dag_etl.py:99} INFO - Complete ETL Users in : 0:00:12.604882
[2023-08-27T02:26:18.389+0000] {python.py:194} INFO - Done. Returned value was: None
[2023-08-27T02:26:18.406+0000] {taskinstance.py:1400} INFO - Marking task as SUCCESS. dag_id=gaas_etl_1, task_id=etl_user, execution_date=20230827T022500, start_date=20230827T022604, end_date=20230827T022618
[2023-08-27T02:26:18.481+0000] {local_task_job_runner.py:228} INFO - Task exited with return code 0
[2023-08-27T02:26:18.508+0000] {taskinstance.py:2784} INFO - 0 downstream tasks scheduled from follow-on schedule check
