[2023-08-27T08:39:06.209+0000] {taskinstance.py:1159} INFO - Dependencies all met for dep_context=non-requeueable deps ti=<TaskInstance: gaas_etl_1.etl_user scheduled__2023-08-27T08:38:00+00:00 [queued]>
[2023-08-27T08:39:06.231+0000] {taskinstance.py:1159} INFO - Dependencies all met for dep_context=requeueable deps ti=<TaskInstance: gaas_etl_1.etl_user scheduled__2023-08-27T08:38:00+00:00 [queued]>
[2023-08-27T08:39:06.232+0000] {taskinstance.py:1361} INFO - Starting attempt 1 of 1
[2023-08-27T08:39:06.263+0000] {taskinstance.py:1382} INFO - Executing <Task(PythonOperator): etl_user> on 2023-08-27 08:38:00+00:00
[2023-08-27T08:39:06.280+0000] {standard_task_runner.py:57} INFO - Started process 378417 to run task
[2023-08-27T08:39:06.294+0000] {standard_task_runner.py:84} INFO - Running: ['airflow', 'tasks', 'run', 'gaas_etl_1', 'etl_user', 'scheduled__2023-08-27T08:38:00+00:00', '--job-id', '5147', '--raw', '--subdir', 'DAGS_FOLDER/dag_etl.py', '--cfg-path', '/tmp/tmpozb7rraa']
[2023-08-27T08:39:06.299+0000] {standard_task_runner.py:85} INFO - Job 5147: Subtask etl_user
[2023-08-27T08:39:07.014+0000] {task_command.py:415} INFO - Running <TaskInstance: gaas_etl_1.etl_user scheduled__2023-08-27T08:38:00+00:00 [running]> on host data-system.us-central1-a.c.data-system-392010.internal
[2023-08-27T08:39:07.407+0000] {taskinstance.py:1660} INFO - Exporting env vars: AIRFLOW_CTX_DAG_EMAIL='hungnm15012002@gmail.com' AIRFLOW_CTX_DAG_OWNER='hungnm' AIRFLOW_CTX_DAG_ID='gaas_etl_1' AIRFLOW_CTX_TASK_ID='etl_user' AIRFLOW_CTX_EXECUTION_DATE='2023-08-27T08:38:00+00:00' AIRFLOW_CTX_TRY_NUMBER='1' AIRFLOW_CTX_DAG_RUN_ID='scheduled__2023-08-27T08:38:00+00:00'
[2023-08-27T08:39:07.428+0000] {dag_etl.py:28} INFO - Extracting user...
[2023-08-27T08:39:13.811+0000] {extract.py:36} INFO - Request time: 0:00:06.382109
[2023-08-27T08:39:14.682+0000] {extract.py:42} INFO - Create DataFrame time: 0:00:00.870078
[2023-08-27T08:39:14.689+0000] {dag_etl.py:31} INFO - Complete extract user: 0:00:07.260348
[2023-08-27T08:39:14.690+0000] {dag_etl.py:33} INFO - Extracting resource...
[2023-08-27T08:39:16.869+0000] {extract.py:36} INFO - Request time: 0:00:02.179200
[2023-08-27T08:39:16.957+0000] {extract.py:42} INFO - Create DataFrame time: 0:00:00.086620
[2023-08-27T08:39:16.959+0000] {dag_etl.py:36} INFO - Complete extract resource: 0:00:02.270663
[2023-08-27T08:39:16.961+0000] {dag_etl.py:38} INFO - Transforming user...
[2023-08-27T08:39:17.310+0000] {dag_etl.py:42} INFO - Complete transform user: 0:00:00.350124
[2023-08-27T08:39:17.310+0000] {dag_etl.py:44} INFO - transform space_ships...
[2023-08-27T08:39:17.528+0000] {dag_etl.py:47} INFO - Complete transform space_ships: 0:00:00.218627
[2023-08-27T08:39:17.529+0000] {dag_etl.py:49} INFO - transform drones...
[2023-08-27T08:39:17.681+0000] {dag_etl.py:52} INFO - Complete transform drones: 0:00:00.153022
[2023-08-27T08:39:17.682+0000] {dag_etl.py:54} INFO - transform pilots...
[2023-08-27T08:39:17.782+0000] {dag_etl.py:57} INFO - Complete transform pilots: 0:00:00.100896
[2023-08-27T08:39:17.783+0000] {dag_etl.py:59} INFO - transform talents...
[2023-08-27T08:39:17.841+0000] {dag_etl.py:62} INFO - Complete transform talents: 0:00:00.059035
[2023-08-27T08:39:17.842+0000] {dag_etl.py:64} INFO - transform expert_items...
[2023-08-27T08:39:17.890+0000] {dag_etl.py:67} INFO - Complete transform expert_items: 0:00:00.048701
[2023-08-27T08:39:17.890+0000] {dag_etl.py:69} INFO - Loading user...
[2023-08-27T08:39:19.554+0000] {dag_etl.py:72} INFO - Complete load user: 0:00:01.664380
[2023-08-27T08:39:19.555+0000] {dag_etl.py:74} INFO - Loading space_ships...
[2023-08-27T08:39:22.096+0000] {dag_etl.py:77} INFO - Complete load space_ships: 0:00:02.541441
[2023-08-27T08:39:22.096+0000] {dag_etl.py:79} INFO - Loading drones...
[2023-08-27T08:39:23.893+0000] {dag_etl.py:82} INFO - Complete load drones: 0:00:01.796973
[2023-08-27T08:39:23.893+0000] {dag_etl.py:84} INFO - Loading pilots...
[2023-08-27T08:39:26.760+0000] {dag_etl.py:87} INFO - Complete load drones: 0:00:02.867399
[2023-08-27T08:39:26.761+0000] {dag_etl.py:89} INFO - Loading talents...
[2023-08-27T08:39:28.568+0000] {dag_etl.py:92} INFO - Complete load drones: 0:00:01.807941
[2023-08-27T08:39:28.569+0000] {dag_etl.py:94} INFO - Loading expert_items...
[2023-08-27T08:39:29.823+0000] {dag_etl.py:97} INFO - Complete load drones: 0:00:01.255411
[2023-08-27T08:39:29.824+0000] {dag_etl.py:99} INFO - Complete ETL Users in : 0:00:22.395559
[2023-08-27T08:39:29.857+0000] {python.py:194} INFO - Done. Returned value was: None
[2023-08-27T08:39:29.875+0000] {taskinstance.py:1400} INFO - Marking task as SUCCESS. dag_id=gaas_etl_1, task_id=etl_user, execution_date=20230827T083800, start_date=20230827T083906, end_date=20230827T083929
[2023-08-27T08:39:29.948+0000] {local_task_job_runner.py:228} INFO - Task exited with return code 0
[2023-08-27T08:39:29.980+0000] {taskinstance.py:2784} INFO - 0 downstream tasks scheduled from follow-on schedule check
