[2023-08-26T12:52:03.869+0000] {taskinstance.py:1159} INFO - Dependencies all met for dep_context=non-requeueable deps ti=<TaskInstance: gaas_etl_1.etl_user scheduled__2023-08-26T12:51:00+00:00 [queued]>
[2023-08-26T12:52:03.898+0000] {taskinstance.py:1159} INFO - Dependencies all met for dep_context=requeueable deps ti=<TaskInstance: gaas_etl_1.etl_user scheduled__2023-08-26T12:51:00+00:00 [queued]>
[2023-08-26T12:52:03.899+0000] {taskinstance.py:1361} INFO - Starting attempt 1 of 1
[2023-08-26T12:52:03.940+0000] {taskinstance.py:1382} INFO - Executing <Task(PythonOperator): etl_user> on 2023-08-26 12:51:00+00:00
[2023-08-26T12:52:03.947+0000] {standard_task_runner.py:57} INFO - Started process 312336 to run task
[2023-08-26T12:52:03.969+0000] {standard_task_runner.py:84} INFO - Running: ['airflow', 'tasks', 'run', 'gaas_etl_1', 'etl_user', 'scheduled__2023-08-26T12:51:00+00:00', '--job-id', '1585', '--raw', '--subdir', 'DAGS_FOLDER/dag_etl.py', '--cfg-path', '/tmp/tmpow04q664']
[2023-08-26T12:52:03.974+0000] {standard_task_runner.py:85} INFO - Job 1585: Subtask etl_user
[2023-08-26T12:52:04.170+0000] {task_command.py:415} INFO - Running <TaskInstance: gaas_etl_1.etl_user scheduled__2023-08-26T12:51:00+00:00 [running]> on host data-system.us-central1-a.c.data-system-392010.internal
[2023-08-26T12:52:04.423+0000] {taskinstance.py:1660} INFO - Exporting env vars: AIRFLOW_CTX_DAG_EMAIL='hungnm15012002@gmail.com' AIRFLOW_CTX_DAG_OWNER='hungnm' AIRFLOW_CTX_DAG_ID='gaas_etl_1' AIRFLOW_CTX_TASK_ID='etl_user' AIRFLOW_CTX_EXECUTION_DATE='2023-08-26T12:51:00+00:00' AIRFLOW_CTX_TRY_NUMBER='1' AIRFLOW_CTX_DAG_RUN_ID='scheduled__2023-08-26T12:51:00+00:00'
[2023-08-26T12:52:04.452+0000] {dag_etl.py:28} INFO - Extracting user...
[2023-08-26T12:52:10.470+0000] {extract.py:36} INFO - Request time: 0:00:06.017411
[2023-08-26T12:52:10.962+0000] {extract.py:42} INFO - Create DataFrame time: 0:00:00.491515
[2023-08-26T12:52:10.966+0000] {dag_etl.py:31} INFO - Complete extract user: 0:00:06.513837
[2023-08-26T12:52:10.967+0000] {dag_etl.py:33} INFO - Extracting resource...
[2023-08-26T12:52:14.121+0000] {extract.py:36} INFO - Request time: 0:00:03.153442
[2023-08-26T12:52:14.358+0000] {extract.py:42} INFO - Create DataFrame time: 0:00:00.237194
[2023-08-26T12:52:14.362+0000] {dag_etl.py:36} INFO - Complete extract resource: 0:00:03.396060
[2023-08-26T12:52:14.364+0000] {dag_etl.py:38} INFO - Transforming user...
[2023-08-26T12:52:14.727+0000] {dag_etl.py:42} INFO - Complete transform user: 0:00:00.364892
[2023-08-26T12:52:14.727+0000] {dag_etl.py:44} INFO - transform space_ships...
[2023-08-26T12:52:14.988+0000] {dag_etl.py:47} INFO - Complete transform space_ships: 0:00:00.261172
[2023-08-26T12:52:14.994+0000] {dag_etl.py:49} INFO - transform drones...
[2023-08-26T12:52:15.145+0000] {dag_etl.py:52} INFO - Complete transform drones: 0:00:00.156950
[2023-08-26T12:52:15.146+0000] {dag_etl.py:54} INFO - transform pilots...
[2023-08-26T12:52:15.260+0000] {dag_etl.py:57} INFO - Complete transform pilots: 0:00:00.114912
[2023-08-26T12:52:15.260+0000] {dag_etl.py:59} INFO - transform talents...
[2023-08-26T12:52:15.328+0000] {dag_etl.py:62} INFO - Complete transform talents: 0:00:00.068572
[2023-08-26T12:52:15.329+0000] {dag_etl.py:64} INFO - transform expert_items...
[2023-08-26T12:52:15.378+0000] {dag_etl.py:67} INFO - Complete transform expert_items: 0:00:00.049724
[2023-08-26T12:52:15.379+0000] {dag_etl.py:69} INFO - Loading user...
[2023-08-26T12:52:16.971+0000] {dag_etl.py:72} INFO - Complete load user: 0:00:01.592702
[2023-08-26T12:52:16.971+0000] {dag_etl.py:74} INFO - Loading space_ships...
[2023-08-26T12:52:19.646+0000] {dag_etl.py:77} INFO - Complete load space_ships: 0:00:02.675562
[2023-08-26T12:52:19.648+0000] {dag_etl.py:79} INFO - Loading drones...
[2023-08-26T12:52:21.625+0000] {dag_etl.py:82} INFO - Complete load drones: 0:00:01.979079
[2023-08-26T12:52:21.626+0000] {dag_etl.py:84} INFO - Loading pilots...
[2023-08-26T12:52:25.287+0000] {dag_etl.py:87} INFO - Complete load drones: 0:00:03.661167
[2023-08-26T12:52:25.287+0000] {dag_etl.py:89} INFO - Loading talents...
[2023-08-26T12:52:27.132+0000] {dag_etl.py:92} INFO - Complete load drones: 0:00:01.845074
[2023-08-26T12:52:27.132+0000] {dag_etl.py:94} INFO - Loading expert_items...
[2023-08-26T12:52:28.290+0000] {dag_etl.py:97} INFO - Complete load drones: 0:00:01.157953
[2023-08-26T12:52:28.290+0000] {dag_etl.py:99} INFO - Complete ETL Users in : 0:00:23.838145
[2023-08-26T12:52:28.317+0000] {python.py:194} INFO - Done. Returned value was: None
[2023-08-26T12:52:28.336+0000] {taskinstance.py:1400} INFO - Marking task as SUCCESS. dag_id=gaas_etl_1, task_id=etl_user, execution_date=20230826T125100, start_date=20230826T125203, end_date=20230826T125228
[2023-08-26T12:52:28.394+0000] {local_task_job_runner.py:228} INFO - Task exited with return code 0
[2023-08-26T12:52:28.424+0000] {taskinstance.py:2784} INFO - 0 downstream tasks scheduled from follow-on schedule check
