[2023-08-27T20:28:07.025+0000] {taskinstance.py:1159} INFO - Dependencies all met for dep_context=non-requeueable deps ti=<TaskInstance: gaas_etl_1.etl_user scheduled__2023-08-27T20:27:00+00:00 [queued]>
[2023-08-27T20:28:07.043+0000] {taskinstance.py:1159} INFO - Dependencies all met for dep_context=requeueable deps ti=<TaskInstance: gaas_etl_1.etl_user scheduled__2023-08-27T20:27:00+00:00 [queued]>
[2023-08-27T20:28:07.044+0000] {taskinstance.py:1361} INFO - Starting attempt 1 of 1
[2023-08-27T20:28:07.073+0000] {taskinstance.py:1382} INFO - Executing <Task(PythonOperator): etl_user> on 2023-08-27 20:27:00+00:00
[2023-08-27T20:28:07.082+0000] {standard_task_runner.py:57} INFO - Started process 454755 to run task
[2023-08-27T20:28:07.099+0000] {standard_task_runner.py:84} INFO - Running: ['airflow', 'tasks', 'run', 'gaas_etl_1', 'etl_user', 'scheduled__2023-08-27T20:27:00+00:00', '--job-id', '7274', '--raw', '--subdir', 'DAGS_FOLDER/dag_etl.py', '--cfg-path', '/tmp/tmp2ax2qnd7']
[2023-08-27T20:28:07.108+0000] {standard_task_runner.py:85} INFO - Job 7274: Subtask etl_user
[2023-08-27T20:28:07.665+0000] {task_command.py:415} INFO - Running <TaskInstance: gaas_etl_1.etl_user scheduled__2023-08-27T20:27:00+00:00 [running]> on host data-system.us-central1-a.c.data-system-392010.internal
[2023-08-27T20:28:08.662+0000] {taskinstance.py:1660} INFO - Exporting env vars: AIRFLOW_CTX_DAG_EMAIL='hungnm15012002@gmail.com' AIRFLOW_CTX_DAG_OWNER='hungnm' AIRFLOW_CTX_DAG_ID='gaas_etl_1' AIRFLOW_CTX_TASK_ID='etl_user' AIRFLOW_CTX_EXECUTION_DATE='2023-08-27T20:27:00+00:00' AIRFLOW_CTX_TRY_NUMBER='1' AIRFLOW_CTX_DAG_RUN_ID='scheduled__2023-08-27T20:27:00+00:00'
[2023-08-27T20:28:08.684+0000] {dag_etl.py:28} INFO - Extracting user...
[2023-08-27T20:28:19.592+0000] {extract.py:36} INFO - Request time: 0:00:10.908087
[2023-08-27T20:28:20.660+0000] {extract.py:42} INFO - Create DataFrame time: 0:00:01.066741
[2023-08-27T20:28:20.667+0000] {dag_etl.py:31} INFO - Complete extract user: 0:00:11.983394
[2023-08-27T20:28:20.668+0000] {dag_etl.py:33} INFO - Extracting resource...
[2023-08-27T20:28:27.818+0000] {extract.py:36} INFO - Request time: 0:00:07.149983
[2023-08-27T20:28:27.932+0000] {extract.py:42} INFO - Create DataFrame time: 0:00:00.112517
[2023-08-27T20:28:27.935+0000] {dag_etl.py:36} INFO - Complete extract resource: 0:00:07.267709
[2023-08-27T20:28:27.936+0000] {dag_etl.py:38} INFO - Transforming user...
[2023-08-27T20:28:28.431+0000] {dag_etl.py:42} INFO - Complete transform user: 0:00:00.496292
[2023-08-27T20:28:28.432+0000] {dag_etl.py:44} INFO - transform space_ships...
[2023-08-27T20:28:28.792+0000] {dag_etl.py:47} INFO - Complete transform space_ships: 0:00:00.361034
[2023-08-27T20:28:28.793+0000] {dag_etl.py:49} INFO - transform drones...
[2023-08-27T20:28:29.011+0000] {dag_etl.py:52} INFO - Complete transform drones: 0:00:00.219112
[2023-08-27T20:28:29.012+0000] {dag_etl.py:54} INFO - transform pilots...
[2023-08-27T20:28:29.132+0000] {dag_etl.py:57} INFO - Complete transform pilots: 0:00:00.121154
[2023-08-27T20:28:29.133+0000] {dag_etl.py:59} INFO - transform talents...
[2023-08-27T20:28:29.198+0000] {dag_etl.py:62} INFO - Complete transform talents: 0:00:00.066045
[2023-08-27T20:28:29.199+0000] {dag_etl.py:64} INFO - transform expert_items...
[2023-08-27T20:28:29.261+0000] {dag_etl.py:67} INFO - Complete transform expert_items: 0:00:00.062415
[2023-08-27T20:28:29.261+0000] {dag_etl.py:69} INFO - Loading user...
[2023-08-27T20:28:31.464+0000] {dag_etl.py:72} INFO - Complete load user: 0:00:02.202898
[2023-08-27T20:28:31.464+0000] {dag_etl.py:74} INFO - Loading space_ships...
[2023-08-27T20:28:35.359+0000] {dag_etl.py:77} INFO - Complete load space_ships: 0:00:03.895015
[2023-08-27T20:28:35.359+0000] {dag_etl.py:79} INFO - Loading drones...
[2023-08-27T20:28:38.120+0000] {dag_etl.py:82} INFO - Complete load drones: 0:00:02.761733
[2023-08-27T20:28:38.121+0000] {dag_etl.py:84} INFO - Loading pilots...
[2023-08-27T20:28:43.081+0000] {dag_etl.py:87} INFO - Complete load drones: 0:00:04.960346
[2023-08-27T20:28:43.082+0000] {dag_etl.py:89} INFO - Loading talents...
[2023-08-27T20:28:46.075+0000] {dag_etl.py:92} INFO - Complete load drones: 0:00:02.994288
[2023-08-27T20:28:46.076+0000] {dag_etl.py:94} INFO - Loading expert_items...
[2023-08-27T20:28:48.448+0000] {dag_etl.py:97} INFO - Complete load drones: 0:00:02.372843
[2023-08-27T20:28:48.449+0000] {dag_etl.py:99} INFO - Complete ETL Users in : 0:00:39.765128
[2023-08-27T20:28:48.494+0000] {python.py:194} INFO - Done. Returned value was: None
[2023-08-27T20:28:48.514+0000] {taskinstance.py:1400} INFO - Marking task as SUCCESS. dag_id=gaas_etl_1, task_id=etl_user, execution_date=20230827T202700, start_date=20230827T202807, end_date=20230827T202848
[2023-08-27T20:28:48.569+0000] {local_task_job_runner.py:228} INFO - Task exited with return code 0
[2023-08-27T20:28:48.602+0000] {taskinstance.py:2784} INFO - 0 downstream tasks scheduled from follow-on schedule check
