[2023-08-25T15:16:43.412+0000] {processor.py:157} INFO - Started process (PID=196479) to work on /home/data-engineer/GAAS_Data_System/venv/lib/python3.10/site-packages/airflow/example_dags/plugins/workday.py
[2023-08-25T15:16:43.414+0000] {processor.py:829} INFO - Processing file /home/data-engineer/GAAS_Data_System/venv/lib/python3.10/site-packages/airflow/example_dags/plugins/workday.py for tasks to queue
[2023-08-25T15:16:43.415+0000] {logging_mixin.py:151} INFO - [2023-08-25T15:16:43.415+0000] {dagbag.py:539} INFO - Filling up the DagBag from /home/data-engineer/GAAS_Data_System/venv/lib/python3.10/site-packages/airflow/example_dags/plugins/workday.py
[2023-08-25T15:16:44.387+0000] {processor.py:841} WARNING - No viable dags retrieved from /home/data-engineer/GAAS_Data_System/venv/lib/python3.10/site-packages/airflow/example_dags/plugins/workday.py
[2023-08-25T15:16:44.419+0000] {processor.py:179} INFO - Processing /home/data-engineer/GAAS_Data_System/venv/lib/python3.10/site-packages/airflow/example_dags/plugins/workday.py took 1.016 seconds
[2023-08-25T15:17:14.548+0000] {processor.py:157} INFO - Started process (PID=196975) to work on /home/data-engineer/GAAS_Data_System/venv/lib/python3.10/site-packages/airflow/example_dags/plugins/workday.py
[2023-08-25T15:17:14.549+0000] {processor.py:829} INFO - Processing file /home/data-engineer/GAAS_Data_System/venv/lib/python3.10/site-packages/airflow/example_dags/plugins/workday.py for tasks to queue
[2023-08-25T15:17:14.551+0000] {logging_mixin.py:151} INFO - [2023-08-25T15:17:14.551+0000] {dagbag.py:539} INFO - Filling up the DagBag from /home/data-engineer/GAAS_Data_System/venv/lib/python3.10/site-packages/airflow/example_dags/plugins/workday.py
[2023-08-25T15:17:15.489+0000] {processor.py:841} WARNING - No viable dags retrieved from /home/data-engineer/GAAS_Data_System/venv/lib/python3.10/site-packages/airflow/example_dags/plugins/workday.py
[2023-08-25T15:17:15.529+0000] {processor.py:179} INFO - Processing /home/data-engineer/GAAS_Data_System/venv/lib/python3.10/site-packages/airflow/example_dags/plugins/workday.py took 0.990 seconds
[2023-08-25T15:17:45.601+0000] {processor.py:157} INFO - Started process (PID=197289) to work on /home/data-engineer/GAAS_Data_System/venv/lib/python3.10/site-packages/airflow/example_dags/plugins/workday.py
[2023-08-25T15:17:45.602+0000] {processor.py:829} INFO - Processing file /home/data-engineer/GAAS_Data_System/venv/lib/python3.10/site-packages/airflow/example_dags/plugins/workday.py for tasks to queue
[2023-08-25T15:17:45.604+0000] {logging_mixin.py:151} INFO - [2023-08-25T15:17:45.603+0000] {dagbag.py:539} INFO - Filling up the DagBag from /home/data-engineer/GAAS_Data_System/venv/lib/python3.10/site-packages/airflow/example_dags/plugins/workday.py
[2023-08-25T15:17:46.471+0000] {processor.py:841} WARNING - No viable dags retrieved from /home/data-engineer/GAAS_Data_System/venv/lib/python3.10/site-packages/airflow/example_dags/plugins/workday.py
[2023-08-25T15:17:46.505+0000] {processor.py:179} INFO - Processing /home/data-engineer/GAAS_Data_System/venv/lib/python3.10/site-packages/airflow/example_dags/plugins/workday.py took 0.913 seconds
[2023-08-25T15:18:16.958+0000] {processor.py:157} INFO - Started process (PID=197733) to work on /home/data-engineer/GAAS_Data_System/venv/lib/python3.10/site-packages/airflow/example_dags/plugins/workday.py
[2023-08-25T15:18:16.970+0000] {processor.py:829} INFO - Processing file /home/data-engineer/GAAS_Data_System/venv/lib/python3.10/site-packages/airflow/example_dags/plugins/workday.py for tasks to queue
[2023-08-25T15:18:16.976+0000] {logging_mixin.py:151} INFO - [2023-08-25T15:18:16.971+0000] {dagbag.py:539} INFO - Filling up the DagBag from /home/data-engineer/GAAS_Data_System/venv/lib/python3.10/site-packages/airflow/example_dags/plugins/workday.py
[2023-08-25T15:18:18.185+0000] {processor.py:841} WARNING - No viable dags retrieved from /home/data-engineer/GAAS_Data_System/venv/lib/python3.10/site-packages/airflow/example_dags/plugins/workday.py
[2023-08-25T15:18:18.239+0000] {processor.py:179} INFO - Processing /home/data-engineer/GAAS_Data_System/venv/lib/python3.10/site-packages/airflow/example_dags/plugins/workday.py took 1.290 seconds
[2023-08-25T15:18:49.067+0000] {processor.py:157} INFO - Started process (PID=198157) to work on /home/data-engineer/GAAS_Data_System/venv/lib/python3.10/site-packages/airflow/example_dags/plugins/workday.py
[2023-08-25T15:18:49.070+0000] {processor.py:829} INFO - Processing file /home/data-engineer/GAAS_Data_System/venv/lib/python3.10/site-packages/airflow/example_dags/plugins/workday.py for tasks to queue
[2023-08-25T15:18:49.072+0000] {logging_mixin.py:151} INFO - [2023-08-25T15:18:49.071+0000] {dagbag.py:539} INFO - Filling up the DagBag from /home/data-engineer/GAAS_Data_System/venv/lib/python3.10/site-packages/airflow/example_dags/plugins/workday.py
[2023-08-25T15:18:50.456+0000] {processor.py:841} WARNING - No viable dags retrieved from /home/data-engineer/GAAS_Data_System/venv/lib/python3.10/site-packages/airflow/example_dags/plugins/workday.py
[2023-08-25T15:18:50.495+0000] {processor.py:179} INFO - Processing /home/data-engineer/GAAS_Data_System/venv/lib/python3.10/site-packages/airflow/example_dags/plugins/workday.py took 1.437 seconds
[2023-08-25T15:19:20.789+0000] {processor.py:157} INFO - Started process (PID=198600) to work on /home/data-engineer/GAAS_Data_System/venv/lib/python3.10/site-packages/airflow/example_dags/plugins/workday.py
[2023-08-25T15:19:20.793+0000] {processor.py:829} INFO - Processing file /home/data-engineer/GAAS_Data_System/venv/lib/python3.10/site-packages/airflow/example_dags/plugins/workday.py for tasks to queue
[2023-08-25T15:19:20.798+0000] {logging_mixin.py:151} INFO - [2023-08-25T15:19:20.797+0000] {dagbag.py:539} INFO - Filling up the DagBag from /home/data-engineer/GAAS_Data_System/venv/lib/python3.10/site-packages/airflow/example_dags/plugins/workday.py
[2023-08-25T15:19:23.928+0000] {processor.py:841} WARNING - No viable dags retrieved from /home/data-engineer/GAAS_Data_System/venv/lib/python3.10/site-packages/airflow/example_dags/plugins/workday.py
[2023-08-25T15:19:23.965+0000] {processor.py:179} INFO - Processing /home/data-engineer/GAAS_Data_System/venv/lib/python3.10/site-packages/airflow/example_dags/plugins/workday.py took 3.203 seconds
[2023-08-25T15:19:54.400+0000] {processor.py:157} INFO - Started process (PID=199009) to work on /home/data-engineer/GAAS_Data_System/venv/lib/python3.10/site-packages/airflow/example_dags/plugins/workday.py
[2023-08-25T15:19:54.401+0000] {processor.py:829} INFO - Processing file /home/data-engineer/GAAS_Data_System/venv/lib/python3.10/site-packages/airflow/example_dags/plugins/workday.py for tasks to queue
[2023-08-25T15:19:54.405+0000] {logging_mixin.py:151} INFO - [2023-08-25T15:19:54.402+0000] {dagbag.py:539} INFO - Filling up the DagBag from /home/data-engineer/GAAS_Data_System/venv/lib/python3.10/site-packages/airflow/example_dags/plugins/workday.py
[2023-08-25T15:19:56.204+0000] {processor.py:841} WARNING - No viable dags retrieved from /home/data-engineer/GAAS_Data_System/venv/lib/python3.10/site-packages/airflow/example_dags/plugins/workday.py
[2023-08-25T15:19:56.257+0000] {processor.py:179} INFO - Processing /home/data-engineer/GAAS_Data_System/venv/lib/python3.10/site-packages/airflow/example_dags/plugins/workday.py took 1.871 seconds
[2023-08-25T15:20:27.132+0000] {processor.py:157} INFO - Started process (PID=199535) to work on /home/data-engineer/GAAS_Data_System/venv/lib/python3.10/site-packages/airflow/example_dags/plugins/workday.py
[2023-08-25T15:20:27.135+0000] {processor.py:829} INFO - Processing file /home/data-engineer/GAAS_Data_System/venv/lib/python3.10/site-packages/airflow/example_dags/plugins/workday.py for tasks to queue
[2023-08-25T15:20:27.137+0000] {logging_mixin.py:151} INFO - [2023-08-25T15:20:27.136+0000] {dagbag.py:539} INFO - Filling up the DagBag from /home/data-engineer/GAAS_Data_System/venv/lib/python3.10/site-packages/airflow/example_dags/plugins/workday.py
[2023-08-25T15:20:28.272+0000] {processor.py:841} WARNING - No viable dags retrieved from /home/data-engineer/GAAS_Data_System/venv/lib/python3.10/site-packages/airflow/example_dags/plugins/workday.py
[2023-08-25T15:20:28.323+0000] {processor.py:179} INFO - Processing /home/data-engineer/GAAS_Data_System/venv/lib/python3.10/site-packages/airflow/example_dags/plugins/workday.py took 1.202 seconds
