[2023-08-27T20:43:06.907+0000] {taskinstance.py:1159} INFO - Dependencies all met for dep_context=non-requeueable deps ti=<TaskInstance: gaas_etl_1.etl_user scheduled__2023-08-27T20:42:00+00:00 [queued]>
[2023-08-27T20:43:06.926+0000] {taskinstance.py:1159} INFO - Dependencies all met for dep_context=requeueable deps ti=<TaskInstance: gaas_etl_1.etl_user scheduled__2023-08-27T20:42:00+00:00 [queued]>
[2023-08-27T20:43:06.926+0000] {taskinstance.py:1361} INFO - Starting attempt 1 of 1
[2023-08-27T20:43:06.961+0000] {taskinstance.py:1382} INFO - Executing <Task(PythonOperator): etl_user> on 2023-08-27 20:42:00+00:00
[2023-08-27T20:43:06.975+0000] {standard_task_runner.py:57} INFO - Started process 456318 to run task
[2023-08-27T20:43:06.989+0000] {standard_task_runner.py:84} INFO - Running: ['airflow', 'tasks', 'run', 'gaas_etl_1', 'etl_user', 'scheduled__2023-08-27T20:42:00+00:00', '--job-id', '7320', '--raw', '--subdir', 'DAGS_FOLDER/dag_etl.py', '--cfg-path', '/tmp/tmpln96oi7w']
[2023-08-27T20:43:06.995+0000] {standard_task_runner.py:85} INFO - Job 7320: Subtask etl_user
[2023-08-27T20:43:07.506+0000] {task_command.py:415} INFO - Running <TaskInstance: gaas_etl_1.etl_user scheduled__2023-08-27T20:42:00+00:00 [running]> on host data-system.us-central1-a.c.data-system-392010.internal
[2023-08-27T20:43:08.491+0000] {taskinstance.py:1660} INFO - Exporting env vars: AIRFLOW_CTX_DAG_EMAIL='hungnm15012002@gmail.com' AIRFLOW_CTX_DAG_OWNER='hungnm' AIRFLOW_CTX_DAG_ID='gaas_etl_1' AIRFLOW_CTX_TASK_ID='etl_user' AIRFLOW_CTX_EXECUTION_DATE='2023-08-27T20:42:00+00:00' AIRFLOW_CTX_TRY_NUMBER='1' AIRFLOW_CTX_DAG_RUN_ID='scheduled__2023-08-27T20:42:00+00:00'
[2023-08-27T20:43:08.516+0000] {dag_etl.py:28} INFO - Extracting user...
[2023-08-27T20:43:08.826+0000] {extract.py:36} INFO - Request time: 0:00:00.307429
[2023-08-27T20:43:08.826+0000] {extract.py:45} ERROR - Server GAAS error: 502
[2023-08-27T20:43:08.837+0000] {dag_etl.py:31} INFO - Complete extract user: 0:00:00.320475
[2023-08-27T20:43:08.838+0000] {dag_etl.py:33} INFO - Extracting resource...
[2023-08-27T20:43:38.902+0000] {extract.py:50} ERROR - Request Exception Error : HTTPSConnectionPool(host='as1.abiteams.com', port=443): Read timed out. (read timeout=30)
[2023-08-27T20:43:38.907+0000] {dag_etl.py:36} INFO - Complete extract resource: 0:00:30.070269
[2023-08-27T20:43:38.908+0000] {dag_etl.py:38} INFO - Transforming user...
[2023-08-27T20:43:38.912+0000] {dag_etl.py:107} ERROR - An Error Occur: 'int' object has no attribute 'merge'
[2023-08-27T20:43:38.913+0000] {python.py:194} INFO - Done. Returned value was: None
[2023-08-27T20:43:38.928+0000] {taskinstance.py:1400} INFO - Marking task as SUCCESS. dag_id=gaas_etl_1, task_id=etl_user, execution_date=20230827T204200, start_date=20230827T204306, end_date=20230827T204338
[2023-08-27T20:43:38.967+0000] {local_task_job_runner.py:228} INFO - Task exited with return code 0
[2023-08-27T20:43:38.991+0000] {taskinstance.py:2784} INFO - 0 downstream tasks scheduled from follow-on schedule check
