[2023-08-27T05:41:05.271+0000] {taskinstance.py:1159} INFO - Dependencies all met for dep_context=non-requeueable deps ti=<TaskInstance: gaas_etl_1.etl_user scheduled__2023-08-27T05:40:00+00:00 [queued]>
[2023-08-27T05:41:05.288+0000] {taskinstance.py:1159} INFO - Dependencies all met for dep_context=requeueable deps ti=<TaskInstance: gaas_etl_1.etl_user scheduled__2023-08-27T05:40:00+00:00 [queued]>
[2023-08-27T05:41:05.289+0000] {taskinstance.py:1361} INFO - Starting attempt 1 of 1
[2023-08-27T05:41:05.319+0000] {taskinstance.py:1382} INFO - Executing <Task(PythonOperator): etl_user> on 2023-08-27 05:40:00+00:00
[2023-08-27T05:41:05.329+0000] {standard_task_runner.py:57} INFO - Started process 371202 to run task
[2023-08-27T05:41:05.347+0000] {standard_task_runner.py:84} INFO - Running: ['airflow', 'tasks', 'run', 'gaas_etl_1', 'etl_user', 'scheduled__2023-08-27T05:40:00+00:00', '--job-id', '4613', '--raw', '--subdir', 'DAGS_FOLDER/dag_etl.py', '--cfg-path', '/tmp/tmp28334pxs']
[2023-08-27T05:41:05.352+0000] {standard_task_runner.py:85} INFO - Job 4613: Subtask etl_user
[2023-08-27T05:41:05.681+0000] {task_command.py:415} INFO - Running <TaskInstance: gaas_etl_1.etl_user scheduled__2023-08-27T05:40:00+00:00 [running]> on host data-system.us-central1-a.c.data-system-392010.internal
[2023-08-27T05:41:06.402+0000] {taskinstance.py:1660} INFO - Exporting env vars: AIRFLOW_CTX_DAG_EMAIL='hungnm15012002@gmail.com' AIRFLOW_CTX_DAG_OWNER='hungnm' AIRFLOW_CTX_DAG_ID='gaas_etl_1' AIRFLOW_CTX_TASK_ID='etl_user' AIRFLOW_CTX_EXECUTION_DATE='2023-08-27T05:40:00+00:00' AIRFLOW_CTX_TRY_NUMBER='1' AIRFLOW_CTX_DAG_RUN_ID='scheduled__2023-08-27T05:40:00+00:00'
[2023-08-27T05:41:06.420+0000] {dag_etl.py:28} INFO - Extracting user...
[2023-08-27T05:41:09.574+0000] {extract.py:36} INFO - Request time: 0:00:03.153687
[2023-08-27T05:41:09.708+0000] {extract.py:42} INFO - Create DataFrame time: 0:00:00.133391
[2023-08-27T05:41:09.710+0000] {dag_etl.py:31} INFO - Complete extract user: 0:00:03.290861
[2023-08-27T05:41:09.711+0000] {dag_etl.py:33} INFO - Extracting resource...
[2023-08-27T05:41:11.397+0000] {extract.py:36} INFO - Request time: 0:00:01.685433
[2023-08-27T05:41:11.436+0000] {extract.py:42} INFO - Create DataFrame time: 0:00:00.038359
[2023-08-27T05:41:11.438+0000] {dag_etl.py:36} INFO - Complete extract resource: 0:00:01.728068
[2023-08-27T05:41:11.440+0000] {dag_etl.py:38} INFO - Transforming user...
[2023-08-27T05:41:11.587+0000] {dag_etl.py:42} INFO - Complete transform user: 0:00:00.148282
[2023-08-27T05:41:11.587+0000] {dag_etl.py:44} INFO - transform space_ships...
[2023-08-27T05:41:11.680+0000] {dag_etl.py:47} INFO - Complete transform space_ships: 0:00:00.093048
[2023-08-27T05:41:11.680+0000] {dag_etl.py:49} INFO - transform drones...
[2023-08-27T05:41:11.761+0000] {dag_etl.py:52} INFO - Complete transform drones: 0:00:00.080641
[2023-08-27T05:41:11.761+0000] {dag_etl.py:54} INFO - transform pilots...
[2023-08-27T05:41:11.820+0000] {dag_etl.py:57} INFO - Complete transform pilots: 0:00:00.059643
[2023-08-27T05:41:11.821+0000] {dag_etl.py:59} INFO - transform talents...
[2023-08-27T05:41:11.849+0000] {dag_etl.py:62} INFO - Complete transform talents: 0:00:00.029387
[2023-08-27T05:41:11.850+0000] {dag_etl.py:64} INFO - transform expert_items...
[2023-08-27T05:41:11.873+0000] {dag_etl.py:67} INFO - Complete transform expert_items: 0:00:00.023340
[2023-08-27T05:41:11.873+0000] {dag_etl.py:69} INFO - Loading user...
[2023-08-27T05:41:12.620+0000] {dag_etl.py:72} INFO - Complete load user: 0:00:00.747588
[2023-08-27T05:41:12.621+0000] {dag_etl.py:74} INFO - Loading space_ships...
[2023-08-27T05:41:13.585+0000] {dag_etl.py:77} INFO - Complete load space_ships: 0:00:00.964512
[2023-08-27T05:41:13.586+0000] {dag_etl.py:79} INFO - Loading drones...
[2023-08-27T05:41:14.412+0000] {dag_etl.py:82} INFO - Complete load drones: 0:00:00.827381
[2023-08-27T05:41:14.413+0000] {dag_etl.py:84} INFO - Loading pilots...
[2023-08-27T05:41:16.021+0000] {dag_etl.py:87} INFO - Complete load drones: 0:00:01.608475
[2023-08-27T05:41:16.021+0000] {dag_etl.py:89} INFO - Loading talents...
[2023-08-27T05:41:16.909+0000] {dag_etl.py:92} INFO - Complete load drones: 0:00:00.887744
[2023-08-27T05:41:16.909+0000] {dag_etl.py:94} INFO - Loading expert_items...
[2023-08-27T05:41:17.478+0000] {dag_etl.py:97} INFO - Complete load drones: 0:00:00.569041
[2023-08-27T05:41:17.478+0000] {dag_etl.py:99} INFO - Complete ETL Users in : 0:00:11.058433
[2023-08-27T05:41:17.490+0000] {python.py:194} INFO - Done. Returned value was: None
[2023-08-27T05:41:17.512+0000] {taskinstance.py:1400} INFO - Marking task as SUCCESS. dag_id=gaas_etl_1, task_id=etl_user, execution_date=20230827T054000, start_date=20230827T054105, end_date=20230827T054117
[2023-08-27T05:41:17.562+0000] {local_task_job_runner.py:228} INFO - Task exited with return code 0
[2023-08-27T05:41:17.591+0000] {taskinstance.py:2784} INFO - 0 downstream tasks scheduled from follow-on schedule check
