[2023-08-26T08:12:04.700+0000] {taskinstance.py:1159} INFO - Dependencies all met for dep_context=non-requeueable deps ti=<TaskInstance: gaas_etl_1.etl_user scheduled__2023-08-26T08:11:00+00:00 [queued]>
[2023-08-26T08:12:04.730+0000] {taskinstance.py:1159} INFO - Dependencies all met for dep_context=requeueable deps ti=<TaskInstance: gaas_etl_1.etl_user scheduled__2023-08-26T08:11:00+00:00 [queued]>
[2023-08-26T08:12:04.732+0000] {taskinstance.py:1361} INFO - Starting attempt 1 of 1
[2023-08-26T08:12:04.792+0000] {taskinstance.py:1382} INFO - Executing <Task(PythonOperator): etl_user> on 2023-08-26 08:11:00+00:00
[2023-08-26T08:12:04.803+0000] {standard_task_runner.py:57} INFO - Started process 289512 to run task
[2023-08-26T08:12:04.816+0000] {standard_task_runner.py:84} INFO - Running: ['airflow', 'tasks', 'run', 'gaas_etl_1', 'etl_user', 'scheduled__2023-08-26T08:11:00+00:00', '--job-id', '746', '--raw', '--subdir', 'DAGS_FOLDER/dag_etl.py', '--cfg-path', '/tmp/tmptc0ljh00']
[2023-08-26T08:12:04.822+0000] {standard_task_runner.py:85} INFO - Job 746: Subtask etl_user
[2023-08-26T08:12:04.968+0000] {task_command.py:415} INFO - Running <TaskInstance: gaas_etl_1.etl_user scheduled__2023-08-26T08:11:00+00:00 [running]> on host data-system.us-central1-a.c.data-system-392010.internal
[2023-08-26T08:12:05.178+0000] {taskinstance.py:1660} INFO - Exporting env vars: AIRFLOW_CTX_DAG_EMAIL='hungnm15012002@gmail.com' AIRFLOW_CTX_DAG_OWNER='hungnm' AIRFLOW_CTX_DAG_ID='gaas_etl_1' AIRFLOW_CTX_TASK_ID='etl_user' AIRFLOW_CTX_EXECUTION_DATE='2023-08-26T08:11:00+00:00' AIRFLOW_CTX_TRY_NUMBER='1' AIRFLOW_CTX_DAG_RUN_ID='scheduled__2023-08-26T08:11:00+00:00'
[2023-08-26T08:12:05.198+0000] {dag_etl.py:28} INFO - Extracting user...
[2023-08-26T08:12:10.510+0000] {extract.py:36} INFO - Request time: 0:00:05.311755
[2023-08-26T08:12:10.538+0000] {extract.py:42} INFO - Create DataFrame time: 0:00:00.027301
[2023-08-26T08:12:10.542+0000] {dag_etl.py:31} INFO - Complete extract user: 0:00:05.343479
[2023-08-26T08:12:10.542+0000] {dag_etl.py:33} INFO - Extracting resource...
[2023-08-26T08:12:16.603+0000] {extract.py:36} INFO - Request time: 0:00:06.060539
[2023-08-26T08:12:16.622+0000] {extract.py:42} INFO - Create DataFrame time: 0:00:00.017394
[2023-08-26T08:12:16.628+0000] {dag_etl.py:36} INFO - Complete extract resource: 0:00:06.086584
[2023-08-26T08:12:16.633+0000] {dag_etl.py:38} INFO - Transforming user...
[2023-08-26T08:12:16.698+0000] {dag_etl.py:42} INFO - Complete transform user: 0:00:00.070110
[2023-08-26T08:12:16.699+0000] {dag_etl.py:44} INFO - transform space_ships...
[2023-08-26T08:12:16.730+0000] {dag_etl.py:47} INFO - Complete transform space_ships: 0:00:00.031763
[2023-08-26T08:12:16.731+0000] {dag_etl.py:49} INFO - transform drones...
[2023-08-26T08:12:16.756+0000] {dag_etl.py:52} INFO - Complete transform drones: 0:00:00.025597
[2023-08-26T08:12:16.756+0000] {dag_etl.py:54} INFO - transform pilots...
[2023-08-26T08:12:16.774+0000] {dag_etl.py:57} INFO - Complete transform pilots: 0:00:00.017972
[2023-08-26T08:12:16.774+0000] {dag_etl.py:59} INFO - transform talents...
[2023-08-26T08:12:16.786+0000] {dag_etl.py:62} INFO - Complete transform talents: 0:00:00.011871
[2023-08-26T08:12:16.786+0000] {dag_etl.py:64} INFO - transform expert_items...
[2023-08-26T08:12:16.797+0000] {dag_etl.py:67} INFO - Complete transform expert_items: 0:00:00.011027
[2023-08-26T08:12:16.797+0000] {dag_etl.py:69} INFO - Loading user...
[2023-08-26T08:12:16.820+0000] {dag_etl.py:72} INFO - Complete load user: 0:00:00.023008
[2023-08-26T08:12:16.820+0000] {dag_etl.py:74} INFO - Loading space_ships...
[2023-08-26T08:12:16.859+0000] {dag_etl.py:77} INFO - Complete load space_ships: 0:00:00.039354
[2023-08-26T08:12:16.859+0000] {dag_etl.py:79} INFO - Loading drones...
[2023-08-26T08:12:16.883+0000] {dag_etl.py:82} INFO - Complete load drones: 0:00:00.024317
[2023-08-26T08:12:16.884+0000] {dag_etl.py:84} INFO - Loading pilots...
[2023-08-26T08:12:16.929+0000] {dag_etl.py:87} INFO - Complete load drones: 0:00:00.046130
[2023-08-26T08:12:16.930+0000] {dag_etl.py:89} INFO - Loading talents...
[2023-08-26T08:12:16.951+0000] {dag_etl.py:92} INFO - Complete load drones: 0:00:00.021785
[2023-08-26T08:12:16.952+0000] {dag_etl.py:94} INFO - Loading expert_items...
[2023-08-26T08:12:16.957+0000] {dag_etl.py:97} INFO - Complete load drones: 0:00:00.006235
[2023-08-26T08:12:16.958+0000] {dag_etl.py:99} INFO - Complete ETL Users in : 0:00:11.759740
[2023-08-26T08:12:16.960+0000] {python.py:194} INFO - Done. Returned value was: None
[2023-08-26T08:12:16.980+0000] {taskinstance.py:1400} INFO - Marking task as SUCCESS. dag_id=gaas_etl_1, task_id=etl_user, execution_date=20230826T081100, start_date=20230826T081204, end_date=20230826T081216
[2023-08-26T08:12:17.046+0000] {local_task_job_runner.py:228} INFO - Task exited with return code 0
[2023-08-26T08:12:17.083+0000] {taskinstance.py:2784} INFO - 0 downstream tasks scheduled from follow-on schedule check
