[2023-08-27T00:03:05.511+0000] {taskinstance.py:1159} INFO - Dependencies all met for dep_context=non-requeueable deps ti=<TaskInstance: gaas_etl_1.etl_user scheduled__2023-08-27T00:02:00+00:00 [queued]>
[2023-08-27T00:03:05.530+0000] {taskinstance.py:1159} INFO - Dependencies all met for dep_context=requeueable deps ti=<TaskInstance: gaas_etl_1.etl_user scheduled__2023-08-27T00:02:00+00:00 [queued]>
[2023-08-27T00:03:05.530+0000] {taskinstance.py:1361} INFO - Starting attempt 1 of 1
[2023-08-27T00:03:05.563+0000] {taskinstance.py:1382} INFO - Executing <Task(PythonOperator): etl_user> on 2023-08-27 00:02:00+00:00
[2023-08-27T00:03:05.572+0000] {standard_task_runner.py:57} INFO - Started process 338939 to run task
[2023-08-27T00:03:05.589+0000] {standard_task_runner.py:84} INFO - Running: ['airflow', 'tasks', 'run', 'gaas_etl_1', 'etl_user', 'scheduled__2023-08-27T00:02:00+00:00', '--job-id', '3599', '--raw', '--subdir', 'DAGS_FOLDER/dag_etl.py', '--cfg-path', '/tmp/tmp0wxr0amv']
[2023-08-27T00:03:05.595+0000] {standard_task_runner.py:85} INFO - Job 3599: Subtask etl_user
[2023-08-27T00:03:05.917+0000] {task_command.py:415} INFO - Running <TaskInstance: gaas_etl_1.etl_user scheduled__2023-08-27T00:02:00+00:00 [running]> on host data-system.us-central1-a.c.data-system-392010.internal
[2023-08-27T00:03:06.248+0000] {taskinstance.py:1660} INFO - Exporting env vars: AIRFLOW_CTX_DAG_EMAIL='hungnm15012002@gmail.com' AIRFLOW_CTX_DAG_OWNER='hungnm' AIRFLOW_CTX_DAG_ID='gaas_etl_1' AIRFLOW_CTX_TASK_ID='etl_user' AIRFLOW_CTX_EXECUTION_DATE='2023-08-27T00:02:00+00:00' AIRFLOW_CTX_TRY_NUMBER='1' AIRFLOW_CTX_DAG_RUN_ID='scheduled__2023-08-27T00:02:00+00:00'
[2023-08-27T00:03:06.273+0000] {dag_etl.py:28} INFO - Extracting user...
[2023-08-27T00:03:09.494+0000] {extract.py:36} INFO - Request time: 0:00:03.219798
[2023-08-27T00:03:09.834+0000] {extract.py:42} INFO - Create DataFrame time: 0:00:00.339839
[2023-08-27T00:03:09.837+0000] {dag_etl.py:31} INFO - Complete extract user: 0:00:03.563321
[2023-08-27T00:03:09.838+0000] {dag_etl.py:33} INFO - Extracting resource...
[2023-08-27T00:03:11.279+0000] {extract.py:36} INFO - Request time: 0:00:01.441551
[2023-08-27T00:03:11.311+0000] {extract.py:42} INFO - Create DataFrame time: 0:00:00.030974
[2023-08-27T00:03:11.313+0000] {dag_etl.py:36} INFO - Complete extract resource: 0:00:01.476689
[2023-08-27T00:03:11.315+0000] {dag_etl.py:38} INFO - Transforming user...
[2023-08-27T00:03:11.445+0000] {dag_etl.py:42} INFO - Complete transform user: 0:00:00.132101
[2023-08-27T00:03:11.446+0000] {dag_etl.py:44} INFO - transform space_ships...
[2023-08-27T00:03:11.540+0000] {dag_etl.py:47} INFO - Complete transform space_ships: 0:00:00.094407
[2023-08-27T00:03:11.540+0000] {dag_etl.py:49} INFO - transform drones...
[2023-08-27T00:03:11.617+0000] {dag_etl.py:52} INFO - Complete transform drones: 0:00:00.077325
[2023-08-27T00:03:11.618+0000] {dag_etl.py:54} INFO - transform pilots...
[2023-08-27T00:03:11.669+0000] {dag_etl.py:57} INFO - Complete transform pilots: 0:00:00.051491
[2023-08-27T00:03:11.669+0000] {dag_etl.py:59} INFO - transform talents...
[2023-08-27T00:03:11.691+0000] {dag_etl.py:62} INFO - Complete transform talents: 0:00:00.022428
[2023-08-27T00:03:11.692+0000] {dag_etl.py:64} INFO - transform expert_items...
[2023-08-27T00:03:11.715+0000] {dag_etl.py:67} INFO - Complete transform expert_items: 0:00:00.023744
[2023-08-27T00:03:11.715+0000] {dag_etl.py:69} INFO - Loading user...
[2023-08-27T00:03:12.400+0000] {dag_etl.py:72} INFO - Complete load user: 0:00:00.685290
[2023-08-27T00:03:12.401+0000] {dag_etl.py:74} INFO - Loading space_ships...
[2023-08-27T00:03:13.292+0000] {dag_etl.py:77} INFO - Complete load space_ships: 0:00:00.891891
[2023-08-27T00:03:13.293+0000] {dag_etl.py:79} INFO - Loading drones...
[2023-08-27T00:03:14.037+0000] {dag_etl.py:82} INFO - Complete load drones: 0:00:00.744946
[2023-08-27T00:03:14.038+0000] {dag_etl.py:84} INFO - Loading pilots...
[2023-08-27T00:03:15.490+0000] {dag_etl.py:87} INFO - Complete load drones: 0:00:01.453460
[2023-08-27T00:03:15.491+0000] {dag_etl.py:89} INFO - Loading talents...
[2023-08-27T00:03:16.369+0000] {dag_etl.py:92} INFO - Complete load drones: 0:00:00.878625
[2023-08-27T00:03:16.370+0000] {dag_etl.py:94} INFO - Loading expert_items...
[2023-08-27T00:03:16.823+0000] {dag_etl.py:97} INFO - Complete load drones: 0:00:00.454172
[2023-08-27T00:03:16.824+0000] {dag_etl.py:99} INFO - Complete ETL Users in : 0:00:10.550507
[2023-08-27T00:03:16.837+0000] {python.py:194} INFO - Done. Returned value was: None
[2023-08-27T00:03:16.855+0000] {taskinstance.py:1400} INFO - Marking task as SUCCESS. dag_id=gaas_etl_1, task_id=etl_user, execution_date=20230827T000200, start_date=20230827T000305, end_date=20230827T000316
[2023-08-27T00:03:16.915+0000] {local_task_job_runner.py:228} INFO - Task exited with return code 0
[2023-08-27T00:03:16.947+0000] {taskinstance.py:2784} INFO - 0 downstream tasks scheduled from follow-on schedule check
