[2023-08-27T01:44:04.668+0000] {taskinstance.py:1159} INFO - Dependencies all met for dep_context=non-requeueable deps ti=<TaskInstance: gaas_etl_1.etl_user scheduled__2023-08-27T01:43:00+00:00 [queued]>
[2023-08-27T01:44:04.689+0000] {taskinstance.py:1159} INFO - Dependencies all met for dep_context=requeueable deps ti=<TaskInstance: gaas_etl_1.etl_user scheduled__2023-08-27T01:43:00+00:00 [queued]>
[2023-08-27T01:44:04.690+0000] {taskinstance.py:1361} INFO - Starting attempt 1 of 1
[2023-08-27T01:44:04.723+0000] {taskinstance.py:1382} INFO - Executing <Task(PythonOperator): etl_user> on 2023-08-27 01:43:00+00:00
[2023-08-27T01:44:04.734+0000] {standard_task_runner.py:57} INFO - Started process 343007 to run task
[2023-08-27T01:44:04.745+0000] {standard_task_runner.py:84} INFO - Running: ['airflow', 'tasks', 'run', 'gaas_etl_1', 'etl_user', 'scheduled__2023-08-27T01:43:00+00:00', '--job-id', '3902', '--raw', '--subdir', 'DAGS_FOLDER/dag_etl.py', '--cfg-path', '/tmp/tmp4atqtx5q']
[2023-08-27T01:44:04.752+0000] {standard_task_runner.py:85} INFO - Job 3902: Subtask etl_user
[2023-08-27T01:44:05.093+0000] {task_command.py:415} INFO - Running <TaskInstance: gaas_etl_1.etl_user scheduled__2023-08-27T01:43:00+00:00 [running]> on host data-system.us-central1-a.c.data-system-392010.internal
[2023-08-27T01:44:05.454+0000] {taskinstance.py:1660} INFO - Exporting env vars: AIRFLOW_CTX_DAG_EMAIL='hungnm15012002@gmail.com' AIRFLOW_CTX_DAG_OWNER='hungnm' AIRFLOW_CTX_DAG_ID='gaas_etl_1' AIRFLOW_CTX_TASK_ID='etl_user' AIRFLOW_CTX_EXECUTION_DATE='2023-08-27T01:43:00+00:00' AIRFLOW_CTX_TRY_NUMBER='1' AIRFLOW_CTX_DAG_RUN_ID='scheduled__2023-08-27T01:43:00+00:00'
[2023-08-27T01:44:05.477+0000] {dag_etl.py:28} INFO - Extracting user...
[2023-08-27T01:44:09.182+0000] {extract.py:36} INFO - Request time: 0:00:03.703842
[2023-08-27T01:44:09.543+0000] {extract.py:42} INFO - Create DataFrame time: 0:00:00.360765
[2023-08-27T01:44:09.546+0000] {dag_etl.py:31} INFO - Complete extract user: 0:00:04.068500
[2023-08-27T01:44:09.547+0000] {dag_etl.py:33} INFO - Extracting resource...
[2023-08-27T01:44:11.058+0000] {extract.py:36} INFO - Request time: 0:00:01.510747
[2023-08-27T01:44:11.097+0000] {extract.py:42} INFO - Create DataFrame time: 0:00:00.038351
[2023-08-27T01:44:11.100+0000] {dag_etl.py:36} INFO - Complete extract resource: 0:00:01.553638
[2023-08-27T01:44:11.101+0000] {dag_etl.py:38} INFO - Transforming user...
[2023-08-27T01:44:11.246+0000] {dag_etl.py:42} INFO - Complete transform user: 0:00:00.146792
[2023-08-27T01:44:11.247+0000] {dag_etl.py:44} INFO - transform space_ships...
[2023-08-27T01:44:11.351+0000] {dag_etl.py:47} INFO - Complete transform space_ships: 0:00:00.104243
[2023-08-27T01:44:11.351+0000] {dag_etl.py:49} INFO - transform drones...
[2023-08-27T01:44:11.424+0000] {dag_etl.py:52} INFO - Complete transform drones: 0:00:00.073121
[2023-08-27T01:44:11.424+0000] {dag_etl.py:54} INFO - transform pilots...
[2023-08-27T01:44:11.474+0000] {dag_etl.py:57} INFO - Complete transform pilots: 0:00:00.050768
[2023-08-27T01:44:11.475+0000] {dag_etl.py:59} INFO - transform talents...
[2023-08-27T01:44:11.501+0000] {dag_etl.py:62} INFO - Complete transform talents: 0:00:00.026590
[2023-08-27T01:44:11.502+0000] {dag_etl.py:64} INFO - transform expert_items...
[2023-08-27T01:44:11.529+0000] {dag_etl.py:67} INFO - Complete transform expert_items: 0:00:00.027780
[2023-08-27T01:44:11.529+0000] {dag_etl.py:69} INFO - Loading user...
[2023-08-27T01:44:12.261+0000] {dag_etl.py:72} INFO - Complete load user: 0:00:00.732143
[2023-08-27T01:44:12.261+0000] {dag_etl.py:74} INFO - Loading space_ships...
[2023-08-27T01:44:13.253+0000] {dag_etl.py:77} INFO - Complete load space_ships: 0:00:00.991839
[2023-08-27T01:44:13.253+0000] {dag_etl.py:79} INFO - Loading drones...
[2023-08-27T01:44:14.090+0000] {dag_etl.py:82} INFO - Complete load drones: 0:00:00.837530
[2023-08-27T01:44:14.091+0000] {dag_etl.py:84} INFO - Loading pilots...
[2023-08-27T01:44:15.701+0000] {dag_etl.py:87} INFO - Complete load drones: 0:00:01.610486
[2023-08-27T01:44:15.701+0000] {dag_etl.py:89} INFO - Loading talents...
[2023-08-27T01:44:16.711+0000] {dag_etl.py:92} INFO - Complete load drones: 0:00:01.010366
[2023-08-27T01:44:16.712+0000] {dag_etl.py:94} INFO - Loading expert_items...
[2023-08-27T01:44:17.273+0000] {dag_etl.py:97} INFO - Complete load drones: 0:00:00.562236
[2023-08-27T01:44:17.274+0000] {dag_etl.py:99} INFO - Complete ETL Users in : 0:00:11.796543
[2023-08-27T01:44:17.286+0000] {python.py:194} INFO - Done. Returned value was: None
[2023-08-27T01:44:17.306+0000] {taskinstance.py:1400} INFO - Marking task as SUCCESS. dag_id=gaas_etl_1, task_id=etl_user, execution_date=20230827T014300, start_date=20230827T014404, end_date=20230827T014417
[2023-08-27T01:44:17.395+0000] {local_task_job_runner.py:228} INFO - Task exited with return code 0
[2023-08-27T01:44:17.430+0000] {taskinstance.py:2784} INFO - 0 downstream tasks scheduled from follow-on schedule check
