[2023-08-27T19:52:07.403+0000] {taskinstance.py:1159} INFO - Dependencies all met for dep_context=non-requeueable deps ti=<TaskInstance: gaas_etl_1.etl_event scheduled__2023-08-27T19:51:00+00:00 [queued]>
[2023-08-27T19:52:07.421+0000] {taskinstance.py:1159} INFO - Dependencies all met for dep_context=requeueable deps ti=<TaskInstance: gaas_etl_1.etl_event scheduled__2023-08-27T19:51:00+00:00 [queued]>
[2023-08-27T19:52:07.421+0000] {taskinstance.py:1361} INFO - Starting attempt 1 of 1
[2023-08-27T19:52:07.449+0000] {taskinstance.py:1382} INFO - Executing <Task(PythonOperator): etl_event> on 2023-08-27 19:51:00+00:00
[2023-08-27T19:52:07.457+0000] {standard_task_runner.py:57} INFO - Started process 450939 to run task
[2023-08-27T19:52:07.474+0000] {standard_task_runner.py:84} INFO - Running: ['airflow', 'tasks', 'run', 'gaas_etl_1', 'etl_event', 'scheduled__2023-08-27T19:51:00+00:00', '--job-id', '7166', '--raw', '--subdir', 'DAGS_FOLDER/dag_etl.py', '--cfg-path', '/tmp/tmp7v111j45']
[2023-08-27T19:52:07.480+0000] {standard_task_runner.py:85} INFO - Job 7166: Subtask etl_event
[2023-08-27T19:52:08.383+0000] {task_command.py:415} INFO - Running <TaskInstance: gaas_etl_1.etl_event scheduled__2023-08-27T19:51:00+00:00 [running]> on host data-system.us-central1-a.c.data-system-392010.internal
[2023-08-27T19:52:10.017+0000] {taskinstance.py:1660} INFO - Exporting env vars: AIRFLOW_CTX_DAG_EMAIL='hungnm15012002@gmail.com' AIRFLOW_CTX_DAG_OWNER='hungnm' AIRFLOW_CTX_DAG_ID='gaas_etl_1' AIRFLOW_CTX_TASK_ID='etl_event' AIRFLOW_CTX_EXECUTION_DATE='2023-08-27T19:51:00+00:00' AIRFLOW_CTX_TRY_NUMBER='1' AIRFLOW_CTX_DAG_RUN_ID='scheduled__2023-08-27T19:51:00+00:00'
[2023-08-27T19:52:10.037+0000] {dag_etl.py:116} INFO - Extracting event...
[2023-08-27T19:52:12.826+0000] {extract.py:36} INFO - Request time: 0:00:02.788091
[2023-08-27T19:52:13.094+0000] {extract.py:42} INFO - Create DataFrame time: 0:00:00.267411
[2023-08-27T19:52:13.098+0000] {dag_etl.py:119} INFO - Complete extract event: 0:00:03.061114
[2023-08-27T19:52:13.099+0000] {dag_etl.py:121} INFO - Transforming action...
[2023-08-27T19:52:13.112+0000] {logging_mixin.py:151} WARNING - /home/data-engineer/GAAS_Data_System/ETL/transform.py:54 SettingWithCopyWarning:
A value is trying to be set on a copy of a slice from a DataFrame.
Try using .loc[row_indexer,col_indexer] = value instead

See the caveats in the documentation: https://pandas.pydata.org/pandas-docs/stable/user_guide/indexing.html#returning-a-view-versus-a-copy
[2023-08-27T19:52:13.128+0000] {logging_mixin.py:151} WARNING - /home/data-engineer/GAAS_Data_System/ETL/transform.py:55 SettingWithCopyWarning:
A value is trying to be set on a copy of a slice from a DataFrame.
Try using .loc[row_indexer,col_indexer] = value instead

See the caveats in the documentation: https://pandas.pydata.org/pandas-docs/stable/user_guide/indexing.html#returning-a-view-versus-a-copy
[2023-08-27T19:52:16.860+0000] {logging_mixin.py:151} WARNING - /home/data-engineer/GAAS_Data_System/ETL/transform.py:59 SettingWithCopyWarning:
A value is trying to be set on a copy of a slice from a DataFrame.
Try using .loc[row_indexer,col_indexer] = value instead

See the caveats in the documentation: https://pandas.pydata.org/pandas-docs/stable/user_guide/indexing.html#returning-a-view-versus-a-copy
[2023-08-27T19:52:16.865+0000] {logging_mixin.py:151} WARNING - /home/data-engineer/GAAS_Data_System/ETL/transform.py:60 SettingWithCopyWarning:
A value is trying to be set on a copy of a slice from a DataFrame.
Try using .loc[row_indexer,col_indexer] = value instead

See the caveats in the documentation: https://pandas.pydata.org/pandas-docs/stable/user_guide/indexing.html#returning-a-view-versus-a-copy
[2023-08-27T19:52:16.870+0000] {logging_mixin.py:151} WARNING - /home/data-engineer/GAAS_Data_System/ETL/verify_func.py:70 UserWarning: pandas only supports SQLAlchemy connectable (engine/connection) or database string URI or sqlite3 DBAPI2 connection. Other DBAPI2 objects are not tested. Please consider using SQLAlchemy.
[2023-08-27T19:52:16.880+0000] {logging_mixin.py:151} WARNING - /home/data-engineer/GAAS_Data_System/ETL/transform.py:67 SettingWithCopyWarning:
A value is trying to be set on a copy of a slice from a DataFrame.
Try using .loc[row_indexer,col_indexer] = value instead

See the caveats in the documentation: https://pandas.pydata.org/pandas-docs/stable/user_guide/indexing.html#returning-a-view-versus-a-copy
[2023-08-27T19:52:16.900+0000] {dag_etl.py:124} INFO - Complete transform action: 0:00:03.801378
[2023-08-27T19:52:16.900+0000] {dag_etl.py:126} INFO - Transforming transaction...
[2023-08-27T19:52:16.907+0000] {logging_mixin.py:151} WARNING - /home/data-engineer/GAAS_Data_System/ETL/transform.py:47 SettingWithCopyWarning:
A value is trying to be set on a copy of a slice from a DataFrame.
Try using .loc[row_indexer,col_indexer] = value instead

See the caveats in the documentation: https://pandas.pydata.org/pandas-docs/stable/user_guide/indexing.html#returning-a-view-versus-a-copy
[2023-08-27T19:52:16.913+0000] {logging_mixin.py:151} WARNING - /home/data-engineer/GAAS_Data_System/ETL/transform.py:50 SettingWithCopyWarning:
A value is trying to be set on a copy of a slice from a DataFrame.
Try using .loc[row_indexer,col_indexer] = value instead

See the caveats in the documentation: https://pandas.pydata.org/pandas-docs/stable/user_guide/indexing.html#returning-a-view-versus-a-copy
[2023-08-27T19:52:16.918+0000] {logging_mixin.py:151} WARNING - /home/data-engineer/GAAS_Data_System/ETL/transform.py:51 SettingWithCopyWarning:
A value is trying to be set on a copy of a slice from a DataFrame.
Try using .loc[row_indexer,col_indexer] = value instead

See the caveats in the documentation: https://pandas.pydata.org/pandas-docs/stable/user_guide/indexing.html#returning-a-view-versus-a-copy
[2023-08-27T19:52:16.921+0000] {logging_mixin.py:151} WARNING - /home/data-engineer/GAAS_Data_System/ETL/transform.py:54 SettingWithCopyWarning:
A value is trying to be set on a copy of a slice from a DataFrame.
Try using .loc[row_indexer,col_indexer] = value instead

See the caveats in the documentation: https://pandas.pydata.org/pandas-docs/stable/user_guide/indexing.html#returning-a-view-versus-a-copy
[2023-08-27T19:52:16.932+0000] {logging_mixin.py:151} WARNING - /home/data-engineer/GAAS_Data_System/ETL/transform.py:55 SettingWithCopyWarning:
A value is trying to be set on a copy of a slice from a DataFrame.
Try using .loc[row_indexer,col_indexer] = value instead

See the caveats in the documentation: https://pandas.pydata.org/pandas-docs/stable/user_guide/indexing.html#returning-a-view-versus-a-copy
[2023-08-27T19:52:18.736+0000] {logging_mixin.py:151} WARNING - /home/data-engineer/GAAS_Data_System/ETL/transform.py:59 SettingWithCopyWarning:
A value is trying to be set on a copy of a slice from a DataFrame.
Try using .loc[row_indexer,col_indexer] = value instead

See the caveats in the documentation: https://pandas.pydata.org/pandas-docs/stable/user_guide/indexing.html#returning-a-view-versus-a-copy
[2023-08-27T19:52:18.740+0000] {logging_mixin.py:151} WARNING - /home/data-engineer/GAAS_Data_System/ETL/transform.py:60 SettingWithCopyWarning:
A value is trying to be set on a copy of a slice from a DataFrame.
Try using .loc[row_indexer,col_indexer] = value instead

See the caveats in the documentation: https://pandas.pydata.org/pandas-docs/stable/user_guide/indexing.html#returning-a-view-versus-a-copy
[2023-08-27T19:52:18.741+0000] {logging_mixin.py:151} WARNING - /home/data-engineer/GAAS_Data_System/ETL/verify_func.py:70 UserWarning: pandas only supports SQLAlchemy connectable (engine/connection) or database string URI or sqlite3 DBAPI2 connection. Other DBAPI2 objects are not tested. Please consider using SQLAlchemy.
[2023-08-27T19:52:18.748+0000] {logging_mixin.py:151} WARNING - /home/data-engineer/GAAS_Data_System/ETL/transform.py:67 SettingWithCopyWarning:
A value is trying to be set on a copy of a slice from a DataFrame.
Try using .loc[row_indexer,col_indexer] = value instead

See the caveats in the documentation: https://pandas.pydata.org/pandas-docs/stable/user_guide/indexing.html#returning-a-view-versus-a-copy
[2023-08-27T19:52:18.757+0000] {dag_etl.py:129} INFO - Complete transform transaction: 0:00:01.857076
[2023-08-27T19:52:18.757+0000] {dag_etl.py:131} INFO - Loading action...
[2023-08-27T19:52:20.005+0000] {dag_etl.py:134} INFO - Complete load action: 0:00:01.247979
[2023-08-27T19:52:20.005+0000] {dag_etl.py:136} INFO - Loading transaction...
[2023-08-27T19:52:20.774+0000] {dag_etl.py:139} INFO - Complete load transaction: 0:00:00.769174
[2023-08-27T19:52:20.775+0000] {dag_etl.py:141} INFO - Complete ETL Events in : 0:00:10.737283
[2023-08-27T19:52:20.782+0000] {python.py:194} INFO - Done. Returned value was: None
[2023-08-27T19:52:20.811+0000] {taskinstance.py:1400} INFO - Marking task as SUCCESS. dag_id=gaas_etl_1, task_id=etl_event, execution_date=20230827T195100, start_date=20230827T195207, end_date=20230827T195220
[2023-08-27T19:52:20.896+0000] {local_task_job_runner.py:228} INFO - Task exited with return code 0
[2023-08-27T19:52:20.952+0000] {taskinstance.py:2784} INFO - 0 downstream tasks scheduled from follow-on schedule check
