[2023-08-26T23:15:05.156+0000] {taskinstance.py:1159} INFO - Dependencies all met for dep_context=non-requeueable deps ti=<TaskInstance: gaas_etl_1.etl_user scheduled__2023-08-26T23:14:00+00:00 [queued]>
[2023-08-26T23:15:05.172+0000] {taskinstance.py:1159} INFO - Dependencies all met for dep_context=requeueable deps ti=<TaskInstance: gaas_etl_1.etl_user scheduled__2023-08-26T23:14:00+00:00 [queued]>
[2023-08-26T23:15:05.173+0000] {taskinstance.py:1361} INFO - Starting attempt 1 of 1
[2023-08-26T23:15:05.197+0000] {taskinstance.py:1382} INFO - Executing <Task(PythonOperator): etl_user> on 2023-08-26 23:14:00+00:00
[2023-08-26T23:15:05.207+0000] {standard_task_runner.py:57} INFO - Started process 336984 to run task
[2023-08-26T23:15:05.222+0000] {standard_task_runner.py:84} INFO - Running: ['airflow', 'tasks', 'run', 'gaas_etl_1', 'etl_user', 'scheduled__2023-08-26T23:14:00+00:00', '--job-id', '3455', '--raw', '--subdir', 'DAGS_FOLDER/dag_etl.py', '--cfg-path', '/tmp/tmpjq05b989']
[2023-08-26T23:15:05.227+0000] {standard_task_runner.py:85} INFO - Job 3455: Subtask etl_user
[2023-08-26T23:15:05.498+0000] {task_command.py:415} INFO - Running <TaskInstance: gaas_etl_1.etl_user scheduled__2023-08-26T23:14:00+00:00 [running]> on host data-system.us-central1-a.c.data-system-392010.internal
[2023-08-26T23:15:05.843+0000] {taskinstance.py:1660} INFO - Exporting env vars: AIRFLOW_CTX_DAG_EMAIL='hungnm15012002@gmail.com' AIRFLOW_CTX_DAG_OWNER='hungnm' AIRFLOW_CTX_DAG_ID='gaas_etl_1' AIRFLOW_CTX_TASK_ID='etl_user' AIRFLOW_CTX_EXECUTION_DATE='2023-08-26T23:14:00+00:00' AIRFLOW_CTX_TRY_NUMBER='1' AIRFLOW_CTX_DAG_RUN_ID='scheduled__2023-08-26T23:14:00+00:00'
[2023-08-26T23:15:05.861+0000] {dag_etl.py:28} INFO - Extracting user...
[2023-08-26T23:15:09.550+0000] {extract.py:36} INFO - Request time: 0:00:03.687621
[2023-08-26T23:15:09.918+0000] {extract.py:42} INFO - Create DataFrame time: 0:00:00.368017
[2023-08-26T23:15:09.921+0000] {dag_etl.py:31} INFO - Complete extract user: 0:00:04.059759
[2023-08-26T23:15:09.921+0000] {dag_etl.py:33} INFO - Extracting resource...
[2023-08-26T23:15:11.609+0000] {extract.py:36} INFO - Request time: 0:00:01.687641
[2023-08-26T23:15:11.652+0000] {extract.py:42} INFO - Create DataFrame time: 0:00:00.042140
[2023-08-26T23:15:11.655+0000] {dag_etl.py:36} INFO - Complete extract resource: 0:00:01.733832
[2023-08-26T23:15:11.656+0000] {dag_etl.py:38} INFO - Transforming user...
[2023-08-26T23:15:11.822+0000] {dag_etl.py:42} INFO - Complete transform user: 0:00:00.166890
[2023-08-26T23:15:11.823+0000] {dag_etl.py:44} INFO - transform space_ships...
[2023-08-26T23:15:11.938+0000] {dag_etl.py:47} INFO - Complete transform space_ships: 0:00:00.116193
[2023-08-26T23:15:11.939+0000] {dag_etl.py:49} INFO - transform drones...
[2023-08-26T23:15:12.031+0000] {dag_etl.py:52} INFO - Complete transform drones: 0:00:00.093027
[2023-08-26T23:15:12.032+0000] {dag_etl.py:54} INFO - transform pilots...
[2023-08-26T23:15:12.092+0000] {dag_etl.py:57} INFO - Complete transform pilots: 0:00:00.061430
[2023-08-26T23:15:12.093+0000] {dag_etl.py:59} INFO - transform talents...
[2023-08-26T23:15:12.124+0000] {dag_etl.py:62} INFO - Complete transform talents: 0:00:00.031943
[2023-08-26T23:15:12.125+0000] {dag_etl.py:64} INFO - transform expert_items...
[2023-08-26T23:15:12.152+0000] {dag_etl.py:67} INFO - Complete transform expert_items: 0:00:00.027540
[2023-08-26T23:15:12.152+0000] {dag_etl.py:69} INFO - Loading user...
[2023-08-26T23:15:12.934+0000] {dag_etl.py:72} INFO - Complete load user: 0:00:00.781919
[2023-08-26T23:15:12.935+0000] {dag_etl.py:74} INFO - Loading space_ships...
[2023-08-26T23:15:13.971+0000] {dag_etl.py:77} INFO - Complete load space_ships: 0:00:01.036720
[2023-08-26T23:15:13.971+0000] {dag_etl.py:79} INFO - Loading drones...
[2023-08-26T23:15:15.038+0000] {dag_etl.py:82} INFO - Complete load drones: 0:00:01.067501
[2023-08-26T23:15:15.039+0000] {dag_etl.py:84} INFO - Loading pilots...
[2023-08-26T23:15:16.881+0000] {dag_etl.py:87} INFO - Complete load drones: 0:00:01.843055
[2023-08-26T23:15:16.882+0000] {dag_etl.py:89} INFO - Loading talents...
[2023-08-26T23:15:18.007+0000] {dag_etl.py:92} INFO - Complete load drones: 0:00:01.125545
[2023-08-26T23:15:18.007+0000] {dag_etl.py:94} INFO - Loading expert_items...
[2023-08-26T23:15:18.588+0000] {dag_etl.py:97} INFO - Complete load drones: 0:00:00.581226
[2023-08-26T23:15:18.589+0000] {dag_etl.py:99} INFO - Complete ETL Users in : 0:00:12.727326
[2023-08-26T23:15:18.605+0000] {python.py:194} INFO - Done. Returned value was: None
[2023-08-26T23:15:18.642+0000] {taskinstance.py:1400} INFO - Marking task as SUCCESS. dag_id=gaas_etl_1, task_id=etl_user, execution_date=20230826T231400, start_date=20230826T231505, end_date=20230826T231518
[2023-08-26T23:15:18.846+0000] {local_task_job_runner.py:228} INFO - Task exited with return code 0
[2023-08-26T23:15:18.893+0000] {taskinstance.py:2784} INFO - 0 downstream tasks scheduled from follow-on schedule check
