[2023-08-26T19:46:03.899+0000] {taskinstance.py:1159} INFO - Dependencies all met for dep_context=non-requeueable deps ti=<TaskInstance: gaas_etl_1.etl_user scheduled__2023-08-26T19:45:00+00:00 [queued]>
[2023-08-26T19:46:03.921+0000] {taskinstance.py:1159} INFO - Dependencies all met for dep_context=requeueable deps ti=<TaskInstance: gaas_etl_1.etl_user scheduled__2023-08-26T19:45:00+00:00 [queued]>
[2023-08-26T19:46:03.923+0000] {taskinstance.py:1361} INFO - Starting attempt 1 of 1
[2023-08-26T19:46:03.995+0000] {taskinstance.py:1382} INFO - Executing <Task(PythonOperator): etl_user> on 2023-08-26 19:45:00+00:00
[2023-08-26T19:46:04.003+0000] {standard_task_runner.py:57} INFO - Started process 328726 to run task
[2023-08-26T19:46:04.020+0000] {standard_task_runner.py:84} INFO - Running: ['airflow', 'tasks', 'run', 'gaas_etl_1', 'etl_user', 'scheduled__2023-08-26T19:45:00+00:00', '--job-id', '2828', '--raw', '--subdir', 'DAGS_FOLDER/dag_etl.py', '--cfg-path', '/tmp/tmppzk7rq08']
[2023-08-26T19:46:04.025+0000] {standard_task_runner.py:85} INFO - Job 2828: Subtask etl_user
[2023-08-26T19:46:04.539+0000] {task_command.py:415} INFO - Running <TaskInstance: gaas_etl_1.etl_user scheduled__2023-08-26T19:45:00+00:00 [running]> on host data-system.us-central1-a.c.data-system-392010.internal
[2023-08-26T19:46:04.834+0000] {taskinstance.py:1660} INFO - Exporting env vars: AIRFLOW_CTX_DAG_EMAIL='hungnm15012002@gmail.com' AIRFLOW_CTX_DAG_OWNER='hungnm' AIRFLOW_CTX_DAG_ID='gaas_etl_1' AIRFLOW_CTX_TASK_ID='etl_user' AIRFLOW_CTX_EXECUTION_DATE='2023-08-26T19:45:00+00:00' AIRFLOW_CTX_TRY_NUMBER='1' AIRFLOW_CTX_DAG_RUN_ID='scheduled__2023-08-26T19:45:00+00:00'
[2023-08-26T19:46:04.853+0000] {dag_etl.py:28} INFO - Extracting user...
[2023-08-26T19:46:08.566+0000] {extract.py:36} INFO - Request time: 0:00:03.712666
[2023-08-26T19:46:08.748+0000] {extract.py:42} INFO - Create DataFrame time: 0:00:00.181155
[2023-08-26T19:46:08.751+0000] {dag_etl.py:31} INFO - Complete extract user: 0:00:03.898126
[2023-08-26T19:46:08.752+0000] {dag_etl.py:33} INFO - Extracting resource...
[2023-08-26T19:46:10.284+0000] {extract.py:36} INFO - Request time: 0:00:01.532280
[2023-08-26T19:46:10.314+0000] {extract.py:42} INFO - Create DataFrame time: 0:00:00.028632
[2023-08-26T19:46:10.316+0000] {dag_etl.py:36} INFO - Complete extract resource: 0:00:01.564164
[2023-08-26T19:46:10.316+0000] {dag_etl.py:38} INFO - Transforming user...
[2023-08-26T19:46:10.443+0000] {dag_etl.py:42} INFO - Complete transform user: 0:00:00.127896
[2023-08-26T19:46:10.444+0000] {dag_etl.py:44} INFO - transform space_ships...
[2023-08-26T19:46:10.532+0000] {dag_etl.py:47} INFO - Complete transform space_ships: 0:00:00.088080
[2023-08-26T19:46:10.532+0000] {dag_etl.py:49} INFO - transform drones...
[2023-08-26T19:46:10.585+0000] {dag_etl.py:52} INFO - Complete transform drones: 0:00:00.053132
[2023-08-26T19:46:10.585+0000] {dag_etl.py:54} INFO - transform pilots...
[2023-08-26T19:46:10.645+0000] {dag_etl.py:57} INFO - Complete transform pilots: 0:00:00.060089
[2023-08-26T19:46:10.645+0000] {dag_etl.py:59} INFO - transform talents...
[2023-08-26T19:46:10.681+0000] {dag_etl.py:62} INFO - Complete transform talents: 0:00:00.036313
[2023-08-26T19:46:10.682+0000] {dag_etl.py:64} INFO - transform expert_items...
[2023-08-26T19:46:10.715+0000] {dag_etl.py:67} INFO - Complete transform expert_items: 0:00:00.034311
[2023-08-26T19:46:10.716+0000] {dag_etl.py:69} INFO - Loading user...
[2023-08-26T19:46:11.833+0000] {dag_etl.py:72} INFO - Complete load user: 0:00:01.117893
[2023-08-26T19:46:11.834+0000] {dag_etl.py:74} INFO - Loading space_ships...
[2023-08-26T19:46:13.383+0000] {dag_etl.py:77} INFO - Complete load space_ships: 0:00:01.550051
[2023-08-26T19:46:13.384+0000] {dag_etl.py:79} INFO - Loading drones...
[2023-08-26T19:46:15.043+0000] {dag_etl.py:82} INFO - Complete load drones: 0:00:01.659266
[2023-08-26T19:46:15.043+0000] {dag_etl.py:84} INFO - Loading pilots...
[2023-08-26T19:46:17.343+0000] {dag_etl.py:87} INFO - Complete load drones: 0:00:02.300372
[2023-08-26T19:46:17.343+0000] {dag_etl.py:89} INFO - Loading talents...
[2023-08-26T19:46:18.623+0000] {dag_etl.py:92} INFO - Complete load drones: 0:00:01.280321
[2023-08-26T19:46:18.624+0000] {dag_etl.py:94} INFO - Loading expert_items...
[2023-08-26T19:46:19.489+0000] {dag_etl.py:97} INFO - Complete load drones: 0:00:00.866020
[2023-08-26T19:46:19.490+0000] {dag_etl.py:99} INFO - Complete ETL Users in : 0:00:14.636550
[2023-08-26T19:46:19.520+0000] {python.py:194} INFO - Done. Returned value was: None
[2023-08-26T19:46:19.539+0000] {taskinstance.py:1400} INFO - Marking task as SUCCESS. dag_id=gaas_etl_1, task_id=etl_user, execution_date=20230826T194500, start_date=20230826T194603, end_date=20230826T194619
[2023-08-26T19:46:19.611+0000] {local_task_job_runner.py:228} INFO - Task exited with return code 0
[2023-08-26T19:46:19.639+0000] {taskinstance.py:2784} INFO - 0 downstream tasks scheduled from follow-on schedule check
