[2023-08-27T10:49:05.849+0000] {taskinstance.py:1159} INFO - Dependencies all met for dep_context=non-requeueable deps ti=<TaskInstance: gaas_etl_1.etl_user scheduled__2023-08-27T10:48:00+00:00 [queued]>
[2023-08-27T10:49:05.864+0000] {taskinstance.py:1159} INFO - Dependencies all met for dep_context=requeueable deps ti=<TaskInstance: gaas_etl_1.etl_user scheduled__2023-08-27T10:48:00+00:00 [queued]>
[2023-08-27T10:49:05.865+0000] {taskinstance.py:1361} INFO - Starting attempt 1 of 1
[2023-08-27T10:49:05.893+0000] {taskinstance.py:1382} INFO - Executing <Task(PythonOperator): etl_user> on 2023-08-27 10:48:00+00:00
[2023-08-27T10:49:05.904+0000] {standard_task_runner.py:57} INFO - Started process 391839 to run task
[2023-08-27T10:49:05.918+0000] {standard_task_runner.py:84} INFO - Running: ['airflow', 'tasks', 'run', 'gaas_etl_1', 'etl_user', 'scheduled__2023-08-27T10:48:00+00:00', '--job-id', '5536', '--raw', '--subdir', 'DAGS_FOLDER/dag_etl.py', '--cfg-path', '/tmp/tmpwlwv_agy']
[2023-08-27T10:49:05.923+0000] {standard_task_runner.py:85} INFO - Job 5536: Subtask etl_user
[2023-08-27T10:49:06.617+0000] {task_command.py:415} INFO - Running <TaskInstance: gaas_etl_1.etl_user scheduled__2023-08-27T10:48:00+00:00 [running]> on host data-system.us-central1-a.c.data-system-392010.internal
[2023-08-27T10:49:07.096+0000] {taskinstance.py:1660} INFO - Exporting env vars: AIRFLOW_CTX_DAG_EMAIL='hungnm15012002@gmail.com' AIRFLOW_CTX_DAG_OWNER='hungnm' AIRFLOW_CTX_DAG_ID='gaas_etl_1' AIRFLOW_CTX_TASK_ID='etl_user' AIRFLOW_CTX_EXECUTION_DATE='2023-08-27T10:48:00+00:00' AIRFLOW_CTX_TRY_NUMBER='1' AIRFLOW_CTX_DAG_RUN_ID='scheduled__2023-08-27T10:48:00+00:00'
[2023-08-27T10:49:07.126+0000] {dag_etl.py:28} INFO - Extracting user...
[2023-08-27T10:49:13.029+0000] {extract.py:36} INFO - Request time: 0:00:05.902288
[2023-08-27T10:49:13.898+0000] {extract.py:42} INFO - Create DataFrame time: 0:00:00.867726
[2023-08-27T10:49:13.907+0000] {dag_etl.py:31} INFO - Complete extract user: 0:00:06.781833
[2023-08-27T10:49:13.909+0000] {dag_etl.py:33} INFO - Extracting resource...
[2023-08-27T10:49:16.129+0000] {extract.py:36} INFO - Request time: 0:00:02.219647
[2023-08-27T10:49:16.281+0000] {extract.py:42} INFO - Create DataFrame time: 0:00:00.151662
[2023-08-27T10:49:16.284+0000] {dag_etl.py:36} INFO - Complete extract resource: 0:00:02.377049
[2023-08-27T10:49:16.286+0000] {dag_etl.py:38} INFO - Transforming user...
[2023-08-27T10:49:16.800+0000] {dag_etl.py:42} INFO - Complete transform user: 0:00:00.515981
[2023-08-27T10:49:16.801+0000] {dag_etl.py:44} INFO - transform space_ships...
[2023-08-27T10:49:17.086+0000] {dag_etl.py:47} INFO - Complete transform space_ships: 0:00:00.285564
[2023-08-27T10:49:17.090+0000] {dag_etl.py:49} INFO - transform drones...
[2023-08-27T10:49:17.440+0000] {dag_etl.py:52} INFO - Complete transform drones: 0:00:00.354243
[2023-08-27T10:49:17.442+0000] {dag_etl.py:54} INFO - transform pilots...
[2023-08-27T10:49:17.583+0000] {dag_etl.py:57} INFO - Complete transform pilots: 0:00:00.143140
[2023-08-27T10:49:17.584+0000] {dag_etl.py:59} INFO - transform talents...
[2023-08-27T10:49:17.629+0000] {dag_etl.py:62} INFO - Complete transform talents: 0:00:00.045930
[2023-08-27T10:49:17.630+0000] {dag_etl.py:64} INFO - transform expert_items...
[2023-08-27T10:49:17.670+0000] {dag_etl.py:67} INFO - Complete transform expert_items: 0:00:00.040859
[2023-08-27T10:49:17.675+0000] {dag_etl.py:69} INFO - Loading user...
[2023-08-27T10:49:19.156+0000] {dag_etl.py:72} INFO - Complete load user: 0:00:01.486373
[2023-08-27T10:49:19.157+0000] {dag_etl.py:74} INFO - Loading space_ships...
[2023-08-27T10:49:21.772+0000] {dag_etl.py:77} INFO - Complete load space_ships: 0:00:02.615748
[2023-08-27T10:49:21.773+0000] {dag_etl.py:79} INFO - Loading drones...
[2023-08-27T10:49:23.762+0000] {dag_etl.py:82} INFO - Complete load drones: 0:00:01.989419
[2023-08-27T10:49:23.762+0000] {dag_etl.py:84} INFO - Loading pilots...
[2023-08-27T10:49:26.888+0000] {dag_etl.py:87} INFO - Complete load drones: 0:00:03.126119
[2023-08-27T10:49:26.888+0000] {dag_etl.py:89} INFO - Loading talents...
[2023-08-27T10:49:28.863+0000] {dag_etl.py:92} INFO - Complete load drones: 0:00:01.975043
[2023-08-27T10:49:28.863+0000] {dag_etl.py:94} INFO - Loading expert_items...
[2023-08-27T10:49:30.057+0000] {dag_etl.py:97} INFO - Complete load drones: 0:00:01.194405
[2023-08-27T10:49:30.058+0000] {dag_etl.py:99} INFO - Complete ETL Users in : 0:00:22.932304
[2023-08-27T10:49:30.087+0000] {python.py:194} INFO - Done. Returned value was: None
[2023-08-27T10:49:30.120+0000] {taskinstance.py:1400} INFO - Marking task as SUCCESS. dag_id=gaas_etl_1, task_id=etl_user, execution_date=20230827T104800, start_date=20230827T104905, end_date=20230827T104930
[2023-08-27T10:49:30.197+0000] {local_task_job_runner.py:228} INFO - Task exited with return code 0
[2023-08-27T10:49:30.238+0000] {taskinstance.py:2784} INFO - 0 downstream tasks scheduled from follow-on schedule check
