[2023-08-27T11:40:05.764+0000] {taskinstance.py:1159} INFO - Dependencies all met for dep_context=non-requeueable deps ti=<TaskInstance: gaas_etl_1.etl_user scheduled__2023-08-27T11:39:00+00:00 [queued]>
[2023-08-27T11:40:05.790+0000] {taskinstance.py:1159} INFO - Dependencies all met for dep_context=requeueable deps ti=<TaskInstance: gaas_etl_1.etl_user scheduled__2023-08-27T11:39:00+00:00 [queued]>
[2023-08-27T11:40:05.791+0000] {taskinstance.py:1361} INFO - Starting attempt 1 of 1
[2023-08-27T11:40:05.827+0000] {taskinstance.py:1382} INFO - Executing <Task(PythonOperator): etl_user> on 2023-08-27 11:39:00+00:00
[2023-08-27T11:40:05.837+0000] {standard_task_runner.py:57} INFO - Started process 399333 to run task
[2023-08-27T11:40:05.852+0000] {standard_task_runner.py:84} INFO - Running: ['airflow', 'tasks', 'run', 'gaas_etl_1', 'etl_user', 'scheduled__2023-08-27T11:39:00+00:00', '--job-id', '5691', '--raw', '--subdir', 'DAGS_FOLDER/dag_etl.py', '--cfg-path', '/tmp/tmp8sl4pmpr']
[2023-08-27T11:40:05.858+0000] {standard_task_runner.py:85} INFO - Job 5691: Subtask etl_user
[2023-08-27T11:40:06.673+0000] {task_command.py:415} INFO - Running <TaskInstance: gaas_etl_1.etl_user scheduled__2023-08-27T11:39:00+00:00 [running]> on host data-system.us-central1-a.c.data-system-392010.internal
[2023-08-27T11:40:07.132+0000] {taskinstance.py:1660} INFO - Exporting env vars: AIRFLOW_CTX_DAG_EMAIL='hungnm15012002@gmail.com' AIRFLOW_CTX_DAG_OWNER='hungnm' AIRFLOW_CTX_DAG_ID='gaas_etl_1' AIRFLOW_CTX_TASK_ID='etl_user' AIRFLOW_CTX_EXECUTION_DATE='2023-08-27T11:39:00+00:00' AIRFLOW_CTX_TRY_NUMBER='1' AIRFLOW_CTX_DAG_RUN_ID='scheduled__2023-08-27T11:39:00+00:00'
[2023-08-27T11:40:07.195+0000] {dag_etl.py:28} INFO - Extracting user...
[2023-08-27T11:40:15.547+0000] {extract.py:36} INFO - Request time: 0:00:08.351214
[2023-08-27T11:40:16.133+0000] {extract.py:42} INFO - Create DataFrame time: 0:00:00.585200
[2023-08-27T11:40:16.138+0000] {dag_etl.py:31} INFO - Complete extract user: 0:00:08.942216
[2023-08-27T11:40:16.138+0000] {dag_etl.py:33} INFO - Extracting resource...
[2023-08-27T11:40:23.454+0000] {extract.py:36} INFO - Request time: 0:00:07.315696
[2023-08-27T11:40:23.559+0000] {extract.py:42} INFO - Create DataFrame time: 0:00:00.104218
[2023-08-27T11:40:23.562+0000] {dag_etl.py:36} INFO - Complete extract resource: 0:00:07.424803
[2023-08-27T11:40:23.564+0000] {dag_etl.py:38} INFO - Transforming user...
[2023-08-27T11:40:23.984+0000] {dag_etl.py:42} INFO - Complete transform user: 0:00:00.421817
[2023-08-27T11:40:23.985+0000] {dag_etl.py:44} INFO - transform space_ships...
[2023-08-27T11:40:24.209+0000] {dag_etl.py:47} INFO - Complete transform space_ships: 0:00:00.224344
[2023-08-27T11:40:24.209+0000] {dag_etl.py:49} INFO - transform drones...
[2023-08-27T11:40:24.366+0000] {dag_etl.py:52} INFO - Complete transform drones: 0:00:00.157015
[2023-08-27T11:40:24.366+0000] {dag_etl.py:54} INFO - transform pilots...
[2023-08-27T11:40:24.470+0000] {dag_etl.py:57} INFO - Complete transform pilots: 0:00:00.103957
[2023-08-27T11:40:24.470+0000] {dag_etl.py:59} INFO - transform talents...
[2023-08-27T11:40:24.521+0000] {dag_etl.py:62} INFO - Complete transform talents: 0:00:00.051893
[2023-08-27T11:40:24.522+0000] {dag_etl.py:64} INFO - transform expert_items...
[2023-08-27T11:40:24.567+0000] {dag_etl.py:67} INFO - Complete transform expert_items: 0:00:00.045401
[2023-08-27T11:40:24.567+0000] {dag_etl.py:69} INFO - Loading user...
[2023-08-27T11:40:26.226+0000] {dag_etl.py:72} INFO - Complete load user: 0:00:01.659557
[2023-08-27T11:40:26.227+0000] {dag_etl.py:74} INFO - Loading space_ships...
[2023-08-27T11:40:28.890+0000] {dag_etl.py:77} INFO - Complete load space_ships: 0:00:02.663438
[2023-08-27T11:40:28.891+0000] {dag_etl.py:79} INFO - Loading drones...
[2023-08-27T11:40:30.827+0000] {dag_etl.py:82} INFO - Complete load drones: 0:00:01.937154
[2023-08-27T11:40:30.827+0000] {dag_etl.py:84} INFO - Loading pilots...
[2023-08-27T11:40:33.931+0000] {dag_etl.py:87} INFO - Complete load drones: 0:00:03.103927
[2023-08-27T11:40:33.931+0000] {dag_etl.py:89} INFO - Loading talents...
[2023-08-27T11:40:35.758+0000] {dag_etl.py:92} INFO - Complete load drones: 0:00:01.827002
[2023-08-27T11:40:35.759+0000] {dag_etl.py:94} INFO - Loading expert_items...
[2023-08-27T11:40:36.901+0000] {dag_etl.py:97} INFO - Complete load drones: 0:00:01.143035
[2023-08-27T11:40:36.901+0000] {dag_etl.py:99} INFO - Complete ETL Users in : 0:00:29.705995
[2023-08-27T11:40:36.931+0000] {python.py:194} INFO - Done. Returned value was: None
[2023-08-27T11:40:36.950+0000] {taskinstance.py:1400} INFO - Marking task as SUCCESS. dag_id=gaas_etl_1, task_id=etl_user, execution_date=20230827T113900, start_date=20230827T114005, end_date=20230827T114036
[2023-08-27T11:40:37.030+0000] {local_task_job_runner.py:228} INFO - Task exited with return code 0
[2023-08-27T11:40:37.071+0000] {taskinstance.py:2784} INFO - 0 downstream tasks scheduled from follow-on schedule check
