[2023-08-27T16:47:06.914+0000] {taskinstance.py:1159} INFO - Dependencies all met for dep_context=non-requeueable deps ti=<TaskInstance: gaas_etl_1.etl_user scheduled__2023-08-27T16:46:00+00:00 [queued]>
[2023-08-27T16:47:06.952+0000] {taskinstance.py:1159} INFO - Dependencies all met for dep_context=requeueable deps ti=<TaskInstance: gaas_etl_1.etl_user scheduled__2023-08-27T16:46:00+00:00 [queued]>
[2023-08-27T16:47:06.953+0000] {taskinstance.py:1361} INFO - Starting attempt 1 of 1
[2023-08-27T16:47:06.988+0000] {taskinstance.py:1382} INFO - Executing <Task(PythonOperator): etl_user> on 2023-08-27 16:46:00+00:00
[2023-08-27T16:47:06.998+0000] {standard_task_runner.py:57} INFO - Started process 431425 to run task
[2023-08-27T16:47:07.013+0000] {standard_task_runner.py:84} INFO - Running: ['airflow', 'tasks', 'run', 'gaas_etl_1', 'etl_user', 'scheduled__2023-08-27T16:46:00+00:00', '--job-id', '6611', '--raw', '--subdir', 'DAGS_FOLDER/dag_etl.py', '--cfg-path', '/tmp/tmpmgqb5zfc']
[2023-08-27T16:47:07.018+0000] {standard_task_runner.py:85} INFO - Job 6611: Subtask etl_user
[2023-08-27T16:47:07.804+0000] {task_command.py:415} INFO - Running <TaskInstance: gaas_etl_1.etl_user scheduled__2023-08-27T16:46:00+00:00 [running]> on host data-system.us-central1-a.c.data-system-392010.internal
[2023-08-27T16:47:08.343+0000] {taskinstance.py:1660} INFO - Exporting env vars: AIRFLOW_CTX_DAG_EMAIL='hungnm15012002@gmail.com' AIRFLOW_CTX_DAG_OWNER='hungnm' AIRFLOW_CTX_DAG_ID='gaas_etl_1' AIRFLOW_CTX_TASK_ID='etl_user' AIRFLOW_CTX_EXECUTION_DATE='2023-08-27T16:46:00+00:00' AIRFLOW_CTX_TRY_NUMBER='1' AIRFLOW_CTX_DAG_RUN_ID='scheduled__2023-08-27T16:46:00+00:00'
[2023-08-27T16:47:08.387+0000] {dag_etl.py:28} INFO - Extracting user...
[2023-08-27T16:47:22.692+0000] {extract.py:36} INFO - Request time: 0:00:14.304486
[2023-08-27T16:47:23.213+0000] {extract.py:42} INFO - Create DataFrame time: 0:00:00.520173
[2023-08-27T16:47:23.217+0000] {dag_etl.py:31} INFO - Complete extract user: 0:00:14.829704
[2023-08-27T16:47:23.217+0000] {dag_etl.py:33} INFO - Extracting resource...
[2023-08-27T16:47:46.332+0000] {extract.py:36} INFO - Request time: 0:00:23.114804
[2023-08-27T16:47:46.407+0000] {extract.py:42} INFO - Create DataFrame time: 0:00:00.073638
[2023-08-27T16:47:46.409+0000] {dag_etl.py:36} INFO - Complete extract resource: 0:00:23.192889
[2023-08-27T16:47:46.411+0000] {dag_etl.py:38} INFO - Transforming user...
[2023-08-27T16:47:46.796+0000] {dag_etl.py:42} INFO - Complete transform user: 0:00:00.386703
[2023-08-27T16:47:46.797+0000] {dag_etl.py:44} INFO - transform space_ships...
[2023-08-27T16:47:47.029+0000] {dag_etl.py:47} INFO - Complete transform space_ships: 0:00:00.232688
[2023-08-27T16:47:47.029+0000] {dag_etl.py:49} INFO - transform drones...
[2023-08-27T16:47:47.174+0000] {dag_etl.py:52} INFO - Complete transform drones: 0:00:00.145029
[2023-08-27T16:47:47.175+0000] {dag_etl.py:54} INFO - transform pilots...
[2023-08-27T16:47:47.267+0000] {dag_etl.py:57} INFO - Complete transform pilots: 0:00:00.092627
[2023-08-27T16:47:47.267+0000] {dag_etl.py:59} INFO - transform talents...
[2023-08-27T16:47:47.310+0000] {dag_etl.py:62} INFO - Complete transform talents: 0:00:00.043869
[2023-08-27T16:47:47.311+0000] {dag_etl.py:64} INFO - transform expert_items...
[2023-08-27T16:47:47.350+0000] {dag_etl.py:67} INFO - Complete transform expert_items: 0:00:00.039218
[2023-08-27T16:47:47.350+0000] {dag_etl.py:69} INFO - Loading user...
[2023-08-27T16:47:48.818+0000] {dag_etl.py:72} INFO - Complete load user: 0:00:01.468140
[2023-08-27T16:47:48.818+0000] {dag_etl.py:74} INFO - Loading space_ships...
[2023-08-27T16:47:50.873+0000] {dag_etl.py:77} INFO - Complete load space_ships: 0:00:02.055503
[2023-08-27T16:47:50.874+0000] {dag_etl.py:79} INFO - Loading drones...
[2023-08-27T16:47:52.773+0000] {dag_etl.py:82} INFO - Complete load drones: 0:00:01.900116
[2023-08-27T16:47:52.774+0000] {dag_etl.py:84} INFO - Loading pilots...
[2023-08-27T16:47:56.360+0000] {dag_etl.py:87} INFO - Complete load drones: 0:00:03.586841
[2023-08-27T16:47:56.361+0000] {dag_etl.py:89} INFO - Loading talents...
[2023-08-27T16:47:58.029+0000] {dag_etl.py:92} INFO - Complete load drones: 0:00:01.668344
[2023-08-27T16:47:58.029+0000] {dag_etl.py:94} INFO - Loading expert_items...
[2023-08-27T16:47:59.176+0000] {dag_etl.py:97} INFO - Complete load drones: 0:00:01.147870
[2023-08-27T16:47:59.177+0000] {dag_etl.py:99} INFO - Complete ETL Users in : 0:00:50.790215
[2023-08-27T16:47:59.218+0000] {python.py:194} INFO - Done. Returned value was: None
[2023-08-27T16:47:59.238+0000] {taskinstance.py:1400} INFO - Marking task as SUCCESS. dag_id=gaas_etl_1, task_id=etl_user, execution_date=20230827T164600, start_date=20230827T164706, end_date=20230827T164759
[2023-08-27T16:47:59.317+0000] {local_task_job_runner.py:228} INFO - Task exited with return code 0
[2023-08-27T16:47:59.346+0000] {taskinstance.py:2784} INFO - 0 downstream tasks scheduled from follow-on schedule check
