[2023-08-27T05:46:06.470+0000] {taskinstance.py:1159} INFO - Dependencies all met for dep_context=non-requeueable deps ti=<TaskInstance: gaas_etl_1.etl_user scheduled__2023-08-27T05:45:00+00:00 [queued]>
[2023-08-27T05:46:06.498+0000] {taskinstance.py:1159} INFO - Dependencies all met for dep_context=requeueable deps ti=<TaskInstance: gaas_etl_1.etl_user scheduled__2023-08-27T05:45:00+00:00 [queued]>
[2023-08-27T05:46:06.499+0000] {taskinstance.py:1361} INFO - Starting attempt 1 of 1
[2023-08-27T05:46:06.534+0000] {taskinstance.py:1382} INFO - Executing <Task(PythonOperator): etl_user> on 2023-08-27 05:45:00+00:00
[2023-08-27T05:46:06.549+0000] {standard_task_runner.py:57} INFO - Started process 371419 to run task
[2023-08-27T05:46:06.555+0000] {standard_task_runner.py:84} INFO - Running: ['airflow', 'tasks', 'run', 'gaas_etl_1', 'etl_user', 'scheduled__2023-08-27T05:45:00+00:00', '--job-id', '4628', '--raw', '--subdir', 'DAGS_FOLDER/dag_etl.py', '--cfg-path', '/tmp/tmp4z9830xk']
[2023-08-27T05:46:06.562+0000] {standard_task_runner.py:85} INFO - Job 4628: Subtask etl_user
[2023-08-27T05:46:06.924+0000] {task_command.py:415} INFO - Running <TaskInstance: gaas_etl_1.etl_user scheduled__2023-08-27T05:45:00+00:00 [running]> on host data-system.us-central1-a.c.data-system-392010.internal
[2023-08-27T05:46:07.607+0000] {taskinstance.py:1660} INFO - Exporting env vars: AIRFLOW_CTX_DAG_EMAIL='hungnm15012002@gmail.com' AIRFLOW_CTX_DAG_OWNER='hungnm' AIRFLOW_CTX_DAG_ID='gaas_etl_1' AIRFLOW_CTX_TASK_ID='etl_user' AIRFLOW_CTX_EXECUTION_DATE='2023-08-27T05:45:00+00:00' AIRFLOW_CTX_TRY_NUMBER='1' AIRFLOW_CTX_DAG_RUN_ID='scheduled__2023-08-27T05:45:00+00:00'
[2023-08-27T05:46:07.624+0000] {dag_etl.py:28} INFO - Extracting user...
[2023-08-27T05:46:20.791+0000] {extract.py:36} INFO - Request time: 0:00:13.166563
[2023-08-27T05:46:22.101+0000] {extract.py:42} INFO - Create DataFrame time: 0:00:01.309068
[2023-08-27T05:46:22.110+0000] {dag_etl.py:31} INFO - Complete extract user: 0:00:14.486004
[2023-08-27T05:46:22.112+0000] {dag_etl.py:33} INFO - Extracting resource...
[2023-08-27T05:46:35.611+0000] {extract.py:36} INFO - Request time: 0:00:13.498553
[2023-08-27T05:46:35.699+0000] {extract.py:42} INFO - Create DataFrame time: 0:00:00.087558
[2023-08-27T05:46:35.701+0000] {dag_etl.py:36} INFO - Complete extract resource: 0:00:13.590889
[2023-08-27T05:46:35.702+0000] {dag_etl.py:38} INFO - Transforming user...
[2023-08-27T05:46:36.011+0000] {dag_etl.py:42} INFO - Complete transform user: 0:00:00.309569
[2023-08-27T05:46:36.011+0000] {dag_etl.py:44} INFO - transform space_ships...
[2023-08-27T05:46:36.224+0000] {dag_etl.py:47} INFO - Complete transform space_ships: 0:00:00.213613
[2023-08-27T05:46:36.225+0000] {dag_etl.py:49} INFO - transform drones...
[2023-08-27T05:46:36.387+0000] {dag_etl.py:52} INFO - Complete transform drones: 0:00:00.162483
[2023-08-27T05:46:36.387+0000] {dag_etl.py:54} INFO - transform pilots...
[2023-08-27T05:46:36.528+0000] {dag_etl.py:57} INFO - Complete transform pilots: 0:00:00.141299
[2023-08-27T05:46:36.528+0000] {dag_etl.py:59} INFO - transform talents...
[2023-08-27T05:46:36.587+0000] {dag_etl.py:62} INFO - Complete transform talents: 0:00:00.058694
[2023-08-27T05:46:36.587+0000] {dag_etl.py:64} INFO - transform expert_items...
[2023-08-27T05:46:36.652+0000] {dag_etl.py:67} INFO - Complete transform expert_items: 0:00:00.065595
[2023-08-27T05:46:36.653+0000] {dag_etl.py:69} INFO - Loading user...
[2023-08-27T05:46:39.749+0000] {dag_etl.py:72} INFO - Complete load user: 0:00:03.096802
[2023-08-27T05:46:39.749+0000] {dag_etl.py:74} INFO - Loading space_ships...
[2023-08-27T05:46:43.807+0000] {dag_etl.py:77} INFO - Complete load space_ships: 0:00:04.057882
[2023-08-27T05:46:43.808+0000] {dag_etl.py:79} INFO - Loading drones...
[2023-08-27T05:46:46.483+0000] {dag_etl.py:82} INFO - Complete load drones: 0:00:02.676562
[2023-08-27T05:46:46.484+0000] {dag_etl.py:84} INFO - Loading pilots...
[2023-08-27T05:46:50.673+0000] {dag_etl.py:87} INFO - Complete load drones: 0:00:04.189263
[2023-08-27T05:46:50.673+0000] {dag_etl.py:89} INFO - Loading talents...
[2023-08-27T05:46:53.308+0000] {dag_etl.py:92} INFO - Complete load drones: 0:00:02.635198
[2023-08-27T05:46:53.309+0000] {dag_etl.py:94} INFO - Loading expert_items...
[2023-08-27T05:46:55.383+0000] {dag_etl.py:97} INFO - Complete load drones: 0:00:02.074833
[2023-08-27T05:46:55.383+0000] {dag_etl.py:99} INFO - Complete ETL Users in : 0:00:47.759260
[2023-08-27T05:46:55.425+0000] {python.py:194} INFO - Done. Returned value was: None
[2023-08-27T05:46:55.438+0000] {taskinstance.py:1400} INFO - Marking task as SUCCESS. dag_id=gaas_etl_1, task_id=etl_user, execution_date=20230827T054500, start_date=20230827T054606, end_date=20230827T054655
[2023-08-27T05:46:55.495+0000] {local_task_job_runner.py:228} INFO - Task exited with return code 0
[2023-08-27T05:46:55.517+0000] {taskinstance.py:2784} INFO - 0 downstream tasks scheduled from follow-on schedule check
