[2023-08-27T14:25:06.223+0000] {taskinstance.py:1159} INFO - Dependencies all met for dep_context=non-requeueable deps ti=<TaskInstance: gaas_etl_1.etl_user scheduled__2023-08-27T14:24:00+00:00 [queued]>
[2023-08-27T14:25:06.246+0000] {taskinstance.py:1159} INFO - Dependencies all met for dep_context=requeueable deps ti=<TaskInstance: gaas_etl_1.etl_user scheduled__2023-08-27T14:24:00+00:00 [queued]>
[2023-08-27T14:25:06.247+0000] {taskinstance.py:1361} INFO - Starting attempt 1 of 1
[2023-08-27T14:25:06.281+0000] {taskinstance.py:1382} INFO - Executing <Task(PythonOperator): etl_user> on 2023-08-27 14:24:00+00:00
[2023-08-27T14:25:06.290+0000] {standard_task_runner.py:57} INFO - Started process 416399 to run task
[2023-08-27T14:25:06.300+0000] {standard_task_runner.py:84} INFO - Running: ['airflow', 'tasks', 'run', 'gaas_etl_1', 'etl_user', 'scheduled__2023-08-27T14:24:00+00:00', '--job-id', '6185', '--raw', '--subdir', 'DAGS_FOLDER/dag_etl.py', '--cfg-path', '/tmp/tmpyp8zf3hu']
[2023-08-27T14:25:06.305+0000] {standard_task_runner.py:85} INFO - Job 6185: Subtask etl_user
[2023-08-27T14:25:07.092+0000] {task_command.py:415} INFO - Running <TaskInstance: gaas_etl_1.etl_user scheduled__2023-08-27T14:24:00+00:00 [running]> on host data-system.us-central1-a.c.data-system-392010.internal
[2023-08-27T14:25:07.558+0000] {taskinstance.py:1660} INFO - Exporting env vars: AIRFLOW_CTX_DAG_EMAIL='hungnm15012002@gmail.com' AIRFLOW_CTX_DAG_OWNER='hungnm' AIRFLOW_CTX_DAG_ID='gaas_etl_1' AIRFLOW_CTX_TASK_ID='etl_user' AIRFLOW_CTX_EXECUTION_DATE='2023-08-27T14:24:00+00:00' AIRFLOW_CTX_TRY_NUMBER='1' AIRFLOW_CTX_DAG_RUN_ID='scheduled__2023-08-27T14:24:00+00:00'
[2023-08-27T14:25:07.577+0000] {dag_etl.py:28} INFO - Extracting user...
[2023-08-27T14:25:14.365+0000] {extract.py:36} INFO - Request time: 0:00:06.787237
[2023-08-27T14:25:15.347+0000] {extract.py:42} INFO - Create DataFrame time: 0:00:00.981542
[2023-08-27T14:25:15.355+0000] {dag_etl.py:31} INFO - Complete extract user: 0:00:07.778401
[2023-08-27T14:25:15.356+0000] {dag_etl.py:33} INFO - Extracting resource...
[2023-08-27T14:25:21.211+0000] {extract.py:36} INFO - Request time: 0:00:05.854209
[2023-08-27T14:25:21.272+0000] {extract.py:42} INFO - Create DataFrame time: 0:00:00.059914
[2023-08-27T14:25:21.274+0000] {dag_etl.py:36} INFO - Complete extract resource: 0:00:05.918844
[2023-08-27T14:25:21.276+0000] {dag_etl.py:38} INFO - Transforming user...
[2023-08-27T14:25:21.464+0000] {dag_etl.py:42} INFO - Complete transform user: 0:00:00.189400
[2023-08-27T14:25:21.464+0000] {dag_etl.py:44} INFO - transform space_ships...
[2023-08-27T14:25:21.684+0000] {dag_etl.py:47} INFO - Complete transform space_ships: 0:00:00.220054
[2023-08-27T14:25:21.684+0000] {dag_etl.py:49} INFO - transform drones...
[2023-08-27T14:25:21.851+0000] {dag_etl.py:52} INFO - Complete transform drones: 0:00:00.167477
[2023-08-27T14:25:21.852+0000] {dag_etl.py:54} INFO - transform pilots...
[2023-08-27T14:25:21.935+0000] {dag_etl.py:57} INFO - Complete transform pilots: 0:00:00.083731
[2023-08-27T14:25:21.935+0000] {dag_etl.py:59} INFO - transform talents...
[2023-08-27T14:25:21.983+0000] {dag_etl.py:62} INFO - Complete transform talents: 0:00:00.047914
[2023-08-27T14:25:21.983+0000] {dag_etl.py:64} INFO - transform expert_items...
[2023-08-27T14:25:22.016+0000] {dag_etl.py:67} INFO - Complete transform expert_items: 0:00:00.033762
[2023-08-27T14:25:22.017+0000] {dag_etl.py:69} INFO - Loading user...
[2023-08-27T14:25:23.986+0000] {dag_etl.py:72} INFO - Complete load user: 0:00:01.969827
[2023-08-27T14:25:23.987+0000] {dag_etl.py:74} INFO - Loading space_ships...
[2023-08-27T14:25:26.541+0000] {dag_etl.py:77} INFO - Complete load space_ships: 0:00:02.554291
[2023-08-27T14:25:26.541+0000] {dag_etl.py:79} INFO - Loading drones...
[2023-08-27T14:25:28.555+0000] {dag_etl.py:82} INFO - Complete load drones: 0:00:02.013921
[2023-08-27T14:25:28.555+0000] {dag_etl.py:84} INFO - Loading pilots...
[2023-08-27T14:25:31.109+0000] {dag_etl.py:87} INFO - Complete load drones: 0:00:02.554131
[2023-08-27T14:25:31.109+0000] {dag_etl.py:89} INFO - Loading talents...
[2023-08-27T14:25:32.738+0000] {dag_etl.py:92} INFO - Complete load drones: 0:00:01.629348
[2023-08-27T14:25:32.739+0000] {dag_etl.py:94} INFO - Loading expert_items...
[2023-08-27T14:25:33.747+0000] {dag_etl.py:97} INFO - Complete load drones: 0:00:01.008781
[2023-08-27T14:25:33.747+0000] {dag_etl.py:99} INFO - Complete ETL Users in : 0:00:26.170373
[2023-08-27T14:25:33.782+0000] {python.py:194} INFO - Done. Returned value was: None
[2023-08-27T14:25:33.803+0000] {taskinstance.py:1400} INFO - Marking task as SUCCESS. dag_id=gaas_etl_1, task_id=etl_user, execution_date=20230827T142400, start_date=20230827T142506, end_date=20230827T142533
[2023-08-27T14:25:33.875+0000] {local_task_job_runner.py:228} INFO - Task exited with return code 0
[2023-08-27T14:25:33.896+0000] {taskinstance.py:2784} INFO - 0 downstream tasks scheduled from follow-on schedule check
