[2023-08-27T23:21:07.909+0000] {taskinstance.py:1159} INFO - Dependencies all met for dep_context=non-requeueable deps ti=<TaskInstance: gaas_etl_1.etl_user scheduled__2023-08-27T23:20:00+00:00 [queued]>
[2023-08-27T23:21:07.927+0000] {taskinstance.py:1159} INFO - Dependencies all met for dep_context=requeueable deps ti=<TaskInstance: gaas_etl_1.etl_user scheduled__2023-08-27T23:20:00+00:00 [queued]>
[2023-08-27T23:21:07.927+0000] {taskinstance.py:1361} INFO - Starting attempt 1 of 1
[2023-08-27T23:21:08.004+0000] {taskinstance.py:1382} INFO - Executing <Task(PythonOperator): etl_user> on 2023-08-27 23:20:00+00:00
[2023-08-27T23:21:08.018+0000] {standard_task_runner.py:57} INFO - Started process 472853 to run task
[2023-08-27T23:21:08.036+0000] {standard_task_runner.py:84} INFO - Running: ['airflow', 'tasks', 'run', 'gaas_etl_1', 'etl_user', 'scheduled__2023-08-27T23:20:00+00:00', '--job-id', '7794', '--raw', '--subdir', 'DAGS_FOLDER/dag_etl.py', '--cfg-path', '/tmp/tmpf1a5a_0w']
[2023-08-27T23:21:08.043+0000] {standard_task_runner.py:85} INFO - Job 7794: Subtask etl_user
[2023-08-27T23:21:09.010+0000] {task_command.py:415} INFO - Running <TaskInstance: gaas_etl_1.etl_user scheduled__2023-08-27T23:20:00+00:00 [running]> on host data-system.us-central1-a.c.data-system-392010.internal
[2023-08-27T23:21:09.627+0000] {taskinstance.py:1660} INFO - Exporting env vars: AIRFLOW_CTX_DAG_EMAIL='hungnm15012002@gmail.com' AIRFLOW_CTX_DAG_OWNER='hungnm' AIRFLOW_CTX_DAG_ID='gaas_etl_1' AIRFLOW_CTX_TASK_ID='etl_user' AIRFLOW_CTX_EXECUTION_DATE='2023-08-27T23:20:00+00:00' AIRFLOW_CTX_TRY_NUMBER='1' AIRFLOW_CTX_DAG_RUN_ID='scheduled__2023-08-27T23:20:00+00:00'
[2023-08-27T23:21:09.643+0000] {dag_etl.py:28} INFO - Extracting user...
[2023-08-27T23:21:17.598+0000] {extract.py:36} INFO - Request time: 0:00:07.954077
[2023-08-27T23:21:18.624+0000] {extract.py:42} INFO - Create DataFrame time: 0:00:01.024722
[2023-08-27T23:21:18.640+0000] {dag_etl.py:31} INFO - Complete extract user: 0:00:08.996914
[2023-08-27T23:21:18.641+0000] {dag_etl.py:33} INFO - Extracting resource...
[2023-08-27T23:21:26.727+0000] {extract.py:36} INFO - Request time: 0:00:08.085487
[2023-08-27T23:21:26.805+0000] {extract.py:42} INFO - Create DataFrame time: 0:00:00.077073
[2023-08-27T23:21:26.808+0000] {dag_etl.py:36} INFO - Complete extract resource: 0:00:08.167637
[2023-08-27T23:21:26.809+0000] {dag_etl.py:38} INFO - Transforming user...
[2023-08-27T23:21:27.239+0000] {dag_etl.py:42} INFO - Complete transform user: 0:00:00.430665
[2023-08-27T23:21:27.239+0000] {dag_etl.py:44} INFO - transform space_ships...
[2023-08-27T23:21:27.511+0000] {dag_etl.py:47} INFO - Complete transform space_ships: 0:00:00.271943
[2023-08-27T23:21:27.511+0000] {dag_etl.py:49} INFO - transform drones...
[2023-08-27T23:21:27.704+0000] {dag_etl.py:52} INFO - Complete transform drones: 0:00:00.193208
[2023-08-27T23:21:27.704+0000] {dag_etl.py:54} INFO - transform pilots...
[2023-08-27T23:21:27.920+0000] {dag_etl.py:57} INFO - Complete transform pilots: 0:00:00.215863
[2023-08-27T23:21:27.920+0000] {dag_etl.py:59} INFO - transform talents...
[2023-08-27T23:21:28.043+0000] {dag_etl.py:62} INFO - Complete transform talents: 0:00:00.123286
[2023-08-27T23:21:28.043+0000] {dag_etl.py:64} INFO - transform expert_items...
[2023-08-27T23:21:28.236+0000] {dag_etl.py:67} INFO - Complete transform expert_items: 0:00:00.193035
[2023-08-27T23:21:28.237+0000] {dag_etl.py:69} INFO - Loading user...
[2023-08-27T23:21:30.040+0000] {dag_etl.py:72} INFO - Complete load user: 0:00:01.803890
[2023-08-27T23:21:30.040+0000] {dag_etl.py:74} INFO - Loading space_ships...
[2023-08-27T23:21:32.355+0000] {dag_etl.py:77} INFO - Complete load space_ships: 0:00:02.314578
[2023-08-27T23:21:32.355+0000] {dag_etl.py:79} INFO - Loading drones...
[2023-08-27T23:21:34.692+0000] {dag_etl.py:82} INFO - Complete load drones: 0:00:02.337329
[2023-08-27T23:21:34.692+0000] {dag_etl.py:84} INFO - Loading pilots...
[2023-08-27T23:21:38.268+0000] {dag_etl.py:87} INFO - Complete load drones: 0:00:03.576256
[2023-08-27T23:21:38.269+0000] {dag_etl.py:89} INFO - Loading talents...
[2023-08-27T23:21:40.137+0000] {dag_etl.py:92} INFO - Complete load drones: 0:00:01.869249
[2023-08-27T23:21:40.138+0000] {dag_etl.py:94} INFO - Loading expert_items...
[2023-08-27T23:21:41.537+0000] {dag_etl.py:97} INFO - Complete load drones: 0:00:01.399489
[2023-08-27T23:21:41.537+0000] {dag_etl.py:99} INFO - Complete ETL Users in : 0:00:31.893990
[2023-08-27T23:21:41.563+0000] {python.py:194} INFO - Done. Returned value was: None
[2023-08-27T23:21:41.580+0000] {taskinstance.py:1400} INFO - Marking task as SUCCESS. dag_id=gaas_etl_1, task_id=etl_user, execution_date=20230827T232000, start_date=20230827T232107, end_date=20230827T232141
[2023-08-27T23:21:41.683+0000] {local_task_job_runner.py:228} INFO - Task exited with return code 0
[2023-08-27T23:21:41.706+0000] {taskinstance.py:2784} INFO - 0 downstream tasks scheduled from follow-on schedule check
