[2023-08-26T20:09:05.696+0000] {taskinstance.py:1159} INFO - Dependencies all met for dep_context=non-requeueable deps ti=<TaskInstance: gaas_etl_1.etl_user scheduled__2023-08-26T20:08:00+00:00 [queued]>
[2023-08-26T20:09:05.712+0000] {taskinstance.py:1159} INFO - Dependencies all met for dep_context=requeueable deps ti=<TaskInstance: gaas_etl_1.etl_user scheduled__2023-08-26T20:08:00+00:00 [queued]>
[2023-08-26T20:09:05.712+0000] {taskinstance.py:1361} INFO - Starting attempt 1 of 1
[2023-08-26T20:09:05.741+0000] {taskinstance.py:1382} INFO - Executing <Task(PythonOperator): etl_user> on 2023-08-26 20:08:00+00:00
[2023-08-26T20:09:05.750+0000] {standard_task_runner.py:57} INFO - Started process 329621 to run task
[2023-08-26T20:09:05.765+0000] {standard_task_runner.py:84} INFO - Running: ['airflow', 'tasks', 'run', 'gaas_etl_1', 'etl_user', 'scheduled__2023-08-26T20:08:00+00:00', '--job-id', '2896', '--raw', '--subdir', 'DAGS_FOLDER/dag_etl.py', '--cfg-path', '/tmp/tmp40myj1g8']
[2023-08-26T20:09:05.772+0000] {standard_task_runner.py:85} INFO - Job 2896: Subtask etl_user
[2023-08-26T20:09:06.295+0000] {task_command.py:415} INFO - Running <TaskInstance: gaas_etl_1.etl_user scheduled__2023-08-26T20:08:00+00:00 [running]> on host data-system.us-central1-a.c.data-system-392010.internal
[2023-08-26T20:09:06.620+0000] {taskinstance.py:1660} INFO - Exporting env vars: AIRFLOW_CTX_DAG_EMAIL='hungnm15012002@gmail.com' AIRFLOW_CTX_DAG_OWNER='hungnm' AIRFLOW_CTX_DAG_ID='gaas_etl_1' AIRFLOW_CTX_TASK_ID='etl_user' AIRFLOW_CTX_EXECUTION_DATE='2023-08-26T20:08:00+00:00' AIRFLOW_CTX_TRY_NUMBER='1' AIRFLOW_CTX_DAG_RUN_ID='scheduled__2023-08-26T20:08:00+00:00'
[2023-08-26T20:09:06.644+0000] {dag_etl.py:28} INFO - Extracting user...
[2023-08-26T20:09:10.526+0000] {extract.py:36} INFO - Request time: 0:00:03.881390
[2023-08-26T20:09:10.783+0000] {extract.py:42} INFO - Create DataFrame time: 0:00:00.256876
[2023-08-26T20:09:10.786+0000] {dag_etl.py:31} INFO - Complete extract user: 0:00:04.142280
[2023-08-26T20:09:10.787+0000] {dag_etl.py:33} INFO - Extracting resource...
[2023-08-26T20:09:12.641+0000] {extract.py:36} INFO - Request time: 0:00:01.854018
[2023-08-26T20:09:12.758+0000] {extract.py:42} INFO - Create DataFrame time: 0:00:00.115952
[2023-08-26T20:09:12.761+0000] {dag_etl.py:36} INFO - Complete extract resource: 0:00:01.975048
[2023-08-26T20:09:12.762+0000] {dag_etl.py:38} INFO - Transforming user...
[2023-08-26T20:09:13.031+0000] {dag_etl.py:42} INFO - Complete transform user: 0:00:00.270436
[2023-08-26T20:09:13.032+0000] {dag_etl.py:44} INFO - transform space_ships...
[2023-08-26T20:09:13.181+0000] {dag_etl.py:47} INFO - Complete transform space_ships: 0:00:00.149983
[2023-08-26T20:09:13.182+0000] {dag_etl.py:49} INFO - transform drones...
[2023-08-26T20:09:13.264+0000] {dag_etl.py:52} INFO - Complete transform drones: 0:00:00.082205
[2023-08-26T20:09:13.264+0000] {dag_etl.py:54} INFO - transform pilots...
[2023-08-26T20:09:13.324+0000] {dag_etl.py:57} INFO - Complete transform pilots: 0:00:00.060870
[2023-08-26T20:09:13.325+0000] {dag_etl.py:59} INFO - transform talents...
[2023-08-26T20:09:13.361+0000] {dag_etl.py:62} INFO - Complete transform talents: 0:00:00.036982
[2023-08-26T20:09:13.362+0000] {dag_etl.py:64} INFO - transform expert_items...
[2023-08-26T20:09:13.393+0000] {dag_etl.py:67} INFO - Complete transform expert_items: 0:00:00.031665
[2023-08-26T20:09:13.394+0000] {dag_etl.py:69} INFO - Loading user...
[2023-08-26T20:09:14.326+0000] {dag_etl.py:72} INFO - Complete load user: 0:00:00.933065
[2023-08-26T20:09:14.327+0000] {dag_etl.py:74} INFO - Loading space_ships...
[2023-08-26T20:09:15.800+0000] {dag_etl.py:77} INFO - Complete load space_ships: 0:00:01.473482
[2023-08-26T20:09:15.800+0000] {dag_etl.py:79} INFO - Loading drones...
[2023-08-26T20:09:17.289+0000] {dag_etl.py:82} INFO - Complete load drones: 0:00:01.489846
[2023-08-26T20:09:17.290+0000] {dag_etl.py:84} INFO - Loading pilots...
[2023-08-26T20:09:19.624+0000] {dag_etl.py:87} INFO - Complete load drones: 0:00:02.334950
[2023-08-26T20:09:19.625+0000] {dag_etl.py:89} INFO - Loading talents...
[2023-08-26T20:09:20.858+0000] {dag_etl.py:92} INFO - Complete load drones: 0:00:01.233965
[2023-08-26T20:09:20.859+0000] {dag_etl.py:94} INFO - Loading expert_items...
[2023-08-26T20:09:21.613+0000] {dag_etl.py:97} INFO - Complete load drones: 0:00:00.755036
[2023-08-26T20:09:21.614+0000] {dag_etl.py:99} INFO - Complete ETL Users in : 0:00:14.970387
[2023-08-26T20:09:21.651+0000] {python.py:194} INFO - Done. Returned value was: None
[2023-08-26T20:09:21.672+0000] {taskinstance.py:1400} INFO - Marking task as SUCCESS. dag_id=gaas_etl_1, task_id=etl_user, execution_date=20230826T200800, start_date=20230826T200905, end_date=20230826T200921
[2023-08-26T20:09:21.730+0000] {local_task_job_runner.py:228} INFO - Task exited with return code 0
[2023-08-26T20:09:21.757+0000] {taskinstance.py:2784} INFO - 0 downstream tasks scheduled from follow-on schedule check
