[2023-08-26T20:41:04.626+0000] {taskinstance.py:1159} INFO - Dependencies all met for dep_context=non-requeueable deps ti=<TaskInstance: gaas_etl_1.etl_user scheduled__2023-08-26T20:40:00+00:00 [queued]>
[2023-08-26T20:41:04.650+0000] {taskinstance.py:1159} INFO - Dependencies all met for dep_context=requeueable deps ti=<TaskInstance: gaas_etl_1.etl_user scheduled__2023-08-26T20:40:00+00:00 [queued]>
[2023-08-26T20:41:04.651+0000] {taskinstance.py:1361} INFO - Starting attempt 1 of 1
[2023-08-26T20:41:04.679+0000] {taskinstance.py:1382} INFO - Executing <Task(PythonOperator): etl_user> on 2023-08-26 20:40:00+00:00
[2023-08-26T20:41:04.687+0000] {standard_task_runner.py:57} INFO - Started process 330867 to run task
[2023-08-26T20:41:04.701+0000] {standard_task_runner.py:84} INFO - Running: ['airflow', 'tasks', 'run', 'gaas_etl_1', 'etl_user', 'scheduled__2023-08-26T20:40:00+00:00', '--job-id', '2992', '--raw', '--subdir', 'DAGS_FOLDER/dag_etl.py', '--cfg-path', '/tmp/tmpkz4zpc3a']
[2023-08-26T20:41:04.707+0000] {standard_task_runner.py:85} INFO - Job 2992: Subtask etl_user
[2023-08-26T20:41:05.566+0000] {task_command.py:415} INFO - Running <TaskInstance: gaas_etl_1.etl_user scheduled__2023-08-26T20:40:00+00:00 [running]> on host data-system.us-central1-a.c.data-system-392010.internal
[2023-08-26T20:41:06.191+0000] {taskinstance.py:1660} INFO - Exporting env vars: AIRFLOW_CTX_DAG_EMAIL='hungnm15012002@gmail.com' AIRFLOW_CTX_DAG_OWNER='hungnm' AIRFLOW_CTX_DAG_ID='gaas_etl_1' AIRFLOW_CTX_TASK_ID='etl_user' AIRFLOW_CTX_EXECUTION_DATE='2023-08-26T20:40:00+00:00' AIRFLOW_CTX_TRY_NUMBER='1' AIRFLOW_CTX_DAG_RUN_ID='scheduled__2023-08-26T20:40:00+00:00'
[2023-08-26T20:41:06.227+0000] {dag_etl.py:28} INFO - Extracting user...
[2023-08-26T20:41:11.750+0000] {extract.py:36} INFO - Request time: 0:00:05.521908
[2023-08-26T20:41:12.621+0000] {extract.py:42} INFO - Create DataFrame time: 0:00:00.869235
[2023-08-26T20:41:12.628+0000] {dag_etl.py:31} INFO - Complete extract user: 0:00:06.400067
[2023-08-26T20:41:12.628+0000] {dag_etl.py:33} INFO - Extracting resource...
[2023-08-26T20:41:14.747+0000] {extract.py:36} INFO - Request time: 0:00:02.118346
[2023-08-26T20:41:14.897+0000] {extract.py:42} INFO - Create DataFrame time: 0:00:00.149239
[2023-08-26T20:41:14.901+0000] {dag_etl.py:36} INFO - Complete extract resource: 0:00:02.273256
[2023-08-26T20:41:14.903+0000] {dag_etl.py:38} INFO - Transforming user...
[2023-08-26T20:41:15.287+0000] {dag_etl.py:42} INFO - Complete transform user: 0:00:00.385810
[2023-08-26T20:41:15.287+0000] {dag_etl.py:44} INFO - transform space_ships...
[2023-08-26T20:41:15.536+0000] {dag_etl.py:47} INFO - Complete transform space_ships: 0:00:00.249607
[2023-08-26T20:41:15.537+0000] {dag_etl.py:49} INFO - transform drones...
[2023-08-26T20:41:15.699+0000] {dag_etl.py:52} INFO - Complete transform drones: 0:00:00.163152
[2023-08-26T20:41:15.700+0000] {dag_etl.py:54} INFO - transform pilots...
[2023-08-26T20:41:15.819+0000] {dag_etl.py:57} INFO - Complete transform pilots: 0:00:00.119657
[2023-08-26T20:41:15.820+0000] {dag_etl.py:59} INFO - transform talents...
[2023-08-26T20:41:15.869+0000] {dag_etl.py:62} INFO - Complete transform talents: 0:00:00.050454
[2023-08-26T20:41:15.870+0000] {dag_etl.py:64} INFO - transform expert_items...
[2023-08-26T20:41:15.931+0000] {dag_etl.py:67} INFO - Complete transform expert_items: 0:00:00.061904
[2023-08-26T20:41:15.932+0000] {dag_etl.py:69} INFO - Loading user...
[2023-08-26T20:41:17.677+0000] {dag_etl.py:72} INFO - Complete load user: 0:00:01.745389
[2023-08-26T20:41:17.677+0000] {dag_etl.py:74} INFO - Loading space_ships...
[2023-08-26T20:41:20.579+0000] {dag_etl.py:77} INFO - Complete load space_ships: 0:00:02.901797
[2023-08-26T20:41:20.579+0000] {dag_etl.py:79} INFO - Loading drones...
[2023-08-26T20:41:23.095+0000] {dag_etl.py:82} INFO - Complete load drones: 0:00:02.516819
[2023-08-26T20:41:23.096+0000] {dag_etl.py:84} INFO - Loading pilots...
[2023-08-26T20:41:26.739+0000] {dag_etl.py:87} INFO - Complete load drones: 0:00:03.643845
[2023-08-26T20:41:26.740+0000] {dag_etl.py:89} INFO - Loading talents...
[2023-08-26T20:41:29.024+0000] {dag_etl.py:92} INFO - Complete load drones: 0:00:02.285105
[2023-08-26T20:41:29.025+0000] {dag_etl.py:94} INFO - Loading expert_items...
[2023-08-26T20:41:30.832+0000] {dag_etl.py:97} INFO - Complete load drones: 0:00:01.807515
[2023-08-26T20:41:30.832+0000] {dag_etl.py:99} INFO - Complete ETL Users in : 0:00:24.604937
[2023-08-26T20:41:30.865+0000] {python.py:194} INFO - Done. Returned value was: None
[2023-08-26T20:41:30.885+0000] {taskinstance.py:1400} INFO - Marking task as SUCCESS. dag_id=gaas_etl_1, task_id=etl_user, execution_date=20230826T204000, start_date=20230826T204104, end_date=20230826T204130
[2023-08-26T20:41:30.951+0000] {local_task_job_runner.py:228} INFO - Task exited with return code 0
[2023-08-26T20:41:30.983+0000] {taskinstance.py:2784} INFO - 0 downstream tasks scheduled from follow-on schedule check
