[2023-08-27T16:43:05.598+0000] {taskinstance.py:1159} INFO - Dependencies all met for dep_context=non-requeueable deps ti=<TaskInstance: gaas_etl_1.etl_user scheduled__2023-08-27T16:42:00+00:00 [queued]>
[2023-08-27T16:43:05.613+0000] {taskinstance.py:1159} INFO - Dependencies all met for dep_context=requeueable deps ti=<TaskInstance: gaas_etl_1.etl_user scheduled__2023-08-27T16:42:00+00:00 [queued]>
[2023-08-27T16:43:05.614+0000] {taskinstance.py:1361} INFO - Starting attempt 1 of 1
[2023-08-27T16:43:05.662+0000] {taskinstance.py:1382} INFO - Executing <Task(PythonOperator): etl_user> on 2023-08-27 16:42:00+00:00
[2023-08-27T16:43:05.681+0000] {standard_task_runner.py:57} INFO - Started process 430996 to run task
[2023-08-27T16:43:05.707+0000] {standard_task_runner.py:84} INFO - Running: ['airflow', 'tasks', 'run', 'gaas_etl_1', 'etl_user', 'scheduled__2023-08-27T16:42:00+00:00', '--job-id', '6599', '--raw', '--subdir', 'DAGS_FOLDER/dag_etl.py', '--cfg-path', '/tmp/tmp7yll7gkm']
[2023-08-27T16:43:05.725+0000] {standard_task_runner.py:85} INFO - Job 6599: Subtask etl_user
[2023-08-27T16:43:06.546+0000] {task_command.py:415} INFO - Running <TaskInstance: gaas_etl_1.etl_user scheduled__2023-08-27T16:42:00+00:00 [running]> on host data-system.us-central1-a.c.data-system-392010.internal
[2023-08-27T16:43:07.070+0000] {taskinstance.py:1660} INFO - Exporting env vars: AIRFLOW_CTX_DAG_EMAIL='hungnm15012002@gmail.com' AIRFLOW_CTX_DAG_OWNER='hungnm' AIRFLOW_CTX_DAG_ID='gaas_etl_1' AIRFLOW_CTX_TASK_ID='etl_user' AIRFLOW_CTX_EXECUTION_DATE='2023-08-27T16:42:00+00:00' AIRFLOW_CTX_TRY_NUMBER='1' AIRFLOW_CTX_DAG_RUN_ID='scheduled__2023-08-27T16:42:00+00:00'
[2023-08-27T16:43:07.092+0000] {dag_etl.py:28} INFO - Extracting user...
[2023-08-27T16:43:13.839+0000] {extract.py:36} INFO - Request time: 0:00:06.746342
[2023-08-27T16:43:14.649+0000] {extract.py:42} INFO - Create DataFrame time: 0:00:00.808643
[2023-08-27T16:43:14.657+0000] {dag_etl.py:31} INFO - Complete extract user: 0:00:07.564812
[2023-08-27T16:43:14.658+0000] {dag_etl.py:33} INFO - Extracting resource...
[2023-08-27T16:43:20.748+0000] {extract.py:36} INFO - Request time: 0:00:06.088865
[2023-08-27T16:43:20.837+0000] {extract.py:42} INFO - Create DataFrame time: 0:00:00.088599
[2023-08-27T16:43:20.840+0000] {dag_etl.py:36} INFO - Complete extract resource: 0:00:06.182843
[2023-08-27T16:43:20.841+0000] {dag_etl.py:38} INFO - Transforming user...
[2023-08-27T16:43:21.362+0000] {dag_etl.py:42} INFO - Complete transform user: 0:00:00.521663
[2023-08-27T16:43:21.362+0000] {dag_etl.py:44} INFO - transform space_ships...
[2023-08-27T16:43:21.592+0000] {dag_etl.py:47} INFO - Complete transform space_ships: 0:00:00.230427
[2023-08-27T16:43:21.593+0000] {dag_etl.py:49} INFO - transform drones...
[2023-08-27T16:43:21.809+0000] {dag_etl.py:52} INFO - Complete transform drones: 0:00:00.217333
[2023-08-27T16:43:21.815+0000] {dag_etl.py:54} INFO - transform pilots...
[2023-08-27T16:43:21.986+0000] {dag_etl.py:57} INFO - Complete transform pilots: 0:00:00.176395
[2023-08-27T16:43:21.987+0000] {dag_etl.py:59} INFO - transform talents...
[2023-08-27T16:43:22.047+0000] {dag_etl.py:62} INFO - Complete transform talents: 0:00:00.061185
[2023-08-27T16:43:22.048+0000] {dag_etl.py:64} INFO - transform expert_items...
[2023-08-27T16:43:22.094+0000] {dag_etl.py:67} INFO - Complete transform expert_items: 0:00:00.047131
[2023-08-27T16:43:22.095+0000] {dag_etl.py:69} INFO - Loading user...
[2023-08-27T16:43:23.781+0000] {dag_etl.py:72} INFO - Complete load user: 0:00:01.686864
[2023-08-27T16:43:23.782+0000] {dag_etl.py:74} INFO - Loading space_ships...
[2023-08-27T16:43:26.859+0000] {dag_etl.py:77} INFO - Complete load space_ships: 0:00:03.077926
[2023-08-27T16:43:26.859+0000] {dag_etl.py:79} INFO - Loading drones...
[2023-08-27T16:43:28.919+0000] {dag_etl.py:82} INFO - Complete load drones: 0:00:02.060064
[2023-08-27T16:43:28.920+0000] {dag_etl.py:84} INFO - Loading pilots...
[2023-08-27T16:43:32.202+0000] {dag_etl.py:87} INFO - Complete load drones: 0:00:03.283136
[2023-08-27T16:43:32.203+0000] {dag_etl.py:89} INFO - Loading talents...
[2023-08-27T16:43:34.222+0000] {dag_etl.py:92} INFO - Complete load drones: 0:00:02.020190
[2023-08-27T16:43:34.223+0000] {dag_etl.py:94} INFO - Loading expert_items...
[2023-08-27T16:43:35.517+0000] {dag_etl.py:97} INFO - Complete load drones: 0:00:01.294455
[2023-08-27T16:43:35.517+0000] {dag_etl.py:99} INFO - Complete ETL Users in : 0:00:28.424943
[2023-08-27T16:43:35.551+0000] {python.py:194} INFO - Done. Returned value was: None
[2023-08-27T16:43:35.576+0000] {taskinstance.py:1400} INFO - Marking task as SUCCESS. dag_id=gaas_etl_1, task_id=etl_user, execution_date=20230827T164200, start_date=20230827T164305, end_date=20230827T164335
[2023-08-27T16:43:35.689+0000] {local_task_job_runner.py:228} INFO - Task exited with return code 0
[2023-08-27T16:43:35.720+0000] {taskinstance.py:2784} INFO - 0 downstream tasks scheduled from follow-on schedule check
