[2023-08-27T03:01:04.958+0000] {taskinstance.py:1159} INFO - Dependencies all met for dep_context=non-requeueable deps ti=<TaskInstance: gaas_etl_1.etl_user scheduled__2023-08-27T03:00:00+00:00 [queued]>
[2023-08-27T03:01:04.980+0000] {taskinstance.py:1159} INFO - Dependencies all met for dep_context=requeueable deps ti=<TaskInstance: gaas_etl_1.etl_user scheduled__2023-08-27T03:00:00+00:00 [queued]>
[2023-08-27T03:01:04.981+0000] {taskinstance.py:1361} INFO - Starting attempt 1 of 1
[2023-08-27T03:01:05.050+0000] {taskinstance.py:1382} INFO - Executing <Task(PythonOperator): etl_user> on 2023-08-27 03:00:00+00:00
[2023-08-27T03:01:05.066+0000] {standard_task_runner.py:57} INFO - Started process 346052 to run task
[2023-08-27T03:01:05.082+0000] {standard_task_runner.py:84} INFO - Running: ['airflow', 'tasks', 'run', 'gaas_etl_1', 'etl_user', 'scheduled__2023-08-27T03:00:00+00:00', '--job-id', '4132', '--raw', '--subdir', 'DAGS_FOLDER/dag_etl.py', '--cfg-path', '/tmp/tmphh5y6581']
[2023-08-27T03:01:05.090+0000] {standard_task_runner.py:85} INFO - Job 4132: Subtask etl_user
[2023-08-27T03:01:05.427+0000] {task_command.py:415} INFO - Running <TaskInstance: gaas_etl_1.etl_user scheduled__2023-08-27T03:00:00+00:00 [running]> on host data-system.us-central1-a.c.data-system-392010.internal
[2023-08-27T03:01:05.863+0000] {taskinstance.py:1660} INFO - Exporting env vars: AIRFLOW_CTX_DAG_EMAIL='hungnm15012002@gmail.com' AIRFLOW_CTX_DAG_OWNER='hungnm' AIRFLOW_CTX_DAG_ID='gaas_etl_1' AIRFLOW_CTX_TASK_ID='etl_user' AIRFLOW_CTX_EXECUTION_DATE='2023-08-27T03:00:00+00:00' AIRFLOW_CTX_TRY_NUMBER='1' AIRFLOW_CTX_DAG_RUN_ID='scheduled__2023-08-27T03:00:00+00:00'
[2023-08-27T03:01:05.902+0000] {dag_etl.py:28} INFO - Extracting user...
[2023-08-27T03:01:10.161+0000] {extract.py:36} INFO - Request time: 0:00:04.258620
[2023-08-27T03:01:10.726+0000] {extract.py:42} INFO - Create DataFrame time: 0:00:00.564376
[2023-08-27T03:01:10.729+0000] {dag_etl.py:31} INFO - Complete extract user: 0:00:04.827787
[2023-08-27T03:01:10.730+0000] {dag_etl.py:33} INFO - Extracting resource...
[2023-08-27T03:01:12.310+0000] {extract.py:36} INFO - Request time: 0:00:01.579155
[2023-08-27T03:01:12.346+0000] {extract.py:42} INFO - Create DataFrame time: 0:00:00.036118
[2023-08-27T03:01:12.349+0000] {dag_etl.py:36} INFO - Complete extract resource: 0:00:01.619847
[2023-08-27T03:01:12.350+0000] {dag_etl.py:38} INFO - Transforming user...
[2023-08-27T03:01:12.521+0000] {dag_etl.py:42} INFO - Complete transform user: 0:00:00.171500
[2023-08-27T03:01:12.521+0000] {dag_etl.py:44} INFO - transform space_ships...
[2023-08-27T03:01:12.637+0000] {dag_etl.py:47} INFO - Complete transform space_ships: 0:00:00.116413
[2023-08-27T03:01:12.638+0000] {dag_etl.py:49} INFO - transform drones...
[2023-08-27T03:01:12.719+0000] {dag_etl.py:52} INFO - Complete transform drones: 0:00:00.082198
[2023-08-27T03:01:12.720+0000] {dag_etl.py:54} INFO - transform pilots...
[2023-08-27T03:01:12.784+0000] {dag_etl.py:57} INFO - Complete transform pilots: 0:00:00.064886
[2023-08-27T03:01:12.785+0000] {dag_etl.py:59} INFO - transform talents...
[2023-08-27T03:01:12.814+0000] {dag_etl.py:62} INFO - Complete transform talents: 0:00:00.029768
[2023-08-27T03:01:12.814+0000] {dag_etl.py:64} INFO - transform expert_items...
[2023-08-27T03:01:12.846+0000] {dag_etl.py:67} INFO - Complete transform expert_items: 0:00:00.032411
[2023-08-27T03:01:12.847+0000] {dag_etl.py:69} INFO - Loading user...
[2023-08-27T03:01:13.752+0000] {dag_etl.py:72} INFO - Complete load user: 0:00:00.906011
[2023-08-27T03:01:13.753+0000] {dag_etl.py:74} INFO - Loading space_ships...
[2023-08-27T03:01:14.957+0000] {dag_etl.py:77} INFO - Complete load space_ships: 0:00:01.204647
[2023-08-27T03:01:14.957+0000] {dag_etl.py:79} INFO - Loading drones...
[2023-08-27T03:01:16.205+0000] {dag_etl.py:82} INFO - Complete load drones: 0:00:01.248044
[2023-08-27T03:01:16.205+0000] {dag_etl.py:84} INFO - Loading pilots...
[2023-08-27T03:01:18.066+0000] {dag_etl.py:87} INFO - Complete load drones: 0:00:01.860938
[2023-08-27T03:01:18.067+0000] {dag_etl.py:89} INFO - Loading talents...
[2023-08-27T03:01:19.135+0000] {dag_etl.py:92} INFO - Complete load drones: 0:00:01.069444
[2023-08-27T03:01:19.136+0000] {dag_etl.py:94} INFO - Loading expert_items...
[2023-08-27T03:01:19.782+0000] {dag_etl.py:97} INFO - Complete load drones: 0:00:00.646969
[2023-08-27T03:01:19.783+0000] {dag_etl.py:99} INFO - Complete ETL Users in : 0:00:13.881394
[2023-08-27T03:01:19.802+0000] {python.py:194} INFO - Done. Returned value was: None
[2023-08-27T03:01:19.823+0000] {taskinstance.py:1400} INFO - Marking task as SUCCESS. dag_id=gaas_etl_1, task_id=etl_user, execution_date=20230827T030000, start_date=20230827T030104, end_date=20230827T030119
[2023-08-27T03:01:19.909+0000] {local_task_job_runner.py:228} INFO - Task exited with return code 0
[2023-08-27T03:01:19.952+0000] {taskinstance.py:2784} INFO - 0 downstream tasks scheduled from follow-on schedule check
