[2023-08-26T18:37:04.911+0000] {taskinstance.py:1159} INFO - Dependencies all met for dep_context=non-requeueable deps ti=<TaskInstance: gaas_etl_1.etl_user scheduled__2023-08-26T18:36:00+00:00 [queued]>
[2023-08-26T18:37:04.926+0000] {taskinstance.py:1159} INFO - Dependencies all met for dep_context=requeueable deps ti=<TaskInstance: gaas_etl_1.etl_user scheduled__2023-08-26T18:36:00+00:00 [queued]>
[2023-08-26T18:37:04.927+0000] {taskinstance.py:1361} INFO - Starting attempt 1 of 1
[2023-08-26T18:37:04.953+0000] {taskinstance.py:1382} INFO - Executing <Task(PythonOperator): etl_user> on 2023-08-26 18:36:00+00:00
[2023-08-26T18:37:04.970+0000] {standard_task_runner.py:57} INFO - Started process 325991 to run task
[2023-08-26T18:37:04.986+0000] {standard_task_runner.py:84} INFO - Running: ['airflow', 'tasks', 'run', 'gaas_etl_1', 'etl_user', 'scheduled__2023-08-26T18:36:00+00:00', '--job-id', '2620', '--raw', '--subdir', 'DAGS_FOLDER/dag_etl.py', '--cfg-path', '/tmp/tmpdal90_op']
[2023-08-26T18:37:04.993+0000] {standard_task_runner.py:85} INFO - Job 2620: Subtask etl_user
[2023-08-26T18:37:05.366+0000] {task_command.py:415} INFO - Running <TaskInstance: gaas_etl_1.etl_user scheduled__2023-08-26T18:36:00+00:00 [running]> on host data-system.us-central1-a.c.data-system-392010.internal
[2023-08-26T18:37:06.662+0000] {taskinstance.py:1660} INFO - Exporting env vars: AIRFLOW_CTX_DAG_EMAIL='hungnm15012002@gmail.com' AIRFLOW_CTX_DAG_OWNER='hungnm' AIRFLOW_CTX_DAG_ID='gaas_etl_1' AIRFLOW_CTX_TASK_ID='etl_user' AIRFLOW_CTX_EXECUTION_DATE='2023-08-26T18:36:00+00:00' AIRFLOW_CTX_TRY_NUMBER='1' AIRFLOW_CTX_DAG_RUN_ID='scheduled__2023-08-26T18:36:00+00:00'
[2023-08-26T18:37:06.705+0000] {dag_etl.py:28} INFO - Extracting user...
[2023-08-26T18:37:14.977+0000] {extract.py:36} INFO - Request time: 0:00:08.270742
[2023-08-26T18:37:15.244+0000] {extract.py:42} INFO - Create DataFrame time: 0:00:00.266864
[2023-08-26T18:37:15.249+0000] {dag_etl.py:31} INFO - Complete extract user: 0:00:08.543426
[2023-08-26T18:37:15.250+0000] {dag_etl.py:33} INFO - Extracting resource...
[2023-08-26T18:37:23.247+0000] {extract.py:36} INFO - Request time: 0:00:07.997517
[2023-08-26T18:37:23.292+0000] {extract.py:42} INFO - Create DataFrame time: 0:00:00.043962
[2023-08-26T18:37:23.295+0000] {dag_etl.py:36} INFO - Complete extract resource: 0:00:08.045689
[2023-08-26T18:37:23.296+0000] {dag_etl.py:38} INFO - Transforming user...
[2023-08-26T18:37:23.499+0000] {dag_etl.py:42} INFO - Complete transform user: 0:00:00.204229
[2023-08-26T18:37:23.499+0000] {dag_etl.py:44} INFO - transform space_ships...
[2023-08-26T18:37:23.618+0000] {dag_etl.py:47} INFO - Complete transform space_ships: 0:00:00.118712
[2023-08-26T18:37:23.618+0000] {dag_etl.py:49} INFO - transform drones...
[2023-08-26T18:37:23.705+0000] {dag_etl.py:52} INFO - Complete transform drones: 0:00:00.087350
[2023-08-26T18:37:23.705+0000] {dag_etl.py:54} INFO - transform pilots...
[2023-08-26T18:37:23.762+0000] {dag_etl.py:57} INFO - Complete transform pilots: 0:00:00.056931
[2023-08-26T18:37:23.762+0000] {dag_etl.py:59} INFO - transform talents...
[2023-08-26T18:37:23.791+0000] {dag_etl.py:62} INFO - Complete transform talents: 0:00:00.029420
[2023-08-26T18:37:23.792+0000] {dag_etl.py:64} INFO - transform expert_items...
[2023-08-26T18:37:23.819+0000] {dag_etl.py:67} INFO - Complete transform expert_items: 0:00:00.027303
[2023-08-26T18:37:23.819+0000] {dag_etl.py:69} INFO - Loading user...
[2023-08-26T18:37:24.691+0000] {dag_etl.py:72} INFO - Complete load user: 0:00:00.872730
[2023-08-26T18:37:24.692+0000] {dag_etl.py:74} INFO - Loading space_ships...
[2023-08-26T18:37:25.923+0000] {dag_etl.py:77} INFO - Complete load space_ships: 0:00:01.232248
[2023-08-26T18:37:25.924+0000] {dag_etl.py:79} INFO - Loading drones...
[2023-08-26T18:37:27.019+0000] {dag_etl.py:82} INFO - Complete load drones: 0:00:01.095905
[2023-08-26T18:37:27.020+0000] {dag_etl.py:84} INFO - Loading pilots...
[2023-08-26T18:37:28.897+0000] {dag_etl.py:87} INFO - Complete load drones: 0:00:01.877460
[2023-08-26T18:37:28.897+0000] {dag_etl.py:89} INFO - Loading talents...
[2023-08-26T18:37:30.130+0000] {dag_etl.py:92} INFO - Complete load drones: 0:00:01.232778
[2023-08-26T18:37:30.130+0000] {dag_etl.py:94} INFO - Loading expert_items...
[2023-08-26T18:37:30.876+0000] {dag_etl.py:97} INFO - Complete load drones: 0:00:00.746078
[2023-08-26T18:37:30.876+0000] {dag_etl.py:99} INFO - Complete ETL Users in : 0:00:24.170720
[2023-08-26T18:37:30.892+0000] {python.py:194} INFO - Done. Returned value was: None
[2023-08-26T18:37:30.911+0000] {taskinstance.py:1400} INFO - Marking task as SUCCESS. dag_id=gaas_etl_1, task_id=etl_user, execution_date=20230826T183600, start_date=20230826T183704, end_date=20230826T183730
[2023-08-26T18:37:30.979+0000] {local_task_job_runner.py:228} INFO - Task exited with return code 0
[2023-08-26T18:37:31.004+0000] {taskinstance.py:2784} INFO - 0 downstream tasks scheduled from follow-on schedule check
