[2023-08-26T14:44:04.169+0000] {taskinstance.py:1159} INFO - Dependencies all met for dep_context=non-requeueable deps ti=<TaskInstance: gaas_etl_1.etl_user scheduled__2023-08-26T14:43:00+00:00 [queued]>
[2023-08-26T14:44:04.187+0000] {taskinstance.py:1159} INFO - Dependencies all met for dep_context=requeueable deps ti=<TaskInstance: gaas_etl_1.etl_user scheduled__2023-08-26T14:43:00+00:00 [queued]>
[2023-08-26T14:44:04.187+0000] {taskinstance.py:1361} INFO - Starting attempt 1 of 1
[2023-08-26T14:44:04.214+0000] {taskinstance.py:1382} INFO - Executing <Task(PythonOperator): etl_user> on 2023-08-26 14:43:00+00:00
[2023-08-26T14:44:04.235+0000] {standard_task_runner.py:57} INFO - Started process 316824 to run task
[2023-08-26T14:44:04.255+0000] {standard_task_runner.py:84} INFO - Running: ['airflow', 'tasks', 'run', 'gaas_etl_1', 'etl_user', 'scheduled__2023-08-26T14:43:00+00:00', '--job-id', '1921', '--raw', '--subdir', 'DAGS_FOLDER/dag_etl.py', '--cfg-path', '/tmp/tmpnbg4ynhw']
[2023-08-26T14:44:04.267+0000] {standard_task_runner.py:85} INFO - Job 1921: Subtask etl_user
[2023-08-26T14:44:04.611+0000] {task_command.py:415} INFO - Running <TaskInstance: gaas_etl_1.etl_user scheduled__2023-08-26T14:43:00+00:00 [running]> on host data-system.us-central1-a.c.data-system-392010.internal
[2023-08-26T14:44:05.046+0000] {taskinstance.py:1660} INFO - Exporting env vars: AIRFLOW_CTX_DAG_EMAIL='hungnm15012002@gmail.com' AIRFLOW_CTX_DAG_OWNER='hungnm' AIRFLOW_CTX_DAG_ID='gaas_etl_1' AIRFLOW_CTX_TASK_ID='etl_user' AIRFLOW_CTX_EXECUTION_DATE='2023-08-26T14:43:00+00:00' AIRFLOW_CTX_TRY_NUMBER='1' AIRFLOW_CTX_DAG_RUN_ID='scheduled__2023-08-26T14:43:00+00:00'
[2023-08-26T14:44:05.084+0000] {dag_etl.py:28} INFO - Extracting user...
[2023-08-26T14:44:13.082+0000] {extract.py:36} INFO - Request time: 0:00:07.992340
[2023-08-26T14:44:15.007+0000] {extract.py:42} INFO - Create DataFrame time: 0:00:01.925136
[2023-08-26T14:44:15.018+0000] {dag_etl.py:31} INFO - Complete extract user: 0:00:09.934361
[2023-08-26T14:44:15.020+0000] {dag_etl.py:33} INFO - Extracting resource...
[2023-08-26T14:44:17.782+0000] {extract.py:36} INFO - Request time: 0:00:02.761351
[2023-08-26T14:44:17.966+0000] {extract.py:42} INFO - Create DataFrame time: 0:00:00.183790
[2023-08-26T14:44:17.972+0000] {dag_etl.py:36} INFO - Complete extract resource: 0:00:02.954398
[2023-08-26T14:44:17.975+0000] {dag_etl.py:38} INFO - Transforming user...
[2023-08-26T14:44:18.454+0000] {dag_etl.py:42} INFO - Complete transform user: 0:00:00.482139
[2023-08-26T14:44:18.455+0000] {dag_etl.py:44} INFO - transform space_ships...
[2023-08-26T14:44:18.689+0000] {dag_etl.py:47} INFO - Complete transform space_ships: 0:00:00.234072
[2023-08-26T14:44:18.689+0000] {dag_etl.py:49} INFO - transform drones...
[2023-08-26T14:44:18.886+0000] {dag_etl.py:52} INFO - Complete transform drones: 0:00:00.197888
[2023-08-26T14:44:18.887+0000] {dag_etl.py:54} INFO - transform pilots...
[2023-08-26T14:44:19.004+0000] {dag_etl.py:57} INFO - Complete transform pilots: 0:00:00.117135
[2023-08-26T14:44:19.004+0000] {dag_etl.py:59} INFO - transform talents...
[2023-08-26T14:44:19.059+0000] {dag_etl.py:62} INFO - Complete transform talents: 0:00:00.055780
[2023-08-26T14:44:19.060+0000] {dag_etl.py:64} INFO - transform expert_items...
[2023-08-26T14:44:19.113+0000] {dag_etl.py:67} INFO - Complete transform expert_items: 0:00:00.053167
[2023-08-26T14:44:19.113+0000] {dag_etl.py:69} INFO - Loading user...
[2023-08-26T14:44:22.141+0000] {dag_etl.py:72} INFO - Complete load user: 0:00:03.028110
[2023-08-26T14:44:22.141+0000] {dag_etl.py:74} INFO - Loading space_ships...
[2023-08-26T14:44:26.615+0000] {dag_etl.py:77} INFO - Complete load space_ships: 0:00:04.474616
[2023-08-26T14:44:26.616+0000] {dag_etl.py:79} INFO - Loading drones...
[2023-08-26T14:44:30.212+0000] {dag_etl.py:82} INFO - Complete load drones: 0:00:03.597038
[2023-08-26T14:44:30.213+0000] {dag_etl.py:84} INFO - Loading pilots...
[2023-08-26T14:44:35.593+0000] {dag_etl.py:87} INFO - Complete load drones: 0:00:05.380205
[2023-08-26T14:44:35.593+0000] {dag_etl.py:89} INFO - Loading talents...
[2023-08-26T14:44:38.948+0000] {dag_etl.py:92} INFO - Complete load drones: 0:00:03.355153
[2023-08-26T14:44:38.948+0000] {dag_etl.py:94} INFO - Loading expert_items...
[2023-08-26T14:44:41.095+0000] {dag_etl.py:97} INFO - Complete load drones: 0:00:02.147817
[2023-08-26T14:44:41.096+0000] {dag_etl.py:99} INFO - Complete ETL Users in : 0:00:36.012390
[2023-08-26T14:44:41.145+0000] {python.py:194} INFO - Done. Returned value was: None
[2023-08-26T14:44:41.161+0000] {taskinstance.py:1400} INFO - Marking task as SUCCESS. dag_id=gaas_etl_1, task_id=etl_user, execution_date=20230826T144300, start_date=20230826T144404, end_date=20230826T144441
[2023-08-26T14:44:41.253+0000] {local_task_job_runner.py:228} INFO - Task exited with return code 0
[2023-08-26T14:44:41.274+0000] {taskinstance.py:2784} INFO - 0 downstream tasks scheduled from follow-on schedule check
