[2023-08-27T13:45:06.936+0000] {taskinstance.py:1159} INFO - Dependencies all met for dep_context=non-requeueable deps ti=<TaskInstance: gaas_etl_1.etl_user scheduled__2023-08-27T13:44:00+00:00 [queued]>
[2023-08-27T13:45:06.952+0000] {taskinstance.py:1159} INFO - Dependencies all met for dep_context=requeueable deps ti=<TaskInstance: gaas_etl_1.etl_user scheduled__2023-08-27T13:44:00+00:00 [queued]>
[2023-08-27T13:45:06.953+0000] {taskinstance.py:1361} INFO - Starting attempt 1 of 1
[2023-08-27T13:45:06.982+0000] {taskinstance.py:1382} INFO - Executing <Task(PythonOperator): etl_user> on 2023-08-27 13:44:00+00:00
[2023-08-27T13:45:06.991+0000] {standard_task_runner.py:57} INFO - Started process 412235 to run task
[2023-08-27T13:45:07.005+0000] {standard_task_runner.py:84} INFO - Running: ['airflow', 'tasks', 'run', 'gaas_etl_1', 'etl_user', 'scheduled__2023-08-27T13:44:00+00:00', '--job-id', '6066', '--raw', '--subdir', 'DAGS_FOLDER/dag_etl.py', '--cfg-path', '/tmp/tmp2ju7vp8y']
[2023-08-27T13:45:07.010+0000] {standard_task_runner.py:85} INFO - Job 6066: Subtask etl_user
[2023-08-27T13:45:07.839+0000] {task_command.py:415} INFO - Running <TaskInstance: gaas_etl_1.etl_user scheduled__2023-08-27T13:44:00+00:00 [running]> on host data-system.us-central1-a.c.data-system-392010.internal
[2023-08-27T13:45:08.279+0000] {taskinstance.py:1660} INFO - Exporting env vars: AIRFLOW_CTX_DAG_EMAIL='hungnm15012002@gmail.com' AIRFLOW_CTX_DAG_OWNER='hungnm' AIRFLOW_CTX_DAG_ID='gaas_etl_1' AIRFLOW_CTX_TASK_ID='etl_user' AIRFLOW_CTX_EXECUTION_DATE='2023-08-27T13:44:00+00:00' AIRFLOW_CTX_TRY_NUMBER='1' AIRFLOW_CTX_DAG_RUN_ID='scheduled__2023-08-27T13:44:00+00:00'
[2023-08-27T13:45:08.299+0000] {dag_etl.py:28} INFO - Extracting user...
[2023-08-27T13:45:16.150+0000] {extract.py:36} INFO - Request time: 0:00:07.850700
[2023-08-27T13:45:18.210+0000] {extract.py:42} INFO - Create DataFrame time: 0:00:02.055938
[2023-08-27T13:45:18.226+0000] {dag_etl.py:31} INFO - Complete extract user: 0:00:09.927008
[2023-08-27T13:45:18.231+0000] {dag_etl.py:33} INFO - Extracting resource...
[2023-08-27T13:45:28.574+0000] {extract.py:36} INFO - Request time: 0:00:10.342192
[2023-08-27T13:45:28.814+0000] {extract.py:42} INFO - Create DataFrame time: 0:00:00.239048
[2023-08-27T13:45:28.819+0000] {dag_etl.py:36} INFO - Complete extract resource: 0:00:10.593419
[2023-08-27T13:45:28.822+0000] {dag_etl.py:38} INFO - Transforming user...
[2023-08-27T13:45:29.339+0000] {dag_etl.py:42} INFO - Complete transform user: 0:00:00.519581
[2023-08-27T13:45:29.339+0000] {dag_etl.py:44} INFO - transform space_ships...
[2023-08-27T13:45:29.640+0000] {dag_etl.py:47} INFO - Complete transform space_ships: 0:00:00.301461
[2023-08-27T13:45:29.641+0000] {dag_etl.py:49} INFO - transform drones...
[2023-08-27T13:45:29.888+0000] {dag_etl.py:52} INFO - Complete transform drones: 0:00:00.248285
[2023-08-27T13:45:29.889+0000] {dag_etl.py:54} INFO - transform pilots...
[2023-08-27T13:45:30.053+0000] {dag_etl.py:57} INFO - Complete transform pilots: 0:00:00.164670
[2023-08-27T13:45:30.054+0000] {dag_etl.py:59} INFO - transform talents...
[2023-08-27T13:45:30.147+0000] {dag_etl.py:62} INFO - Complete transform talents: 0:00:00.093730
[2023-08-27T13:45:30.147+0000] {dag_etl.py:64} INFO - transform expert_items...
[2023-08-27T13:45:30.220+0000] {dag_etl.py:67} INFO - Complete transform expert_items: 0:00:00.073013
[2023-08-27T13:45:30.221+0000] {dag_etl.py:69} INFO - Loading user...
[2023-08-27T13:45:32.891+0000] {dag_etl.py:72} INFO - Complete load user: 0:00:02.671224
[2023-08-27T13:45:32.892+0000] {dag_etl.py:74} INFO - Loading space_ships...
[2023-08-27T13:45:36.612+0000] {dag_etl.py:77} INFO - Complete load space_ships: 0:00:03.721231
[2023-08-27T13:45:36.613+0000] {dag_etl.py:79} INFO - Loading drones...
[2023-08-27T13:45:39.789+0000] {dag_etl.py:82} INFO - Complete load drones: 0:00:03.176429
[2023-08-27T13:45:39.789+0000] {dag_etl.py:84} INFO - Loading pilots...
[2023-08-27T13:45:44.768+0000] {dag_etl.py:87} INFO - Complete load drones: 0:00:04.979365
[2023-08-27T13:45:44.769+0000] {dag_etl.py:89} INFO - Loading talents...
[2023-08-27T13:45:47.159+0000] {dag_etl.py:92} INFO - Complete load drones: 0:00:02.391157
[2023-08-27T13:45:47.160+0000] {dag_etl.py:94} INFO - Loading expert_items...
[2023-08-27T13:45:49.016+0000] {dag_etl.py:97} INFO - Complete load drones: 0:00:01.856729
[2023-08-27T13:45:49.016+0000] {dag_etl.py:99} INFO - Complete ETL Users in : 0:00:40.717789
[2023-08-27T13:45:49.048+0000] {python.py:194} INFO - Done. Returned value was: None
[2023-08-27T13:45:49.062+0000] {taskinstance.py:1400} INFO - Marking task as SUCCESS. dag_id=gaas_etl_1, task_id=etl_user, execution_date=20230827T134400, start_date=20230827T134506, end_date=20230827T134549
[2023-08-27T13:45:49.131+0000] {local_task_job_runner.py:228} INFO - Task exited with return code 0
[2023-08-27T13:45:49.153+0000] {taskinstance.py:2784} INFO - 0 downstream tasks scheduled from follow-on schedule check
