[2023-08-27T00:11:05.590+0000] {taskinstance.py:1159} INFO - Dependencies all met for dep_context=non-requeueable deps ti=<TaskInstance: gaas_etl_1.etl_user scheduled__2023-08-27T00:10:00+00:00 [queued]>
[2023-08-27T00:11:05.609+0000] {taskinstance.py:1159} INFO - Dependencies all met for dep_context=requeueable deps ti=<TaskInstance: gaas_etl_1.etl_user scheduled__2023-08-27T00:10:00+00:00 [queued]>
[2023-08-27T00:11:05.609+0000] {taskinstance.py:1361} INFO - Starting attempt 1 of 1
[2023-08-27T00:11:05.639+0000] {taskinstance.py:1382} INFO - Executing <Task(PythonOperator): etl_user> on 2023-08-27 00:10:00+00:00
[2023-08-27T00:11:05.648+0000] {standard_task_runner.py:57} INFO - Started process 339246 to run task
[2023-08-27T00:11:05.664+0000] {standard_task_runner.py:84} INFO - Running: ['airflow', 'tasks', 'run', 'gaas_etl_1', 'etl_user', 'scheduled__2023-08-27T00:10:00+00:00', '--job-id', '3622', '--raw', '--subdir', 'DAGS_FOLDER/dag_etl.py', '--cfg-path', '/tmp/tmpg9wjdm6_']
[2023-08-27T00:11:05.670+0000] {standard_task_runner.py:85} INFO - Job 3622: Subtask etl_user
[2023-08-27T00:11:05.997+0000] {task_command.py:415} INFO - Running <TaskInstance: gaas_etl_1.etl_user scheduled__2023-08-27T00:10:00+00:00 [running]> on host data-system.us-central1-a.c.data-system-392010.internal
[2023-08-27T00:11:06.386+0000] {taskinstance.py:1660} INFO - Exporting env vars: AIRFLOW_CTX_DAG_EMAIL='hungnm15012002@gmail.com' AIRFLOW_CTX_DAG_OWNER='hungnm' AIRFLOW_CTX_DAG_ID='gaas_etl_1' AIRFLOW_CTX_TASK_ID='etl_user' AIRFLOW_CTX_EXECUTION_DATE='2023-08-27T00:10:00+00:00' AIRFLOW_CTX_TRY_NUMBER='1' AIRFLOW_CTX_DAG_RUN_ID='scheduled__2023-08-27T00:10:00+00:00'
[2023-08-27T00:11:06.415+0000] {dag_etl.py:28} INFO - Extracting user...
[2023-08-27T00:11:10.076+0000] {extract.py:36} INFO - Request time: 0:00:03.660246
[2023-08-27T00:11:10.460+0000] {extract.py:42} INFO - Create DataFrame time: 0:00:00.383396
[2023-08-27T00:11:10.463+0000] {dag_etl.py:31} INFO - Complete extract user: 0:00:04.047720
[2023-08-27T00:11:10.464+0000] {dag_etl.py:33} INFO - Extracting resource...
[2023-08-27T00:11:11.964+0000] {extract.py:36} INFO - Request time: 0:00:01.499721
[2023-08-27T00:11:12.009+0000] {extract.py:42} INFO - Create DataFrame time: 0:00:00.044094
[2023-08-27T00:11:12.019+0000] {dag_etl.py:36} INFO - Complete extract resource: 0:00:01.555866
[2023-08-27T00:11:12.020+0000] {dag_etl.py:38} INFO - Transforming user...
[2023-08-27T00:11:12.195+0000] {dag_etl.py:42} INFO - Complete transform user: 0:00:00.176033
[2023-08-27T00:11:12.195+0000] {dag_etl.py:44} INFO - transform space_ships...
[2023-08-27T00:11:12.307+0000] {dag_etl.py:47} INFO - Complete transform space_ships: 0:00:00.112460
[2023-08-27T00:11:12.308+0000] {dag_etl.py:49} INFO - transform drones...
[2023-08-27T00:11:12.385+0000] {dag_etl.py:52} INFO - Complete transform drones: 0:00:00.077840
[2023-08-27T00:11:12.386+0000] {dag_etl.py:54} INFO - transform pilots...
[2023-08-27T00:11:12.448+0000] {dag_etl.py:57} INFO - Complete transform pilots: 0:00:00.062626
[2023-08-27T00:11:12.448+0000] {dag_etl.py:59} INFO - transform talents...
[2023-08-27T00:11:12.475+0000] {dag_etl.py:62} INFO - Complete transform talents: 0:00:00.027754
[2023-08-27T00:11:12.476+0000] {dag_etl.py:64} INFO - transform expert_items...
[2023-08-27T00:11:12.501+0000] {dag_etl.py:67} INFO - Complete transform expert_items: 0:00:00.025755
[2023-08-27T00:11:12.502+0000] {dag_etl.py:69} INFO - Loading user...
[2023-08-27T00:11:13.552+0000] {dag_etl.py:72} INFO - Complete load user: 0:00:01.050892
[2023-08-27T00:11:13.553+0000] {dag_etl.py:74} INFO - Loading space_ships...
[2023-08-27T00:11:14.646+0000] {dag_etl.py:77} INFO - Complete load space_ships: 0:00:01.093518
[2023-08-27T00:11:14.646+0000] {dag_etl.py:79} INFO - Loading drones...
[2023-08-27T00:11:15.715+0000] {dag_etl.py:82} INFO - Complete load drones: 0:00:01.069718
[2023-08-27T00:11:15.716+0000] {dag_etl.py:84} INFO - Loading pilots...
[2023-08-27T00:11:17.589+0000] {dag_etl.py:87} INFO - Complete load drones: 0:00:01.874106
[2023-08-27T00:11:17.590+0000] {dag_etl.py:89} INFO - Loading talents...
[2023-08-27T00:11:18.588+0000] {dag_etl.py:92} INFO - Complete load drones: 0:00:00.998109
[2023-08-27T00:11:18.588+0000] {dag_etl.py:94} INFO - Loading expert_items...
[2023-08-27T00:11:19.147+0000] {dag_etl.py:97} INFO - Complete load drones: 0:00:00.559055
[2023-08-27T00:11:19.147+0000] {dag_etl.py:99} INFO - Complete ETL Users in : 0:00:12.732056
[2023-08-27T00:11:19.167+0000] {python.py:194} INFO - Done. Returned value was: None
[2023-08-27T00:11:19.191+0000] {taskinstance.py:1400} INFO - Marking task as SUCCESS. dag_id=gaas_etl_1, task_id=etl_user, execution_date=20230827T001000, start_date=20230827T001105, end_date=20230827T001119
[2023-08-27T00:11:19.257+0000] {local_task_job_runner.py:228} INFO - Task exited with return code 0
[2023-08-27T00:11:19.293+0000] {taskinstance.py:2784} INFO - 0 downstream tasks scheduled from follow-on schedule check
