[2023-08-28T01:30:07.027+0000] {taskinstance.py:1159} INFO - Dependencies all met for dep_context=non-requeueable deps ti=<TaskInstance: gaas_etl_1.etl_user scheduled__2023-08-28T01:29:00+00:00 [queued]>
[2023-08-28T01:30:07.043+0000] {taskinstance.py:1159} INFO - Dependencies all met for dep_context=requeueable deps ti=<TaskInstance: gaas_etl_1.etl_user scheduled__2023-08-28T01:29:00+00:00 [queued]>
[2023-08-28T01:30:07.044+0000] {taskinstance.py:1361} INFO - Starting attempt 1 of 1
[2023-08-28T01:30:07.068+0000] {taskinstance.py:1382} INFO - Executing <Task(PythonOperator): etl_user> on 2023-08-28 01:29:00+00:00
[2023-08-28T01:30:07.078+0000] {standard_task_runner.py:57} INFO - Started process 486413 to run task
[2023-08-28T01:30:07.083+0000] {standard_task_runner.py:84} INFO - Running: ['airflow', 'tasks', 'run', 'gaas_etl_1', 'etl_user', 'scheduled__2023-08-28T01:29:00+00:00', '--job-id', '8181', '--raw', '--subdir', 'DAGS_FOLDER/dag_etl.py', '--cfg-path', '/tmp/tmpu0xao_jk']
[2023-08-28T01:30:07.089+0000] {standard_task_runner.py:85} INFO - Job 8181: Subtask etl_user
[2023-08-28T01:30:08.012+0000] {task_command.py:415} INFO - Running <TaskInstance: gaas_etl_1.etl_user scheduled__2023-08-28T01:29:00+00:00 [running]> on host data-system.us-central1-a.c.data-system-392010.internal
[2023-08-28T01:30:08.571+0000] {taskinstance.py:1660} INFO - Exporting env vars: AIRFLOW_CTX_DAG_EMAIL='hungnm15012002@gmail.com' AIRFLOW_CTX_DAG_OWNER='hungnm' AIRFLOW_CTX_DAG_ID='gaas_etl_1' AIRFLOW_CTX_TASK_ID='etl_user' AIRFLOW_CTX_EXECUTION_DATE='2023-08-28T01:29:00+00:00' AIRFLOW_CTX_TRY_NUMBER='1' AIRFLOW_CTX_DAG_RUN_ID='scheduled__2023-08-28T01:29:00+00:00'
[2023-08-28T01:30:08.587+0000] {dag_etl.py:28} INFO - Extracting user...
[2023-08-28T01:30:12.194+0000] {extract.py:36} INFO - Request time: 0:00:03.606486
[2023-08-28T01:30:12.525+0000] {extract.py:42} INFO - Create DataFrame time: 0:00:00.331054
[2023-08-28T01:30:12.529+0000] {dag_etl.py:31} INFO - Complete extract user: 0:00:03.942049
[2023-08-28T01:30:12.529+0000] {dag_etl.py:33} INFO - Extracting resource...
[2023-08-28T01:30:14.300+0000] {extract.py:36} INFO - Request time: 0:00:01.770235
[2023-08-28T01:30:14.346+0000] {extract.py:42} INFO - Create DataFrame time: 0:00:00.045730
[2023-08-28T01:30:14.348+0000] {dag_etl.py:36} INFO - Complete extract resource: 0:00:01.819348
[2023-08-28T01:30:14.349+0000] {dag_etl.py:38} INFO - Transforming user...
[2023-08-28T01:30:14.486+0000] {dag_etl.py:42} INFO - Complete transform user: 0:00:00.138254
[2023-08-28T01:30:14.487+0000] {dag_etl.py:44} INFO - transform space_ships...
[2023-08-28T01:30:14.577+0000] {dag_etl.py:47} INFO - Complete transform space_ships: 0:00:00.090471
[2023-08-28T01:30:14.577+0000] {dag_etl.py:49} INFO - transform drones...
[2023-08-28T01:30:14.643+0000] {dag_etl.py:52} INFO - Complete transform drones: 0:00:00.065744
[2023-08-28T01:30:14.643+0000] {dag_etl.py:54} INFO - transform pilots...
[2023-08-28T01:30:14.694+0000] {dag_etl.py:57} INFO - Complete transform pilots: 0:00:00.051411
[2023-08-28T01:30:14.695+0000] {dag_etl.py:59} INFO - transform talents...
[2023-08-28T01:30:14.723+0000] {dag_etl.py:62} INFO - Complete transform talents: 0:00:00.028489
[2023-08-28T01:30:14.723+0000] {dag_etl.py:64} INFO - transform expert_items...
[2023-08-28T01:30:14.757+0000] {dag_etl.py:67} INFO - Complete transform expert_items: 0:00:00.034819
[2023-08-28T01:30:14.758+0000] {dag_etl.py:69} INFO - Loading user...
[2023-08-28T01:30:16.059+0000] {dag_etl.py:72} INFO - Complete load user: 0:00:01.301602
[2023-08-28T01:30:16.059+0000] {dag_etl.py:74} INFO - Loading space_ships...
[2023-08-28T01:30:17.498+0000] {dag_etl.py:77} INFO - Complete load space_ships: 0:00:01.439473
[2023-08-28T01:30:17.499+0000] {dag_etl.py:79} INFO - Loading drones...
[2023-08-28T01:30:18.619+0000] {dag_etl.py:82} INFO - Complete load drones: 0:00:01.120938
[2023-08-28T01:30:18.620+0000] {dag_etl.py:84} INFO - Loading pilots...
[2023-08-28T01:30:20.851+0000] {dag_etl.py:87} INFO - Complete load drones: 0:00:02.231902
[2023-08-28T01:30:20.852+0000] {dag_etl.py:89} INFO - Loading talents...
[2023-08-28T01:30:22.131+0000] {dag_etl.py:92} INFO - Complete load drones: 0:00:01.279366
[2023-08-28T01:30:22.131+0000] {dag_etl.py:94} INFO - Loading expert_items...
[2023-08-28T01:30:23.003+0000] {dag_etl.py:97} INFO - Complete load drones: 0:00:00.872100
[2023-08-28T01:30:23.003+0000] {dag_etl.py:99} INFO - Complete ETL Users in : 0:00:14.416587
[2023-08-28T01:30:23.072+0000] {python.py:194} INFO - Done. Returned value was: None
[2023-08-28T01:30:23.115+0000] {taskinstance.py:1400} INFO - Marking task as SUCCESS. dag_id=gaas_etl_1, task_id=etl_user, execution_date=20230828T012900, start_date=20230828T013007, end_date=20230828T013023
[2023-08-28T01:30:23.212+0000] {local_task_job_runner.py:228} INFO - Task exited with return code 0
[2023-08-28T01:30:23.283+0000] {taskinstance.py:2784} INFO - 0 downstream tasks scheduled from follow-on schedule check
