[2023-08-27T02:49:05.005+0000] {taskinstance.py:1159} INFO - Dependencies all met for dep_context=non-requeueable deps ti=<TaskInstance: gaas_etl_1.etl_user scheduled__2023-08-27T02:48:00+00:00 [queued]>
[2023-08-27T02:49:05.021+0000] {taskinstance.py:1159} INFO - Dependencies all met for dep_context=requeueable deps ti=<TaskInstance: gaas_etl_1.etl_user scheduled__2023-08-27T02:48:00+00:00 [queued]>
[2023-08-27T02:49:05.022+0000] {taskinstance.py:1361} INFO - Starting attempt 1 of 1
[2023-08-27T02:49:05.048+0000] {taskinstance.py:1382} INFO - Executing <Task(PythonOperator): etl_user> on 2023-08-27 02:48:00+00:00
[2023-08-27T02:49:05.058+0000] {standard_task_runner.py:57} INFO - Started process 345583 to run task
[2023-08-27T02:49:05.066+0000] {standard_task_runner.py:84} INFO - Running: ['airflow', 'tasks', 'run', 'gaas_etl_1', 'etl_user', 'scheduled__2023-08-27T02:48:00+00:00', '--job-id', '4097', '--raw', '--subdir', 'DAGS_FOLDER/dag_etl.py', '--cfg-path', '/tmp/tmpr8gzgfl7']
[2023-08-27T02:49:05.072+0000] {standard_task_runner.py:85} INFO - Job 4097: Subtask etl_user
[2023-08-27T02:49:05.390+0000] {task_command.py:415} INFO - Running <TaskInstance: gaas_etl_1.etl_user scheduled__2023-08-27T02:48:00+00:00 [running]> on host data-system.us-central1-a.c.data-system-392010.internal
[2023-08-27T02:49:05.775+0000] {taskinstance.py:1660} INFO - Exporting env vars: AIRFLOW_CTX_DAG_EMAIL='hungnm15012002@gmail.com' AIRFLOW_CTX_DAG_OWNER='hungnm' AIRFLOW_CTX_DAG_ID='gaas_etl_1' AIRFLOW_CTX_TASK_ID='etl_user' AIRFLOW_CTX_EXECUTION_DATE='2023-08-27T02:48:00+00:00' AIRFLOW_CTX_TRY_NUMBER='1' AIRFLOW_CTX_DAG_RUN_ID='scheduled__2023-08-27T02:48:00+00:00'
[2023-08-27T02:49:05.802+0000] {dag_etl.py:28} INFO - Extracting user...
[2023-08-27T02:49:09.134+0000] {extract.py:36} INFO - Request time: 0:00:03.331576
[2023-08-27T02:49:09.540+0000] {extract.py:42} INFO - Create DataFrame time: 0:00:00.405386
[2023-08-27T02:49:09.544+0000] {dag_etl.py:31} INFO - Complete extract user: 0:00:03.741496
[2023-08-27T02:49:09.544+0000] {dag_etl.py:33} INFO - Extracting resource...
[2023-08-27T02:49:11.243+0000] {extract.py:36} INFO - Request time: 0:00:01.698867
[2023-08-27T02:49:11.336+0000] {extract.py:42} INFO - Create DataFrame time: 0:00:00.091863
[2023-08-27T02:49:11.339+0000] {dag_etl.py:36} INFO - Complete extract resource: 0:00:01.795014
[2023-08-27T02:49:11.340+0000] {dag_etl.py:38} INFO - Transforming user...
[2023-08-27T02:49:11.608+0000] {dag_etl.py:42} INFO - Complete transform user: 0:00:00.268927
[2023-08-27T02:49:11.608+0000] {dag_etl.py:44} INFO - transform space_ships...
[2023-08-27T02:49:11.719+0000] {dag_etl.py:47} INFO - Complete transform space_ships: 0:00:00.111022
[2023-08-27T02:49:11.719+0000] {dag_etl.py:49} INFO - transform drones...
[2023-08-27T02:49:11.795+0000] {dag_etl.py:52} INFO - Complete transform drones: 0:00:00.076699
[2023-08-27T02:49:11.796+0000] {dag_etl.py:54} INFO - transform pilots...
[2023-08-27T02:49:11.846+0000] {dag_etl.py:57} INFO - Complete transform pilots: 0:00:00.051014
[2023-08-27T02:49:11.847+0000] {dag_etl.py:59} INFO - transform talents...
[2023-08-27T02:49:11.874+0000] {dag_etl.py:62} INFO - Complete transform talents: 0:00:00.027808
[2023-08-27T02:49:11.875+0000] {dag_etl.py:64} INFO - transform expert_items...
[2023-08-27T02:49:11.901+0000] {dag_etl.py:67} INFO - Complete transform expert_items: 0:00:00.026452
[2023-08-27T02:49:11.901+0000] {dag_etl.py:69} INFO - Loading user...
[2023-08-27T02:49:12.770+0000] {dag_etl.py:72} INFO - Complete load user: 0:00:00.869212
[2023-08-27T02:49:12.770+0000] {dag_etl.py:74} INFO - Loading space_ships...
[2023-08-27T02:49:13.796+0000] {dag_etl.py:77} INFO - Complete load space_ships: 0:00:01.026550
[2023-08-27T02:49:13.797+0000] {dag_etl.py:79} INFO - Loading drones...
[2023-08-27T02:49:14.888+0000] {dag_etl.py:82} INFO - Complete load drones: 0:00:01.091362
[2023-08-27T02:49:14.888+0000] {dag_etl.py:84} INFO - Loading pilots...
[2023-08-27T02:49:16.756+0000] {dag_etl.py:87} INFO - Complete load drones: 0:00:01.868732
[2023-08-27T02:49:16.757+0000] {dag_etl.py:89} INFO - Loading talents...
[2023-08-27T02:49:17.688+0000] {dag_etl.py:92} INFO - Complete load drones: 0:00:00.931291
[2023-08-27T02:49:17.688+0000] {dag_etl.py:94} INFO - Loading expert_items...
[2023-08-27T02:49:18.184+0000] {dag_etl.py:97} INFO - Complete load drones: 0:00:00.496172
[2023-08-27T02:49:18.185+0000] {dag_etl.py:99} INFO - Complete ETL Users in : 0:00:12.382449
[2023-08-27T02:49:18.201+0000] {python.py:194} INFO - Done. Returned value was: None
[2023-08-27T02:49:18.221+0000] {taskinstance.py:1400} INFO - Marking task as SUCCESS. dag_id=gaas_etl_1, task_id=etl_user, execution_date=20230827T024800, start_date=20230827T024905, end_date=20230827T024918
[2023-08-27T02:49:18.287+0000] {local_task_job_runner.py:228} INFO - Task exited with return code 0
[2023-08-27T02:49:18.323+0000] {taskinstance.py:2784} INFO - 0 downstream tasks scheduled from follow-on schedule check
