[2023-08-27T17:20:06.977+0000] {taskinstance.py:1159} INFO - Dependencies all met for dep_context=non-requeueable deps ti=<TaskInstance: gaas_etl_1.etl_user scheduled__2023-08-27T17:19:00+00:00 [queued]>
[2023-08-27T17:20:06.994+0000] {taskinstance.py:1159} INFO - Dependencies all met for dep_context=requeueable deps ti=<TaskInstance: gaas_etl_1.etl_user scheduled__2023-08-27T17:19:00+00:00 [queued]>
[2023-08-27T17:20:06.995+0000] {taskinstance.py:1361} INFO - Starting attempt 1 of 1
[2023-08-27T17:20:07.024+0000] {taskinstance.py:1382} INFO - Executing <Task(PythonOperator): etl_user> on 2023-08-27 17:19:00+00:00
[2023-08-27T17:20:07.032+0000] {standard_task_runner.py:57} INFO - Started process 434934 to run task
[2023-08-27T17:20:07.046+0000] {standard_task_runner.py:84} INFO - Running: ['airflow', 'tasks', 'run', 'gaas_etl_1', 'etl_user', 'scheduled__2023-08-27T17:19:00+00:00', '--job-id', '6710', '--raw', '--subdir', 'DAGS_FOLDER/dag_etl.py', '--cfg-path', '/tmp/tmpyx6_4w75']
[2023-08-27T17:20:07.051+0000] {standard_task_runner.py:85} INFO - Job 6710: Subtask etl_user
[2023-08-27T17:20:07.947+0000] {task_command.py:415} INFO - Running <TaskInstance: gaas_etl_1.etl_user scheduled__2023-08-27T17:19:00+00:00 [running]> on host data-system.us-central1-a.c.data-system-392010.internal
[2023-08-27T17:20:08.680+0000] {taskinstance.py:1660} INFO - Exporting env vars: AIRFLOW_CTX_DAG_EMAIL='hungnm15012002@gmail.com' AIRFLOW_CTX_DAG_OWNER='hungnm' AIRFLOW_CTX_DAG_ID='gaas_etl_1' AIRFLOW_CTX_TASK_ID='etl_user' AIRFLOW_CTX_EXECUTION_DATE='2023-08-27T17:19:00+00:00' AIRFLOW_CTX_TRY_NUMBER='1' AIRFLOW_CTX_DAG_RUN_ID='scheduled__2023-08-27T17:19:00+00:00'
[2023-08-27T17:20:08.706+0000] {dag_etl.py:28} INFO - Extracting user...
[2023-08-27T17:20:15.068+0000] {extract.py:36} INFO - Request time: 0:00:06.360941
[2023-08-27T17:20:15.218+0000] {extract.py:42} INFO - Create DataFrame time: 0:00:00.149813
[2023-08-27T17:20:15.222+0000] {dag_etl.py:31} INFO - Complete extract user: 0:00:06.516420
[2023-08-27T17:20:15.224+0000] {dag_etl.py:33} INFO - Extracting resource...
[2023-08-27T17:20:24.966+0000] {extract.py:36} INFO - Request time: 0:00:09.741560
[2023-08-27T17:20:25.029+0000] {extract.py:42} INFO - Create DataFrame time: 0:00:00.061065
[2023-08-27T17:20:25.032+0000] {dag_etl.py:36} INFO - Complete extract resource: 0:00:09.809770
[2023-08-27T17:20:25.033+0000] {dag_etl.py:38} INFO - Transforming user...
[2023-08-27T17:20:25.200+0000] {dag_etl.py:42} INFO - Complete transform user: 0:00:00.168119
[2023-08-27T17:20:25.201+0000] {dag_etl.py:44} INFO - transform space_ships...
[2023-08-27T17:20:25.339+0000] {dag_etl.py:47} INFO - Complete transform space_ships: 0:00:00.139190
[2023-08-27T17:20:25.340+0000] {dag_etl.py:49} INFO - transform drones...
[2023-08-27T17:20:25.399+0000] {dag_etl.py:52} INFO - Complete transform drones: 0:00:00.060021
[2023-08-27T17:20:25.400+0000] {dag_etl.py:54} INFO - transform pilots...
[2023-08-27T17:20:25.452+0000] {dag_etl.py:57} INFO - Complete transform pilots: 0:00:00.052458
[2023-08-27T17:20:25.452+0000] {dag_etl.py:59} INFO - transform talents...
[2023-08-27T17:20:25.516+0000] {dag_etl.py:62} INFO - Complete transform talents: 0:00:00.064214
[2023-08-27T17:20:25.517+0000] {dag_etl.py:64} INFO - transform expert_items...
[2023-08-27T17:20:25.541+0000] {dag_etl.py:67} INFO - Complete transform expert_items: 0:00:00.025535
[2023-08-27T17:20:25.542+0000] {dag_etl.py:69} INFO - Loading user...
[2023-08-27T17:20:26.200+0000] {dag_etl.py:72} INFO - Complete load user: 0:00:00.658388
[2023-08-27T17:20:26.200+0000] {dag_etl.py:74} INFO - Loading space_ships...
[2023-08-27T17:20:26.930+0000] {dag_etl.py:77} INFO - Complete load space_ships: 0:00:00.730500
[2023-08-27T17:20:26.931+0000] {dag_etl.py:79} INFO - Loading drones...
[2023-08-27T17:20:27.516+0000] {dag_etl.py:82} INFO - Complete load drones: 0:00:00.585390
[2023-08-27T17:20:27.516+0000] {dag_etl.py:84} INFO - Loading pilots...
[2023-08-27T17:20:28.359+0000] {dag_etl.py:87} INFO - Complete load drones: 0:00:00.843472
[2023-08-27T17:20:28.360+0000] {dag_etl.py:89} INFO - Loading talents...
[2023-08-27T17:20:28.892+0000] {dag_etl.py:92} INFO - Complete load drones: 0:00:00.532646
[2023-08-27T17:20:28.892+0000] {dag_etl.py:94} INFO - Loading expert_items...
[2023-08-27T17:20:29.369+0000] {dag_etl.py:97} INFO - Complete load drones: 0:00:00.476977
[2023-08-27T17:20:29.369+0000] {dag_etl.py:99} INFO - Complete ETL Users in : 0:00:20.663721
[2023-08-27T17:20:29.384+0000] {python.py:194} INFO - Done. Returned value was: None
[2023-08-27T17:20:29.407+0000] {taskinstance.py:1400} INFO - Marking task as SUCCESS. dag_id=gaas_etl_1, task_id=etl_user, execution_date=20230827T171900, start_date=20230827T172006, end_date=20230827T172029
[2023-08-27T17:20:29.486+0000] {local_task_job_runner.py:228} INFO - Task exited with return code 0
[2023-08-27T17:20:29.522+0000] {taskinstance.py:2784} INFO - 0 downstream tasks scheduled from follow-on schedule check
