[2023-08-26T17:41:04.262+0000] {taskinstance.py:1159} INFO - Dependencies all met for dep_context=non-requeueable deps ti=<TaskInstance: gaas_etl_1.etl_user scheduled__2023-08-26T17:40:00+00:00 [queued]>
[2023-08-26T17:41:04.277+0000] {taskinstance.py:1159} INFO - Dependencies all met for dep_context=requeueable deps ti=<TaskInstance: gaas_etl_1.etl_user scheduled__2023-08-26T17:40:00+00:00 [queued]>
[2023-08-26T17:41:04.278+0000] {taskinstance.py:1361} INFO - Starting attempt 1 of 1
[2023-08-26T17:41:04.316+0000] {taskinstance.py:1382} INFO - Executing <Task(PythonOperator): etl_user> on 2023-08-26 17:40:00+00:00
[2023-08-26T17:41:04.328+0000] {standard_task_runner.py:57} INFO - Started process 323798 to run task
[2023-08-26T17:41:04.342+0000] {standard_task_runner.py:84} INFO - Running: ['airflow', 'tasks', 'run', 'gaas_etl_1', 'etl_user', 'scheduled__2023-08-26T17:40:00+00:00', '--job-id', '2452', '--raw', '--subdir', 'DAGS_FOLDER/dag_etl.py', '--cfg-path', '/tmp/tmp42f9_wgp']
[2023-08-26T17:41:04.350+0000] {standard_task_runner.py:85} INFO - Job 2452: Subtask etl_user
[2023-08-26T17:41:04.905+0000] {task_command.py:415} INFO - Running <TaskInstance: gaas_etl_1.etl_user scheduled__2023-08-26T17:40:00+00:00 [running]> on host data-system.us-central1-a.c.data-system-392010.internal
[2023-08-26T17:41:05.171+0000] {taskinstance.py:1660} INFO - Exporting env vars: AIRFLOW_CTX_DAG_EMAIL='hungnm15012002@gmail.com' AIRFLOW_CTX_DAG_OWNER='hungnm' AIRFLOW_CTX_DAG_ID='gaas_etl_1' AIRFLOW_CTX_TASK_ID='etl_user' AIRFLOW_CTX_EXECUTION_DATE='2023-08-26T17:40:00+00:00' AIRFLOW_CTX_TRY_NUMBER='1' AIRFLOW_CTX_DAG_RUN_ID='scheduled__2023-08-26T17:40:00+00:00'
[2023-08-26T17:41:05.193+0000] {dag_etl.py:28} INFO - Extracting user...
[2023-08-26T17:41:23.703+0000] {extract.py:36} INFO - Request time: 0:00:18.509885
[2023-08-26T17:41:24.689+0000] {extract.py:42} INFO - Create DataFrame time: 0:00:00.984804
[2023-08-26T17:41:24.700+0000] {dag_etl.py:31} INFO - Complete extract user: 0:00:19.506965
[2023-08-26T17:41:24.702+0000] {dag_etl.py:33} INFO - Extracting resource...
[2023-08-26T17:41:38.748+0000] {extract.py:36} INFO - Request time: 0:00:14.046191
[2023-08-26T17:41:38.896+0000] {extract.py:42} INFO - Create DataFrame time: 0:00:00.146790
[2023-08-26T17:41:38.900+0000] {dag_etl.py:36} INFO - Complete extract resource: 0:00:14.200516
[2023-08-26T17:41:38.902+0000] {dag_etl.py:38} INFO - Transforming user...
[2023-08-26T17:41:39.139+0000] {dag_etl.py:42} INFO - Complete transform user: 0:00:00.238713
[2023-08-26T17:41:39.139+0000] {dag_etl.py:44} INFO - transform space_ships...
[2023-08-26T17:41:39.296+0000] {dag_etl.py:47} INFO - Complete transform space_ships: 0:00:00.157626
[2023-08-26T17:41:39.297+0000] {dag_etl.py:49} INFO - transform drones...
[2023-08-26T17:41:39.413+0000] {dag_etl.py:52} INFO - Complete transform drones: 0:00:00.116851
[2023-08-26T17:41:39.414+0000] {dag_etl.py:54} INFO - transform pilots...
[2023-08-26T17:41:39.606+0000] {dag_etl.py:57} INFO - Complete transform pilots: 0:00:00.192295
[2023-08-26T17:41:39.607+0000] {dag_etl.py:59} INFO - transform talents...
[2023-08-26T17:41:39.673+0000] {dag_etl.py:62} INFO - Complete transform talents: 0:00:00.067187
[2023-08-26T17:41:39.673+0000] {dag_etl.py:64} INFO - transform expert_items...
[2023-08-26T17:41:39.732+0000] {dag_etl.py:67} INFO - Complete transform expert_items: 0:00:00.059108
[2023-08-26T17:41:39.732+0000] {dag_etl.py:69} INFO - Loading user...
[2023-08-26T17:41:42.034+0000] {dag_etl.py:72} INFO - Complete load user: 0:00:02.302444
[2023-08-26T17:41:42.035+0000] {dag_etl.py:74} INFO - Loading space_ships...
[2023-08-26T17:41:45.302+0000] {dag_etl.py:77} INFO - Complete load space_ships: 0:00:03.267137
[2023-08-26T17:41:45.302+0000] {dag_etl.py:79} INFO - Loading drones...
[2023-08-26T17:41:47.869+0000] {dag_etl.py:82} INFO - Complete load drones: 0:00:02.567725
[2023-08-26T17:41:47.870+0000] {dag_etl.py:84} INFO - Loading pilots...
[2023-08-26T17:41:51.565+0000] {dag_etl.py:87} INFO - Complete load drones: 0:00:03.695494
[2023-08-26T17:41:51.565+0000] {dag_etl.py:89} INFO - Loading talents...
[2023-08-26T17:41:54.049+0000] {dag_etl.py:92} INFO - Complete load drones: 0:00:02.483926
[2023-08-26T17:41:54.049+0000] {dag_etl.py:94} INFO - Loading expert_items...
[2023-08-26T17:41:55.450+0000] {dag_etl.py:97} INFO - Complete load drones: 0:00:01.400959
[2023-08-26T17:41:55.450+0000] {dag_etl.py:99} INFO - Complete ETL Users in : 0:00:50.257723
[2023-08-26T17:41:55.480+0000] {python.py:194} INFO - Done. Returned value was: None
[2023-08-26T17:41:55.494+0000] {taskinstance.py:1400} INFO - Marking task as SUCCESS. dag_id=gaas_etl_1, task_id=etl_user, execution_date=20230826T174000, start_date=20230826T174104, end_date=20230826T174155
[2023-08-26T17:41:55.551+0000] {local_task_job_runner.py:228} INFO - Task exited with return code 0
[2023-08-26T17:41:55.575+0000] {taskinstance.py:2784} INFO - 0 downstream tasks scheduled from follow-on schedule check
