[2023-08-26T12:33:03.660+0000] {taskinstance.py:1159} INFO - Dependencies all met for dep_context=non-requeueable deps ti=<TaskInstance: gaas_etl_1.etl_user scheduled__2023-08-26T12:32:00+00:00 [queued]>
[2023-08-26T12:33:03.677+0000] {taskinstance.py:1159} INFO - Dependencies all met for dep_context=requeueable deps ti=<TaskInstance: gaas_etl_1.etl_user scheduled__2023-08-26T12:32:00+00:00 [queued]>
[2023-08-26T12:33:03.678+0000] {taskinstance.py:1361} INFO - Starting attempt 1 of 1
[2023-08-26T12:33:03.711+0000] {taskinstance.py:1382} INFO - Executing <Task(PythonOperator): etl_user> on 2023-08-26 12:32:00+00:00
[2023-08-26T12:33:03.720+0000] {standard_task_runner.py:57} INFO - Started process 311545 to run task
[2023-08-26T12:33:03.734+0000] {standard_task_runner.py:84} INFO - Running: ['airflow', 'tasks', 'run', 'gaas_etl_1', 'etl_user', 'scheduled__2023-08-26T12:32:00+00:00', '--job-id', '1529', '--raw', '--subdir', 'DAGS_FOLDER/dag_etl.py', '--cfg-path', '/tmp/tmp1pbtuua7']
[2023-08-26T12:33:03.739+0000] {standard_task_runner.py:85} INFO - Job 1529: Subtask etl_user
[2023-08-26T12:33:03.917+0000] {task_command.py:415} INFO - Running <TaskInstance: gaas_etl_1.etl_user scheduled__2023-08-26T12:32:00+00:00 [running]> on host data-system.us-central1-a.c.data-system-392010.internal
[2023-08-26T12:33:04.153+0000] {taskinstance.py:1660} INFO - Exporting env vars: AIRFLOW_CTX_DAG_EMAIL='hungnm15012002@gmail.com' AIRFLOW_CTX_DAG_OWNER='hungnm' AIRFLOW_CTX_DAG_ID='gaas_etl_1' AIRFLOW_CTX_TASK_ID='etl_user' AIRFLOW_CTX_EXECUTION_DATE='2023-08-26T12:32:00+00:00' AIRFLOW_CTX_TRY_NUMBER='1' AIRFLOW_CTX_DAG_RUN_ID='scheduled__2023-08-26T12:32:00+00:00'
[2023-08-26T12:33:04.176+0000] {dag_etl.py:28} INFO - Extracting user...
[2023-08-26T12:33:10.447+0000] {extract.py:36} INFO - Request time: 0:00:06.270515
[2023-08-26T12:33:10.889+0000] {extract.py:42} INFO - Create DataFrame time: 0:00:00.440921
[2023-08-26T12:33:10.892+0000] {dag_etl.py:31} INFO - Complete extract user: 0:00:06.715855
[2023-08-26T12:33:10.894+0000] {dag_etl.py:33} INFO - Extracting resource...
[2023-08-26T12:33:13.267+0000] {extract.py:36} INFO - Request time: 0:00:02.372754
[2023-08-26T12:33:13.300+0000] {extract.py:42} INFO - Create DataFrame time: 0:00:00.032738
[2023-08-26T12:33:13.302+0000] {dag_etl.py:36} INFO - Complete extract resource: 0:00:02.410181
[2023-08-26T12:33:13.304+0000] {dag_etl.py:38} INFO - Transforming user...
[2023-08-26T12:33:13.453+0000] {dag_etl.py:42} INFO - Complete transform user: 0:00:00.150263
[2023-08-26T12:33:13.453+0000] {dag_etl.py:44} INFO - transform space_ships...
[2023-08-26T12:33:13.545+0000] {dag_etl.py:47} INFO - Complete transform space_ships: 0:00:00.092590
[2023-08-26T12:33:13.546+0000] {dag_etl.py:49} INFO - transform drones...
[2023-08-26T12:33:13.606+0000] {dag_etl.py:52} INFO - Complete transform drones: 0:00:00.060348
[2023-08-26T12:33:13.607+0000] {dag_etl.py:54} INFO - transform pilots...
[2023-08-26T12:33:13.651+0000] {dag_etl.py:57} INFO - Complete transform pilots: 0:00:00.045428
[2023-08-26T12:33:13.652+0000] {dag_etl.py:59} INFO - transform talents...
[2023-08-26T12:33:13.675+0000] {dag_etl.py:62} INFO - Complete transform talents: 0:00:00.023636
[2023-08-26T12:33:13.675+0000] {dag_etl.py:64} INFO - transform expert_items...
[2023-08-26T12:33:13.697+0000] {dag_etl.py:67} INFO - Complete transform expert_items: 0:00:00.022161
[2023-08-26T12:33:13.697+0000] {dag_etl.py:69} INFO - Loading user...
[2023-08-26T12:33:14.718+0000] {dag_etl.py:72} INFO - Complete load user: 0:00:01.020915
[2023-08-26T12:33:14.718+0000] {dag_etl.py:74} INFO - Loading space_ships...
[2023-08-26T12:33:16.055+0000] {dag_etl.py:77} INFO - Complete load space_ships: 0:00:01.337389
[2023-08-26T12:33:16.056+0000] {dag_etl.py:79} INFO - Loading drones...
[2023-08-26T12:33:17.674+0000] {dag_etl.py:82} INFO - Complete load drones: 0:00:01.618612
[2023-08-26T12:33:17.674+0000] {dag_etl.py:84} INFO - Loading pilots...
[2023-08-26T12:33:20.065+0000] {dag_etl.py:87} INFO - Complete load drones: 0:00:02.391601
[2023-08-26T12:33:20.066+0000] {dag_etl.py:89} INFO - Loading talents...
[2023-08-26T12:33:21.300+0000] {dag_etl.py:92} INFO - Complete load drones: 0:00:01.234204
[2023-08-26T12:33:21.300+0000] {dag_etl.py:94} INFO - Loading expert_items...
[2023-08-26T12:33:21.587+0000] {dag_etl.py:97} INFO - Complete load drones: 0:00:00.286979
[2023-08-26T12:33:21.587+0000] {dag_etl.py:99} INFO - Complete ETL Users in : 0:00:17.410767
[2023-08-26T12:33:21.604+0000] {python.py:194} INFO - Done. Returned value was: None
[2023-08-26T12:33:21.620+0000] {taskinstance.py:1400} INFO - Marking task as SUCCESS. dag_id=gaas_etl_1, task_id=etl_user, execution_date=20230826T123200, start_date=20230826T123303, end_date=20230826T123321
[2023-08-26T12:33:21.687+0000] {local_task_job_runner.py:228} INFO - Task exited with return code 0
[2023-08-26T12:33:21.708+0000] {taskinstance.py:2784} INFO - 0 downstream tasks scheduled from follow-on schedule check
