[2023-08-26T07:19:03.568+0000] {taskinstance.py:1159} INFO - Dependencies all met for dep_context=non-requeueable deps ti=<TaskInstance: gaas_etl_1.etl_user scheduled__2023-08-26T07:18:00+00:00 [queued]>
[2023-08-26T07:19:03.587+0000] {taskinstance.py:1159} INFO - Dependencies all met for dep_context=requeueable deps ti=<TaskInstance: gaas_etl_1.etl_user scheduled__2023-08-26T07:18:00+00:00 [queued]>
[2023-08-26T07:19:03.587+0000] {taskinstance.py:1361} INFO - Starting attempt 1 of 1
[2023-08-26T07:19:03.622+0000] {taskinstance.py:1382} INFO - Executing <Task(PythonOperator): etl_user> on 2023-08-26 07:18:00+00:00
[2023-08-26T07:19:03.636+0000] {standard_task_runner.py:57} INFO - Started process 287029 to run task
[2023-08-26T07:19:03.652+0000] {standard_task_runner.py:84} INFO - Running: ['airflow', 'tasks', 'run', 'gaas_etl_1', 'etl_user', 'scheduled__2023-08-26T07:18:00+00:00', '--job-id', '587', '--raw', '--subdir', 'DAGS_FOLDER/dag_etl.py', '--cfg-path', '/tmp/tmp_bcafjia']
[2023-08-26T07:19:03.657+0000] {standard_task_runner.py:85} INFO - Job 587: Subtask etl_user
[2023-08-26T07:19:03.789+0000] {task_command.py:415} INFO - Running <TaskInstance: gaas_etl_1.etl_user scheduled__2023-08-26T07:18:00+00:00 [running]> on host data-system.us-central1-a.c.data-system-392010.internal
[2023-08-26T07:19:03.997+0000] {taskinstance.py:1660} INFO - Exporting env vars: AIRFLOW_CTX_DAG_EMAIL='hungnm15012002@gmail.com' AIRFLOW_CTX_DAG_OWNER='hungnm' AIRFLOW_CTX_DAG_ID='gaas_etl_1' AIRFLOW_CTX_TASK_ID='etl_user' AIRFLOW_CTX_EXECUTION_DATE='2023-08-26T07:18:00+00:00' AIRFLOW_CTX_TRY_NUMBER='1' AIRFLOW_CTX_DAG_RUN_ID='scheduled__2023-08-26T07:18:00+00:00'
[2023-08-26T07:19:04.022+0000] {dag_etl.py:28} INFO - Extracting user...
[2023-08-26T07:19:08.548+0000] {extract.py:36} INFO - Request time: 0:00:04.524863
[2023-08-26T07:19:08.575+0000] {extract.py:42} INFO - Create DataFrame time: 0:00:00.026661
[2023-08-26T07:19:08.577+0000] {dag_etl.py:31} INFO - Complete extract user: 0:00:04.555058
[2023-08-26T07:19:08.578+0000] {dag_etl.py:33} INFO - Extracting resource...
[2023-08-26T07:19:13.857+0000] {extract.py:36} INFO - Request time: 0:00:05.279265
[2023-08-26T07:19:13.871+0000] {extract.py:42} INFO - Create DataFrame time: 0:00:00.012952
[2023-08-26T07:19:13.873+0000] {dag_etl.py:36} INFO - Complete extract resource: 0:00:05.295987
[2023-08-26T07:19:13.875+0000] {dag_etl.py:38} INFO - Transforming user...
[2023-08-26T07:19:13.962+0000] {dag_etl.py:42} INFO - Complete transform user: 0:00:00.088513
[2023-08-26T07:19:13.962+0000] {dag_etl.py:44} INFO - transform space_ships...
[2023-08-26T07:19:14.041+0000] {dag_etl.py:47} INFO - Complete transform space_ships: 0:00:00.079018
[2023-08-26T07:19:14.041+0000] {dag_etl.py:49} INFO - transform drones...
[2023-08-26T07:19:14.125+0000] {dag_etl.py:52} INFO - Complete transform drones: 0:00:00.084249
[2023-08-26T07:19:14.131+0000] {dag_etl.py:54} INFO - transform pilots...
[2023-08-26T07:19:14.179+0000] {dag_etl.py:57} INFO - Complete transform pilots: 0:00:00.053602
[2023-08-26T07:19:14.179+0000] {dag_etl.py:59} INFO - transform talents...
[2023-08-26T07:19:14.200+0000] {dag_etl.py:62} INFO - Complete transform talents: 0:00:00.020866
[2023-08-26T07:19:14.200+0000] {dag_etl.py:64} INFO - transform expert_items...
[2023-08-26T07:19:14.218+0000] {dag_etl.py:67} INFO - Complete transform expert_items: 0:00:00.018210
[2023-08-26T07:19:14.226+0000] {dag_etl.py:69} INFO - Loading user...
[2023-08-26T07:19:14.268+0000] {dag_etl.py:72} INFO - Complete load user: 0:00:00.049838
[2023-08-26T07:19:14.268+0000] {dag_etl.py:74} INFO - Loading space_ships...
[2023-08-26T07:19:14.334+0000] {dag_etl.py:77} INFO - Complete load space_ships: 0:00:00.065908
[2023-08-26T07:19:14.334+0000] {dag_etl.py:79} INFO - Loading drones...
[2023-08-26T07:19:14.360+0000] {dag_etl.py:82} INFO - Complete load drones: 0:00:00.026202
[2023-08-26T07:19:14.360+0000] {dag_etl.py:84} INFO - Loading pilots...
[2023-08-26T07:19:14.445+0000] {dag_etl.py:87} INFO - Complete load drones: 0:00:00.085290
[2023-08-26T07:19:14.446+0000] {dag_etl.py:89} INFO - Loading talents...
[2023-08-26T07:19:14.474+0000] {dag_etl.py:92} INFO - Complete load drones: 0:00:00.028614
[2023-08-26T07:19:14.474+0000] {dag_etl.py:94} INFO - Loading expert_items...
[2023-08-26T07:19:14.489+0000] {dag_etl.py:97} INFO - Complete load drones: 0:00:00.015536
[2023-08-26T07:19:14.490+0000] {dag_etl.py:99} INFO - Complete ETL Users in : 0:00:10.467437
[2023-08-26T07:19:14.497+0000] {python.py:194} INFO - Done. Returned value was: None
[2023-08-26T07:19:14.567+0000] {taskinstance.py:1400} INFO - Marking task as SUCCESS. dag_id=gaas_etl_1, task_id=etl_user, execution_date=20230826T071800, start_date=20230826T071903, end_date=20230826T071914
[2023-08-26T07:19:14.686+0000] {local_task_job_runner.py:228} INFO - Task exited with return code 0
[2023-08-26T07:19:14.733+0000] {taskinstance.py:2784} INFO - 0 downstream tasks scheduled from follow-on schedule check
