[2023-08-26T17:12:04.128+0000] {taskinstance.py:1159} INFO - Dependencies all met for dep_context=non-requeueable deps ti=<TaskInstance: gaas_etl_1.etl_user scheduled__2023-08-26T17:11:00+00:00 [queued]>
[2023-08-26T17:12:04.143+0000] {taskinstance.py:1159} INFO - Dependencies all met for dep_context=requeueable deps ti=<TaskInstance: gaas_etl_1.etl_user scheduled__2023-08-26T17:11:00+00:00 [queued]>
[2023-08-26T17:12:04.143+0000] {taskinstance.py:1361} INFO - Starting attempt 1 of 1
[2023-08-26T17:12:04.168+0000] {taskinstance.py:1382} INFO - Executing <Task(PythonOperator): etl_user> on 2023-08-26 17:11:00+00:00
[2023-08-26T17:12:04.175+0000] {standard_task_runner.py:57} INFO - Started process 322666 to run task
[2023-08-26T17:12:04.183+0000] {standard_task_runner.py:84} INFO - Running: ['airflow', 'tasks', 'run', 'gaas_etl_1', 'etl_user', 'scheduled__2023-08-26T17:11:00+00:00', '--job-id', '2365', '--raw', '--subdir', 'DAGS_FOLDER/dag_etl.py', '--cfg-path', '/tmp/tmp0u1far5w']
[2023-08-26T17:12:04.188+0000] {standard_task_runner.py:85} INFO - Job 2365: Subtask etl_user
[2023-08-26T17:12:04.435+0000] {task_command.py:415} INFO - Running <TaskInstance: gaas_etl_1.etl_user scheduled__2023-08-26T17:11:00+00:00 [running]> on host data-system.us-central1-a.c.data-system-392010.internal
[2023-08-26T17:12:04.986+0000] {taskinstance.py:1660} INFO - Exporting env vars: AIRFLOW_CTX_DAG_EMAIL='hungnm15012002@gmail.com' AIRFLOW_CTX_DAG_OWNER='hungnm' AIRFLOW_CTX_DAG_ID='gaas_etl_1' AIRFLOW_CTX_TASK_ID='etl_user' AIRFLOW_CTX_EXECUTION_DATE='2023-08-26T17:11:00+00:00' AIRFLOW_CTX_TRY_NUMBER='1' AIRFLOW_CTX_DAG_RUN_ID='scheduled__2023-08-26T17:11:00+00:00'
[2023-08-26T17:12:05.010+0000] {dag_etl.py:28} INFO - Extracting user...
[2023-08-26T17:12:10.807+0000] {extract.py:36} INFO - Request time: 0:00:05.796787
[2023-08-26T17:12:11.020+0000] {extract.py:42} INFO - Create DataFrame time: 0:00:00.212858
[2023-08-26T17:12:11.024+0000] {dag_etl.py:31} INFO - Complete extract user: 0:00:06.014022
[2023-08-26T17:12:11.025+0000] {dag_etl.py:33} INFO - Extracting resource...
[2023-08-26T17:12:13.309+0000] {extract.py:36} INFO - Request time: 0:00:02.284320
[2023-08-26T17:12:13.358+0000] {extract.py:42} INFO - Create DataFrame time: 0:00:00.048771
[2023-08-26T17:12:13.361+0000] {dag_etl.py:36} INFO - Complete extract resource: 0:00:02.337295
[2023-08-26T17:12:13.362+0000] {dag_etl.py:38} INFO - Transforming user...
[2023-08-26T17:12:13.591+0000] {dag_etl.py:42} INFO - Complete transform user: 0:00:00.230391
[2023-08-26T17:12:13.592+0000] {dag_etl.py:44} INFO - transform space_ships...
[2023-08-26T17:12:13.832+0000] {dag_etl.py:47} INFO - Complete transform space_ships: 0:00:00.240253
[2023-08-26T17:12:13.832+0000] {dag_etl.py:49} INFO - transform drones...
[2023-08-26T17:12:13.947+0000] {dag_etl.py:52} INFO - Complete transform drones: 0:00:00.115126
[2023-08-26T17:12:13.947+0000] {dag_etl.py:54} INFO - transform pilots...
[2023-08-26T17:12:14.023+0000] {dag_etl.py:57} INFO - Complete transform pilots: 0:00:00.076676
[2023-08-26T17:12:14.024+0000] {dag_etl.py:59} INFO - transform talents...
[2023-08-26T17:12:14.061+0000] {dag_etl.py:62} INFO - Complete transform talents: 0:00:00.037481
[2023-08-26T17:12:14.061+0000] {dag_etl.py:64} INFO - transform expert_items...
[2023-08-26T17:12:14.099+0000] {dag_etl.py:67} INFO - Complete transform expert_items: 0:00:00.038260
[2023-08-26T17:12:14.100+0000] {dag_etl.py:69} INFO - Loading user...
[2023-08-26T17:12:15.408+0000] {dag_etl.py:72} INFO - Complete load user: 0:00:01.309401
[2023-08-26T17:12:15.409+0000] {dag_etl.py:74} INFO - Loading space_ships...
[2023-08-26T17:12:18.250+0000] {dag_etl.py:77} INFO - Complete load space_ships: 0:00:02.841705
[2023-08-26T17:12:18.251+0000] {dag_etl.py:79} INFO - Loading drones...
[2023-08-26T17:12:20.191+0000] {dag_etl.py:82} INFO - Complete load drones: 0:00:01.940755
[2023-08-26T17:12:20.191+0000] {dag_etl.py:84} INFO - Loading pilots...
[2023-08-26T17:12:23.141+0000] {dag_etl.py:87} INFO - Complete load drones: 0:00:02.950221
[2023-08-26T17:12:23.142+0000] {dag_etl.py:89} INFO - Loading talents...
[2023-08-26T17:12:24.858+0000] {dag_etl.py:92} INFO - Complete load drones: 0:00:01.717049
[2023-08-26T17:12:24.859+0000] {dag_etl.py:94} INFO - Loading expert_items...
[2023-08-26T17:12:25.549+0000] {dag_etl.py:97} INFO - Complete load drones: 0:00:00.690504
[2023-08-26T17:12:25.550+0000] {dag_etl.py:99} INFO - Complete ETL Users in : 0:00:20.540066
[2023-08-26T17:12:25.575+0000] {python.py:194} INFO - Done. Returned value was: None
[2023-08-26T17:12:25.604+0000] {taskinstance.py:1400} INFO - Marking task as SUCCESS. dag_id=gaas_etl_1, task_id=etl_user, execution_date=20230826T171100, start_date=20230826T171204, end_date=20230826T171225
[2023-08-26T17:12:25.675+0000] {local_task_job_runner.py:228} INFO - Task exited with return code 0
[2023-08-26T17:12:25.731+0000] {taskinstance.py:2784} INFO - 0 downstream tasks scheduled from follow-on schedule check
