[2023-08-26T23:39:04.582+0000] {taskinstance.py:1159} INFO - Dependencies all met for dep_context=non-requeueable deps ti=<TaskInstance: gaas_etl_1.etl_user scheduled__2023-08-26T23:38:00+00:00 [queued]>
[2023-08-26T23:39:04.615+0000] {taskinstance.py:1159} INFO - Dependencies all met for dep_context=requeueable deps ti=<TaskInstance: gaas_etl_1.etl_user scheduled__2023-08-26T23:38:00+00:00 [queued]>
[2023-08-26T23:39:04.615+0000] {taskinstance.py:1361} INFO - Starting attempt 1 of 1
[2023-08-26T23:39:04.646+0000] {taskinstance.py:1382} INFO - Executing <Task(PythonOperator): etl_user> on 2023-08-26 23:38:00+00:00
[2023-08-26T23:39:04.655+0000] {standard_task_runner.py:57} INFO - Started process 337974 to run task
[2023-08-26T23:39:04.669+0000] {standard_task_runner.py:84} INFO - Running: ['airflow', 'tasks', 'run', 'gaas_etl_1', 'etl_user', 'scheduled__2023-08-26T23:38:00+00:00', '--job-id', '3526', '--raw', '--subdir', 'DAGS_FOLDER/dag_etl.py', '--cfg-path', '/tmp/tmpu9g_nm92']
[2023-08-26T23:39:04.675+0000] {standard_task_runner.py:85} INFO - Job 3526: Subtask etl_user
[2023-08-26T23:39:04.986+0000] {task_command.py:415} INFO - Running <TaskInstance: gaas_etl_1.etl_user scheduled__2023-08-26T23:38:00+00:00 [running]> on host data-system.us-central1-a.c.data-system-392010.internal
[2023-08-26T23:39:05.333+0000] {taskinstance.py:1660} INFO - Exporting env vars: AIRFLOW_CTX_DAG_EMAIL='hungnm15012002@gmail.com' AIRFLOW_CTX_DAG_OWNER='hungnm' AIRFLOW_CTX_DAG_ID='gaas_etl_1' AIRFLOW_CTX_TASK_ID='etl_user' AIRFLOW_CTX_EXECUTION_DATE='2023-08-26T23:38:00+00:00' AIRFLOW_CTX_TRY_NUMBER='1' AIRFLOW_CTX_DAG_RUN_ID='scheduled__2023-08-26T23:38:00+00:00'
[2023-08-26T23:39:05.362+0000] {dag_etl.py:28} INFO - Extracting user...
[2023-08-26T23:39:09.084+0000] {extract.py:36} INFO - Request time: 0:00:03.721165
[2023-08-26T23:39:09.462+0000] {extract.py:42} INFO - Create DataFrame time: 0:00:00.377469
[2023-08-26T23:39:09.465+0000] {dag_etl.py:31} INFO - Complete extract user: 0:00:04.102836
[2023-08-26T23:39:09.466+0000] {dag_etl.py:33} INFO - Extracting resource...
[2023-08-26T23:39:10.956+0000] {extract.py:36} INFO - Request time: 0:00:01.490387
[2023-08-26T23:39:10.997+0000] {extract.py:42} INFO - Create DataFrame time: 0:00:00.040146
[2023-08-26T23:39:11.000+0000] {dag_etl.py:36} INFO - Complete extract resource: 0:00:01.534780
[2023-08-26T23:39:11.001+0000] {dag_etl.py:38} INFO - Transforming user...
[2023-08-26T23:39:11.156+0000] {dag_etl.py:42} INFO - Complete transform user: 0:00:00.156519
[2023-08-26T23:39:11.157+0000] {dag_etl.py:44} INFO - transform space_ships...
[2023-08-26T23:39:11.264+0000] {dag_etl.py:47} INFO - Complete transform space_ships: 0:00:00.107446
[2023-08-26T23:39:11.265+0000] {dag_etl.py:49} INFO - transform drones...
[2023-08-26T23:39:11.350+0000] {dag_etl.py:52} INFO - Complete transform drones: 0:00:00.086389
[2023-08-26T23:39:11.351+0000] {dag_etl.py:54} INFO - transform pilots...
[2023-08-26T23:39:11.403+0000] {dag_etl.py:57} INFO - Complete transform pilots: 0:00:00.052826
[2023-08-26T23:39:11.404+0000] {dag_etl.py:59} INFO - transform talents...
[2023-08-26T23:39:11.432+0000] {dag_etl.py:62} INFO - Complete transform talents: 0:00:00.028730
[2023-08-26T23:39:11.432+0000] {dag_etl.py:64} INFO - transform expert_items...
[2023-08-26T23:39:11.459+0000] {dag_etl.py:67} INFO - Complete transform expert_items: 0:00:00.027593
[2023-08-26T23:39:11.460+0000] {dag_etl.py:69} INFO - Loading user...
[2023-08-26T23:39:12.295+0000] {dag_etl.py:72} INFO - Complete load user: 0:00:00.835288
[2023-08-26T23:39:12.296+0000] {dag_etl.py:74} INFO - Loading space_ships...
[2023-08-26T23:39:13.367+0000] {dag_etl.py:77} INFO - Complete load space_ships: 0:00:01.071774
[2023-08-26T23:39:13.369+0000] {dag_etl.py:79} INFO - Loading drones...
[2023-08-26T23:39:14.501+0000] {dag_etl.py:82} INFO - Complete load drones: 0:00:01.133980
[2023-08-26T23:39:14.503+0000] {dag_etl.py:84} INFO - Loading pilots...
[2023-08-26T23:39:16.787+0000] {dag_etl.py:87} INFO - Complete load drones: 0:00:02.286238
[2023-08-26T23:39:16.787+0000] {dag_etl.py:89} INFO - Loading talents...
[2023-08-26T23:39:17.637+0000] {dag_etl.py:92} INFO - Complete load drones: 0:00:00.850751
[2023-08-26T23:39:17.638+0000] {dag_etl.py:94} INFO - Loading expert_items...
[2023-08-26T23:39:18.413+0000] {dag_etl.py:97} INFO - Complete load drones: 0:00:00.775635
[2023-08-26T23:39:18.414+0000] {dag_etl.py:99} INFO - Complete ETL Users in : 0:00:13.051355
[2023-08-26T23:39:18.430+0000] {python.py:194} INFO - Done. Returned value was: None
[2023-08-26T23:39:18.448+0000] {taskinstance.py:1400} INFO - Marking task as SUCCESS. dag_id=gaas_etl_1, task_id=etl_user, execution_date=20230826T233800, start_date=20230826T233904, end_date=20230826T233918
[2023-08-26T23:39:18.504+0000] {local_task_job_runner.py:228} INFO - Task exited with return code 0
[2023-08-26T23:39:18.549+0000] {taskinstance.py:2784} INFO - 0 downstream tasks scheduled from follow-on schedule check
