[2023-08-26T13:22:04.318+0000] {taskinstance.py:1159} INFO - Dependencies all met for dep_context=non-requeueable deps ti=<TaskInstance: gaas_etl_1.etl_user scheduled__2023-08-26T13:21:00+00:00 [queued]>
[2023-08-26T13:22:04.356+0000] {taskinstance.py:1159} INFO - Dependencies all met for dep_context=requeueable deps ti=<TaskInstance: gaas_etl_1.etl_user scheduled__2023-08-26T13:21:00+00:00 [queued]>
[2023-08-26T13:22:04.357+0000] {taskinstance.py:1361} INFO - Starting attempt 1 of 1
[2023-08-26T13:22:04.416+0000] {taskinstance.py:1382} INFO - Executing <Task(PythonOperator): etl_user> on 2023-08-26 13:21:00+00:00
[2023-08-26T13:22:04.434+0000] {standard_task_runner.py:57} INFO - Started process 313533 to run task
[2023-08-26T13:22:04.454+0000] {standard_task_runner.py:84} INFO - Running: ['airflow', 'tasks', 'run', 'gaas_etl_1', 'etl_user', 'scheduled__2023-08-26T13:21:00+00:00', '--job-id', '1676', '--raw', '--subdir', 'DAGS_FOLDER/dag_etl.py', '--cfg-path', '/tmp/tmph3xs6tqs']
[2023-08-26T13:22:04.466+0000] {standard_task_runner.py:85} INFO - Job 1676: Subtask etl_user
[2023-08-26T13:22:04.711+0000] {task_command.py:415} INFO - Running <TaskInstance: gaas_etl_1.etl_user scheduled__2023-08-26T13:21:00+00:00 [running]> on host data-system.us-central1-a.c.data-system-392010.internal
[2023-08-26T13:22:05.104+0000] {taskinstance.py:1660} INFO - Exporting env vars: AIRFLOW_CTX_DAG_EMAIL='hungnm15012002@gmail.com' AIRFLOW_CTX_DAG_OWNER='hungnm' AIRFLOW_CTX_DAG_ID='gaas_etl_1' AIRFLOW_CTX_TASK_ID='etl_user' AIRFLOW_CTX_EXECUTION_DATE='2023-08-26T13:21:00+00:00' AIRFLOW_CTX_TRY_NUMBER='1' AIRFLOW_CTX_DAG_RUN_ID='scheduled__2023-08-26T13:21:00+00:00'
[2023-08-26T13:22:05.141+0000] {dag_etl.py:28} INFO - Extracting user...
[2023-08-26T13:22:13.724+0000] {extract.py:36} INFO - Request time: 0:00:08.582458
[2023-08-26T13:22:15.321+0000] {extract.py:42} INFO - Create DataFrame time: 0:00:01.596603
[2023-08-26T13:22:15.330+0000] {dag_etl.py:31} INFO - Complete extract user: 0:00:10.189550
[2023-08-26T13:22:15.331+0000] {dag_etl.py:33} INFO - Extracting resource...
[2023-08-26T13:22:18.425+0000] {extract.py:36} INFO - Request time: 0:00:03.092881
[2023-08-26T13:22:18.620+0000] {extract.py:42} INFO - Create DataFrame time: 0:00:00.193163
[2023-08-26T13:22:18.626+0000] {dag_etl.py:36} INFO - Complete extract resource: 0:00:03.295472
[2023-08-26T13:22:18.626+0000] {dag_etl.py:38} INFO - Transforming user...
[2023-08-26T13:22:19.124+0000] {dag_etl.py:42} INFO - Complete transform user: 0:00:00.498704
[2023-08-26T13:22:19.125+0000] {dag_etl.py:44} INFO - transform space_ships...
[2023-08-26T13:22:19.504+0000] {dag_etl.py:47} INFO - Complete transform space_ships: 0:00:00.379217
[2023-08-26T13:22:19.504+0000] {dag_etl.py:49} INFO - transform drones...
[2023-08-26T13:22:19.777+0000] {dag_etl.py:52} INFO - Complete transform drones: 0:00:00.273096
[2023-08-26T13:22:19.777+0000] {dag_etl.py:54} INFO - transform pilots...
[2023-08-26T13:22:19.935+0000] {dag_etl.py:57} INFO - Complete transform pilots: 0:00:00.158725
[2023-08-26T13:22:19.936+0000] {dag_etl.py:59} INFO - transform talents...
[2023-08-26T13:22:20.016+0000] {dag_etl.py:62} INFO - Complete transform talents: 0:00:00.080818
[2023-08-26T13:22:20.017+0000] {dag_etl.py:64} INFO - transform expert_items...
[2023-08-26T13:22:20.109+0000] {dag_etl.py:67} INFO - Complete transform expert_items: 0:00:00.092512
[2023-08-26T13:22:20.109+0000] {dag_etl.py:69} INFO - Loading user...
[2023-08-26T13:22:22.585+0000] {dag_etl.py:72} INFO - Complete load user: 0:00:02.475768
[2023-08-26T13:22:22.585+0000] {dag_etl.py:74} INFO - Loading space_ships...
[2023-08-26T13:22:27.487+0000] {dag_etl.py:77} INFO - Complete load space_ships: 0:00:04.902424
[2023-08-26T13:22:27.487+0000] {dag_etl.py:79} INFO - Loading drones...
[2023-08-26T13:22:31.447+0000] {dag_etl.py:82} INFO - Complete load drones: 0:00:03.960291
[2023-08-26T13:22:31.448+0000] {dag_etl.py:84} INFO - Loading pilots...
[2023-08-26T13:22:38.728+0000] {dag_etl.py:87} INFO - Complete load drones: 0:00:07.280982
[2023-08-26T13:22:38.729+0000] {dag_etl.py:89} INFO - Loading talents...
[2023-08-26T13:22:42.390+0000] {dag_etl.py:92} INFO - Complete load drones: 0:00:03.661624
[2023-08-26T13:22:42.390+0000] {dag_etl.py:94} INFO - Loading expert_items...
[2023-08-26T13:22:44.226+0000] {dag_etl.py:97} INFO - Complete load drones: 0:00:01.836302
[2023-08-26T13:22:44.227+0000] {dag_etl.py:99} INFO - Complete ETL Users in : 0:00:39.085980
[2023-08-26T13:22:44.263+0000] {python.py:194} INFO - Done. Returned value was: None
[2023-08-26T13:22:44.277+0000] {taskinstance.py:1400} INFO - Marking task as SUCCESS. dag_id=gaas_etl_1, task_id=etl_user, execution_date=20230826T132100, start_date=20230826T132204, end_date=20230826T132244
[2023-08-26T13:22:44.361+0000] {local_task_job_runner.py:228} INFO - Task exited with return code 0
[2023-08-26T13:22:44.383+0000] {taskinstance.py:2784} INFO - 0 downstream tasks scheduled from follow-on schedule check
