[2023-08-27T22:35:07.575+0000] {taskinstance.py:1159} INFO - Dependencies all met for dep_context=non-requeueable deps ti=<TaskInstance: gaas_etl_1.etl_user scheduled__2023-08-27T22:34:00+00:00 [queued]>
[2023-08-27T22:35:07.595+0000] {taskinstance.py:1159} INFO - Dependencies all met for dep_context=requeueable deps ti=<TaskInstance: gaas_etl_1.etl_user scheduled__2023-08-27T22:34:00+00:00 [queued]>
[2023-08-27T22:35:07.596+0000] {taskinstance.py:1361} INFO - Starting attempt 1 of 1
[2023-08-27T22:35:07.632+0000] {taskinstance.py:1382} INFO - Executing <Task(PythonOperator): etl_user> on 2023-08-27 22:34:00+00:00
[2023-08-27T22:35:07.648+0000] {standard_task_runner.py:57} INFO - Started process 468028 to run task
[2023-08-27T22:35:07.677+0000] {standard_task_runner.py:84} INFO - Running: ['airflow', 'tasks', 'run', 'gaas_etl_1', 'etl_user', 'scheduled__2023-08-27T22:34:00+00:00', '--job-id', '7656', '--raw', '--subdir', 'DAGS_FOLDER/dag_etl.py', '--cfg-path', '/tmp/tmph8zx9xe0']
[2023-08-27T22:35:07.683+0000] {standard_task_runner.py:85} INFO - Job 7656: Subtask etl_user
[2023-08-27T22:35:08.214+0000] {task_command.py:415} INFO - Running <TaskInstance: gaas_etl_1.etl_user scheduled__2023-08-27T22:34:00+00:00 [running]> on host data-system.us-central1-a.c.data-system-392010.internal
[2023-08-27T22:35:09.215+0000] {taskinstance.py:1660} INFO - Exporting env vars: AIRFLOW_CTX_DAG_EMAIL='hungnm15012002@gmail.com' AIRFLOW_CTX_DAG_OWNER='hungnm' AIRFLOW_CTX_DAG_ID='gaas_etl_1' AIRFLOW_CTX_TASK_ID='etl_user' AIRFLOW_CTX_EXECUTION_DATE='2023-08-27T22:34:00+00:00' AIRFLOW_CTX_TRY_NUMBER='1' AIRFLOW_CTX_DAG_RUN_ID='scheduled__2023-08-27T22:34:00+00:00'
[2023-08-27T22:35:09.234+0000] {dag_etl.py:28} INFO - Extracting user...
[2023-08-27T22:35:12.936+0000] {extract.py:36} INFO - Request time: 0:00:03.700609
[2023-08-27T22:35:13.397+0000] {extract.py:42} INFO - Create DataFrame time: 0:00:00.459931
[2023-08-27T22:35:13.401+0000] {dag_etl.py:31} INFO - Complete extract user: 0:00:04.166423
[2023-08-27T22:35:13.402+0000] {dag_etl.py:33} INFO - Extracting resource...
[2023-08-27T22:35:15.159+0000] {extract.py:36} INFO - Request time: 0:00:01.757737
[2023-08-27T22:35:15.198+0000] {extract.py:42} INFO - Create DataFrame time: 0:00:00.038223
[2023-08-27T22:35:15.201+0000] {dag_etl.py:36} INFO - Complete extract resource: 0:00:01.800521
[2023-08-27T22:35:15.203+0000] {dag_etl.py:38} INFO - Transforming user...
[2023-08-27T22:35:15.376+0000] {dag_etl.py:42} INFO - Complete transform user: 0:00:00.174754
[2023-08-27T22:35:15.377+0000] {dag_etl.py:44} INFO - transform space_ships...
[2023-08-27T22:35:15.485+0000] {dag_etl.py:47} INFO - Complete transform space_ships: 0:00:00.109262
[2023-08-27T22:35:15.486+0000] {dag_etl.py:49} INFO - transform drones...
[2023-08-27T22:35:15.559+0000] {dag_etl.py:52} INFO - Complete transform drones: 0:00:00.073591
[2023-08-27T22:35:15.560+0000] {dag_etl.py:54} INFO - transform pilots...
[2023-08-27T22:35:15.619+0000] {dag_etl.py:57} INFO - Complete transform pilots: 0:00:00.059769
[2023-08-27T22:35:15.619+0000] {dag_etl.py:59} INFO - transform talents...
[2023-08-27T22:35:15.643+0000] {dag_etl.py:62} INFO - Complete transform talents: 0:00:00.024380
[2023-08-27T22:35:15.643+0000] {dag_etl.py:64} INFO - transform expert_items...
[2023-08-27T22:35:15.667+0000] {dag_etl.py:67} INFO - Complete transform expert_items: 0:00:00.023822
[2023-08-27T22:35:15.667+0000] {dag_etl.py:69} INFO - Loading user...
[2023-08-27T22:35:16.978+0000] {dag_etl.py:72} INFO - Complete load user: 0:00:01.310829
[2023-08-27T22:35:16.979+0000] {dag_etl.py:74} INFO - Loading space_ships...
[2023-08-27T22:35:18.292+0000] {dag_etl.py:77} INFO - Complete load space_ships: 0:00:01.314514
[2023-08-27T22:35:18.293+0000] {dag_etl.py:79} INFO - Loading drones...
[2023-08-27T22:35:19.430+0000] {dag_etl.py:82} INFO - Complete load drones: 0:00:01.137670
[2023-08-27T22:35:19.431+0000] {dag_etl.py:84} INFO - Loading pilots...
[2023-08-27T22:35:21.301+0000] {dag_etl.py:87} INFO - Complete load drones: 0:00:01.870620
[2023-08-27T22:35:21.301+0000] {dag_etl.py:89} INFO - Loading talents...
[2023-08-27T22:35:22.520+0000] {dag_etl.py:92} INFO - Complete load drones: 0:00:01.219831
[2023-08-27T22:35:22.521+0000] {dag_etl.py:94} INFO - Loading expert_items...
[2023-08-27T22:35:23.306+0000] {dag_etl.py:97} INFO - Complete load drones: 0:00:00.785297
[2023-08-27T22:35:23.306+0000] {dag_etl.py:99} INFO - Complete ETL Users in : 0:00:14.071811
[2023-08-27T22:35:23.323+0000] {python.py:194} INFO - Done. Returned value was: None
[2023-08-27T22:35:23.337+0000] {taskinstance.py:1400} INFO - Marking task as SUCCESS. dag_id=gaas_etl_1, task_id=etl_user, execution_date=20230827T223400, start_date=20230827T223507, end_date=20230827T223523
[2023-08-27T22:35:23.396+0000] {local_task_job_runner.py:228} INFO - Task exited with return code 0
[2023-08-27T22:35:23.417+0000] {taskinstance.py:2784} INFO - 0 downstream tasks scheduled from follow-on schedule check
