[2023-08-27T23:50:06.542+0000] {taskinstance.py:1159} INFO - Dependencies all met for dep_context=non-requeueable deps ti=<TaskInstance: gaas_etl_1.etl_user scheduled__2023-08-27T23:49:00+00:00 [queued]>
[2023-08-27T23:50:06.575+0000] {taskinstance.py:1159} INFO - Dependencies all met for dep_context=requeueable deps ti=<TaskInstance: gaas_etl_1.etl_user scheduled__2023-08-27T23:49:00+00:00 [queued]>
[2023-08-27T23:50:06.576+0000] {taskinstance.py:1361} INFO - Starting attempt 1 of 1
[2023-08-27T23:50:06.626+0000] {taskinstance.py:1382} INFO - Executing <Task(PythonOperator): etl_user> on 2023-08-27 23:49:00+00:00
[2023-08-27T23:50:06.640+0000] {standard_task_runner.py:57} INFO - Started process 475920 to run task
[2023-08-27T23:50:06.662+0000] {standard_task_runner.py:84} INFO - Running: ['airflow', 'tasks', 'run', 'gaas_etl_1', 'etl_user', 'scheduled__2023-08-27T23:49:00+00:00', '--job-id', '7881', '--raw', '--subdir', 'DAGS_FOLDER/dag_etl.py', '--cfg-path', '/tmp/tmpmncsu5z_']
[2023-08-27T23:50:06.671+0000] {standard_task_runner.py:85} INFO - Job 7881: Subtask etl_user
[2023-08-27T23:50:07.563+0000] {task_command.py:415} INFO - Running <TaskInstance: gaas_etl_1.etl_user scheduled__2023-08-27T23:49:00+00:00 [running]> on host data-system.us-central1-a.c.data-system-392010.internal
[2023-08-27T23:50:08.050+0000] {taskinstance.py:1660} INFO - Exporting env vars: AIRFLOW_CTX_DAG_EMAIL='hungnm15012002@gmail.com' AIRFLOW_CTX_DAG_OWNER='hungnm' AIRFLOW_CTX_DAG_ID='gaas_etl_1' AIRFLOW_CTX_TASK_ID='etl_user' AIRFLOW_CTX_EXECUTION_DATE='2023-08-27T23:49:00+00:00' AIRFLOW_CTX_TRY_NUMBER='1' AIRFLOW_CTX_DAG_RUN_ID='scheduled__2023-08-27T23:49:00+00:00'
[2023-08-27T23:50:08.076+0000] {dag_etl.py:28} INFO - Extracting user...
[2023-08-27T23:50:12.389+0000] {extract.py:36} INFO - Request time: 0:00:04.312572
[2023-08-27T23:50:12.677+0000] {extract.py:42} INFO - Create DataFrame time: 0:00:00.287792
[2023-08-27T23:50:12.680+0000] {dag_etl.py:31} INFO - Complete extract user: 0:00:04.604735
[2023-08-27T23:50:12.681+0000] {dag_etl.py:33} INFO - Extracting resource...
[2023-08-27T23:50:14.187+0000] {extract.py:36} INFO - Request time: 0:00:01.505629
[2023-08-27T23:50:14.224+0000] {extract.py:42} INFO - Create DataFrame time: 0:00:00.036874
[2023-08-27T23:50:14.227+0000] {dag_etl.py:36} INFO - Complete extract resource: 0:00:01.546373
[2023-08-27T23:50:14.228+0000] {dag_etl.py:38} INFO - Transforming user...
[2023-08-27T23:50:14.363+0000] {dag_etl.py:42} INFO - Complete transform user: 0:00:00.136463
[2023-08-27T23:50:14.364+0000] {dag_etl.py:44} INFO - transform space_ships...
[2023-08-27T23:50:14.456+0000] {dag_etl.py:47} INFO - Complete transform space_ships: 0:00:00.093269
[2023-08-27T23:50:14.457+0000] {dag_etl.py:49} INFO - transform drones...
[2023-08-27T23:50:14.525+0000] {dag_etl.py:52} INFO - Complete transform drones: 0:00:00.068510
[2023-08-27T23:50:14.525+0000] {dag_etl.py:54} INFO - transform pilots...
[2023-08-27T23:50:14.572+0000] {dag_etl.py:57} INFO - Complete transform pilots: 0:00:00.047524
[2023-08-27T23:50:14.573+0000] {dag_etl.py:59} INFO - transform talents...
[2023-08-27T23:50:14.598+0000] {dag_etl.py:62} INFO - Complete transform talents: 0:00:00.025413
[2023-08-27T23:50:14.598+0000] {dag_etl.py:64} INFO - transform expert_items...
[2023-08-27T23:50:14.621+0000] {dag_etl.py:67} INFO - Complete transform expert_items: 0:00:00.023163
[2023-08-27T23:50:14.621+0000] {dag_etl.py:69} INFO - Loading user...
[2023-08-27T23:50:15.311+0000] {dag_etl.py:72} INFO - Complete load user: 0:00:00.690461
[2023-08-27T23:50:15.312+0000] {dag_etl.py:74} INFO - Loading space_ships...
[2023-08-27T23:50:16.158+0000] {dag_etl.py:77} INFO - Complete load space_ships: 0:00:00.846151
[2023-08-27T23:50:16.158+0000] {dag_etl.py:79} INFO - Loading drones...
[2023-08-27T23:50:16.853+0000] {dag_etl.py:82} INFO - Complete load drones: 0:00:00.695691
[2023-08-27T23:50:16.854+0000] {dag_etl.py:84} INFO - Loading pilots...
[2023-08-27T23:50:18.215+0000] {dag_etl.py:87} INFO - Complete load drones: 0:00:01.361306
[2023-08-27T23:50:18.215+0000] {dag_etl.py:89} INFO - Loading talents...
[2023-08-27T23:50:18.868+0000] {dag_etl.py:92} INFO - Complete load drones: 0:00:00.653475
[2023-08-27T23:50:18.869+0000] {dag_etl.py:94} INFO - Loading expert_items...
[2023-08-27T23:50:19.407+0000] {dag_etl.py:97} INFO - Complete load drones: 0:00:00.538855
[2023-08-27T23:50:19.408+0000] {dag_etl.py:99} INFO - Complete ETL Users in : 0:00:11.332084
[2023-08-27T23:50:19.435+0000] {python.py:194} INFO - Done. Returned value was: None
[2023-08-27T23:50:19.469+0000] {taskinstance.py:1400} INFO - Marking task as SUCCESS. dag_id=gaas_etl_1, task_id=etl_user, execution_date=20230827T234900, start_date=20230827T235006, end_date=20230827T235019
[2023-08-27T23:50:19.544+0000] {local_task_job_runner.py:228} INFO - Task exited with return code 0
[2023-08-27T23:50:19.573+0000] {taskinstance.py:2784} INFO - 0 downstream tasks scheduled from follow-on schedule check
