[2023-08-27T06:35:05.923+0000] {taskinstance.py:1159} INFO - Dependencies all met for dep_context=non-requeueable deps ti=<TaskInstance: gaas_etl_1.etl_user scheduled__2023-08-27T06:34:00+00:00 [queued]>
[2023-08-27T06:35:05.944+0000] {taskinstance.py:1159} INFO - Dependencies all met for dep_context=requeueable deps ti=<TaskInstance: gaas_etl_1.etl_user scheduled__2023-08-27T06:34:00+00:00 [queued]>
[2023-08-27T06:35:05.944+0000] {taskinstance.py:1361} INFO - Starting attempt 1 of 1
[2023-08-27T06:35:05.977+0000] {taskinstance.py:1382} INFO - Executing <Task(PythonOperator): etl_user> on 2023-08-27 06:34:00+00:00
[2023-08-27T06:35:05.987+0000] {standard_task_runner.py:57} INFO - Started process 373483 to run task
[2023-08-27T06:35:06.001+0000] {standard_task_runner.py:84} INFO - Running: ['airflow', 'tasks', 'run', 'gaas_etl_1', 'etl_user', 'scheduled__2023-08-27T06:34:00+00:00', '--job-id', '4775', '--raw', '--subdir', 'DAGS_FOLDER/dag_etl.py', '--cfg-path', '/tmp/tmpny359hwm']
[2023-08-27T06:35:06.007+0000] {standard_task_runner.py:85} INFO - Job 4775: Subtask etl_user
[2023-08-27T06:35:06.387+0000] {task_command.py:415} INFO - Running <TaskInstance: gaas_etl_1.etl_user scheduled__2023-08-27T06:34:00+00:00 [running]> on host data-system.us-central1-a.c.data-system-392010.internal
[2023-08-27T06:35:07.101+0000] {taskinstance.py:1660} INFO - Exporting env vars: AIRFLOW_CTX_DAG_EMAIL='hungnm15012002@gmail.com' AIRFLOW_CTX_DAG_OWNER='hungnm' AIRFLOW_CTX_DAG_ID='gaas_etl_1' AIRFLOW_CTX_TASK_ID='etl_user' AIRFLOW_CTX_EXECUTION_DATE='2023-08-27T06:34:00+00:00' AIRFLOW_CTX_TRY_NUMBER='1' AIRFLOW_CTX_DAG_RUN_ID='scheduled__2023-08-27T06:34:00+00:00'
[2023-08-27T06:35:07.121+0000] {dag_etl.py:28} INFO - Extracting user...
[2023-08-27T06:35:10.532+0000] {extract.py:36} INFO - Request time: 0:00:03.410775
[2023-08-27T06:35:10.724+0000] {extract.py:42} INFO - Create DataFrame time: 0:00:00.191138
[2023-08-27T06:35:10.727+0000] {dag_etl.py:31} INFO - Complete extract user: 0:00:03.606300
[2023-08-27T06:35:10.728+0000] {dag_etl.py:33} INFO - Extracting resource...
[2023-08-27T06:35:12.242+0000] {extract.py:36} INFO - Request time: 0:00:01.513246
[2023-08-27T06:35:12.304+0000] {extract.py:42} INFO - Create DataFrame time: 0:00:00.061295
[2023-08-27T06:35:12.307+0000] {dag_etl.py:36} INFO - Complete extract resource: 0:00:01.579931
[2023-08-27T06:35:12.309+0000] {dag_etl.py:38} INFO - Transforming user...
[2023-08-27T06:35:12.518+0000] {dag_etl.py:42} INFO - Complete transform user: 0:00:00.211460
[2023-08-27T06:35:12.519+0000] {dag_etl.py:44} INFO - transform space_ships...
[2023-08-27T06:35:12.658+0000] {dag_etl.py:47} INFO - Complete transform space_ships: 0:00:00.139512
[2023-08-27T06:35:12.659+0000] {dag_etl.py:49} INFO - transform drones...
[2023-08-27T06:35:12.757+0000] {dag_etl.py:52} INFO - Complete transform drones: 0:00:00.099212
[2023-08-27T06:35:12.758+0000] {dag_etl.py:54} INFO - transform pilots...
[2023-08-27T06:35:12.819+0000] {dag_etl.py:57} INFO - Complete transform pilots: 0:00:00.061548
[2023-08-27T06:35:12.820+0000] {dag_etl.py:59} INFO - transform talents...
[2023-08-27T06:35:12.848+0000] {dag_etl.py:62} INFO - Complete transform talents: 0:00:00.029165
[2023-08-27T06:35:12.848+0000] {dag_etl.py:64} INFO - transform expert_items...
[2023-08-27T06:35:12.875+0000] {dag_etl.py:67} INFO - Complete transform expert_items: 0:00:00.027041
[2023-08-27T06:35:12.875+0000] {dag_etl.py:69} INFO - Loading user...
[2023-08-27T06:35:13.827+0000] {dag_etl.py:72} INFO - Complete load user: 0:00:00.951774
[2023-08-27T06:35:13.827+0000] {dag_etl.py:74} INFO - Loading space_ships...
[2023-08-27T06:35:15.095+0000] {dag_etl.py:77} INFO - Complete load space_ships: 0:00:01.268687
[2023-08-27T06:35:15.096+0000] {dag_etl.py:79} INFO - Loading drones...
[2023-08-27T06:35:16.332+0000] {dag_etl.py:82} INFO - Complete load drones: 0:00:01.237008
[2023-08-27T06:35:16.333+0000] {dag_etl.py:84} INFO - Loading pilots...
[2023-08-27T06:35:18.318+0000] {dag_etl.py:87} INFO - Complete load drones: 0:00:01.985364
[2023-08-27T06:35:18.318+0000] {dag_etl.py:89} INFO - Loading talents...
[2023-08-27T06:35:19.590+0000] {dag_etl.py:92} INFO - Complete load drones: 0:00:01.272775
[2023-08-27T06:35:19.591+0000] {dag_etl.py:94} INFO - Loading expert_items...
[2023-08-27T06:35:20.427+0000] {dag_etl.py:97} INFO - Complete load drones: 0:00:00.836304
[2023-08-27T06:35:20.427+0000] {dag_etl.py:99} INFO - Complete ETL Users in : 0:00:13.306777
[2023-08-27T06:35:20.448+0000] {python.py:194} INFO - Done. Returned value was: None
[2023-08-27T06:35:20.468+0000] {taskinstance.py:1400} INFO - Marking task as SUCCESS. dag_id=gaas_etl_1, task_id=etl_user, execution_date=20230827T063400, start_date=20230827T063505, end_date=20230827T063520
[2023-08-27T06:35:20.540+0000] {local_task_job_runner.py:228} INFO - Task exited with return code 0
[2023-08-27T06:35:20.589+0000] {taskinstance.py:2784} INFO - 0 downstream tasks scheduled from follow-on schedule check
