[2023-08-28T00:48:07.196+0000] {taskinstance.py:1159} INFO - Dependencies all met for dep_context=non-requeueable deps ti=<TaskInstance: gaas_etl_1.etl_user scheduled__2023-08-28T00:47:00+00:00 [queued]>
[2023-08-28T00:48:07.214+0000] {taskinstance.py:1159} INFO - Dependencies all met for dep_context=requeueable deps ti=<TaskInstance: gaas_etl_1.etl_user scheduled__2023-08-28T00:47:00+00:00 [queued]>
[2023-08-28T00:48:07.215+0000] {taskinstance.py:1361} INFO - Starting attempt 1 of 1
[2023-08-28T00:48:07.243+0000] {taskinstance.py:1382} INFO - Executing <Task(PythonOperator): etl_user> on 2023-08-28 00:47:00+00:00
[2023-08-28T00:48:07.253+0000] {standard_task_runner.py:57} INFO - Started process 481968 to run task
[2023-08-28T00:48:07.266+0000] {standard_task_runner.py:84} INFO - Running: ['airflow', 'tasks', 'run', 'gaas_etl_1', 'etl_user', 'scheduled__2023-08-28T00:47:00+00:00', '--job-id', '8055', '--raw', '--subdir', 'DAGS_FOLDER/dag_etl.py', '--cfg-path', '/tmp/tmpua79iz1f']
[2023-08-28T00:48:07.280+0000] {standard_task_runner.py:85} INFO - Job 8055: Subtask etl_user
[2023-08-28T00:48:08.283+0000] {task_command.py:415} INFO - Running <TaskInstance: gaas_etl_1.etl_user scheduled__2023-08-28T00:47:00+00:00 [running]> on host data-system.us-central1-a.c.data-system-392010.internal
[2023-08-28T00:48:08.776+0000] {taskinstance.py:1660} INFO - Exporting env vars: AIRFLOW_CTX_DAG_EMAIL='hungnm15012002@gmail.com' AIRFLOW_CTX_DAG_OWNER='hungnm' AIRFLOW_CTX_DAG_ID='gaas_etl_1' AIRFLOW_CTX_TASK_ID='etl_user' AIRFLOW_CTX_EXECUTION_DATE='2023-08-28T00:47:00+00:00' AIRFLOW_CTX_TRY_NUMBER='1' AIRFLOW_CTX_DAG_RUN_ID='scheduled__2023-08-28T00:47:00+00:00'
[2023-08-28T00:48:08.796+0000] {dag_etl.py:28} INFO - Extracting user...
[2023-08-28T00:48:15.371+0000] {extract.py:36} INFO - Request time: 0:00:06.574886
[2023-08-28T00:48:16.813+0000] {extract.py:42} INFO - Create DataFrame time: 0:00:01.440783
[2023-08-28T00:48:16.821+0000] {dag_etl.py:31} INFO - Complete extract user: 0:00:08.025550
[2023-08-28T00:48:16.823+0000] {dag_etl.py:33} INFO - Extracting resource...
[2023-08-28T00:48:19.215+0000] {extract.py:36} INFO - Request time: 0:00:02.391775
[2023-08-28T00:48:19.350+0000] {extract.py:42} INFO - Create DataFrame time: 0:00:00.134069
[2023-08-28T00:48:19.355+0000] {dag_etl.py:36} INFO - Complete extract resource: 0:00:02.533956
[2023-08-28T00:48:19.357+0000] {dag_etl.py:38} INFO - Transforming user...
[2023-08-28T00:48:19.896+0000] {dag_etl.py:42} INFO - Complete transform user: 0:00:00.540791
[2023-08-28T00:48:19.897+0000] {dag_etl.py:44} INFO - transform space_ships...
[2023-08-28T00:48:20.333+0000] {dag_etl.py:47} INFO - Complete transform space_ships: 0:00:00.437145
[2023-08-28T00:48:20.334+0000] {dag_etl.py:49} INFO - transform drones...
[2023-08-28T00:48:20.555+0000] {dag_etl.py:52} INFO - Complete transform drones: 0:00:00.221724
[2023-08-28T00:48:20.556+0000] {dag_etl.py:54} INFO - transform pilots...
[2023-08-28T00:48:20.711+0000] {dag_etl.py:57} INFO - Complete transform pilots: 0:00:00.155869
[2023-08-28T00:48:20.711+0000] {dag_etl.py:59} INFO - transform talents...
[2023-08-28T00:48:20.784+0000] {dag_etl.py:62} INFO - Complete transform talents: 0:00:00.072805
[2023-08-28T00:48:20.784+0000] {dag_etl.py:64} INFO - transform expert_items...
[2023-08-28T00:48:20.852+0000] {dag_etl.py:67} INFO - Complete transform expert_items: 0:00:00.068070
[2023-08-28T00:48:20.852+0000] {dag_etl.py:69} INFO - Loading user...
[2023-08-28T00:48:23.213+0000] {dag_etl.py:72} INFO - Complete load user: 0:00:02.361134
[2023-08-28T00:48:23.213+0000] {dag_etl.py:74} INFO - Loading space_ships...
[2023-08-28T00:48:27.171+0000] {dag_etl.py:77} INFO - Complete load space_ships: 0:00:03.957892
[2023-08-28T00:48:27.171+0000] {dag_etl.py:79} INFO - Loading drones...
[2023-08-28T00:48:30.004+0000] {dag_etl.py:82} INFO - Complete load drones: 0:00:02.833445
[2023-08-28T00:48:30.005+0000] {dag_etl.py:84} INFO - Loading pilots...
[2023-08-28T00:48:33.159+0000] {dag_etl.py:87} INFO - Complete load drones: 0:00:03.154707
[2023-08-28T00:48:33.160+0000] {dag_etl.py:89} INFO - Loading talents...
[2023-08-28T00:48:35.343+0000] {dag_etl.py:92} INFO - Complete load drones: 0:00:02.183771
[2023-08-28T00:48:35.343+0000] {dag_etl.py:94} INFO - Loading expert_items...
[2023-08-28T00:48:37.306+0000] {dag_etl.py:97} INFO - Complete load drones: 0:00:01.962898
[2023-08-28T00:48:37.306+0000] {dag_etl.py:99} INFO - Complete ETL Users in : 0:00:28.510471
[2023-08-28T00:48:37.360+0000] {python.py:194} INFO - Done. Returned value was: None
[2023-08-28T00:48:37.380+0000] {taskinstance.py:1400} INFO - Marking task as SUCCESS. dag_id=gaas_etl_1, task_id=etl_user, execution_date=20230828T004700, start_date=20230828T004807, end_date=20230828T004837
[2023-08-28T00:48:37.475+0000] {local_task_job_runner.py:228} INFO - Task exited with return code 0
[2023-08-28T00:48:37.499+0000] {taskinstance.py:2784} INFO - 0 downstream tasks scheduled from follow-on schedule check
