[2023-08-26T19:56:04.374+0000] {taskinstance.py:1159} INFO - Dependencies all met for dep_context=non-requeueable deps ti=<TaskInstance: gaas_etl_1.etl_user scheduled__2023-08-26T19:55:00+00:00 [queued]>
[2023-08-26T19:56:04.409+0000] {taskinstance.py:1159} INFO - Dependencies all met for dep_context=requeueable deps ti=<TaskInstance: gaas_etl_1.etl_user scheduled__2023-08-26T19:55:00+00:00 [queued]>
[2023-08-26T19:56:04.410+0000] {taskinstance.py:1361} INFO - Starting attempt 1 of 1
[2023-08-26T19:56:04.489+0000] {taskinstance.py:1382} INFO - Executing <Task(PythonOperator): etl_user> on 2023-08-26 19:55:00+00:00
[2023-08-26T19:56:04.503+0000] {standard_task_runner.py:57} INFO - Started process 329120 to run task
[2023-08-26T19:56:04.523+0000] {standard_task_runner.py:84} INFO - Running: ['airflow', 'tasks', 'run', 'gaas_etl_1', 'etl_user', 'scheduled__2023-08-26T19:55:00+00:00', '--job-id', '2858', '--raw', '--subdir', 'DAGS_FOLDER/dag_etl.py', '--cfg-path', '/tmp/tmp87t3b2y2']
[2023-08-26T19:56:04.535+0000] {standard_task_runner.py:85} INFO - Job 2858: Subtask etl_user
[2023-08-26T19:56:05.104+0000] {task_command.py:415} INFO - Running <TaskInstance: gaas_etl_1.etl_user scheduled__2023-08-26T19:55:00+00:00 [running]> on host data-system.us-central1-a.c.data-system-392010.internal
[2023-08-26T19:56:05.356+0000] {taskinstance.py:1660} INFO - Exporting env vars: AIRFLOW_CTX_DAG_EMAIL='hungnm15012002@gmail.com' AIRFLOW_CTX_DAG_OWNER='hungnm' AIRFLOW_CTX_DAG_ID='gaas_etl_1' AIRFLOW_CTX_TASK_ID='etl_user' AIRFLOW_CTX_EXECUTION_DATE='2023-08-26T19:55:00+00:00' AIRFLOW_CTX_TRY_NUMBER='1' AIRFLOW_CTX_DAG_RUN_ID='scheduled__2023-08-26T19:55:00+00:00'
[2023-08-26T19:56:05.373+0000] {dag_etl.py:28} INFO - Extracting user...
[2023-08-26T19:56:09.597+0000] {extract.py:36} INFO - Request time: 0:00:04.223152
[2023-08-26T19:56:09.778+0000] {extract.py:42} INFO - Create DataFrame time: 0:00:00.180385
[2023-08-26T19:56:09.781+0000] {dag_etl.py:31} INFO - Complete extract user: 0:00:04.407949
[2023-08-26T19:56:09.782+0000] {dag_etl.py:33} INFO - Extracting resource...
[2023-08-26T19:56:11.725+0000] {extract.py:36} INFO - Request time: 0:00:01.942856
[2023-08-26T19:56:11.756+0000] {extract.py:42} INFO - Create DataFrame time: 0:00:00.030928
[2023-08-26T19:56:11.758+0000] {dag_etl.py:36} INFO - Complete extract resource: 0:00:01.977535
[2023-08-26T19:56:11.759+0000] {dag_etl.py:38} INFO - Transforming user...
[2023-08-26T19:56:11.883+0000] {dag_etl.py:42} INFO - Complete transform user: 0:00:00.124818
[2023-08-26T19:56:11.884+0000] {dag_etl.py:44} INFO - transform space_ships...
[2023-08-26T19:56:11.958+0000] {dag_etl.py:47} INFO - Complete transform space_ships: 0:00:00.075221
[2023-08-26T19:56:11.959+0000] {dag_etl.py:49} INFO - transform drones...
[2023-08-26T19:56:12.011+0000] {dag_etl.py:52} INFO - Complete transform drones: 0:00:00.052795
[2023-08-26T19:56:12.012+0000] {dag_etl.py:54} INFO - transform pilots...
[2023-08-26T19:56:12.048+0000] {dag_etl.py:57} INFO - Complete transform pilots: 0:00:00.036589
[2023-08-26T19:56:12.048+0000] {dag_etl.py:59} INFO - transform talents...
[2023-08-26T19:56:12.066+0000] {dag_etl.py:62} INFO - Complete transform talents: 0:00:00.018029
[2023-08-26T19:56:12.066+0000] {dag_etl.py:64} INFO - transform expert_items...
[2023-08-26T19:56:12.088+0000] {dag_etl.py:67} INFO - Complete transform expert_items: 0:00:00.022255
[2023-08-26T19:56:12.088+0000] {dag_etl.py:69} INFO - Loading user...
[2023-08-26T19:56:12.945+0000] {dag_etl.py:72} INFO - Complete load user: 0:00:00.856757
[2023-08-26T19:56:12.945+0000] {dag_etl.py:74} INFO - Loading space_ships...
[2023-08-26T19:56:14.218+0000] {dag_etl.py:77} INFO - Complete load space_ships: 0:00:01.273544
[2023-08-26T19:56:14.219+0000] {dag_etl.py:79} INFO - Loading drones...
[2023-08-26T19:56:15.874+0000] {dag_etl.py:82} INFO - Complete load drones: 0:00:01.655921
[2023-08-26T19:56:15.875+0000] {dag_etl.py:84} INFO - Loading pilots...
[2023-08-26T19:56:17.902+0000] {dag_etl.py:87} INFO - Complete load drones: 0:00:02.027487
[2023-08-26T19:56:17.903+0000] {dag_etl.py:89} INFO - Loading talents...
[2023-08-26T19:56:19.110+0000] {dag_etl.py:92} INFO - Complete load drones: 0:00:01.208324
[2023-08-26T19:56:19.111+0000] {dag_etl.py:94} INFO - Loading expert_items...
[2023-08-26T19:56:19.962+0000] {dag_etl.py:97} INFO - Complete load drones: 0:00:00.851711
[2023-08-26T19:56:19.962+0000] {dag_etl.py:99} INFO - Complete ETL Users in : 0:00:14.589527
[2023-08-26T19:56:19.981+0000] {python.py:194} INFO - Done. Returned value was: None
[2023-08-26T19:56:19.999+0000] {taskinstance.py:1400} INFO - Marking task as SUCCESS. dag_id=gaas_etl_1, task_id=etl_user, execution_date=20230826T195500, start_date=20230826T195604, end_date=20230826T195619
[2023-08-26T19:56:20.072+0000] {local_task_job_runner.py:228} INFO - Task exited with return code 0
[2023-08-26T19:56:20.105+0000] {taskinstance.py:2784} INFO - 0 downstream tasks scheduled from follow-on schedule check
