[2023-08-26T16:45:04.971+0000] {taskinstance.py:1159} INFO - Dependencies all met for dep_context=non-requeueable deps ti=<TaskInstance: gaas_etl_1.etl_user scheduled__2023-08-26T16:44:00+00:00 [queued]>
[2023-08-26T16:45:04.991+0000] {taskinstance.py:1159} INFO - Dependencies all met for dep_context=requeueable deps ti=<TaskInstance: gaas_etl_1.etl_user scheduled__2023-08-26T16:44:00+00:00 [queued]>
[2023-08-26T16:45:04.991+0000] {taskinstance.py:1361} INFO - Starting attempt 1 of 1
[2023-08-26T16:45:05.035+0000] {taskinstance.py:1382} INFO - Executing <Task(PythonOperator): etl_user> on 2023-08-26 16:44:00+00:00
[2023-08-26T16:45:05.044+0000] {standard_task_runner.py:57} INFO - Started process 321611 to run task
[2023-08-26T16:45:05.061+0000] {standard_task_runner.py:84} INFO - Running: ['airflow', 'tasks', 'run', 'gaas_etl_1', 'etl_user', 'scheduled__2023-08-26T16:44:00+00:00', '--job-id', '2285', '--raw', '--subdir', 'DAGS_FOLDER/dag_etl.py', '--cfg-path', '/tmp/tmp1l9t63jy']
[2023-08-26T16:45:05.067+0000] {standard_task_runner.py:85} INFO - Job 2285: Subtask etl_user
[2023-08-26T16:45:05.296+0000] {task_command.py:415} INFO - Running <TaskInstance: gaas_etl_1.etl_user scheduled__2023-08-26T16:44:00+00:00 [running]> on host data-system.us-central1-a.c.data-system-392010.internal
[2023-08-26T16:45:05.891+0000] {taskinstance.py:1660} INFO - Exporting env vars: AIRFLOW_CTX_DAG_EMAIL='hungnm15012002@gmail.com' AIRFLOW_CTX_DAG_OWNER='hungnm' AIRFLOW_CTX_DAG_ID='gaas_etl_1' AIRFLOW_CTX_TASK_ID='etl_user' AIRFLOW_CTX_EXECUTION_DATE='2023-08-26T16:44:00+00:00' AIRFLOW_CTX_TRY_NUMBER='1' AIRFLOW_CTX_DAG_RUN_ID='scheduled__2023-08-26T16:44:00+00:00'
[2023-08-26T16:45:05.915+0000] {dag_etl.py:28} INFO - Extracting user...
[2023-08-26T16:45:09.586+0000] {extract.py:36} INFO - Request time: 0:00:03.670908
[2023-08-26T16:45:09.744+0000] {extract.py:42} INFO - Create DataFrame time: 0:00:00.156663
[2023-08-26T16:45:09.747+0000] {dag_etl.py:31} INFO - Complete extract user: 0:00:03.831811
[2023-08-26T16:45:09.747+0000] {dag_etl.py:33} INFO - Extracting resource...
[2023-08-26T16:45:11.607+0000] {extract.py:36} INFO - Request time: 0:00:01.859119
[2023-08-26T16:45:11.634+0000] {extract.py:42} INFO - Create DataFrame time: 0:00:00.027130
[2023-08-26T16:45:11.636+0000] {dag_etl.py:36} INFO - Complete extract resource: 0:00:01.889449
[2023-08-26T16:45:11.637+0000] {dag_etl.py:38} INFO - Transforming user...
[2023-08-26T16:45:11.739+0000] {dag_etl.py:42} INFO - Complete transform user: 0:00:00.102476
[2023-08-26T16:45:11.740+0000] {dag_etl.py:44} INFO - transform space_ships...
[2023-08-26T16:45:11.808+0000] {dag_etl.py:47} INFO - Complete transform space_ships: 0:00:00.069061
[2023-08-26T16:45:11.808+0000] {dag_etl.py:49} INFO - transform drones...
[2023-08-26T16:45:11.856+0000] {dag_etl.py:52} INFO - Complete transform drones: 0:00:00.048024
[2023-08-26T16:45:11.856+0000] {dag_etl.py:54} INFO - transform pilots...
[2023-08-26T16:45:11.897+0000] {dag_etl.py:57} INFO - Complete transform pilots: 0:00:00.040846
[2023-08-26T16:45:11.897+0000] {dag_etl.py:59} INFO - transform talents...
[2023-08-26T16:45:11.917+0000] {dag_etl.py:62} INFO - Complete transform talents: 0:00:00.020439
[2023-08-26T16:45:11.918+0000] {dag_etl.py:64} INFO - transform expert_items...
[2023-08-26T16:45:11.932+0000] {dag_etl.py:67} INFO - Complete transform expert_items: 0:00:00.015211
[2023-08-26T16:45:11.933+0000] {dag_etl.py:69} INFO - Loading user...
[2023-08-26T16:45:12.741+0000] {dag_etl.py:72} INFO - Complete load user: 0:00:00.808555
[2023-08-26T16:45:12.741+0000] {dag_etl.py:74} INFO - Loading space_ships...
[2023-08-26T16:45:13.921+0000] {dag_etl.py:77} INFO - Complete load space_ships: 0:00:01.180160
[2023-08-26T16:45:13.922+0000] {dag_etl.py:79} INFO - Loading drones...
[2023-08-26T16:45:15.114+0000] {dag_etl.py:82} INFO - Complete load drones: 0:00:01.192765
[2023-08-26T16:45:15.115+0000] {dag_etl.py:84} INFO - Loading pilots...
[2023-08-26T16:45:17.943+0000] {dag_etl.py:87} INFO - Complete load drones: 0:00:02.829174
[2023-08-26T16:45:17.944+0000] {dag_etl.py:89} INFO - Loading talents...
[2023-08-26T16:45:19.176+0000] {dag_etl.py:92} INFO - Complete load drones: 0:00:01.232712
[2023-08-26T16:45:19.176+0000] {dag_etl.py:94} INFO - Loading expert_items...
[2023-08-26T16:45:20.070+0000] {dag_etl.py:97} INFO - Complete load drones: 0:00:00.894200
[2023-08-26T16:45:20.071+0000] {dag_etl.py:99} INFO - Complete ETL Users in : 0:00:14.155751
[2023-08-26T16:45:20.095+0000] {python.py:194} INFO - Done. Returned value was: None
[2023-08-26T16:45:20.118+0000] {taskinstance.py:1400} INFO - Marking task as SUCCESS. dag_id=gaas_etl_1, task_id=etl_user, execution_date=20230826T164400, start_date=20230826T164504, end_date=20230826T164520
[2023-08-26T16:45:20.191+0000] {local_task_job_runner.py:228} INFO - Task exited with return code 0
[2023-08-26T16:45:20.284+0000] {taskinstance.py:2784} INFO - 0 downstream tasks scheduled from follow-on schedule check
