[2023-08-26T16:42:04.858+0000] {taskinstance.py:1159} INFO - Dependencies all met for dep_context=non-requeueable deps ti=<TaskInstance: gaas_etl_1.etl_user scheduled__2023-08-26T16:41:00+00:00 [queued]>
[2023-08-26T16:42:04.876+0000] {taskinstance.py:1159} INFO - Dependencies all met for dep_context=requeueable deps ti=<TaskInstance: gaas_etl_1.etl_user scheduled__2023-08-26T16:41:00+00:00 [queued]>
[2023-08-26T16:42:04.877+0000] {taskinstance.py:1361} INFO - Starting attempt 1 of 1
[2023-08-26T16:42:04.903+0000] {taskinstance.py:1382} INFO - Executing <Task(PythonOperator): etl_user> on 2023-08-26 16:41:00+00:00
[2023-08-26T16:42:04.914+0000] {standard_task_runner.py:57} INFO - Started process 321492 to run task
[2023-08-26T16:42:04.929+0000] {standard_task_runner.py:84} INFO - Running: ['airflow', 'tasks', 'run', 'gaas_etl_1', 'etl_user', 'scheduled__2023-08-26T16:41:00+00:00', '--job-id', '2275', '--raw', '--subdir', 'DAGS_FOLDER/dag_etl.py', '--cfg-path', '/tmp/tmpwwjbmaw6']
[2023-08-26T16:42:04.934+0000] {standard_task_runner.py:85} INFO - Job 2275: Subtask etl_user
[2023-08-26T16:42:05.217+0000] {task_command.py:415} INFO - Running <TaskInstance: gaas_etl_1.etl_user scheduled__2023-08-26T16:41:00+00:00 [running]> on host data-system.us-central1-a.c.data-system-392010.internal
[2023-08-26T16:42:05.753+0000] {taskinstance.py:1660} INFO - Exporting env vars: AIRFLOW_CTX_DAG_EMAIL='hungnm15012002@gmail.com' AIRFLOW_CTX_DAG_OWNER='hungnm' AIRFLOW_CTX_DAG_ID='gaas_etl_1' AIRFLOW_CTX_TASK_ID='etl_user' AIRFLOW_CTX_EXECUTION_DATE='2023-08-26T16:41:00+00:00' AIRFLOW_CTX_TRY_NUMBER='1' AIRFLOW_CTX_DAG_RUN_ID='scheduled__2023-08-26T16:41:00+00:00'
[2023-08-26T16:42:05.775+0000] {dag_etl.py:28} INFO - Extracting user...
[2023-08-26T16:42:19.102+0000] {extract.py:36} INFO - Request time: 0:00:13.326553
[2023-08-26T16:42:19.454+0000] {extract.py:42} INFO - Create DataFrame time: 0:00:00.351193
[2023-08-26T16:42:19.458+0000] {dag_etl.py:31} INFO - Complete extract user: 0:00:13.683037
[2023-08-26T16:42:19.458+0000] {dag_etl.py:33} INFO - Extracting resource...
[2023-08-26T16:42:24.996+0000] {extract.py:36} INFO - Request time: 0:00:05.537569
[2023-08-26T16:42:25.092+0000] {extract.py:42} INFO - Create DataFrame time: 0:00:00.094724
[2023-08-26T16:42:25.095+0000] {dag_etl.py:36} INFO - Complete extract resource: 0:00:05.637064
[2023-08-26T16:42:25.096+0000] {dag_etl.py:38} INFO - Transforming user...
[2023-08-26T16:42:25.448+0000] {dag_etl.py:42} INFO - Complete transform user: 0:00:00.353384
[2023-08-26T16:42:25.449+0000] {dag_etl.py:44} INFO - transform space_ships...
[2023-08-26T16:42:25.664+0000] {dag_etl.py:47} INFO - Complete transform space_ships: 0:00:00.215780
[2023-08-26T16:42:25.665+0000] {dag_etl.py:49} INFO - transform drones...
[2023-08-26T16:42:25.809+0000] {dag_etl.py:52} INFO - Complete transform drones: 0:00:00.144847
[2023-08-26T16:42:25.809+0000] {dag_etl.py:54} INFO - transform pilots...
[2023-08-26T16:42:25.908+0000] {dag_etl.py:57} INFO - Complete transform pilots: 0:00:00.099587
[2023-08-26T16:42:25.909+0000] {dag_etl.py:59} INFO - transform talents...
[2023-08-26T16:42:25.957+0000] {dag_etl.py:62} INFO - Complete transform talents: 0:00:00.048232
[2023-08-26T16:42:25.957+0000] {dag_etl.py:64} INFO - transform expert_items...
[2023-08-26T16:42:26.006+0000] {dag_etl.py:67} INFO - Complete transform expert_items: 0:00:00.049134
[2023-08-26T16:42:26.006+0000] {dag_etl.py:69} INFO - Loading user...
[2023-08-26T16:42:27.531+0000] {dag_etl.py:72} INFO - Complete load user: 0:00:01.524824
[2023-08-26T16:42:27.531+0000] {dag_etl.py:74} INFO - Loading space_ships...
[2023-08-26T16:42:30.607+0000] {dag_etl.py:77} INFO - Complete load space_ships: 0:00:03.076613
[2023-08-26T16:42:30.608+0000] {dag_etl.py:79} INFO - Loading drones...
[2023-08-26T16:42:32.849+0000] {dag_etl.py:82} INFO - Complete load drones: 0:00:02.241902
[2023-08-26T16:42:32.850+0000] {dag_etl.py:84} INFO - Loading pilots...
[2023-08-26T16:42:36.585+0000] {dag_etl.py:87} INFO - Complete load drones: 0:00:03.736014
[2023-08-26T16:42:36.586+0000] {dag_etl.py:89} INFO - Loading talents...
[2023-08-26T16:42:38.701+0000] {dag_etl.py:92} INFO - Complete load drones: 0:00:02.115398
[2023-08-26T16:42:38.701+0000] {dag_etl.py:94} INFO - Loading expert_items...
[2023-08-26T16:42:39.951+0000] {dag_etl.py:97} INFO - Complete load drones: 0:00:01.250069
[2023-08-26T16:42:39.951+0000] {dag_etl.py:99} INFO - Complete ETL Users in : 0:00:34.176470
[2023-08-26T16:42:39.982+0000] {python.py:194} INFO - Done. Returned value was: None
[2023-08-26T16:42:40.000+0000] {taskinstance.py:1400} INFO - Marking task as SUCCESS. dag_id=gaas_etl_1, task_id=etl_user, execution_date=20230826T164100, start_date=20230826T164204, end_date=20230826T164240
[2023-08-26T16:42:40.081+0000] {local_task_job_runner.py:228} INFO - Task exited with return code 0
[2023-08-26T16:42:40.113+0000] {taskinstance.py:2784} INFO - 0 downstream tasks scheduled from follow-on schedule check
