[2023-08-26T07:35:04.383+0000] {taskinstance.py:1159} INFO - Dependencies all met for dep_context=non-requeueable deps ti=<TaskInstance: gaas_etl_1.etl_user scheduled__2023-08-26T07:34:00+00:00 [queued]>
[2023-08-26T07:35:04.400+0000] {taskinstance.py:1159} INFO - Dependencies all met for dep_context=requeueable deps ti=<TaskInstance: gaas_etl_1.etl_user scheduled__2023-08-26T07:34:00+00:00 [queued]>
[2023-08-26T07:35:04.401+0000] {taskinstance.py:1361} INFO - Starting attempt 1 of 1
[2023-08-26T07:35:04.427+0000] {taskinstance.py:1382} INFO - Executing <Task(PythonOperator): etl_user> on 2023-08-26 07:34:00+00:00
[2023-08-26T07:35:04.439+0000] {standard_task_runner.py:57} INFO - Started process 287779 to run task
[2023-08-26T07:35:04.444+0000] {standard_task_runner.py:84} INFO - Running: ['airflow', 'tasks', 'run', 'gaas_etl_1', 'etl_user', 'scheduled__2023-08-26T07:34:00+00:00', '--job-id', '635', '--raw', '--subdir', 'DAGS_FOLDER/dag_etl.py', '--cfg-path', '/tmp/tmpyqo6g05b']
[2023-08-26T07:35:04.450+0000] {standard_task_runner.py:85} INFO - Job 635: Subtask etl_user
[2023-08-26T07:35:04.586+0000] {task_command.py:415} INFO - Running <TaskInstance: gaas_etl_1.etl_user scheduled__2023-08-26T07:34:00+00:00 [running]> on host data-system.us-central1-a.c.data-system-392010.internal
[2023-08-26T07:35:04.812+0000] {taskinstance.py:1660} INFO - Exporting env vars: AIRFLOW_CTX_DAG_EMAIL='hungnm15012002@gmail.com' AIRFLOW_CTX_DAG_OWNER='hungnm' AIRFLOW_CTX_DAG_ID='gaas_etl_1' AIRFLOW_CTX_TASK_ID='etl_user' AIRFLOW_CTX_EXECUTION_DATE='2023-08-26T07:34:00+00:00' AIRFLOW_CTX_TRY_NUMBER='1' AIRFLOW_CTX_DAG_RUN_ID='scheduled__2023-08-26T07:34:00+00:00'
[2023-08-26T07:35:04.838+0000] {dag_etl.py:28} INFO - Extracting user...
[2023-08-26T07:35:06.379+0000] {extract.py:36} INFO - Request time: 0:00:01.540472
[2023-08-26T07:35:06.414+0000] {extract.py:42} INFO - Create DataFrame time: 0:00:00.034848
[2023-08-26T07:35:06.418+0000] {dag_etl.py:31} INFO - Complete extract user: 0:00:01.579971
[2023-08-26T07:35:06.418+0000] {dag_etl.py:33} INFO - Extracting resource...
[2023-08-26T07:35:07.768+0000] {extract.py:36} INFO - Request time: 0:00:01.348765
[2023-08-26T07:35:07.778+0000] {extract.py:42} INFO - Create DataFrame time: 0:00:00.010107
[2023-08-26T07:35:07.780+0000] {dag_etl.py:36} INFO - Complete extract resource: 0:00:01.362205
[2023-08-26T07:35:07.781+0000] {dag_etl.py:38} INFO - Transforming user...
[2023-08-26T07:35:07.816+0000] {dag_etl.py:42} INFO - Complete transform user: 0:00:00.035678
[2023-08-26T07:35:07.816+0000] {dag_etl.py:44} INFO - transform space_ships...
[2023-08-26T07:35:07.836+0000] {dag_etl.py:47} INFO - Complete transform space_ships: 0:00:00.019935
[2023-08-26T07:35:07.836+0000] {dag_etl.py:49} INFO - transform drones...
[2023-08-26T07:35:07.848+0000] {dag_etl.py:52} INFO - Complete transform drones: 0:00:00.012922
[2023-08-26T07:35:07.849+0000] {dag_etl.py:54} INFO - transform pilots...
[2023-08-26T07:35:07.857+0000] {dag_etl.py:57} INFO - Complete transform pilots: 0:00:00.008833
[2023-08-26T07:35:07.858+0000] {dag_etl.py:59} INFO - transform talents...
[2023-08-26T07:35:07.864+0000] {dag_etl.py:62} INFO - Complete transform talents: 0:00:00.006655
[2023-08-26T07:35:07.864+0000] {dag_etl.py:64} INFO - transform expert_items...
[2023-08-26T07:35:07.871+0000] {dag_etl.py:67} INFO - Complete transform expert_items: 0:00:00.006655
[2023-08-26T07:35:07.871+0000] {dag_etl.py:69} INFO - Loading user...
[2023-08-26T07:35:07.887+0000] {dag_etl.py:72} INFO - Complete load user: 0:00:00.016693
[2023-08-26T07:35:07.888+0000] {dag_etl.py:74} INFO - Loading space_ships...
[2023-08-26T07:35:07.910+0000] {dag_etl.py:77} INFO - Complete load space_ships: 0:00:00.022589
[2023-08-26T07:35:07.910+0000] {dag_etl.py:79} INFO - Loading drones...
[2023-08-26T07:35:07.927+0000] {dag_etl.py:82} INFO - Complete load drones: 0:00:00.016648
[2023-08-26T07:35:07.927+0000] {dag_etl.py:84} INFO - Loading pilots...
[2023-08-26T07:35:07.973+0000] {dag_etl.py:87} INFO - Complete load drones: 0:00:00.046959
[2023-08-26T07:35:07.974+0000] {dag_etl.py:89} INFO - Loading talents...
[2023-08-26T07:35:07.988+0000] {dag_etl.py:92} INFO - Complete load drones: 0:00:00.014719
[2023-08-26T07:35:07.989+0000] {dag_etl.py:94} INFO - Loading expert_items...
[2023-08-26T07:35:07.992+0000] {dag_etl.py:97} INFO - Complete load drones: 0:00:00.004131
[2023-08-26T07:35:07.993+0000] {dag_etl.py:99} INFO - Complete ETL Users in : 0:00:03.154912
[2023-08-26T07:35:07.994+0000] {python.py:194} INFO - Done. Returned value was: None
[2023-08-26T07:35:08.007+0000] {taskinstance.py:1400} INFO - Marking task as SUCCESS. dag_id=gaas_etl_1, task_id=etl_user, execution_date=20230826T073400, start_date=20230826T073504, end_date=20230826T073508
[2023-08-26T07:35:08.043+0000] {local_task_job_runner.py:228} INFO - Task exited with return code 0
[2023-08-26T07:35:08.067+0000] {taskinstance.py:2784} INFO - 0 downstream tasks scheduled from follow-on schedule check
