[2023-08-27T22:12:07.270+0000] {taskinstance.py:1159} INFO - Dependencies all met for dep_context=non-requeueable deps ti=<TaskInstance: gaas_etl_1.etl_user scheduled__2023-08-27T22:11:00+00:00 [queued]>
[2023-08-27T22:12:07.286+0000] {taskinstance.py:1159} INFO - Dependencies all met for dep_context=requeueable deps ti=<TaskInstance: gaas_etl_1.etl_user scheduled__2023-08-27T22:11:00+00:00 [queued]>
[2023-08-27T22:12:07.287+0000] {taskinstance.py:1361} INFO - Starting attempt 1 of 1
[2023-08-27T22:12:07.315+0000] {taskinstance.py:1382} INFO - Executing <Task(PythonOperator): etl_user> on 2023-08-27 22:11:00+00:00
[2023-08-27T22:12:07.325+0000] {standard_task_runner.py:57} INFO - Started process 465580 to run task
[2023-08-27T22:12:07.346+0000] {standard_task_runner.py:84} INFO - Running: ['airflow', 'tasks', 'run', 'gaas_etl_1', 'etl_user', 'scheduled__2023-08-27T22:11:00+00:00', '--job-id', '7586', '--raw', '--subdir', 'DAGS_FOLDER/dag_etl.py', '--cfg-path', '/tmp/tmpnqmxz1ub']
[2023-08-27T22:12:07.355+0000] {standard_task_runner.py:85} INFO - Job 7586: Subtask etl_user
[2023-08-27T22:12:08.409+0000] {task_command.py:415} INFO - Running <TaskInstance: gaas_etl_1.etl_user scheduled__2023-08-27T22:11:00+00:00 [running]> on host data-system.us-central1-a.c.data-system-392010.internal
[2023-08-27T22:12:09.151+0000] {taskinstance.py:1660} INFO - Exporting env vars: AIRFLOW_CTX_DAG_EMAIL='hungnm15012002@gmail.com' AIRFLOW_CTX_DAG_OWNER='hungnm' AIRFLOW_CTX_DAG_ID='gaas_etl_1' AIRFLOW_CTX_TASK_ID='etl_user' AIRFLOW_CTX_EXECUTION_DATE='2023-08-27T22:11:00+00:00' AIRFLOW_CTX_TRY_NUMBER='1' AIRFLOW_CTX_DAG_RUN_ID='scheduled__2023-08-27T22:11:00+00:00'
[2023-08-27T22:12:09.184+0000] {dag_etl.py:28} INFO - Extracting user...
[2023-08-27T22:12:19.051+0000] {extract.py:36} INFO - Request time: 0:00:09.866182
[2023-08-27T22:12:19.427+0000] {extract.py:42} INFO - Create DataFrame time: 0:00:00.375343
[2023-08-27T22:12:19.431+0000] {dag_etl.py:31} INFO - Complete extract user: 0:00:10.247013
[2023-08-27T22:12:19.432+0000] {dag_etl.py:33} INFO - Extracting resource...
[2023-08-27T22:12:20.939+0000] {extract.py:36} INFO - Request time: 0:00:01.506912
[2023-08-27T22:12:20.989+0000] {extract.py:42} INFO - Create DataFrame time: 0:00:00.049711
[2023-08-27T22:12:20.992+0000] {dag_etl.py:36} INFO - Complete extract resource: 0:00:01.560977
[2023-08-27T22:12:20.994+0000] {dag_etl.py:38} INFO - Transforming user...
[2023-08-27T22:12:21.160+0000] {dag_etl.py:42} INFO - Complete transform user: 0:00:00.167488
[2023-08-27T22:12:21.160+0000] {dag_etl.py:44} INFO - transform space_ships...
[2023-08-27T22:12:21.288+0000] {dag_etl.py:47} INFO - Complete transform space_ships: 0:00:00.128713
[2023-08-27T22:12:21.289+0000] {dag_etl.py:49} INFO - transform drones...
[2023-08-27T22:12:21.390+0000] {dag_etl.py:52} INFO - Complete transform drones: 0:00:00.101216
[2023-08-27T22:12:21.390+0000] {dag_etl.py:54} INFO - transform pilots...
[2023-08-27T22:12:21.444+0000] {dag_etl.py:57} INFO - Complete transform pilots: 0:00:00.054424
[2023-08-27T22:12:21.445+0000] {dag_etl.py:59} INFO - transform talents...
[2023-08-27T22:12:21.471+0000] {dag_etl.py:62} INFO - Complete transform talents: 0:00:00.026446
[2023-08-27T22:12:21.471+0000] {dag_etl.py:64} INFO - transform expert_items...
[2023-08-27T22:12:21.500+0000] {dag_etl.py:67} INFO - Complete transform expert_items: 0:00:00.029141
[2023-08-27T22:12:21.500+0000] {dag_etl.py:69} INFO - Loading user...
[2023-08-27T22:12:22.228+0000] {dag_etl.py:72} INFO - Complete load user: 0:00:00.728437
[2023-08-27T22:12:22.229+0000] {dag_etl.py:74} INFO - Loading space_ships...
[2023-08-27T22:12:23.161+0000] {dag_etl.py:77} INFO - Complete load space_ships: 0:00:00.932969
[2023-08-27T22:12:23.162+0000] {dag_etl.py:79} INFO - Loading drones...
[2023-08-27T22:12:23.949+0000] {dag_etl.py:82} INFO - Complete load drones: 0:00:00.787721
[2023-08-27T22:12:23.949+0000] {dag_etl.py:84} INFO - Loading pilots...
[2023-08-27T22:12:25.467+0000] {dag_etl.py:87} INFO - Complete load drones: 0:00:01.518248
[2023-08-27T22:12:25.468+0000] {dag_etl.py:89} INFO - Loading talents...
[2023-08-27T22:12:26.471+0000] {dag_etl.py:92} INFO - Complete load drones: 0:00:01.004206
[2023-08-27T22:12:26.472+0000] {dag_etl.py:94} INFO - Loading expert_items...
[2023-08-27T22:12:27.082+0000] {dag_etl.py:97} INFO - Complete load drones: 0:00:00.610274
[2023-08-27T22:12:27.082+0000] {dag_etl.py:99} INFO - Complete ETL Users in : 0:00:17.897808
[2023-08-27T22:12:27.118+0000] {python.py:194} INFO - Done. Returned value was: None
[2023-08-27T22:12:27.153+0000] {taskinstance.py:1400} INFO - Marking task as SUCCESS. dag_id=gaas_etl_1, task_id=etl_user, execution_date=20230827T221100, start_date=20230827T221207, end_date=20230827T221227
[2023-08-27T22:12:27.265+0000] {local_task_job_runner.py:228} INFO - Task exited with return code 0
[2023-08-27T22:12:27.309+0000] {taskinstance.py:2784} INFO - 0 downstream tasks scheduled from follow-on schedule check
