[2023-08-26T17:23:04.160+0000] {taskinstance.py:1159} INFO - Dependencies all met for dep_context=non-requeueable deps ti=<TaskInstance: gaas_etl_1.etl_user scheduled__2023-08-26T17:22:00+00:00 [queued]>
[2023-08-26T17:23:04.175+0000] {taskinstance.py:1159} INFO - Dependencies all met for dep_context=requeueable deps ti=<TaskInstance: gaas_etl_1.etl_user scheduled__2023-08-26T17:22:00+00:00 [queued]>
[2023-08-26T17:23:04.175+0000] {taskinstance.py:1361} INFO - Starting attempt 1 of 1
[2023-08-26T17:23:04.209+0000] {taskinstance.py:1382} INFO - Executing <Task(PythonOperator): etl_user> on 2023-08-26 17:22:00+00:00
[2023-08-26T17:23:04.219+0000] {standard_task_runner.py:57} INFO - Started process 323097 to run task
[2023-08-26T17:23:04.233+0000] {standard_task_runner.py:84} INFO - Running: ['airflow', 'tasks', 'run', 'gaas_etl_1', 'etl_user', 'scheduled__2023-08-26T17:22:00+00:00', '--job-id', '2399', '--raw', '--subdir', 'DAGS_FOLDER/dag_etl.py', '--cfg-path', '/tmp/tmpitsxfu_y']
[2023-08-26T17:23:04.240+0000] {standard_task_runner.py:85} INFO - Job 2399: Subtask etl_user
[2023-08-26T17:23:04.551+0000] {task_command.py:415} INFO - Running <TaskInstance: gaas_etl_1.etl_user scheduled__2023-08-26T17:22:00+00:00 [running]> on host data-system.us-central1-a.c.data-system-392010.internal
[2023-08-26T17:23:05.107+0000] {taskinstance.py:1660} INFO - Exporting env vars: AIRFLOW_CTX_DAG_EMAIL='hungnm15012002@gmail.com' AIRFLOW_CTX_DAG_OWNER='hungnm' AIRFLOW_CTX_DAG_ID='gaas_etl_1' AIRFLOW_CTX_TASK_ID='etl_user' AIRFLOW_CTX_EXECUTION_DATE='2023-08-26T17:22:00+00:00' AIRFLOW_CTX_TRY_NUMBER='1' AIRFLOW_CTX_DAG_RUN_ID='scheduled__2023-08-26T17:22:00+00:00'
[2023-08-26T17:23:05.127+0000] {dag_etl.py:28} INFO - Extracting user...
[2023-08-26T17:23:17.797+0000] {extract.py:36} INFO - Request time: 0:00:12.669667
[2023-08-26T17:23:18.995+0000] {extract.py:42} INFO - Create DataFrame time: 0:00:01.196954
[2023-08-26T17:23:19.004+0000] {dag_etl.py:31} INFO - Complete extract user: 0:00:13.876963
[2023-08-26T17:23:19.005+0000] {dag_etl.py:33} INFO - Extracting resource...
[2023-08-26T17:23:25.166+0000] {extract.py:36} INFO - Request time: 0:00:06.159978
[2023-08-26T17:23:25.301+0000] {extract.py:42} INFO - Create DataFrame time: 0:00:00.134287
[2023-08-26T17:23:25.304+0000] {dag_etl.py:36} INFO - Complete extract resource: 0:00:06.300721
[2023-08-26T17:23:25.306+0000] {dag_etl.py:38} INFO - Transforming user...
[2023-08-26T17:23:25.840+0000] {dag_etl.py:42} INFO - Complete transform user: 0:00:00.535335
[2023-08-26T17:23:25.840+0000] {dag_etl.py:44} INFO - transform space_ships...
[2023-08-26T17:23:26.160+0000] {dag_etl.py:47} INFO - Complete transform space_ships: 0:00:00.320869
[2023-08-26T17:23:26.161+0000] {dag_etl.py:49} INFO - transform drones...
[2023-08-26T17:23:26.396+0000] {dag_etl.py:52} INFO - Complete transform drones: 0:00:00.235814
[2023-08-26T17:23:26.397+0000] {dag_etl.py:54} INFO - transform pilots...
[2023-08-26T17:23:26.584+0000] {dag_etl.py:57} INFO - Complete transform pilots: 0:00:00.187540
[2023-08-26T17:23:26.584+0000] {dag_etl.py:59} INFO - transform talents...
[2023-08-26T17:23:26.658+0000] {dag_etl.py:62} INFO - Complete transform talents: 0:00:00.073816
[2023-08-26T17:23:26.658+0000] {dag_etl.py:64} INFO - transform expert_items...
[2023-08-26T17:23:26.721+0000] {dag_etl.py:67} INFO - Complete transform expert_items: 0:00:00.063092
[2023-08-26T17:23:26.721+0000] {dag_etl.py:69} INFO - Loading user...
[2023-08-26T17:23:29.126+0000] {dag_etl.py:72} INFO - Complete load user: 0:00:02.405496
[2023-08-26T17:23:29.127+0000] {dag_etl.py:74} INFO - Loading space_ships...
[2023-08-26T17:23:33.831+0000] {dag_etl.py:77} INFO - Complete load space_ships: 0:00:04.705107
[2023-08-26T17:23:33.832+0000] {dag_etl.py:79} INFO - Loading drones...
[2023-08-26T17:23:37.793+0000] {dag_etl.py:82} INFO - Complete load drones: 0:00:03.961405
[2023-08-26T17:23:37.793+0000] {dag_etl.py:84} INFO - Loading pilots...
[2023-08-26T17:23:42.859+0000] {dag_etl.py:87} INFO - Complete load drones: 0:00:05.066024
[2023-08-26T17:23:42.860+0000] {dag_etl.py:89} INFO - Loading talents...
[2023-08-26T17:23:46.408+0000] {dag_etl.py:92} INFO - Complete load drones: 0:00:03.548950
[2023-08-26T17:23:46.408+0000] {dag_etl.py:94} INFO - Loading expert_items...
[2023-08-26T17:23:48.367+0000] {dag_etl.py:97} INFO - Complete load drones: 0:00:01.959756
[2023-08-26T17:23:48.368+0000] {dag_etl.py:99} INFO - Complete ETL Users in : 0:00:43.241453
[2023-08-26T17:23:48.404+0000] {python.py:194} INFO - Done. Returned value was: None
[2023-08-26T17:23:48.417+0000] {taskinstance.py:1400} INFO - Marking task as SUCCESS. dag_id=gaas_etl_1, task_id=etl_user, execution_date=20230826T172200, start_date=20230826T172304, end_date=20230826T172348
[2023-08-26T17:23:48.475+0000] {local_task_job_runner.py:228} INFO - Task exited with return code 0
[2023-08-26T17:23:48.505+0000] {taskinstance.py:2784} INFO - 0 downstream tasks scheduled from follow-on schedule check
