[2023-08-26T11:43:02.992+0000] {taskinstance.py:1159} INFO - Dependencies all met for dep_context=non-requeueable deps ti=<TaskInstance: gaas_etl_1.etl_user scheduled__2023-08-26T11:42:00+00:00 [queued]>
[2023-08-26T11:43:03.008+0000] {taskinstance.py:1159} INFO - Dependencies all met for dep_context=requeueable deps ti=<TaskInstance: gaas_etl_1.etl_user scheduled__2023-08-26T11:42:00+00:00 [queued]>
[2023-08-26T11:43:03.009+0000] {taskinstance.py:1361} INFO - Starting attempt 1 of 1
[2023-08-26T11:43:03.042+0000] {taskinstance.py:1382} INFO - Executing <Task(PythonOperator): etl_user> on 2023-08-26 11:42:00+00:00
[2023-08-26T11:43:03.052+0000] {standard_task_runner.py:57} INFO - Started process 309563 to run task
[2023-08-26T11:43:03.067+0000] {standard_task_runner.py:84} INFO - Running: ['airflow', 'tasks', 'run', 'gaas_etl_1', 'etl_user', 'scheduled__2023-08-26T11:42:00+00:00', '--job-id', '1379', '--raw', '--subdir', 'DAGS_FOLDER/dag_etl.py', '--cfg-path', '/tmp/tmpcyzhzfl4']
[2023-08-26T11:43:03.072+0000] {standard_task_runner.py:85} INFO - Job 1379: Subtask etl_user
[2023-08-26T11:43:03.252+0000] {task_command.py:415} INFO - Running <TaskInstance: gaas_etl_1.etl_user scheduled__2023-08-26T11:42:00+00:00 [running]> on host data-system.us-central1-a.c.data-system-392010.internal
[2023-08-26T11:43:03.488+0000] {taskinstance.py:1660} INFO - Exporting env vars: AIRFLOW_CTX_DAG_EMAIL='hungnm15012002@gmail.com' AIRFLOW_CTX_DAG_OWNER='hungnm' AIRFLOW_CTX_DAG_ID='gaas_etl_1' AIRFLOW_CTX_TASK_ID='etl_user' AIRFLOW_CTX_EXECUTION_DATE='2023-08-26T11:42:00+00:00' AIRFLOW_CTX_TRY_NUMBER='1' AIRFLOW_CTX_DAG_RUN_ID='scheduled__2023-08-26T11:42:00+00:00'
[2023-08-26T11:43:03.514+0000] {dag_etl.py:28} INFO - Extracting user...
[2023-08-26T11:43:14.906+0000] {extract.py:36} INFO - Request time: 0:00:11.391478
[2023-08-26T11:43:15.936+0000] {extract.py:42} INFO - Create DataFrame time: 0:00:01.029474
[2023-08-26T11:43:15.944+0000] {dag_etl.py:31} INFO - Complete extract user: 0:00:12.429896
[2023-08-26T11:43:15.945+0000] {dag_etl.py:33} INFO - Extracting resource...
[2023-08-26T11:43:23.261+0000] {extract.py:36} INFO - Request time: 0:00:07.316016
[2023-08-26T11:43:23.421+0000] {extract.py:42} INFO - Create DataFrame time: 0:00:00.159747
[2023-08-26T11:43:23.426+0000] {dag_etl.py:36} INFO - Complete extract resource: 0:00:07.481874
[2023-08-26T11:43:23.428+0000] {dag_etl.py:38} INFO - Transforming user...
[2023-08-26T11:43:23.800+0000] {dag_etl.py:42} INFO - Complete transform user: 0:00:00.374292
[2023-08-26T11:43:23.801+0000] {dag_etl.py:44} INFO - transform space_ships...
[2023-08-26T11:43:24.080+0000] {dag_etl.py:47} INFO - Complete transform space_ships: 0:00:00.279787
[2023-08-26T11:43:24.080+0000] {dag_etl.py:49} INFO - transform drones...
[2023-08-26T11:43:24.287+0000] {dag_etl.py:52} INFO - Complete transform drones: 0:00:00.207503
[2023-08-26T11:43:24.288+0000] {dag_etl.py:54} INFO - transform pilots...
[2023-08-26T11:43:24.416+0000] {dag_etl.py:57} INFO - Complete transform pilots: 0:00:00.128857
[2023-08-26T11:43:24.417+0000] {dag_etl.py:59} INFO - transform talents...
[2023-08-26T11:43:24.491+0000] {dag_etl.py:62} INFO - Complete transform talents: 0:00:00.075336
[2023-08-26T11:43:24.492+0000] {dag_etl.py:64} INFO - transform expert_items...
[2023-08-26T11:43:24.543+0000] {dag_etl.py:67} INFO - Complete transform expert_items: 0:00:00.051166
[2023-08-26T11:43:24.543+0000] {dag_etl.py:69} INFO - Loading user...
[2023-08-26T11:43:26.140+0000] {dag_etl.py:72} INFO - Complete load user: 0:00:01.597351
[2023-08-26T11:43:26.141+0000] {dag_etl.py:74} INFO - Loading space_ships...
[2023-08-26T11:43:29.232+0000] {dag_etl.py:77} INFO - Complete load space_ships: 0:00:03.092053
[2023-08-26T11:43:29.233+0000] {dag_etl.py:79} INFO - Loading drones...
[2023-08-26T11:43:31.921+0000] {dag_etl.py:82} INFO - Complete load drones: 0:00:02.689249
[2023-08-26T11:43:31.922+0000] {dag_etl.py:84} INFO - Loading pilots...
[2023-08-26T11:43:36.866+0000] {dag_etl.py:87} INFO - Complete load drones: 0:00:04.945113
[2023-08-26T11:43:36.867+0000] {dag_etl.py:89} INFO - Loading talents...
[2023-08-26T11:43:39.293+0000] {dag_etl.py:92} INFO - Complete load drones: 0:00:02.426365
[2023-08-26T11:43:39.293+0000] {dag_etl.py:94} INFO - Loading expert_items...
[2023-08-26T11:43:40.607+0000] {dag_etl.py:97} INFO - Complete load drones: 0:00:01.314345
[2023-08-26T11:43:40.608+0000] {dag_etl.py:99} INFO - Complete ETL Users in : 0:00:37.093654
[2023-08-26T11:43:40.641+0000] {python.py:194} INFO - Done. Returned value was: None
[2023-08-26T11:43:40.656+0000] {taskinstance.py:1400} INFO - Marking task as SUCCESS. dag_id=gaas_etl_1, task_id=etl_user, execution_date=20230826T114200, start_date=20230826T114302, end_date=20230826T114340
[2023-08-26T11:43:40.718+0000] {local_task_job_runner.py:228} INFO - Task exited with return code 0
[2023-08-26T11:43:40.740+0000] {taskinstance.py:2784} INFO - 0 downstream tasks scheduled from follow-on schedule check
