[2023-08-27T20:57:08.011+0000] {taskinstance.py:1159} INFO - Dependencies all met for dep_context=non-requeueable deps ti=<TaskInstance: gaas_etl_1.etl_user scheduled__2023-08-27T20:56:00+00:00 [queued]>
[2023-08-27T20:57:08.029+0000] {taskinstance.py:1159} INFO - Dependencies all met for dep_context=requeueable deps ti=<TaskInstance: gaas_etl_1.etl_user scheduled__2023-08-27T20:56:00+00:00 [queued]>
[2023-08-27T20:57:08.029+0000] {taskinstance.py:1361} INFO - Starting attempt 1 of 1
[2023-08-27T20:57:08.059+0000] {taskinstance.py:1382} INFO - Executing <Task(PythonOperator): etl_user> on 2023-08-27 20:56:00+00:00
[2023-08-27T20:57:08.069+0000] {standard_task_runner.py:57} INFO - Started process 457763 to run task
[2023-08-27T20:57:08.086+0000] {standard_task_runner.py:84} INFO - Running: ['airflow', 'tasks', 'run', 'gaas_etl_1', 'etl_user', 'scheduled__2023-08-27T20:56:00+00:00', '--job-id', '7361', '--raw', '--subdir', 'DAGS_FOLDER/dag_etl.py', '--cfg-path', '/tmp/tmp58bjh_lf']
[2023-08-27T20:57:08.092+0000] {standard_task_runner.py:85} INFO - Job 7361: Subtask etl_user
[2023-08-27T20:57:08.764+0000] {task_command.py:415} INFO - Running <TaskInstance: gaas_etl_1.etl_user scheduled__2023-08-27T20:56:00+00:00 [running]> on host data-system.us-central1-a.c.data-system-392010.internal
[2023-08-27T20:57:10.119+0000] {taskinstance.py:1660} INFO - Exporting env vars: AIRFLOW_CTX_DAG_EMAIL='hungnm15012002@gmail.com' AIRFLOW_CTX_DAG_OWNER='hungnm' AIRFLOW_CTX_DAG_ID='gaas_etl_1' AIRFLOW_CTX_TASK_ID='etl_user' AIRFLOW_CTX_EXECUTION_DATE='2023-08-27T20:56:00+00:00' AIRFLOW_CTX_TRY_NUMBER='1' AIRFLOW_CTX_DAG_RUN_ID='scheduled__2023-08-27T20:56:00+00:00'
[2023-08-27T20:57:10.156+0000] {dag_etl.py:28} INFO - Extracting user...
[2023-08-27T20:57:19.112+0000] {extract.py:36} INFO - Request time: 0:00:08.955337
[2023-08-27T20:57:19.805+0000] {extract.py:42} INFO - Create DataFrame time: 0:00:00.692570
[2023-08-27T20:57:19.811+0000] {dag_etl.py:31} INFO - Complete extract user: 0:00:09.655047
[2023-08-27T20:57:19.812+0000] {dag_etl.py:33} INFO - Extracting resource...
[2023-08-27T20:57:23.393+0000] {extract.py:36} INFO - Request time: 0:00:03.579969
[2023-08-27T20:57:23.610+0000] {extract.py:42} INFO - Create DataFrame time: 0:00:00.216218
[2023-08-27T20:57:23.613+0000] {dag_etl.py:36} INFO - Complete extract resource: 0:00:03.802156
[2023-08-27T20:57:23.614+0000] {dag_etl.py:38} INFO - Transforming user...
[2023-08-27T20:57:24.145+0000] {dag_etl.py:42} INFO - Complete transform user: 0:00:00.532011
[2023-08-27T20:57:24.145+0000] {dag_etl.py:44} INFO - transform space_ships...
[2023-08-27T20:57:24.459+0000] {dag_etl.py:47} INFO - Complete transform space_ships: 0:00:00.314282
[2023-08-27T20:57:24.463+0000] {dag_etl.py:49} INFO - transform drones...
[2023-08-27T20:57:24.615+0000] {dag_etl.py:52} INFO - Complete transform drones: 0:00:00.156031
[2023-08-27T20:57:24.616+0000] {dag_etl.py:54} INFO - transform pilots...
[2023-08-27T20:57:24.714+0000] {dag_etl.py:57} INFO - Complete transform pilots: 0:00:00.099189
[2023-08-27T20:57:24.715+0000] {dag_etl.py:59} INFO - transform talents...
[2023-08-27T20:57:24.759+0000] {dag_etl.py:62} INFO - Complete transform talents: 0:00:00.044339
[2023-08-27T20:57:24.759+0000] {dag_etl.py:64} INFO - transform expert_items...
[2023-08-27T20:57:24.800+0000] {dag_etl.py:67} INFO - Complete transform expert_items: 0:00:00.041822
[2023-08-27T20:57:24.801+0000] {dag_etl.py:69} INFO - Loading user...
[2023-08-27T20:57:26.247+0000] {dag_etl.py:72} INFO - Complete load user: 0:00:01.446704
[2023-08-27T20:57:26.248+0000] {dag_etl.py:74} INFO - Loading space_ships...
[2023-08-27T20:57:28.148+0000] {dag_etl.py:77} INFO - Complete load space_ships: 0:00:01.900842
[2023-08-27T20:57:28.149+0000] {dag_etl.py:79} INFO - Loading drones...
[2023-08-27T20:57:30.074+0000] {dag_etl.py:82} INFO - Complete load drones: 0:00:01.925813
[2023-08-27T20:57:30.075+0000] {dag_etl.py:84} INFO - Loading pilots...
[2023-08-27T20:57:32.724+0000] {dag_etl.py:87} INFO - Complete load drones: 0:00:02.649900
[2023-08-27T20:57:32.725+0000] {dag_etl.py:89} INFO - Loading talents...
[2023-08-27T20:57:34.340+0000] {dag_etl.py:92} INFO - Complete load drones: 0:00:01.615897
[2023-08-27T20:57:34.340+0000] {dag_etl.py:94} INFO - Loading expert_items...
[2023-08-27T20:57:35.501+0000] {dag_etl.py:97} INFO - Complete load drones: 0:00:01.161455
[2023-08-27T20:57:35.502+0000] {dag_etl.py:99} INFO - Complete ETL Users in : 0:00:25.346230
[2023-08-27T20:57:35.589+0000] {python.py:194} INFO - Done. Returned value was: None
[2023-08-27T20:57:35.631+0000] {taskinstance.py:1400} INFO - Marking task as SUCCESS. dag_id=gaas_etl_1, task_id=etl_user, execution_date=20230827T205600, start_date=20230827T205708, end_date=20230827T205735
[2023-08-27T20:57:35.711+0000] {local_task_job_runner.py:228} INFO - Task exited with return code 0
[2023-08-27T20:57:35.767+0000] {taskinstance.py:2784} INFO - 0 downstream tasks scheduled from follow-on schedule check
