[2023-08-27T12:20:06.178+0000] {taskinstance.py:1159} INFO - Dependencies all met for dep_context=non-requeueable deps ti=<TaskInstance: gaas_etl_1.etl_user scheduled__2023-08-27T12:19:00+00:00 [queued]>
[2023-08-27T12:20:06.193+0000] {taskinstance.py:1159} INFO - Dependencies all met for dep_context=requeueable deps ti=<TaskInstance: gaas_etl_1.etl_user scheduled__2023-08-27T12:19:00+00:00 [queued]>
[2023-08-27T12:20:06.193+0000] {taskinstance.py:1361} INFO - Starting attempt 1 of 1
[2023-08-27T12:20:06.221+0000] {taskinstance.py:1382} INFO - Executing <Task(PythonOperator): etl_user> on 2023-08-27 12:19:00+00:00
[2023-08-27T12:20:06.231+0000] {standard_task_runner.py:57} INFO - Started process 403457 to run task
[2023-08-27T12:20:06.243+0000] {standard_task_runner.py:84} INFO - Running: ['airflow', 'tasks', 'run', 'gaas_etl_1', 'etl_user', 'scheduled__2023-08-27T12:19:00+00:00', '--job-id', '5810', '--raw', '--subdir', 'DAGS_FOLDER/dag_etl.py', '--cfg-path', '/tmp/tmpj39j1rvi']
[2023-08-27T12:20:06.248+0000] {standard_task_runner.py:85} INFO - Job 5810: Subtask etl_user
[2023-08-27T12:20:07.000+0000] {task_command.py:415} INFO - Running <TaskInstance: gaas_etl_1.etl_user scheduled__2023-08-27T12:19:00+00:00 [running]> on host data-system.us-central1-a.c.data-system-392010.internal
[2023-08-27T12:20:07.530+0000] {taskinstance.py:1660} INFO - Exporting env vars: AIRFLOW_CTX_DAG_EMAIL='hungnm15012002@gmail.com' AIRFLOW_CTX_DAG_OWNER='hungnm' AIRFLOW_CTX_DAG_ID='gaas_etl_1' AIRFLOW_CTX_TASK_ID='etl_user' AIRFLOW_CTX_EXECUTION_DATE='2023-08-27T12:19:00+00:00' AIRFLOW_CTX_TRY_NUMBER='1' AIRFLOW_CTX_DAG_RUN_ID='scheduled__2023-08-27T12:19:00+00:00'
[2023-08-27T12:20:07.556+0000] {dag_etl.py:28} INFO - Extracting user...
[2023-08-27T12:20:16.917+0000] {extract.py:36} INFO - Request time: 0:00:09.360551
[2023-08-27T12:20:17.678+0000] {extract.py:42} INFO - Create DataFrame time: 0:00:00.760554
[2023-08-27T12:20:17.686+0000] {dag_etl.py:31} INFO - Complete extract user: 0:00:10.130038
[2023-08-27T12:20:17.687+0000] {dag_etl.py:33} INFO - Extracting resource...
[2023-08-27T12:20:27.219+0000] {extract.py:36} INFO - Request time: 0:00:09.532040
[2023-08-27T12:20:27.372+0000] {extract.py:42} INFO - Create DataFrame time: 0:00:00.152271
[2023-08-27T12:20:27.385+0000] {dag_etl.py:36} INFO - Complete extract resource: 0:00:09.698964
[2023-08-27T12:20:27.386+0000] {dag_etl.py:38} INFO - Transforming user...
[2023-08-27T12:20:28.057+0000] {dag_etl.py:42} INFO - Complete transform user: 0:00:00.672111
[2023-08-27T12:20:28.057+0000] {dag_etl.py:44} INFO - transform space_ships...
[2023-08-27T12:20:28.387+0000] {dag_etl.py:47} INFO - Complete transform space_ships: 0:00:00.330452
[2023-08-27T12:20:28.388+0000] {dag_etl.py:49} INFO - transform drones...
[2023-08-27T12:20:28.588+0000] {dag_etl.py:52} INFO - Complete transform drones: 0:00:00.201007
[2023-08-27T12:20:28.589+0000] {dag_etl.py:54} INFO - transform pilots...
[2023-08-27T12:20:28.705+0000] {dag_etl.py:57} INFO - Complete transform pilots: 0:00:00.116609
[2023-08-27T12:20:28.715+0000] {dag_etl.py:59} INFO - transform talents...
[2023-08-27T12:20:28.803+0000] {dag_etl.py:62} INFO - Complete transform talents: 0:00:00.098010
[2023-08-27T12:20:28.804+0000] {dag_etl.py:64} INFO - transform expert_items...
[2023-08-27T12:20:28.859+0000] {dag_etl.py:67} INFO - Complete transform expert_items: 0:00:00.056295
[2023-08-27T12:20:28.860+0000] {dag_etl.py:69} INFO - Loading user...
[2023-08-27T12:20:30.649+0000] {dag_etl.py:72} INFO - Complete load user: 0:00:01.789453
[2023-08-27T12:20:30.649+0000] {dag_etl.py:74} INFO - Loading space_ships...
[2023-08-27T12:20:32.962+0000] {dag_etl.py:77} INFO - Complete load space_ships: 0:00:02.313426
[2023-08-27T12:20:32.963+0000] {dag_etl.py:79} INFO - Loading drones...
[2023-08-27T12:20:34.932+0000] {dag_etl.py:82} INFO - Complete load drones: 0:00:01.970173
[2023-08-27T12:20:34.933+0000] {dag_etl.py:84} INFO - Loading pilots...
[2023-08-27T12:20:38.082+0000] {dag_etl.py:87} INFO - Complete load drones: 0:00:03.149714
[2023-08-27T12:20:38.083+0000] {dag_etl.py:89} INFO - Loading talents...
[2023-08-27T12:20:39.974+0000] {dag_etl.py:92} INFO - Complete load drones: 0:00:01.892381
[2023-08-27T12:20:39.975+0000] {dag_etl.py:94} INFO - Loading expert_items...
[2023-08-27T12:20:41.627+0000] {dag_etl.py:97} INFO - Complete load drones: 0:00:01.652681
[2023-08-27T12:20:41.628+0000] {dag_etl.py:99} INFO - Complete ETL Users in : 0:00:34.071814
[2023-08-27T12:20:41.666+0000] {python.py:194} INFO - Done. Returned value was: None
[2023-08-27T12:20:41.697+0000] {taskinstance.py:1400} INFO - Marking task as SUCCESS. dag_id=gaas_etl_1, task_id=etl_user, execution_date=20230827T121900, start_date=20230827T122006, end_date=20230827T122041
[2023-08-27T12:20:41.774+0000] {local_task_job_runner.py:228} INFO - Task exited with return code 0
[2023-08-27T12:20:41.830+0000] {taskinstance.py:2784} INFO - 0 downstream tasks scheduled from follow-on schedule check
