[2023-08-27T14:39:07.158+0000] {taskinstance.py:1159} INFO - Dependencies all met for dep_context=non-requeueable deps ti=<TaskInstance: gaas_etl_1.etl_user scheduled__2023-08-27T14:38:00+00:00 [queued]>
[2023-08-27T14:39:07.184+0000] {taskinstance.py:1159} INFO - Dependencies all met for dep_context=requeueable deps ti=<TaskInstance: gaas_etl_1.etl_user scheduled__2023-08-27T14:38:00+00:00 [queued]>
[2023-08-27T14:39:07.185+0000] {taskinstance.py:1361} INFO - Starting attempt 1 of 1
[2023-08-27T14:39:07.234+0000] {taskinstance.py:1382} INFO - Executing <Task(PythonOperator): etl_user> on 2023-08-27 14:38:00+00:00
[2023-08-27T14:39:07.245+0000] {standard_task_runner.py:57} INFO - Started process 417865 to run task
[2023-08-27T14:39:07.268+0000] {standard_task_runner.py:84} INFO - Running: ['airflow', 'tasks', 'run', 'gaas_etl_1', 'etl_user', 'scheduled__2023-08-27T14:38:00+00:00', '--job-id', '6227', '--raw', '--subdir', 'DAGS_FOLDER/dag_etl.py', '--cfg-path', '/tmp/tmptwjgq7ld']
[2023-08-27T14:39:07.277+0000] {standard_task_runner.py:85} INFO - Job 6227: Subtask etl_user
[2023-08-27T14:39:08.140+0000] {task_command.py:415} INFO - Running <TaskInstance: gaas_etl_1.etl_user scheduled__2023-08-27T14:38:00+00:00 [running]> on host data-system.us-central1-a.c.data-system-392010.internal
[2023-08-27T14:39:08.620+0000] {taskinstance.py:1660} INFO - Exporting env vars: AIRFLOW_CTX_DAG_EMAIL='hungnm15012002@gmail.com' AIRFLOW_CTX_DAG_OWNER='hungnm' AIRFLOW_CTX_DAG_ID='gaas_etl_1' AIRFLOW_CTX_TASK_ID='etl_user' AIRFLOW_CTX_EXECUTION_DATE='2023-08-27T14:38:00+00:00' AIRFLOW_CTX_TRY_NUMBER='1' AIRFLOW_CTX_DAG_RUN_ID='scheduled__2023-08-27T14:38:00+00:00'
[2023-08-27T14:39:08.643+0000] {dag_etl.py:28} INFO - Extracting user...
[2023-08-27T14:39:24.276+0000] {extract.py:36} INFO - Request time: 0:00:15.633171
[2023-08-27T14:39:24.716+0000] {extract.py:42} INFO - Create DataFrame time: 0:00:00.438606
[2023-08-27T14:39:24.720+0000] {dag_etl.py:31} INFO - Complete extract user: 0:00:16.076873
[2023-08-27T14:39:24.721+0000] {dag_etl.py:33} INFO - Extracting resource...
[2023-08-27T14:39:31.107+0000] {extract.py:36} INFO - Request time: 0:00:06.386338
[2023-08-27T14:39:31.154+0000] {extract.py:42} INFO - Create DataFrame time: 0:00:00.046418
[2023-08-27T14:39:31.156+0000] {dag_etl.py:36} INFO - Complete extract resource: 0:00:06.436485
[2023-08-27T14:39:31.157+0000] {dag_etl.py:38} INFO - Transforming user...
[2023-08-27T14:39:31.314+0000] {dag_etl.py:42} INFO - Complete transform user: 0:00:00.157572
[2023-08-27T14:39:31.314+0000] {dag_etl.py:44} INFO - transform space_ships...
[2023-08-27T14:39:31.428+0000] {dag_etl.py:47} INFO - Complete transform space_ships: 0:00:00.114364
[2023-08-27T14:39:31.428+0000] {dag_etl.py:49} INFO - transform drones...
[2023-08-27T14:39:31.541+0000] {dag_etl.py:52} INFO - Complete transform drones: 0:00:00.113349
[2023-08-27T14:39:31.542+0000] {dag_etl.py:54} INFO - transform pilots...
[2023-08-27T14:39:31.602+0000] {dag_etl.py:57} INFO - Complete transform pilots: 0:00:00.060440
[2023-08-27T14:39:31.602+0000] {dag_etl.py:59} INFO - transform talents...
[2023-08-27T14:39:31.632+0000] {dag_etl.py:62} INFO - Complete transform talents: 0:00:00.030020
[2023-08-27T14:39:31.632+0000] {dag_etl.py:64} INFO - transform expert_items...
[2023-08-27T14:39:31.657+0000] {dag_etl.py:67} INFO - Complete transform expert_items: 0:00:00.025144
[2023-08-27T14:39:31.657+0000] {dag_etl.py:69} INFO - Loading user...
[2023-08-27T14:39:33.086+0000] {dag_etl.py:72} INFO - Complete load user: 0:00:01.428648
[2023-08-27T14:39:33.086+0000] {dag_etl.py:74} INFO - Loading space_ships...
[2023-08-27T14:39:34.575+0000] {dag_etl.py:77} INFO - Complete load space_ships: 0:00:01.489816
[2023-08-27T14:39:34.576+0000] {dag_etl.py:79} INFO - Loading drones...
[2023-08-27T14:39:36.296+0000] {dag_etl.py:82} INFO - Complete load drones: 0:00:01.720948
[2023-08-27T14:39:36.298+0000] {dag_etl.py:84} INFO - Loading pilots...
[2023-08-27T14:39:38.578+0000] {dag_etl.py:87} INFO - Complete load drones: 0:00:02.281868
[2023-08-27T14:39:38.579+0000] {dag_etl.py:89} INFO - Loading talents...
[2023-08-27T14:39:39.990+0000] {dag_etl.py:92} INFO - Complete load drones: 0:00:01.412192
[2023-08-27T14:39:39.991+0000] {dag_etl.py:94} INFO - Loading expert_items...
[2023-08-27T14:39:40.837+0000] {dag_etl.py:97} INFO - Complete load drones: 0:00:00.847058
[2023-08-27T14:39:40.838+0000] {dag_etl.py:99} INFO - Complete ETL Users in : 0:00:32.195492
[2023-08-27T14:39:40.864+0000] {python.py:194} INFO - Done. Returned value was: None
[2023-08-27T14:39:40.881+0000] {taskinstance.py:1400} INFO - Marking task as SUCCESS. dag_id=gaas_etl_1, task_id=etl_user, execution_date=20230827T143800, start_date=20230827T143907, end_date=20230827T143940
[2023-08-27T14:39:40.924+0000] {local_task_job_runner.py:228} INFO - Task exited with return code 0
[2023-08-27T14:39:40.947+0000] {taskinstance.py:2784} INFO - 0 downstream tasks scheduled from follow-on schedule check
