[2023-08-27T02:08:05.878+0000] {taskinstance.py:1159} INFO - Dependencies all met for dep_context=non-requeueable deps ti=<TaskInstance: gaas_etl_1.etl_user scheduled__2023-08-27T02:07:00+00:00 [queued]>
[2023-08-27T02:08:05.898+0000] {taskinstance.py:1159} INFO - Dependencies all met for dep_context=requeueable deps ti=<TaskInstance: gaas_etl_1.etl_user scheduled__2023-08-27T02:07:00+00:00 [queued]>
[2023-08-27T02:08:05.898+0000] {taskinstance.py:1361} INFO - Starting attempt 1 of 1
[2023-08-27T02:08:05.925+0000] {taskinstance.py:1382} INFO - Executing <Task(PythonOperator): etl_user> on 2023-08-27 02:07:00+00:00
[2023-08-27T02:08:05.934+0000] {standard_task_runner.py:57} INFO - Started process 343978 to run task
[2023-08-27T02:08:05.948+0000] {standard_task_runner.py:84} INFO - Running: ['airflow', 'tasks', 'run', 'gaas_etl_1', 'etl_user', 'scheduled__2023-08-27T02:07:00+00:00', '--job-id', '3973', '--raw', '--subdir', 'DAGS_FOLDER/dag_etl.py', '--cfg-path', '/tmp/tmpxjtbq5qb']
[2023-08-27T02:08:05.954+0000] {standard_task_runner.py:85} INFO - Job 3973: Subtask etl_user
[2023-08-27T02:08:06.256+0000] {task_command.py:415} INFO - Running <TaskInstance: gaas_etl_1.etl_user scheduled__2023-08-27T02:07:00+00:00 [running]> on host data-system.us-central1-a.c.data-system-392010.internal
[2023-08-27T02:08:06.604+0000] {taskinstance.py:1660} INFO - Exporting env vars: AIRFLOW_CTX_DAG_EMAIL='hungnm15012002@gmail.com' AIRFLOW_CTX_DAG_OWNER='hungnm' AIRFLOW_CTX_DAG_ID='gaas_etl_1' AIRFLOW_CTX_TASK_ID='etl_user' AIRFLOW_CTX_EXECUTION_DATE='2023-08-27T02:07:00+00:00' AIRFLOW_CTX_TRY_NUMBER='1' AIRFLOW_CTX_DAG_RUN_ID='scheduled__2023-08-27T02:07:00+00:00'
[2023-08-27T02:08:06.630+0000] {dag_etl.py:28} INFO - Extracting user...
[2023-08-27T02:08:10.171+0000] {extract.py:36} INFO - Request time: 0:00:03.539649
[2023-08-27T02:08:10.511+0000] {extract.py:42} INFO - Create DataFrame time: 0:00:00.339584
[2023-08-27T02:08:10.513+0000] {dag_etl.py:31} INFO - Complete extract user: 0:00:03.883027
[2023-08-27T02:08:10.514+0000] {dag_etl.py:33} INFO - Extracting resource...
[2023-08-27T02:08:11.994+0000] {extract.py:36} INFO - Request time: 0:00:01.479863
[2023-08-27T02:08:12.031+0000] {extract.py:42} INFO - Create DataFrame time: 0:00:00.035776
[2023-08-27T02:08:12.033+0000] {dag_etl.py:36} INFO - Complete extract resource: 0:00:01.520060
[2023-08-27T02:08:12.035+0000] {dag_etl.py:38} INFO - Transforming user...
[2023-08-27T02:08:12.182+0000] {dag_etl.py:42} INFO - Complete transform user: 0:00:00.148493
[2023-08-27T02:08:12.182+0000] {dag_etl.py:44} INFO - transform space_ships...
[2023-08-27T02:08:12.293+0000] {dag_etl.py:47} INFO - Complete transform space_ships: 0:00:00.111420
[2023-08-27T02:08:12.294+0000] {dag_etl.py:49} INFO - transform drones...
[2023-08-27T02:08:12.369+0000] {dag_etl.py:52} INFO - Complete transform drones: 0:00:00.075231
[2023-08-27T02:08:12.369+0000] {dag_etl.py:54} INFO - transform pilots...
[2023-08-27T02:08:12.423+0000] {dag_etl.py:57} INFO - Complete transform pilots: 0:00:00.054865
[2023-08-27T02:08:12.424+0000] {dag_etl.py:59} INFO - transform talents...
[2023-08-27T02:08:12.449+0000] {dag_etl.py:62} INFO - Complete transform talents: 0:00:00.025816
[2023-08-27T02:08:12.450+0000] {dag_etl.py:64} INFO - transform expert_items...
[2023-08-27T02:08:12.476+0000] {dag_etl.py:67} INFO - Complete transform expert_items: 0:00:00.026663
[2023-08-27T02:08:12.476+0000] {dag_etl.py:69} INFO - Loading user...
[2023-08-27T02:08:13.178+0000] {dag_etl.py:72} INFO - Complete load user: 0:00:00.701730
[2023-08-27T02:08:13.178+0000] {dag_etl.py:74} INFO - Loading space_ships...
[2023-08-27T02:08:14.064+0000] {dag_etl.py:77} INFO - Complete load space_ships: 0:00:00.886552
[2023-08-27T02:08:14.065+0000] {dag_etl.py:79} INFO - Loading drones...
[2023-08-27T02:08:14.771+0000] {dag_etl.py:82} INFO - Complete load drones: 0:00:00.707305
[2023-08-27T02:08:14.772+0000] {dag_etl.py:84} INFO - Loading pilots...
[2023-08-27T02:08:16.162+0000] {dag_etl.py:87} INFO - Complete load drones: 0:00:01.390360
[2023-08-27T02:08:16.162+0000] {dag_etl.py:89} INFO - Loading talents...
[2023-08-27T02:08:17.081+0000] {dag_etl.py:92} INFO - Complete load drones: 0:00:00.919488
[2023-08-27T02:08:17.082+0000] {dag_etl.py:94} INFO - Loading expert_items...
[2023-08-27T02:08:17.593+0000] {dag_etl.py:97} INFO - Complete load drones: 0:00:00.512052
[2023-08-27T02:08:17.594+0000] {dag_etl.py:99} INFO - Complete ETL Users in : 0:00:10.963492
[2023-08-27T02:08:17.606+0000] {python.py:194} INFO - Done. Returned value was: None
[2023-08-27T02:08:17.624+0000] {taskinstance.py:1400} INFO - Marking task as SUCCESS. dag_id=gaas_etl_1, task_id=etl_user, execution_date=20230827T020700, start_date=20230827T020805, end_date=20230827T020817
[2023-08-27T02:08:17.687+0000] {local_task_job_runner.py:228} INFO - Task exited with return code 0
[2023-08-27T02:08:17.735+0000] {taskinstance.py:2784} INFO - 0 downstream tasks scheduled from follow-on schedule check
