[2023-08-26T09:01:04.896+0000] {taskinstance.py:1159} INFO - Dependencies all met for dep_context=non-requeueable deps ti=<TaskInstance: gaas_etl_1.etl_event scheduled__2023-08-26T09:00:00+00:00 [queued]>
[2023-08-26T09:01:04.914+0000] {taskinstance.py:1159} INFO - Dependencies all met for dep_context=requeueable deps ti=<TaskInstance: gaas_etl_1.etl_event scheduled__2023-08-26T09:00:00+00:00 [queued]>
[2023-08-26T09:01:04.915+0000] {taskinstance.py:1361} INFO - Starting attempt 1 of 1
[2023-08-26T09:01:04.945+0000] {taskinstance.py:1382} INFO - Executing <Task(PythonOperator): etl_event> on 2023-08-26 09:00:00+00:00
[2023-08-26T09:01:04.954+0000] {standard_task_runner.py:57} INFO - Started process 291880 to run task
[2023-08-26T09:01:04.979+0000] {standard_task_runner.py:84} INFO - Running: ['airflow', 'tasks', 'run', 'gaas_etl_1', 'etl_event', 'scheduled__2023-08-26T09:00:00+00:00', '--job-id', '892', '--raw', '--subdir', 'DAGS_FOLDER/dag_etl.py', '--cfg-path', '/tmp/tmp10q6mf21']
[2023-08-26T09:01:04.988+0000] {standard_task_runner.py:85} INFO - Job 892: Subtask etl_event
[2023-08-26T09:01:05.196+0000] {task_command.py:415} INFO - Running <TaskInstance: gaas_etl_1.etl_event scheduled__2023-08-26T09:00:00+00:00 [running]> on host data-system.us-central1-a.c.data-system-392010.internal
[2023-08-26T09:01:05.419+0000] {taskinstance.py:1660} INFO - Exporting env vars: AIRFLOW_CTX_DAG_EMAIL='hungnm15012002@gmail.com' AIRFLOW_CTX_DAG_OWNER='hungnm' AIRFLOW_CTX_DAG_ID='gaas_etl_1' AIRFLOW_CTX_TASK_ID='etl_event' AIRFLOW_CTX_EXECUTION_DATE='2023-08-26T09:00:00+00:00' AIRFLOW_CTX_TRY_NUMBER='1' AIRFLOW_CTX_DAG_RUN_ID='scheduled__2023-08-26T09:00:00+00:00'
[2023-08-26T09:01:05.454+0000] {dag_etl.py:116} INFO - Extracting event...
[2023-08-26T09:01:06.010+0000] {extract.py:36} INFO - Request time: 0:00:00.555134
[2023-08-26T09:01:06.011+0000] {logging_mixin.py:151} WARNING - --- Logging error ---
[2023-08-26T09:01:06.014+0000] {logging_mixin.py:151} WARNING - Traceback (most recent call last):
[2023-08-26T09:01:06.014+0000] {logging_mixin.py:151} WARNING -   File "/usr/lib/python3.10/logging/__init__.py", line 1100, in emit
    msg = self.format(record)
[2023-08-26T09:01:06.015+0000] {logging_mixin.py:151} WARNING -   File "/usr/lib/python3.10/logging/__init__.py", line 943, in format
    return fmt.format(record)
[2023-08-26T09:01:06.015+0000] {logging_mixin.py:151} WARNING -   File "/usr/lib/python3.10/logging/__init__.py", line 678, in format
    record.message = record.getMessage()
[2023-08-26T09:01:06.015+0000] {logging_mixin.py:151} WARNING -   File "/usr/lib/python3.10/logging/__init__.py", line 368, in getMessage
    msg = msg % self.args
[2023-08-26T09:01:06.015+0000] {logging_mixin.py:151} WARNING - TypeError: not all arguments converted during string formatting
[2023-08-26T09:01:06.015+0000] {logging_mixin.py:151} WARNING - Call stack:
[2023-08-26T09:01:06.038+0000] {logging_mixin.py:151} WARNING -   File "/home/data-engineer/GAAS_Data_System/venv/bin/airflow", line 8, in <module>
    sys.exit(main())
[2023-08-26T09:01:06.038+0000] {logging_mixin.py:151} WARNING -   File "/home/data-engineer/GAAS_Data_System/venv/lib/python3.10/site-packages/airflow/__main__.py", line 60, in main
    args.func(args)
[2023-08-26T09:01:06.039+0000] {logging_mixin.py:151} WARNING -   File "/home/data-engineer/GAAS_Data_System/venv/lib/python3.10/site-packages/airflow/cli/cli_config.py", line 49, in command
    return func(*args, **kwargs)
[2023-08-26T09:01:06.039+0000] {logging_mixin.py:151} WARNING -   File "/home/data-engineer/GAAS_Data_System/venv/lib/python3.10/site-packages/airflow/utils/cli.py", line 113, in wrapper
    return f(*args, **kwargs)
[2023-08-26T09:01:06.039+0000] {logging_mixin.py:151} WARNING -   File "/home/data-engineer/GAAS_Data_System/venv/lib/python3.10/site-packages/airflow/utils/providers_configuration_loader.py", line 56, in wrapped_function
    return func(*args, **kwargs)
[2023-08-26T09:01:06.039+0000] {logging_mixin.py:151} WARNING -   File "/home/data-engineer/GAAS_Data_System/venv/lib/python3.10/site-packages/airflow/cli/commands/scheduler_command.py", line 85, in scheduler
    _run_scheduler_job(job_runner, skip_serve_logs=args.skip_serve_logs)
[2023-08-26T09:01:06.039+0000] {logging_mixin.py:151} WARNING -   File "/home/data-engineer/GAAS_Data_System/venv/lib/python3.10/site-packages/airflow/cli/commands/scheduler_command.py", line 47, in _run_scheduler_job
    run_job(job=job_runner.job, execute_callable=job_runner._execute)
[2023-08-26T09:01:06.039+0000] {logging_mixin.py:151} WARNING -   File "/home/data-engineer/GAAS_Data_System/venv/lib/python3.10/site-packages/airflow/utils/session.py", line 77, in wrapper
    return func(*args, session=session, **kwargs)
[2023-08-26T09:01:06.039+0000] {logging_mixin.py:151} WARNING -   File "/home/data-engineer/GAAS_Data_System/venv/lib/python3.10/site-packages/airflow/jobs/job.py", line 289, in run_job
    return execute_job(job, execute_callable=execute_callable)
[2023-08-26T09:01:06.039+0000] {logging_mixin.py:151} WARNING -   File "/home/data-engineer/GAAS_Data_System/venv/lib/python3.10/site-packages/airflow/jobs/job.py", line 318, in execute_job
    ret = execute_callable()
[2023-08-26T09:01:06.040+0000] {logging_mixin.py:151} WARNING -   File "/home/data-engineer/GAAS_Data_System/venv/lib/python3.10/site-packages/airflow/jobs/scheduler_job_runner.py", line 838, in _execute
    self.job.executor.start()
[2023-08-26T09:01:06.040+0000] {logging_mixin.py:151} WARNING -   File "/home/data-engineer/GAAS_Data_System/venv/lib/python3.10/site-packages/airflow/executors/local_executor.py", line 367, in start
    self.impl.start()
[2023-08-26T09:01:06.040+0000] {logging_mixin.py:151} WARNING -   File "/home/data-engineer/GAAS_Data_System/venv/lib/python3.10/site-packages/airflow/executors/local_executor.py", line 308, in start
    worker.start()
[2023-08-26T09:01:06.040+0000] {logging_mixin.py:151} WARNING -   File "/usr/lib/python3.10/multiprocessing/process.py", line 121, in start
    self._popen = self._Popen(self)
[2023-08-26T09:01:06.040+0000] {logging_mixin.py:151} WARNING -   File "/usr/lib/python3.10/multiprocessing/context.py", line 224, in _Popen
    return _default_context.get_context().Process._Popen(process_obj)
[2023-08-26T09:01:06.040+0000] {logging_mixin.py:151} WARNING -   File "/usr/lib/python3.10/multiprocessing/context.py", line 281, in _Popen
    return Popen(process_obj)
[2023-08-26T09:01:06.040+0000] {logging_mixin.py:151} WARNING -   File "/usr/lib/python3.10/multiprocessing/popen_fork.py", line 19, in __init__
    self._launch(process_obj)
[2023-08-26T09:01:06.040+0000] {logging_mixin.py:151} WARNING -   File "/usr/lib/python3.10/multiprocessing/popen_fork.py", line 71, in _launch
    code = process_obj._bootstrap(parent_sentinel=child_r)
[2023-08-26T09:01:06.040+0000] {logging_mixin.py:151} WARNING -   File "/usr/lib/python3.10/multiprocessing/process.py", line 314, in _bootstrap
    self.run()
[2023-08-26T09:01:06.041+0000] {logging_mixin.py:151} WARNING -   File "/home/data-engineer/GAAS_Data_System/venv/lib/python3.10/site-packages/airflow/executors/local_executor.py", line 74, in run
    return super().run()
[2023-08-26T09:01:06.041+0000] {logging_mixin.py:151} WARNING -   File "/usr/lib/python3.10/multiprocessing/process.py", line 108, in run
    self._target(*self._args, **self._kwargs)
[2023-08-26T09:01:06.041+0000] {logging_mixin.py:151} WARNING -   File "/home/data-engineer/GAAS_Data_System/venv/lib/python3.10/site-packages/airflow/executors/local_executor.py", line 198, in do_work
    self.execute_work(key=key, command=command)
[2023-08-26T09:01:06.041+0000] {logging_mixin.py:151} WARNING -   File "/home/data-engineer/GAAS_Data_System/venv/lib/python3.10/site-packages/airflow/executors/local_executor.py", line 91, in execute_work
    state = self._execute_work_in_fork(command)
[2023-08-26T09:01:06.041+0000] {logging_mixin.py:151} WARNING -   File "/home/data-engineer/GAAS_Data_System/venv/lib/python3.10/site-packages/airflow/executors/local_executor.py", line 131, in _execute_work_in_fork
    args.func(args)
[2023-08-26T09:01:06.041+0000] {logging_mixin.py:151} WARNING -   File "/home/data-engineer/GAAS_Data_System/venv/lib/python3.10/site-packages/airflow/cli/cli_config.py", line 49, in command
    return func(*args, **kwargs)
[2023-08-26T09:01:06.041+0000] {logging_mixin.py:151} WARNING -   File "/home/data-engineer/GAAS_Data_System/venv/lib/python3.10/site-packages/airflow/utils/cli.py", line 113, in wrapper
    return f(*args, **kwargs)
[2023-08-26T09:01:06.041+0000] {logging_mixin.py:151} WARNING -   File "/home/data-engineer/GAAS_Data_System/venv/lib/python3.10/site-packages/airflow/cli/commands/task_command.py", line 430, in task_run
    task_return_code = _run_task_by_selected_method(args, _dag, ti)
[2023-08-26T09:01:06.041+0000] {logging_mixin.py:151} WARNING -   File "/home/data-engineer/GAAS_Data_System/venv/lib/python3.10/site-packages/airflow/cli/commands/task_command.py", line 208, in _run_task_by_selected_method
    return _run_task_by_local_task_job(args, ti)
[2023-08-26T09:01:06.041+0000] {logging_mixin.py:151} WARNING -   File "/home/data-engineer/GAAS_Data_System/venv/lib/python3.10/site-packages/airflow/cli/commands/task_command.py", line 270, in _run_task_by_local_task_job
    ret = run_job(job=job_runner.job, execute_callable=job_runner._execute)
[2023-08-26T09:01:06.042+0000] {logging_mixin.py:151} WARNING -   File "/home/data-engineer/GAAS_Data_System/venv/lib/python3.10/site-packages/airflow/utils/session.py", line 77, in wrapper
    return func(*args, session=session, **kwargs)
[2023-08-26T09:01:06.042+0000] {logging_mixin.py:151} WARNING -   File "/home/data-engineer/GAAS_Data_System/venv/lib/python3.10/site-packages/airflow/jobs/job.py", line 289, in run_job
    return execute_job(job, execute_callable=execute_callable)
[2023-08-26T09:01:06.042+0000] {logging_mixin.py:151} WARNING -   File "/home/data-engineer/GAAS_Data_System/venv/lib/python3.10/site-packages/airflow/jobs/job.py", line 318, in execute_job
    ret = execute_callable()
[2023-08-26T09:01:06.042+0000] {logging_mixin.py:151} WARNING -   File "/home/data-engineer/GAAS_Data_System/venv/lib/python3.10/site-packages/airflow/jobs/local_task_job_runner.py", line 159, in _execute
    self.task_runner.start()
[2023-08-26T09:01:06.042+0000] {logging_mixin.py:151} WARNING -   File "/home/data-engineer/GAAS_Data_System/venv/lib/python3.10/site-packages/airflow/task/task_runner/standard_task_runner.py", line 45, in start
    self.process = self._start_by_fork()
[2023-08-26T09:01:06.042+0000] {logging_mixin.py:151} WARNING -   File "/home/data-engineer/GAAS_Data_System/venv/lib/python3.10/site-packages/airflow/task/task_runner/standard_task_runner.py", line 97, in _start_by_fork
    ret = args.func(args, dag=self.dag)
[2023-08-26T09:01:06.042+0000] {logging_mixin.py:151} WARNING -   File "/home/data-engineer/GAAS_Data_System/venv/lib/python3.10/site-packages/airflow/cli/cli_config.py", line 49, in command
    return func(*args, **kwargs)
[2023-08-26T09:01:06.043+0000] {logging_mixin.py:151} WARNING -   File "/home/data-engineer/GAAS_Data_System/venv/lib/python3.10/site-packages/airflow/utils/cli.py", line 113, in wrapper
    return f(*args, **kwargs)
[2023-08-26T09:01:06.043+0000] {logging_mixin.py:151} WARNING -   File "/home/data-engineer/GAAS_Data_System/venv/lib/python3.10/site-packages/airflow/cli/commands/task_command.py", line 430, in task_run
    task_return_code = _run_task_by_selected_method(args, _dag, ti)
[2023-08-26T09:01:06.043+0000] {logging_mixin.py:151} WARNING -   File "/home/data-engineer/GAAS_Data_System/venv/lib/python3.10/site-packages/airflow/cli/commands/task_command.py", line 210, in _run_task_by_selected_method
    return _run_raw_task(args, ti)
[2023-08-26T09:01:06.043+0000] {logging_mixin.py:151} WARNING -   File "/home/data-engineer/GAAS_Data_System/venv/lib/python3.10/site-packages/airflow/cli/commands/task_command.py", line 289, in _run_raw_task
    return ti._run_raw_task(
[2023-08-26T09:01:06.043+0000] {logging_mixin.py:151} WARNING -   File "/home/data-engineer/GAAS_Data_System/venv/lib/python3.10/site-packages/airflow/utils/session.py", line 77, in wrapper
    return func(*args, session=session, **kwargs)
[2023-08-26T09:01:06.043+0000] {logging_mixin.py:151} WARNING -   File "/home/data-engineer/GAAS_Data_System/venv/lib/python3.10/site-packages/airflow/models/taskinstance.py", line 1518, in _run_raw_task
    self._execute_task_with_callbacks(context, test_mode, session=session)
[2023-08-26T09:01:06.043+0000] {logging_mixin.py:151} WARNING -   File "/home/data-engineer/GAAS_Data_System/venv/lib/python3.10/site-packages/airflow/models/taskinstance.py", line 1679, in _execute_task_with_callbacks
    result = self._execute_task(context, task_orig)
[2023-08-26T09:01:06.043+0000] {logging_mixin.py:151} WARNING -   File "/home/data-engineer/GAAS_Data_System/venv/lib/python3.10/site-packages/airflow/models/taskinstance.py", line 1750, in _execute_task
    result = execute_callable(context=context)
[2023-08-26T09:01:06.044+0000] {logging_mixin.py:151} WARNING -   File "/home/data-engineer/GAAS_Data_System/venv/lib/python3.10/site-packages/airflow/operators/python.py", line 192, in execute
    return_value = self.execute_callable()
[2023-08-26T09:01:06.044+0000] {logging_mixin.py:151} WARNING -   File "/home/data-engineer/GAAS_Data_System/venv/lib/python3.10/site-packages/airflow/operators/python.py", line 209, in execute_callable
    return self.python_callable(*self.op_args, **self.op_kwargs)
[2023-08-26T09:01:06.044+0000] {logging_mixin.py:151} WARNING -   File "/home/data-engineer/GAAS_Data_System/Airflow/dags/dag_etl.py", line 117, in etl_event
    event_data = extract("log", greater,less)
[2023-08-26T09:01:06.044+0000] {logging_mixin.py:151} WARNING -   File "/home/data-engineer/GAAS_Data_System/ETL/extract.py", line 45, in extract
    logging.error("Server GAAS error:", response.status_code)
[2023-08-26T09:01:06.044+0000] {logging_mixin.py:151} WARNING -   File "/usr/lib/python3.10/logging/__init__.py", line 2105, in error
    root.error(msg, *args, **kwargs)
[2023-08-26T09:01:06.044+0000] {logging_mixin.py:151} WARNING -   File "/usr/lib/python3.10/logging/__init__.py", line 1506, in error
    self._log(ERROR, msg, args, **kwargs)
[2023-08-26T09:01:06.044+0000] {logging_mixin.py:151} WARNING -   File "/usr/lib/python3.10/logging/__init__.py", line 1624, in _log
    self.handle(record)
[2023-08-26T09:01:06.045+0000] {logging_mixin.py:151} WARNING -   File "/usr/lib/python3.10/logging/__init__.py", line 1634, in handle
    self.callHandlers(record)
[2023-08-26T09:01:06.045+0000] {logging_mixin.py:151} WARNING -   File "/usr/lib/python3.10/logging/__init__.py", line 1696, in callHandlers
    hdlr.handle(record)
[2023-08-26T09:01:06.045+0000] {logging_mixin.py:151} WARNING -   File "/usr/lib/python3.10/logging/__init__.py", line 968, in handle
    self.emit(record)
[2023-08-26T09:01:06.045+0000] {logging_mixin.py:151} WARNING -   File "/home/data-engineer/GAAS_Data_System/venv/lib/python3.10/site-packages/airflow/utils/log/file_task_handler.py", line 211, in emit
    self.handler.emit(record)
[2023-08-26T09:01:06.045+0000] {logging_mixin.py:151} WARNING - Message: 'Server GAAS error:'
Arguments: (502,)
[2023-08-26T09:01:06.067+0000] {dag_etl.py:119} INFO - Complete extract event: 0:00:00.613146
[2023-08-26T09:01:06.068+0000] {dag_etl.py:121} INFO - Transforming action...
[2023-08-26T09:01:06.071+0000] {dag_etl.py:149} ERROR - An Error Occur: object of type 'int' has no len()
[2023-08-26T09:01:06.072+0000] {python.py:194} INFO - Done. Returned value was: None
[2023-08-26T09:01:06.087+0000] {taskinstance.py:1400} INFO - Marking task as SUCCESS. dag_id=gaas_etl_1, task_id=etl_event, execution_date=20230826T090000, start_date=20230826T090104, end_date=20230826T090106
[2023-08-26T09:01:06.160+0000] {local_task_job_runner.py:228} INFO - Task exited with return code 0
[2023-08-26T09:01:06.190+0000] {taskinstance.py:2784} INFO - 0 downstream tasks scheduled from follow-on schedule check
