[2023-08-27T13:02:05.948+0000] {taskinstance.py:1159} INFO - Dependencies all met for dep_context=non-requeueable deps ti=<TaskInstance: gaas_etl_1.etl_user scheduled__2023-08-27T13:01:00+00:00 [queued]>
[2023-08-27T13:02:05.964+0000] {taskinstance.py:1159} INFO - Dependencies all met for dep_context=requeueable deps ti=<TaskInstance: gaas_etl_1.etl_user scheduled__2023-08-27T13:01:00+00:00 [queued]>
[2023-08-27T13:02:05.965+0000] {taskinstance.py:1361} INFO - Starting attempt 1 of 1
[2023-08-27T13:02:06.001+0000] {taskinstance.py:1382} INFO - Executing <Task(PythonOperator): etl_user> on 2023-08-27 13:01:00+00:00
[2023-08-27T13:02:06.012+0000] {standard_task_runner.py:57} INFO - Started process 407774 to run task
[2023-08-27T13:02:06.028+0000] {standard_task_runner.py:84} INFO - Running: ['airflow', 'tasks', 'run', 'gaas_etl_1', 'etl_user', 'scheduled__2023-08-27T13:01:00+00:00', '--job-id', '5937', '--raw', '--subdir', 'DAGS_FOLDER/dag_etl.py', '--cfg-path', '/tmp/tmp02w_cbx1']
[2023-08-27T13:02:06.035+0000] {standard_task_runner.py:85} INFO - Job 5937: Subtask etl_user
[2023-08-27T13:02:06.921+0000] {task_command.py:415} INFO - Running <TaskInstance: gaas_etl_1.etl_user scheduled__2023-08-27T13:01:00+00:00 [running]> on host data-system.us-central1-a.c.data-system-392010.internal
[2023-08-27T13:02:07.388+0000] {taskinstance.py:1660} INFO - Exporting env vars: AIRFLOW_CTX_DAG_EMAIL='hungnm15012002@gmail.com' AIRFLOW_CTX_DAG_OWNER='hungnm' AIRFLOW_CTX_DAG_ID='gaas_etl_1' AIRFLOW_CTX_TASK_ID='etl_user' AIRFLOW_CTX_EXECUTION_DATE='2023-08-27T13:01:00+00:00' AIRFLOW_CTX_TRY_NUMBER='1' AIRFLOW_CTX_DAG_RUN_ID='scheduled__2023-08-27T13:01:00+00:00'
[2023-08-27T13:02:07.416+0000] {dag_etl.py:28} INFO - Extracting user...
[2023-08-27T13:02:14.148+0000] {extract.py:36} INFO - Request time: 0:00:06.731215
[2023-08-27T13:02:14.935+0000] {extract.py:42} INFO - Create DataFrame time: 0:00:00.786249
[2023-08-27T13:02:14.941+0000] {dag_etl.py:31} INFO - Complete extract user: 0:00:07.524520
[2023-08-27T13:02:14.942+0000] {dag_etl.py:33} INFO - Extracting resource...
[2023-08-27T13:02:17.031+0000] {extract.py:36} INFO - Request time: 0:00:02.089180
[2023-08-27T13:02:17.383+0000] {extract.py:42} INFO - Create DataFrame time: 0:00:00.348279
[2023-08-27T13:02:17.393+0000] {dag_etl.py:36} INFO - Complete extract resource: 0:00:02.450616
[2023-08-27T13:02:17.397+0000] {dag_etl.py:38} INFO - Transforming user...
[2023-08-27T13:02:18.029+0000] {dag_etl.py:42} INFO - Complete transform user: 0:00:00.638147
[2023-08-27T13:02:18.030+0000] {dag_etl.py:44} INFO - transform space_ships...
[2023-08-27T13:02:18.347+0000] {dag_etl.py:47} INFO - Complete transform space_ships: 0:00:00.317703
[2023-08-27T13:02:18.347+0000] {dag_etl.py:49} INFO - transform drones...
[2023-08-27T13:02:18.530+0000] {dag_etl.py:52} INFO - Complete transform drones: 0:00:00.183177
[2023-08-27T13:02:18.532+0000] {dag_etl.py:54} INFO - transform pilots...
[2023-08-27T13:02:18.743+0000] {dag_etl.py:57} INFO - Complete transform pilots: 0:00:00.212703
[2023-08-27T13:02:18.743+0000] {dag_etl.py:59} INFO - transform talents...
[2023-08-27T13:02:18.796+0000] {dag_etl.py:62} INFO - Complete transform talents: 0:00:00.053522
[2023-08-27T13:02:18.797+0000] {dag_etl.py:64} INFO - transform expert_items...
[2023-08-27T13:02:18.842+0000] {dag_etl.py:67} INFO - Complete transform expert_items: 0:00:00.045261
[2023-08-27T13:02:18.842+0000] {dag_etl.py:69} INFO - Loading user...
[2023-08-27T13:02:20.687+0000] {dag_etl.py:72} INFO - Complete load user: 0:00:01.845623
[2023-08-27T13:02:20.688+0000] {dag_etl.py:74} INFO - Loading space_ships...
[2023-08-27T13:02:24.015+0000] {dag_etl.py:77} INFO - Complete load space_ships: 0:00:03.328209
[2023-08-27T13:02:24.016+0000] {dag_etl.py:79} INFO - Loading drones...
[2023-08-27T13:02:26.247+0000] {dag_etl.py:82} INFO - Complete load drones: 0:00:02.232020
[2023-08-27T13:02:26.248+0000] {dag_etl.py:84} INFO - Loading pilots...
[2023-08-27T13:02:29.752+0000] {dag_etl.py:87} INFO - Complete load drones: 0:00:03.504319
[2023-08-27T13:02:29.752+0000] {dag_etl.py:89} INFO - Loading talents...
[2023-08-27T13:02:31.718+0000] {dag_etl.py:92} INFO - Complete load drones: 0:00:01.965699
[2023-08-27T13:02:31.718+0000] {dag_etl.py:94} INFO - Loading expert_items...
[2023-08-27T13:02:33.014+0000] {dag_etl.py:97} INFO - Complete load drones: 0:00:01.296311
[2023-08-27T13:02:33.014+0000] {dag_etl.py:99} INFO - Complete ETL Users in : 0:00:25.598446
[2023-08-27T13:02:33.043+0000] {python.py:194} INFO - Done. Returned value was: None
[2023-08-27T13:02:33.060+0000] {taskinstance.py:1400} INFO - Marking task as SUCCESS. dag_id=gaas_etl_1, task_id=etl_user, execution_date=20230827T130100, start_date=20230827T130205, end_date=20230827T130233
[2023-08-27T13:02:33.146+0000] {local_task_job_runner.py:228} INFO - Task exited with return code 0
[2023-08-27T13:02:33.192+0000] {taskinstance.py:2784} INFO - 0 downstream tasks scheduled from follow-on schedule check
