[2023-08-27T20:36:10.769+0000] {taskinstance.py:1159} INFO - Dependencies all met for dep_context=non-requeueable deps ti=<TaskInstance: gaas_etl_1.etl_user scheduled__2023-08-27T20:35:00+00:00 [queued]>
[2023-08-27T20:36:10.794+0000] {taskinstance.py:1159} INFO - Dependencies all met for dep_context=requeueable deps ti=<TaskInstance: gaas_etl_1.etl_user scheduled__2023-08-27T20:35:00+00:00 [queued]>
[2023-08-27T20:36:10.794+0000] {taskinstance.py:1361} INFO - Starting attempt 1 of 1
[2023-08-27T20:36:10.833+0000] {taskinstance.py:1382} INFO - Executing <Task(PythonOperator): etl_user> on 2023-08-27 20:35:00+00:00
[2023-08-27T20:36:10.839+0000] {standard_task_runner.py:57} INFO - Started process 455592 to run task
[2023-08-27T20:36:10.848+0000] {standard_task_runner.py:84} INFO - Running: ['airflow', 'tasks', 'run', 'gaas_etl_1', 'etl_user', 'scheduled__2023-08-27T20:35:00+00:00', '--job-id', '7298', '--raw', '--subdir', 'DAGS_FOLDER/dag_etl.py', '--cfg-path', '/tmp/tmp23xoef5e']
[2023-08-27T20:36:10.854+0000] {standard_task_runner.py:85} INFO - Job 7298: Subtask etl_user
[2023-08-27T20:36:11.389+0000] {task_command.py:415} INFO - Running <TaskInstance: gaas_etl_1.etl_user scheduled__2023-08-27T20:35:00+00:00 [running]> on host data-system.us-central1-a.c.data-system-392010.internal
[2023-08-27T20:36:12.444+0000] {taskinstance.py:1660} INFO - Exporting env vars: AIRFLOW_CTX_DAG_EMAIL='hungnm15012002@gmail.com' AIRFLOW_CTX_DAG_OWNER='hungnm' AIRFLOW_CTX_DAG_ID='gaas_etl_1' AIRFLOW_CTX_TASK_ID='etl_user' AIRFLOW_CTX_EXECUTION_DATE='2023-08-27T20:35:00+00:00' AIRFLOW_CTX_TRY_NUMBER='1' AIRFLOW_CTX_DAG_RUN_ID='scheduled__2023-08-27T20:35:00+00:00'
[2023-08-27T20:36:12.468+0000] {dag_etl.py:28} INFO - Extracting user...
[2023-08-27T20:36:19.071+0000] {extract.py:36} INFO - Request time: 0:00:06.602452
[2023-08-27T20:36:19.588+0000] {extract.py:42} INFO - Create DataFrame time: 0:00:00.517215
[2023-08-27T20:36:19.603+0000] {dag_etl.py:31} INFO - Complete extract user: 0:00:07.135039
[2023-08-27T20:36:19.604+0000] {dag_etl.py:33} INFO - Extracting resource...
[2023-08-27T20:36:29.692+0000] {extract.py:36} INFO - Request time: 0:00:10.087074
[2023-08-27T20:36:29.877+0000] {extract.py:42} INFO - Create DataFrame time: 0:00:00.184648
[2023-08-27T20:36:29.882+0000] {dag_etl.py:36} INFO - Complete extract resource: 0:00:10.278992
[2023-08-27T20:36:29.884+0000] {dag_etl.py:38} INFO - Transforming user...
[2023-08-27T20:36:30.256+0000] {dag_etl.py:42} INFO - Complete transform user: 0:00:00.374338
[2023-08-27T20:36:30.257+0000] {dag_etl.py:44} INFO - transform space_ships...
[2023-08-27T20:36:30.526+0000] {dag_etl.py:47} INFO - Complete transform space_ships: 0:00:00.269809
[2023-08-27T20:36:30.527+0000] {dag_etl.py:49} INFO - transform drones...
[2023-08-27T20:36:30.784+0000] {dag_etl.py:52} INFO - Complete transform drones: 0:00:00.257971
[2023-08-27T20:36:30.784+0000] {dag_etl.py:54} INFO - transform pilots...
[2023-08-27T20:36:30.932+0000] {dag_etl.py:57} INFO - Complete transform pilots: 0:00:00.147936
[2023-08-27T20:36:30.935+0000] {dag_etl.py:59} INFO - transform talents...
[2023-08-27T20:36:31.020+0000] {dag_etl.py:62} INFO - Complete transform talents: 0:00:00.088816
[2023-08-27T20:36:31.021+0000] {dag_etl.py:64} INFO - transform expert_items...
[2023-08-27T20:36:31.068+0000] {dag_etl.py:67} INFO - Complete transform expert_items: 0:00:00.047490
[2023-08-27T20:36:31.068+0000] {dag_etl.py:69} INFO - Loading user...
[2023-08-27T20:36:32.661+0000] {dag_etl.py:72} INFO - Complete load user: 0:00:01.593160
[2023-08-27T20:36:32.662+0000] {dag_etl.py:74} INFO - Loading space_ships...
[2023-08-27T20:36:35.447+0000] {dag_etl.py:77} INFO - Complete load space_ships: 0:00:02.785572
[2023-08-27T20:36:35.447+0000] {dag_etl.py:79} INFO - Loading drones...
[2023-08-27T20:36:37.721+0000] {dag_etl.py:82} INFO - Complete load drones: 0:00:02.274486
[2023-08-27T20:36:37.722+0000] {dag_etl.py:84} INFO - Loading pilots...
[2023-08-27T20:36:40.980+0000] {dag_etl.py:87} INFO - Complete load drones: 0:00:03.258885
[2023-08-27T20:36:40.981+0000] {dag_etl.py:89} INFO - Loading talents...
[2023-08-27T20:36:43.154+0000] {dag_etl.py:92} INFO - Complete load drones: 0:00:02.174183
[2023-08-27T20:36:43.155+0000] {dag_etl.py:94} INFO - Loading expert_items...
[2023-08-27T20:36:44.578+0000] {dag_etl.py:97} INFO - Complete load drones: 0:00:01.423847
[2023-08-27T20:36:44.579+0000] {dag_etl.py:99} INFO - Complete ETL Users in : 0:00:32.111138
[2023-08-27T20:36:44.613+0000] {python.py:194} INFO - Done. Returned value was: None
[2023-08-27T20:36:44.637+0000] {taskinstance.py:1400} INFO - Marking task as SUCCESS. dag_id=gaas_etl_1, task_id=etl_user, execution_date=20230827T203500, start_date=20230827T203610, end_date=20230827T203644
[2023-08-27T20:36:44.721+0000] {local_task_job_runner.py:228} INFO - Task exited with return code 0
[2023-08-27T20:36:44.773+0000] {taskinstance.py:2784} INFO - 0 downstream tasks scheduled from follow-on schedule check
