[2023-08-27T17:27:10.984+0000] {taskinstance.py:1159} INFO - Dependencies all met for dep_context=non-requeueable deps ti=<TaskInstance: gaas_etl_1.etl_user scheduled__2023-08-27T17:26:00+00:00 [queued]>
[2023-08-27T17:27:11.026+0000] {taskinstance.py:1159} INFO - Dependencies all met for dep_context=requeueable deps ti=<TaskInstance: gaas_etl_1.etl_user scheduled__2023-08-27T17:26:00+00:00 [queued]>
[2023-08-27T17:27:11.027+0000] {taskinstance.py:1361} INFO - Starting attempt 1 of 1
[2023-08-27T17:27:11.083+0000] {taskinstance.py:1382} INFO - Executing <Task(PythonOperator): etl_user> on 2023-08-27 17:26:00+00:00
[2023-08-27T17:27:11.092+0000] {standard_task_runner.py:57} INFO - Started process 435727 to run task
[2023-08-27T17:27:11.118+0000] {standard_task_runner.py:84} INFO - Running: ['airflow', 'tasks', 'run', 'gaas_etl_1', 'etl_user', 'scheduled__2023-08-27T17:26:00+00:00', '--job-id', '6731', '--raw', '--subdir', 'DAGS_FOLDER/dag_etl.py', '--cfg-path', '/tmp/tmpj1e24gu0']
[2023-08-27T17:27:11.137+0000] {standard_task_runner.py:85} INFO - Job 6731: Subtask etl_user
[2023-08-27T17:27:12.407+0000] {task_command.py:415} INFO - Running <TaskInstance: gaas_etl_1.etl_user scheduled__2023-08-27T17:26:00+00:00 [running]> on host data-system.us-central1-a.c.data-system-392010.internal
[2023-08-27T17:27:13.263+0000] {taskinstance.py:1660} INFO - Exporting env vars: AIRFLOW_CTX_DAG_EMAIL='hungnm15012002@gmail.com' AIRFLOW_CTX_DAG_OWNER='hungnm' AIRFLOW_CTX_DAG_ID='gaas_etl_1' AIRFLOW_CTX_TASK_ID='etl_user' AIRFLOW_CTX_EXECUTION_DATE='2023-08-27T17:26:00+00:00' AIRFLOW_CTX_TRY_NUMBER='1' AIRFLOW_CTX_DAG_RUN_ID='scheduled__2023-08-27T17:26:00+00:00'
[2023-08-27T17:27:13.292+0000] {dag_etl.py:28} INFO - Extracting user...
[2023-08-27T17:27:28.521+0000] {extract.py:36} INFO - Request time: 0:00:15.227217
[2023-08-27T17:27:29.523+0000] {extract.py:42} INFO - Create DataFrame time: 0:00:00.997093
[2023-08-27T17:27:29.530+0000] {dag_etl.py:31} INFO - Complete extract user: 0:00:16.237973
[2023-08-27T17:27:29.532+0000] {dag_etl.py:33} INFO - Extracting resource...
[2023-08-27T17:27:39.904+0000] {extract.py:36} INFO - Request time: 0:00:10.371451
[2023-08-27T17:27:40.015+0000] {extract.py:42} INFO - Create DataFrame time: 0:00:00.110557
[2023-08-27T17:27:40.018+0000] {dag_etl.py:36} INFO - Complete extract resource: 0:00:10.488152
[2023-08-27T17:27:40.020+0000] {dag_etl.py:38} INFO - Transforming user...
[2023-08-27T17:27:40.625+0000] {dag_etl.py:42} INFO - Complete transform user: 0:00:00.606053
[2023-08-27T17:27:40.628+0000] {dag_etl.py:44} INFO - transform space_ships...
[2023-08-27T17:27:41.167+0000] {dag_etl.py:47} INFO - Complete transform space_ships: 0:00:00.542318
[2023-08-27T17:27:41.168+0000] {dag_etl.py:49} INFO - transform drones...
[2023-08-27T17:27:41.544+0000] {dag_etl.py:52} INFO - Complete transform drones: 0:00:00.377298
[2023-08-27T17:27:41.545+0000] {dag_etl.py:54} INFO - transform pilots...
[2023-08-27T17:27:41.805+0000] {dag_etl.py:57} INFO - Complete transform pilots: 0:00:00.260316
[2023-08-27T17:27:41.818+0000] {dag_etl.py:59} INFO - transform talents...
[2023-08-27T17:27:41.966+0000] {dag_etl.py:62} INFO - Complete transform talents: 0:00:00.161511
[2023-08-27T17:27:41.970+0000] {dag_etl.py:64} INFO - transform expert_items...
[2023-08-27T17:27:42.119+0000] {dag_etl.py:67} INFO - Complete transform expert_items: 0:00:00.152700
[2023-08-27T17:27:42.121+0000] {dag_etl.py:69} INFO - Loading user...
[2023-08-27T17:27:44.738+0000] {dag_etl.py:72} INFO - Complete load user: 0:00:02.619725
[2023-08-27T17:27:44.739+0000] {dag_etl.py:74} INFO - Loading space_ships...
[2023-08-27T17:27:48.233+0000] {dag_etl.py:77} INFO - Complete load space_ships: 0:00:03.494531
[2023-08-27T17:27:48.233+0000] {dag_etl.py:79} INFO - Loading drones...
[2023-08-27T17:27:50.984+0000] {dag_etl.py:82} INFO - Complete load drones: 0:00:02.751467
[2023-08-27T17:27:50.985+0000] {dag_etl.py:84} INFO - Loading pilots...
[2023-08-27T17:27:55.461+0000] {dag_etl.py:87} INFO - Complete load drones: 0:00:04.476669
[2023-08-27T17:27:55.462+0000] {dag_etl.py:89} INFO - Loading talents...
[2023-08-27T17:27:58.242+0000] {dag_etl.py:92} INFO - Complete load drones: 0:00:02.780755
[2023-08-27T17:27:58.243+0000] {dag_etl.py:94} INFO - Loading expert_items...
[2023-08-27T17:28:00.208+0000] {dag_etl.py:97} INFO - Complete load drones: 0:00:01.966447
[2023-08-27T17:28:00.209+0000] {dag_etl.py:99} INFO - Complete ETL Users in : 0:00:46.916540
[2023-08-27T17:28:00.249+0000] {python.py:194} INFO - Done. Returned value was: None
[2023-08-27T17:28:00.275+0000] {taskinstance.py:1400} INFO - Marking task as SUCCESS. dag_id=gaas_etl_1, task_id=etl_user, execution_date=20230827T172600, start_date=20230827T172710, end_date=20230827T172800
[2023-08-27T17:28:00.351+0000] {local_task_job_runner.py:228} INFO - Task exited with return code 0
[2023-08-27T17:28:00.377+0000] {taskinstance.py:2784} INFO - 0 downstream tasks scheduled from follow-on schedule check
