[2023-08-26T13:25:04.393+0000] {taskinstance.py:1159} INFO - Dependencies all met for dep_context=non-requeueable deps ti=<TaskInstance: gaas_etl_1.etl_user scheduled__2023-08-26T13:24:00+00:00 [queued]>
[2023-08-26T13:25:04.417+0000] {taskinstance.py:1159} INFO - Dependencies all met for dep_context=requeueable deps ti=<TaskInstance: gaas_etl_1.etl_user scheduled__2023-08-26T13:24:00+00:00 [queued]>
[2023-08-26T13:25:04.418+0000] {taskinstance.py:1361} INFO - Starting attempt 1 of 1
[2023-08-26T13:25:04.458+0000] {taskinstance.py:1382} INFO - Executing <Task(PythonOperator): etl_user> on 2023-08-26 13:24:00+00:00
[2023-08-26T13:25:04.479+0000] {standard_task_runner.py:57} INFO - Started process 313674 to run task
[2023-08-26T13:25:04.497+0000] {standard_task_runner.py:84} INFO - Running: ['airflow', 'tasks', 'run', 'gaas_etl_1', 'etl_user', 'scheduled__2023-08-26T13:24:00+00:00', '--job-id', '1685', '--raw', '--subdir', 'DAGS_FOLDER/dag_etl.py', '--cfg-path', '/tmp/tmp0w123odc']
[2023-08-26T13:25:04.504+0000] {standard_task_runner.py:85} INFO - Job 1685: Subtask etl_user
[2023-08-26T13:25:04.697+0000] {task_command.py:415} INFO - Running <TaskInstance: gaas_etl_1.etl_user scheduled__2023-08-26T13:24:00+00:00 [running]> on host data-system.us-central1-a.c.data-system-392010.internal
[2023-08-26T13:25:04.965+0000] {taskinstance.py:1660} INFO - Exporting env vars: AIRFLOW_CTX_DAG_EMAIL='hungnm15012002@gmail.com' AIRFLOW_CTX_DAG_OWNER='hungnm' AIRFLOW_CTX_DAG_ID='gaas_etl_1' AIRFLOW_CTX_TASK_ID='etl_user' AIRFLOW_CTX_EXECUTION_DATE='2023-08-26T13:24:00+00:00' AIRFLOW_CTX_TRY_NUMBER='1' AIRFLOW_CTX_DAG_RUN_ID='scheduled__2023-08-26T13:24:00+00:00'
[2023-08-26T13:25:04.983+0000] {dag_etl.py:28} INFO - Extracting user...
[2023-08-26T13:25:09.983+0000] {extract.py:36} INFO - Request time: 0:00:04.998942
[2023-08-26T13:25:10.511+0000] {extract.py:42} INFO - Create DataFrame time: 0:00:00.527808
[2023-08-26T13:25:10.514+0000] {dag_etl.py:31} INFO - Complete extract user: 0:00:05.530918
[2023-08-26T13:25:10.515+0000] {dag_etl.py:33} INFO - Extracting resource...
[2023-08-26T13:25:12.464+0000] {extract.py:36} INFO - Request time: 0:00:01.948676
[2023-08-26T13:25:12.613+0000] {extract.py:42} INFO - Create DataFrame time: 0:00:00.148239
[2023-08-26T13:25:12.621+0000] {dag_etl.py:36} INFO - Complete extract resource: 0:00:02.106908
[2023-08-26T13:25:12.627+0000] {dag_etl.py:38} INFO - Transforming user...
[2023-08-26T13:25:12.905+0000] {dag_etl.py:42} INFO - Complete transform user: 0:00:00.283807
[2023-08-26T13:25:12.905+0000] {dag_etl.py:44} INFO - transform space_ships...
[2023-08-26T13:25:13.064+0000] {dag_etl.py:47} INFO - Complete transform space_ships: 0:00:00.158898
[2023-08-26T13:25:13.064+0000] {dag_etl.py:49} INFO - transform drones...
[2023-08-26T13:25:13.237+0000] {dag_etl.py:52} INFO - Complete transform drones: 0:00:00.173915
[2023-08-26T13:25:13.239+0000] {dag_etl.py:54} INFO - transform pilots...
[2023-08-26T13:25:13.323+0000] {dag_etl.py:57} INFO - Complete transform pilots: 0:00:00.085612
[2023-08-26T13:25:13.324+0000] {dag_etl.py:59} INFO - transform talents...
[2023-08-26T13:25:13.369+0000] {dag_etl.py:62} INFO - Complete transform talents: 0:00:00.045645
[2023-08-26T13:25:13.369+0000] {dag_etl.py:64} INFO - transform expert_items...
[2023-08-26T13:25:13.426+0000] {dag_etl.py:67} INFO - Complete transform expert_items: 0:00:00.057541
[2023-08-26T13:25:13.427+0000] {dag_etl.py:69} INFO - Loading user...
[2023-08-26T13:25:14.840+0000] {dag_etl.py:72} INFO - Complete load user: 0:00:01.413563
[2023-08-26T13:25:14.841+0000] {dag_etl.py:74} INFO - Loading space_ships...
[2023-08-26T13:25:17.031+0000] {dag_etl.py:77} INFO - Complete load space_ships: 0:00:02.191287
[2023-08-26T13:25:17.032+0000] {dag_etl.py:79} INFO - Loading drones...
[2023-08-26T13:25:19.035+0000] {dag_etl.py:82} INFO - Complete load drones: 0:00:02.003477
[2023-08-26T13:25:19.035+0000] {dag_etl.py:84} INFO - Loading pilots...
[2023-08-26T13:25:22.861+0000] {dag_etl.py:87} INFO - Complete load drones: 0:00:03.826703
[2023-08-26T13:25:22.862+0000] {dag_etl.py:89} INFO - Loading talents...
[2023-08-26T13:25:24.885+0000] {dag_etl.py:92} INFO - Complete load drones: 0:00:02.024060
[2023-08-26T13:25:24.886+0000] {dag_etl.py:94} INFO - Loading expert_items...
[2023-08-26T13:25:25.928+0000] {dag_etl.py:97} INFO - Complete load drones: 0:00:01.042919
[2023-08-26T13:25:25.929+0000] {dag_etl.py:99} INFO - Complete ETL Users in : 0:00:20.945699
[2023-08-26T13:25:25.950+0000] {python.py:194} INFO - Done. Returned value was: None
[2023-08-26T13:25:25.970+0000] {taskinstance.py:1400} INFO - Marking task as SUCCESS. dag_id=gaas_etl_1, task_id=etl_user, execution_date=20230826T132400, start_date=20230826T132504, end_date=20230826T132525
[2023-08-26T13:25:26.034+0000] {local_task_job_runner.py:228} INFO - Task exited with return code 0
[2023-08-26T13:25:26.065+0000] {taskinstance.py:2784} INFO - 0 downstream tasks scheduled from follow-on schedule check
