[2023-08-26T05:17:03.870+0000] {taskinstance.py:1159} INFO - Dependencies all met for dep_context=non-requeueable deps ti=<TaskInstance: gaas_etl_1.etl_user scheduled__2023-08-26T05:16:00+00:00 [queued]>
[2023-08-26T05:17:03.895+0000] {taskinstance.py:1159} INFO - Dependencies all met for dep_context=requeueable deps ti=<TaskInstance: gaas_etl_1.etl_user scheduled__2023-08-26T05:16:00+00:00 [queued]>
[2023-08-26T05:17:03.895+0000] {taskinstance.py:1361} INFO - Starting attempt 1 of 1
[2023-08-26T05:17:03.927+0000] {taskinstance.py:1382} INFO - Executing <Task(PythonOperator): etl_user> on 2023-08-26 05:16:00+00:00
[2023-08-26T05:17:03.936+0000] {standard_task_runner.py:57} INFO - Started process 281071 to run task
[2023-08-26T05:17:03.950+0000] {standard_task_runner.py:84} INFO - Running: ['airflow', 'tasks', 'run', 'gaas_etl_1', 'etl_user', 'scheduled__2023-08-26T05:16:00+00:00', '--job-id', '221', '--raw', '--subdir', 'DAGS_FOLDER/dag_etl.py', '--cfg-path', '/tmp/tmpzciai844']
[2023-08-26T05:17:03.956+0000] {standard_task_runner.py:85} INFO - Job 221: Subtask etl_user
[2023-08-26T05:17:04.068+0000] {task_command.py:415} INFO - Running <TaskInstance: gaas_etl_1.etl_user scheduled__2023-08-26T05:16:00+00:00 [running]> on host data-system.us-central1-a.c.data-system-392010.internal
[2023-08-26T05:17:04.266+0000] {taskinstance.py:1660} INFO - Exporting env vars: AIRFLOW_CTX_DAG_EMAIL='hungnm15012002@gmail.com' AIRFLOW_CTX_DAG_OWNER='hungnm' AIRFLOW_CTX_DAG_ID='gaas_etl_1' AIRFLOW_CTX_TASK_ID='etl_user' AIRFLOW_CTX_EXECUTION_DATE='2023-08-26T05:16:00+00:00' AIRFLOW_CTX_TRY_NUMBER='1' AIRFLOW_CTX_DAG_RUN_ID='scheduled__2023-08-26T05:16:00+00:00'
[2023-08-26T05:17:04.291+0000] {dag_etl.py:28} INFO - Extracting user...
[2023-08-26T05:17:05.637+0000] {extract.py:36} INFO - Request time: 0:00:01.344822
[2023-08-26T05:17:05.659+0000] {extract.py:42} INFO - Create DataFrame time: 0:00:00.022138
[2023-08-26T05:17:05.661+0000] {dag_etl.py:31} INFO - Complete extract user: 0:00:01.370153
[2023-08-26T05:17:05.662+0000] {dag_etl.py:33} INFO - Extracting resource...
[2023-08-26T05:17:06.380+0000] {extract.py:36} INFO - Request time: 0:00:00.717997
[2023-08-26T05:17:06.387+0000] {extract.py:42} INFO - Create DataFrame time: 0:00:00.006453
[2023-08-26T05:17:06.388+0000] {dag_etl.py:36} INFO - Complete extract resource: 0:00:00.727149
[2023-08-26T05:17:06.389+0000] {dag_etl.py:38} INFO - Transforming user...
[2023-08-26T05:17:06.426+0000] {dag_etl.py:42} INFO - Complete transform user: 0:00:00.037415
[2023-08-26T05:17:06.426+0000] {dag_etl.py:44} INFO - transform space_ships...
[2023-08-26T05:17:06.444+0000] {dag_etl.py:47} INFO - Complete transform space_ships: 0:00:00.018212
[2023-08-26T05:17:06.444+0000] {dag_etl.py:49} INFO - transform drones...
[2023-08-26T05:17:06.459+0000] {dag_etl.py:52} INFO - Complete transform drones: 0:00:00.014787
[2023-08-26T05:17:06.459+0000] {dag_etl.py:54} INFO - transform pilots...
[2023-08-26T05:17:06.467+0000] {dag_etl.py:57} INFO - Complete transform pilots: 0:00:00.008530
[2023-08-26T05:17:06.468+0000] {dag_etl.py:59} INFO - transform talents...
[2023-08-26T05:17:06.474+0000] {dag_etl.py:62} INFO - Complete transform talents: 0:00:00.006559
[2023-08-26T05:17:06.474+0000] {dag_etl.py:64} INFO - transform expert_items...
[2023-08-26T05:17:06.481+0000] {dag_etl.py:67} INFO - Complete transform expert_items: 0:00:00.006750
[2023-08-26T05:17:06.481+0000] {dag_etl.py:69} INFO - Loading user...
[2023-08-26T05:17:06.497+0000] {dag_etl.py:72} INFO - Complete load user: 0:00:00.015870
[2023-08-26T05:17:06.497+0000] {dag_etl.py:74} INFO - Loading space_ships...
[2023-08-26T05:17:06.518+0000] {dag_etl.py:77} INFO - Complete load space_ships: 0:00:00.021273
[2023-08-26T05:17:06.518+0000] {dag_etl.py:79} INFO - Loading drones...
[2023-08-26T05:17:06.531+0000] {dag_etl.py:82} INFO - Complete load drones: 0:00:00.013091
[2023-08-26T05:17:06.531+0000] {dag_etl.py:84} INFO - Loading pilots...
[2023-08-26T05:17:06.558+0000] {dag_etl.py:87} INFO - Complete load drones: 0:00:00.027370
[2023-08-26T05:17:06.559+0000] {dag_etl.py:89} INFO - Loading talents...
[2023-08-26T05:17:06.571+0000] {dag_etl.py:92} INFO - Complete load drones: 0:00:00.012258
[2023-08-26T05:17:06.571+0000] {dag_etl.py:94} INFO - Loading expert_items...
[2023-08-26T05:17:06.574+0000] {dag_etl.py:97} INFO - Complete load drones: 0:00:00.003644
[2023-08-26T05:17:06.574+0000] {dag_etl.py:99} INFO - Complete ETL Users in : 0:00:02.283430
[2023-08-26T05:17:06.576+0000] {python.py:194} INFO - Done. Returned value was: None
[2023-08-26T05:17:06.589+0000] {taskinstance.py:1400} INFO - Marking task as SUCCESS. dag_id=gaas_etl_1, task_id=etl_user, execution_date=20230826T051600, start_date=20230826T051703, end_date=20230826T051706
[2023-08-26T05:17:06.651+0000] {local_task_job_runner.py:228} INFO - Task exited with return code 0
[2023-08-26T05:17:06.676+0000] {taskinstance.py:2784} INFO - 0 downstream tasks scheduled from follow-on schedule check
