[2023-08-27T13:29:06.213+0000] {taskinstance.py:1159} INFO - Dependencies all met for dep_context=non-requeueable deps ti=<TaskInstance: gaas_etl_1.etl_user scheduled__2023-08-27T13:28:00+00:00 [queued]>
[2023-08-27T13:29:06.230+0000] {taskinstance.py:1159} INFO - Dependencies all met for dep_context=requeueable deps ti=<TaskInstance: gaas_etl_1.etl_user scheduled__2023-08-27T13:28:00+00:00 [queued]>
[2023-08-27T13:29:06.231+0000] {taskinstance.py:1361} INFO - Starting attempt 1 of 1
[2023-08-27T13:29:06.258+0000] {taskinstance.py:1382} INFO - Executing <Task(PythonOperator): etl_user> on 2023-08-27 13:28:00+00:00
[2023-08-27T13:29:06.268+0000] {standard_task_runner.py:57} INFO - Started process 410590 to run task
[2023-08-27T13:29:06.283+0000] {standard_task_runner.py:84} INFO - Running: ['airflow', 'tasks', 'run', 'gaas_etl_1', 'etl_user', 'scheduled__2023-08-27T13:28:00+00:00', '--job-id', '6018', '--raw', '--subdir', 'DAGS_FOLDER/dag_etl.py', '--cfg-path', '/tmp/tmpk1o2d7cu']
[2023-08-27T13:29:06.289+0000] {standard_task_runner.py:85} INFO - Job 6018: Subtask etl_user
[2023-08-27T13:29:07.074+0000] {task_command.py:415} INFO - Running <TaskInstance: gaas_etl_1.etl_user scheduled__2023-08-27T13:28:00+00:00 [running]> on host data-system.us-central1-a.c.data-system-392010.internal
[2023-08-27T13:29:07.616+0000] {taskinstance.py:1660} INFO - Exporting env vars: AIRFLOW_CTX_DAG_EMAIL='hungnm15012002@gmail.com' AIRFLOW_CTX_DAG_OWNER='hungnm' AIRFLOW_CTX_DAG_ID='gaas_etl_1' AIRFLOW_CTX_TASK_ID='etl_user' AIRFLOW_CTX_EXECUTION_DATE='2023-08-27T13:28:00+00:00' AIRFLOW_CTX_TRY_NUMBER='1' AIRFLOW_CTX_DAG_RUN_ID='scheduled__2023-08-27T13:28:00+00:00'
[2023-08-27T13:29:07.635+0000] {dag_etl.py:28} INFO - Extracting user...
[2023-08-27T13:29:16.405+0000] {extract.py:36} INFO - Request time: 0:00:08.769572
[2023-08-27T13:29:17.456+0000] {extract.py:42} INFO - Create DataFrame time: 0:00:01.049859
[2023-08-27T13:29:17.462+0000] {dag_etl.py:31} INFO - Complete extract user: 0:00:09.827780
[2023-08-27T13:29:17.463+0000] {dag_etl.py:33} INFO - Extracting resource...
[2023-08-27T13:29:24.481+0000] {extract.py:36} INFO - Request time: 0:00:07.017759
[2023-08-27T13:29:24.637+0000] {extract.py:42} INFO - Create DataFrame time: 0:00:00.155101
[2023-08-27T13:29:24.643+0000] {dag_etl.py:36} INFO - Complete extract resource: 0:00:07.180836
[2023-08-27T13:29:24.644+0000] {dag_etl.py:38} INFO - Transforming user...
[2023-08-27T13:29:25.122+0000] {dag_etl.py:42} INFO - Complete transform user: 0:00:00.479040
[2023-08-27T13:29:25.123+0000] {dag_etl.py:44} INFO - transform space_ships...
[2023-08-27T13:29:25.448+0000] {dag_etl.py:47} INFO - Complete transform space_ships: 0:00:00.326160
[2023-08-27T13:29:25.449+0000] {dag_etl.py:49} INFO - transform drones...
[2023-08-27T13:29:25.679+0000] {dag_etl.py:52} INFO - Complete transform drones: 0:00:00.230677
[2023-08-27T13:29:25.680+0000] {dag_etl.py:54} INFO - transform pilots...
[2023-08-27T13:29:25.873+0000] {dag_etl.py:57} INFO - Complete transform pilots: 0:00:00.194392
[2023-08-27T13:29:25.874+0000] {dag_etl.py:59} INFO - transform talents...
[2023-08-27T13:29:25.947+0000] {dag_etl.py:62} INFO - Complete transform talents: 0:00:00.073672
[2023-08-27T13:29:25.948+0000] {dag_etl.py:64} INFO - transform expert_items...
[2023-08-27T13:29:26.010+0000] {dag_etl.py:67} INFO - Complete transform expert_items: 0:00:00.063176
[2023-08-27T13:29:26.011+0000] {dag_etl.py:69} INFO - Loading user...
[2023-08-27T13:29:28.266+0000] {dag_etl.py:72} INFO - Complete load user: 0:00:02.255986
[2023-08-27T13:29:28.267+0000] {dag_etl.py:74} INFO - Loading space_ships...
[2023-08-27T13:29:32.262+0000] {dag_etl.py:77} INFO - Complete load space_ships: 0:00:03.995882
[2023-08-27T13:29:32.263+0000] {dag_etl.py:79} INFO - Loading drones...
[2023-08-27T13:29:35.554+0000] {dag_etl.py:82} INFO - Complete load drones: 0:00:03.292074
[2023-08-27T13:29:35.555+0000] {dag_etl.py:84} INFO - Loading pilots...
[2023-08-27T13:29:40.714+0000] {dag_etl.py:87} INFO - Complete load drones: 0:00:05.159241
[2023-08-27T13:29:40.714+0000] {dag_etl.py:89} INFO - Loading talents...
[2023-08-27T13:29:43.165+0000] {dag_etl.py:92} INFO - Complete load drones: 0:00:02.451028
[2023-08-27T13:29:43.165+0000] {dag_etl.py:94} INFO - Loading expert_items...
[2023-08-27T13:29:44.916+0000] {dag_etl.py:97} INFO - Complete load drones: 0:00:01.751716
[2023-08-27T13:29:44.917+0000] {dag_etl.py:99} INFO - Complete ETL Users in : 0:00:37.282254
[2023-08-27T13:29:44.949+0000] {python.py:194} INFO - Done. Returned value was: None
[2023-08-27T13:29:44.964+0000] {taskinstance.py:1400} INFO - Marking task as SUCCESS. dag_id=gaas_etl_1, task_id=etl_user, execution_date=20230827T132800, start_date=20230827T132906, end_date=20230827T132944
[2023-08-27T13:29:45.007+0000] {local_task_job_runner.py:228} INFO - Task exited with return code 0
[2023-08-27T13:29:45.026+0000] {taskinstance.py:2784} INFO - 0 downstream tasks scheduled from follow-on schedule check
