[2023-08-26T14:11:04.565+0000] {taskinstance.py:1159} INFO - Dependencies all met for dep_context=non-requeueable deps ti=<TaskInstance: gaas_etl_1.etl_user scheduled__2023-08-26T14:10:00+00:00 [queued]>
[2023-08-26T14:11:04.581+0000] {taskinstance.py:1159} INFO - Dependencies all met for dep_context=requeueable deps ti=<TaskInstance: gaas_etl_1.etl_user scheduled__2023-08-26T14:10:00+00:00 [queued]>
[2023-08-26T14:11:04.583+0000] {taskinstance.py:1361} INFO - Starting attempt 1 of 1
[2023-08-26T14:11:04.630+0000] {taskinstance.py:1382} INFO - Executing <Task(PythonOperator): etl_user> on 2023-08-26 14:10:00+00:00
[2023-08-26T14:11:04.640+0000] {standard_task_runner.py:57} INFO - Started process 315527 to run task
[2023-08-26T14:11:04.654+0000] {standard_task_runner.py:84} INFO - Running: ['airflow', 'tasks', 'run', 'gaas_etl_1', 'etl_user', 'scheduled__2023-08-26T14:10:00+00:00', '--job-id', '1823', '--raw', '--subdir', 'DAGS_FOLDER/dag_etl.py', '--cfg-path', '/tmp/tmp2v1o4_xw']
[2023-08-26T14:11:04.659+0000] {standard_task_runner.py:85} INFO - Job 1823: Subtask etl_user
[2023-08-26T14:11:04.860+0000] {task_command.py:415} INFO - Running <TaskInstance: gaas_etl_1.etl_user scheduled__2023-08-26T14:10:00+00:00 [running]> on host data-system.us-central1-a.c.data-system-392010.internal
[2023-08-26T14:11:05.156+0000] {taskinstance.py:1660} INFO - Exporting env vars: AIRFLOW_CTX_DAG_EMAIL='hungnm15012002@gmail.com' AIRFLOW_CTX_DAG_OWNER='hungnm' AIRFLOW_CTX_DAG_ID='gaas_etl_1' AIRFLOW_CTX_TASK_ID='etl_user' AIRFLOW_CTX_EXECUTION_DATE='2023-08-26T14:10:00+00:00' AIRFLOW_CTX_TRY_NUMBER='1' AIRFLOW_CTX_DAG_RUN_ID='scheduled__2023-08-26T14:10:00+00:00'
[2023-08-26T14:11:05.183+0000] {dag_etl.py:28} INFO - Extracting user...
[2023-08-26T14:11:08.974+0000] {extract.py:36} INFO - Request time: 0:00:03.790176
[2023-08-26T14:11:09.381+0000] {extract.py:42} INFO - Create DataFrame time: 0:00:00.406759
[2023-08-26T14:11:09.385+0000] {dag_etl.py:31} INFO - Complete extract user: 0:00:04.201769
[2023-08-26T14:11:09.386+0000] {dag_etl.py:33} INFO - Extracting resource...
[2023-08-26T14:11:11.618+0000] {extract.py:36} INFO - Request time: 0:00:02.231837
[2023-08-26T14:11:11.647+0000] {extract.py:42} INFO - Create DataFrame time: 0:00:00.028654
[2023-08-26T14:11:11.649+0000] {dag_etl.py:36} INFO - Complete extract resource: 0:00:02.264290
[2023-08-26T14:11:11.650+0000] {dag_etl.py:38} INFO - Transforming user...
[2023-08-26T14:11:11.755+0000] {dag_etl.py:42} INFO - Complete transform user: 0:00:00.106391
[2023-08-26T14:11:11.756+0000] {dag_etl.py:44} INFO - transform space_ships...
[2023-08-26T14:11:11.828+0000] {dag_etl.py:47} INFO - Complete transform space_ships: 0:00:00.073288
[2023-08-26T14:11:11.829+0000] {dag_etl.py:49} INFO - transform drones...
[2023-08-26T14:11:11.880+0000] {dag_etl.py:52} INFO - Complete transform drones: 0:00:00.051169
[2023-08-26T14:11:11.880+0000] {dag_etl.py:54} INFO - transform pilots...
[2023-08-26T14:11:11.918+0000] {dag_etl.py:57} INFO - Complete transform pilots: 0:00:00.037858
[2023-08-26T14:11:11.918+0000] {dag_etl.py:59} INFO - transform talents...
[2023-08-26T14:11:11.946+0000] {dag_etl.py:62} INFO - Complete transform talents: 0:00:00.028288
[2023-08-26T14:11:11.947+0000] {dag_etl.py:64} INFO - transform expert_items...
[2023-08-26T14:11:12.000+0000] {dag_etl.py:67} INFO - Complete transform expert_items: 0:00:00.054029
[2023-08-26T14:11:12.000+0000] {dag_etl.py:69} INFO - Loading user...
[2023-08-26T14:11:12.895+0000] {dag_etl.py:72} INFO - Complete load user: 0:00:00.895280
[2023-08-26T14:11:12.896+0000] {dag_etl.py:74} INFO - Loading space_ships...
[2023-08-26T14:11:14.188+0000] {dag_etl.py:77} INFO - Complete load space_ships: 0:00:01.292425
[2023-08-26T14:11:14.188+0000] {dag_etl.py:79} INFO - Loading drones...
[2023-08-26T14:11:15.696+0000] {dag_etl.py:82} INFO - Complete load drones: 0:00:01.508701
[2023-08-26T14:11:15.697+0000] {dag_etl.py:84} INFO - Loading pilots...
[2023-08-26T14:11:17.942+0000] {dag_etl.py:87} INFO - Complete load drones: 0:00:02.246043
[2023-08-26T14:11:17.943+0000] {dag_etl.py:89} INFO - Loading talents...
[2023-08-26T14:11:19.487+0000] {dag_etl.py:92} INFO - Complete load drones: 0:00:01.544641
[2023-08-26T14:11:19.488+0000] {dag_etl.py:94} INFO - Loading expert_items...
[2023-08-26T14:11:20.268+0000] {dag_etl.py:97} INFO - Complete load drones: 0:00:00.781358
[2023-08-26T14:11:20.269+0000] {dag_etl.py:99} INFO - Complete ETL Users in : 0:00:15.086429
[2023-08-26T14:11:20.295+0000] {python.py:194} INFO - Done. Returned value was: None
[2023-08-26T14:11:20.321+0000] {taskinstance.py:1400} INFO - Marking task as SUCCESS. dag_id=gaas_etl_1, task_id=etl_user, execution_date=20230826T141000, start_date=20230826T141104, end_date=20230826T141120
[2023-08-26T14:11:20.423+0000] {local_task_job_runner.py:228} INFO - Task exited with return code 0
[2023-08-26T14:11:20.456+0000] {taskinstance.py:2784} INFO - 0 downstream tasks scheduled from follow-on schedule check
