[2023-08-26T20:11:04.641+0000] {taskinstance.py:1159} INFO - Dependencies all met for dep_context=non-requeueable deps ti=<TaskInstance: gaas_etl_1.etl_user scheduled__2023-08-26T20:10:00+00:00 [queued]>
[2023-08-26T20:11:04.659+0000] {taskinstance.py:1159} INFO - Dependencies all met for dep_context=requeueable deps ti=<TaskInstance: gaas_etl_1.etl_user scheduled__2023-08-26T20:10:00+00:00 [queued]>
[2023-08-26T20:11:04.659+0000] {taskinstance.py:1361} INFO - Starting attempt 1 of 1
[2023-08-26T20:11:04.687+0000] {taskinstance.py:1382} INFO - Executing <Task(PythonOperator): etl_user> on 2023-08-26 20:10:00+00:00
[2023-08-26T20:11:04.696+0000] {standard_task_runner.py:57} INFO - Started process 329700 to run task
[2023-08-26T20:11:04.710+0000] {standard_task_runner.py:84} INFO - Running: ['airflow', 'tasks', 'run', 'gaas_etl_1', 'etl_user', 'scheduled__2023-08-26T20:10:00+00:00', '--job-id', '2902', '--raw', '--subdir', 'DAGS_FOLDER/dag_etl.py', '--cfg-path', '/tmp/tmpwkpnp78z']
[2023-08-26T20:11:04.717+0000] {standard_task_runner.py:85} INFO - Job 2902: Subtask etl_user
[2023-08-26T20:11:05.257+0000] {task_command.py:415} INFO - Running <TaskInstance: gaas_etl_1.etl_user scheduled__2023-08-26T20:10:00+00:00 [running]> on host data-system.us-central1-a.c.data-system-392010.internal
[2023-08-26T20:11:05.592+0000] {taskinstance.py:1660} INFO - Exporting env vars: AIRFLOW_CTX_DAG_EMAIL='hungnm15012002@gmail.com' AIRFLOW_CTX_DAG_OWNER='hungnm' AIRFLOW_CTX_DAG_ID='gaas_etl_1' AIRFLOW_CTX_TASK_ID='etl_user' AIRFLOW_CTX_EXECUTION_DATE='2023-08-26T20:10:00+00:00' AIRFLOW_CTX_TRY_NUMBER='1' AIRFLOW_CTX_DAG_RUN_ID='scheduled__2023-08-26T20:10:00+00:00'
[2023-08-26T20:11:05.621+0000] {dag_etl.py:28} INFO - Extracting user...
[2023-08-26T20:11:16.488+0000] {extract.py:36} INFO - Request time: 0:00:10.865798
[2023-08-26T20:11:16.722+0000] {extract.py:42} INFO - Create DataFrame time: 0:00:00.233908
[2023-08-26T20:11:16.725+0000] {dag_etl.py:31} INFO - Complete extract user: 0:00:11.103976
[2023-08-26T20:11:16.727+0000] {dag_etl.py:33} INFO - Extracting resource...
[2023-08-26T20:11:30.592+0000] {extract.py:36} INFO - Request time: 0:00:13.865029
[2023-08-26T20:11:30.648+0000] {extract.py:42} INFO - Create DataFrame time: 0:00:00.055693
[2023-08-26T20:11:30.651+0000] {dag_etl.py:36} INFO - Complete extract resource: 0:00:13.925892
[2023-08-26T20:11:30.653+0000] {dag_etl.py:38} INFO - Transforming user...
[2023-08-26T20:11:30.852+0000] {dag_etl.py:42} INFO - Complete transform user: 0:00:00.200205
[2023-08-26T20:11:30.852+0000] {dag_etl.py:44} INFO - transform space_ships...
[2023-08-26T20:11:30.991+0000] {dag_etl.py:47} INFO - Complete transform space_ships: 0:00:00.139113
[2023-08-26T20:11:30.991+0000] {dag_etl.py:49} INFO - transform drones...
[2023-08-26T20:11:31.095+0000] {dag_etl.py:52} INFO - Complete transform drones: 0:00:00.103875
[2023-08-26T20:11:31.095+0000] {dag_etl.py:54} INFO - transform pilots...
[2023-08-26T20:11:31.162+0000] {dag_etl.py:57} INFO - Complete transform pilots: 0:00:00.067701
[2023-08-26T20:11:31.163+0000] {dag_etl.py:59} INFO - transform talents...
[2023-08-26T20:11:31.198+0000] {dag_etl.py:62} INFO - Complete transform talents: 0:00:00.035774
[2023-08-26T20:11:31.199+0000] {dag_etl.py:64} INFO - transform expert_items...
[2023-08-26T20:11:31.228+0000] {dag_etl.py:67} INFO - Complete transform expert_items: 0:00:00.030043
[2023-08-26T20:11:31.229+0000] {dag_etl.py:69} INFO - Loading user...
[2023-08-26T20:11:32.305+0000] {dag_etl.py:72} INFO - Complete load user: 0:00:01.076725
[2023-08-26T20:11:32.305+0000] {dag_etl.py:74} INFO - Loading space_ships...
[2023-08-26T20:11:33.757+0000] {dag_etl.py:77} INFO - Complete load space_ships: 0:00:01.452115
[2023-08-26T20:11:33.757+0000] {dag_etl.py:79} INFO - Loading drones...
[2023-08-26T20:11:35.720+0000] {dag_etl.py:82} INFO - Complete load drones: 0:00:01.963175
[2023-08-26T20:11:35.721+0000] {dag_etl.py:84} INFO - Loading pilots...
[2023-08-26T20:11:38.011+0000] {dag_etl.py:87} INFO - Complete load drones: 0:00:02.290835
[2023-08-26T20:11:38.011+0000] {dag_etl.py:89} INFO - Loading talents...
[2023-08-26T20:11:39.365+0000] {dag_etl.py:92} INFO - Complete load drones: 0:00:01.354237
[2023-08-26T20:11:39.366+0000] {dag_etl.py:94} INFO - Loading expert_items...
[2023-08-26T20:11:40.200+0000] {dag_etl.py:97} INFO - Complete load drones: 0:00:00.834965
[2023-08-26T20:11:40.201+0000] {dag_etl.py:99} INFO - Complete ETL Users in : 0:00:34.579398
[2023-08-26T20:11:40.222+0000] {python.py:194} INFO - Done. Returned value was: None
[2023-08-26T20:11:40.241+0000] {taskinstance.py:1400} INFO - Marking task as SUCCESS. dag_id=gaas_etl_1, task_id=etl_user, execution_date=20230826T201000, start_date=20230826T201104, end_date=20230826T201140
[2023-08-26T20:11:40.334+0000] {local_task_job_runner.py:228} INFO - Task exited with return code 0
[2023-08-26T20:11:40.378+0000] {taskinstance.py:2784} INFO - 0 downstream tasks scheduled from follow-on schedule check
