[2023-08-27T10:37:06.316+0000] {taskinstance.py:1159} INFO - Dependencies all met for dep_context=non-requeueable deps ti=<TaskInstance: gaas_etl_1.etl_user scheduled__2023-08-27T10:36:00+00:00 [queued]>
[2023-08-27T10:37:06.331+0000] {taskinstance.py:1159} INFO - Dependencies all met for dep_context=requeueable deps ti=<TaskInstance: gaas_etl_1.etl_user scheduled__2023-08-27T10:36:00+00:00 [queued]>
[2023-08-27T10:37:06.332+0000] {taskinstance.py:1361} INFO - Starting attempt 1 of 1
[2023-08-27T10:37:06.360+0000] {taskinstance.py:1382} INFO - Executing <Task(PythonOperator): etl_user> on 2023-08-27 10:36:00+00:00
[2023-08-27T10:37:06.370+0000] {standard_task_runner.py:57} INFO - Started process 389370 to run task
[2023-08-27T10:37:06.388+0000] {standard_task_runner.py:84} INFO - Running: ['airflow', 'tasks', 'run', 'gaas_etl_1', 'etl_user', 'scheduled__2023-08-27T10:36:00+00:00', '--job-id', '5500', '--raw', '--subdir', 'DAGS_FOLDER/dag_etl.py', '--cfg-path', '/tmp/tmpwgudbxxf']
[2023-08-27T10:37:06.395+0000] {standard_task_runner.py:85} INFO - Job 5500: Subtask etl_user
[2023-08-27T10:37:07.088+0000] {task_command.py:415} INFO - Running <TaskInstance: gaas_etl_1.etl_user scheduled__2023-08-27T10:36:00+00:00 [running]> on host data-system.us-central1-a.c.data-system-392010.internal
[2023-08-27T10:37:07.523+0000] {taskinstance.py:1660} INFO - Exporting env vars: AIRFLOW_CTX_DAG_EMAIL='hungnm15012002@gmail.com' AIRFLOW_CTX_DAG_OWNER='hungnm' AIRFLOW_CTX_DAG_ID='gaas_etl_1' AIRFLOW_CTX_TASK_ID='etl_user' AIRFLOW_CTX_EXECUTION_DATE='2023-08-27T10:36:00+00:00' AIRFLOW_CTX_TRY_NUMBER='1' AIRFLOW_CTX_DAG_RUN_ID='scheduled__2023-08-27T10:36:00+00:00'
[2023-08-27T10:37:07.544+0000] {dag_etl.py:28} INFO - Extracting user...
[2023-08-27T10:37:15.733+0000] {extract.py:36} INFO - Request time: 0:00:08.187857
[2023-08-27T10:37:26.028+0000] {extract.py:42} INFO - Create DataFrame time: 0:00:10.291161
[2023-08-27T10:37:26.033+0000] {dag_etl.py:31} INFO - Complete extract user: 0:00:18.488488
[2023-08-27T10:37:26.034+0000] {dag_etl.py:33} INFO - Extracting resource...
[2023-08-27T10:37:31.346+0000] {extract.py:36} INFO - Request time: 0:00:05.310768
[2023-08-27T10:37:31.427+0000] {extract.py:42} INFO - Create DataFrame time: 0:00:00.080644
[2023-08-27T10:37:31.431+0000] {dag_etl.py:36} INFO - Complete extract resource: 0:00:05.398075
[2023-08-27T10:37:31.432+0000] {dag_etl.py:38} INFO - Transforming user...
[2023-08-27T10:37:31.725+0000] {dag_etl.py:42} INFO - Complete transform user: 0:00:00.294392
[2023-08-27T10:37:31.730+0000] {dag_etl.py:44} INFO - transform space_ships...
[2023-08-27T10:37:31.940+0000] {dag_etl.py:47} INFO - Complete transform space_ships: 0:00:00.214550
[2023-08-27T10:37:31.941+0000] {dag_etl.py:49} INFO - transform drones...
[2023-08-27T10:37:32.079+0000] {dag_etl.py:52} INFO - Complete transform drones: 0:00:00.139420
[2023-08-27T10:37:32.080+0000] {dag_etl.py:54} INFO - transform pilots...
[2023-08-27T10:37:32.170+0000] {dag_etl.py:57} INFO - Complete transform pilots: 0:00:00.090741
[2023-08-27T10:37:32.171+0000] {dag_etl.py:59} INFO - transform talents...
[2023-08-27T10:37:32.216+0000] {dag_etl.py:62} INFO - Complete transform talents: 0:00:00.045760
[2023-08-27T10:37:32.217+0000] {dag_etl.py:64} INFO - transform expert_items...
[2023-08-27T10:37:32.262+0000] {dag_etl.py:67} INFO - Complete transform expert_items: 0:00:00.046645
[2023-08-27T10:37:32.263+0000] {dag_etl.py:69} INFO - Loading user...
[2023-08-27T10:37:33.841+0000] {dag_etl.py:72} INFO - Complete load user: 0:00:01.578685
[2023-08-27T10:37:33.842+0000] {dag_etl.py:74} INFO - Loading space_ships...
[2023-08-27T10:37:36.406+0000] {dag_etl.py:77} INFO - Complete load space_ships: 0:00:02.564821
[2023-08-27T10:37:36.407+0000] {dag_etl.py:79} INFO - Loading drones...
[2023-08-27T10:37:38.523+0000] {dag_etl.py:82} INFO - Complete load drones: 0:00:02.116856
[2023-08-27T10:37:38.523+0000] {dag_etl.py:84} INFO - Loading pilots...
[2023-08-27T10:37:41.588+0000] {dag_etl.py:87} INFO - Complete load drones: 0:00:03.065233
[2023-08-27T10:37:41.589+0000] {dag_etl.py:89} INFO - Loading talents...
[2023-08-27T10:37:43.464+0000] {dag_etl.py:92} INFO - Complete load drones: 0:00:01.876077
[2023-08-27T10:37:43.465+0000] {dag_etl.py:94} INFO - Loading expert_items...
[2023-08-27T10:37:44.969+0000] {dag_etl.py:97} INFO - Complete load drones: 0:00:01.504751
[2023-08-27T10:37:44.969+0000] {dag_etl.py:99} INFO - Complete ETL Users in : 0:00:37.425225
[2023-08-27T10:37:45.018+0000] {python.py:194} INFO - Done. Returned value was: None
[2023-08-27T10:37:45.038+0000] {taskinstance.py:1400} INFO - Marking task as SUCCESS. dag_id=gaas_etl_1, task_id=etl_user, execution_date=20230827T103600, start_date=20230827T103706, end_date=20230827T103745
[2023-08-27T10:37:45.123+0000] {local_task_job_runner.py:228} INFO - Task exited with return code 0
[2023-08-27T10:37:45.151+0000] {taskinstance.py:2784} INFO - 0 downstream tasks scheduled from follow-on schedule check
