[2023-08-26T08:45:04.234+0000] {taskinstance.py:1159} INFO - Dependencies all met for dep_context=non-requeueable deps ti=<TaskInstance: gaas_etl_1.etl_user scheduled__2023-08-26T08:44:00+00:00 [queued]>
[2023-08-26T08:45:04.253+0000] {taskinstance.py:1159} INFO - Dependencies all met for dep_context=requeueable deps ti=<TaskInstance: gaas_etl_1.etl_user scheduled__2023-08-26T08:44:00+00:00 [queued]>
[2023-08-26T08:45:04.254+0000] {taskinstance.py:1361} INFO - Starting attempt 1 of 1
[2023-08-26T08:45:04.283+0000] {taskinstance.py:1382} INFO - Executing <Task(PythonOperator): etl_user> on 2023-08-26 08:44:00+00:00
[2023-08-26T08:45:04.292+0000] {standard_task_runner.py:57} INFO - Started process 291086 to run task
[2023-08-26T08:45:04.310+0000] {standard_task_runner.py:84} INFO - Running: ['airflow', 'tasks', 'run', 'gaas_etl_1', 'etl_user', 'scheduled__2023-08-26T08:44:00+00:00', '--job-id', '845', '--raw', '--subdir', 'DAGS_FOLDER/dag_etl.py', '--cfg-path', '/tmp/tmp2z4i47cd']
[2023-08-26T08:45:04.317+0000] {standard_task_runner.py:85} INFO - Job 845: Subtask etl_user
[2023-08-26T08:45:04.476+0000] {task_command.py:415} INFO - Running <TaskInstance: gaas_etl_1.etl_user scheduled__2023-08-26T08:44:00+00:00 [running]> on host data-system.us-central1-a.c.data-system-392010.internal
[2023-08-26T08:45:04.731+0000] {taskinstance.py:1660} INFO - Exporting env vars: AIRFLOW_CTX_DAG_EMAIL='hungnm15012002@gmail.com' AIRFLOW_CTX_DAG_OWNER='hungnm' AIRFLOW_CTX_DAG_ID='gaas_etl_1' AIRFLOW_CTX_TASK_ID='etl_user' AIRFLOW_CTX_EXECUTION_DATE='2023-08-26T08:44:00+00:00' AIRFLOW_CTX_TRY_NUMBER='1' AIRFLOW_CTX_DAG_RUN_ID='scheduled__2023-08-26T08:44:00+00:00'
[2023-08-26T08:45:04.750+0000] {dag_etl.py:28} INFO - Extracting user...
[2023-08-26T08:45:06.418+0000] {extract.py:36} INFO - Request time: 0:00:01.666692
[2023-08-26T08:45:06.441+0000] {extract.py:42} INFO - Create DataFrame time: 0:00:00.023174
[2023-08-26T08:45:06.443+0000] {dag_etl.py:31} INFO - Complete extract user: 0:00:01.692975
[2023-08-26T08:45:06.444+0000] {dag_etl.py:33} INFO - Extracting resource...
[2023-08-26T08:45:07.532+0000] {extract.py:36} INFO - Request time: 0:00:01.088523
[2023-08-26T08:45:07.539+0000] {extract.py:42} INFO - Create DataFrame time: 0:00:00.006655
[2023-08-26T08:45:07.541+0000] {dag_etl.py:36} INFO - Complete extract resource: 0:00:01.097922
[2023-08-26T08:45:07.542+0000] {dag_etl.py:38} INFO - Transforming user...
[2023-08-26T08:45:07.575+0000] {dag_etl.py:42} INFO - Complete transform user: 0:00:00.034192
[2023-08-26T08:45:07.576+0000] {dag_etl.py:44} INFO - transform space_ships...
[2023-08-26T08:45:07.593+0000] {dag_etl.py:47} INFO - Complete transform space_ships: 0:00:00.017962
[2023-08-26T08:45:07.594+0000] {dag_etl.py:49} INFO - transform drones...
[2023-08-26T08:45:07.607+0000] {dag_etl.py:52} INFO - Complete transform drones: 0:00:00.013183
[2023-08-26T08:45:07.607+0000] {dag_etl.py:54} INFO - transform pilots...
[2023-08-26T08:45:07.617+0000] {dag_etl.py:57} INFO - Complete transform pilots: 0:00:00.010502
[2023-08-26T08:45:07.617+0000] {dag_etl.py:59} INFO - transform talents...
[2023-08-26T08:45:07.627+0000] {dag_etl.py:62} INFO - Complete transform talents: 0:00:00.010445
[2023-08-26T08:45:07.628+0000] {dag_etl.py:64} INFO - transform expert_items...
[2023-08-26T08:45:07.637+0000] {dag_etl.py:67} INFO - Complete transform expert_items: 0:00:00.009066
[2023-08-26T08:45:07.637+0000] {dag_etl.py:69} INFO - Loading user...
[2023-08-26T08:45:07.655+0000] {dag_etl.py:72} INFO - Complete load user: 0:00:00.018377
[2023-08-26T08:45:07.655+0000] {dag_etl.py:74} INFO - Loading space_ships...
[2023-08-26T08:45:07.679+0000] {dag_etl.py:77} INFO - Complete load space_ships: 0:00:00.024405
[2023-08-26T08:45:07.680+0000] {dag_etl.py:79} INFO - Loading drones...
[2023-08-26T08:45:07.696+0000] {dag_etl.py:82} INFO - Complete load drones: 0:00:00.016982
[2023-08-26T08:45:07.697+0000] {dag_etl.py:84} INFO - Loading pilots...
[2023-08-26T08:45:07.723+0000] {dag_etl.py:87} INFO - Complete load drones: 0:00:00.026807
[2023-08-26T08:45:07.724+0000] {dag_etl.py:89} INFO - Loading talents...
[2023-08-26T08:45:07.737+0000] {dag_etl.py:92} INFO - Complete load drones: 0:00:00.014147
[2023-08-26T08:45:07.738+0000] {dag_etl.py:94} INFO - Loading expert_items...
[2023-08-26T08:45:07.742+0000] {dag_etl.py:97} INFO - Complete load drones: 0:00:00.004613
[2023-08-26T08:45:07.742+0000] {dag_etl.py:99} INFO - Complete ETL Users in : 0:00:02.991934
[2023-08-26T08:45:07.744+0000] {python.py:194} INFO - Done. Returned value was: None
[2023-08-26T08:45:07.756+0000] {taskinstance.py:1400} INFO - Marking task as SUCCESS. dag_id=gaas_etl_1, task_id=etl_user, execution_date=20230826T084400, start_date=20230826T084504, end_date=20230826T084507
[2023-08-26T08:45:07.808+0000] {local_task_job_runner.py:228} INFO - Task exited with return code 0
[2023-08-26T08:45:07.836+0000] {taskinstance.py:2784} INFO - 0 downstream tasks scheduled from follow-on schedule check
