[2023-08-27T23:58:06.825+0000] {taskinstance.py:1159} INFO - Dependencies all met for dep_context=non-requeueable deps ti=<TaskInstance: gaas_etl_1.etl_user scheduled__2023-08-27T23:57:00+00:00 [queued]>
[2023-08-27T23:58:06.865+0000] {taskinstance.py:1159} INFO - Dependencies all met for dep_context=requeueable deps ti=<TaskInstance: gaas_etl_1.etl_user scheduled__2023-08-27T23:57:00+00:00 [queued]>
[2023-08-27T23:58:06.865+0000] {taskinstance.py:1361} INFO - Starting attempt 1 of 1
[2023-08-27T23:58:06.916+0000] {taskinstance.py:1382} INFO - Executing <Task(PythonOperator): etl_user> on 2023-08-27 23:57:00+00:00
[2023-08-27T23:58:06.933+0000] {standard_task_runner.py:57} INFO - Started process 476733 to run task
[2023-08-27T23:58:06.946+0000] {standard_task_runner.py:84} INFO - Running: ['airflow', 'tasks', 'run', 'gaas_etl_1', 'etl_user', 'scheduled__2023-08-27T23:57:00+00:00', '--job-id', '7904', '--raw', '--subdir', 'DAGS_FOLDER/dag_etl.py', '--cfg-path', '/tmp/tmp8_duusga']
[2023-08-27T23:58:06.954+0000] {standard_task_runner.py:85} INFO - Job 7904: Subtask etl_user
[2023-08-27T23:58:07.814+0000] {task_command.py:415} INFO - Running <TaskInstance: gaas_etl_1.etl_user scheduled__2023-08-27T23:57:00+00:00 [running]> on host data-system.us-central1-a.c.data-system-392010.internal
[2023-08-27T23:58:08.500+0000] {taskinstance.py:1660} INFO - Exporting env vars: AIRFLOW_CTX_DAG_EMAIL='hungnm15012002@gmail.com' AIRFLOW_CTX_DAG_OWNER='hungnm' AIRFLOW_CTX_DAG_ID='gaas_etl_1' AIRFLOW_CTX_TASK_ID='etl_user' AIRFLOW_CTX_EXECUTION_DATE='2023-08-27T23:57:00+00:00' AIRFLOW_CTX_TRY_NUMBER='1' AIRFLOW_CTX_DAG_RUN_ID='scheduled__2023-08-27T23:57:00+00:00'
[2023-08-27T23:58:08.522+0000] {dag_etl.py:28} INFO - Extracting user...
[2023-08-27T23:58:11.881+0000] {extract.py:36} INFO - Request time: 0:00:03.357804
[2023-08-27T23:58:12.238+0000] {extract.py:42} INFO - Create DataFrame time: 0:00:00.355964
[2023-08-27T23:58:12.241+0000] {dag_etl.py:31} INFO - Complete extract user: 0:00:03.718242
[2023-08-27T23:58:12.241+0000] {dag_etl.py:33} INFO - Extracting resource...
[2023-08-27T23:58:13.905+0000] {extract.py:36} INFO - Request time: 0:00:01.663455
[2023-08-27T23:58:13.982+0000] {extract.py:42} INFO - Create DataFrame time: 0:00:00.076957
[2023-08-27T23:58:13.987+0000] {dag_etl.py:36} INFO - Complete extract resource: 0:00:01.746445
[2023-08-27T23:58:13.989+0000] {dag_etl.py:38} INFO - Transforming user...
[2023-08-27T23:58:14.165+0000] {dag_etl.py:42} INFO - Complete transform user: 0:00:00.177857
[2023-08-27T23:58:14.165+0000] {dag_etl.py:44} INFO - transform space_ships...
[2023-08-27T23:58:14.278+0000] {dag_etl.py:47} INFO - Complete transform space_ships: 0:00:00.112916
[2023-08-27T23:58:14.278+0000] {dag_etl.py:49} INFO - transform drones...
[2023-08-27T23:58:14.349+0000] {dag_etl.py:52} INFO - Complete transform drones: 0:00:00.071393
[2023-08-27T23:58:14.350+0000] {dag_etl.py:54} INFO - transform pilots...
[2023-08-27T23:58:14.395+0000] {dag_etl.py:57} INFO - Complete transform pilots: 0:00:00.046016
[2023-08-27T23:58:14.396+0000] {dag_etl.py:59} INFO - transform talents...
[2023-08-27T23:58:14.419+0000] {dag_etl.py:62} INFO - Complete transform talents: 0:00:00.024004
[2023-08-27T23:58:14.420+0000] {dag_etl.py:64} INFO - transform expert_items...
[2023-08-27T23:58:14.447+0000] {dag_etl.py:67} INFO - Complete transform expert_items: 0:00:00.027497
[2023-08-27T23:58:14.447+0000] {dag_etl.py:69} INFO - Loading user...
[2023-08-27T23:58:15.159+0000] {dag_etl.py:72} INFO - Complete load user: 0:00:00.712635
[2023-08-27T23:58:15.160+0000] {dag_etl.py:74} INFO - Loading space_ships...
[2023-08-27T23:58:16.026+0000] {dag_etl.py:77} INFO - Complete load space_ships: 0:00:00.866793
[2023-08-27T23:58:16.027+0000] {dag_etl.py:79} INFO - Loading drones...
[2023-08-27T23:58:16.728+0000] {dag_etl.py:82} INFO - Complete load drones: 0:00:00.702153
[2023-08-27T23:58:16.729+0000] {dag_etl.py:84} INFO - Loading pilots...
[2023-08-27T23:58:18.324+0000] {dag_etl.py:87} INFO - Complete load drones: 0:00:01.595690
[2023-08-27T23:58:18.324+0000] {dag_etl.py:89} INFO - Loading talents...
[2023-08-27T23:58:19.064+0000] {dag_etl.py:92} INFO - Complete load drones: 0:00:00.740069
[2023-08-27T23:58:19.065+0000] {dag_etl.py:94} INFO - Loading expert_items...
[2023-08-27T23:58:19.605+0000] {dag_etl.py:97} INFO - Complete load drones: 0:00:00.540843
[2023-08-27T23:58:19.605+0000] {dag_etl.py:99} INFO - Complete ETL Users in : 0:00:11.083180
[2023-08-27T23:58:19.620+0000] {python.py:194} INFO - Done. Returned value was: None
[2023-08-27T23:58:19.641+0000] {taskinstance.py:1400} INFO - Marking task as SUCCESS. dag_id=gaas_etl_1, task_id=etl_user, execution_date=20230827T235700, start_date=20230827T235806, end_date=20230827T235819
[2023-08-27T23:58:19.709+0000] {local_task_job_runner.py:228} INFO - Task exited with return code 0
[2023-08-27T23:58:19.740+0000] {taskinstance.py:2784} INFO - 0 downstream tasks scheduled from follow-on schedule check
