[2023-08-27T16:23:06.796+0000] {taskinstance.py:1159} INFO - Dependencies all met for dep_context=non-requeueable deps ti=<TaskInstance: gaas_etl_1.etl_user scheduled__2023-08-27T16:22:00+00:00 [queued]>
[2023-08-27T16:23:06.813+0000] {taskinstance.py:1159} INFO - Dependencies all met for dep_context=requeueable deps ti=<TaskInstance: gaas_etl_1.etl_user scheduled__2023-08-27T16:22:00+00:00 [queued]>
[2023-08-27T16:23:06.814+0000] {taskinstance.py:1361} INFO - Starting attempt 1 of 1
[2023-08-27T16:23:06.844+0000] {taskinstance.py:1382} INFO - Executing <Task(PythonOperator): etl_user> on 2023-08-27 16:22:00+00:00
[2023-08-27T16:23:06.855+0000] {standard_task_runner.py:57} INFO - Started process 428871 to run task
[2023-08-27T16:23:06.865+0000] {standard_task_runner.py:84} INFO - Running: ['airflow', 'tasks', 'run', 'gaas_etl_1', 'etl_user', 'scheduled__2023-08-27T16:22:00+00:00', '--job-id', '6540', '--raw', '--subdir', 'DAGS_FOLDER/dag_etl.py', '--cfg-path', '/tmp/tmpvpwmw7bc']
[2023-08-27T16:23:06.871+0000] {standard_task_runner.py:85} INFO - Job 6540: Subtask etl_user
[2023-08-27T16:23:07.768+0000] {task_command.py:415} INFO - Running <TaskInstance: gaas_etl_1.etl_user scheduled__2023-08-27T16:22:00+00:00 [running]> on host data-system.us-central1-a.c.data-system-392010.internal
[2023-08-27T16:23:08.454+0000] {taskinstance.py:1660} INFO - Exporting env vars: AIRFLOW_CTX_DAG_EMAIL='hungnm15012002@gmail.com' AIRFLOW_CTX_DAG_OWNER='hungnm' AIRFLOW_CTX_DAG_ID='gaas_etl_1' AIRFLOW_CTX_TASK_ID='etl_user' AIRFLOW_CTX_EXECUTION_DATE='2023-08-27T16:22:00+00:00' AIRFLOW_CTX_TRY_NUMBER='1' AIRFLOW_CTX_DAG_RUN_ID='scheduled__2023-08-27T16:22:00+00:00'
[2023-08-27T16:23:08.495+0000] {dag_etl.py:28} INFO - Extracting user...
[2023-08-27T16:23:24.901+0000] {extract.py:36} INFO - Request time: 0:00:16.404919
[2023-08-27T16:23:30.671+0000] {extract.py:42} INFO - Create DataFrame time: 0:00:05.769432
[2023-08-27T16:23:30.675+0000] {dag_etl.py:31} INFO - Complete extract user: 0:00:22.179594
[2023-08-27T16:23:30.675+0000] {dag_etl.py:33} INFO - Extracting resource...
[2023-08-27T16:23:43.089+0000] {extract.py:36} INFO - Request time: 0:00:12.413268
[2023-08-27T16:23:43.133+0000] {extract.py:42} INFO - Create DataFrame time: 0:00:00.043787
[2023-08-27T16:23:43.135+0000] {dag_etl.py:36} INFO - Complete extract resource: 0:00:12.460578
[2023-08-27T16:23:43.136+0000] {dag_etl.py:38} INFO - Transforming user...
[2023-08-27T16:23:43.284+0000] {dag_etl.py:42} INFO - Complete transform user: 0:00:00.148046
[2023-08-27T16:23:43.284+0000] {dag_etl.py:44} INFO - transform space_ships...
[2023-08-27T16:23:43.393+0000] {dag_etl.py:47} INFO - Complete transform space_ships: 0:00:00.109454
[2023-08-27T16:23:43.393+0000] {dag_etl.py:49} INFO - transform drones...
[2023-08-27T16:23:43.469+0000] {dag_etl.py:52} INFO - Complete transform drones: 0:00:00.076376
[2023-08-27T16:23:43.471+0000] {dag_etl.py:54} INFO - transform pilots...
[2023-08-27T16:23:43.532+0000] {dag_etl.py:57} INFO - Complete transform pilots: 0:00:00.062813
[2023-08-27T16:23:43.533+0000] {dag_etl.py:59} INFO - transform talents...
[2023-08-27T16:23:43.560+0000] {dag_etl.py:62} INFO - Complete transform talents: 0:00:00.027656
[2023-08-27T16:23:43.560+0000] {dag_etl.py:64} INFO - transform expert_items...
[2023-08-27T16:23:43.583+0000] {dag_etl.py:67} INFO - Complete transform expert_items: 0:00:00.023062
[2023-08-27T16:23:43.583+0000] {dag_etl.py:69} INFO - Loading user...
[2023-08-27T16:23:44.828+0000] {dag_etl.py:72} INFO - Complete load user: 0:00:01.244655
[2023-08-27T16:23:44.828+0000] {dag_etl.py:74} INFO - Loading space_ships...
[2023-08-27T16:23:46.746+0000] {dag_etl.py:77} INFO - Complete load space_ships: 0:00:01.918500
[2023-08-27T16:23:46.747+0000] {dag_etl.py:79} INFO - Loading drones...
[2023-08-27T16:23:48.165+0000] {dag_etl.py:82} INFO - Complete load drones: 0:00:01.419191
[2023-08-27T16:23:48.166+0000] {dag_etl.py:84} INFO - Loading pilots...
[2023-08-27T16:23:50.289+0000] {dag_etl.py:87} INFO - Complete load drones: 0:00:02.124039
[2023-08-27T16:23:50.290+0000] {dag_etl.py:89} INFO - Loading talents...
[2023-08-27T16:23:51.476+0000] {dag_etl.py:92} INFO - Complete load drones: 0:00:01.187156
[2023-08-27T16:23:51.477+0000] {dag_etl.py:94} INFO - Loading expert_items...
[2023-08-27T16:23:52.357+0000] {dag_etl.py:97} INFO - Complete load drones: 0:00:00.881021
[2023-08-27T16:23:52.358+0000] {dag_etl.py:99} INFO - Complete ETL Users in : 0:00:43.862606
[2023-08-27T16:23:52.378+0000] {python.py:194} INFO - Done. Returned value was: None
[2023-08-27T16:23:52.392+0000] {taskinstance.py:1400} INFO - Marking task as SUCCESS. dag_id=gaas_etl_1, task_id=etl_user, execution_date=20230827T162200, start_date=20230827T162306, end_date=20230827T162352
[2023-08-27T16:23:52.445+0000] {local_task_job_runner.py:228} INFO - Task exited with return code 0
[2023-08-27T16:23:52.464+0000] {taskinstance.py:2784} INFO - 0 downstream tasks scheduled from follow-on schedule check
