[2023-08-27T16:59:06.470+0000] {taskinstance.py:1159} INFO - Dependencies all met for dep_context=non-requeueable deps ti=<TaskInstance: gaas_etl_1.etl_user scheduled__2023-08-27T16:58:00+00:00 [queued]>
[2023-08-27T16:59:06.487+0000] {taskinstance.py:1159} INFO - Dependencies all met for dep_context=requeueable deps ti=<TaskInstance: gaas_etl_1.etl_user scheduled__2023-08-27T16:58:00+00:00 [queued]>
[2023-08-27T16:59:06.488+0000] {taskinstance.py:1361} INFO - Starting attempt 1 of 1
[2023-08-27T16:59:06.518+0000] {taskinstance.py:1382} INFO - Executing <Task(PythonOperator): etl_user> on 2023-08-27 16:58:00+00:00
[2023-08-27T16:59:06.527+0000] {standard_task_runner.py:57} INFO - Started process 432693 to run task
[2023-08-27T16:59:06.536+0000] {standard_task_runner.py:84} INFO - Running: ['airflow', 'tasks', 'run', 'gaas_etl_1', 'etl_user', 'scheduled__2023-08-27T16:58:00+00:00', '--job-id', '6647', '--raw', '--subdir', 'DAGS_FOLDER/dag_etl.py', '--cfg-path', '/tmp/tmp7kf6v8yn']
[2023-08-27T16:59:06.541+0000] {standard_task_runner.py:85} INFO - Job 6647: Subtask etl_user
[2023-08-27T16:59:07.459+0000] {task_command.py:415} INFO - Running <TaskInstance: gaas_etl_1.etl_user scheduled__2023-08-27T16:58:00+00:00 [running]> on host data-system.us-central1-a.c.data-system-392010.internal
[2023-08-27T16:59:08.225+0000] {taskinstance.py:1660} INFO - Exporting env vars: AIRFLOW_CTX_DAG_EMAIL='hungnm15012002@gmail.com' AIRFLOW_CTX_DAG_OWNER='hungnm' AIRFLOW_CTX_DAG_ID='gaas_etl_1' AIRFLOW_CTX_TASK_ID='etl_user' AIRFLOW_CTX_EXECUTION_DATE='2023-08-27T16:58:00+00:00' AIRFLOW_CTX_TRY_NUMBER='1' AIRFLOW_CTX_DAG_RUN_ID='scheduled__2023-08-27T16:58:00+00:00'
[2023-08-27T16:59:08.254+0000] {dag_etl.py:28} INFO - Extracting user...
[2023-08-27T16:59:13.471+0000] {extract.py:36} INFO - Request time: 0:00:05.215575
[2023-08-27T16:59:13.946+0000] {extract.py:42} INFO - Create DataFrame time: 0:00:00.474171
[2023-08-27T16:59:13.950+0000] {dag_etl.py:31} INFO - Complete extract user: 0:00:05.695480
[2023-08-27T16:59:13.951+0000] {dag_etl.py:33} INFO - Extracting resource...
[2023-08-27T16:59:16.007+0000] {extract.py:36} INFO - Request time: 0:00:02.056406
[2023-08-27T16:59:16.049+0000] {extract.py:42} INFO - Create DataFrame time: 0:00:00.040871
[2023-08-27T16:59:16.051+0000] {dag_etl.py:36} INFO - Complete extract resource: 0:00:02.101289
[2023-08-27T16:59:16.052+0000] {dag_etl.py:38} INFO - Transforming user...
[2023-08-27T16:59:16.214+0000] {dag_etl.py:42} INFO - Complete transform user: 0:00:00.163096
[2023-08-27T16:59:16.215+0000] {dag_etl.py:44} INFO - transform space_ships...
[2023-08-27T16:59:16.318+0000] {dag_etl.py:47} INFO - Complete transform space_ships: 0:00:00.104057
[2023-08-27T16:59:16.319+0000] {dag_etl.py:49} INFO - transform drones...
[2023-08-27T16:59:16.390+0000] {dag_etl.py:52} INFO - Complete transform drones: 0:00:00.071403
[2023-08-27T16:59:16.390+0000] {dag_etl.py:54} INFO - transform pilots...
[2023-08-27T16:59:16.444+0000] {dag_etl.py:57} INFO - Complete transform pilots: 0:00:00.054287
[2023-08-27T16:59:16.444+0000] {dag_etl.py:59} INFO - transform talents...
[2023-08-27T16:59:16.471+0000] {dag_etl.py:62} INFO - Complete transform talents: 0:00:00.027054
[2023-08-27T16:59:16.471+0000] {dag_etl.py:64} INFO - transform expert_items...
[2023-08-27T16:59:16.493+0000] {dag_etl.py:67} INFO - Complete transform expert_items: 0:00:00.022458
[2023-08-27T16:59:16.494+0000] {dag_etl.py:69} INFO - Loading user...
[2023-08-27T16:59:17.680+0000] {dag_etl.py:72} INFO - Complete load user: 0:00:01.186110
[2023-08-27T16:59:17.680+0000] {dag_etl.py:74} INFO - Loading space_ships...
[2023-08-27T16:59:18.971+0000] {dag_etl.py:77} INFO - Complete load space_ships: 0:00:01.290970
[2023-08-27T16:59:18.971+0000] {dag_etl.py:79} INFO - Loading drones...
[2023-08-27T16:59:20.154+0000] {dag_etl.py:82} INFO - Complete load drones: 0:00:01.183741
[2023-08-27T16:59:20.155+0000] {dag_etl.py:84} INFO - Loading pilots...
[2023-08-27T16:59:22.325+0000] {dag_etl.py:87} INFO - Complete load drones: 0:00:02.170579
[2023-08-27T16:59:22.325+0000] {dag_etl.py:89} INFO - Loading talents...
[2023-08-27T16:59:23.520+0000] {dag_etl.py:92} INFO - Complete load drones: 0:00:01.195252
[2023-08-27T16:59:23.521+0000] {dag_etl.py:94} INFO - Loading expert_items...
[2023-08-27T16:59:24.369+0000] {dag_etl.py:97} INFO - Complete load drones: 0:00:00.848751
[2023-08-27T16:59:24.369+0000] {dag_etl.py:99} INFO - Complete ETL Users in : 0:00:16.115001
[2023-08-27T16:59:24.387+0000] {python.py:194} INFO - Done. Returned value was: None
[2023-08-27T16:59:24.402+0000] {taskinstance.py:1400} INFO - Marking task as SUCCESS. dag_id=gaas_etl_1, task_id=etl_user, execution_date=20230827T165800, start_date=20230827T165906, end_date=20230827T165924
[2023-08-27T16:59:24.447+0000] {local_task_job_runner.py:228} INFO - Task exited with return code 0
[2023-08-27T16:59:24.468+0000] {taskinstance.py:2784} INFO - 0 downstream tasks scheduled from follow-on schedule check
