[2023-08-26T20:35:04.330+0000] {taskinstance.py:1159} INFO - Dependencies all met for dep_context=non-requeueable deps ti=<TaskInstance: gaas_etl_1.etl_user scheduled__2023-08-26T20:34:00+00:00 [queued]>
[2023-08-26T20:35:04.346+0000] {taskinstance.py:1159} INFO - Dependencies all met for dep_context=requeueable deps ti=<TaskInstance: gaas_etl_1.etl_user scheduled__2023-08-26T20:34:00+00:00 [queued]>
[2023-08-26T20:35:04.346+0000] {taskinstance.py:1361} INFO - Starting attempt 1 of 1
[2023-08-26T20:35:04.380+0000] {taskinstance.py:1382} INFO - Executing <Task(PythonOperator): etl_user> on 2023-08-26 20:34:00+00:00
[2023-08-26T20:35:04.390+0000] {standard_task_runner.py:57} INFO - Started process 330640 to run task
[2023-08-26T20:35:04.407+0000] {standard_task_runner.py:84} INFO - Running: ['airflow', 'tasks', 'run', 'gaas_etl_1', 'etl_user', 'scheduled__2023-08-26T20:34:00+00:00', '--job-id', '2975', '--raw', '--subdir', 'DAGS_FOLDER/dag_etl.py', '--cfg-path', '/tmp/tmpru97w8rk']
[2023-08-26T20:35:04.415+0000] {standard_task_runner.py:85} INFO - Job 2975: Subtask etl_user
[2023-08-26T20:35:05.009+0000] {task_command.py:415} INFO - Running <TaskInstance: gaas_etl_1.etl_user scheduled__2023-08-26T20:34:00+00:00 [running]> on host data-system.us-central1-a.c.data-system-392010.internal
[2023-08-26T20:35:05.312+0000] {taskinstance.py:1660} INFO - Exporting env vars: AIRFLOW_CTX_DAG_EMAIL='hungnm15012002@gmail.com' AIRFLOW_CTX_DAG_OWNER='hungnm' AIRFLOW_CTX_DAG_ID='gaas_etl_1' AIRFLOW_CTX_TASK_ID='etl_user' AIRFLOW_CTX_EXECUTION_DATE='2023-08-26T20:34:00+00:00' AIRFLOW_CTX_TRY_NUMBER='1' AIRFLOW_CTX_DAG_RUN_ID='scheduled__2023-08-26T20:34:00+00:00'
[2023-08-26T20:35:05.345+0000] {dag_etl.py:28} INFO - Extracting user...
[2023-08-26T20:35:09.492+0000] {extract.py:36} INFO - Request time: 0:00:04.146917
[2023-08-26T20:35:09.643+0000] {extract.py:42} INFO - Create DataFrame time: 0:00:00.150401
[2023-08-26T20:35:09.646+0000] {dag_etl.py:31} INFO - Complete extract user: 0:00:04.301763
[2023-08-26T20:35:09.647+0000] {dag_etl.py:33} INFO - Extracting resource...
[2023-08-26T20:35:12.031+0000] {extract.py:36} INFO - Request time: 0:00:02.383243
[2023-08-26T20:35:12.056+0000] {extract.py:42} INFO - Create DataFrame time: 0:00:00.024303
[2023-08-26T20:35:12.057+0000] {dag_etl.py:36} INFO - Complete extract resource: 0:00:02.411004
[2023-08-26T20:35:12.058+0000] {dag_etl.py:38} INFO - Transforming user...
[2023-08-26T20:35:12.161+0000] {dag_etl.py:42} INFO - Complete transform user: 0:00:00.103537
[2023-08-26T20:35:12.162+0000] {dag_etl.py:44} INFO - transform space_ships...
[2023-08-26T20:35:12.223+0000] {dag_etl.py:47} INFO - Complete transform space_ships: 0:00:00.062372
[2023-08-26T20:35:12.224+0000] {dag_etl.py:49} INFO - transform drones...
[2023-08-26T20:35:12.272+0000] {dag_etl.py:52} INFO - Complete transform drones: 0:00:00.049066
[2023-08-26T20:35:12.273+0000] {dag_etl.py:54} INFO - transform pilots...
[2023-08-26T20:35:12.310+0000] {dag_etl.py:57} INFO - Complete transform pilots: 0:00:00.037239
[2023-08-26T20:35:12.310+0000] {dag_etl.py:59} INFO - transform talents...
[2023-08-26T20:35:12.326+0000] {dag_etl.py:62} INFO - Complete transform talents: 0:00:00.016149
[2023-08-26T20:35:12.326+0000] {dag_etl.py:64} INFO - transform expert_items...
[2023-08-26T20:35:12.348+0000] {dag_etl.py:67} INFO - Complete transform expert_items: 0:00:00.022519
[2023-08-26T20:35:12.349+0000] {dag_etl.py:69} INFO - Loading user...
[2023-08-26T20:35:13.229+0000] {dag_etl.py:72} INFO - Complete load user: 0:00:00.880958
[2023-08-26T20:35:13.230+0000] {dag_etl.py:74} INFO - Loading space_ships...
[2023-08-26T20:35:14.358+0000] {dag_etl.py:77} INFO - Complete load space_ships: 0:00:01.128528
[2023-08-26T20:35:14.358+0000] {dag_etl.py:79} INFO - Loading drones...
[2023-08-26T20:35:15.313+0000] {dag_etl.py:82} INFO - Complete load drones: 0:00:00.955116
[2023-08-26T20:35:15.314+0000] {dag_etl.py:84} INFO - Loading pilots...
[2023-08-26T20:35:18.052+0000] {dag_etl.py:87} INFO - Complete load drones: 0:00:02.738906
[2023-08-26T20:35:18.052+0000] {dag_etl.py:89} INFO - Loading talents...
[2023-08-26T20:35:19.253+0000] {dag_etl.py:92} INFO - Complete load drones: 0:00:01.201326
[2023-08-26T20:35:19.254+0000] {dag_etl.py:94} INFO - Loading expert_items...
[2023-08-26T20:35:19.881+0000] {dag_etl.py:97} INFO - Complete load drones: 0:00:00.627932
[2023-08-26T20:35:19.882+0000] {dag_etl.py:99} INFO - Complete ETL Users in : 0:00:14.537084
[2023-08-26T20:35:19.904+0000] {python.py:194} INFO - Done. Returned value was: None
[2023-08-26T20:35:19.937+0000] {taskinstance.py:1400} INFO - Marking task as SUCCESS. dag_id=gaas_etl_1, task_id=etl_user, execution_date=20230826T203400, start_date=20230826T203504, end_date=20230826T203519
[2023-08-26T20:35:20.047+0000] {local_task_job_runner.py:228} INFO - Task exited with return code 0
[2023-08-26T20:35:20.108+0000] {taskinstance.py:2784} INFO - 0 downstream tasks scheduled from follow-on schedule check
