[2023-08-26T12:31:04.214+0000] {taskinstance.py:1159} INFO - Dependencies all met for dep_context=non-requeueable deps ti=<TaskInstance: gaas_etl_1.etl_user scheduled__2023-08-26T12:30:00+00:00 [queued]>
[2023-08-26T12:31:04.233+0000] {taskinstance.py:1159} INFO - Dependencies all met for dep_context=requeueable deps ti=<TaskInstance: gaas_etl_1.etl_user scheduled__2023-08-26T12:30:00+00:00 [queued]>
[2023-08-26T12:31:04.233+0000] {taskinstance.py:1361} INFO - Starting attempt 1 of 1
[2023-08-26T12:31:04.263+0000] {taskinstance.py:1382} INFO - Executing <Task(PythonOperator): etl_user> on 2023-08-26 12:30:00+00:00
[2023-08-26T12:31:04.274+0000] {standard_task_runner.py:57} INFO - Started process 311457 to run task
[2023-08-26T12:31:04.294+0000] {standard_task_runner.py:84} INFO - Running: ['airflow', 'tasks', 'run', 'gaas_etl_1', 'etl_user', 'scheduled__2023-08-26T12:30:00+00:00', '--job-id', '1523', '--raw', '--subdir', 'DAGS_FOLDER/dag_etl.py', '--cfg-path', '/tmp/tmpx_wuy0as']
[2023-08-26T12:31:04.300+0000] {standard_task_runner.py:85} INFO - Job 1523: Subtask etl_user
[2023-08-26T12:31:04.505+0000] {task_command.py:415} INFO - Running <TaskInstance: gaas_etl_1.etl_user scheduled__2023-08-26T12:30:00+00:00 [running]> on host data-system.us-central1-a.c.data-system-392010.internal
[2023-08-26T12:31:04.751+0000] {taskinstance.py:1660} INFO - Exporting env vars: AIRFLOW_CTX_DAG_EMAIL='hungnm15012002@gmail.com' AIRFLOW_CTX_DAG_OWNER='hungnm' AIRFLOW_CTX_DAG_ID='gaas_etl_1' AIRFLOW_CTX_TASK_ID='etl_user' AIRFLOW_CTX_EXECUTION_DATE='2023-08-26T12:30:00+00:00' AIRFLOW_CTX_TRY_NUMBER='1' AIRFLOW_CTX_DAG_RUN_ID='scheduled__2023-08-26T12:30:00+00:00'
[2023-08-26T12:31:04.776+0000] {dag_etl.py:28} INFO - Extracting user...
[2023-08-26T12:31:11.912+0000] {extract.py:36} INFO - Request time: 0:00:07.135449
[2023-08-26T12:31:12.878+0000] {extract.py:42} INFO - Create DataFrame time: 0:00:00.965065
[2023-08-26T12:31:12.884+0000] {dag_etl.py:31} INFO - Complete extract user: 0:00:08.108208
[2023-08-26T12:31:12.886+0000] {dag_etl.py:33} INFO - Extracting resource...
[2023-08-26T12:31:15.285+0000] {extract.py:36} INFO - Request time: 0:00:02.398178
[2023-08-26T12:31:15.450+0000] {extract.py:42} INFO - Create DataFrame time: 0:00:00.159140
[2023-08-26T12:31:15.454+0000] {dag_etl.py:36} INFO - Complete extract resource: 0:00:02.569398
[2023-08-26T12:31:15.455+0000] {dag_etl.py:38} INFO - Transforming user...
[2023-08-26T12:31:15.772+0000] {dag_etl.py:42} INFO - Complete transform user: 0:00:00.318169
[2023-08-26T12:31:15.772+0000] {dag_etl.py:44} INFO - transform space_ships...
[2023-08-26T12:31:16.004+0000] {dag_etl.py:47} INFO - Complete transform space_ships: 0:00:00.232147
[2023-08-26T12:31:16.005+0000] {dag_etl.py:49} INFO - transform drones...
[2023-08-26T12:31:16.196+0000] {dag_etl.py:52} INFO - Complete transform drones: 0:00:00.191750
[2023-08-26T12:31:16.196+0000] {dag_etl.py:54} INFO - transform pilots...
[2023-08-26T12:31:16.317+0000] {dag_etl.py:57} INFO - Complete transform pilots: 0:00:00.121666
[2023-08-26T12:31:16.318+0000] {dag_etl.py:59} INFO - transform talents...
[2023-08-26T12:31:16.382+0000] {dag_etl.py:62} INFO - Complete transform talents: 0:00:00.064681
[2023-08-26T12:31:16.383+0000] {dag_etl.py:64} INFO - transform expert_items...
[2023-08-26T12:31:16.457+0000] {dag_etl.py:67} INFO - Complete transform expert_items: 0:00:00.074529
[2023-08-26T12:31:16.461+0000] {dag_etl.py:69} INFO - Loading user...
[2023-08-26T12:31:18.117+0000] {dag_etl.py:72} INFO - Complete load user: 0:00:01.660355
[2023-08-26T12:31:18.118+0000] {dag_etl.py:74} INFO - Loading space_ships...
[2023-08-26T12:31:20.887+0000] {dag_etl.py:77} INFO - Complete load space_ships: 0:00:02.770034
[2023-08-26T12:31:20.888+0000] {dag_etl.py:79} INFO - Loading drones...
[2023-08-26T12:31:23.072+0000] {dag_etl.py:82} INFO - Complete load drones: 0:00:02.185124
[2023-08-26T12:31:23.073+0000] {dag_etl.py:84} INFO - Loading pilots...
[2023-08-26T12:31:27.793+0000] {dag_etl.py:87} INFO - Complete load drones: 0:00:04.720768
[2023-08-26T12:31:27.793+0000] {dag_etl.py:89} INFO - Loading talents...
[2023-08-26T12:31:29.717+0000] {dag_etl.py:92} INFO - Complete load drones: 0:00:01.924597
[2023-08-26T12:31:29.718+0000] {dag_etl.py:94} INFO - Loading expert_items...
[2023-08-26T12:31:31.185+0000] {dag_etl.py:97} INFO - Complete load drones: 0:00:01.467099
[2023-08-26T12:31:31.185+0000] {dag_etl.py:99} INFO - Complete ETL Users in : 0:00:26.409004
[2023-08-26T12:31:31.225+0000] {python.py:194} INFO - Done. Returned value was: None
[2023-08-26T12:31:31.246+0000] {taskinstance.py:1400} INFO - Marking task as SUCCESS. dag_id=gaas_etl_1, task_id=etl_user, execution_date=20230826T123000, start_date=20230826T123104, end_date=20230826T123131
[2023-08-26T12:31:31.345+0000] {local_task_job_runner.py:228} INFO - Task exited with return code 0
[2023-08-26T12:31:31.374+0000] {taskinstance.py:2784} INFO - 0 downstream tasks scheduled from follow-on schedule check
