[2023-08-27T18:52:07.489+0000] {taskinstance.py:1159} INFO - Dependencies all met for dep_context=non-requeueable deps ti=<TaskInstance: gaas_etl_1.etl_user scheduled__2023-08-27T18:51:00+00:00 [queued]>
[2023-08-27T18:52:07.505+0000] {taskinstance.py:1159} INFO - Dependencies all met for dep_context=requeueable deps ti=<TaskInstance: gaas_etl_1.etl_user scheduled__2023-08-27T18:51:00+00:00 [queued]>
[2023-08-27T18:52:07.505+0000] {taskinstance.py:1361} INFO - Starting attempt 1 of 1
[2023-08-27T18:52:07.532+0000] {taskinstance.py:1382} INFO - Executing <Task(PythonOperator): etl_user> on 2023-08-27 18:51:00+00:00
[2023-08-27T18:52:07.541+0000] {standard_task_runner.py:57} INFO - Started process 444631 to run task
[2023-08-27T18:52:07.554+0000] {standard_task_runner.py:84} INFO - Running: ['airflow', 'tasks', 'run', 'gaas_etl_1', 'etl_user', 'scheduled__2023-08-27T18:51:00+00:00', '--job-id', '6986', '--raw', '--subdir', 'DAGS_FOLDER/dag_etl.py', '--cfg-path', '/tmp/tmpaaa0n_jc']
[2023-08-27T18:52:07.564+0000] {standard_task_runner.py:85} INFO - Job 6986: Subtask etl_user
[2023-08-27T18:52:08.074+0000] {task_command.py:415} INFO - Running <TaskInstance: gaas_etl_1.etl_user scheduled__2023-08-27T18:51:00+00:00 [running]> on host data-system.us-central1-a.c.data-system-392010.internal
[2023-08-27T18:52:09.012+0000] {taskinstance.py:1660} INFO - Exporting env vars: AIRFLOW_CTX_DAG_EMAIL='hungnm15012002@gmail.com' AIRFLOW_CTX_DAG_OWNER='hungnm' AIRFLOW_CTX_DAG_ID='gaas_etl_1' AIRFLOW_CTX_TASK_ID='etl_user' AIRFLOW_CTX_EXECUTION_DATE='2023-08-27T18:51:00+00:00' AIRFLOW_CTX_TRY_NUMBER='1' AIRFLOW_CTX_DAG_RUN_ID='scheduled__2023-08-27T18:51:00+00:00'
[2023-08-27T18:52:09.054+0000] {dag_etl.py:28} INFO - Extracting user...
[2023-08-27T18:52:22.239+0000] {extract.py:36} INFO - Request time: 0:00:13.183447
[2023-08-27T18:52:23.502+0000] {extract.py:42} INFO - Create DataFrame time: 0:00:01.262262
[2023-08-27T18:52:23.509+0000] {dag_etl.py:31} INFO - Complete extract user: 0:00:14.454767
[2023-08-27T18:52:23.510+0000] {dag_etl.py:33} INFO - Extracting resource...
[2023-08-27T18:52:23.814+0000] {extract.py:36} INFO - Request time: 0:00:00.303621
[2023-08-27T18:52:23.815+0000] {extract.py:45} ERROR - Server GAAS error: 502
[2023-08-27T18:52:23.831+0000] {dag_etl.py:36} INFO - Complete extract resource: 0:00:00.322264
[2023-08-27T18:52:23.833+0000] {dag_etl.py:38} INFO - Transforming user...
[2023-08-27T18:52:23.840+0000] {dag_etl.py:107} ERROR - An Error Occur: Can only merge Series or DataFrame objects, a <class 'int'> was passed
[2023-08-27T18:52:23.877+0000] {python.py:194} INFO - Done. Returned value was: None
[2023-08-27T18:52:23.912+0000] {taskinstance.py:1400} INFO - Marking task as SUCCESS. dag_id=gaas_etl_1, task_id=etl_user, execution_date=20230827T185100, start_date=20230827T185207, end_date=20230827T185223
[2023-08-27T18:52:24.007+0000] {local_task_job_runner.py:228} INFO - Task exited with return code 0
[2023-08-27T18:52:24.058+0000] {taskinstance.py:2784} INFO - 0 downstream tasks scheduled from follow-on schedule check
