[2023-08-27T02:06:04.267+0000] {taskinstance.py:1159} INFO - Dependencies all met for dep_context=non-requeueable deps ti=<TaskInstance: gaas_etl_1.etl_user scheduled__2023-08-27T02:05:00+00:00 [queued]>
[2023-08-27T02:06:04.287+0000] {taskinstance.py:1159} INFO - Dependencies all met for dep_context=requeueable deps ti=<TaskInstance: gaas_etl_1.etl_user scheduled__2023-08-27T02:05:00+00:00 [queued]>
[2023-08-27T02:06:04.287+0000] {taskinstance.py:1361} INFO - Starting attempt 1 of 1
[2023-08-27T02:06:04.316+0000] {taskinstance.py:1382} INFO - Executing <Task(PythonOperator): etl_user> on 2023-08-27 02:05:00+00:00
[2023-08-27T02:06:04.325+0000] {standard_task_runner.py:57} INFO - Started process 343894 to run task
[2023-08-27T02:06:04.344+0000] {standard_task_runner.py:84} INFO - Running: ['airflow', 'tasks', 'run', 'gaas_etl_1', 'etl_user', 'scheduled__2023-08-27T02:05:00+00:00', '--job-id', '3968', '--raw', '--subdir', 'DAGS_FOLDER/dag_etl.py', '--cfg-path', '/tmp/tmpi_fjxqga']
[2023-08-27T02:06:04.351+0000] {standard_task_runner.py:85} INFO - Job 3968: Subtask etl_user
[2023-08-27T02:06:04.680+0000] {task_command.py:415} INFO - Running <TaskInstance: gaas_etl_1.etl_user scheduled__2023-08-27T02:05:00+00:00 [running]> on host data-system.us-central1-a.c.data-system-392010.internal
[2023-08-27T02:06:05.056+0000] {taskinstance.py:1660} INFO - Exporting env vars: AIRFLOW_CTX_DAG_EMAIL='hungnm15012002@gmail.com' AIRFLOW_CTX_DAG_OWNER='hungnm' AIRFLOW_CTX_DAG_ID='gaas_etl_1' AIRFLOW_CTX_TASK_ID='etl_user' AIRFLOW_CTX_EXECUTION_DATE='2023-08-27T02:05:00+00:00' AIRFLOW_CTX_TRY_NUMBER='1' AIRFLOW_CTX_DAG_RUN_ID='scheduled__2023-08-27T02:05:00+00:00'
[2023-08-27T02:06:05.078+0000] {dag_etl.py:28} INFO - Extracting user...
[2023-08-27T02:06:08.347+0000] {extract.py:36} INFO - Request time: 0:00:03.269106
[2023-08-27T02:06:08.734+0000] {extract.py:42} INFO - Create DataFrame time: 0:00:00.385216
[2023-08-27T02:06:08.737+0000] {dag_etl.py:31} INFO - Complete extract user: 0:00:03.659150
[2023-08-27T02:06:08.738+0000] {dag_etl.py:33} INFO - Extracting resource...
[2023-08-27T02:06:10.204+0000] {extract.py:36} INFO - Request time: 0:00:01.465989
[2023-08-27T02:06:10.277+0000] {extract.py:42} INFO - Create DataFrame time: 0:00:00.072687
[2023-08-27T02:06:10.281+0000] {dag_etl.py:36} INFO - Complete extract resource: 0:00:01.544168
[2023-08-27T02:06:10.282+0000] {dag_etl.py:38} INFO - Transforming user...
[2023-08-27T02:06:10.458+0000] {dag_etl.py:42} INFO - Complete transform user: 0:00:00.177416
[2023-08-27T02:06:10.459+0000] {dag_etl.py:44} INFO - transform space_ships...
[2023-08-27T02:06:10.567+0000] {dag_etl.py:47} INFO - Complete transform space_ships: 0:00:00.108524
[2023-08-27T02:06:10.568+0000] {dag_etl.py:49} INFO - transform drones...
[2023-08-27T02:06:10.643+0000] {dag_etl.py:52} INFO - Complete transform drones: 0:00:00.076467
[2023-08-27T02:06:10.644+0000] {dag_etl.py:54} INFO - transform pilots...
[2023-08-27T02:06:10.709+0000] {dag_etl.py:57} INFO - Complete transform pilots: 0:00:00.065388
[2023-08-27T02:06:10.709+0000] {dag_etl.py:59} INFO - transform talents...
[2023-08-27T02:06:10.734+0000] {dag_etl.py:62} INFO - Complete transform talents: 0:00:00.025566
[2023-08-27T02:06:10.735+0000] {dag_etl.py:64} INFO - transform expert_items...
[2023-08-27T02:06:10.763+0000] {dag_etl.py:67} INFO - Complete transform expert_items: 0:00:00.028354
[2023-08-27T02:06:10.763+0000] {dag_etl.py:69} INFO - Loading user...
[2023-08-27T02:06:11.510+0000] {dag_etl.py:72} INFO - Complete load user: 0:00:00.746995
[2023-08-27T02:06:11.510+0000] {dag_etl.py:74} INFO - Loading space_ships...
[2023-08-27T02:06:12.398+0000] {dag_etl.py:77} INFO - Complete load space_ships: 0:00:00.888443
[2023-08-27T02:06:12.399+0000] {dag_etl.py:79} INFO - Loading drones...
[2023-08-27T02:06:13.208+0000] {dag_etl.py:82} INFO - Complete load drones: 0:00:00.809779
[2023-08-27T02:06:13.209+0000] {dag_etl.py:84} INFO - Loading pilots...
[2023-08-27T02:06:14.622+0000] {dag_etl.py:87} INFO - Complete load drones: 0:00:01.414173
[2023-08-27T02:06:14.623+0000] {dag_etl.py:89} INFO - Loading talents...
[2023-08-27T02:06:15.588+0000] {dag_etl.py:92} INFO - Complete load drones: 0:00:00.966177
[2023-08-27T02:06:15.589+0000] {dag_etl.py:94} INFO - Loading expert_items...
[2023-08-27T02:06:16.354+0000] {dag_etl.py:97} INFO - Complete load drones: 0:00:00.766201
[2023-08-27T02:06:16.355+0000] {dag_etl.py:99} INFO - Complete ETL Users in : 0:00:11.277596
[2023-08-27T02:06:16.372+0000] {python.py:194} INFO - Done. Returned value was: None
[2023-08-27T02:06:16.391+0000] {taskinstance.py:1400} INFO - Marking task as SUCCESS. dag_id=gaas_etl_1, task_id=etl_user, execution_date=20230827T020500, start_date=20230827T020604, end_date=20230827T020616
[2023-08-27T02:06:16.465+0000] {local_task_job_runner.py:228} INFO - Task exited with return code 0
[2023-08-27T02:06:16.505+0000] {taskinstance.py:2784} INFO - 0 downstream tasks scheduled from follow-on schedule check
