[2023-08-26T08:33:04.120+0000] {taskinstance.py:1159} INFO - Dependencies all met for dep_context=non-requeueable deps ti=<TaskInstance: gaas_etl_1.etl_user scheduled__2023-08-26T08:32:00+00:00 [queued]>
[2023-08-26T08:33:04.155+0000] {taskinstance.py:1159} INFO - Dependencies all met for dep_context=requeueable deps ti=<TaskInstance: gaas_etl_1.etl_user scheduled__2023-08-26T08:32:00+00:00 [queued]>
[2023-08-26T08:33:04.156+0000] {taskinstance.py:1361} INFO - Starting attempt 1 of 1
[2023-08-26T08:33:04.183+0000] {taskinstance.py:1382} INFO - Executing <Task(PythonOperator): etl_user> on 2023-08-26 08:32:00+00:00
[2023-08-26T08:33:04.192+0000] {standard_task_runner.py:57} INFO - Started process 290497 to run task
[2023-08-26T08:33:04.206+0000] {standard_task_runner.py:84} INFO - Running: ['airflow', 'tasks', 'run', 'gaas_etl_1', 'etl_user', 'scheduled__2023-08-26T08:32:00+00:00', '--job-id', '808', '--raw', '--subdir', 'DAGS_FOLDER/dag_etl.py', '--cfg-path', '/tmp/tmp4yq_efl0']
[2023-08-26T08:33:04.212+0000] {standard_task_runner.py:85} INFO - Job 808: Subtask etl_user
[2023-08-26T08:33:04.472+0000] {task_command.py:415} INFO - Running <TaskInstance: gaas_etl_1.etl_user scheduled__2023-08-26T08:32:00+00:00 [running]> on host data-system.us-central1-a.c.data-system-392010.internal
[2023-08-26T08:33:04.774+0000] {taskinstance.py:1660} INFO - Exporting env vars: AIRFLOW_CTX_DAG_EMAIL='hungnm15012002@gmail.com' AIRFLOW_CTX_DAG_OWNER='hungnm' AIRFLOW_CTX_DAG_ID='gaas_etl_1' AIRFLOW_CTX_TASK_ID='etl_user' AIRFLOW_CTX_EXECUTION_DATE='2023-08-26T08:32:00+00:00' AIRFLOW_CTX_TRY_NUMBER='1' AIRFLOW_CTX_DAG_RUN_ID='scheduled__2023-08-26T08:32:00+00:00'
[2023-08-26T08:33:04.838+0000] {dag_etl.py:28} INFO - Extracting user...
[2023-08-26T08:33:06.369+0000] {extract.py:36} INFO - Request time: 0:00:01.528238
[2023-08-26T08:33:06.393+0000] {extract.py:42} INFO - Create DataFrame time: 0:00:00.023505
[2023-08-26T08:33:06.395+0000] {dag_etl.py:31} INFO - Complete extract user: 0:00:01.557871
[2023-08-26T08:33:06.396+0000] {dag_etl.py:33} INFO - Extracting resource...
[2023-08-26T08:33:07.585+0000] {extract.py:36} INFO - Request time: 0:00:01.189105
[2023-08-26T08:33:07.594+0000] {extract.py:42} INFO - Create DataFrame time: 0:00:00.007923
[2023-08-26T08:33:07.596+0000] {dag_etl.py:36} INFO - Complete extract resource: 0:00:01.200227
[2023-08-26T08:33:07.596+0000] {dag_etl.py:38} INFO - Transforming user...
[2023-08-26T08:33:07.629+0000] {dag_etl.py:42} INFO - Complete transform user: 0:00:00.033620
[2023-08-26T08:33:07.630+0000] {dag_etl.py:44} INFO - transform space_ships...
[2023-08-26T08:33:07.646+0000] {dag_etl.py:47} INFO - Complete transform space_ships: 0:00:00.017105
[2023-08-26T08:33:07.647+0000] {dag_etl.py:49} INFO - transform drones...
[2023-08-26T08:33:07.658+0000] {dag_etl.py:52} INFO - Complete transform drones: 0:00:00.012005
[2023-08-26T08:33:07.659+0000] {dag_etl.py:54} INFO - transform pilots...
[2023-08-26T08:33:07.667+0000] {dag_etl.py:57} INFO - Complete transform pilots: 0:00:00.008361
[2023-08-26T08:33:07.667+0000] {dag_etl.py:59} INFO - transform talents...
[2023-08-26T08:33:07.674+0000] {dag_etl.py:62} INFO - Complete transform talents: 0:00:00.007729
[2023-08-26T08:33:07.675+0000] {dag_etl.py:64} INFO - transform expert_items...
[2023-08-26T08:33:07.682+0000] {dag_etl.py:67} INFO - Complete transform expert_items: 0:00:00.007313
[2023-08-26T08:33:07.682+0000] {dag_etl.py:69} INFO - Loading user...
[2023-08-26T08:33:07.696+0000] {dag_etl.py:72} INFO - Complete load user: 0:00:00.014699
[2023-08-26T08:33:07.697+0000] {dag_etl.py:74} INFO - Loading space_ships...
[2023-08-26T08:33:07.715+0000] {dag_etl.py:77} INFO - Complete load space_ships: 0:00:00.018889
[2023-08-26T08:33:07.716+0000] {dag_etl.py:79} INFO - Loading drones...
[2023-08-26T08:33:07.729+0000] {dag_etl.py:82} INFO - Complete load drones: 0:00:00.013326
[2023-08-26T08:33:07.729+0000] {dag_etl.py:84} INFO - Loading pilots...
[2023-08-26T08:33:07.756+0000] {dag_etl.py:87} INFO - Complete load drones: 0:00:00.026881
[2023-08-26T08:33:07.756+0000] {dag_etl.py:89} INFO - Loading talents...
[2023-08-26T08:33:07.768+0000] {dag_etl.py:92} INFO - Complete load drones: 0:00:00.012362
[2023-08-26T08:33:07.768+0000] {dag_etl.py:94} INFO - Loading expert_items...
[2023-08-26T08:33:07.772+0000] {dag_etl.py:97} INFO - Complete load drones: 0:00:00.003848
[2023-08-26T08:33:07.772+0000] {dag_etl.py:99} INFO - Complete ETL Users in : 0:00:02.934524
[2023-08-26T08:33:07.773+0000] {python.py:194} INFO - Done. Returned value was: None
[2023-08-26T08:33:07.786+0000] {taskinstance.py:1400} INFO - Marking task as SUCCESS. dag_id=gaas_etl_1, task_id=etl_user, execution_date=20230826T083200, start_date=20230826T083304, end_date=20230826T083307
[2023-08-26T08:33:07.833+0000] {local_task_job_runner.py:228} INFO - Task exited with return code 0
[2023-08-26T08:33:07.859+0000] {taskinstance.py:2784} INFO - 0 downstream tasks scheduled from follow-on schedule check
