[2023-08-27T06:32:05.353+0000] {taskinstance.py:1159} INFO - Dependencies all met for dep_context=non-requeueable deps ti=<TaskInstance: gaas_etl_1.etl_user scheduled__2023-08-27T06:31:00+00:00 [queued]>
[2023-08-27T06:32:05.370+0000] {taskinstance.py:1159} INFO - Dependencies all met for dep_context=requeueable deps ti=<TaskInstance: gaas_etl_1.etl_user scheduled__2023-08-27T06:31:00+00:00 [queued]>
[2023-08-27T06:32:05.370+0000] {taskinstance.py:1361} INFO - Starting attempt 1 of 1
[2023-08-27T06:32:05.397+0000] {taskinstance.py:1382} INFO - Executing <Task(PythonOperator): etl_user> on 2023-08-27 06:31:00+00:00
[2023-08-27T06:32:05.407+0000] {standard_task_runner.py:57} INFO - Started process 373356 to run task
[2023-08-27T06:32:05.420+0000] {standard_task_runner.py:84} INFO - Running: ['airflow', 'tasks', 'run', 'gaas_etl_1', 'etl_user', 'scheduled__2023-08-27T06:31:00+00:00', '--job-id', '4766', '--raw', '--subdir', 'DAGS_FOLDER/dag_etl.py', '--cfg-path', '/tmp/tmp0intvf3o']
[2023-08-27T06:32:05.427+0000] {standard_task_runner.py:85} INFO - Job 4766: Subtask etl_user
[2023-08-27T06:32:05.814+0000] {task_command.py:415} INFO - Running <TaskInstance: gaas_etl_1.etl_user scheduled__2023-08-27T06:31:00+00:00 [running]> on host data-system.us-central1-a.c.data-system-392010.internal
[2023-08-27T06:32:06.566+0000] {taskinstance.py:1660} INFO - Exporting env vars: AIRFLOW_CTX_DAG_EMAIL='hungnm15012002@gmail.com' AIRFLOW_CTX_DAG_OWNER='hungnm' AIRFLOW_CTX_DAG_ID='gaas_etl_1' AIRFLOW_CTX_TASK_ID='etl_user' AIRFLOW_CTX_EXECUTION_DATE='2023-08-27T06:31:00+00:00' AIRFLOW_CTX_TRY_NUMBER='1' AIRFLOW_CTX_DAG_RUN_ID='scheduled__2023-08-27T06:31:00+00:00'
[2023-08-27T06:32:06.594+0000] {dag_etl.py:28} INFO - Extracting user...
[2023-08-27T06:32:16.948+0000] {extract.py:36} INFO - Request time: 0:00:10.353244
[2023-08-27T06:32:17.206+0000] {extract.py:42} INFO - Create DataFrame time: 0:00:00.257571
[2023-08-27T06:32:17.212+0000] {dag_etl.py:31} INFO - Complete extract user: 0:00:10.617760
[2023-08-27T06:32:17.212+0000] {dag_etl.py:33} INFO - Extracting resource...
[2023-08-27T06:32:26.398+0000] {extract.py:36} INFO - Request time: 0:00:09.184689
[2023-08-27T06:32:26.438+0000] {extract.py:42} INFO - Create DataFrame time: 0:00:00.040310
[2023-08-27T06:32:26.441+0000] {dag_etl.py:36} INFO - Complete extract resource: 0:00:09.229243
[2023-08-27T06:32:26.442+0000] {dag_etl.py:38} INFO - Transforming user...
[2023-08-27T06:32:26.591+0000] {dag_etl.py:42} INFO - Complete transform user: 0:00:00.150180
[2023-08-27T06:32:26.592+0000] {dag_etl.py:44} INFO - transform space_ships...
[2023-08-27T06:32:26.691+0000] {dag_etl.py:47} INFO - Complete transform space_ships: 0:00:00.099541
[2023-08-27T06:32:26.691+0000] {dag_etl.py:49} INFO - transform drones...
[2023-08-27T06:32:26.771+0000] {dag_etl.py:52} INFO - Complete transform drones: 0:00:00.080053
[2023-08-27T06:32:26.771+0000] {dag_etl.py:54} INFO - transform pilots...
[2023-08-27T06:32:26.820+0000] {dag_etl.py:57} INFO - Complete transform pilots: 0:00:00.048955
[2023-08-27T06:32:26.820+0000] {dag_etl.py:59} INFO - transform talents...
[2023-08-27T06:32:26.846+0000] {dag_etl.py:62} INFO - Complete transform talents: 0:00:00.026062
[2023-08-27T06:32:26.846+0000] {dag_etl.py:64} INFO - transform expert_items...
[2023-08-27T06:32:26.872+0000] {dag_etl.py:67} INFO - Complete transform expert_items: 0:00:00.025641
[2023-08-27T06:32:26.872+0000] {dag_etl.py:69} INFO - Loading user...
[2023-08-27T06:32:27.599+0000] {dag_etl.py:72} INFO - Complete load user: 0:00:00.727254
[2023-08-27T06:32:27.599+0000] {dag_etl.py:74} INFO - Loading space_ships...
[2023-08-27T06:32:28.495+0000] {dag_etl.py:77} INFO - Complete load space_ships: 0:00:00.896770
[2023-08-27T06:32:28.496+0000] {dag_etl.py:79} INFO - Loading drones...
[2023-08-27T06:32:29.270+0000] {dag_etl.py:82} INFO - Complete load drones: 0:00:00.774929
[2023-08-27T06:32:29.271+0000] {dag_etl.py:84} INFO - Loading pilots...
[2023-08-27T06:32:30.604+0000] {dag_etl.py:87} INFO - Complete load drones: 0:00:01.334094
[2023-08-27T06:32:30.605+0000] {dag_etl.py:89} INFO - Loading talents...
[2023-08-27T06:32:31.413+0000] {dag_etl.py:92} INFO - Complete load drones: 0:00:00.808255
[2023-08-27T06:32:31.413+0000] {dag_etl.py:94} INFO - Loading expert_items...
[2023-08-27T06:32:32.147+0000] {dag_etl.py:97} INFO - Complete load drones: 0:00:00.734020
[2023-08-27T06:32:32.147+0000] {dag_etl.py:99} INFO - Complete ETL Users in : 0:00:25.553459
[2023-08-27T06:32:32.163+0000] {python.py:194} INFO - Done. Returned value was: None
[2023-08-27T06:32:32.182+0000] {taskinstance.py:1400} INFO - Marking task as SUCCESS. dag_id=gaas_etl_1, task_id=etl_user, execution_date=20230827T063100, start_date=20230827T063205, end_date=20230827T063232
[2023-08-27T06:32:32.255+0000] {local_task_job_runner.py:228} INFO - Task exited with return code 0
[2023-08-27T06:32:32.284+0000] {taskinstance.py:2784} INFO - 0 downstream tasks scheduled from follow-on schedule check
