[2023-08-27T06:22:05.599+0000] {taskinstance.py:1159} INFO - Dependencies all met for dep_context=non-requeueable deps ti=<TaskInstance: gaas_etl_1.etl_user scheduled__2023-08-27T06:21:00+00:00 [queued]>
[2023-08-27T06:22:05.619+0000] {taskinstance.py:1159} INFO - Dependencies all met for dep_context=requeueable deps ti=<TaskInstance: gaas_etl_1.etl_user scheduled__2023-08-27T06:21:00+00:00 [queued]>
[2023-08-27T06:22:05.620+0000] {taskinstance.py:1361} INFO - Starting attempt 1 of 1
[2023-08-27T06:22:05.655+0000] {taskinstance.py:1382} INFO - Executing <Task(PythonOperator): etl_user> on 2023-08-27 06:21:00+00:00
[2023-08-27T06:22:05.664+0000] {standard_task_runner.py:57} INFO - Started process 372908 to run task
[2023-08-27T06:22:05.683+0000] {standard_task_runner.py:84} INFO - Running: ['airflow', 'tasks', 'run', 'gaas_etl_1', 'etl_user', 'scheduled__2023-08-27T06:21:00+00:00', '--job-id', '4736', '--raw', '--subdir', 'DAGS_FOLDER/dag_etl.py', '--cfg-path', '/tmp/tmp8u2v_1rj']
[2023-08-27T06:22:05.690+0000] {standard_task_runner.py:85} INFO - Job 4736: Subtask etl_user
[2023-08-27T06:22:06.048+0000] {task_command.py:415} INFO - Running <TaskInstance: gaas_etl_1.etl_user scheduled__2023-08-27T06:21:00+00:00 [running]> on host data-system.us-central1-a.c.data-system-392010.internal
[2023-08-27T06:22:06.798+0000] {taskinstance.py:1660} INFO - Exporting env vars: AIRFLOW_CTX_DAG_EMAIL='hungnm15012002@gmail.com' AIRFLOW_CTX_DAG_OWNER='hungnm' AIRFLOW_CTX_DAG_ID='gaas_etl_1' AIRFLOW_CTX_TASK_ID='etl_user' AIRFLOW_CTX_EXECUTION_DATE='2023-08-27T06:21:00+00:00' AIRFLOW_CTX_TRY_NUMBER='1' AIRFLOW_CTX_DAG_RUN_ID='scheduled__2023-08-27T06:21:00+00:00'
[2023-08-27T06:22:06.817+0000] {dag_etl.py:28} INFO - Extracting user...
[2023-08-27T06:22:09.987+0000] {extract.py:36} INFO - Request time: 0:00:03.169812
[2023-08-27T06:22:10.097+0000] {extract.py:42} INFO - Create DataFrame time: 0:00:00.108872
[2023-08-27T06:22:10.099+0000] {dag_etl.py:31} INFO - Complete extract user: 0:00:03.282378
[2023-08-27T06:22:10.100+0000] {dag_etl.py:33} INFO - Extracting resource...
[2023-08-27T06:22:11.548+0000] {extract.py:36} INFO - Request time: 0:00:01.448442
[2023-08-27T06:22:11.569+0000] {extract.py:42} INFO - Create DataFrame time: 0:00:00.019961
[2023-08-27T06:22:11.571+0000] {dag_etl.py:36} INFO - Complete extract resource: 0:00:01.471831
[2023-08-27T06:22:11.572+0000] {dag_etl.py:38} INFO - Transforming user...
[2023-08-27T06:22:11.652+0000] {dag_etl.py:42} INFO - Complete transform user: 0:00:00.081050
[2023-08-27T06:22:11.653+0000] {dag_etl.py:44} INFO - transform space_ships...
[2023-08-27T06:22:11.708+0000] {dag_etl.py:47} INFO - Complete transform space_ships: 0:00:00.056072
[2023-08-27T06:22:11.708+0000] {dag_etl.py:49} INFO - transform drones...
[2023-08-27T06:22:11.745+0000] {dag_etl.py:52} INFO - Complete transform drones: 0:00:00.037017
[2023-08-27T06:22:11.746+0000] {dag_etl.py:54} INFO - transform pilots...
[2023-08-27T06:22:11.772+0000] {dag_etl.py:57} INFO - Complete transform pilots: 0:00:00.026553
[2023-08-27T06:22:11.772+0000] {dag_etl.py:59} INFO - transform talents...
[2023-08-27T06:22:11.785+0000] {dag_etl.py:62} INFO - Complete transform talents: 0:00:00.013789
[2023-08-27T06:22:11.786+0000] {dag_etl.py:64} INFO - transform expert_items...
[2023-08-27T06:22:11.799+0000] {dag_etl.py:67} INFO - Complete transform expert_items: 0:00:00.013581
[2023-08-27T06:22:11.799+0000] {dag_etl.py:69} INFO - Loading user...
[2023-08-27T06:22:12.459+0000] {dag_etl.py:72} INFO - Complete load user: 0:00:00.659586
[2023-08-27T06:22:12.459+0000] {dag_etl.py:74} INFO - Loading space_ships...
[2023-08-27T06:22:13.217+0000] {dag_etl.py:77} INFO - Complete load space_ships: 0:00:00.758056
[2023-08-27T06:22:13.217+0000] {dag_etl.py:79} INFO - Loading drones...
[2023-08-27T06:22:13.936+0000] {dag_etl.py:82} INFO - Complete load drones: 0:00:00.719675
[2023-08-27T06:22:13.937+0000] {dag_etl.py:84} INFO - Loading pilots...
[2023-08-27T06:22:15.401+0000] {dag_etl.py:87} INFO - Complete load drones: 0:00:01.464953
[2023-08-27T06:22:15.403+0000] {dag_etl.py:89} INFO - Loading talents...
[2023-08-27T06:22:16.347+0000] {dag_etl.py:92} INFO - Complete load drones: 0:00:00.945385
[2023-08-27T06:22:16.348+0000] {dag_etl.py:94} INFO - Loading expert_items...
[2023-08-27T06:22:16.863+0000] {dag_etl.py:97} INFO - Complete load drones: 0:00:00.516243
[2023-08-27T06:22:16.863+0000] {dag_etl.py:99} INFO - Complete ETL Users in : 0:00:10.046612
[2023-08-27T06:22:16.871+0000] {python.py:194} INFO - Done. Returned value was: None
[2023-08-27T06:22:16.892+0000] {taskinstance.py:1400} INFO - Marking task as SUCCESS. dag_id=gaas_etl_1, task_id=etl_user, execution_date=20230827T062100, start_date=20230827T062205, end_date=20230827T062216
[2023-08-27T06:22:16.962+0000] {local_task_job_runner.py:228} INFO - Task exited with return code 0
[2023-08-27T06:22:16.991+0000] {taskinstance.py:2784} INFO - 0 downstream tasks scheduled from follow-on schedule check
