[2023-08-26T05:40:03.714+0000] {taskinstance.py:1159} INFO - Dependencies all met for dep_context=non-requeueable deps ti=<TaskInstance: gaas_etl_1.etl_user scheduled__2023-08-26T05:39:00+00:00 [queued]>
[2023-08-26T05:40:03.729+0000] {taskinstance.py:1159} INFO - Dependencies all met for dep_context=requeueable deps ti=<TaskInstance: gaas_etl_1.etl_user scheduled__2023-08-26T05:39:00+00:00 [queued]>
[2023-08-26T05:40:03.730+0000] {taskinstance.py:1361} INFO - Starting attempt 1 of 1
[2023-08-26T05:40:03.765+0000] {taskinstance.py:1382} INFO - Executing <Task(PythonOperator): etl_user> on 2023-08-26 05:39:00+00:00
[2023-08-26T05:40:03.778+0000] {standard_task_runner.py:57} INFO - Started process 282157 to run task
[2023-08-26T05:40:03.792+0000] {standard_task_runner.py:84} INFO - Running: ['airflow', 'tasks', 'run', 'gaas_etl_1', 'etl_user', 'scheduled__2023-08-26T05:39:00+00:00', '--job-id', '289', '--raw', '--subdir', 'DAGS_FOLDER/dag_etl.py', '--cfg-path', '/tmp/tmpx1tf2m10']
[2023-08-26T05:40:03.800+0000] {standard_task_runner.py:85} INFO - Job 289: Subtask etl_user
[2023-08-26T05:40:03.919+0000] {task_command.py:415} INFO - Running <TaskInstance: gaas_etl_1.etl_user scheduled__2023-08-26T05:39:00+00:00 [running]> on host data-system.us-central1-a.c.data-system-392010.internal
[2023-08-26T05:40:04.112+0000] {taskinstance.py:1660} INFO - Exporting env vars: AIRFLOW_CTX_DAG_EMAIL='hungnm15012002@gmail.com' AIRFLOW_CTX_DAG_OWNER='hungnm' AIRFLOW_CTX_DAG_ID='gaas_etl_1' AIRFLOW_CTX_TASK_ID='etl_user' AIRFLOW_CTX_EXECUTION_DATE='2023-08-26T05:39:00+00:00' AIRFLOW_CTX_TRY_NUMBER='1' AIRFLOW_CTX_DAG_RUN_ID='scheduled__2023-08-26T05:39:00+00:00'
[2023-08-26T05:40:04.133+0000] {dag_etl.py:28} INFO - Extracting user...
[2023-08-26T05:40:05.350+0000] {extract.py:36} INFO - Request time: 0:00:01.216130
[2023-08-26T05:40:05.374+0000] {extract.py:42} INFO - Create DataFrame time: 0:00:00.024009
[2023-08-26T05:40:05.376+0000] {dag_etl.py:31} INFO - Complete extract user: 0:00:01.243334
[2023-08-26T05:40:05.377+0000] {dag_etl.py:33} INFO - Extracting resource...
[2023-08-26T05:40:06.111+0000] {extract.py:36} INFO - Request time: 0:00:00.734180
[2023-08-26T05:40:06.120+0000] {extract.py:42} INFO - Create DataFrame time: 0:00:00.008017
[2023-08-26T05:40:06.121+0000] {dag_etl.py:36} INFO - Complete extract resource: 0:00:00.745109
[2023-08-26T05:40:06.122+0000] {dag_etl.py:38} INFO - Transforming user...
[2023-08-26T05:40:06.154+0000] {dag_etl.py:42} INFO - Complete transform user: 0:00:00.032534
[2023-08-26T05:40:06.154+0000] {dag_etl.py:44} INFO - transform space_ships...
[2023-08-26T05:40:06.172+0000] {dag_etl.py:47} INFO - Complete transform space_ships: 0:00:00.018263
[2023-08-26T05:40:06.173+0000] {dag_etl.py:49} INFO - transform drones...
[2023-08-26T05:40:06.184+0000] {dag_etl.py:52} INFO - Complete transform drones: 0:00:00.011955
[2023-08-26T05:40:06.185+0000] {dag_etl.py:54} INFO - transform pilots...
[2023-08-26T05:40:06.192+0000] {dag_etl.py:57} INFO - Complete transform pilots: 0:00:00.008174
[2023-08-26T05:40:06.193+0000] {dag_etl.py:59} INFO - transform talents...
[2023-08-26T05:40:06.199+0000] {dag_etl.py:62} INFO - Complete transform talents: 0:00:00.006575
[2023-08-26T05:40:06.199+0000] {dag_etl.py:64} INFO - transform expert_items...
[2023-08-26T05:40:06.206+0000] {dag_etl.py:67} INFO - Complete transform expert_items: 0:00:00.006804
[2023-08-26T05:40:06.206+0000] {dag_etl.py:69} INFO - Loading user...
[2023-08-26T05:40:06.221+0000] {dag_etl.py:72} INFO - Complete load user: 0:00:00.015092
[2023-08-26T05:40:06.221+0000] {dag_etl.py:74} INFO - Loading space_ships...
[2023-08-26T05:40:06.240+0000] {dag_etl.py:77} INFO - Complete load space_ships: 0:00:00.019460
[2023-08-26T05:40:06.241+0000] {dag_etl.py:79} INFO - Loading drones...
[2023-08-26T05:40:06.254+0000] {dag_etl.py:82} INFO - Complete load drones: 0:00:00.013161
[2023-08-26T05:40:06.254+0000] {dag_etl.py:84} INFO - Loading pilots...
[2023-08-26T05:40:06.282+0000] {dag_etl.py:87} INFO - Complete load drones: 0:00:00.028105
[2023-08-26T05:40:06.282+0000] {dag_etl.py:89} INFO - Loading talents...
[2023-08-26T05:40:06.294+0000] {dag_etl.py:92} INFO - Complete load drones: 0:00:00.012314
[2023-08-26T05:40:06.294+0000] {dag_etl.py:94} INFO - Loading expert_items...
[2023-08-26T05:40:06.298+0000] {dag_etl.py:97} INFO - Complete load drones: 0:00:00.004406
[2023-08-26T05:40:06.299+0000] {dag_etl.py:99} INFO - Complete ETL Users in : 0:00:02.165620
[2023-08-26T05:40:06.300+0000] {python.py:194} INFO - Done. Returned value was: None
[2023-08-26T05:40:06.314+0000] {taskinstance.py:1400} INFO - Marking task as SUCCESS. dag_id=gaas_etl_1, task_id=etl_user, execution_date=20230826T053900, start_date=20230826T054003, end_date=20230826T054006
[2023-08-26T05:40:06.373+0000] {local_task_job_runner.py:228} INFO - Task exited with return code 0
[2023-08-26T05:40:06.398+0000] {taskinstance.py:2784} INFO - 0 downstream tasks scheduled from follow-on schedule check
