[2023-08-26T13:50:04.573+0000] {taskinstance.py:1159} INFO - Dependencies all met for dep_context=non-requeueable deps ti=<TaskInstance: gaas_etl_1.etl_user scheduled__2023-08-26T13:49:00+00:00 [queued]>
[2023-08-26T13:50:04.591+0000] {taskinstance.py:1159} INFO - Dependencies all met for dep_context=requeueable deps ti=<TaskInstance: gaas_etl_1.etl_user scheduled__2023-08-26T13:49:00+00:00 [queued]>
[2023-08-26T13:50:04.592+0000] {taskinstance.py:1361} INFO - Starting attempt 1 of 1
[2023-08-26T13:50:04.621+0000] {taskinstance.py:1382} INFO - Executing <Task(PythonOperator): etl_user> on 2023-08-26 13:49:00+00:00
[2023-08-26T13:50:04.630+0000] {standard_task_runner.py:57} INFO - Started process 314692 to run task
[2023-08-26T13:50:04.647+0000] {standard_task_runner.py:84} INFO - Running: ['airflow', 'tasks', 'run', 'gaas_etl_1', 'etl_user', 'scheduled__2023-08-26T13:49:00+00:00', '--job-id', '1760', '--raw', '--subdir', 'DAGS_FOLDER/dag_etl.py', '--cfg-path', '/tmp/tmploamhucq']
[2023-08-26T13:50:04.652+0000] {standard_task_runner.py:85} INFO - Job 1760: Subtask etl_user
[2023-08-26T13:50:04.844+0000] {task_command.py:415} INFO - Running <TaskInstance: gaas_etl_1.etl_user scheduled__2023-08-26T13:49:00+00:00 [running]> on host data-system.us-central1-a.c.data-system-392010.internal
[2023-08-26T13:50:05.217+0000] {taskinstance.py:1660} INFO - Exporting env vars: AIRFLOW_CTX_DAG_EMAIL='hungnm15012002@gmail.com' AIRFLOW_CTX_DAG_OWNER='hungnm' AIRFLOW_CTX_DAG_ID='gaas_etl_1' AIRFLOW_CTX_TASK_ID='etl_user' AIRFLOW_CTX_EXECUTION_DATE='2023-08-26T13:49:00+00:00' AIRFLOW_CTX_TRY_NUMBER='1' AIRFLOW_CTX_DAG_RUN_ID='scheduled__2023-08-26T13:49:00+00:00'
[2023-08-26T13:50:05.239+0000] {dag_etl.py:28} INFO - Extracting user...
[2023-08-26T13:50:14.430+0000] {extract.py:36} INFO - Request time: 0:00:09.190776
[2023-08-26T13:50:15.034+0000] {extract.py:42} INFO - Create DataFrame time: 0:00:00.602735
[2023-08-26T13:50:15.038+0000] {dag_etl.py:31} INFO - Complete extract user: 0:00:09.798562
[2023-08-26T13:50:15.039+0000] {dag_etl.py:33} INFO - Extracting resource...
[2023-08-26T13:50:23.805+0000] {extract.py:36} INFO - Request time: 0:00:08.766023
[2023-08-26T13:50:23.932+0000] {extract.py:42} INFO - Create DataFrame time: 0:00:00.125826
[2023-08-26T13:50:23.936+0000] {dag_etl.py:36} INFO - Complete extract resource: 0:00:08.898326
[2023-08-26T13:50:23.938+0000] {dag_etl.py:38} INFO - Transforming user...
[2023-08-26T13:50:24.250+0000] {dag_etl.py:42} INFO - Complete transform user: 0:00:00.313672
[2023-08-26T13:50:24.250+0000] {dag_etl.py:44} INFO - transform space_ships...
[2023-08-26T13:50:24.438+0000] {dag_etl.py:47} INFO - Complete transform space_ships: 0:00:00.188596
[2023-08-26T13:50:24.439+0000] {dag_etl.py:49} INFO - transform drones...
[2023-08-26T13:50:24.586+0000] {dag_etl.py:52} INFO - Complete transform drones: 0:00:00.147894
[2023-08-26T13:50:24.587+0000] {dag_etl.py:54} INFO - transform pilots...
[2023-08-26T13:50:24.682+0000] {dag_etl.py:57} INFO - Complete transform pilots: 0:00:00.095391
[2023-08-26T13:50:24.682+0000] {dag_etl.py:59} INFO - transform talents...
[2023-08-26T13:50:24.741+0000] {dag_etl.py:62} INFO - Complete transform talents: 0:00:00.059477
[2023-08-26T13:50:24.742+0000] {dag_etl.py:64} INFO - transform expert_items...
[2023-08-26T13:50:24.789+0000] {dag_etl.py:67} INFO - Complete transform expert_items: 0:00:00.047688
[2023-08-26T13:50:24.789+0000] {dag_etl.py:69} INFO - Loading user...
[2023-08-26T13:50:26.461+0000] {dag_etl.py:72} INFO - Complete load user: 0:00:01.672454
[2023-08-26T13:50:26.462+0000] {dag_etl.py:74} INFO - Loading space_ships...
[2023-08-26T13:50:28.953+0000] {dag_etl.py:77} INFO - Complete load space_ships: 0:00:02.491507
[2023-08-26T13:50:28.954+0000] {dag_etl.py:79} INFO - Loading drones...
[2023-08-26T13:50:30.918+0000] {dag_etl.py:82} INFO - Complete load drones: 0:00:01.965540
[2023-08-26T13:50:30.919+0000] {dag_etl.py:84} INFO - Loading pilots...
[2023-08-26T13:50:34.496+0000] {dag_etl.py:87} INFO - Complete load drones: 0:00:03.578017
[2023-08-26T13:50:34.497+0000] {dag_etl.py:89} INFO - Loading talents...
[2023-08-26T13:50:36.561+0000] {dag_etl.py:92} INFO - Complete load drones: 0:00:02.064880
[2023-08-26T13:50:36.561+0000] {dag_etl.py:94} INFO - Loading expert_items...
[2023-08-26T13:50:37.603+0000] {dag_etl.py:97} INFO - Complete load drones: 0:00:01.042389
[2023-08-26T13:50:37.604+0000] {dag_etl.py:99} INFO - Complete ETL Users in : 0:00:32.364812
[2023-08-26T13:50:37.629+0000] {python.py:194} INFO - Done. Returned value was: None
[2023-08-26T13:50:37.649+0000] {taskinstance.py:1400} INFO - Marking task as SUCCESS. dag_id=gaas_etl_1, task_id=etl_user, execution_date=20230826T134900, start_date=20230826T135004, end_date=20230826T135037
[2023-08-26T13:50:37.722+0000] {local_task_job_runner.py:228} INFO - Task exited with return code 0
[2023-08-26T13:50:37.750+0000] {taskinstance.py:2784} INFO - 0 downstream tasks scheduled from follow-on schedule check
