[2023-08-27T01:38:04.171+0000] {taskinstance.py:1159} INFO - Dependencies all met for dep_context=non-requeueable deps ti=<TaskInstance: gaas_etl_1.etl_user scheduled__2023-08-27T01:37:00+00:00 [queued]>
[2023-08-27T01:38:04.189+0000] {taskinstance.py:1159} INFO - Dependencies all met for dep_context=requeueable deps ti=<TaskInstance: gaas_etl_1.etl_user scheduled__2023-08-27T01:37:00+00:00 [queued]>
[2023-08-27T01:38:04.190+0000] {taskinstance.py:1361} INFO - Starting attempt 1 of 1
[2023-08-27T01:38:04.223+0000] {taskinstance.py:1382} INFO - Executing <Task(PythonOperator): etl_user> on 2023-08-27 01:37:00+00:00
[2023-08-27T01:38:04.234+0000] {standard_task_runner.py:57} INFO - Started process 342774 to run task
[2023-08-27T01:38:04.243+0000] {standard_task_runner.py:84} INFO - Running: ['airflow', 'tasks', 'run', 'gaas_etl_1', 'etl_user', 'scheduled__2023-08-27T01:37:00+00:00', '--job-id', '3883', '--raw', '--subdir', 'DAGS_FOLDER/dag_etl.py', '--cfg-path', '/tmp/tmp6v7t16q6']
[2023-08-27T01:38:04.250+0000] {standard_task_runner.py:85} INFO - Job 3883: Subtask etl_user
[2023-08-27T01:38:04.547+0000] {task_command.py:415} INFO - Running <TaskInstance: gaas_etl_1.etl_user scheduled__2023-08-27T01:37:00+00:00 [running]> on host data-system.us-central1-a.c.data-system-392010.internal
[2023-08-27T01:38:04.915+0000] {taskinstance.py:1660} INFO - Exporting env vars: AIRFLOW_CTX_DAG_EMAIL='hungnm15012002@gmail.com' AIRFLOW_CTX_DAG_OWNER='hungnm' AIRFLOW_CTX_DAG_ID='gaas_etl_1' AIRFLOW_CTX_TASK_ID='etl_user' AIRFLOW_CTX_EXECUTION_DATE='2023-08-27T01:37:00+00:00' AIRFLOW_CTX_TRY_NUMBER='1' AIRFLOW_CTX_DAG_RUN_ID='scheduled__2023-08-27T01:37:00+00:00'
[2023-08-27T01:38:04.942+0000] {dag_etl.py:28} INFO - Extracting user...
[2023-08-27T01:38:08.210+0000] {extract.py:36} INFO - Request time: 0:00:03.267318
[2023-08-27T01:38:08.577+0000] {extract.py:42} INFO - Create DataFrame time: 0:00:00.366725
[2023-08-27T01:38:08.580+0000] {dag_etl.py:31} INFO - Complete extract user: 0:00:03.638144
[2023-08-27T01:38:08.581+0000] {dag_etl.py:33} INFO - Extracting resource...
[2023-08-27T01:38:10.413+0000] {extract.py:36} INFO - Request time: 0:00:01.831258
[2023-08-27T01:38:10.454+0000] {extract.py:42} INFO - Create DataFrame time: 0:00:00.040251
[2023-08-27T01:38:10.456+0000] {dag_etl.py:36} INFO - Complete extract resource: 0:00:01.875775
[2023-08-27T01:38:10.461+0000] {dag_etl.py:38} INFO - Transforming user...
[2023-08-27T01:38:10.628+0000] {dag_etl.py:42} INFO - Complete transform user: 0:00:00.171397
[2023-08-27T01:38:10.628+0000] {dag_etl.py:44} INFO - transform space_ships...
[2023-08-27T01:38:10.735+0000] {dag_etl.py:47} INFO - Complete transform space_ships: 0:00:00.107491
[2023-08-27T01:38:10.736+0000] {dag_etl.py:49} INFO - transform drones...
[2023-08-27T01:38:10.812+0000] {dag_etl.py:52} INFO - Complete transform drones: 0:00:00.077291
[2023-08-27T01:38:10.813+0000] {dag_etl.py:54} INFO - transform pilots...
[2023-08-27T01:38:10.865+0000] {dag_etl.py:57} INFO - Complete transform pilots: 0:00:00.052259
[2023-08-27T01:38:10.865+0000] {dag_etl.py:59} INFO - transform talents...
[2023-08-27T01:38:10.891+0000] {dag_etl.py:62} INFO - Complete transform talents: 0:00:00.026435
[2023-08-27T01:38:10.892+0000] {dag_etl.py:64} INFO - transform expert_items...
[2023-08-27T01:38:10.919+0000] {dag_etl.py:67} INFO - Complete transform expert_items: 0:00:00.027657
[2023-08-27T01:38:10.919+0000] {dag_etl.py:69} INFO - Loading user...
[2023-08-27T01:38:11.685+0000] {dag_etl.py:72} INFO - Complete load user: 0:00:00.765916
[2023-08-27T01:38:11.685+0000] {dag_etl.py:74} INFO - Loading space_ships...
[2023-08-27T01:38:12.694+0000] {dag_etl.py:77} INFO - Complete load space_ships: 0:00:01.009175
[2023-08-27T01:38:12.695+0000] {dag_etl.py:79} INFO - Loading drones...
[2023-08-27T01:38:13.507+0000] {dag_etl.py:82} INFO - Complete load drones: 0:00:00.813576
[2023-08-27T01:38:13.508+0000] {dag_etl.py:84} INFO - Loading pilots...
[2023-08-27T01:38:15.089+0000] {dag_etl.py:87} INFO - Complete load drones: 0:00:01.581561
[2023-08-27T01:38:15.090+0000] {dag_etl.py:89} INFO - Loading talents...
[2023-08-27T01:38:16.022+0000] {dag_etl.py:92} INFO - Complete load drones: 0:00:00.932936
[2023-08-27T01:38:16.022+0000] {dag_etl.py:94} INFO - Loading expert_items...
[2023-08-27T01:38:16.707+0000] {dag_etl.py:97} INFO - Complete load drones: 0:00:00.684681
[2023-08-27T01:38:16.707+0000] {dag_etl.py:99} INFO - Complete ETL Users in : 0:00:11.764956
[2023-08-27T01:38:16.724+0000] {python.py:194} INFO - Done. Returned value was: None
[2023-08-27T01:38:16.744+0000] {taskinstance.py:1400} INFO - Marking task as SUCCESS. dag_id=gaas_etl_1, task_id=etl_user, execution_date=20230827T013700, start_date=20230827T013804, end_date=20230827T013816
[2023-08-27T01:38:16.828+0000] {local_task_job_runner.py:228} INFO - Task exited with return code 0
[2023-08-27T01:38:16.856+0000] {taskinstance.py:2784} INFO - 0 downstream tasks scheduled from follow-on schedule check
