[2023-08-27T03:34:06.749+0000] {taskinstance.py:1159} INFO - Dependencies all met for dep_context=non-requeueable deps ti=<TaskInstance: gaas_etl_1.etl_user scheduled__2023-08-27T03:33:00+00:00 [queued]>
[2023-08-27T03:34:06.768+0000] {taskinstance.py:1159} INFO - Dependencies all met for dep_context=requeueable deps ti=<TaskInstance: gaas_etl_1.etl_user scheduled__2023-08-27T03:33:00+00:00 [queued]>
[2023-08-27T03:34:06.768+0000] {taskinstance.py:1361} INFO - Starting attempt 1 of 1
[2023-08-27T03:34:06.798+0000] {taskinstance.py:1382} INFO - Executing <Task(PythonOperator): etl_user> on 2023-08-27 03:33:00+00:00
[2023-08-27T03:34:06.816+0000] {standard_task_runner.py:57} INFO - Started process 353881 to run task
[2023-08-27T03:34:06.833+0000] {standard_task_runner.py:84} INFO - Running: ['airflow', 'tasks', 'run', 'gaas_etl_1', 'etl_user', 'scheduled__2023-08-27T03:33:00+00:00', '--job-id', '4231', '--raw', '--subdir', 'DAGS_FOLDER/dag_etl.py', '--cfg-path', '/tmp/tmp024d1_4g']
[2023-08-27T03:34:06.854+0000] {standard_task_runner.py:85} INFO - Job 4231: Subtask etl_user
[2023-08-27T03:34:07.529+0000] {task_command.py:415} INFO - Running <TaskInstance: gaas_etl_1.etl_user scheduled__2023-08-27T03:33:00+00:00 [running]> on host data-system.us-central1-a.c.data-system-392010.internal
[2023-08-27T03:34:08.399+0000] {taskinstance.py:1660} INFO - Exporting env vars: AIRFLOW_CTX_DAG_EMAIL='hungnm15012002@gmail.com' AIRFLOW_CTX_DAG_OWNER='hungnm' AIRFLOW_CTX_DAG_ID='gaas_etl_1' AIRFLOW_CTX_TASK_ID='etl_user' AIRFLOW_CTX_EXECUTION_DATE='2023-08-27T03:33:00+00:00' AIRFLOW_CTX_TRY_NUMBER='1' AIRFLOW_CTX_DAG_RUN_ID='scheduled__2023-08-27T03:33:00+00:00'
[2023-08-27T03:34:08.418+0000] {dag_etl.py:28} INFO - Extracting user...
[2023-08-27T03:34:14.652+0000] {extract.py:36} INFO - Request time: 0:00:06.233191
[2023-08-27T03:34:15.399+0000] {extract.py:42} INFO - Create DataFrame time: 0:00:00.746064
[2023-08-27T03:34:15.406+0000] {dag_etl.py:31} INFO - Complete extract user: 0:00:06.988281
[2023-08-27T03:34:15.407+0000] {dag_etl.py:33} INFO - Extracting resource...
[2023-08-27T03:34:17.390+0000] {extract.py:36} INFO - Request time: 0:00:01.981887
[2023-08-27T03:34:17.613+0000] {extract.py:42} INFO - Create DataFrame time: 0:00:00.221878
[2023-08-27T03:34:17.621+0000] {dag_etl.py:36} INFO - Complete extract resource: 0:00:02.214804
[2023-08-27T03:34:17.628+0000] {dag_etl.py:38} INFO - Transforming user...
[2023-08-27T03:34:18.335+0000] {dag_etl.py:42} INFO - Complete transform user: 0:00:00.713557
[2023-08-27T03:34:18.335+0000] {dag_etl.py:44} INFO - transform space_ships...
[2023-08-27T03:34:18.795+0000] {dag_etl.py:47} INFO - Complete transform space_ships: 0:00:00.460500
[2023-08-27T03:34:18.797+0000] {dag_etl.py:49} INFO - transform drones...
[2023-08-27T03:34:19.054+0000] {dag_etl.py:52} INFO - Complete transform drones: 0:00:00.258412
[2023-08-27T03:34:19.055+0000] {dag_etl.py:54} INFO - transform pilots...
[2023-08-27T03:34:19.300+0000] {dag_etl.py:57} INFO - Complete transform pilots: 0:00:00.246073
[2023-08-27T03:34:19.307+0000] {dag_etl.py:59} INFO - transform talents...
[2023-08-27T03:34:19.371+0000] {dag_etl.py:62} INFO - Complete transform talents: 0:00:00.070953
[2023-08-27T03:34:19.372+0000] {dag_etl.py:64} INFO - transform expert_items...
[2023-08-27T03:34:19.432+0000] {dag_etl.py:67} INFO - Complete transform expert_items: 0:00:00.061533
[2023-08-27T03:34:19.434+0000] {dag_etl.py:69} INFO - Loading user...
[2023-08-27T03:34:21.945+0000] {dag_etl.py:72} INFO - Complete load user: 0:00:02.512854
[2023-08-27T03:34:21.946+0000] {dag_etl.py:74} INFO - Loading space_ships...
[2023-08-27T03:34:25.168+0000] {dag_etl.py:77} INFO - Complete load space_ships: 0:00:03.223001
[2023-08-27T03:34:25.169+0000] {dag_etl.py:79} INFO - Loading drones...
[2023-08-27T03:34:27.736+0000] {dag_etl.py:82} INFO - Complete load drones: 0:00:02.567664
[2023-08-27T03:34:27.736+0000] {dag_etl.py:84} INFO - Loading pilots...
[2023-08-27T03:34:31.619+0000] {dag_etl.py:87} INFO - Complete load drones: 0:00:03.883556
[2023-08-27T03:34:31.620+0000] {dag_etl.py:89} INFO - Loading talents...
[2023-08-27T03:34:33.981+0000] {dag_etl.py:92} INFO - Complete load drones: 0:00:02.362153
[2023-08-27T03:34:33.982+0000] {dag_etl.py:94} INFO - Loading expert_items...
[2023-08-27T03:34:36.221+0000] {dag_etl.py:97} INFO - Complete load drones: 0:00:02.239689
[2023-08-27T03:34:36.222+0000] {dag_etl.py:99} INFO - Complete ETL Users in : 0:00:27.803909
[2023-08-27T03:34:36.338+0000] {python.py:194} INFO - Done. Returned value was: None
[2023-08-27T03:34:36.401+0000] {taskinstance.py:1400} INFO - Marking task as SUCCESS. dag_id=gaas_etl_1, task_id=etl_user, execution_date=20230827T033300, start_date=20230827T033406, end_date=20230827T033436
[2023-08-27T03:34:36.538+0000] {local_task_job_runner.py:228} INFO - Task exited with return code 0
[2023-08-27T03:34:36.592+0000] {taskinstance.py:2784} INFO - 0 downstream tasks scheduled from follow-on schedule check
