[2023-08-26T13:31:04.108+0000] {taskinstance.py:1159} INFO - Dependencies all met for dep_context=non-requeueable deps ti=<TaskInstance: gaas_etl_1.etl_user scheduled__2023-08-26T13:30:00+00:00 [queued]>
[2023-08-26T13:31:04.127+0000] {taskinstance.py:1159} INFO - Dependencies all met for dep_context=requeueable deps ti=<TaskInstance: gaas_etl_1.etl_user scheduled__2023-08-26T13:30:00+00:00 [queued]>
[2023-08-26T13:31:04.128+0000] {taskinstance.py:1361} INFO - Starting attempt 1 of 1
[2023-08-26T13:31:04.157+0000] {taskinstance.py:1382} INFO - Executing <Task(PythonOperator): etl_user> on 2023-08-26 13:30:00+00:00
[2023-08-26T13:31:04.166+0000] {standard_task_runner.py:57} INFO - Started process 313910 to run task
[2023-08-26T13:31:04.182+0000] {standard_task_runner.py:84} INFO - Running: ['airflow', 'tasks', 'run', 'gaas_etl_1', 'etl_user', 'scheduled__2023-08-26T13:30:00+00:00', '--job-id', '1702', '--raw', '--subdir', 'DAGS_FOLDER/dag_etl.py', '--cfg-path', '/tmp/tmput2kgkrd']
[2023-08-26T13:31:04.188+0000] {standard_task_runner.py:85} INFO - Job 1702: Subtask etl_user
[2023-08-26T13:31:04.380+0000] {task_command.py:415} INFO - Running <TaskInstance: gaas_etl_1.etl_user scheduled__2023-08-26T13:30:00+00:00 [running]> on host data-system.us-central1-a.c.data-system-392010.internal
[2023-08-26T13:31:04.631+0000] {taskinstance.py:1660} INFO - Exporting env vars: AIRFLOW_CTX_DAG_EMAIL='hungnm15012002@gmail.com' AIRFLOW_CTX_DAG_OWNER='hungnm' AIRFLOW_CTX_DAG_ID='gaas_etl_1' AIRFLOW_CTX_TASK_ID='etl_user' AIRFLOW_CTX_EXECUTION_DATE='2023-08-26T13:30:00+00:00' AIRFLOW_CTX_TRY_NUMBER='1' AIRFLOW_CTX_DAG_RUN_ID='scheduled__2023-08-26T13:30:00+00:00'
[2023-08-26T13:31:04.657+0000] {dag_etl.py:28} INFO - Extracting user...
[2023-08-26T13:31:13.121+0000] {extract.py:36} INFO - Request time: 0:00:08.463575
[2023-08-26T13:31:13.522+0000] {extract.py:42} INFO - Create DataFrame time: 0:00:00.400989
[2023-08-26T13:31:13.526+0000] {dag_etl.py:31} INFO - Complete extract user: 0:00:08.869453
[2023-08-26T13:31:13.527+0000] {dag_etl.py:33} INFO - Extracting resource...
[2023-08-26T13:31:19.786+0000] {extract.py:36} INFO - Request time: 0:00:06.259252
[2023-08-26T13:31:19.831+0000] {extract.py:42} INFO - Create DataFrame time: 0:00:00.044209
[2023-08-26T13:31:19.834+0000] {dag_etl.py:36} INFO - Complete extract resource: 0:00:06.307650
[2023-08-26T13:31:19.835+0000] {dag_etl.py:38} INFO - Transforming user...
[2023-08-26T13:31:20.003+0000] {dag_etl.py:42} INFO - Complete transform user: 0:00:00.169565
[2023-08-26T13:31:20.004+0000] {dag_etl.py:44} INFO - transform space_ships...
[2023-08-26T13:31:20.121+0000] {dag_etl.py:47} INFO - Complete transform space_ships: 0:00:00.117722
[2023-08-26T13:31:20.122+0000] {dag_etl.py:49} INFO - transform drones...
[2023-08-26T13:31:20.217+0000] {dag_etl.py:52} INFO - Complete transform drones: 0:00:00.095861
[2023-08-26T13:31:20.217+0000] {dag_etl.py:54} INFO - transform pilots...
[2023-08-26T13:31:20.274+0000] {dag_etl.py:57} INFO - Complete transform pilots: 0:00:00.057374
[2023-08-26T13:31:20.275+0000] {dag_etl.py:59} INFO - transform talents...
[2023-08-26T13:31:20.303+0000] {dag_etl.py:62} INFO - Complete transform talents: 0:00:00.028584
[2023-08-26T13:31:20.303+0000] {dag_etl.py:64} INFO - transform expert_items...
[2023-08-26T13:31:20.334+0000] {dag_etl.py:67} INFO - Complete transform expert_items: 0:00:00.030980
[2023-08-26T13:31:20.334+0000] {dag_etl.py:69} INFO - Loading user...
[2023-08-26T13:31:21.119+0000] {dag_etl.py:72} INFO - Complete load user: 0:00:00.785599
[2023-08-26T13:31:21.120+0000] {dag_etl.py:74} INFO - Loading space_ships...
[2023-08-26T13:31:22.190+0000] {dag_etl.py:77} INFO - Complete load space_ships: 0:00:01.070170
[2023-08-26T13:31:22.190+0000] {dag_etl.py:79} INFO - Loading drones...
[2023-08-26T13:31:23.059+0000] {dag_etl.py:82} INFO - Complete load drones: 0:00:00.869943
[2023-08-26T13:31:23.060+0000] {dag_etl.py:84} INFO - Loading pilots...
[2023-08-26T13:31:25.427+0000] {dag_etl.py:87} INFO - Complete load drones: 0:00:02.367414
[2023-08-26T13:31:25.428+0000] {dag_etl.py:89} INFO - Loading talents...
[2023-08-26T13:31:26.433+0000] {dag_etl.py:92} INFO - Complete load drones: 0:00:01.006131
[2023-08-26T13:31:26.434+0000] {dag_etl.py:94} INFO - Loading expert_items...
[2023-08-26T13:31:27.080+0000] {dag_etl.py:97} INFO - Complete load drones: 0:00:00.647219
[2023-08-26T13:31:27.081+0000] {dag_etl.py:99} INFO - Complete ETL Users in : 0:00:22.424250
[2023-08-26T13:31:27.106+0000] {python.py:194} INFO - Done. Returned value was: None
[2023-08-26T13:31:27.142+0000] {taskinstance.py:1400} INFO - Marking task as SUCCESS. dag_id=gaas_etl_1, task_id=etl_user, execution_date=20230826T133000, start_date=20230826T133104, end_date=20230826T133127
[2023-08-26T13:31:27.240+0000] {local_task_job_runner.py:228} INFO - Task exited with return code 0
[2023-08-26T13:31:27.270+0000] {taskinstance.py:2784} INFO - 0 downstream tasks scheduled from follow-on schedule check
