[2023-08-27T12:38:06.037+0000] {taskinstance.py:1159} INFO - Dependencies all met for dep_context=non-requeueable deps ti=<TaskInstance: gaas_etl_1.etl_user scheduled__2023-08-27T12:37:00+00:00 [queued]>
[2023-08-27T12:38:06.052+0000] {taskinstance.py:1159} INFO - Dependencies all met for dep_context=requeueable deps ti=<TaskInstance: gaas_etl_1.etl_user scheduled__2023-08-27T12:37:00+00:00 [queued]>
[2023-08-27T12:38:06.053+0000] {taskinstance.py:1361} INFO - Starting attempt 1 of 1
[2023-08-27T12:38:06.081+0000] {taskinstance.py:1382} INFO - Executing <Task(PythonOperator): etl_user> on 2023-08-27 12:37:00+00:00
[2023-08-27T12:38:06.098+0000] {standard_task_runner.py:57} INFO - Started process 405297 to run task
[2023-08-27T12:38:06.114+0000] {standard_task_runner.py:84} INFO - Running: ['airflow', 'tasks', 'run', 'gaas_etl_1', 'etl_user', 'scheduled__2023-08-27T12:37:00+00:00', '--job-id', '5864', '--raw', '--subdir', 'DAGS_FOLDER/dag_etl.py', '--cfg-path', '/tmp/tmpzr52ffgk']
[2023-08-27T12:38:06.120+0000] {standard_task_runner.py:85} INFO - Job 5864: Subtask etl_user
[2023-08-27T12:38:06.870+0000] {task_command.py:415} INFO - Running <TaskInstance: gaas_etl_1.etl_user scheduled__2023-08-27T12:37:00+00:00 [running]> on host data-system.us-central1-a.c.data-system-392010.internal
[2023-08-27T12:38:07.436+0000] {taskinstance.py:1660} INFO - Exporting env vars: AIRFLOW_CTX_DAG_EMAIL='hungnm15012002@gmail.com' AIRFLOW_CTX_DAG_OWNER='hungnm' AIRFLOW_CTX_DAG_ID='gaas_etl_1' AIRFLOW_CTX_TASK_ID='etl_user' AIRFLOW_CTX_EXECUTION_DATE='2023-08-27T12:37:00+00:00' AIRFLOW_CTX_TRY_NUMBER='1' AIRFLOW_CTX_DAG_RUN_ID='scheduled__2023-08-27T12:37:00+00:00'
[2023-08-27T12:38:07.467+0000] {dag_etl.py:28} INFO - Extracting user...
[2023-08-27T12:38:13.788+0000] {extract.py:36} INFO - Request time: 0:00:06.319607
[2023-08-27T12:38:14.297+0000] {extract.py:42} INFO - Create DataFrame time: 0:00:00.507810
[2023-08-27T12:38:14.302+0000] {dag_etl.py:31} INFO - Complete extract user: 0:00:06.834490
[2023-08-27T12:38:14.303+0000] {dag_etl.py:33} INFO - Extracting resource...
[2023-08-27T12:38:18.811+0000] {extract.py:36} INFO - Request time: 0:00:04.507985
[2023-08-27T12:38:19.036+0000] {extract.py:42} INFO - Create DataFrame time: 0:00:00.224376
[2023-08-27T12:38:19.039+0000] {dag_etl.py:36} INFO - Complete extract resource: 0:00:04.737126
[2023-08-27T12:38:19.040+0000] {dag_etl.py:38} INFO - Transforming user...
[2023-08-27T12:38:19.525+0000] {dag_etl.py:42} INFO - Complete transform user: 0:00:00.486414
[2023-08-27T12:38:19.526+0000] {dag_etl.py:44} INFO - transform space_ships...
[2023-08-27T12:38:19.783+0000] {dag_etl.py:47} INFO - Complete transform space_ships: 0:00:00.257552
[2023-08-27T12:38:19.784+0000] {dag_etl.py:49} INFO - transform drones...
[2023-08-27T12:38:19.979+0000] {dag_etl.py:52} INFO - Complete transform drones: 0:00:00.196468
[2023-08-27T12:38:19.980+0000] {dag_etl.py:54} INFO - transform pilots...
[2023-08-27T12:38:20.092+0000] {dag_etl.py:57} INFO - Complete transform pilots: 0:00:00.112567
[2023-08-27T12:38:20.093+0000] {dag_etl.py:59} INFO - transform talents...
[2023-08-27T12:38:20.150+0000] {dag_etl.py:62} INFO - Complete transform talents: 0:00:00.058468
[2023-08-27T12:38:20.151+0000] {dag_etl.py:64} INFO - transform expert_items...
[2023-08-27T12:38:20.202+0000] {dag_etl.py:67} INFO - Complete transform expert_items: 0:00:00.051108
[2023-08-27T12:38:20.202+0000] {dag_etl.py:69} INFO - Loading user...
[2023-08-27T12:38:22.067+0000] {dag_etl.py:72} INFO - Complete load user: 0:00:01.865339
[2023-08-27T12:38:22.067+0000] {dag_etl.py:74} INFO - Loading space_ships...
[2023-08-27T12:38:24.953+0000] {dag_etl.py:77} INFO - Complete load space_ships: 0:00:02.886043
[2023-08-27T12:38:24.954+0000] {dag_etl.py:79} INFO - Loading drones...
[2023-08-27T12:38:27.200+0000] {dag_etl.py:82} INFO - Complete load drones: 0:00:02.247306
[2023-08-27T12:38:27.201+0000] {dag_etl.py:84} INFO - Loading pilots...
[2023-08-27T12:38:31.162+0000] {dag_etl.py:87} INFO - Complete load drones: 0:00:03.962215
[2023-08-27T12:38:31.163+0000] {dag_etl.py:89} INFO - Loading talents...
[2023-08-27T12:38:33.221+0000] {dag_etl.py:92} INFO - Complete load drones: 0:00:02.058977
[2023-08-27T12:38:33.222+0000] {dag_etl.py:94} INFO - Loading expert_items...
[2023-08-27T12:38:34.723+0000] {dag_etl.py:97} INFO - Complete load drones: 0:00:01.501768
[2023-08-27T12:38:34.724+0000] {dag_etl.py:99} INFO - Complete ETL Users in : 0:00:27.256306
[2023-08-27T12:38:34.762+0000] {python.py:194} INFO - Done. Returned value was: None
[2023-08-27T12:38:34.780+0000] {taskinstance.py:1400} INFO - Marking task as SUCCESS. dag_id=gaas_etl_1, task_id=etl_user, execution_date=20230827T123700, start_date=20230827T123806, end_date=20230827T123834
[2023-08-27T12:38:34.867+0000] {local_task_job_runner.py:228} INFO - Task exited with return code 0
[2023-08-27T12:38:34.897+0000] {taskinstance.py:2784} INFO - 0 downstream tasks scheduled from follow-on schedule check
