[2023-08-27T09:28:06.201+0000] {taskinstance.py:1159} INFO - Dependencies all met for dep_context=non-requeueable deps ti=<TaskInstance: gaas_etl_1.etl_user scheduled__2023-08-27T09:27:00+00:00 [queued]>
[2023-08-27T09:28:06.224+0000] {taskinstance.py:1159} INFO - Dependencies all met for dep_context=requeueable deps ti=<TaskInstance: gaas_etl_1.etl_user scheduled__2023-08-27T09:27:00+00:00 [queued]>
[2023-08-27T09:28:06.225+0000] {taskinstance.py:1361} INFO - Starting attempt 1 of 1
[2023-08-27T09:28:06.264+0000] {taskinstance.py:1382} INFO - Executing <Task(PythonOperator): etl_user> on 2023-08-27 09:27:00+00:00
[2023-08-27T09:28:06.274+0000] {standard_task_runner.py:57} INFO - Started process 380335 to run task
[2023-08-27T09:28:06.288+0000] {standard_task_runner.py:84} INFO - Running: ['airflow', 'tasks', 'run', 'gaas_etl_1', 'etl_user', 'scheduled__2023-08-27T09:27:00+00:00', '--job-id', '5294', '--raw', '--subdir', 'DAGS_FOLDER/dag_etl.py', '--cfg-path', '/tmp/tmpdknphtlm']
[2023-08-27T09:28:06.296+0000] {standard_task_runner.py:85} INFO - Job 5294: Subtask etl_user
[2023-08-27T09:28:07.006+0000] {task_command.py:415} INFO - Running <TaskInstance: gaas_etl_1.etl_user scheduled__2023-08-27T09:27:00+00:00 [running]> on host data-system.us-central1-a.c.data-system-392010.internal
[2023-08-27T09:28:07.404+0000] {taskinstance.py:1660} INFO - Exporting env vars: AIRFLOW_CTX_DAG_EMAIL='hungnm15012002@gmail.com' AIRFLOW_CTX_DAG_OWNER='hungnm' AIRFLOW_CTX_DAG_ID='gaas_etl_1' AIRFLOW_CTX_TASK_ID='etl_user' AIRFLOW_CTX_EXECUTION_DATE='2023-08-27T09:27:00+00:00' AIRFLOW_CTX_TRY_NUMBER='1' AIRFLOW_CTX_DAG_RUN_ID='scheduled__2023-08-27T09:27:00+00:00'
[2023-08-27T09:28:07.422+0000] {dag_etl.py:28} INFO - Extracting user...
[2023-08-27T09:28:12.724+0000] {extract.py:36} INFO - Request time: 0:00:05.301079
[2023-08-27T09:28:13.104+0000] {extract.py:42} INFO - Create DataFrame time: 0:00:00.380506
[2023-08-27T09:28:13.108+0000] {dag_etl.py:31} INFO - Complete extract user: 0:00:05.685650
[2023-08-27T09:28:13.109+0000] {dag_etl.py:33} INFO - Extracting resource...
[2023-08-27T09:28:18.188+0000] {extract.py:36} INFO - Request time: 0:00:05.079332
[2023-08-27T09:28:18.239+0000] {extract.py:42} INFO - Create DataFrame time: 0:00:00.050666
[2023-08-27T09:28:18.243+0000] {dag_etl.py:36} INFO - Complete extract resource: 0:00:05.135021
[2023-08-27T09:28:18.244+0000] {dag_etl.py:38} INFO - Transforming user...
[2023-08-27T09:28:18.445+0000] {dag_etl.py:42} INFO - Complete transform user: 0:00:00.202252
[2023-08-27T09:28:18.445+0000] {dag_etl.py:44} INFO - transform space_ships...
[2023-08-27T09:28:18.585+0000] {dag_etl.py:47} INFO - Complete transform space_ships: 0:00:00.140662
[2023-08-27T09:28:18.586+0000] {dag_etl.py:49} INFO - transform drones...
[2023-08-27T09:28:18.700+0000] {dag_etl.py:52} INFO - Complete transform drones: 0:00:00.114490
[2023-08-27T09:28:18.701+0000] {dag_etl.py:54} INFO - transform pilots...
[2023-08-27T09:28:18.769+0000] {dag_etl.py:57} INFO - Complete transform pilots: 0:00:00.069415
[2023-08-27T09:28:18.770+0000] {dag_etl.py:59} INFO - transform talents...
[2023-08-27T09:28:18.805+0000] {dag_etl.py:62} INFO - Complete transform talents: 0:00:00.035172
[2023-08-27T09:28:18.805+0000] {dag_etl.py:64} INFO - transform expert_items...
[2023-08-27T09:28:18.838+0000] {dag_etl.py:67} INFO - Complete transform expert_items: 0:00:00.033773
[2023-08-27T09:28:18.839+0000] {dag_etl.py:69} INFO - Loading user...
[2023-08-27T09:28:20.040+0000] {dag_etl.py:72} INFO - Complete load user: 0:00:01.201829
[2023-08-27T09:28:20.041+0000] {dag_etl.py:74} INFO - Loading space_ships...
[2023-08-27T09:28:21.420+0000] {dag_etl.py:77} INFO - Complete load space_ships: 0:00:01.380321
[2023-08-27T09:28:21.421+0000] {dag_etl.py:79} INFO - Loading drones...
[2023-08-27T09:28:22.918+0000] {dag_etl.py:82} INFO - Complete load drones: 0:00:01.497223
[2023-08-27T09:28:22.918+0000] {dag_etl.py:84} INFO - Loading pilots...
[2023-08-27T09:28:24.923+0000] {dag_etl.py:87} INFO - Complete load drones: 0:00:02.005279
[2023-08-27T09:28:24.924+0000] {dag_etl.py:89} INFO - Loading talents...
[2023-08-27T09:28:26.299+0000] {dag_etl.py:92} INFO - Complete load drones: 0:00:01.375733
[2023-08-27T09:28:26.299+0000] {dag_etl.py:94} INFO - Loading expert_items...
[2023-08-27T09:28:27.103+0000] {dag_etl.py:97} INFO - Complete load drones: 0:00:00.804573
[2023-08-27T09:28:27.104+0000] {dag_etl.py:99} INFO - Complete ETL Users in : 0:00:19.681858
[2023-08-27T09:28:27.130+0000] {python.py:194} INFO - Done. Returned value was: None
[2023-08-27T09:28:27.160+0000] {taskinstance.py:1400} INFO - Marking task as SUCCESS. dag_id=gaas_etl_1, task_id=etl_user, execution_date=20230827T092700, start_date=20230827T092806, end_date=20230827T092827
[2023-08-27T09:28:27.254+0000] {local_task_job_runner.py:228} INFO - Task exited with return code 0
[2023-08-27T09:28:27.281+0000] {taskinstance.py:2784} INFO - 0 downstream tasks scheduled from follow-on schedule check
