[2023-08-27T20:45:08.204+0000] {taskinstance.py:1159} INFO - Dependencies all met for dep_context=non-requeueable deps ti=<TaskInstance: gaas_etl_1.etl_user scheduled__2023-08-27T20:44:00+00:00 [queued]>
[2023-08-27T20:45:08.243+0000] {taskinstance.py:1159} INFO - Dependencies all met for dep_context=requeueable deps ti=<TaskInstance: gaas_etl_1.etl_user scheduled__2023-08-27T20:44:00+00:00 [queued]>
[2023-08-27T20:45:08.244+0000] {taskinstance.py:1361} INFO - Starting attempt 1 of 1
[2023-08-27T20:45:08.301+0000] {taskinstance.py:1382} INFO - Executing <Task(PythonOperator): etl_user> on 2023-08-27 20:44:00+00:00
[2023-08-27T20:45:08.314+0000] {standard_task_runner.py:57} INFO - Started process 456541 to run task
[2023-08-27T20:45:08.338+0000] {standard_task_runner.py:84} INFO - Running: ['airflow', 'tasks', 'run', 'gaas_etl_1', 'etl_user', 'scheduled__2023-08-27T20:44:00+00:00', '--job-id', '7326', '--raw', '--subdir', 'DAGS_FOLDER/dag_etl.py', '--cfg-path', '/tmp/tmpn5eytamo']
[2023-08-27T20:45:08.344+0000] {standard_task_runner.py:85} INFO - Job 7326: Subtask etl_user
[2023-08-27T20:45:08.921+0000] {task_command.py:415} INFO - Running <TaskInstance: gaas_etl_1.etl_user scheduled__2023-08-27T20:44:00+00:00 [running]> on host data-system.us-central1-a.c.data-system-392010.internal
[2023-08-27T20:45:09.835+0000] {taskinstance.py:1660} INFO - Exporting env vars: AIRFLOW_CTX_DAG_EMAIL='hungnm15012002@gmail.com' AIRFLOW_CTX_DAG_OWNER='hungnm' AIRFLOW_CTX_DAG_ID='gaas_etl_1' AIRFLOW_CTX_TASK_ID='etl_user' AIRFLOW_CTX_EXECUTION_DATE='2023-08-27T20:44:00+00:00' AIRFLOW_CTX_TRY_NUMBER='1' AIRFLOW_CTX_DAG_RUN_ID='scheduled__2023-08-27T20:44:00+00:00'
[2023-08-27T20:45:09.855+0000] {dag_etl.py:28} INFO - Extracting user...
[2023-08-27T20:45:18.362+0000] {extract.py:36} INFO - Request time: 0:00:08.505927
[2023-08-27T20:45:19.059+0000] {extract.py:42} INFO - Create DataFrame time: 0:00:00.696034
[2023-08-27T20:45:19.066+0000] {dag_etl.py:31} INFO - Complete extract user: 0:00:09.210287
[2023-08-27T20:45:19.067+0000] {dag_etl.py:33} INFO - Extracting resource...
[2023-08-27T20:45:24.806+0000] {extract.py:36} INFO - Request time: 0:00:05.738800
[2023-08-27T20:45:24.873+0000] {extract.py:42} INFO - Create DataFrame time: 0:00:00.065930
[2023-08-27T20:45:24.877+0000] {dag_etl.py:36} INFO - Complete extract resource: 0:00:05.811419
[2023-08-27T20:45:24.879+0000] {dag_etl.py:38} INFO - Transforming user...
[2023-08-27T20:45:25.175+0000] {dag_etl.py:42} INFO - Complete transform user: 0:00:00.298141
[2023-08-27T20:45:25.176+0000] {dag_etl.py:44} INFO - transform space_ships...
[2023-08-27T20:45:25.375+0000] {dag_etl.py:47} INFO - Complete transform space_ships: 0:00:00.199548
[2023-08-27T20:45:25.376+0000] {dag_etl.py:49} INFO - transform drones...
[2023-08-27T20:45:25.487+0000] {dag_etl.py:52} INFO - Complete transform drones: 0:00:00.112446
[2023-08-27T20:45:25.488+0000] {dag_etl.py:54} INFO - transform pilots...
[2023-08-27T20:45:25.578+0000] {dag_etl.py:57} INFO - Complete transform pilots: 0:00:00.090646
[2023-08-27T20:45:25.578+0000] {dag_etl.py:59} INFO - transform talents...
[2023-08-27T20:45:25.624+0000] {dag_etl.py:62} INFO - Complete transform talents: 0:00:00.046484
[2023-08-27T20:45:25.625+0000] {dag_etl.py:64} INFO - transform expert_items...
[2023-08-27T20:45:25.672+0000] {dag_etl.py:67} INFO - Complete transform expert_items: 0:00:00.047305
[2023-08-27T20:45:25.672+0000] {dag_etl.py:69} INFO - Loading user...
[2023-08-27T20:45:27.694+0000] {dag_etl.py:72} INFO - Complete load user: 0:00:02.022621
[2023-08-27T20:45:27.695+0000] {dag_etl.py:74} INFO - Loading space_ships...
[2023-08-27T20:45:30.231+0000] {dag_etl.py:77} INFO - Complete load space_ships: 0:00:02.536807
[2023-08-27T20:45:30.232+0000] {dag_etl.py:79} INFO - Loading drones...
[2023-08-27T20:45:32.119+0000] {dag_etl.py:82} INFO - Complete load drones: 0:00:01.887838
[2023-08-27T20:45:32.119+0000] {dag_etl.py:84} INFO - Loading pilots...
[2023-08-27T20:45:34.806+0000] {dag_etl.py:87} INFO - Complete load drones: 0:00:02.687609
[2023-08-27T20:45:34.807+0000] {dag_etl.py:89} INFO - Loading talents...
[2023-08-27T20:45:36.314+0000] {dag_etl.py:92} INFO - Complete load drones: 0:00:01.507210
[2023-08-27T20:45:36.314+0000] {dag_etl.py:94} INFO - Loading expert_items...
[2023-08-27T20:45:37.772+0000] {dag_etl.py:97} INFO - Complete load drones: 0:00:01.458071
[2023-08-27T20:45:37.772+0000] {dag_etl.py:99} INFO - Complete ETL Users in : 0:00:27.917070
[2023-08-27T20:45:37.860+0000] {python.py:194} INFO - Done. Returned value was: None
[2023-08-27T20:45:37.890+0000] {taskinstance.py:1400} INFO - Marking task as SUCCESS. dag_id=gaas_etl_1, task_id=etl_user, execution_date=20230827T204400, start_date=20230827T204508, end_date=20230827T204537
[2023-08-27T20:45:37.986+0000] {local_task_job_runner.py:228} INFO - Task exited with return code 0
[2023-08-27T20:45:38.038+0000] {taskinstance.py:2784} INFO - 0 downstream tasks scheduled from follow-on schedule check
