[2023-08-26T15:55:04.799+0000] {taskinstance.py:1159} INFO - Dependencies all met for dep_context=non-requeueable deps ti=<TaskInstance: gaas_etl_1.etl_event scheduled__2023-08-26T15:54:00+00:00 [queued]>
[2023-08-26T15:55:04.814+0000] {taskinstance.py:1159} INFO - Dependencies all met for dep_context=requeueable deps ti=<TaskInstance: gaas_etl_1.etl_event scheduled__2023-08-26T15:54:00+00:00 [queued]>
[2023-08-26T15:55:04.815+0000] {taskinstance.py:1361} INFO - Starting attempt 1 of 1
[2023-08-26T15:55:04.842+0000] {taskinstance.py:1382} INFO - Executing <Task(PythonOperator): etl_event> on 2023-08-26 15:54:00+00:00
[2023-08-26T15:55:04.853+0000] {standard_task_runner.py:57} INFO - Started process 319626 to run task
[2023-08-26T15:55:04.866+0000] {standard_task_runner.py:84} INFO - Running: ['airflow', 'tasks', 'run', 'gaas_etl_1', 'etl_event', 'scheduled__2023-08-26T15:54:00+00:00', '--job-id', '2134', '--raw', '--subdir', 'DAGS_FOLDER/dag_etl.py', '--cfg-path', '/tmp/tmphn3qu1t6']
[2023-08-26T15:55:04.872+0000] {standard_task_runner.py:85} INFO - Job 2134: Subtask etl_event
[2023-08-26T15:55:05.095+0000] {task_command.py:415} INFO - Running <TaskInstance: gaas_etl_1.etl_event scheduled__2023-08-26T15:54:00+00:00 [running]> on host data-system.us-central1-a.c.data-system-392010.internal
[2023-08-26T15:55:05.703+0000] {taskinstance.py:1660} INFO - Exporting env vars: AIRFLOW_CTX_DAG_EMAIL='hungnm15012002@gmail.com' AIRFLOW_CTX_DAG_OWNER='hungnm' AIRFLOW_CTX_DAG_ID='gaas_etl_1' AIRFLOW_CTX_TASK_ID='etl_event' AIRFLOW_CTX_EXECUTION_DATE='2023-08-26T15:54:00+00:00' AIRFLOW_CTX_TRY_NUMBER='1' AIRFLOW_CTX_DAG_RUN_ID='scheduled__2023-08-26T15:54:00+00:00'
[2023-08-26T15:55:05.725+0000] {dag_etl.py:116} INFO - Extracting event...
[2023-08-26T15:55:06.024+0000] {extract.py:36} INFO - Request time: 0:00:00.298718
[2023-08-26T15:55:06.029+0000] {extract.py:42} INFO - Create DataFrame time: 0:00:00.004167
[2023-08-26T15:55:06.030+0000] {dag_etl.py:119} INFO - Complete extract event: 0:00:00.305357
[2023-08-26T15:55:06.031+0000] {dag_etl.py:121} INFO - Transforming action...
[2023-08-26T15:55:06.032+0000] {dag_etl.py:124} INFO - Complete transform action: 0:00:00.001572
[2023-08-26T15:55:06.032+0000] {dag_etl.py:126} INFO - Transforming transaction...
[2023-08-26T15:55:06.032+0000] {dag_etl.py:129} INFO - Complete transform transaction: 0:00:00.000823
[2023-08-26T15:55:06.033+0000] {dag_etl.py:131} INFO - Loading action...
[2023-08-26T15:55:06.033+0000] {dag_etl.py:134} INFO - Complete load action: 0:00:00.000655
[2023-08-26T15:55:06.033+0000] {dag_etl.py:136} INFO - Loading transaction...
[2023-08-26T15:55:06.034+0000] {dag_etl.py:139} INFO - Complete load transaction: 0:00:00.000486
[2023-08-26T15:55:06.034+0000] {dag_etl.py:141} INFO - Complete ETL Events in : 0:00:00.309075
[2023-08-26T15:55:06.034+0000] {python.py:194} INFO - Done. Returned value was: None
[2023-08-26T15:55:06.046+0000] {taskinstance.py:1400} INFO - Marking task as SUCCESS. dag_id=gaas_etl_1, task_id=etl_event, execution_date=20230826T155400, start_date=20230826T155504, end_date=20230826T155506
[2023-08-26T15:55:06.080+0000] {local_task_job_runner.py:228} INFO - Task exited with return code 0
[2023-08-26T15:55:06.104+0000] {taskinstance.py:2784} INFO - 0 downstream tasks scheduled from follow-on schedule check
