[2023-08-26T06:11:04.265+0000] {taskinstance.py:1159} INFO - Dependencies all met for dep_context=non-requeueable deps ti=<TaskInstance: gaas_etl_1.etl_user scheduled__2023-08-26T06:10:00+00:00 [queued]>
[2023-08-26T06:11:04.282+0000] {taskinstance.py:1159} INFO - Dependencies all met for dep_context=requeueable deps ti=<TaskInstance: gaas_etl_1.etl_user scheduled__2023-08-26T06:10:00+00:00 [queued]>
[2023-08-26T06:11:04.282+0000] {taskinstance.py:1361} INFO - Starting attempt 1 of 1
[2023-08-26T06:11:04.309+0000] {taskinstance.py:1382} INFO - Executing <Task(PythonOperator): etl_user> on 2023-08-26 06:10:00+00:00
[2023-08-26T06:11:04.318+0000] {standard_task_runner.py:57} INFO - Started process 283766 to run task
[2023-08-26T06:11:04.335+0000] {standard_task_runner.py:84} INFO - Running: ['airflow', 'tasks', 'run', 'gaas_etl_1', 'etl_user', 'scheduled__2023-08-26T06:10:00+00:00', '--job-id', '383', '--raw', '--subdir', 'DAGS_FOLDER/dag_etl.py', '--cfg-path', '/tmp/tmp2w7jbeso']
[2023-08-26T06:11:04.341+0000] {standard_task_runner.py:85} INFO - Job 383: Subtask etl_user
[2023-08-26T06:11:04.472+0000] {task_command.py:415} INFO - Running <TaskInstance: gaas_etl_1.etl_user scheduled__2023-08-26T06:10:00+00:00 [running]> on host data-system.us-central1-a.c.data-system-392010.internal
[2023-08-26T06:11:04.661+0000] {taskinstance.py:1660} INFO - Exporting env vars: AIRFLOW_CTX_DAG_EMAIL='hungnm15012002@gmail.com' AIRFLOW_CTX_DAG_OWNER='hungnm' AIRFLOW_CTX_DAG_ID='gaas_etl_1' AIRFLOW_CTX_TASK_ID='etl_user' AIRFLOW_CTX_EXECUTION_DATE='2023-08-26T06:10:00+00:00' AIRFLOW_CTX_TRY_NUMBER='1' AIRFLOW_CTX_DAG_RUN_ID='scheduled__2023-08-26T06:10:00+00:00'
[2023-08-26T06:11:04.693+0000] {dag_etl.py:28} INFO - Extracting user...
[2023-08-26T06:11:05.972+0000] {extract.py:36} INFO - Request time: 0:00:01.278314
[2023-08-26T06:11:05.995+0000] {extract.py:42} INFO - Create DataFrame time: 0:00:00.022861
[2023-08-26T06:11:05.997+0000] {dag_etl.py:31} INFO - Complete extract user: 0:00:01.304543
[2023-08-26T06:11:05.998+0000] {dag_etl.py:33} INFO - Extracting resource...
[2023-08-26T06:11:06.737+0000] {extract.py:36} INFO - Request time: 0:00:00.739523
[2023-08-26T06:11:06.745+0000] {extract.py:42} INFO - Create DataFrame time: 0:00:00.007508
[2023-08-26T06:11:06.748+0000] {dag_etl.py:36} INFO - Complete extract resource: 0:00:00.750540
[2023-08-26T06:11:06.749+0000] {dag_etl.py:38} INFO - Transforming user...
[2023-08-26T06:11:06.783+0000] {dag_etl.py:42} INFO - Complete transform user: 0:00:00.034918
[2023-08-26T06:11:06.783+0000] {dag_etl.py:44} INFO - transform space_ships...
[2023-08-26T06:11:06.800+0000] {dag_etl.py:47} INFO - Complete transform space_ships: 0:00:00.016954
[2023-08-26T06:11:06.800+0000] {dag_etl.py:49} INFO - transform drones...
[2023-08-26T06:11:06.812+0000] {dag_etl.py:52} INFO - Complete transform drones: 0:00:00.012643
[2023-08-26T06:11:06.813+0000] {dag_etl.py:54} INFO - transform pilots...
[2023-08-26T06:11:06.821+0000] {dag_etl.py:57} INFO - Complete transform pilots: 0:00:00.008658
[2023-08-26T06:11:06.821+0000] {dag_etl.py:59} INFO - transform talents...
[2023-08-26T06:11:06.827+0000] {dag_etl.py:62} INFO - Complete transform talents: 0:00:00.006329
[2023-08-26T06:11:06.828+0000] {dag_etl.py:64} INFO - transform expert_items...
[2023-08-26T06:11:06.834+0000] {dag_etl.py:67} INFO - Complete transform expert_items: 0:00:00.006722
[2023-08-26T06:11:06.834+0000] {dag_etl.py:69} INFO - Loading user...
[2023-08-26T06:11:06.850+0000] {dag_etl.py:72} INFO - Complete load user: 0:00:00.015994
[2023-08-26T06:11:06.850+0000] {dag_etl.py:74} INFO - Loading space_ships...
[2023-08-26T06:11:06.870+0000] {dag_etl.py:77} INFO - Complete load space_ships: 0:00:00.020356
[2023-08-26T06:11:06.871+0000] {dag_etl.py:79} INFO - Loading drones...
[2023-08-26T06:11:06.884+0000] {dag_etl.py:82} INFO - Complete load drones: 0:00:00.013270
[2023-08-26T06:11:06.884+0000] {dag_etl.py:84} INFO - Loading pilots...
[2023-08-26T06:11:06.909+0000] {dag_etl.py:87} INFO - Complete load drones: 0:00:00.025577
[2023-08-26T06:11:06.910+0000] {dag_etl.py:89} INFO - Loading talents...
[2023-08-26T06:11:06.922+0000] {dag_etl.py:92} INFO - Complete load drones: 0:00:00.012343
[2023-08-26T06:11:06.922+0000] {dag_etl.py:94} INFO - Loading expert_items...
[2023-08-26T06:11:06.925+0000] {dag_etl.py:97} INFO - Complete load drones: 0:00:00.003704
[2023-08-26T06:11:06.926+0000] {dag_etl.py:99} INFO - Complete ETL Users in : 0:00:02.232910
[2023-08-26T06:11:06.927+0000] {python.py:194} INFO - Done. Returned value was: None
[2023-08-26T06:11:06.942+0000] {taskinstance.py:1400} INFO - Marking task as SUCCESS. dag_id=gaas_etl_1, task_id=etl_user, execution_date=20230826T061000, start_date=20230826T061104, end_date=20230826T061106
[2023-08-26T06:11:06.992+0000] {local_task_job_runner.py:228} INFO - Task exited with return code 0
[2023-08-26T06:11:07.017+0000] {taskinstance.py:2784} INFO - 0 downstream tasks scheduled from follow-on schedule check
