[2023-08-28T00:18:07.007+0000] {taskinstance.py:1159} INFO - Dependencies all met for dep_context=non-requeueable deps ti=<TaskInstance: gaas_etl_1.etl_user scheduled__2023-08-28T00:17:00+00:00 [queued]>
[2023-08-28T00:18:07.027+0000] {taskinstance.py:1159} INFO - Dependencies all met for dep_context=requeueable deps ti=<TaskInstance: gaas_etl_1.etl_user scheduled__2023-08-28T00:17:00+00:00 [queued]>
[2023-08-28T00:18:07.028+0000] {taskinstance.py:1361} INFO - Starting attempt 1 of 1
[2023-08-28T00:18:07.059+0000] {taskinstance.py:1382} INFO - Executing <Task(PythonOperator): etl_user> on 2023-08-28 00:17:00+00:00
[2023-08-28T00:18:07.072+0000] {standard_task_runner.py:57} INFO - Started process 478816 to run task
[2023-08-28T00:18:07.081+0000] {standard_task_runner.py:84} INFO - Running: ['airflow', 'tasks', 'run', 'gaas_etl_1', 'etl_user', 'scheduled__2023-08-28T00:17:00+00:00', '--job-id', '7965', '--raw', '--subdir', 'DAGS_FOLDER/dag_etl.py', '--cfg-path', '/tmp/tmpwimuu8m_']
[2023-08-28T00:18:07.087+0000] {standard_task_runner.py:85} INFO - Job 7965: Subtask etl_user
[2023-08-28T00:18:08.136+0000] {task_command.py:415} INFO - Running <TaskInstance: gaas_etl_1.etl_user scheduled__2023-08-28T00:17:00+00:00 [running]> on host data-system.us-central1-a.c.data-system-392010.internal
[2023-08-28T00:18:08.693+0000] {taskinstance.py:1660} INFO - Exporting env vars: AIRFLOW_CTX_DAG_EMAIL='hungnm15012002@gmail.com' AIRFLOW_CTX_DAG_OWNER='hungnm' AIRFLOW_CTX_DAG_ID='gaas_etl_1' AIRFLOW_CTX_TASK_ID='etl_user' AIRFLOW_CTX_EXECUTION_DATE='2023-08-28T00:17:00+00:00' AIRFLOW_CTX_TRY_NUMBER='1' AIRFLOW_CTX_DAG_RUN_ID='scheduled__2023-08-28T00:17:00+00:00'
[2023-08-28T00:18:08.710+0000] {dag_etl.py:28} INFO - Extracting user...
[2023-08-28T00:18:21.018+0000] {extract.py:36} INFO - Request time: 0:00:12.307938
[2023-08-28T00:18:21.353+0000] {extract.py:42} INFO - Create DataFrame time: 0:00:00.333806
[2023-08-28T00:18:21.359+0000] {dag_etl.py:31} INFO - Complete extract user: 0:00:12.648708
[2023-08-28T00:18:21.360+0000] {dag_etl.py:33} INFO - Extracting resource...
[2023-08-28T00:18:31.042+0000] {extract.py:36} INFO - Request time: 0:00:09.682369
[2023-08-28T00:18:31.110+0000] {extract.py:42} INFO - Create DataFrame time: 0:00:00.067039
[2023-08-28T00:18:31.123+0000] {dag_etl.py:36} INFO - Complete extract resource: 0:00:09.764539
[2023-08-28T00:18:31.124+0000] {dag_etl.py:38} INFO - Transforming user...
[2023-08-28T00:18:31.405+0000] {dag_etl.py:42} INFO - Complete transform user: 0:00:00.282206
[2023-08-28T00:18:31.406+0000] {dag_etl.py:44} INFO - transform space_ships...
[2023-08-28T00:18:31.495+0000] {dag_etl.py:47} INFO - Complete transform space_ships: 0:00:00.090139
[2023-08-28T00:18:31.496+0000] {dag_etl.py:49} INFO - transform drones...
[2023-08-28T00:18:31.601+0000] {dag_etl.py:52} INFO - Complete transform drones: 0:00:00.105359
[2023-08-28T00:18:31.601+0000] {dag_etl.py:54} INFO - transform pilots...
[2023-08-28T00:18:31.685+0000] {dag_etl.py:57} INFO - Complete transform pilots: 0:00:00.083946
[2023-08-28T00:18:31.685+0000] {dag_etl.py:59} INFO - transform talents...
[2023-08-28T00:18:31.735+0000] {dag_etl.py:62} INFO - Complete transform talents: 0:00:00.050182
[2023-08-28T00:18:31.735+0000] {dag_etl.py:64} INFO - transform expert_items...
[2023-08-28T00:18:31.772+0000] {dag_etl.py:67} INFO - Complete transform expert_items: 0:00:00.037164
[2023-08-28T00:18:31.773+0000] {dag_etl.py:69} INFO - Loading user...
[2023-08-28T00:18:32.348+0000] {dag_etl.py:72} INFO - Complete load user: 0:00:00.575573
[2023-08-28T00:18:32.349+0000] {dag_etl.py:74} INFO - Loading space_ships...
[2023-08-28T00:18:33.182+0000] {dag_etl.py:77} INFO - Complete load space_ships: 0:00:00.834087
[2023-08-28T00:18:33.182+0000] {dag_etl.py:79} INFO - Loading drones...
[2023-08-28T00:18:33.757+0000] {dag_etl.py:82} INFO - Complete load drones: 0:00:00.575646
[2023-08-28T00:18:33.758+0000] {dag_etl.py:84} INFO - Loading pilots...
[2023-08-28T00:18:34.844+0000] {dag_etl.py:87} INFO - Complete load drones: 0:00:01.086150
[2023-08-28T00:18:34.844+0000] {dag_etl.py:89} INFO - Loading talents...
[2023-08-28T00:18:35.507+0000] {dag_etl.py:92} INFO - Complete load drones: 0:00:00.662942
[2023-08-28T00:18:35.507+0000] {dag_etl.py:94} INFO - Loading expert_items...
[2023-08-28T00:18:36.007+0000] {dag_etl.py:97} INFO - Complete load drones: 0:00:00.500585
[2023-08-28T00:18:36.008+0000] {dag_etl.py:99} INFO - Complete ETL Users in : 0:00:27.297657
[2023-08-28T00:18:36.017+0000] {python.py:194} INFO - Done. Returned value was: None
[2023-08-28T00:18:36.036+0000] {taskinstance.py:1400} INFO - Marking task as SUCCESS. dag_id=gaas_etl_1, task_id=etl_user, execution_date=20230828T001700, start_date=20230828T001807, end_date=20230828T001836
[2023-08-28T00:18:36.089+0000] {local_task_job_runner.py:228} INFO - Task exited with return code 0
[2023-08-28T00:18:36.119+0000] {taskinstance.py:2784} INFO - 0 downstream tasks scheduled from follow-on schedule check
