[2023-08-27T12:45:06.629+0000] {taskinstance.py:1159} INFO - Dependencies all met for dep_context=non-requeueable deps ti=<TaskInstance: gaas_etl_1.etl_user scheduled__2023-08-27T12:44:00+00:00 [queued]>
[2023-08-27T12:45:06.644+0000] {taskinstance.py:1159} INFO - Dependencies all met for dep_context=requeueable deps ti=<TaskInstance: gaas_etl_1.etl_user scheduled__2023-08-27T12:44:00+00:00 [queued]>
[2023-08-27T12:45:06.645+0000] {taskinstance.py:1361} INFO - Starting attempt 1 of 1
[2023-08-27T12:45:06.689+0000] {taskinstance.py:1382} INFO - Executing <Task(PythonOperator): etl_user> on 2023-08-27 12:44:00+00:00
[2023-08-27T12:45:06.699+0000] {standard_task_runner.py:57} INFO - Started process 406022 to run task
[2023-08-27T12:45:06.719+0000] {standard_task_runner.py:84} INFO - Running: ['airflow', 'tasks', 'run', 'gaas_etl_1', 'etl_user', 'scheduled__2023-08-27T12:44:00+00:00', '--job-id', '5886', '--raw', '--subdir', 'DAGS_FOLDER/dag_etl.py', '--cfg-path', '/tmp/tmpqcppfkor']
[2023-08-27T12:45:06.727+0000] {standard_task_runner.py:85} INFO - Job 5886: Subtask etl_user
[2023-08-27T12:45:07.438+0000] {task_command.py:415} INFO - Running <TaskInstance: gaas_etl_1.etl_user scheduled__2023-08-27T12:44:00+00:00 [running]> on host data-system.us-central1-a.c.data-system-392010.internal
[2023-08-27T12:45:08.043+0000] {taskinstance.py:1660} INFO - Exporting env vars: AIRFLOW_CTX_DAG_EMAIL='hungnm15012002@gmail.com' AIRFLOW_CTX_DAG_OWNER='hungnm' AIRFLOW_CTX_DAG_ID='gaas_etl_1' AIRFLOW_CTX_TASK_ID='etl_user' AIRFLOW_CTX_EXECUTION_DATE='2023-08-27T12:44:00+00:00' AIRFLOW_CTX_TRY_NUMBER='1' AIRFLOW_CTX_DAG_RUN_ID='scheduled__2023-08-27T12:44:00+00:00'
[2023-08-27T12:45:08.062+0000] {dag_etl.py:28} INFO - Extracting user...
[2023-08-27T12:45:19.053+0000] {extract.py:36} INFO - Request time: 0:00:10.990604
[2023-08-27T12:45:19.600+0000] {extract.py:42} INFO - Create DataFrame time: 0:00:00.547257
[2023-08-27T12:45:19.605+0000] {dag_etl.py:31} INFO - Complete extract user: 0:00:11.543012
[2023-08-27T12:45:19.607+0000] {dag_etl.py:33} INFO - Extracting resource...
[2023-08-27T12:45:24.566+0000] {extract.py:36} INFO - Request time: 0:00:04.958701
[2023-08-27T12:45:24.644+0000] {extract.py:42} INFO - Create DataFrame time: 0:00:00.077031
[2023-08-27T12:45:24.647+0000] {dag_etl.py:36} INFO - Complete extract resource: 0:00:05.042404
[2023-08-27T12:45:24.649+0000] {dag_etl.py:38} INFO - Transforming user...
[2023-08-27T12:45:24.850+0000] {dag_etl.py:42} INFO - Complete transform user: 0:00:00.202804
[2023-08-27T12:45:24.851+0000] {dag_etl.py:44} INFO - transform space_ships...
[2023-08-27T12:45:25.001+0000] {dag_etl.py:47} INFO - Complete transform space_ships: 0:00:00.151556
[2023-08-27T12:45:25.002+0000] {dag_etl.py:49} INFO - transform drones...
[2023-08-27T12:45:25.107+0000] {dag_etl.py:52} INFO - Complete transform drones: 0:00:00.105627
[2023-08-27T12:45:25.108+0000] {dag_etl.py:54} INFO - transform pilots...
[2023-08-27T12:45:25.177+0000] {dag_etl.py:57} INFO - Complete transform pilots: 0:00:00.070002
[2023-08-27T12:45:25.178+0000] {dag_etl.py:59} INFO - transform talents...
[2023-08-27T12:45:25.213+0000] {dag_etl.py:62} INFO - Complete transform talents: 0:00:00.036334
[2023-08-27T12:45:25.214+0000] {dag_etl.py:64} INFO - transform expert_items...
[2023-08-27T12:45:25.247+0000] {dag_etl.py:67} INFO - Complete transform expert_items: 0:00:00.033405
[2023-08-27T12:45:25.247+0000] {dag_etl.py:69} INFO - Loading user...
[2023-08-27T12:45:26.404+0000] {dag_etl.py:72} INFO - Complete load user: 0:00:01.157614
[2023-08-27T12:45:26.405+0000] {dag_etl.py:74} INFO - Loading space_ships...
[2023-08-27T12:45:27.873+0000] {dag_etl.py:77} INFO - Complete load space_ships: 0:00:01.468630
[2023-08-27T12:45:27.874+0000] {dag_etl.py:79} INFO - Loading drones...
[2023-08-27T12:45:29.273+0000] {dag_etl.py:82} INFO - Complete load drones: 0:00:01.400195
[2023-08-27T12:45:29.274+0000] {dag_etl.py:84} INFO - Loading pilots...
[2023-08-27T12:45:31.250+0000] {dag_etl.py:87} INFO - Complete load drones: 0:00:01.976354
[2023-08-27T12:45:31.250+0000] {dag_etl.py:89} INFO - Loading talents...
[2023-08-27T12:45:32.461+0000] {dag_etl.py:92} INFO - Complete load drones: 0:00:01.211132
[2023-08-27T12:45:32.461+0000] {dag_etl.py:94} INFO - Loading expert_items...
[2023-08-27T12:45:33.248+0000] {dag_etl.py:97} INFO - Complete load drones: 0:00:00.787801
[2023-08-27T12:45:33.249+0000] {dag_etl.py:99} INFO - Complete ETL Users in : 0:00:25.187453
[2023-08-27T12:45:33.269+0000] {python.py:194} INFO - Done. Returned value was: None
[2023-08-27T12:45:33.289+0000] {taskinstance.py:1400} INFO - Marking task as SUCCESS. dag_id=gaas_etl_1, task_id=etl_user, execution_date=20230827T124400, start_date=20230827T124506, end_date=20230827T124533
[2023-08-27T12:45:33.385+0000] {local_task_job_runner.py:228} INFO - Task exited with return code 0
[2023-08-27T12:45:33.417+0000] {taskinstance.py:2784} INFO - 0 downstream tasks scheduled from follow-on schedule check
