[2023-08-26T09:23:03.377+0000] {taskinstance.py:1159} INFO - Dependencies all met for dep_context=non-requeueable deps ti=<TaskInstance: gaas_etl_1.etl_user scheduled__2023-08-26T09:22:00+00:00 [queued]>
[2023-08-26T09:23:03.396+0000] {taskinstance.py:1159} INFO - Dependencies all met for dep_context=requeueable deps ti=<TaskInstance: gaas_etl_1.etl_user scheduled__2023-08-26T09:22:00+00:00 [queued]>
[2023-08-26T09:23:03.397+0000] {taskinstance.py:1361} INFO - Starting attempt 1 of 1
[2023-08-26T09:23:03.427+0000] {taskinstance.py:1382} INFO - Executing <Task(PythonOperator): etl_user> on 2023-08-26 09:22:00+00:00
[2023-08-26T09:23:03.435+0000] {standard_task_runner.py:57} INFO - Started process 293275 to run task
[2023-08-26T09:23:03.451+0000] {standard_task_runner.py:84} INFO - Running: ['airflow', 'tasks', 'run', 'gaas_etl_1', 'etl_user', 'scheduled__2023-08-26T09:22:00+00:00', '--job-id', '958', '--raw', '--subdir', 'DAGS_FOLDER/dag_etl.py', '--cfg-path', '/tmp/tmp51wi05t4']
[2023-08-26T09:23:03.457+0000] {standard_task_runner.py:85} INFO - Job 958: Subtask etl_user
[2023-08-26T09:23:03.628+0000] {task_command.py:415} INFO - Running <TaskInstance: gaas_etl_1.etl_user scheduled__2023-08-26T09:22:00+00:00 [running]> on host data-system.us-central1-a.c.data-system-392010.internal
[2023-08-26T09:23:03.845+0000] {taskinstance.py:1660} INFO - Exporting env vars: AIRFLOW_CTX_DAG_EMAIL='hungnm15012002@gmail.com' AIRFLOW_CTX_DAG_OWNER='hungnm' AIRFLOW_CTX_DAG_ID='gaas_etl_1' AIRFLOW_CTX_TASK_ID='etl_user' AIRFLOW_CTX_EXECUTION_DATE='2023-08-26T09:22:00+00:00' AIRFLOW_CTX_TRY_NUMBER='1' AIRFLOW_CTX_DAG_RUN_ID='scheduled__2023-08-26T09:22:00+00:00'
[2023-08-26T09:23:03.869+0000] {dag_etl.py:28} INFO - Extracting user...
[2023-08-26T09:23:05.413+0000] {extract.py:36} INFO - Request time: 0:00:01.542933
[2023-08-26T09:23:05.454+0000] {extract.py:42} INFO - Create DataFrame time: 0:00:00.040077
[2023-08-26T09:23:05.456+0000] {dag_etl.py:31} INFO - Complete extract user: 0:00:01.586443
[2023-08-26T09:23:05.456+0000] {dag_etl.py:33} INFO - Extracting resource...
[2023-08-26T09:23:06.460+0000] {extract.py:36} INFO - Request time: 0:00:01.003376
[2023-08-26T09:23:06.467+0000] {extract.py:42} INFO - Create DataFrame time: 0:00:00.006720
[2023-08-26T09:23:06.469+0000] {dag_etl.py:36} INFO - Complete extract resource: 0:00:01.012868
[2023-08-26T09:23:06.469+0000] {dag_etl.py:38} INFO - Transforming user...
[2023-08-26T09:23:06.508+0000] {dag_etl.py:42} INFO - Complete transform user: 0:00:00.039391
[2023-08-26T09:23:06.508+0000] {dag_etl.py:44} INFO - transform space_ships...
[2023-08-26T09:23:06.528+0000] {dag_etl.py:47} INFO - Complete transform space_ships: 0:00:00.020115
[2023-08-26T09:23:06.528+0000] {dag_etl.py:49} INFO - transform drones...
[2023-08-26T09:23:06.540+0000] {dag_etl.py:52} INFO - Complete transform drones: 0:00:00.012319
[2023-08-26T09:23:06.541+0000] {dag_etl.py:54} INFO - transform pilots...
[2023-08-26T09:23:06.550+0000] {dag_etl.py:57} INFO - Complete transform pilots: 0:00:00.010062
[2023-08-26T09:23:06.551+0000] {dag_etl.py:59} INFO - transform talents...
[2023-08-26T09:23:06.557+0000] {dag_etl.py:62} INFO - Complete transform talents: 0:00:00.007006
[2023-08-26T09:23:06.558+0000] {dag_etl.py:64} INFO - transform expert_items...
[2023-08-26T09:23:06.564+0000] {dag_etl.py:67} INFO - Complete transform expert_items: 0:00:00.006700
[2023-08-26T09:23:06.564+0000] {dag_etl.py:69} INFO - Loading user...
[2023-08-26T09:23:06.580+0000] {dag_etl.py:72} INFO - Complete load user: 0:00:00.015384
[2023-08-26T09:23:06.580+0000] {dag_etl.py:74} INFO - Loading space_ships...
[2023-08-26T09:23:06.601+0000] {dag_etl.py:77} INFO - Complete load space_ships: 0:00:00.020953
[2023-08-26T09:23:06.601+0000] {dag_etl.py:79} INFO - Loading drones...
[2023-08-26T09:23:06.615+0000] {dag_etl.py:82} INFO - Complete load drones: 0:00:00.014984
[2023-08-26T09:23:06.616+0000] {dag_etl.py:84} INFO - Loading pilots...
[2023-08-26T09:23:06.642+0000] {dag_etl.py:87} INFO - Complete load drones: 0:00:00.026572
[2023-08-26T09:23:06.643+0000] {dag_etl.py:89} INFO - Loading talents...
[2023-08-26T09:23:06.655+0000] {dag_etl.py:92} INFO - Complete load drones: 0:00:00.012533
[2023-08-26T09:23:06.655+0000] {dag_etl.py:94} INFO - Loading expert_items...
[2023-08-26T09:23:06.659+0000] {dag_etl.py:97} INFO - Complete load drones: 0:00:00.004112
[2023-08-26T09:23:06.659+0000] {dag_etl.py:99} INFO - Complete ETL Users in : 0:00:02.789827
[2023-08-26T09:23:06.660+0000] {python.py:194} INFO - Done. Returned value was: None
[2023-08-26T09:23:06.673+0000] {taskinstance.py:1400} INFO - Marking task as SUCCESS. dag_id=gaas_etl_1, task_id=etl_user, execution_date=20230826T092200, start_date=20230826T092303, end_date=20230826T092306
[2023-08-26T09:23:06.711+0000] {local_task_job_runner.py:228} INFO - Task exited with return code 0
[2023-08-26T09:23:06.737+0000] {taskinstance.py:2784} INFO - 0 downstream tasks scheduled from follow-on schedule check
