[2023-08-26T16:15:05.127+0000] {taskinstance.py:1159} INFO - Dependencies all met for dep_context=non-requeueable deps ti=<TaskInstance: gaas_etl_1.etl_user scheduled__2023-08-26T16:14:00+00:00 [queued]>
[2023-08-26T16:15:05.143+0000] {taskinstance.py:1159} INFO - Dependencies all met for dep_context=requeueable deps ti=<TaskInstance: gaas_etl_1.etl_user scheduled__2023-08-26T16:14:00+00:00 [queued]>
[2023-08-26T16:15:05.143+0000] {taskinstance.py:1361} INFO - Starting attempt 1 of 1
[2023-08-26T16:15:05.169+0000] {taskinstance.py:1382} INFO - Executing <Task(PythonOperator): etl_user> on 2023-08-26 16:14:00+00:00
[2023-08-26T16:15:05.176+0000] {standard_task_runner.py:57} INFO - Started process 320416 to run task
[2023-08-26T16:15:05.195+0000] {standard_task_runner.py:84} INFO - Running: ['airflow', 'tasks', 'run', 'gaas_etl_1', 'etl_user', 'scheduled__2023-08-26T16:14:00+00:00', '--job-id', '2194', '--raw', '--subdir', 'DAGS_FOLDER/dag_etl.py', '--cfg-path', '/tmp/tmp7pyw99pj']
[2023-08-26T16:15:05.200+0000] {standard_task_runner.py:85} INFO - Job 2194: Subtask etl_user
[2023-08-26T16:15:05.776+0000] {task_command.py:415} INFO - Running <TaskInstance: gaas_etl_1.etl_user scheduled__2023-08-26T16:14:00+00:00 [running]> on host data-system.us-central1-a.c.data-system-392010.internal
[2023-08-26T16:15:06.039+0000] {taskinstance.py:1660} INFO - Exporting env vars: AIRFLOW_CTX_DAG_EMAIL='hungnm15012002@gmail.com' AIRFLOW_CTX_DAG_OWNER='hungnm' AIRFLOW_CTX_DAG_ID='gaas_etl_1' AIRFLOW_CTX_TASK_ID='etl_user' AIRFLOW_CTX_EXECUTION_DATE='2023-08-26T16:14:00+00:00' AIRFLOW_CTX_TRY_NUMBER='1' AIRFLOW_CTX_DAG_RUN_ID='scheduled__2023-08-26T16:14:00+00:00'
[2023-08-26T16:15:06.060+0000] {dag_etl.py:28} INFO - Extracting user...
[2023-08-26T16:15:12.682+0000] {extract.py:36} INFO - Request time: 0:00:06.622186
[2023-08-26T16:15:13.584+0000] {extract.py:42} INFO - Create DataFrame time: 0:00:00.900839
[2023-08-26T16:15:13.592+0000] {dag_etl.py:31} INFO - Complete extract user: 0:00:07.532226
[2023-08-26T16:15:13.593+0000] {dag_etl.py:33} INFO - Extracting resource...
[2023-08-26T16:15:15.953+0000] {extract.py:36} INFO - Request time: 0:00:02.360510
[2023-08-26T16:15:16.062+0000] {extract.py:42} INFO - Create DataFrame time: 0:00:00.107929
[2023-08-26T16:15:16.065+0000] {dag_etl.py:36} INFO - Complete extract resource: 0:00:02.473661
[2023-08-26T16:15:16.067+0000] {dag_etl.py:38} INFO - Transforming user...
[2023-08-26T16:15:16.452+0000] {dag_etl.py:42} INFO - Complete transform user: 0:00:00.386234
[2023-08-26T16:15:16.452+0000] {dag_etl.py:44} INFO - transform space_ships...
[2023-08-26T16:15:16.784+0000] {dag_etl.py:47} INFO - Complete transform space_ships: 0:00:00.332259
[2023-08-26T16:15:16.785+0000] {dag_etl.py:49} INFO - transform drones...
[2023-08-26T16:15:17.003+0000] {dag_etl.py:52} INFO - Complete transform drones: 0:00:00.219525
[2023-08-26T16:15:17.004+0000] {dag_etl.py:54} INFO - transform pilots...
[2023-08-26T16:15:17.156+0000] {dag_etl.py:57} INFO - Complete transform pilots: 0:00:00.152168
[2023-08-26T16:15:17.156+0000] {dag_etl.py:59} INFO - transform talents...
[2023-08-26T16:15:17.224+0000] {dag_etl.py:62} INFO - Complete transform talents: 0:00:00.068574
[2023-08-26T16:15:17.225+0000] {dag_etl.py:64} INFO - transform expert_items...
[2023-08-26T16:15:17.299+0000] {dag_etl.py:67} INFO - Complete transform expert_items: 0:00:00.075078
[2023-08-26T16:15:17.300+0000] {dag_etl.py:69} INFO - Loading user...
[2023-08-26T16:15:19.482+0000] {dag_etl.py:72} INFO - Complete load user: 0:00:02.182888
[2023-08-26T16:15:19.483+0000] {dag_etl.py:74} INFO - Loading space_ships...
[2023-08-26T16:15:23.375+0000] {dag_etl.py:77} INFO - Complete load space_ships: 0:00:03.892603
[2023-08-26T16:15:23.375+0000] {dag_etl.py:79} INFO - Loading drones...
[2023-08-26T16:15:26.792+0000] {dag_etl.py:82} INFO - Complete load drones: 0:00:03.417677
[2023-08-26T16:15:26.793+0000] {dag_etl.py:84} INFO - Loading pilots...
[2023-08-26T16:15:32.036+0000] {dag_etl.py:87} INFO - Complete load drones: 0:00:05.243483
[2023-08-26T16:15:32.037+0000] {dag_etl.py:89} INFO - Loading talents...
[2023-08-26T16:15:35.137+0000] {dag_etl.py:92} INFO - Complete load drones: 0:00:03.101007
[2023-08-26T16:15:35.138+0000] {dag_etl.py:94} INFO - Loading expert_items...
[2023-08-26T16:15:37.129+0000] {dag_etl.py:97} INFO - Complete load drones: 0:00:01.991723
[2023-08-26T16:15:37.129+0000] {dag_etl.py:99} INFO - Complete ETL Users in : 0:00:31.069957
[2023-08-26T16:15:37.174+0000] {python.py:194} INFO - Done. Returned value was: None
[2023-08-26T16:15:37.201+0000] {taskinstance.py:1400} INFO - Marking task as SUCCESS. dag_id=gaas_etl_1, task_id=etl_user, execution_date=20230826T161400, start_date=20230826T161505, end_date=20230826T161537
[2023-08-26T16:15:37.304+0000] {local_task_job_runner.py:228} INFO - Task exited with return code 0
[2023-08-26T16:15:37.356+0000] {taskinstance.py:2784} INFO - 0 downstream tasks scheduled from follow-on schedule check
