[2023-08-26T23:02:04.814+0000] {taskinstance.py:1159} INFO - Dependencies all met for dep_context=non-requeueable deps ti=<TaskInstance: gaas_etl_1.etl_user scheduled__2023-08-26T23:01:00+00:00 [queued]>
[2023-08-26T23:02:04.832+0000] {taskinstance.py:1159} INFO - Dependencies all met for dep_context=requeueable deps ti=<TaskInstance: gaas_etl_1.etl_user scheduled__2023-08-26T23:01:00+00:00 [queued]>
[2023-08-26T23:02:04.832+0000] {taskinstance.py:1361} INFO - Starting attempt 1 of 1
[2023-08-26T23:02:04.860+0000] {taskinstance.py:1382} INFO - Executing <Task(PythonOperator): etl_user> on 2023-08-26 23:01:00+00:00
[2023-08-26T23:02:04.869+0000] {standard_task_runner.py:57} INFO - Started process 336449 to run task
[2023-08-26T23:02:04.888+0000] {standard_task_runner.py:84} INFO - Running: ['airflow', 'tasks', 'run', 'gaas_etl_1', 'etl_user', 'scheduled__2023-08-26T23:01:00+00:00', '--job-id', '3415', '--raw', '--subdir', 'DAGS_FOLDER/dag_etl.py', '--cfg-path', '/tmp/tmphwwcavp6']
[2023-08-26T23:02:04.893+0000] {standard_task_runner.py:85} INFO - Job 3415: Subtask etl_user
[2023-08-26T23:02:05.189+0000] {task_command.py:415} INFO - Running <TaskInstance: gaas_etl_1.etl_user scheduled__2023-08-26T23:01:00+00:00 [running]> on host data-system.us-central1-a.c.data-system-392010.internal
[2023-08-26T23:02:05.606+0000] {taskinstance.py:1660} INFO - Exporting env vars: AIRFLOW_CTX_DAG_EMAIL='hungnm15012002@gmail.com' AIRFLOW_CTX_DAG_OWNER='hungnm' AIRFLOW_CTX_DAG_ID='gaas_etl_1' AIRFLOW_CTX_TASK_ID='etl_user' AIRFLOW_CTX_EXECUTION_DATE='2023-08-26T23:01:00+00:00' AIRFLOW_CTX_TRY_NUMBER='1' AIRFLOW_CTX_DAG_RUN_ID='scheduled__2023-08-26T23:01:00+00:00'
[2023-08-26T23:02:05.630+0000] {dag_etl.py:28} INFO - Extracting user...
[2023-08-26T23:02:09.013+0000] {extract.py:36} INFO - Request time: 0:00:03.381720
[2023-08-26T23:02:09.180+0000] {extract.py:42} INFO - Create DataFrame time: 0:00:00.167027
[2023-08-26T23:02:09.183+0000] {dag_etl.py:31} INFO - Complete extract user: 0:00:03.553101
[2023-08-26T23:02:09.184+0000] {dag_etl.py:33} INFO - Extracting resource...
[2023-08-26T23:02:10.963+0000] {extract.py:36} INFO - Request time: 0:00:01.778766
[2023-08-26T23:02:11.285+0000] {extract.py:42} INFO - Create DataFrame time: 0:00:00.320919
[2023-08-26T23:02:11.287+0000] {dag_etl.py:36} INFO - Complete extract resource: 0:00:02.104106
[2023-08-26T23:02:11.289+0000] {dag_etl.py:38} INFO - Transforming user...
[2023-08-26T23:02:11.446+0000] {dag_etl.py:42} INFO - Complete transform user: 0:00:00.158736
[2023-08-26T23:02:11.447+0000] {dag_etl.py:44} INFO - transform space_ships...
[2023-08-26T23:02:11.558+0000] {dag_etl.py:47} INFO - Complete transform space_ships: 0:00:00.111712
[2023-08-26T23:02:11.559+0000] {dag_etl.py:49} INFO - transform drones...
[2023-08-26T23:02:11.640+0000] {dag_etl.py:52} INFO - Complete transform drones: 0:00:00.081834
[2023-08-26T23:02:11.640+0000] {dag_etl.py:54} INFO - transform pilots...
[2023-08-26T23:02:11.759+0000] {dag_etl.py:57} INFO - Complete transform pilots: 0:00:00.118757
[2023-08-26T23:02:11.759+0000] {dag_etl.py:59} INFO - transform talents...
[2023-08-26T23:02:11.786+0000] {dag_etl.py:62} INFO - Complete transform talents: 0:00:00.027587
[2023-08-26T23:02:11.787+0000] {dag_etl.py:64} INFO - transform expert_items...
[2023-08-26T23:02:11.811+0000] {dag_etl.py:67} INFO - Complete transform expert_items: 0:00:00.024569
[2023-08-26T23:02:11.811+0000] {dag_etl.py:69} INFO - Loading user...
[2023-08-26T23:02:12.609+0000] {dag_etl.py:72} INFO - Complete load user: 0:00:00.798114
[2023-08-26T23:02:12.609+0000] {dag_etl.py:74} INFO - Loading space_ships...
[2023-08-26T23:02:13.632+0000] {dag_etl.py:77} INFO - Complete load space_ships: 0:00:01.023148
[2023-08-26T23:02:13.633+0000] {dag_etl.py:79} INFO - Loading drones...
[2023-08-26T23:02:14.597+0000] {dag_etl.py:82} INFO - Complete load drones: 0:00:00.965311
[2023-08-26T23:02:14.598+0000] {dag_etl.py:84} INFO - Loading pilots...
[2023-08-26T23:02:16.478+0000] {dag_etl.py:87} INFO - Complete load drones: 0:00:01.880592
[2023-08-26T23:02:16.478+0000] {dag_etl.py:89} INFO - Loading talents...
[2023-08-26T23:02:17.549+0000] {dag_etl.py:92} INFO - Complete load drones: 0:00:01.071328
[2023-08-26T23:02:17.550+0000] {dag_etl.py:94} INFO - Loading expert_items...
[2023-08-26T23:02:18.260+0000] {dag_etl.py:97} INFO - Complete load drones: 0:00:00.710717
[2023-08-26T23:02:18.260+0000] {dag_etl.py:99} INFO - Complete ETL Users in : 0:00:12.630183
[2023-08-26T23:02:18.292+0000] {python.py:194} INFO - Done. Returned value was: None
[2023-08-26T23:02:18.340+0000] {taskinstance.py:1400} INFO - Marking task as SUCCESS. dag_id=gaas_etl_1, task_id=etl_user, execution_date=20230826T230100, start_date=20230826T230204, end_date=20230826T230218
[2023-08-26T23:02:18.489+0000] {local_task_job_runner.py:228} INFO - Task exited with return code 0
[2023-08-26T23:02:18.573+0000] {taskinstance.py:2784} INFO - 0 downstream tasks scheduled from follow-on schedule check
