[2023-08-26T16:54:03.704+0000] {taskinstance.py:1159} INFO - Dependencies all met for dep_context=non-requeueable deps ti=<TaskInstance: gaas_etl_1.etl_user scheduled__2023-08-26T16:53:00+00:00 [queued]>
[2023-08-26T16:54:03.720+0000] {taskinstance.py:1159} INFO - Dependencies all met for dep_context=requeueable deps ti=<TaskInstance: gaas_etl_1.etl_user scheduled__2023-08-26T16:53:00+00:00 [queued]>
[2023-08-26T16:54:03.720+0000] {taskinstance.py:1361} INFO - Starting attempt 1 of 1
[2023-08-26T16:54:03.747+0000] {taskinstance.py:1382} INFO - Executing <Task(PythonOperator): etl_user> on 2023-08-26 16:53:00+00:00
[2023-08-26T16:54:03.757+0000] {standard_task_runner.py:57} INFO - Started process 321963 to run task
[2023-08-26T16:54:03.782+0000] {standard_task_runner.py:84} INFO - Running: ['airflow', 'tasks', 'run', 'gaas_etl_1', 'etl_user', 'scheduled__2023-08-26T16:53:00+00:00', '--job-id', '2311', '--raw', '--subdir', 'DAGS_FOLDER/dag_etl.py', '--cfg-path', '/tmp/tmpu96fkvjh']
[2023-08-26T16:54:03.791+0000] {standard_task_runner.py:85} INFO - Job 2311: Subtask etl_user
[2023-08-26T16:54:04.043+0000] {task_command.py:415} INFO - Running <TaskInstance: gaas_etl_1.etl_user scheduled__2023-08-26T16:53:00+00:00 [running]> on host data-system.us-central1-a.c.data-system-392010.internal
[2023-08-26T16:54:04.609+0000] {taskinstance.py:1660} INFO - Exporting env vars: AIRFLOW_CTX_DAG_EMAIL='hungnm15012002@gmail.com' AIRFLOW_CTX_DAG_OWNER='hungnm' AIRFLOW_CTX_DAG_ID='gaas_etl_1' AIRFLOW_CTX_TASK_ID='etl_user' AIRFLOW_CTX_EXECUTION_DATE='2023-08-26T16:53:00+00:00' AIRFLOW_CTX_TRY_NUMBER='1' AIRFLOW_CTX_DAG_RUN_ID='scheduled__2023-08-26T16:53:00+00:00'
[2023-08-26T16:54:04.634+0000] {dag_etl.py:28} INFO - Extracting user...
[2023-08-26T16:54:10.172+0000] {extract.py:36} INFO - Request time: 0:00:05.537464
[2023-08-26T16:54:10.426+0000] {extract.py:42} INFO - Create DataFrame time: 0:00:00.253562
[2023-08-26T16:54:10.429+0000] {dag_etl.py:31} INFO - Complete extract user: 0:00:05.795444
[2023-08-26T16:54:10.430+0000] {dag_etl.py:33} INFO - Extracting resource...
[2023-08-26T16:54:18.196+0000] {extract.py:36} INFO - Request time: 0:00:07.765103
[2023-08-26T16:54:18.255+0000] {extract.py:42} INFO - Create DataFrame time: 0:00:00.059210
[2023-08-26T16:54:18.258+0000] {dag_etl.py:36} INFO - Complete extract resource: 0:00:07.829305
[2023-08-26T16:54:18.260+0000] {dag_etl.py:38} INFO - Transforming user...
[2023-08-26T16:54:18.490+0000] {dag_etl.py:42} INFO - Complete transform user: 0:00:00.232024
[2023-08-26T16:54:18.491+0000] {dag_etl.py:44} INFO - transform space_ships...
[2023-08-26T16:54:18.727+0000] {dag_etl.py:47} INFO - Complete transform space_ships: 0:00:00.236906
[2023-08-26T16:54:18.728+0000] {dag_etl.py:49} INFO - transform drones...
[2023-08-26T16:54:18.850+0000] {dag_etl.py:52} INFO - Complete transform drones: 0:00:00.122483
[2023-08-26T16:54:18.850+0000] {dag_etl.py:54} INFO - transform pilots...
[2023-08-26T16:54:18.951+0000] {dag_etl.py:57} INFO - Complete transform pilots: 0:00:00.100990
[2023-08-26T16:54:18.951+0000] {dag_etl.py:59} INFO - transform talents...
[2023-08-26T16:54:19.005+0000] {dag_etl.py:62} INFO - Complete transform talents: 0:00:00.053872
[2023-08-26T16:54:19.005+0000] {dag_etl.py:64} INFO - transform expert_items...
[2023-08-26T16:54:19.046+0000] {dag_etl.py:67} INFO - Complete transform expert_items: 0:00:00.041090
[2023-08-26T16:54:19.046+0000] {dag_etl.py:69} INFO - Loading user...
[2023-08-26T16:54:20.290+0000] {dag_etl.py:72} INFO - Complete load user: 0:00:01.244689
[2023-08-26T16:54:20.291+0000] {dag_etl.py:74} INFO - Loading space_ships...
[2023-08-26T16:54:22.403+0000] {dag_etl.py:77} INFO - Complete load space_ships: 0:00:02.112995
[2023-08-26T16:54:22.404+0000] {dag_etl.py:79} INFO - Loading drones...
[2023-08-26T16:54:24.297+0000] {dag_etl.py:82} INFO - Complete load drones: 0:00:01.893231
[2023-08-26T16:54:24.297+0000] {dag_etl.py:84} INFO - Loading pilots...
[2023-08-26T16:54:27.335+0000] {dag_etl.py:87} INFO - Complete load drones: 0:00:03.038562
[2023-08-26T16:54:27.336+0000] {dag_etl.py:89} INFO - Loading talents...
[2023-08-26T16:54:29.159+0000] {dag_etl.py:92} INFO - Complete load drones: 0:00:01.823828
[2023-08-26T16:54:29.159+0000] {dag_etl.py:94} INFO - Loading expert_items...
[2023-08-26T16:54:29.963+0000] {dag_etl.py:97} INFO - Complete load drones: 0:00:00.803794
[2023-08-26T16:54:29.964+0000] {dag_etl.py:99} INFO - Complete ETL Users in : 0:00:25.330734
[2023-08-26T16:54:30.006+0000] {python.py:194} INFO - Done. Returned value was: None
[2023-08-26T16:54:30.035+0000] {taskinstance.py:1400} INFO - Marking task as SUCCESS. dag_id=gaas_etl_1, task_id=etl_user, execution_date=20230826T165300, start_date=20230826T165403, end_date=20230826T165430
[2023-08-26T16:54:30.116+0000] {local_task_job_runner.py:228} INFO - Task exited with return code 0
[2023-08-26T16:54:30.153+0000] {taskinstance.py:2784} INFO - 0 downstream tasks scheduled from follow-on schedule check
