[2023-08-26T22:31:04.135+0000] {taskinstance.py:1159} INFO - Dependencies all met for dep_context=non-requeueable deps ti=<TaskInstance: gaas_etl_1.etl_user scheduled__2023-08-26T22:30:00+00:00 [queued]>
[2023-08-26T22:31:04.152+0000] {taskinstance.py:1159} INFO - Dependencies all met for dep_context=requeueable deps ti=<TaskInstance: gaas_etl_1.etl_user scheduled__2023-08-26T22:30:00+00:00 [queued]>
[2023-08-26T22:31:04.152+0000] {taskinstance.py:1361} INFO - Starting attempt 1 of 1
[2023-08-26T22:31:04.379+0000] {taskinstance.py:1382} INFO - Executing <Task(PythonOperator): etl_user> on 2023-08-26 22:30:00+00:00
[2023-08-26T22:31:04.387+0000] {standard_task_runner.py:57} INFO - Started process 335236 to run task
[2023-08-26T22:31:04.396+0000] {standard_task_runner.py:84} INFO - Running: ['airflow', 'tasks', 'run', 'gaas_etl_1', 'etl_user', 'scheduled__2023-08-26T22:30:00+00:00', '--job-id', '3323', '--raw', '--subdir', 'DAGS_FOLDER/dag_etl.py', '--cfg-path', '/tmp/tmpg9hgygpv']
[2023-08-26T22:31:04.402+0000] {standard_task_runner.py:85} INFO - Job 3323: Subtask etl_user
[2023-08-26T22:31:04.721+0000] {task_command.py:415} INFO - Running <TaskInstance: gaas_etl_1.etl_user scheduled__2023-08-26T22:30:00+00:00 [running]> on host data-system.us-central1-a.c.data-system-392010.internal
[2023-08-26T22:31:05.079+0000] {taskinstance.py:1660} INFO - Exporting env vars: AIRFLOW_CTX_DAG_EMAIL='hungnm15012002@gmail.com' AIRFLOW_CTX_DAG_OWNER='hungnm' AIRFLOW_CTX_DAG_ID='gaas_etl_1' AIRFLOW_CTX_TASK_ID='etl_user' AIRFLOW_CTX_EXECUTION_DATE='2023-08-26T22:30:00+00:00' AIRFLOW_CTX_TRY_NUMBER='1' AIRFLOW_CTX_DAG_RUN_ID='scheduled__2023-08-26T22:30:00+00:00'
[2023-08-26T22:31:05.105+0000] {dag_etl.py:28} INFO - Extracting user...
[2023-08-26T22:31:08.369+0000] {extract.py:36} INFO - Request time: 0:00:03.262359
[2023-08-26T22:31:08.514+0000] {extract.py:42} INFO - Create DataFrame time: 0:00:00.144202
[2023-08-26T22:31:08.517+0000] {dag_etl.py:31} INFO - Complete extract user: 0:00:03.411199
[2023-08-26T22:31:08.517+0000] {dag_etl.py:33} INFO - Extracting resource...
[2023-08-26T22:31:10.353+0000] {extract.py:36} INFO - Request time: 0:00:01.836087
[2023-08-26T22:31:10.377+0000] {extract.py:42} INFO - Create DataFrame time: 0:00:00.022688
[2023-08-26T22:31:10.378+0000] {dag_etl.py:36} INFO - Complete extract resource: 0:00:01.861946
[2023-08-26T22:31:10.379+0000] {dag_etl.py:38} INFO - Transforming user...
[2023-08-26T22:31:10.482+0000] {dag_etl.py:42} INFO - Complete transform user: 0:00:00.103646
[2023-08-26T22:31:10.483+0000] {dag_etl.py:44} INFO - transform space_ships...
[2023-08-26T22:31:10.541+0000] {dag_etl.py:47} INFO - Complete transform space_ships: 0:00:00.058740
[2023-08-26T22:31:10.542+0000] {dag_etl.py:49} INFO - transform drones...
[2023-08-26T22:31:10.581+0000] {dag_etl.py:52} INFO - Complete transform drones: 0:00:00.039676
[2023-08-26T22:31:10.581+0000] {dag_etl.py:54} INFO - transform pilots...
[2023-08-26T22:31:10.610+0000] {dag_etl.py:57} INFO - Complete transform pilots: 0:00:00.028957
[2023-08-26T22:31:10.610+0000] {dag_etl.py:59} INFO - transform talents...
[2023-08-26T22:31:10.634+0000] {dag_etl.py:62} INFO - Complete transform talents: 0:00:00.024584
[2023-08-26T22:31:10.635+0000] {dag_etl.py:64} INFO - transform expert_items...
[2023-08-26T22:31:10.651+0000] {dag_etl.py:67} INFO - Complete transform expert_items: 0:00:00.017266
[2023-08-26T22:31:10.652+0000] {dag_etl.py:69} INFO - Loading user...
[2023-08-26T22:31:11.257+0000] {dag_etl.py:72} INFO - Complete load user: 0:00:00.605889
[2023-08-26T22:31:11.258+0000] {dag_etl.py:74} INFO - Loading space_ships...
[2023-08-26T22:31:12.076+0000] {dag_etl.py:77} INFO - Complete load space_ships: 0:00:00.818483
[2023-08-26T22:31:12.077+0000] {dag_etl.py:79} INFO - Loading drones...
[2023-08-26T22:31:13.065+0000] {dag_etl.py:82} INFO - Complete load drones: 0:00:00.989353
[2023-08-26T22:31:13.066+0000] {dag_etl.py:84} INFO - Loading pilots...
[2023-08-26T22:31:14.196+0000] {dag_etl.py:87} INFO - Complete load drones: 0:00:01.130484
[2023-08-26T22:31:14.196+0000] {dag_etl.py:89} INFO - Loading talents...
[2023-08-26T22:31:15.208+0000] {dag_etl.py:92} INFO - Complete load drones: 0:00:01.012373
[2023-08-26T22:31:15.208+0000] {dag_etl.py:94} INFO - Loading expert_items...
[2023-08-26T22:31:15.868+0000] {dag_etl.py:97} INFO - Complete load drones: 0:00:00.660010
[2023-08-26T22:31:15.869+0000] {dag_etl.py:99} INFO - Complete ETL Users in : 0:00:10.763528
[2023-08-26T22:31:15.884+0000] {python.py:194} INFO - Done. Returned value was: None
[2023-08-26T22:31:15.905+0000] {taskinstance.py:1400} INFO - Marking task as SUCCESS. dag_id=gaas_etl_1, task_id=etl_user, execution_date=20230826T223000, start_date=20230826T223104, end_date=20230826T223115
[2023-08-26T22:31:15.974+0000] {local_task_job_runner.py:228} INFO - Task exited with return code 0
[2023-08-26T22:31:16.006+0000] {taskinstance.py:2784} INFO - 0 downstream tasks scheduled from follow-on schedule check
