[2023-08-26T10:08:03.570+0000] {taskinstance.py:1159} INFO - Dependencies all met for dep_context=non-requeueable deps ti=<TaskInstance: gaas_etl_1.etl_user scheduled__2023-08-26T10:07:00+00:00 [queued]>
[2023-08-26T10:08:03.588+0000] {taskinstance.py:1159} INFO - Dependencies all met for dep_context=requeueable deps ti=<TaskInstance: gaas_etl_1.etl_user scheduled__2023-08-26T10:07:00+00:00 [queued]>
[2023-08-26T10:08:03.589+0000] {taskinstance.py:1361} INFO - Starting attempt 1 of 1
[2023-08-26T10:08:03.618+0000] {taskinstance.py:1382} INFO - Executing <Task(PythonOperator): etl_user> on 2023-08-26 10:07:00+00:00
[2023-08-26T10:08:03.627+0000] {standard_task_runner.py:57} INFO - Started process 297209 to run task
[2023-08-26T10:08:03.644+0000] {standard_task_runner.py:84} INFO - Running: ['airflow', 'tasks', 'run', 'gaas_etl_1', 'etl_user', 'scheduled__2023-08-26T10:07:00+00:00', '--job-id', '1093', '--raw', '--subdir', 'DAGS_FOLDER/dag_etl.py', '--cfg-path', '/tmp/tmp1niu49kz']
[2023-08-26T10:08:03.651+0000] {standard_task_runner.py:85} INFO - Job 1093: Subtask etl_user
[2023-08-26T10:08:03.820+0000] {task_command.py:415} INFO - Running <TaskInstance: gaas_etl_1.etl_user scheduled__2023-08-26T10:07:00+00:00 [running]> on host data-system.us-central1-a.c.data-system-392010.internal
[2023-08-26T10:08:04.033+0000] {taskinstance.py:1660} INFO - Exporting env vars: AIRFLOW_CTX_DAG_EMAIL='hungnm15012002@gmail.com' AIRFLOW_CTX_DAG_OWNER='hungnm' AIRFLOW_CTX_DAG_ID='gaas_etl_1' AIRFLOW_CTX_TASK_ID='etl_user' AIRFLOW_CTX_EXECUTION_DATE='2023-08-26T10:07:00+00:00' AIRFLOW_CTX_TRY_NUMBER='1' AIRFLOW_CTX_DAG_RUN_ID='scheduled__2023-08-26T10:07:00+00:00'
[2023-08-26T10:08:04.056+0000] {dag_etl.py:28} INFO - Extracting user...
[2023-08-26T10:08:05.558+0000] {extract.py:36} INFO - Request time: 0:00:01.501373
[2023-08-26T10:08:05.581+0000] {extract.py:42} INFO - Create DataFrame time: 0:00:00.022809
[2023-08-26T10:08:05.584+0000] {dag_etl.py:31} INFO - Complete extract user: 0:00:01.527843
[2023-08-26T10:08:05.584+0000] {dag_etl.py:33} INFO - Extracting resource...
[2023-08-26T10:08:06.762+0000] {extract.py:36} INFO - Request time: 0:00:01.177936
[2023-08-26T10:08:06.775+0000] {extract.py:42} INFO - Create DataFrame time: 0:00:00.012043
[2023-08-26T10:08:06.778+0000] {dag_etl.py:36} INFO - Complete extract resource: 0:00:01.193978
[2023-08-26T10:08:06.779+0000] {dag_etl.py:38} INFO - Transforming user...
[2023-08-26T10:08:06.840+0000] {dag_etl.py:42} INFO - Complete transform user: 0:00:00.062809
[2023-08-26T10:08:06.841+0000] {dag_etl.py:44} INFO - transform space_ships...
[2023-08-26T10:08:06.874+0000] {dag_etl.py:47} INFO - Complete transform space_ships: 0:00:00.033080
[2023-08-26T10:08:06.874+0000] {dag_etl.py:49} INFO - transform drones...
[2023-08-26T10:08:06.893+0000] {dag_etl.py:52} INFO - Complete transform drones: 0:00:00.019150
[2023-08-26T10:08:06.893+0000] {dag_etl.py:54} INFO - transform pilots...
[2023-08-26T10:08:06.909+0000] {dag_etl.py:57} INFO - Complete transform pilots: 0:00:00.016234
[2023-08-26T10:08:06.910+0000] {dag_etl.py:59} INFO - transform talents...
[2023-08-26T10:08:06.919+0000] {dag_etl.py:62} INFO - Complete transform talents: 0:00:00.010590
[2023-08-26T10:08:06.920+0000] {dag_etl.py:64} INFO - transform expert_items...
[2023-08-26T10:08:06.930+0000] {dag_etl.py:67} INFO - Complete transform expert_items: 0:00:00.010068
[2023-08-26T10:08:06.930+0000] {dag_etl.py:69} INFO - Loading user...
[2023-08-26T10:08:06.953+0000] {dag_etl.py:72} INFO - Complete load user: 0:00:00.023613
[2023-08-26T10:08:06.954+0000] {dag_etl.py:74} INFO - Loading space_ships...
[2023-08-26T10:08:06.990+0000] {dag_etl.py:77} INFO - Complete load space_ships: 0:00:00.037059
[2023-08-26T10:08:06.991+0000] {dag_etl.py:79} INFO - Loading drones...
[2023-08-26T10:08:07.014+0000] {dag_etl.py:82} INFO - Complete load drones: 0:00:00.024099
[2023-08-26T10:08:07.015+0000] {dag_etl.py:84} INFO - Loading pilots...
[2023-08-26T10:08:07.059+0000] {dag_etl.py:87} INFO - Complete load drones: 0:00:00.045066
[2023-08-26T10:08:07.060+0000] {dag_etl.py:89} INFO - Loading talents...
[2023-08-26T10:08:07.081+0000] {dag_etl.py:92} INFO - Complete load drones: 0:00:00.021667
[2023-08-26T10:08:07.082+0000] {dag_etl.py:94} INFO - Loading expert_items...
[2023-08-26T10:08:07.087+0000] {dag_etl.py:97} INFO - Complete load drones: 0:00:00.005581
[2023-08-26T10:08:07.087+0000] {dag_etl.py:99} INFO - Complete ETL Users in : 0:00:03.031301
[2023-08-26T10:08:07.089+0000] {python.py:194} INFO - Done. Returned value was: None
[2023-08-26T10:08:07.114+0000] {taskinstance.py:1400} INFO - Marking task as SUCCESS. dag_id=gaas_etl_1, task_id=etl_user, execution_date=20230826T100700, start_date=20230826T100803, end_date=20230826T100807
[2023-08-26T10:08:07.179+0000] {local_task_job_runner.py:228} INFO - Task exited with return code 0
[2023-08-26T10:08:07.221+0000] {taskinstance.py:2784} INFO - 0 downstream tasks scheduled from follow-on schedule check
