[2023-08-27T18:56:06.370+0000] {taskinstance.py:1159} INFO - Dependencies all met for dep_context=non-requeueable deps ti=<TaskInstance: gaas_etl_1.etl_user scheduled__2023-08-27T18:55:00+00:00 [queued]>
[2023-08-27T18:56:06.437+0000] {taskinstance.py:1159} INFO - Dependencies all met for dep_context=requeueable deps ti=<TaskInstance: gaas_etl_1.etl_user scheduled__2023-08-27T18:55:00+00:00 [queued]>
[2023-08-27T18:56:06.437+0000] {taskinstance.py:1361} INFO - Starting attempt 1 of 1
[2023-08-27T18:56:06.541+0000] {taskinstance.py:1382} INFO - Executing <Task(PythonOperator): etl_user> on 2023-08-27 18:55:00+00:00
[2023-08-27T18:56:06.559+0000] {standard_task_runner.py:57} INFO - Started process 445037 to run task
[2023-08-27T18:56:06.572+0000] {standard_task_runner.py:84} INFO - Running: ['airflow', 'tasks', 'run', 'gaas_etl_1', 'etl_user', 'scheduled__2023-08-27T18:55:00+00:00', '--job-id', '6998', '--raw', '--subdir', 'DAGS_FOLDER/dag_etl.py', '--cfg-path', '/tmp/tmpcuxhz3yi']
[2023-08-27T18:56:06.592+0000] {standard_task_runner.py:85} INFO - Job 6998: Subtask etl_user
[2023-08-27T18:56:07.399+0000] {task_command.py:415} INFO - Running <TaskInstance: gaas_etl_1.etl_user scheduled__2023-08-27T18:55:00+00:00 [running]> on host data-system.us-central1-a.c.data-system-392010.internal
[2023-08-27T18:56:08.559+0000] {taskinstance.py:1660} INFO - Exporting env vars: AIRFLOW_CTX_DAG_EMAIL='hungnm15012002@gmail.com' AIRFLOW_CTX_DAG_OWNER='hungnm' AIRFLOW_CTX_DAG_ID='gaas_etl_1' AIRFLOW_CTX_TASK_ID='etl_user' AIRFLOW_CTX_EXECUTION_DATE='2023-08-27T18:55:00+00:00' AIRFLOW_CTX_TRY_NUMBER='1' AIRFLOW_CTX_DAG_RUN_ID='scheduled__2023-08-27T18:55:00+00:00'
[2023-08-27T18:56:08.585+0000] {dag_etl.py:28} INFO - Extracting user...
[2023-08-27T18:56:18.723+0000] {extract.py:36} INFO - Request time: 0:00:10.137738
[2023-08-27T18:56:19.213+0000] {extract.py:42} INFO - Create DataFrame time: 0:00:00.488542
[2023-08-27T18:56:19.217+0000] {dag_etl.py:31} INFO - Complete extract user: 0:00:10.632005
[2023-08-27T18:56:19.218+0000] {dag_etl.py:33} INFO - Extracting resource...
[2023-08-27T18:56:29.087+0000] {extract.py:36} INFO - Request time: 0:00:09.869468
[2023-08-27T18:56:29.172+0000] {extract.py:42} INFO - Create DataFrame time: 0:00:00.083602
[2023-08-27T18:56:29.175+0000] {dag_etl.py:36} INFO - Complete extract resource: 0:00:09.957493
[2023-08-27T18:56:29.176+0000] {dag_etl.py:38} INFO - Transforming user...
[2023-08-27T18:56:29.390+0000] {dag_etl.py:42} INFO - Complete transform user: 0:00:00.215818
[2023-08-27T18:56:29.391+0000] {dag_etl.py:44} INFO - transform space_ships...
[2023-08-27T18:56:29.539+0000] {dag_etl.py:47} INFO - Complete transform space_ships: 0:00:00.148722
[2023-08-27T18:56:29.540+0000] {dag_etl.py:49} INFO - transform drones...
[2023-08-27T18:56:29.669+0000] {dag_etl.py:52} INFO - Complete transform drones: 0:00:00.129740
[2023-08-27T18:56:29.669+0000] {dag_etl.py:54} INFO - transform pilots...
[2023-08-27T18:56:29.735+0000] {dag_etl.py:57} INFO - Complete transform pilots: 0:00:00.066024
[2023-08-27T18:56:29.735+0000] {dag_etl.py:59} INFO - transform talents...
[2023-08-27T18:56:29.768+0000] {dag_etl.py:62} INFO - Complete transform talents: 0:00:00.032714
[2023-08-27T18:56:29.768+0000] {dag_etl.py:64} INFO - transform expert_items...
[2023-08-27T18:56:29.797+0000] {dag_etl.py:67} INFO - Complete transform expert_items: 0:00:00.029203
[2023-08-27T18:56:29.797+0000] {dag_etl.py:69} INFO - Loading user...
[2023-08-27T18:56:31.170+0000] {dag_etl.py:72} INFO - Complete load user: 0:00:01.372716
[2023-08-27T18:56:31.170+0000] {dag_etl.py:74} INFO - Loading space_ships...
[2023-08-27T18:56:32.976+0000] {dag_etl.py:77} INFO - Complete load space_ships: 0:00:01.806542
[2023-08-27T18:56:32.977+0000] {dag_etl.py:79} INFO - Loading drones...
[2023-08-27T18:56:34.753+0000] {dag_etl.py:82} INFO - Complete load drones: 0:00:01.776725
[2023-08-27T18:56:34.753+0000] {dag_etl.py:84} INFO - Loading pilots...
[2023-08-27T18:56:36.957+0000] {dag_etl.py:87} INFO - Complete load drones: 0:00:02.204433
[2023-08-27T18:56:36.958+0000] {dag_etl.py:89} INFO - Loading talents...
[2023-08-27T18:56:38.282+0000] {dag_etl.py:92} INFO - Complete load drones: 0:00:01.324442
[2023-08-27T18:56:38.282+0000] {dag_etl.py:94} INFO - Loading expert_items...
[2023-08-27T18:56:39.626+0000] {dag_etl.py:97} INFO - Complete load drones: 0:00:01.344043
[2023-08-27T18:56:39.626+0000] {dag_etl.py:99} INFO - Complete ETL Users in : 0:00:31.041242
[2023-08-27T18:56:39.660+0000] {python.py:194} INFO - Done. Returned value was: None
[2023-08-27T18:56:39.675+0000] {taskinstance.py:1400} INFO - Marking task as SUCCESS. dag_id=gaas_etl_1, task_id=etl_user, execution_date=20230827T185500, start_date=20230827T185606, end_date=20230827T185639
[2023-08-27T18:56:39.735+0000] {local_task_job_runner.py:228} INFO - Task exited with return code 0
[2023-08-27T18:56:39.761+0000] {taskinstance.py:2784} INFO - 0 downstream tasks scheduled from follow-on schedule check
