[2023-08-27T12:50:09.891+0000] {taskinstance.py:1159} INFO - Dependencies all met for dep_context=non-requeueable deps ti=<TaskInstance: gaas_etl_1.etl_user scheduled__2023-08-27T12:49:00+00:00 [queued]>
[2023-08-27T12:50:09.935+0000] {taskinstance.py:1159} INFO - Dependencies all met for dep_context=requeueable deps ti=<TaskInstance: gaas_etl_1.etl_user scheduled__2023-08-27T12:49:00+00:00 [queued]>
[2023-08-27T12:50:09.936+0000] {taskinstance.py:1361} INFO - Starting attempt 1 of 1
[2023-08-27T12:50:10.002+0000] {taskinstance.py:1382} INFO - Executing <Task(PythonOperator): etl_user> on 2023-08-27 12:49:00+00:00
[2023-08-27T12:50:10.011+0000] {standard_task_runner.py:57} INFO - Started process 406540 to run task
[2023-08-27T12:50:10.025+0000] {standard_task_runner.py:84} INFO - Running: ['airflow', 'tasks', 'run', 'gaas_etl_1', 'etl_user', 'scheduled__2023-08-27T12:49:00+00:00', '--job-id', '5901', '--raw', '--subdir', 'DAGS_FOLDER/dag_etl.py', '--cfg-path', '/tmp/tmpc2u2ihke']
[2023-08-27T12:50:10.044+0000] {standard_task_runner.py:85} INFO - Job 5901: Subtask etl_user
[2023-08-27T12:50:10.886+0000] {task_command.py:415} INFO - Running <TaskInstance: gaas_etl_1.etl_user scheduled__2023-08-27T12:49:00+00:00 [running]> on host data-system.us-central1-a.c.data-system-392010.internal
[2023-08-27T12:50:11.307+0000] {taskinstance.py:1660} INFO - Exporting env vars: AIRFLOW_CTX_DAG_EMAIL='hungnm15012002@gmail.com' AIRFLOW_CTX_DAG_OWNER='hungnm' AIRFLOW_CTX_DAG_ID='gaas_etl_1' AIRFLOW_CTX_TASK_ID='etl_user' AIRFLOW_CTX_EXECUTION_DATE='2023-08-27T12:49:00+00:00' AIRFLOW_CTX_TRY_NUMBER='1' AIRFLOW_CTX_DAG_RUN_ID='scheduled__2023-08-27T12:49:00+00:00'
[2023-08-27T12:50:11.325+0000] {dag_etl.py:28} INFO - Extracting user...
[2023-08-27T12:50:25.816+0000] {extract.py:36} INFO - Request time: 0:00:14.489495
[2023-08-27T12:50:26.815+0000] {extract.py:42} INFO - Create DataFrame time: 0:00:00.998859
[2023-08-27T12:50:26.824+0000] {dag_etl.py:31} INFO - Complete extract user: 0:00:15.498848
[2023-08-27T12:50:26.825+0000] {dag_etl.py:33} INFO - Extracting resource...
[2023-08-27T12:50:34.717+0000] {extract.py:36} INFO - Request time: 0:00:07.891369
[2023-08-27T12:50:34.821+0000] {extract.py:42} INFO - Create DataFrame time: 0:00:00.103353
[2023-08-27T12:50:34.824+0000] {dag_etl.py:36} INFO - Complete extract resource: 0:00:08.000015
[2023-08-27T12:50:34.825+0000] {dag_etl.py:38} INFO - Transforming user...
[2023-08-27T12:50:35.188+0000] {dag_etl.py:42} INFO - Complete transform user: 0:00:00.364339
[2023-08-27T12:50:35.189+0000] {dag_etl.py:44} INFO - transform space_ships...
[2023-08-27T12:50:35.554+0000] {dag_etl.py:47} INFO - Complete transform space_ships: 0:00:00.365484
[2023-08-27T12:50:35.568+0000] {dag_etl.py:49} INFO - transform drones...
[2023-08-27T12:50:35.803+0000] {dag_etl.py:52} INFO - Complete transform drones: 0:00:00.249255
[2023-08-27T12:50:35.804+0000] {dag_etl.py:54} INFO - transform pilots...
[2023-08-27T12:50:35.916+0000] {dag_etl.py:57} INFO - Complete transform pilots: 0:00:00.112899
[2023-08-27T12:50:35.917+0000] {dag_etl.py:59} INFO - transform talents...
[2023-08-27T12:50:35.969+0000] {dag_etl.py:62} INFO - Complete transform talents: 0:00:00.052906
[2023-08-27T12:50:35.969+0000] {dag_etl.py:64} INFO - transform expert_items...
[2023-08-27T12:50:36.020+0000] {dag_etl.py:67} INFO - Complete transform expert_items: 0:00:00.050703
[2023-08-27T12:50:36.020+0000] {dag_etl.py:69} INFO - Loading user...
[2023-08-27T12:50:37.828+0000] {dag_etl.py:72} INFO - Complete load user: 0:00:01.808174
[2023-08-27T12:50:37.828+0000] {dag_etl.py:74} INFO - Loading space_ships...
[2023-08-27T12:50:40.748+0000] {dag_etl.py:77} INFO - Complete load space_ships: 0:00:02.920554
[2023-08-27T12:50:40.749+0000] {dag_etl.py:79} INFO - Loading drones...
[2023-08-27T12:50:43.060+0000] {dag_etl.py:82} INFO - Complete load drones: 0:00:02.311405
[2023-08-27T12:50:43.060+0000] {dag_etl.py:84} INFO - Loading pilots...
[2023-08-27T12:50:46.643+0000] {dag_etl.py:87} INFO - Complete load drones: 0:00:03.583572
[2023-08-27T12:50:46.644+0000] {dag_etl.py:89} INFO - Loading talents...
[2023-08-27T12:50:48.769+0000] {dag_etl.py:92} INFO - Complete load drones: 0:00:02.125313
[2023-08-27T12:50:48.769+0000] {dag_etl.py:94} INFO - Loading expert_items...
[2023-08-27T12:50:50.229+0000] {dag_etl.py:97} INFO - Complete load drones: 0:00:01.460565
[2023-08-27T12:50:50.230+0000] {dag_etl.py:99} INFO - Complete ETL Users in : 0:00:38.904495
[2023-08-27T12:50:50.266+0000] {python.py:194} INFO - Done. Returned value was: None
[2023-08-27T12:50:50.285+0000] {taskinstance.py:1400} INFO - Marking task as SUCCESS. dag_id=gaas_etl_1, task_id=etl_user, execution_date=20230827T124900, start_date=20230827T125009, end_date=20230827T125050
[2023-08-27T12:50:50.400+0000] {local_task_job_runner.py:228} INFO - Task exited with return code 0
[2023-08-27T12:50:50.433+0000] {taskinstance.py:2784} INFO - 0 downstream tasks scheduled from follow-on schedule check
