[2023-08-26T08:23:04.606+0000] {taskinstance.py:1159} INFO - Dependencies all met for dep_context=non-requeueable deps ti=<TaskInstance: gaas_etl_1.etl_user scheduled__2023-08-26T08:22:00+00:00 [queued]>
[2023-08-26T08:23:04.626+0000] {taskinstance.py:1159} INFO - Dependencies all met for dep_context=requeueable deps ti=<TaskInstance: gaas_etl_1.etl_user scheduled__2023-08-26T08:22:00+00:00 [queued]>
[2023-08-26T08:23:04.627+0000] {taskinstance.py:1361} INFO - Starting attempt 1 of 1
[2023-08-26T08:23:04.655+0000] {taskinstance.py:1382} INFO - Executing <Task(PythonOperator): etl_user> on 2023-08-26 08:22:00+00:00
[2023-08-26T08:23:04.666+0000] {standard_task_runner.py:57} INFO - Started process 290026 to run task
[2023-08-26T08:23:04.682+0000] {standard_task_runner.py:84} INFO - Running: ['airflow', 'tasks', 'run', 'gaas_etl_1', 'etl_user', 'scheduled__2023-08-26T08:22:00+00:00', '--job-id', '779', '--raw', '--subdir', 'DAGS_FOLDER/dag_etl.py', '--cfg-path', '/tmp/tmpn0i8cn7z']
[2023-08-26T08:23:04.688+0000] {standard_task_runner.py:85} INFO - Job 779: Subtask etl_user
[2023-08-26T08:23:04.862+0000] {task_command.py:415} INFO - Running <TaskInstance: gaas_etl_1.etl_user scheduled__2023-08-26T08:22:00+00:00 [running]> on host data-system.us-central1-a.c.data-system-392010.internal
[2023-08-26T08:23:05.073+0000] {taskinstance.py:1660} INFO - Exporting env vars: AIRFLOW_CTX_DAG_EMAIL='hungnm15012002@gmail.com' AIRFLOW_CTX_DAG_OWNER='hungnm' AIRFLOW_CTX_DAG_ID='gaas_etl_1' AIRFLOW_CTX_TASK_ID='etl_user' AIRFLOW_CTX_EXECUTION_DATE='2023-08-26T08:22:00+00:00' AIRFLOW_CTX_TRY_NUMBER='1' AIRFLOW_CTX_DAG_RUN_ID='scheduled__2023-08-26T08:22:00+00:00'
[2023-08-26T08:23:05.102+0000] {dag_etl.py:28} INFO - Extracting user...
[2023-08-26T08:23:06.672+0000] {extract.py:36} INFO - Request time: 0:00:01.569888
[2023-08-26T08:23:06.697+0000] {extract.py:42} INFO - Create DataFrame time: 0:00:00.023438
[2023-08-26T08:23:06.699+0000] {dag_etl.py:31} INFO - Complete extract user: 0:00:01.596903
[2023-08-26T08:23:06.699+0000] {dag_etl.py:33} INFO - Extracting resource...
[2023-08-26T08:23:07.683+0000] {extract.py:36} INFO - Request time: 0:00:00.983180
[2023-08-26T08:23:07.690+0000] {extract.py:42} INFO - Create DataFrame time: 0:00:00.006789
[2023-08-26T08:23:07.692+0000] {dag_etl.py:36} INFO - Complete extract resource: 0:00:00.993030
[2023-08-26T08:23:07.693+0000] {dag_etl.py:38} INFO - Transforming user...
[2023-08-26T08:23:07.725+0000] {dag_etl.py:42} INFO - Complete transform user: 0:00:00.033009
[2023-08-26T08:23:07.725+0000] {dag_etl.py:44} INFO - transform space_ships...
[2023-08-26T08:23:07.742+0000] {dag_etl.py:47} INFO - Complete transform space_ships: 0:00:00.017165
[2023-08-26T08:23:07.743+0000] {dag_etl.py:49} INFO - transform drones...
[2023-08-26T08:23:07.755+0000] {dag_etl.py:52} INFO - Complete transform drones: 0:00:00.012617
[2023-08-26T08:23:07.755+0000] {dag_etl.py:54} INFO - transform pilots...
[2023-08-26T08:23:07.763+0000] {dag_etl.py:57} INFO - Complete transform pilots: 0:00:00.008814
[2023-08-26T08:23:07.764+0000] {dag_etl.py:59} INFO - transform talents...
[2023-08-26T08:23:07.770+0000] {dag_etl.py:62} INFO - Complete transform talents: 0:00:00.006896
[2023-08-26T08:23:07.771+0000] {dag_etl.py:64} INFO - transform expert_items...
[2023-08-26T08:23:07.777+0000] {dag_etl.py:67} INFO - Complete transform expert_items: 0:00:00.006362
[2023-08-26T08:23:07.777+0000] {dag_etl.py:69} INFO - Loading user...
[2023-08-26T08:23:07.792+0000] {dag_etl.py:72} INFO - Complete load user: 0:00:00.015119
[2023-08-26T08:23:07.792+0000] {dag_etl.py:74} INFO - Loading space_ships...
[2023-08-26T08:23:07.811+0000] {dag_etl.py:77} INFO - Complete load space_ships: 0:00:00.019117
[2023-08-26T08:23:07.811+0000] {dag_etl.py:79} INFO - Loading drones...
[2023-08-26T08:23:07.824+0000] {dag_etl.py:82} INFO - Complete load drones: 0:00:00.013110
[2023-08-26T08:23:07.824+0000] {dag_etl.py:84} INFO - Loading pilots...
[2023-08-26T08:23:07.851+0000] {dag_etl.py:87} INFO - Complete load drones: 0:00:00.026673
[2023-08-26T08:23:07.851+0000] {dag_etl.py:89} INFO - Loading talents...
[2023-08-26T08:23:07.863+0000] {dag_etl.py:92} INFO - Complete load drones: 0:00:00.012560
[2023-08-26T08:23:07.864+0000] {dag_etl.py:94} INFO - Loading expert_items...
[2023-08-26T08:23:07.867+0000] {dag_etl.py:97} INFO - Complete load drones: 0:00:00.004104
[2023-08-26T08:23:07.868+0000] {dag_etl.py:99} INFO - Complete ETL Users in : 0:00:02.765836
[2023-08-26T08:23:07.869+0000] {python.py:194} INFO - Done. Returned value was: None
[2023-08-26T08:23:07.882+0000] {taskinstance.py:1400} INFO - Marking task as SUCCESS. dag_id=gaas_etl_1, task_id=etl_user, execution_date=20230826T082200, start_date=20230826T082304, end_date=20230826T082307
[2023-08-26T08:23:07.943+0000] {local_task_job_runner.py:228} INFO - Task exited with return code 0
[2023-08-26T08:23:07.972+0000] {taskinstance.py:2784} INFO - 0 downstream tasks scheduled from follow-on schedule check
