[2023-08-27T14:43:06.083+0000] {taskinstance.py:1159} INFO - Dependencies all met for dep_context=non-requeueable deps ti=<TaskInstance: gaas_etl_1.etl_user scheduled__2023-08-27T14:42:00+00:00 [queued]>
[2023-08-27T14:43:06.099+0000] {taskinstance.py:1159} INFO - Dependencies all met for dep_context=requeueable deps ti=<TaskInstance: gaas_etl_1.etl_user scheduled__2023-08-27T14:42:00+00:00 [queued]>
[2023-08-27T14:43:06.100+0000] {taskinstance.py:1361} INFO - Starting attempt 1 of 1
[2023-08-27T14:43:06.125+0000] {taskinstance.py:1382} INFO - Executing <Task(PythonOperator): etl_user> on 2023-08-27 14:42:00+00:00
[2023-08-27T14:43:06.134+0000] {standard_task_runner.py:57} INFO - Started process 418293 to run task
[2023-08-27T14:43:06.150+0000] {standard_task_runner.py:84} INFO - Running: ['airflow', 'tasks', 'run', 'gaas_etl_1', 'etl_user', 'scheduled__2023-08-27T14:42:00+00:00', '--job-id', '6240', '--raw', '--subdir', 'DAGS_FOLDER/dag_etl.py', '--cfg-path', '/tmp/tmpgwh97ora']
[2023-08-27T14:43:06.155+0000] {standard_task_runner.py:85} INFO - Job 6240: Subtask etl_user
[2023-08-27T14:43:07.080+0000] {task_command.py:415} INFO - Running <TaskInstance: gaas_etl_1.etl_user scheduled__2023-08-27T14:42:00+00:00 [running]> on host data-system.us-central1-a.c.data-system-392010.internal
[2023-08-27T14:43:07.449+0000] {taskinstance.py:1660} INFO - Exporting env vars: AIRFLOW_CTX_DAG_EMAIL='hungnm15012002@gmail.com' AIRFLOW_CTX_DAG_OWNER='hungnm' AIRFLOW_CTX_DAG_ID='gaas_etl_1' AIRFLOW_CTX_TASK_ID='etl_user' AIRFLOW_CTX_EXECUTION_DATE='2023-08-27T14:42:00+00:00' AIRFLOW_CTX_TRY_NUMBER='1' AIRFLOW_CTX_DAG_RUN_ID='scheduled__2023-08-27T14:42:00+00:00'
[2023-08-27T14:43:07.465+0000] {dag_etl.py:28} INFO - Extracting user...
[2023-08-27T14:43:13.677+0000] {extract.py:36} INFO - Request time: 0:00:06.210674
[2023-08-27T14:43:21.257+0000] {extract.py:42} INFO - Create DataFrame time: 0:00:07.579516
[2023-08-27T14:43:21.263+0000] {dag_etl.py:31} INFO - Complete extract user: 0:00:13.797940
[2023-08-27T14:43:21.264+0000] {dag_etl.py:33} INFO - Extracting resource...
[2023-08-27T14:43:23.181+0000] {extract.py:36} INFO - Request time: 0:00:01.916384
[2023-08-27T14:43:23.309+0000] {extract.py:42} INFO - Create DataFrame time: 0:00:00.127562
[2023-08-27T14:43:23.312+0000] {dag_etl.py:36} INFO - Complete extract resource: 0:00:02.048998
[2023-08-27T14:43:23.314+0000] {dag_etl.py:38} INFO - Transforming user...
[2023-08-27T14:43:23.658+0000] {dag_etl.py:42} INFO - Complete transform user: 0:00:00.345197
[2023-08-27T14:43:23.658+0000] {dag_etl.py:44} INFO - transform space_ships...
[2023-08-27T14:43:23.819+0000] {dag_etl.py:47} INFO - Complete transform space_ships: 0:00:00.161141
[2023-08-27T14:43:23.819+0000] {dag_etl.py:49} INFO - transform drones...
[2023-08-27T14:43:23.916+0000] {dag_etl.py:52} INFO - Complete transform drones: 0:00:00.097698
[2023-08-27T14:43:23.917+0000] {dag_etl.py:54} INFO - transform pilots...
[2023-08-27T14:43:24.011+0000] {dag_etl.py:57} INFO - Complete transform pilots: 0:00:00.094582
[2023-08-27T14:43:24.011+0000] {dag_etl.py:59} INFO - transform talents...
[2023-08-27T14:43:24.045+0000] {dag_etl.py:62} INFO - Complete transform talents: 0:00:00.033924
[2023-08-27T14:43:24.045+0000] {dag_etl.py:64} INFO - transform expert_items...
[2023-08-27T14:43:24.076+0000] {dag_etl.py:67} INFO - Complete transform expert_items: 0:00:00.031510
[2023-08-27T14:43:24.077+0000] {dag_etl.py:69} INFO - Loading user...
[2023-08-27T14:43:25.630+0000] {dag_etl.py:72} INFO - Complete load user: 0:00:01.554022
[2023-08-27T14:43:25.631+0000] {dag_etl.py:74} INFO - Loading space_ships...
[2023-08-27T14:43:27.739+0000] {dag_etl.py:77} INFO - Complete load space_ships: 0:00:02.108877
[2023-08-27T14:43:27.740+0000] {dag_etl.py:79} INFO - Loading drones...
[2023-08-27T14:43:29.836+0000] {dag_etl.py:82} INFO - Complete load drones: 0:00:02.096673
[2023-08-27T14:43:29.837+0000] {dag_etl.py:84} INFO - Loading pilots...
[2023-08-27T14:43:32.410+0000] {dag_etl.py:87} INFO - Complete load drones: 0:00:02.574323
[2023-08-27T14:43:32.411+0000] {dag_etl.py:89} INFO - Loading talents...
[2023-08-27T14:43:33.986+0000] {dag_etl.py:92} INFO - Complete load drones: 0:00:01.575270
[2023-08-27T14:43:33.986+0000] {dag_etl.py:94} INFO - Loading expert_items...
[2023-08-27T14:43:34.962+0000] {dag_etl.py:97} INFO - Complete load drones: 0:00:00.976509
[2023-08-27T14:43:34.963+0000] {dag_etl.py:99} INFO - Complete ETL Users in : 0:00:27.497377
[2023-08-27T14:43:34.995+0000] {python.py:194} INFO - Done. Returned value was: None
[2023-08-27T14:43:35.012+0000] {taskinstance.py:1400} INFO - Marking task as SUCCESS. dag_id=gaas_etl_1, task_id=etl_user, execution_date=20230827T144200, start_date=20230827T144306, end_date=20230827T144335
[2023-08-27T14:43:35.086+0000] {local_task_job_runner.py:228} INFO - Task exited with return code 0
[2023-08-27T14:43:35.115+0000] {taskinstance.py:2784} INFO - 0 downstream tasks scheduled from follow-on schedule check
