[2023-08-27T05:24:04.938+0000] {taskinstance.py:1159} INFO - Dependencies all met for dep_context=non-requeueable deps ti=<TaskInstance: gaas_etl_1.etl_user scheduled__2023-08-27T05:23:00+00:00 [queued]>
[2023-08-27T05:24:04.959+0000] {taskinstance.py:1159} INFO - Dependencies all met for dep_context=requeueable deps ti=<TaskInstance: gaas_etl_1.etl_user scheduled__2023-08-27T05:23:00+00:00 [queued]>
[2023-08-27T05:24:04.960+0000] {taskinstance.py:1361} INFO - Starting attempt 1 of 1
[2023-08-27T05:24:04.991+0000] {taskinstance.py:1382} INFO - Executing <Task(PythonOperator): etl_user> on 2023-08-27 05:23:00+00:00
[2023-08-27T05:24:05.000+0000] {standard_task_runner.py:57} INFO - Started process 370532 to run task
[2023-08-27T05:24:05.015+0000] {standard_task_runner.py:84} INFO - Running: ['airflow', 'tasks', 'run', 'gaas_etl_1', 'etl_user', 'scheduled__2023-08-27T05:23:00+00:00', '--job-id', '4561', '--raw', '--subdir', 'DAGS_FOLDER/dag_etl.py', '--cfg-path', '/tmp/tmpecf_o2aj']
[2023-08-27T05:24:05.021+0000] {standard_task_runner.py:85} INFO - Job 4561: Subtask etl_user
[2023-08-27T05:24:05.351+0000] {task_command.py:415} INFO - Running <TaskInstance: gaas_etl_1.etl_user scheduled__2023-08-27T05:23:00+00:00 [running]> on host data-system.us-central1-a.c.data-system-392010.internal
[2023-08-27T05:24:06.033+0000] {taskinstance.py:1660} INFO - Exporting env vars: AIRFLOW_CTX_DAG_EMAIL='hungnm15012002@gmail.com' AIRFLOW_CTX_DAG_OWNER='hungnm' AIRFLOW_CTX_DAG_ID='gaas_etl_1' AIRFLOW_CTX_TASK_ID='etl_user' AIRFLOW_CTX_EXECUTION_DATE='2023-08-27T05:23:00+00:00' AIRFLOW_CTX_TRY_NUMBER='1' AIRFLOW_CTX_DAG_RUN_ID='scheduled__2023-08-27T05:23:00+00:00'
[2023-08-27T05:24:06.055+0000] {dag_etl.py:28} INFO - Extracting user...
[2023-08-27T05:24:10.367+0000] {extract.py:36} INFO - Request time: 0:00:04.311199
[2023-08-27T05:24:10.540+0000] {extract.py:42} INFO - Create DataFrame time: 0:00:00.172728
[2023-08-27T05:24:10.543+0000] {dag_etl.py:31} INFO - Complete extract user: 0:00:04.487609
[2023-08-27T05:24:10.544+0000] {dag_etl.py:33} INFO - Extracting resource...
[2023-08-27T05:24:12.283+0000] {extract.py:36} INFO - Request time: 0:00:01.738885
[2023-08-27T05:24:12.333+0000] {extract.py:42} INFO - Create DataFrame time: 0:00:00.049042
[2023-08-27T05:24:12.335+0000] {dag_etl.py:36} INFO - Complete extract resource: 0:00:01.792421
[2023-08-27T05:24:12.337+0000] {dag_etl.py:38} INFO - Transforming user...
[2023-08-27T05:24:12.569+0000] {dag_etl.py:42} INFO - Complete transform user: 0:00:00.233675
[2023-08-27T05:24:12.570+0000] {dag_etl.py:44} INFO - transform space_ships...
[2023-08-27T05:24:12.693+0000] {dag_etl.py:47} INFO - Complete transform space_ships: 0:00:00.123789
[2023-08-27T05:24:12.693+0000] {dag_etl.py:49} INFO - transform drones...
[2023-08-27T05:24:12.840+0000] {dag_etl.py:52} INFO - Complete transform drones: 0:00:00.146991
[2023-08-27T05:24:12.840+0000] {dag_etl.py:54} INFO - transform pilots...
[2023-08-27T05:24:12.908+0000] {dag_etl.py:57} INFO - Complete transform pilots: 0:00:00.067795
[2023-08-27T05:24:12.908+0000] {dag_etl.py:59} INFO - transform talents...
[2023-08-27T05:24:12.950+0000] {dag_etl.py:62} INFO - Complete transform talents: 0:00:00.042120
[2023-08-27T05:24:12.951+0000] {dag_etl.py:64} INFO - transform expert_items...
[2023-08-27T05:24:12.990+0000] {dag_etl.py:67} INFO - Complete transform expert_items: 0:00:00.039990
[2023-08-27T05:24:12.990+0000] {dag_etl.py:69} INFO - Loading user...
[2023-08-27T05:24:13.957+0000] {dag_etl.py:72} INFO - Complete load user: 0:00:00.967574
[2023-08-27T05:24:13.958+0000] {dag_etl.py:74} INFO - Loading space_ships...
[2023-08-27T05:24:15.198+0000] {dag_etl.py:77} INFO - Complete load space_ships: 0:00:01.240225
[2023-08-27T05:24:15.198+0000] {dag_etl.py:79} INFO - Loading drones...
[2023-08-27T05:24:16.595+0000] {dag_etl.py:82} INFO - Complete load drones: 0:00:01.397316
[2023-08-27T05:24:16.595+0000] {dag_etl.py:84} INFO - Loading pilots...
[2023-08-27T05:24:18.573+0000] {dag_etl.py:87} INFO - Complete load drones: 0:00:01.978192
[2023-08-27T05:24:18.574+0000] {dag_etl.py:89} INFO - Loading talents...
[2023-08-27T05:24:19.601+0000] {dag_etl.py:92} INFO - Complete load drones: 0:00:01.028199
[2023-08-27T05:24:19.602+0000] {dag_etl.py:94} INFO - Loading expert_items...
[2023-08-27T05:24:20.470+0000] {dag_etl.py:97} INFO - Complete load drones: 0:00:00.868456
[2023-08-27T05:24:20.470+0000] {dag_etl.py:99} INFO - Complete ETL Users in : 0:00:14.414865
[2023-08-27T05:24:20.487+0000] {python.py:194} INFO - Done. Returned value was: None
[2023-08-27T05:24:20.507+0000] {taskinstance.py:1400} INFO - Marking task as SUCCESS. dag_id=gaas_etl_1, task_id=etl_user, execution_date=20230827T052300, start_date=20230827T052404, end_date=20230827T052420
[2023-08-27T05:24:20.569+0000] {local_task_job_runner.py:228} INFO - Task exited with return code 0
[2023-08-27T05:24:20.599+0000] {taskinstance.py:2784} INFO - 0 downstream tasks scheduled from follow-on schedule check
