[2023-08-26T21:54:04.047+0000] {taskinstance.py:1159} INFO - Dependencies all met for dep_context=non-requeueable deps ti=<TaskInstance: gaas_etl_1.etl_user scheduled__2023-08-26T21:53:00+00:00 [queued]>
[2023-08-26T21:54:04.062+0000] {taskinstance.py:1159} INFO - Dependencies all met for dep_context=requeueable deps ti=<TaskInstance: gaas_etl_1.etl_user scheduled__2023-08-26T21:53:00+00:00 [queued]>
[2023-08-26T21:54:04.063+0000] {taskinstance.py:1361} INFO - Starting attempt 1 of 1
[2023-08-26T21:54:04.099+0000] {taskinstance.py:1382} INFO - Executing <Task(PythonOperator): etl_user> on 2023-08-26 21:53:00+00:00
[2023-08-26T21:54:04.106+0000] {standard_task_runner.py:57} INFO - Started process 333788 to run task
[2023-08-26T21:54:04.115+0000] {standard_task_runner.py:84} INFO - Running: ['airflow', 'tasks', 'run', 'gaas_etl_1', 'etl_user', 'scheduled__2023-08-26T21:53:00+00:00', '--job-id', '3212', '--raw', '--subdir', 'DAGS_FOLDER/dag_etl.py', '--cfg-path', '/tmp/tmps9q3q4em']
[2023-08-26T21:54:04.121+0000] {standard_task_runner.py:85} INFO - Job 3212: Subtask etl_user
[2023-08-26T21:54:04.695+0000] {task_command.py:415} INFO - Running <TaskInstance: gaas_etl_1.etl_user scheduled__2023-08-26T21:53:00+00:00 [running]> on host data-system.us-central1-a.c.data-system-392010.internal
[2023-08-26T21:54:04.997+0000] {taskinstance.py:1660} INFO - Exporting env vars: AIRFLOW_CTX_DAG_EMAIL='hungnm15012002@gmail.com' AIRFLOW_CTX_DAG_OWNER='hungnm' AIRFLOW_CTX_DAG_ID='gaas_etl_1' AIRFLOW_CTX_TASK_ID='etl_user' AIRFLOW_CTX_EXECUTION_DATE='2023-08-26T21:53:00+00:00' AIRFLOW_CTX_TRY_NUMBER='1' AIRFLOW_CTX_DAG_RUN_ID='scheduled__2023-08-26T21:53:00+00:00'
[2023-08-26T21:54:05.022+0000] {dag_etl.py:28} INFO - Extracting user...
[2023-08-26T21:54:08.773+0000] {extract.py:36} INFO - Request time: 0:00:03.750131
[2023-08-26T21:54:08.957+0000] {extract.py:42} INFO - Create DataFrame time: 0:00:00.183044
[2023-08-26T21:54:08.960+0000] {dag_etl.py:31} INFO - Complete extract user: 0:00:03.937789
[2023-08-26T21:54:08.961+0000] {dag_etl.py:33} INFO - Extracting resource...
[2023-08-26T21:54:10.844+0000] {extract.py:36} INFO - Request time: 0:00:01.882639
[2023-08-26T21:54:10.890+0000] {extract.py:42} INFO - Create DataFrame time: 0:00:00.045798
[2023-08-26T21:54:10.893+0000] {dag_etl.py:36} INFO - Complete extract resource: 0:00:01.932734
[2023-08-26T21:54:10.894+0000] {dag_etl.py:38} INFO - Transforming user...
[2023-08-26T21:54:11.080+0000] {dag_etl.py:42} INFO - Complete transform user: 0:00:00.187459
[2023-08-26T21:54:11.081+0000] {dag_etl.py:44} INFO - transform space_ships...
[2023-08-26T21:54:11.239+0000] {dag_etl.py:47} INFO - Complete transform space_ships: 0:00:00.158768
[2023-08-26T21:54:11.240+0000] {dag_etl.py:49} INFO - transform drones...
[2023-08-26T21:54:11.342+0000] {dag_etl.py:52} INFO - Complete transform drones: 0:00:00.102773
[2023-08-26T21:54:11.343+0000] {dag_etl.py:54} INFO - transform pilots...
[2023-08-26T21:54:11.410+0000] {dag_etl.py:57} INFO - Complete transform pilots: 0:00:00.068588
[2023-08-26T21:54:11.411+0000] {dag_etl.py:59} INFO - transform talents...
[2023-08-26T21:54:11.446+0000] {dag_etl.py:62} INFO - Complete transform talents: 0:00:00.035696
[2023-08-26T21:54:11.447+0000] {dag_etl.py:64} INFO - transform expert_items...
[2023-08-26T21:54:11.474+0000] {dag_etl.py:67} INFO - Complete transform expert_items: 0:00:00.027936
[2023-08-26T21:54:11.475+0000] {dag_etl.py:69} INFO - Loading user...
[2023-08-26T21:54:12.406+0000] {dag_etl.py:72} INFO - Complete load user: 0:00:00.931627
[2023-08-26T21:54:12.406+0000] {dag_etl.py:74} INFO - Loading space_ships...
[2023-08-26T21:54:13.666+0000] {dag_etl.py:77} INFO - Complete load space_ships: 0:00:01.260552
[2023-08-26T21:54:13.667+0000] {dag_etl.py:79} INFO - Loading drones...
[2023-08-26T21:54:15.007+0000] {dag_etl.py:82} INFO - Complete load drones: 0:00:01.340494
[2023-08-26T21:54:15.007+0000] {dag_etl.py:84} INFO - Loading pilots...
[2023-08-26T21:54:17.435+0000] {dag_etl.py:87} INFO - Complete load drones: 0:00:02.428631
[2023-08-26T21:54:17.436+0000] {dag_etl.py:89} INFO - Loading talents...
[2023-08-26T21:54:18.625+0000] {dag_etl.py:92} INFO - Complete load drones: 0:00:01.189880
[2023-08-26T21:54:18.626+0000] {dag_etl.py:94} INFO - Loading expert_items...
[2023-08-26T21:54:19.496+0000] {dag_etl.py:97} INFO - Complete load drones: 0:00:00.870431
[2023-08-26T21:54:19.496+0000] {dag_etl.py:99} INFO - Complete ETL Users in : 0:00:14.474015
[2023-08-26T21:54:19.538+0000] {python.py:194} INFO - Done. Returned value was: None
[2023-08-26T21:54:19.569+0000] {taskinstance.py:1400} INFO - Marking task as SUCCESS. dag_id=gaas_etl_1, task_id=etl_user, execution_date=20230826T215300, start_date=20230826T215404, end_date=20230826T215419
[2023-08-26T21:54:19.660+0000] {local_task_job_runner.py:228} INFO - Task exited with return code 0
[2023-08-26T21:54:19.691+0000] {taskinstance.py:2784} INFO - 0 downstream tasks scheduled from follow-on schedule check
