[2023-08-26T23:38:04.164+0000] {taskinstance.py:1159} INFO - Dependencies all met for dep_context=non-requeueable deps ti=<TaskInstance: gaas_etl_1.etl_user scheduled__2023-08-26T23:37:00+00:00 [queued]>
[2023-08-26T23:38:04.180+0000] {taskinstance.py:1159} INFO - Dependencies all met for dep_context=requeueable deps ti=<TaskInstance: gaas_etl_1.etl_user scheduled__2023-08-26T23:37:00+00:00 [queued]>
[2023-08-26T23:38:04.181+0000] {taskinstance.py:1361} INFO - Starting attempt 1 of 1
[2023-08-26T23:38:04.214+0000] {taskinstance.py:1382} INFO - Executing <Task(PythonOperator): etl_user> on 2023-08-26 23:37:00+00:00
[2023-08-26T23:38:04.224+0000] {standard_task_runner.py:57} INFO - Started process 337935 to run task
[2023-08-26T23:38:04.255+0000] {standard_task_runner.py:84} INFO - Running: ['airflow', 'tasks', 'run', 'gaas_etl_1', 'etl_user', 'scheduled__2023-08-26T23:37:00+00:00', '--job-id', '3524', '--raw', '--subdir', 'DAGS_FOLDER/dag_etl.py', '--cfg-path', '/tmp/tmpc773l64l']
[2023-08-26T23:38:04.274+0000] {standard_task_runner.py:85} INFO - Job 3524: Subtask etl_user
[2023-08-26T23:38:04.565+0000] {task_command.py:415} INFO - Running <TaskInstance: gaas_etl_1.etl_user scheduled__2023-08-26T23:37:00+00:00 [running]> on host data-system.us-central1-a.c.data-system-392010.internal
[2023-08-26T23:38:04.927+0000] {taskinstance.py:1660} INFO - Exporting env vars: AIRFLOW_CTX_DAG_EMAIL='hungnm15012002@gmail.com' AIRFLOW_CTX_DAG_OWNER='hungnm' AIRFLOW_CTX_DAG_ID='gaas_etl_1' AIRFLOW_CTX_TASK_ID='etl_user' AIRFLOW_CTX_EXECUTION_DATE='2023-08-26T23:37:00+00:00' AIRFLOW_CTX_TRY_NUMBER='1' AIRFLOW_CTX_DAG_RUN_ID='scheduled__2023-08-26T23:37:00+00:00'
[2023-08-26T23:38:04.946+0000] {dag_etl.py:28} INFO - Extracting user...
[2023-08-26T23:38:08.092+0000] {extract.py:36} INFO - Request time: 0:00:03.145857
[2023-08-26T23:38:08.428+0000] {extract.py:42} INFO - Create DataFrame time: 0:00:00.334863
[2023-08-26T23:38:08.431+0000] {dag_etl.py:31} INFO - Complete extract user: 0:00:03.484586
[2023-08-26T23:38:08.431+0000] {dag_etl.py:33} INFO - Extracting resource...
[2023-08-26T23:38:10.166+0000] {extract.py:36} INFO - Request time: 0:00:01.734318
[2023-08-26T23:38:10.297+0000] {extract.py:42} INFO - Create DataFrame time: 0:00:00.130285
[2023-08-26T23:38:10.304+0000] {dag_etl.py:36} INFO - Complete extract resource: 0:00:01.873182
[2023-08-26T23:38:10.305+0000] {dag_etl.py:38} INFO - Transforming user...
[2023-08-26T23:38:10.613+0000] {dag_etl.py:42} INFO - Complete transform user: 0:00:00.308995
[2023-08-26T23:38:10.613+0000] {dag_etl.py:44} INFO - transform space_ships...
[2023-08-26T23:38:10.860+0000] {dag_etl.py:47} INFO - Complete transform space_ships: 0:00:00.246774
[2023-08-26T23:38:10.866+0000] {dag_etl.py:49} INFO - transform drones...
[2023-08-26T23:38:11.063+0000] {dag_etl.py:52} INFO - Complete transform drones: 0:00:00.203439
[2023-08-26T23:38:11.064+0000] {dag_etl.py:54} INFO - transform pilots...
[2023-08-26T23:38:11.162+0000] {dag_etl.py:57} INFO - Complete transform pilots: 0:00:00.098978
[2023-08-26T23:38:11.177+0000] {dag_etl.py:59} INFO - transform talents...
[2023-08-26T23:38:11.233+0000] {dag_etl.py:62} INFO - Complete transform talents: 0:00:00.070698
[2023-08-26T23:38:11.233+0000] {dag_etl.py:64} INFO - transform expert_items...
[2023-08-26T23:38:11.285+0000] {dag_etl.py:67} INFO - Complete transform expert_items: 0:00:00.052500
[2023-08-26T23:38:11.286+0000] {dag_etl.py:69} INFO - Loading user...
[2023-08-26T23:38:12.049+0000] {dag_etl.py:72} INFO - Complete load user: 0:00:00.764117
[2023-08-26T23:38:12.050+0000] {dag_etl.py:74} INFO - Loading space_ships...
[2023-08-26T23:38:13.075+0000] {dag_etl.py:77} INFO - Complete load space_ships: 0:00:01.025455
[2023-08-26T23:38:13.075+0000] {dag_etl.py:79} INFO - Loading drones...
[2023-08-26T23:38:14.094+0000] {dag_etl.py:82} INFO - Complete load drones: 0:00:01.018890
[2023-08-26T23:38:14.094+0000] {dag_etl.py:84} INFO - Loading pilots...
[2023-08-26T23:38:15.847+0000] {dag_etl.py:87} INFO - Complete load drones: 0:00:01.753581
[2023-08-26T23:38:15.848+0000] {dag_etl.py:89} INFO - Loading talents...
[2023-08-26T23:38:16.709+0000] {dag_etl.py:92} INFO - Complete load drones: 0:00:00.862191
[2023-08-26T23:38:16.710+0000] {dag_etl.py:94} INFO - Loading expert_items...
[2023-08-26T23:38:17.380+0000] {dag_etl.py:97} INFO - Complete load drones: 0:00:00.670280
[2023-08-26T23:38:17.380+0000] {dag_etl.py:99} INFO - Complete ETL Users in : 0:00:12.434239
[2023-08-26T23:38:17.396+0000] {python.py:194} INFO - Done. Returned value was: None
[2023-08-26T23:38:17.417+0000] {taskinstance.py:1400} INFO - Marking task as SUCCESS. dag_id=gaas_etl_1, task_id=etl_user, execution_date=20230826T233700, start_date=20230826T233804, end_date=20230826T233817
[2023-08-26T23:38:17.500+0000] {local_task_job_runner.py:228} INFO - Task exited with return code 0
[2023-08-26T23:38:17.529+0000] {taskinstance.py:2784} INFO - 0 downstream tasks scheduled from follow-on schedule check
