[2023-08-28T00:19:08.435+0000] {taskinstance.py:1159} INFO - Dependencies all met for dep_context=non-requeueable deps ti=<TaskInstance: gaas_etl_1.etl_user scheduled__2023-08-28T00:18:00+00:00 [queued]>
[2023-08-28T00:19:08.467+0000] {taskinstance.py:1159} INFO - Dependencies all met for dep_context=requeueable deps ti=<TaskInstance: gaas_etl_1.etl_user scheduled__2023-08-28T00:18:00+00:00 [queued]>
[2023-08-28T00:19:08.468+0000] {taskinstance.py:1361} INFO - Starting attempt 1 of 1
[2023-08-28T00:19:08.509+0000] {taskinstance.py:1382} INFO - Executing <Task(PythonOperator): etl_user> on 2023-08-28 00:18:00+00:00
[2023-08-28T00:19:08.523+0000] {standard_task_runner.py:57} INFO - Started process 478928 to run task
[2023-08-28T00:19:08.534+0000] {standard_task_runner.py:84} INFO - Running: ['airflow', 'tasks', 'run', 'gaas_etl_1', 'etl_user', 'scheduled__2023-08-28T00:18:00+00:00', '--job-id', '7967', '--raw', '--subdir', 'DAGS_FOLDER/dag_etl.py', '--cfg-path', '/tmp/tmpozsi7cs0']
[2023-08-28T00:19:08.544+0000] {standard_task_runner.py:85} INFO - Job 7967: Subtask etl_user
[2023-08-28T00:19:09.554+0000] {task_command.py:415} INFO - Running <TaskInstance: gaas_etl_1.etl_user scheduled__2023-08-28T00:18:00+00:00 [running]> on host data-system.us-central1-a.c.data-system-392010.internal
[2023-08-28T00:19:10.140+0000] {taskinstance.py:1660} INFO - Exporting env vars: AIRFLOW_CTX_DAG_EMAIL='hungnm15012002@gmail.com' AIRFLOW_CTX_DAG_OWNER='hungnm' AIRFLOW_CTX_DAG_ID='gaas_etl_1' AIRFLOW_CTX_TASK_ID='etl_user' AIRFLOW_CTX_EXECUTION_DATE='2023-08-28T00:18:00+00:00' AIRFLOW_CTX_TRY_NUMBER='1' AIRFLOW_CTX_DAG_RUN_ID='scheduled__2023-08-28T00:18:00+00:00'
[2023-08-28T00:19:10.160+0000] {dag_etl.py:28} INFO - Extracting user...
[2023-08-28T00:19:15.223+0000] {extract.py:36} INFO - Request time: 0:00:05.062965
[2023-08-28T00:19:15.540+0000] {extract.py:42} INFO - Create DataFrame time: 0:00:00.315828
[2023-08-28T00:19:15.544+0000] {dag_etl.py:31} INFO - Complete extract user: 0:00:05.383760
[2023-08-28T00:19:15.545+0000] {dag_etl.py:33} INFO - Extracting resource...
[2023-08-28T00:19:21.298+0000] {extract.py:36} INFO - Request time: 0:00:05.752814
[2023-08-28T00:19:21.334+0000] {extract.py:42} INFO - Create DataFrame time: 0:00:00.035146
[2023-08-28T00:19:21.337+0000] {dag_etl.py:36} INFO - Complete extract resource: 0:00:05.793116
[2023-08-28T00:19:21.338+0000] {dag_etl.py:38} INFO - Transforming user...
[2023-08-28T00:19:21.468+0000] {dag_etl.py:42} INFO - Complete transform user: 0:00:00.131033
[2023-08-28T00:19:21.468+0000] {dag_etl.py:44} INFO - transform space_ships...
[2023-08-28T00:19:21.562+0000] {dag_etl.py:47} INFO - Complete transform space_ships: 0:00:00.094224
[2023-08-28T00:19:21.562+0000] {dag_etl.py:49} INFO - transform drones...
[2023-08-28T00:19:21.626+0000] {dag_etl.py:52} INFO - Complete transform drones: 0:00:00.064307
[2023-08-28T00:19:21.627+0000] {dag_etl.py:54} INFO - transform pilots...
[2023-08-28T00:19:21.669+0000] {dag_etl.py:57} INFO - Complete transform pilots: 0:00:00.042866
[2023-08-28T00:19:21.670+0000] {dag_etl.py:59} INFO - transform talents...
[2023-08-28T00:19:21.693+0000] {dag_etl.py:62} INFO - Complete transform talents: 0:00:00.024146
[2023-08-28T00:19:21.694+0000] {dag_etl.py:64} INFO - transform expert_items...
[2023-08-28T00:19:21.718+0000] {dag_etl.py:67} INFO - Complete transform expert_items: 0:00:00.024749
[2023-08-28T00:19:21.718+0000] {dag_etl.py:69} INFO - Loading user...
[2023-08-28T00:19:22.715+0000] {dag_etl.py:72} INFO - Complete load user: 0:00:00.996512
[2023-08-28T00:19:22.715+0000] {dag_etl.py:74} INFO - Loading space_ships...
[2023-08-28T00:19:23.526+0000] {dag_etl.py:77} INFO - Complete load space_ships: 0:00:00.811267
[2023-08-28T00:19:23.526+0000] {dag_etl.py:79} INFO - Loading drones...
[2023-08-28T00:19:24.242+0000] {dag_etl.py:82} INFO - Complete load drones: 0:00:00.716179
[2023-08-28T00:19:24.242+0000] {dag_etl.py:84} INFO - Loading pilots...
[2023-08-28T00:19:25.253+0000] {dag_etl.py:87} INFO - Complete load drones: 0:00:01.011401
[2023-08-28T00:19:25.254+0000] {dag_etl.py:89} INFO - Loading talents...
[2023-08-28T00:19:26.023+0000] {dag_etl.py:92} INFO - Complete load drones: 0:00:00.769571
[2023-08-28T00:19:26.023+0000] {dag_etl.py:94} INFO - Loading expert_items...
[2023-08-28T00:19:26.647+0000] {dag_etl.py:97} INFO - Complete load drones: 0:00:00.624370
[2023-08-28T00:19:26.648+0000] {dag_etl.py:99} INFO - Complete ETL Users in : 0:00:16.488068
[2023-08-28T00:19:26.661+0000] {python.py:194} INFO - Done. Returned value was: None
[2023-08-28T00:19:26.686+0000] {taskinstance.py:1400} INFO - Marking task as SUCCESS. dag_id=gaas_etl_1, task_id=etl_user, execution_date=20230828T001800, start_date=20230828T001908, end_date=20230828T001926
[2023-08-28T00:19:26.779+0000] {local_task_job_runner.py:228} INFO - Task exited with return code 0
[2023-08-28T00:19:26.808+0000] {taskinstance.py:2784} INFO - 0 downstream tasks scheduled from follow-on schedule check
