[2023-08-26T19:19:05.216+0000] {taskinstance.py:1159} INFO - Dependencies all met for dep_context=non-requeueable deps ti=<TaskInstance: gaas_etl_1.etl_user scheduled__2023-08-26T19:18:00+00:00 [queued]>
[2023-08-26T19:19:05.233+0000] {taskinstance.py:1159} INFO - Dependencies all met for dep_context=requeueable deps ti=<TaskInstance: gaas_etl_1.etl_user scheduled__2023-08-26T19:18:00+00:00 [queued]>
[2023-08-26T19:19:05.233+0000] {taskinstance.py:1361} INFO - Starting attempt 1 of 1
[2023-08-26T19:19:05.262+0000] {taskinstance.py:1382} INFO - Executing <Task(PythonOperator): etl_user> on 2023-08-26 19:18:00+00:00
[2023-08-26T19:19:05.270+0000] {standard_task_runner.py:57} INFO - Started process 327671 to run task
[2023-08-26T19:19:05.285+0000] {standard_task_runner.py:84} INFO - Running: ['airflow', 'tasks', 'run', 'gaas_etl_1', 'etl_user', 'scheduled__2023-08-26T19:18:00+00:00', '--job-id', '2746', '--raw', '--subdir', 'DAGS_FOLDER/dag_etl.py', '--cfg-path', '/tmp/tmpl6klfy5o']
[2023-08-26T19:19:05.290+0000] {standard_task_runner.py:85} INFO - Job 2746: Subtask etl_user
[2023-08-26T19:19:05.550+0000] {task_command.py:415} INFO - Running <TaskInstance: gaas_etl_1.etl_user scheduled__2023-08-26T19:18:00+00:00 [running]> on host data-system.us-central1-a.c.data-system-392010.internal
[2023-08-26T19:19:06.164+0000] {taskinstance.py:1660} INFO - Exporting env vars: AIRFLOW_CTX_DAG_EMAIL='hungnm15012002@gmail.com' AIRFLOW_CTX_DAG_OWNER='hungnm' AIRFLOW_CTX_DAG_ID='gaas_etl_1' AIRFLOW_CTX_TASK_ID='etl_user' AIRFLOW_CTX_EXECUTION_DATE='2023-08-26T19:18:00+00:00' AIRFLOW_CTX_TRY_NUMBER='1' AIRFLOW_CTX_DAG_RUN_ID='scheduled__2023-08-26T19:18:00+00:00'
[2023-08-26T19:19:06.191+0000] {dag_etl.py:28} INFO - Extracting user...
[2023-08-26T19:19:22.968+0000] {extract.py:36} INFO - Request time: 0:00:16.776411
[2023-08-26T19:19:23.937+0000] {extract.py:42} INFO - Create DataFrame time: 0:00:00.967837
[2023-08-26T19:19:23.946+0000] {dag_etl.py:31} INFO - Complete extract user: 0:00:17.755043
[2023-08-26T19:19:23.947+0000] {dag_etl.py:33} INFO - Extracting resource...
[2023-08-26T19:19:37.399+0000] {extract.py:36} INFO - Request time: 0:00:13.451665
[2023-08-26T19:19:37.473+0000] {extract.py:42} INFO - Create DataFrame time: 0:00:00.073778
[2023-08-26T19:19:37.476+0000] {dag_etl.py:36} INFO - Complete extract resource: 0:00:13.529965
[2023-08-26T19:19:37.477+0000] {dag_etl.py:38} INFO - Transforming user...
[2023-08-26T19:19:37.737+0000] {dag_etl.py:42} INFO - Complete transform user: 0:00:00.261108
[2023-08-26T19:19:37.737+0000] {dag_etl.py:44} INFO - transform space_ships...
[2023-08-26T19:19:37.910+0000] {dag_etl.py:47} INFO - Complete transform space_ships: 0:00:00.172850
[2023-08-26T19:19:37.910+0000] {dag_etl.py:49} INFO - transform drones...
[2023-08-26T19:19:38.055+0000] {dag_etl.py:52} INFO - Complete transform drones: 0:00:00.145209
[2023-08-26T19:19:38.055+0000] {dag_etl.py:54} INFO - transform pilots...
[2023-08-26T19:19:38.153+0000] {dag_etl.py:57} INFO - Complete transform pilots: 0:00:00.098332
[2023-08-26T19:19:38.154+0000] {dag_etl.py:59} INFO - transform talents...
[2023-08-26T19:19:38.199+0000] {dag_etl.py:62} INFO - Complete transform talents: 0:00:00.045641
[2023-08-26T19:19:38.199+0000] {dag_etl.py:64} INFO - transform expert_items...
[2023-08-26T19:19:38.235+0000] {dag_etl.py:67} INFO - Complete transform expert_items: 0:00:00.036393
[2023-08-26T19:19:38.236+0000] {dag_etl.py:69} INFO - Loading user...
[2023-08-26T19:19:40.737+0000] {dag_etl.py:72} INFO - Complete load user: 0:00:02.501874
[2023-08-26T19:19:40.738+0000] {dag_etl.py:74} INFO - Loading space_ships...
[2023-08-26T19:19:43.976+0000] {dag_etl.py:77} INFO - Complete load space_ships: 0:00:03.238628
[2023-08-26T19:19:43.976+0000] {dag_etl.py:79} INFO - Loading drones...
[2023-08-26T19:19:46.719+0000] {dag_etl.py:82} INFO - Complete load drones: 0:00:02.742992
[2023-08-26T19:19:46.720+0000] {dag_etl.py:84} INFO - Loading pilots...
[2023-08-26T19:19:50.499+0000] {dag_etl.py:87} INFO - Complete load drones: 0:00:03.779667
[2023-08-26T19:19:50.499+0000] {dag_etl.py:89} INFO - Loading talents...
[2023-08-26T19:19:52.955+0000] {dag_etl.py:92} INFO - Complete load drones: 0:00:02.456550
[2023-08-26T19:19:52.956+0000] {dag_etl.py:94} INFO - Loading expert_items...
[2023-08-26T19:19:54.729+0000] {dag_etl.py:97} INFO - Complete load drones: 0:00:01.774242
[2023-08-26T19:19:54.730+0000] {dag_etl.py:99} INFO - Complete ETL Users in : 0:00:48.539054
[2023-08-26T19:19:54.769+0000] {python.py:194} INFO - Done. Returned value was: None
[2023-08-26T19:19:54.784+0000] {taskinstance.py:1400} INFO - Marking task as SUCCESS. dag_id=gaas_etl_1, task_id=etl_user, execution_date=20230826T191800, start_date=20230826T191905, end_date=20230826T191954
[2023-08-26T19:19:54.847+0000] {local_task_job_runner.py:228} INFO - Task exited with return code 0
[2023-08-26T19:19:54.867+0000] {taskinstance.py:2784} INFO - 0 downstream tasks scheduled from follow-on schedule check
