[2023-08-27T01:53:04.757+0000] {taskinstance.py:1159} INFO - Dependencies all met for dep_context=non-requeueable deps ti=<TaskInstance: gaas_etl_1.etl_user scheduled__2023-08-27T01:52:00+00:00 [queued]>
[2023-08-27T01:53:04.778+0000] {taskinstance.py:1159} INFO - Dependencies all met for dep_context=requeueable deps ti=<TaskInstance: gaas_etl_1.etl_user scheduled__2023-08-27T01:52:00+00:00 [queued]>
[2023-08-27T01:53:04.779+0000] {taskinstance.py:1361} INFO - Starting attempt 1 of 1
[2023-08-27T01:53:04.816+0000] {taskinstance.py:1382} INFO - Executing <Task(PythonOperator): etl_user> on 2023-08-27 01:52:00+00:00
[2023-08-27T01:53:04.827+0000] {standard_task_runner.py:57} INFO - Started process 343378 to run task
[2023-08-27T01:53:04.842+0000] {standard_task_runner.py:84} INFO - Running: ['airflow', 'tasks', 'run', 'gaas_etl_1', 'etl_user', 'scheduled__2023-08-27T01:52:00+00:00', '--job-id', '3928', '--raw', '--subdir', 'DAGS_FOLDER/dag_etl.py', '--cfg-path', '/tmp/tmpqaghlni0']
[2023-08-27T01:53:04.848+0000] {standard_task_runner.py:85} INFO - Job 3928: Subtask etl_user
[2023-08-27T01:53:05.165+0000] {task_command.py:415} INFO - Running <TaskInstance: gaas_etl_1.etl_user scheduled__2023-08-27T01:52:00+00:00 [running]> on host data-system.us-central1-a.c.data-system-392010.internal
[2023-08-27T01:53:05.555+0000] {taskinstance.py:1660} INFO - Exporting env vars: AIRFLOW_CTX_DAG_EMAIL='hungnm15012002@gmail.com' AIRFLOW_CTX_DAG_OWNER='hungnm' AIRFLOW_CTX_DAG_ID='gaas_etl_1' AIRFLOW_CTX_TASK_ID='etl_user' AIRFLOW_CTX_EXECUTION_DATE='2023-08-27T01:52:00+00:00' AIRFLOW_CTX_TRY_NUMBER='1' AIRFLOW_CTX_DAG_RUN_ID='scheduled__2023-08-27T01:52:00+00:00'
[2023-08-27T01:53:05.577+0000] {dag_etl.py:28} INFO - Extracting user...
[2023-08-27T01:53:09.135+0000] {extract.py:36} INFO - Request time: 0:00:03.557599
[2023-08-27T01:53:09.515+0000] {extract.py:42} INFO - Create DataFrame time: 0:00:00.379544
[2023-08-27T01:53:09.518+0000] {dag_etl.py:31} INFO - Complete extract user: 0:00:03.941576
[2023-08-27T01:53:09.519+0000] {dag_etl.py:33} INFO - Extracting resource...
[2023-08-27T01:53:11.021+0000] {extract.py:36} INFO - Request time: 0:00:01.502271
[2023-08-27T01:53:11.077+0000] {extract.py:42} INFO - Create DataFrame time: 0:00:00.055125
[2023-08-27T01:53:11.081+0000] {dag_etl.py:36} INFO - Complete extract resource: 0:00:01.562801
[2023-08-27T01:53:11.082+0000] {dag_etl.py:38} INFO - Transforming user...
[2023-08-27T01:53:11.287+0000] {dag_etl.py:42} INFO - Complete transform user: 0:00:00.205821
[2023-08-27T01:53:11.288+0000] {dag_etl.py:44} INFO - transform space_ships...
[2023-08-27T01:53:11.405+0000] {dag_etl.py:47} INFO - Complete transform space_ships: 0:00:00.117928
[2023-08-27T01:53:11.406+0000] {dag_etl.py:49} INFO - transform drones...
[2023-08-27T01:53:11.489+0000] {dag_etl.py:52} INFO - Complete transform drones: 0:00:00.084068
[2023-08-27T01:53:11.490+0000] {dag_etl.py:54} INFO - transform pilots...
[2023-08-27T01:53:11.553+0000] {dag_etl.py:57} INFO - Complete transform pilots: 0:00:00.063518
[2023-08-27T01:53:11.553+0000] {dag_etl.py:59} INFO - transform talents...
[2023-08-27T01:53:11.589+0000] {dag_etl.py:62} INFO - Complete transform talents: 0:00:00.036104
[2023-08-27T01:53:11.589+0000] {dag_etl.py:64} INFO - transform expert_items...
[2023-08-27T01:53:11.619+0000] {dag_etl.py:67} INFO - Complete transform expert_items: 0:00:00.030407
[2023-08-27T01:53:11.620+0000] {dag_etl.py:69} INFO - Loading user...
[2023-08-27T01:53:12.484+0000] {dag_etl.py:72} INFO - Complete load user: 0:00:00.864868
[2023-08-27T01:53:12.485+0000] {dag_etl.py:74} INFO - Loading space_ships...
[2023-08-27T01:53:13.595+0000] {dag_etl.py:77} INFO - Complete load space_ships: 0:00:01.111264
[2023-08-27T01:53:13.596+0000] {dag_etl.py:79} INFO - Loading drones...
[2023-08-27T01:53:14.655+0000] {dag_etl.py:82} INFO - Complete load drones: 0:00:01.060153
[2023-08-27T01:53:14.656+0000] {dag_etl.py:84} INFO - Loading pilots...
[2023-08-27T01:53:16.390+0000] {dag_etl.py:87} INFO - Complete load drones: 0:00:01.735029
[2023-08-27T01:53:16.392+0000] {dag_etl.py:89} INFO - Loading talents...
[2023-08-27T01:53:17.457+0000] {dag_etl.py:92} INFO - Complete load drones: 0:00:01.066227
[2023-08-27T01:53:17.457+0000] {dag_etl.py:94} INFO - Loading expert_items...
[2023-08-27T01:53:18.153+0000] {dag_etl.py:97} INFO - Complete load drones: 0:00:00.696642
[2023-08-27T01:53:18.154+0000] {dag_etl.py:99} INFO - Complete ETL Users in : 0:00:12.576866
[2023-08-27T01:53:18.170+0000] {python.py:194} INFO - Done. Returned value was: None
[2023-08-27T01:53:18.194+0000] {taskinstance.py:1400} INFO - Marking task as SUCCESS. dag_id=gaas_etl_1, task_id=etl_user, execution_date=20230827T015200, start_date=20230827T015304, end_date=20230827T015318
[2023-08-27T01:53:18.246+0000] {local_task_job_runner.py:228} INFO - Task exited with return code 0
[2023-08-27T01:53:18.277+0000] {taskinstance.py:2784} INFO - 0 downstream tasks scheduled from follow-on schedule check
