[2023-08-27T12:36:06.377+0000] {taskinstance.py:1159} INFO - Dependencies all met for dep_context=non-requeueable deps ti=<TaskInstance: gaas_etl_1.etl_user scheduled__2023-08-27T12:35:00+00:00 [queued]>
[2023-08-27T12:36:06.394+0000] {taskinstance.py:1159} INFO - Dependencies all met for dep_context=requeueable deps ti=<TaskInstance: gaas_etl_1.etl_user scheduled__2023-08-27T12:35:00+00:00 [queued]>
[2023-08-27T12:36:06.394+0000] {taskinstance.py:1361} INFO - Starting attempt 1 of 1
[2023-08-27T12:36:06.424+0000] {taskinstance.py:1382} INFO - Executing <Task(PythonOperator): etl_user> on 2023-08-27 12:35:00+00:00
[2023-08-27T12:36:06.433+0000] {standard_task_runner.py:57} INFO - Started process 405092 to run task
[2023-08-27T12:36:06.448+0000] {standard_task_runner.py:84} INFO - Running: ['airflow', 'tasks', 'run', 'gaas_etl_1', 'etl_user', 'scheduled__2023-08-27T12:35:00+00:00', '--job-id', '5859', '--raw', '--subdir', 'DAGS_FOLDER/dag_etl.py', '--cfg-path', '/tmp/tmp4nnyapz5']
[2023-08-27T12:36:06.453+0000] {standard_task_runner.py:85} INFO - Job 5859: Subtask etl_user
[2023-08-27T12:36:07.343+0000] {task_command.py:415} INFO - Running <TaskInstance: gaas_etl_1.etl_user scheduled__2023-08-27T12:35:00+00:00 [running]> on host data-system.us-central1-a.c.data-system-392010.internal
[2023-08-27T12:36:07.871+0000] {taskinstance.py:1660} INFO - Exporting env vars: AIRFLOW_CTX_DAG_EMAIL='hungnm15012002@gmail.com' AIRFLOW_CTX_DAG_OWNER='hungnm' AIRFLOW_CTX_DAG_ID='gaas_etl_1' AIRFLOW_CTX_TASK_ID='etl_user' AIRFLOW_CTX_EXECUTION_DATE='2023-08-27T12:35:00+00:00' AIRFLOW_CTX_TRY_NUMBER='1' AIRFLOW_CTX_DAG_RUN_ID='scheduled__2023-08-27T12:35:00+00:00'
[2023-08-27T12:36:07.887+0000] {dag_etl.py:28} INFO - Extracting user...
[2023-08-27T12:36:13.138+0000] {extract.py:36} INFO - Request time: 0:00:05.250122
[2023-08-27T12:36:13.632+0000] {extract.py:42} INFO - Create DataFrame time: 0:00:00.493683
[2023-08-27T12:36:13.637+0000] {dag_etl.py:31} INFO - Complete extract user: 0:00:05.749386
[2023-08-27T12:36:13.638+0000] {dag_etl.py:33} INFO - Extracting resource...
[2023-08-27T12:36:15.744+0000] {extract.py:36} INFO - Request time: 0:00:02.106242
[2023-08-27T12:36:15.896+0000] {extract.py:42} INFO - Create DataFrame time: 0:00:00.150527
[2023-08-27T12:36:15.899+0000] {dag_etl.py:36} INFO - Complete extract resource: 0:00:02.262134
[2023-08-27T12:36:15.900+0000] {dag_etl.py:38} INFO - Transforming user...
[2023-08-27T12:36:16.365+0000] {dag_etl.py:42} INFO - Complete transform user: 0:00:00.465865
[2023-08-27T12:36:16.366+0000] {dag_etl.py:44} INFO - transform space_ships...
[2023-08-27T12:36:16.643+0000] {dag_etl.py:47} INFO - Complete transform space_ships: 0:00:00.277794
[2023-08-27T12:36:16.643+0000] {dag_etl.py:49} INFO - transform drones...
[2023-08-27T12:36:16.803+0000] {dag_etl.py:52} INFO - Complete transform drones: 0:00:00.160252
[2023-08-27T12:36:16.803+0000] {dag_etl.py:54} INFO - transform pilots...
[2023-08-27T12:36:16.912+0000] {dag_etl.py:57} INFO - Complete transform pilots: 0:00:00.109312
[2023-08-27T12:36:16.913+0000] {dag_etl.py:59} INFO - transform talents...
[2023-08-27T12:36:16.966+0000] {dag_etl.py:62} INFO - Complete transform talents: 0:00:00.053646
[2023-08-27T12:36:16.966+0000] {dag_etl.py:64} INFO - transform expert_items...
[2023-08-27T12:36:17.014+0000] {dag_etl.py:67} INFO - Complete transform expert_items: 0:00:00.047903
[2023-08-27T12:36:17.014+0000] {dag_etl.py:69} INFO - Loading user...
[2023-08-27T12:36:18.905+0000] {dag_etl.py:72} INFO - Complete load user: 0:00:01.891392
[2023-08-27T12:36:18.906+0000] {dag_etl.py:74} INFO - Loading space_ships...
[2023-08-27T12:36:22.265+0000] {dag_etl.py:77} INFO - Complete load space_ships: 0:00:03.359960
[2023-08-27T12:36:22.266+0000] {dag_etl.py:79} INFO - Loading drones...
[2023-08-27T12:36:24.474+0000] {dag_etl.py:82} INFO - Complete load drones: 0:00:02.208766
[2023-08-27T12:36:24.474+0000] {dag_etl.py:84} INFO - Loading pilots...
[2023-08-27T12:36:27.709+0000] {dag_etl.py:87} INFO - Complete load drones: 0:00:03.235450
[2023-08-27T12:36:27.710+0000] {dag_etl.py:89} INFO - Loading talents...
[2023-08-27T12:36:29.537+0000] {dag_etl.py:92} INFO - Complete load drones: 0:00:01.827496
[2023-08-27T12:36:29.537+0000] {dag_etl.py:94} INFO - Loading expert_items...
[2023-08-27T12:36:30.781+0000] {dag_etl.py:97} INFO - Complete load drones: 0:00:01.243990
[2023-08-27T12:36:30.781+0000] {dag_etl.py:99} INFO - Complete ETL Users in : 0:00:22.893903
[2023-08-27T12:36:30.814+0000] {python.py:194} INFO - Done. Returned value was: None
[2023-08-27T12:36:30.837+0000] {taskinstance.py:1400} INFO - Marking task as SUCCESS. dag_id=gaas_etl_1, task_id=etl_user, execution_date=20230827T123500, start_date=20230827T123606, end_date=20230827T123630
[2023-08-27T12:36:30.886+0000] {local_task_job_runner.py:228} INFO - Task exited with return code 0
[2023-08-27T12:36:30.918+0000] {taskinstance.py:2784} INFO - 0 downstream tasks scheduled from follow-on schedule check
