[2023-08-27T20:48:06.790+0000] {taskinstance.py:1159} INFO - Dependencies all met for dep_context=non-requeueable deps ti=<TaskInstance: gaas_etl_1.etl_user scheduled__2023-08-27T20:47:00+00:00 [queued]>
[2023-08-27T20:48:06.808+0000] {taskinstance.py:1159} INFO - Dependencies all met for dep_context=requeueable deps ti=<TaskInstance: gaas_etl_1.etl_user scheduled__2023-08-27T20:47:00+00:00 [queued]>
[2023-08-27T20:48:06.813+0000] {taskinstance.py:1361} INFO - Starting attempt 1 of 1
[2023-08-27T20:48:06.849+0000] {taskinstance.py:1382} INFO - Executing <Task(PythonOperator): etl_user> on 2023-08-27 20:47:00+00:00
[2023-08-27T20:48:06.859+0000] {standard_task_runner.py:57} INFO - Started process 456842 to run task
[2023-08-27T20:48:06.874+0000] {standard_task_runner.py:84} INFO - Running: ['airflow', 'tasks', 'run', 'gaas_etl_1', 'etl_user', 'scheduled__2023-08-27T20:47:00+00:00', '--job-id', '7335', '--raw', '--subdir', 'DAGS_FOLDER/dag_etl.py', '--cfg-path', '/tmp/tmpovt2mh51']
[2023-08-27T20:48:06.879+0000] {standard_task_runner.py:85} INFO - Job 7335: Subtask etl_user
[2023-08-27T20:48:07.369+0000] {task_command.py:415} INFO - Running <TaskInstance: gaas_etl_1.etl_user scheduled__2023-08-27T20:47:00+00:00 [running]> on host data-system.us-central1-a.c.data-system-392010.internal
[2023-08-27T20:48:08.337+0000] {taskinstance.py:1660} INFO - Exporting env vars: AIRFLOW_CTX_DAG_EMAIL='hungnm15012002@gmail.com' AIRFLOW_CTX_DAG_OWNER='hungnm' AIRFLOW_CTX_DAG_ID='gaas_etl_1' AIRFLOW_CTX_TASK_ID='etl_user' AIRFLOW_CTX_EXECUTION_DATE='2023-08-27T20:47:00+00:00' AIRFLOW_CTX_TRY_NUMBER='1' AIRFLOW_CTX_DAG_RUN_ID='scheduled__2023-08-27T20:47:00+00:00'
[2023-08-27T20:48:08.356+0000] {dag_etl.py:28} INFO - Extracting user...
[2023-08-27T20:48:14.121+0000] {extract.py:36} INFO - Request time: 0:00:05.764006
[2023-08-27T20:48:14.604+0000] {extract.py:42} INFO - Create DataFrame time: 0:00:00.482222
[2023-08-27T20:48:14.609+0000] {dag_etl.py:31} INFO - Complete extract user: 0:00:06.252169
[2023-08-27T20:48:14.610+0000] {dag_etl.py:33} INFO - Extracting resource...
[2023-08-27T20:48:16.529+0000] {extract.py:36} INFO - Request time: 0:00:01.917938
[2023-08-27T20:48:16.618+0000] {extract.py:42} INFO - Create DataFrame time: 0:00:00.088320
[2023-08-27T20:48:16.622+0000] {dag_etl.py:36} INFO - Complete extract resource: 0:00:02.013163
[2023-08-27T20:48:16.624+0000] {dag_etl.py:38} INFO - Transforming user...
[2023-08-27T20:48:16.823+0000] {dag_etl.py:42} INFO - Complete transform user: 0:00:00.201556
[2023-08-27T20:48:16.824+0000] {dag_etl.py:44} INFO - transform space_ships...
[2023-08-27T20:48:17.016+0000] {dag_etl.py:47} INFO - Complete transform space_ships: 0:00:00.193074
[2023-08-27T20:48:17.017+0000] {dag_etl.py:49} INFO - transform drones...
[2023-08-27T20:48:17.113+0000] {dag_etl.py:52} INFO - Complete transform drones: 0:00:00.096741
[2023-08-27T20:48:17.114+0000] {dag_etl.py:54} INFO - transform pilots...
[2023-08-27T20:48:17.182+0000] {dag_etl.py:57} INFO - Complete transform pilots: 0:00:00.069124
[2023-08-27T20:48:17.183+0000] {dag_etl.py:59} INFO - transform talents...
[2023-08-27T20:48:17.218+0000] {dag_etl.py:62} INFO - Complete transform talents: 0:00:00.035997
[2023-08-27T20:48:17.219+0000] {dag_etl.py:64} INFO - transform expert_items...
[2023-08-27T20:48:17.256+0000] {dag_etl.py:67} INFO - Complete transform expert_items: 0:00:00.037823
[2023-08-27T20:48:17.257+0000] {dag_etl.py:69} INFO - Loading user...
[2023-08-27T20:48:18.876+0000] {dag_etl.py:72} INFO - Complete load user: 0:00:01.619878
[2023-08-27T20:48:18.877+0000] {dag_etl.py:74} INFO - Loading space_ships...
[2023-08-27T20:48:20.485+0000] {dag_etl.py:77} INFO - Complete load space_ships: 0:00:01.609308
[2023-08-27T20:48:20.486+0000] {dag_etl.py:79} INFO - Loading drones...
[2023-08-27T20:48:22.347+0000] {dag_etl.py:82} INFO - Complete load drones: 0:00:01.862144
[2023-08-27T20:48:22.348+0000] {dag_etl.py:84} INFO - Loading pilots...
[2023-08-27T20:48:24.667+0000] {dag_etl.py:87} INFO - Complete load drones: 0:00:02.319275
[2023-08-27T20:48:24.667+0000] {dag_etl.py:89} INFO - Loading talents...
[2023-08-27T20:48:26.167+0000] {dag_etl.py:92} INFO - Complete load drones: 0:00:01.500198
[2023-08-27T20:48:26.167+0000] {dag_etl.py:94} INFO - Loading expert_items...
[2023-08-27T20:48:27.460+0000] {dag_etl.py:97} INFO - Complete load drones: 0:00:01.293085
[2023-08-27T20:48:27.461+0000] {dag_etl.py:99} INFO - Complete ETL Users in : 0:00:19.104146
[2023-08-27T20:48:27.484+0000] {python.py:194} INFO - Done. Returned value was: None
[2023-08-27T20:48:27.500+0000] {taskinstance.py:1400} INFO - Marking task as SUCCESS. dag_id=gaas_etl_1, task_id=etl_user, execution_date=20230827T204700, start_date=20230827T204806, end_date=20230827T204827
[2023-08-27T20:48:27.552+0000] {local_task_job_runner.py:228} INFO - Task exited with return code 0
[2023-08-27T20:48:27.578+0000] {taskinstance.py:2784} INFO - 0 downstream tasks scheduled from follow-on schedule check
