[2023-08-27T05:28:06.164+0000] {taskinstance.py:1159} INFO - Dependencies all met for dep_context=non-requeueable deps ti=<TaskInstance: gaas_etl_1.etl_user scheduled__2023-08-27T05:27:00+00:00 [queued]>
[2023-08-27T05:28:06.194+0000] {taskinstance.py:1159} INFO - Dependencies all met for dep_context=requeueable deps ti=<TaskInstance: gaas_etl_1.etl_user scheduled__2023-08-27T05:27:00+00:00 [queued]>
[2023-08-27T05:28:06.194+0000] {taskinstance.py:1361} INFO - Starting attempt 1 of 1
[2023-08-27T05:28:06.226+0000] {taskinstance.py:1382} INFO - Executing <Task(PythonOperator): etl_user> on 2023-08-27 05:27:00+00:00
[2023-08-27T05:28:06.239+0000] {standard_task_runner.py:57} INFO - Started process 370692 to run task
[2023-08-27T05:28:06.253+0000] {standard_task_runner.py:84} INFO - Running: ['airflow', 'tasks', 'run', 'gaas_etl_1', 'etl_user', 'scheduled__2023-08-27T05:27:00+00:00', '--job-id', '4574', '--raw', '--subdir', 'DAGS_FOLDER/dag_etl.py', '--cfg-path', '/tmp/tmpyga4i6dq']
[2023-08-27T05:28:06.259+0000] {standard_task_runner.py:85} INFO - Job 4574: Subtask etl_user
[2023-08-27T05:28:06.636+0000] {task_command.py:415} INFO - Running <TaskInstance: gaas_etl_1.etl_user scheduled__2023-08-27T05:27:00+00:00 [running]> on host data-system.us-central1-a.c.data-system-392010.internal
[2023-08-27T05:28:07.444+0000] {taskinstance.py:1660} INFO - Exporting env vars: AIRFLOW_CTX_DAG_EMAIL='hungnm15012002@gmail.com' AIRFLOW_CTX_DAG_OWNER='hungnm' AIRFLOW_CTX_DAG_ID='gaas_etl_1' AIRFLOW_CTX_TASK_ID='etl_user' AIRFLOW_CTX_EXECUTION_DATE='2023-08-27T05:27:00+00:00' AIRFLOW_CTX_TRY_NUMBER='1' AIRFLOW_CTX_DAG_RUN_ID='scheduled__2023-08-27T05:27:00+00:00'
[2023-08-27T05:28:07.463+0000] {dag_etl.py:28} INFO - Extracting user...
[2023-08-27T05:28:28.404+0000] {extract.py:36} INFO - Request time: 0:00:20.937825
[2023-08-27T05:28:29.119+0000] {extract.py:42} INFO - Create DataFrame time: 0:00:00.714595
[2023-08-27T05:28:29.126+0000] {dag_etl.py:31} INFO - Complete extract user: 0:00:21.663201
[2023-08-27T05:28:29.126+0000] {dag_etl.py:33} INFO - Extracting resource...
[2023-08-27T05:28:45.269+0000] {extract.py:36} INFO - Request time: 0:00:16.142557
[2023-08-27T05:28:45.370+0000] {extract.py:42} INFO - Create DataFrame time: 0:00:00.100049
[2023-08-27T05:28:45.372+0000] {dag_etl.py:36} INFO - Complete extract resource: 0:00:16.246623
[2023-08-27T05:28:45.373+0000] {dag_etl.py:38} INFO - Transforming user...
[2023-08-27T05:28:45.646+0000] {dag_etl.py:42} INFO - Complete transform user: 0:00:00.273462
[2023-08-27T05:28:45.646+0000] {dag_etl.py:44} INFO - transform space_ships...
[2023-08-27T05:28:45.883+0000] {dag_etl.py:47} INFO - Complete transform space_ships: 0:00:00.236777
[2023-08-27T05:28:45.883+0000] {dag_etl.py:49} INFO - transform drones...
[2023-08-27T05:28:46.033+0000] {dag_etl.py:52} INFO - Complete transform drones: 0:00:00.150896
[2023-08-27T05:28:46.034+0000] {dag_etl.py:54} INFO - transform pilots...
[2023-08-27T05:28:46.142+0000] {dag_etl.py:57} INFO - Complete transform pilots: 0:00:00.108380
[2023-08-27T05:28:46.142+0000] {dag_etl.py:59} INFO - transform talents...
[2023-08-27T05:28:46.192+0000] {dag_etl.py:62} INFO - Complete transform talents: 0:00:00.050064
[2023-08-27T05:28:46.192+0000] {dag_etl.py:64} INFO - transform expert_items...
[2023-08-27T05:28:46.241+0000] {dag_etl.py:67} INFO - Complete transform expert_items: 0:00:00.049012
[2023-08-27T05:28:46.241+0000] {dag_etl.py:69} INFO - Loading user...
[2023-08-27T05:28:49.179+0000] {dag_etl.py:72} INFO - Complete load user: 0:00:02.938328
[2023-08-27T05:28:49.180+0000] {dag_etl.py:74} INFO - Loading space_ships...
[2023-08-27T05:28:52.749+0000] {dag_etl.py:77} INFO - Complete load space_ships: 0:00:03.570047
[2023-08-27T05:28:52.750+0000] {dag_etl.py:79} INFO - Loading drones...
[2023-08-27T05:28:55.815+0000] {dag_etl.py:82} INFO - Complete load drones: 0:00:03.065610
[2023-08-27T05:28:55.816+0000] {dag_etl.py:84} INFO - Loading pilots...
[2023-08-27T05:28:59.957+0000] {dag_etl.py:87} INFO - Complete load drones: 0:00:04.142396
[2023-08-27T05:28:59.958+0000] {dag_etl.py:89} INFO - Loading talents...
[2023-08-27T05:29:03.461+0000] {dag_etl.py:92} INFO - Complete load drones: 0:00:03.503995
[2023-08-27T05:29:03.462+0000] {dag_etl.py:94} INFO - Loading expert_items...
[2023-08-27T05:29:05.868+0000] {dag_etl.py:97} INFO - Complete load drones: 0:00:02.406457
[2023-08-27T05:29:05.868+0000] {dag_etl.py:99} INFO - Complete ETL Users in : 0:00:58.405873
[2023-08-27T05:29:06.006+0000] {python.py:194} INFO - Done. Returned value was: None
[2023-08-27T05:29:06.039+0000] {taskinstance.py:1400} INFO - Marking task as SUCCESS. dag_id=gaas_etl_1, task_id=etl_user, execution_date=20230827T052700, start_date=20230827T052806, end_date=20230827T052906
[2023-08-27T05:29:06.182+0000] {local_task_job_runner.py:228} INFO - Task exited with return code 0
[2023-08-27T05:29:06.236+0000] {taskinstance.py:2784} INFO - 0 downstream tasks scheduled from follow-on schedule check
