[2023-08-26T13:07:04.469+0000] {taskinstance.py:1159} INFO - Dependencies all met for dep_context=non-requeueable deps ti=<TaskInstance: gaas_etl_1.etl_user scheduled__2023-08-26T13:06:00+00:00 [queued]>
[2023-08-26T13:07:04.491+0000] {taskinstance.py:1159} INFO - Dependencies all met for dep_context=requeueable deps ti=<TaskInstance: gaas_etl_1.etl_user scheduled__2023-08-26T13:06:00+00:00 [queued]>
[2023-08-26T13:07:04.491+0000] {taskinstance.py:1361} INFO - Starting attempt 1 of 1
[2023-08-26T13:07:04.523+0000] {taskinstance.py:1382} INFO - Executing <Task(PythonOperator): etl_user> on 2023-08-26 13:06:00+00:00
[2023-08-26T13:07:04.534+0000] {standard_task_runner.py:57} INFO - Started process 312945 to run task
[2023-08-26T13:07:04.552+0000] {standard_task_runner.py:84} INFO - Running: ['airflow', 'tasks', 'run', 'gaas_etl_1', 'etl_user', 'scheduled__2023-08-26T13:06:00+00:00', '--job-id', '1630', '--raw', '--subdir', 'DAGS_FOLDER/dag_etl.py', '--cfg-path', '/tmp/tmpd6i712h2']
[2023-08-26T13:07:04.557+0000] {standard_task_runner.py:85} INFO - Job 1630: Subtask etl_user
[2023-08-26T13:07:04.779+0000] {task_command.py:415} INFO - Running <TaskInstance: gaas_etl_1.etl_user scheduled__2023-08-26T13:06:00+00:00 [running]> on host data-system.us-central1-a.c.data-system-392010.internal
[2023-08-26T13:07:05.037+0000] {taskinstance.py:1660} INFO - Exporting env vars: AIRFLOW_CTX_DAG_EMAIL='hungnm15012002@gmail.com' AIRFLOW_CTX_DAG_OWNER='hungnm' AIRFLOW_CTX_DAG_ID='gaas_etl_1' AIRFLOW_CTX_TASK_ID='etl_user' AIRFLOW_CTX_EXECUTION_DATE='2023-08-26T13:06:00+00:00' AIRFLOW_CTX_TRY_NUMBER='1' AIRFLOW_CTX_DAG_RUN_ID='scheduled__2023-08-26T13:06:00+00:00'
[2023-08-26T13:07:05.068+0000] {dag_etl.py:28} INFO - Extracting user...
[2023-08-26T13:07:10.801+0000] {extract.py:36} INFO - Request time: 0:00:05.731561
[2023-08-26T13:07:11.241+0000] {extract.py:42} INFO - Create DataFrame time: 0:00:00.439963
[2023-08-26T13:07:11.245+0000] {dag_etl.py:31} INFO - Complete extract user: 0:00:06.176697
[2023-08-26T13:07:11.246+0000] {dag_etl.py:33} INFO - Extracting resource...
[2023-08-26T13:07:14.177+0000] {extract.py:36} INFO - Request time: 0:00:02.930736
[2023-08-26T13:07:14.235+0000] {extract.py:42} INFO - Create DataFrame time: 0:00:00.057562
[2023-08-26T13:07:14.238+0000] {dag_etl.py:36} INFO - Complete extract resource: 0:00:02.993381
[2023-08-26T13:07:14.239+0000] {dag_etl.py:38} INFO - Transforming user...
[2023-08-26T13:07:14.520+0000] {dag_etl.py:42} INFO - Complete transform user: 0:00:00.282181
[2023-08-26T13:07:14.521+0000] {dag_etl.py:44} INFO - transform space_ships...
[2023-08-26T13:07:14.733+0000] {dag_etl.py:47} INFO - Complete transform space_ships: 0:00:00.212479
[2023-08-26T13:07:14.734+0000] {dag_etl.py:49} INFO - transform drones...
[2023-08-26T13:07:14.854+0000] {dag_etl.py:52} INFO - Complete transform drones: 0:00:00.120828
[2023-08-26T13:07:14.854+0000] {dag_etl.py:54} INFO - transform pilots...
[2023-08-26T13:07:14.939+0000] {dag_etl.py:57} INFO - Complete transform pilots: 0:00:00.085116
[2023-08-26T13:07:14.939+0000] {dag_etl.py:59} INFO - transform talents...
[2023-08-26T13:07:14.980+0000] {dag_etl.py:62} INFO - Complete transform talents: 0:00:00.040823
[2023-08-26T13:07:14.980+0000] {dag_etl.py:64} INFO - transform expert_items...
[2023-08-26T13:07:15.015+0000] {dag_etl.py:67} INFO - Complete transform expert_items: 0:00:00.034935
[2023-08-26T13:07:15.015+0000] {dag_etl.py:69} INFO - Loading user...
[2023-08-26T13:07:16.264+0000] {dag_etl.py:72} INFO - Complete load user: 0:00:01.249751
[2023-08-26T13:07:16.265+0000] {dag_etl.py:74} INFO - Loading space_ships...
[2023-08-26T13:07:18.112+0000] {dag_etl.py:77} INFO - Complete load space_ships: 0:00:01.847609
[2023-08-26T13:07:18.113+0000] {dag_etl.py:79} INFO - Loading drones...
[2023-08-26T13:07:19.987+0000] {dag_etl.py:82} INFO - Complete load drones: 0:00:01.875314
[2023-08-26T13:07:19.988+0000] {dag_etl.py:84} INFO - Loading pilots...
[2023-08-26T13:07:23.184+0000] {dag_etl.py:87} INFO - Complete load drones: 0:00:03.196325
[2023-08-26T13:07:23.184+0000] {dag_etl.py:89} INFO - Loading talents...
[2023-08-26T13:07:25.106+0000] {dag_etl.py:92} INFO - Complete load drones: 0:00:01.922922
[2023-08-26T13:07:25.107+0000] {dag_etl.py:94} INFO - Loading expert_items...
[2023-08-26T13:07:25.638+0000] {dag_etl.py:97} INFO - Complete load drones: 0:00:00.531195
[2023-08-26T13:07:25.638+0000] {dag_etl.py:99} INFO - Complete ETL Users in : 0:00:20.569982
[2023-08-26T13:07:25.659+0000] {python.py:194} INFO - Done. Returned value was: None
[2023-08-26T13:07:25.677+0000] {taskinstance.py:1400} INFO - Marking task as SUCCESS. dag_id=gaas_etl_1, task_id=etl_user, execution_date=20230826T130600, start_date=20230826T130704, end_date=20230826T130725
[2023-08-26T13:07:25.833+0000] {local_task_job_runner.py:228} INFO - Task exited with return code 0
[2023-08-26T13:07:25.861+0000] {taskinstance.py:2784} INFO - 0 downstream tasks scheduled from follow-on schedule check
