[2023-08-27T06:46:05.550+0000] {taskinstance.py:1159} INFO - Dependencies all met for dep_context=non-requeueable deps ti=<TaskInstance: gaas_etl_1.etl_user scheduled__2023-08-27T06:45:00+00:00 [queued]>
[2023-08-27T06:46:05.567+0000] {taskinstance.py:1159} INFO - Dependencies all met for dep_context=requeueable deps ti=<TaskInstance: gaas_etl_1.etl_user scheduled__2023-08-27T06:45:00+00:00 [queued]>
[2023-08-27T06:46:05.567+0000] {taskinstance.py:1361} INFO - Starting attempt 1 of 1
[2023-08-27T06:46:05.596+0000] {taskinstance.py:1382} INFO - Executing <Task(PythonOperator): etl_user> on 2023-08-27 06:45:00+00:00
[2023-08-27T06:46:05.605+0000] {standard_task_runner.py:57} INFO - Started process 373909 to run task
[2023-08-27T06:46:05.626+0000] {standard_task_runner.py:84} INFO - Running: ['airflow', 'tasks', 'run', 'gaas_etl_1', 'etl_user', 'scheduled__2023-08-27T06:45:00+00:00', '--job-id', '4807', '--raw', '--subdir', 'DAGS_FOLDER/dag_etl.py', '--cfg-path', '/tmp/tmpe_qyobz8']
[2023-08-27T06:46:05.631+0000] {standard_task_runner.py:85} INFO - Job 4807: Subtask etl_user
[2023-08-27T06:46:06.033+0000] {task_command.py:415} INFO - Running <TaskInstance: gaas_etl_1.etl_user scheduled__2023-08-27T06:45:00+00:00 [running]> on host data-system.us-central1-a.c.data-system-392010.internal
[2023-08-27T06:46:06.712+0000] {taskinstance.py:1660} INFO - Exporting env vars: AIRFLOW_CTX_DAG_EMAIL='hungnm15012002@gmail.com' AIRFLOW_CTX_DAG_OWNER='hungnm' AIRFLOW_CTX_DAG_ID='gaas_etl_1' AIRFLOW_CTX_TASK_ID='etl_user' AIRFLOW_CTX_EXECUTION_DATE='2023-08-27T06:45:00+00:00' AIRFLOW_CTX_TRY_NUMBER='1' AIRFLOW_CTX_DAG_RUN_ID='scheduled__2023-08-27T06:45:00+00:00'
[2023-08-27T06:46:06.735+0000] {dag_etl.py:28} INFO - Extracting user...
[2023-08-27T06:46:14.000+0000] {extract.py:36} INFO - Request time: 0:00:07.264577
[2023-08-27T06:46:14.156+0000] {extract.py:42} INFO - Create DataFrame time: 0:00:00.156141
[2023-08-27T06:46:14.160+0000] {dag_etl.py:31} INFO - Complete extract user: 0:00:07.424971
[2023-08-27T06:46:14.160+0000] {dag_etl.py:33} INFO - Extracting resource...
[2023-08-27T06:46:21.948+0000] {extract.py:36} INFO - Request time: 0:00:07.787521
[2023-08-27T06:46:21.991+0000] {extract.py:42} INFO - Create DataFrame time: 0:00:00.042037
[2023-08-27T06:46:21.993+0000] {dag_etl.py:36} INFO - Complete extract resource: 0:00:07.833556
[2023-08-27T06:46:21.994+0000] {dag_etl.py:38} INFO - Transforming user...
[2023-08-27T06:46:22.177+0000] {dag_etl.py:42} INFO - Complete transform user: 0:00:00.183946
[2023-08-27T06:46:22.178+0000] {dag_etl.py:44} INFO - transform space_ships...
[2023-08-27T06:46:22.294+0000] {dag_etl.py:47} INFO - Complete transform space_ships: 0:00:00.117078
[2023-08-27T06:46:22.295+0000] {dag_etl.py:49} INFO - transform drones...
[2023-08-27T06:46:22.378+0000] {dag_etl.py:52} INFO - Complete transform drones: 0:00:00.083509
[2023-08-27T06:46:22.378+0000] {dag_etl.py:54} INFO - transform pilots...
[2023-08-27T06:46:22.439+0000] {dag_etl.py:57} INFO - Complete transform pilots: 0:00:00.061549
[2023-08-27T06:46:22.440+0000] {dag_etl.py:59} INFO - transform talents...
[2023-08-27T06:46:22.468+0000] {dag_etl.py:62} INFO - Complete transform talents: 0:00:00.029036
[2023-08-27T06:46:22.469+0000] {dag_etl.py:64} INFO - transform expert_items...
[2023-08-27T06:46:22.501+0000] {dag_etl.py:67} INFO - Complete transform expert_items: 0:00:00.032413
[2023-08-27T06:46:22.501+0000] {dag_etl.py:69} INFO - Loading user...
[2023-08-27T06:46:23.359+0000] {dag_etl.py:72} INFO - Complete load user: 0:00:00.858773
[2023-08-27T06:46:23.360+0000] {dag_etl.py:74} INFO - Loading space_ships...
[2023-08-27T06:46:24.485+0000] {dag_etl.py:77} INFO - Complete load space_ships: 0:00:01.125938
[2023-08-27T06:46:24.486+0000] {dag_etl.py:79} INFO - Loading drones...
[2023-08-27T06:46:25.422+0000] {dag_etl.py:82} INFO - Complete load drones: 0:00:00.936131
[2023-08-27T06:46:25.422+0000] {dag_etl.py:84} INFO - Loading pilots...
[2023-08-27T06:46:27.244+0000] {dag_etl.py:87} INFO - Complete load drones: 0:00:01.822512
[2023-08-27T06:46:27.245+0000] {dag_etl.py:89} INFO - Loading talents...
[2023-08-27T06:46:28.312+0000] {dag_etl.py:92} INFO - Complete load drones: 0:00:01.068007
[2023-08-27T06:46:28.313+0000] {dag_etl.py:94} INFO - Loading expert_items...
[2023-08-27T06:46:28.948+0000] {dag_etl.py:97} INFO - Complete load drones: 0:00:00.636114
[2023-08-27T06:46:28.949+0000] {dag_etl.py:99} INFO - Complete ETL Users in : 0:00:22.214119
[2023-08-27T06:46:28.963+0000] {python.py:194} INFO - Done. Returned value was: None
[2023-08-27T06:46:28.994+0000] {taskinstance.py:1400} INFO - Marking task as SUCCESS. dag_id=gaas_etl_1, task_id=etl_user, execution_date=20230827T064500, start_date=20230827T064605, end_date=20230827T064628
[2023-08-27T06:46:29.085+0000] {local_task_job_runner.py:228} INFO - Task exited with return code 0
[2023-08-27T06:46:29.129+0000] {taskinstance.py:2784} INFO - 0 downstream tasks scheduled from follow-on schedule check
