[2023-08-27T08:54:05.007+0000] {taskinstance.py:1159} INFO - Dependencies all met for dep_context=non-requeueable deps ti=<TaskInstance: gaas_etl_1.etl_user scheduled__2023-08-27T08:53:00+00:00 [queued]>
[2023-08-27T08:54:05.022+0000] {taskinstance.py:1159} INFO - Dependencies all met for dep_context=requeueable deps ti=<TaskInstance: gaas_etl_1.etl_user scheduled__2023-08-27T08:53:00+00:00 [queued]>
[2023-08-27T08:54:05.023+0000] {taskinstance.py:1361} INFO - Starting attempt 1 of 1
[2023-08-27T08:54:05.050+0000] {taskinstance.py:1382} INFO - Executing <Task(PythonOperator): etl_user> on 2023-08-27 08:53:00+00:00
[2023-08-27T08:54:05.057+0000] {standard_task_runner.py:57} INFO - Started process 378993 to run task
[2023-08-27T08:54:05.072+0000] {standard_task_runner.py:84} INFO - Running: ['airflow', 'tasks', 'run', 'gaas_etl_1', 'etl_user', 'scheduled__2023-08-27T08:53:00+00:00', '--job-id', '5191', '--raw', '--subdir', 'DAGS_FOLDER/dag_etl.py', '--cfg-path', '/tmp/tmpkwadnodn']
[2023-08-27T08:54:05.078+0000] {standard_task_runner.py:85} INFO - Job 5191: Subtask etl_user
[2023-08-27T08:54:05.756+0000] {task_command.py:415} INFO - Running <TaskInstance: gaas_etl_1.etl_user scheduled__2023-08-27T08:53:00+00:00 [running]> on host data-system.us-central1-a.c.data-system-392010.internal
[2023-08-27T08:54:06.188+0000] {taskinstance.py:1660} INFO - Exporting env vars: AIRFLOW_CTX_DAG_EMAIL='hungnm15012002@gmail.com' AIRFLOW_CTX_DAG_OWNER='hungnm' AIRFLOW_CTX_DAG_ID='gaas_etl_1' AIRFLOW_CTX_TASK_ID='etl_user' AIRFLOW_CTX_EXECUTION_DATE='2023-08-27T08:53:00+00:00' AIRFLOW_CTX_TRY_NUMBER='1' AIRFLOW_CTX_DAG_RUN_ID='scheduled__2023-08-27T08:53:00+00:00'
[2023-08-27T08:54:06.214+0000] {dag_etl.py:28} INFO - Extracting user...
[2023-08-27T08:54:09.951+0000] {extract.py:36} INFO - Request time: 0:00:03.736648
[2023-08-27T08:54:10.093+0000] {extract.py:42} INFO - Create DataFrame time: 0:00:00.141824
[2023-08-27T08:54:10.097+0000] {dag_etl.py:31} INFO - Complete extract user: 0:00:03.883784
[2023-08-27T08:54:10.098+0000] {dag_etl.py:33} INFO - Extracting resource...
[2023-08-27T08:54:12.102+0000] {extract.py:36} INFO - Request time: 0:00:02.003154
[2023-08-27T08:54:12.164+0000] {extract.py:42} INFO - Create DataFrame time: 0:00:00.061543
[2023-08-27T08:54:12.167+0000] {dag_etl.py:36} INFO - Complete extract resource: 0:00:02.069317
[2023-08-27T08:54:12.168+0000] {dag_etl.py:38} INFO - Transforming user...
[2023-08-27T08:54:12.334+0000] {dag_etl.py:42} INFO - Complete transform user: 0:00:00.167579
[2023-08-27T08:54:12.335+0000] {dag_etl.py:44} INFO - transform space_ships...
[2023-08-27T08:54:12.445+0000] {dag_etl.py:47} INFO - Complete transform space_ships: 0:00:00.110507
[2023-08-27T08:54:12.446+0000] {dag_etl.py:49} INFO - transform drones...
[2023-08-27T08:54:12.518+0000] {dag_etl.py:52} INFO - Complete transform drones: 0:00:00.072720
[2023-08-27T08:54:12.518+0000] {dag_etl.py:54} INFO - transform pilots...
[2023-08-27T08:54:12.563+0000] {dag_etl.py:57} INFO - Complete transform pilots: 0:00:00.045727
[2023-08-27T08:54:12.564+0000] {dag_etl.py:59} INFO - transform talents...
[2023-08-27T08:54:12.591+0000] {dag_etl.py:62} INFO - Complete transform talents: 0:00:00.027307
[2023-08-27T08:54:12.591+0000] {dag_etl.py:64} INFO - transform expert_items...
[2023-08-27T08:54:12.613+0000] {dag_etl.py:67} INFO - Complete transform expert_items: 0:00:00.021992
[2023-08-27T08:54:12.613+0000] {dag_etl.py:69} INFO - Loading user...
[2023-08-27T08:54:13.363+0000] {dag_etl.py:72} INFO - Complete load user: 0:00:00.750698
[2023-08-27T08:54:13.364+0000] {dag_etl.py:74} INFO - Loading space_ships...
[2023-08-27T08:54:14.437+0000] {dag_etl.py:77} INFO - Complete load space_ships: 0:00:01.073546
[2023-08-27T08:54:14.438+0000] {dag_etl.py:79} INFO - Loading drones...
[2023-08-27T08:54:15.984+0000] {dag_etl.py:82} INFO - Complete load drones: 0:00:01.546765
[2023-08-27T08:54:15.984+0000] {dag_etl.py:84} INFO - Loading pilots...
[2023-08-27T08:54:17.527+0000] {dag_etl.py:87} INFO - Complete load drones: 0:00:01.543715
[2023-08-27T08:54:17.528+0000] {dag_etl.py:89} INFO - Loading talents...
[2023-08-27T08:54:18.550+0000] {dag_etl.py:92} INFO - Complete load drones: 0:00:01.022291
[2023-08-27T08:54:18.551+0000] {dag_etl.py:94} INFO - Loading expert_items...
[2023-08-27T08:54:19.317+0000] {dag_etl.py:97} INFO - Complete load drones: 0:00:00.766932
[2023-08-27T08:54:19.317+0000] {dag_etl.py:99} INFO - Complete ETL Users in : 0:00:13.103470
[2023-08-27T08:54:19.333+0000] {python.py:194} INFO - Done. Returned value was: None
[2023-08-27T08:54:19.359+0000] {taskinstance.py:1400} INFO - Marking task as SUCCESS. dag_id=gaas_etl_1, task_id=etl_user, execution_date=20230827T085300, start_date=20230827T085405, end_date=20230827T085419
[2023-08-27T08:54:19.432+0000] {local_task_job_runner.py:228} INFO - Task exited with return code 0
[2023-08-27T08:54:19.463+0000] {taskinstance.py:2784} INFO - 0 downstream tasks scheduled from follow-on schedule check
