[2023-08-27T19:20:07.294+0000] {taskinstance.py:1159} INFO - Dependencies all met for dep_context=non-requeueable deps ti=<TaskInstance: gaas_etl_1.etl_user scheduled__2023-08-27T19:19:00+00:00 [queued]>
[2023-08-27T19:20:07.314+0000] {taskinstance.py:1159} INFO - Dependencies all met for dep_context=requeueable deps ti=<TaskInstance: gaas_etl_1.etl_user scheduled__2023-08-27T19:19:00+00:00 [queued]>
[2023-08-27T19:20:07.315+0000] {taskinstance.py:1361} INFO - Starting attempt 1 of 1
[2023-08-27T19:20:07.355+0000] {taskinstance.py:1382} INFO - Executing <Task(PythonOperator): etl_user> on 2023-08-27 19:19:00+00:00
[2023-08-27T19:20:07.369+0000] {standard_task_runner.py:57} INFO - Started process 447564 to run task
[2023-08-27T19:20:07.385+0000] {standard_task_runner.py:84} INFO - Running: ['airflow', 'tasks', 'run', 'gaas_etl_1', 'etl_user', 'scheduled__2023-08-27T19:19:00+00:00', '--job-id', '7071', '--raw', '--subdir', 'DAGS_FOLDER/dag_etl.py', '--cfg-path', '/tmp/tmp_plnjpy_']
[2023-08-27T19:20:07.391+0000] {standard_task_runner.py:85} INFO - Job 7071: Subtask etl_user
[2023-08-27T19:20:08.005+0000] {task_command.py:415} INFO - Running <TaskInstance: gaas_etl_1.etl_user scheduled__2023-08-27T19:19:00+00:00 [running]> on host data-system.us-central1-a.c.data-system-392010.internal
[2023-08-27T19:20:09.663+0000] {taskinstance.py:1660} INFO - Exporting env vars: AIRFLOW_CTX_DAG_EMAIL='hungnm15012002@gmail.com' AIRFLOW_CTX_DAG_OWNER='hungnm' AIRFLOW_CTX_DAG_ID='gaas_etl_1' AIRFLOW_CTX_TASK_ID='etl_user' AIRFLOW_CTX_EXECUTION_DATE='2023-08-27T19:19:00+00:00' AIRFLOW_CTX_TRY_NUMBER='1' AIRFLOW_CTX_DAG_RUN_ID='scheduled__2023-08-27T19:19:00+00:00'
[2023-08-27T19:20:09.709+0000] {dag_etl.py:28} INFO - Extracting user...
[2023-08-27T19:20:19.182+0000] {extract.py:36} INFO - Request time: 0:00:09.471683
[2023-08-27T19:20:20.430+0000] {extract.py:42} INFO - Create DataFrame time: 0:00:01.247187
[2023-08-27T19:20:20.438+0000] {dag_etl.py:31} INFO - Complete extract user: 0:00:10.728718
[2023-08-27T19:20:20.439+0000] {dag_etl.py:33} INFO - Extracting resource...
[2023-08-27T19:20:27.463+0000] {extract.py:36} INFO - Request time: 0:00:07.023508
[2023-08-27T19:20:27.559+0000] {extract.py:42} INFO - Create DataFrame time: 0:00:00.095981
[2023-08-27T19:20:27.562+0000] {dag_etl.py:36} INFO - Complete extract resource: 0:00:07.124029
[2023-08-27T19:20:27.563+0000] {dag_etl.py:38} INFO - Transforming user...
[2023-08-27T19:20:27.805+0000] {dag_etl.py:42} INFO - Complete transform user: 0:00:00.242441
[2023-08-27T19:20:27.805+0000] {dag_etl.py:44} INFO - transform space_ships...
[2023-08-27T19:20:27.963+0000] {dag_etl.py:47} INFO - Complete transform space_ships: 0:00:00.158318
[2023-08-27T19:20:27.963+0000] {dag_etl.py:49} INFO - transform drones...
[2023-08-27T19:20:28.082+0000] {dag_etl.py:52} INFO - Complete transform drones: 0:00:00.118993
[2023-08-27T19:20:28.082+0000] {dag_etl.py:54} INFO - transform pilots...
[2023-08-27T19:20:28.166+0000] {dag_etl.py:57} INFO - Complete transform pilots: 0:00:00.084029
[2023-08-27T19:20:28.166+0000] {dag_etl.py:59} INFO - transform talents...
[2023-08-27T19:20:28.207+0000] {dag_etl.py:62} INFO - Complete transform talents: 0:00:00.041447
[2023-08-27T19:20:28.208+0000] {dag_etl.py:64} INFO - transform expert_items...
[2023-08-27T19:20:28.272+0000] {dag_etl.py:67} INFO - Complete transform expert_items: 0:00:00.065123
[2023-08-27T19:20:28.273+0000] {dag_etl.py:69} INFO - Loading user...
[2023-08-27T19:20:30.254+0000] {dag_etl.py:72} INFO - Complete load user: 0:00:01.981211
[2023-08-27T19:20:30.254+0000] {dag_etl.py:74} INFO - Loading space_ships...
[2023-08-27T19:20:33.104+0000] {dag_etl.py:77} INFO - Complete load space_ships: 0:00:02.850210
[2023-08-27T19:20:33.104+0000] {dag_etl.py:79} INFO - Loading drones...
[2023-08-27T19:20:35.212+0000] {dag_etl.py:82} INFO - Complete load drones: 0:00:02.108434
[2023-08-27T19:20:35.213+0000] {dag_etl.py:84} INFO - Loading pilots...
[2023-08-27T19:20:38.055+0000] {dag_etl.py:87} INFO - Complete load drones: 0:00:02.842849
[2023-08-27T19:20:38.056+0000] {dag_etl.py:89} INFO - Loading talents...
[2023-08-27T19:20:39.854+0000] {dag_etl.py:92} INFO - Complete load drones: 0:00:01.799023
[2023-08-27T19:20:39.855+0000] {dag_etl.py:94} INFO - Loading expert_items...
[2023-08-27T19:20:41.377+0000] {dag_etl.py:97} INFO - Complete load drones: 0:00:01.523154
[2023-08-27T19:20:41.378+0000] {dag_etl.py:99} INFO - Complete ETL Users in : 0:00:31.668622
[2023-08-27T19:20:41.470+0000] {python.py:194} INFO - Done. Returned value was: None
[2023-08-27T19:20:41.505+0000] {taskinstance.py:1400} INFO - Marking task as SUCCESS. dag_id=gaas_etl_1, task_id=etl_user, execution_date=20230827T191900, start_date=20230827T192007, end_date=20230827T192041
[2023-08-27T19:20:41.610+0000] {local_task_job_runner.py:228} INFO - Task exited with return code 0
[2023-08-27T19:20:41.660+0000] {taskinstance.py:2784} INFO - 0 downstream tasks scheduled from follow-on schedule check
