[2023-08-27T03:18:06.592+0000] {taskinstance.py:1159} INFO - Dependencies all met for dep_context=non-requeueable deps ti=<TaskInstance: gaas_etl_1.etl_user scheduled__2023-08-27T03:17:00+00:00 [queued]>
[2023-08-27T03:18:06.615+0000] {taskinstance.py:1159} INFO - Dependencies all met for dep_context=requeueable deps ti=<TaskInstance: gaas_etl_1.etl_user scheduled__2023-08-27T03:17:00+00:00 [queued]>
[2023-08-27T03:18:06.616+0000] {taskinstance.py:1361} INFO - Starting attempt 1 of 1
[2023-08-27T03:18:06.657+0000] {taskinstance.py:1382} INFO - Executing <Task(PythonOperator): etl_user> on 2023-08-27 03:17:00+00:00
[2023-08-27T03:18:06.669+0000] {standard_task_runner.py:57} INFO - Started process 349291 to run task
[2023-08-27T03:18:06.690+0000] {standard_task_runner.py:84} INFO - Running: ['airflow', 'tasks', 'run', 'gaas_etl_1', 'etl_user', 'scheduled__2023-08-27T03:17:00+00:00', '--job-id', '4184', '--raw', '--subdir', 'DAGS_FOLDER/dag_etl.py', '--cfg-path', '/tmp/tmpillef7se']
[2023-08-27T03:18:06.699+0000] {standard_task_runner.py:85} INFO - Job 4184: Subtask etl_user
[2023-08-27T03:18:07.028+0000] {task_command.py:415} INFO - Running <TaskInstance: gaas_etl_1.etl_user scheduled__2023-08-27T03:17:00+00:00 [running]> on host data-system.us-central1-a.c.data-system-392010.internal
[2023-08-27T03:18:07.347+0000] {taskinstance.py:1660} INFO - Exporting env vars: AIRFLOW_CTX_DAG_EMAIL='hungnm15012002@gmail.com' AIRFLOW_CTX_DAG_OWNER='hungnm' AIRFLOW_CTX_DAG_ID='gaas_etl_1' AIRFLOW_CTX_TASK_ID='etl_user' AIRFLOW_CTX_EXECUTION_DATE='2023-08-27T03:17:00+00:00' AIRFLOW_CTX_TRY_NUMBER='1' AIRFLOW_CTX_DAG_RUN_ID='scheduled__2023-08-27T03:17:00+00:00'
[2023-08-27T03:18:07.367+0000] {dag_etl.py:28} INFO - Extracting user...
[2023-08-27T03:18:11.047+0000] {extract.py:36} INFO - Request time: 0:00:03.678998
[2023-08-27T03:18:11.460+0000] {extract.py:42} INFO - Create DataFrame time: 0:00:00.412625
[2023-08-27T03:18:11.463+0000] {dag_etl.py:31} INFO - Complete extract user: 0:00:04.096125
[2023-08-27T03:18:11.464+0000] {dag_etl.py:33} INFO - Extracting resource...
[2023-08-27T03:18:12.937+0000] {extract.py:36} INFO - Request time: 0:00:01.472566
[2023-08-27T03:18:12.979+0000] {extract.py:42} INFO - Create DataFrame time: 0:00:00.041390
[2023-08-27T03:18:12.982+0000] {dag_etl.py:36} INFO - Complete extract resource: 0:00:01.518908
[2023-08-27T03:18:12.984+0000] {dag_etl.py:38} INFO - Transforming user...
[2023-08-27T03:18:13.136+0000] {dag_etl.py:42} INFO - Complete transform user: 0:00:00.154673
[2023-08-27T03:18:13.138+0000] {dag_etl.py:44} INFO - transform space_ships...
[2023-08-27T03:18:13.238+0000] {dag_etl.py:47} INFO - Complete transform space_ships: 0:00:00.101809
[2023-08-27T03:18:13.239+0000] {dag_etl.py:49} INFO - transform drones...
[2023-08-27T03:18:13.358+0000] {dag_etl.py:52} INFO - Complete transform drones: 0:00:00.119946
[2023-08-27T03:18:13.359+0000] {dag_etl.py:54} INFO - transform pilots...
[2023-08-27T03:18:13.411+0000] {dag_etl.py:57} INFO - Complete transform pilots: 0:00:00.052629
[2023-08-27T03:18:13.412+0000] {dag_etl.py:59} INFO - transform talents...
[2023-08-27T03:18:13.438+0000] {dag_etl.py:62} INFO - Complete transform talents: 0:00:00.027484
[2023-08-27T03:18:13.439+0000] {dag_etl.py:64} INFO - transform expert_items...
[2023-08-27T03:18:13.464+0000] {dag_etl.py:67} INFO - Complete transform expert_items: 0:00:00.025860
[2023-08-27T03:18:13.465+0000] {dag_etl.py:69} INFO - Loading user...
[2023-08-27T03:18:14.377+0000] {dag_etl.py:72} INFO - Complete load user: 0:00:00.912688
[2023-08-27T03:18:14.378+0000] {dag_etl.py:74} INFO - Loading space_ships...
[2023-08-27T03:18:15.646+0000] {dag_etl.py:77} INFO - Complete load space_ships: 0:00:01.269132
[2023-08-27T03:18:15.647+0000] {dag_etl.py:79} INFO - Loading drones...
[2023-08-27T03:18:16.660+0000] {dag_etl.py:82} INFO - Complete load drones: 0:00:01.014006
[2023-08-27T03:18:16.661+0000] {dag_etl.py:84} INFO - Loading pilots...
[2023-08-27T03:18:18.392+0000] {dag_etl.py:87} INFO - Complete load drones: 0:00:01.731790
[2023-08-27T03:18:18.393+0000] {dag_etl.py:89} INFO - Loading talents...
[2023-08-27T03:18:19.423+0000] {dag_etl.py:92} INFO - Complete load drones: 0:00:01.030775
[2023-08-27T03:18:19.423+0000] {dag_etl.py:94} INFO - Loading expert_items...
[2023-08-27T03:18:20.194+0000] {dag_etl.py:97} INFO - Complete load drones: 0:00:00.771058
[2023-08-27T03:18:20.195+0000] {dag_etl.py:99} INFO - Complete ETL Users in : 0:00:12.828264
[2023-08-27T03:18:20.212+0000] {python.py:194} INFO - Done. Returned value was: None
[2023-08-27T03:18:20.233+0000] {taskinstance.py:1400} INFO - Marking task as SUCCESS. dag_id=gaas_etl_1, task_id=etl_user, execution_date=20230827T031700, start_date=20230827T031806, end_date=20230827T031820
[2023-08-27T03:18:20.289+0000] {local_task_job_runner.py:228} INFO - Task exited with return code 0
[2023-08-27T03:18:20.317+0000] {taskinstance.py:2784} INFO - 0 downstream tasks scheduled from follow-on schedule check
