[2023-08-27T11:00:07.064+0000] {taskinstance.py:1159} INFO - Dependencies all met for dep_context=non-requeueable deps ti=<TaskInstance: gaas_etl_1.etl_user scheduled__2023-08-27T10:59:00+00:00 [queued]>
[2023-08-27T11:00:07.079+0000] {taskinstance.py:1159} INFO - Dependencies all met for dep_context=requeueable deps ti=<TaskInstance: gaas_etl_1.etl_user scheduled__2023-08-27T10:59:00+00:00 [queued]>
[2023-08-27T11:00:07.079+0000] {taskinstance.py:1361} INFO - Starting attempt 1 of 1
[2023-08-27T11:00:07.130+0000] {taskinstance.py:1382} INFO - Executing <Task(PythonOperator): etl_user> on 2023-08-27 10:59:00+00:00
[2023-08-27T11:00:07.140+0000] {standard_task_runner.py:57} INFO - Started process 394135 to run task
[2023-08-27T11:00:07.158+0000] {standard_task_runner.py:84} INFO - Running: ['airflow', 'tasks', 'run', 'gaas_etl_1', 'etl_user', 'scheduled__2023-08-27T10:59:00+00:00', '--job-id', '5570', '--raw', '--subdir', 'DAGS_FOLDER/dag_etl.py', '--cfg-path', '/tmp/tmpqedi2qa0']
[2023-08-27T11:00:07.164+0000] {standard_task_runner.py:85} INFO - Job 5570: Subtask etl_user
[2023-08-27T11:00:07.875+0000] {task_command.py:415} INFO - Running <TaskInstance: gaas_etl_1.etl_user scheduled__2023-08-27T10:59:00+00:00 [running]> on host data-system.us-central1-a.c.data-system-392010.internal
[2023-08-27T11:00:08.376+0000] {taskinstance.py:1660} INFO - Exporting env vars: AIRFLOW_CTX_DAG_EMAIL='hungnm15012002@gmail.com' AIRFLOW_CTX_DAG_OWNER='hungnm' AIRFLOW_CTX_DAG_ID='gaas_etl_1' AIRFLOW_CTX_TASK_ID='etl_user' AIRFLOW_CTX_EXECUTION_DATE='2023-08-27T10:59:00+00:00' AIRFLOW_CTX_TRY_NUMBER='1' AIRFLOW_CTX_DAG_RUN_ID='scheduled__2023-08-27T10:59:00+00:00'
[2023-08-27T11:00:08.395+0000] {dag_etl.py:28} INFO - Extracting user...
[2023-08-27T11:00:14.608+0000] {extract.py:36} INFO - Request time: 0:00:06.211413
[2023-08-27T11:00:15.285+0000] {extract.py:42} INFO - Create DataFrame time: 0:00:00.676169
[2023-08-27T11:00:15.290+0000] {dag_etl.py:31} INFO - Complete extract user: 0:00:06.895139
[2023-08-27T11:00:15.292+0000] {dag_etl.py:33} INFO - Extracting resource...
[2023-08-27T11:00:21.733+0000] {extract.py:36} INFO - Request time: 0:00:06.440485
[2023-08-27T11:00:21.867+0000] {extract.py:42} INFO - Create DataFrame time: 0:00:00.132984
[2023-08-27T11:00:21.870+0000] {dag_etl.py:36} INFO - Complete extract resource: 0:00:06.579710
[2023-08-27T11:00:21.872+0000] {dag_etl.py:38} INFO - Transforming user...
[2023-08-27T11:00:22.341+0000] {dag_etl.py:42} INFO - Complete transform user: 0:00:00.471098
[2023-08-27T11:00:22.342+0000] {dag_etl.py:44} INFO - transform space_ships...
[2023-08-27T11:00:22.668+0000] {dag_etl.py:47} INFO - Complete transform space_ships: 0:00:00.327094
[2023-08-27T11:00:22.669+0000] {dag_etl.py:49} INFO - transform drones...
[2023-08-27T11:00:22.801+0000] {dag_etl.py:52} INFO - Complete transform drones: 0:00:00.133071
[2023-08-27T11:00:22.802+0000] {dag_etl.py:54} INFO - transform pilots...
[2023-08-27T11:00:22.885+0000] {dag_etl.py:57} INFO - Complete transform pilots: 0:00:00.083481
[2023-08-27T11:00:22.886+0000] {dag_etl.py:59} INFO - transform talents...
[2023-08-27T11:00:22.927+0000] {dag_etl.py:62} INFO - Complete transform talents: 0:00:00.042032
[2023-08-27T11:00:22.928+0000] {dag_etl.py:64} INFO - transform expert_items...
[2023-08-27T11:00:22.968+0000] {dag_etl.py:67} INFO - Complete transform expert_items: 0:00:00.041189
[2023-08-27T11:00:22.969+0000] {dag_etl.py:69} INFO - Loading user...
[2023-08-27T11:00:24.299+0000] {dag_etl.py:72} INFO - Complete load user: 0:00:01.331250
[2023-08-27T11:00:24.300+0000] {dag_etl.py:74} INFO - Loading space_ships...
[2023-08-27T11:00:26.465+0000] {dag_etl.py:77} INFO - Complete load space_ships: 0:00:02.165655
[2023-08-27T11:00:26.467+0000] {dag_etl.py:79} INFO - Loading drones...
[2023-08-27T11:00:28.175+0000] {dag_etl.py:82} INFO - Complete load drones: 0:00:01.709858
[2023-08-27T11:00:28.175+0000] {dag_etl.py:84} INFO - Loading pilots...
[2023-08-27T11:00:30.660+0000] {dag_etl.py:87} INFO - Complete load drones: 0:00:02.484648
[2023-08-27T11:00:30.660+0000] {dag_etl.py:89} INFO - Loading talents...
[2023-08-27T11:00:32.307+0000] {dag_etl.py:92} INFO - Complete load drones: 0:00:01.647969
[2023-08-27T11:00:32.308+0000] {dag_etl.py:94} INFO - Loading expert_items...
[2023-08-27T11:00:33.526+0000] {dag_etl.py:97} INFO - Complete load drones: 0:00:01.218554
[2023-08-27T11:00:33.527+0000] {dag_etl.py:99} INFO - Complete ETL Users in : 0:00:25.131383
[2023-08-27T11:00:33.586+0000] {python.py:194} INFO - Done. Returned value was: None
[2023-08-27T11:00:33.631+0000] {taskinstance.py:1400} INFO - Marking task as SUCCESS. dag_id=gaas_etl_1, task_id=etl_user, execution_date=20230827T105900, start_date=20230827T110007, end_date=20230827T110033
[2023-08-27T11:00:33.750+0000] {local_task_job_runner.py:228} INFO - Task exited with return code 0
[2023-08-27T11:00:33.811+0000] {taskinstance.py:2784} INFO - 0 downstream tasks scheduled from follow-on schedule check
