[2023-08-26T11:49:03.813+0000] {taskinstance.py:1159} INFO - Dependencies all met for dep_context=non-requeueable deps ti=<TaskInstance: gaas_etl_1.etl_user scheduled__2023-08-26T11:48:00+00:00 [queued]>
[2023-08-26T11:49:03.830+0000] {taskinstance.py:1159} INFO - Dependencies all met for dep_context=requeueable deps ti=<TaskInstance: gaas_etl_1.etl_user scheduled__2023-08-26T11:48:00+00:00 [queued]>
[2023-08-26T11:49:03.831+0000] {taskinstance.py:1361} INFO - Starting attempt 1 of 1
[2023-08-26T11:49:03.862+0000] {taskinstance.py:1382} INFO - Executing <Task(PythonOperator): etl_user> on 2023-08-26 11:48:00+00:00
[2023-08-26T11:49:03.871+0000] {standard_task_runner.py:57} INFO - Started process 309792 to run task
[2023-08-26T11:49:03.886+0000] {standard_task_runner.py:84} INFO - Running: ['airflow', 'tasks', 'run', 'gaas_etl_1', 'etl_user', 'scheduled__2023-08-26T11:48:00+00:00', '--job-id', '1396', '--raw', '--subdir', 'DAGS_FOLDER/dag_etl.py', '--cfg-path', '/tmp/tmpk2k2cibt']
[2023-08-26T11:49:03.891+0000] {standard_task_runner.py:85} INFO - Job 1396: Subtask etl_user
[2023-08-26T11:49:04.085+0000] {task_command.py:415} INFO - Running <TaskInstance: gaas_etl_1.etl_user scheduled__2023-08-26T11:48:00+00:00 [running]> on host data-system.us-central1-a.c.data-system-392010.internal
[2023-08-26T11:49:04.346+0000] {taskinstance.py:1660} INFO - Exporting env vars: AIRFLOW_CTX_DAG_EMAIL='hungnm15012002@gmail.com' AIRFLOW_CTX_DAG_OWNER='hungnm' AIRFLOW_CTX_DAG_ID='gaas_etl_1' AIRFLOW_CTX_TASK_ID='etl_user' AIRFLOW_CTX_EXECUTION_DATE='2023-08-26T11:48:00+00:00' AIRFLOW_CTX_TRY_NUMBER='1' AIRFLOW_CTX_DAG_RUN_ID='scheduled__2023-08-26T11:48:00+00:00'
[2023-08-26T11:49:04.374+0000] {dag_etl.py:28} INFO - Extracting user...
[2023-08-26T11:49:10.669+0000] {extract.py:36} INFO - Request time: 0:00:06.294608
[2023-08-26T11:49:12.170+0000] {extract.py:42} INFO - Create DataFrame time: 0:00:01.492841
[2023-08-26T11:49:12.176+0000] {dag_etl.py:31} INFO - Complete extract user: 0:00:07.802565
[2023-08-26T11:49:12.177+0000] {dag_etl.py:33} INFO - Extracting resource...
[2023-08-26T11:49:14.249+0000] {extract.py:36} INFO - Request time: 0:00:02.071455
[2023-08-26T11:49:14.343+0000] {extract.py:42} INFO - Create DataFrame time: 0:00:00.093707
[2023-08-26T11:49:14.347+0000] {dag_etl.py:36} INFO - Complete extract resource: 0:00:02.171004
[2023-08-26T11:49:14.349+0000] {dag_etl.py:38} INFO - Transforming user...
[2023-08-26T11:49:14.672+0000] {dag_etl.py:42} INFO - Complete transform user: 0:00:00.324922
[2023-08-26T11:49:14.673+0000] {dag_etl.py:44} INFO - transform space_ships...
[2023-08-26T11:49:14.924+0000] {dag_etl.py:47} INFO - Complete transform space_ships: 0:00:00.252268
[2023-08-26T11:49:14.925+0000] {dag_etl.py:49} INFO - transform drones...
[2023-08-26T11:49:15.098+0000] {dag_etl.py:52} INFO - Complete transform drones: 0:00:00.173097
[2023-08-26T11:49:15.098+0000] {dag_etl.py:54} INFO - transform pilots...
[2023-08-26T11:49:15.232+0000] {dag_etl.py:57} INFO - Complete transform pilots: 0:00:00.134304
[2023-08-26T11:49:15.233+0000] {dag_etl.py:59} INFO - transform talents...
[2023-08-26T11:49:15.293+0000] {dag_etl.py:62} INFO - Complete transform talents: 0:00:00.061089
[2023-08-26T11:49:15.294+0000] {dag_etl.py:64} INFO - transform expert_items...
[2023-08-26T11:49:15.343+0000] {dag_etl.py:67} INFO - Complete transform expert_items: 0:00:00.050364
[2023-08-26T11:49:15.344+0000] {dag_etl.py:69} INFO - Loading user...
[2023-08-26T11:49:16.766+0000] {dag_etl.py:72} INFO - Complete load user: 0:00:01.422287
[2023-08-26T11:49:16.766+0000] {dag_etl.py:74} INFO - Loading space_ships...
[2023-08-26T11:49:19.342+0000] {dag_etl.py:77} INFO - Complete load space_ships: 0:00:02.576893
[2023-08-26T11:49:19.343+0000] {dag_etl.py:79} INFO - Loading drones...
[2023-08-26T11:49:21.423+0000] {dag_etl.py:82} INFO - Complete load drones: 0:00:02.080526
[2023-08-26T11:49:21.424+0000] {dag_etl.py:84} INFO - Loading pilots...
[2023-08-26T11:49:25.850+0000] {dag_etl.py:87} INFO - Complete load drones: 0:00:04.427322
[2023-08-26T11:49:25.851+0000] {dag_etl.py:89} INFO - Loading talents...
[2023-08-26T11:49:27.528+0000] {dag_etl.py:92} INFO - Complete load drones: 0:00:01.677262
[2023-08-26T11:49:27.528+0000] {dag_etl.py:94} INFO - Loading expert_items...
[2023-08-26T11:49:28.779+0000] {dag_etl.py:97} INFO - Complete load drones: 0:00:01.251009
[2023-08-26T11:49:28.779+0000] {dag_etl.py:99} INFO - Complete ETL Users in : 0:00:24.405679
[2023-08-26T11:49:28.817+0000] {python.py:194} INFO - Done. Returned value was: None
[2023-08-26T11:49:28.837+0000] {taskinstance.py:1400} INFO - Marking task as SUCCESS. dag_id=gaas_etl_1, task_id=etl_user, execution_date=20230826T114800, start_date=20230826T114903, end_date=20230826T114928
[2023-08-26T11:49:28.926+0000] {local_task_job_runner.py:228} INFO - Task exited with return code 0
[2023-08-26T11:49:28.954+0000] {taskinstance.py:2784} INFO - 0 downstream tasks scheduled from follow-on schedule check
