[2023-08-27T19:44:06.966+0000] {taskinstance.py:1159} INFO - Dependencies all met for dep_context=non-requeueable deps ti=<TaskInstance: gaas_etl_1.etl_user scheduled__2023-08-27T19:43:00+00:00 [queued]>
[2023-08-27T19:44:06.983+0000] {taskinstance.py:1159} INFO - Dependencies all met for dep_context=requeueable deps ti=<TaskInstance: gaas_etl_1.etl_user scheduled__2023-08-27T19:43:00+00:00 [queued]>
[2023-08-27T19:44:06.984+0000] {taskinstance.py:1361} INFO - Starting attempt 1 of 1
[2023-08-27T19:44:07.012+0000] {taskinstance.py:1382} INFO - Executing <Task(PythonOperator): etl_user> on 2023-08-27 19:43:00+00:00
[2023-08-27T19:44:07.022+0000] {standard_task_runner.py:57} INFO - Started process 450105 to run task
[2023-08-27T19:44:07.040+0000] {standard_task_runner.py:84} INFO - Running: ['airflow', 'tasks', 'run', 'gaas_etl_1', 'etl_user', 'scheduled__2023-08-27T19:43:00+00:00', '--job-id', '7142', '--raw', '--subdir', 'DAGS_FOLDER/dag_etl.py', '--cfg-path', '/tmp/tmpbu8h2_2t']
[2023-08-27T19:44:07.046+0000] {standard_task_runner.py:85} INFO - Job 7142: Subtask etl_user
[2023-08-27T19:44:07.513+0000] {task_command.py:415} INFO - Running <TaskInstance: gaas_etl_1.etl_user scheduled__2023-08-27T19:43:00+00:00 [running]> on host data-system.us-central1-a.c.data-system-392010.internal
[2023-08-27T19:44:08.520+0000] {taskinstance.py:1660} INFO - Exporting env vars: AIRFLOW_CTX_DAG_EMAIL='hungnm15012002@gmail.com' AIRFLOW_CTX_DAG_OWNER='hungnm' AIRFLOW_CTX_DAG_ID='gaas_etl_1' AIRFLOW_CTX_TASK_ID='etl_user' AIRFLOW_CTX_EXECUTION_DATE='2023-08-27T19:43:00+00:00' AIRFLOW_CTX_TRY_NUMBER='1' AIRFLOW_CTX_DAG_RUN_ID='scheduled__2023-08-27T19:43:00+00:00'
[2023-08-27T19:44:08.546+0000] {dag_etl.py:28} INFO - Extracting user...
[2023-08-27T19:44:33.817+0000] {extract.py:36} INFO - Request time: 0:00:25.270667
[2023-08-27T19:44:34.764+0000] {extract.py:42} INFO - Create DataFrame time: 0:00:00.946227
[2023-08-27T19:44:34.771+0000] {dag_etl.py:31} INFO - Complete extract user: 0:00:26.225604
[2023-08-27T19:44:34.772+0000] {dag_etl.py:33} INFO - Extracting resource...
[2023-08-27T19:44:35.078+0000] {extract.py:36} INFO - Request time: 0:00:00.305549
[2023-08-27T19:44:35.079+0000] {extract.py:45} ERROR - Server GAAS error: 502
[2023-08-27T19:44:35.091+0000] {dag_etl.py:36} INFO - Complete extract resource: 0:00:00.319272
[2023-08-27T19:44:35.092+0000] {dag_etl.py:38} INFO - Transforming user...
[2023-08-27T19:44:35.099+0000] {dag_etl.py:107} ERROR - An Error Occur: Can only merge Series or DataFrame objects, a <class 'int'> was passed
[2023-08-27T19:44:35.164+0000] {python.py:194} INFO - Done. Returned value was: None
[2023-08-27T19:44:35.193+0000] {taskinstance.py:1400} INFO - Marking task as SUCCESS. dag_id=gaas_etl_1, task_id=etl_user, execution_date=20230827T194300, start_date=20230827T194406, end_date=20230827T194435
[2023-08-27T19:44:35.272+0000] {local_task_job_runner.py:228} INFO - Task exited with return code 0
[2023-08-27T19:44:35.302+0000] {taskinstance.py:2784} INFO - 0 downstream tasks scheduled from follow-on schedule check
