[2023-08-26T13:05:05.307+0000] {taskinstance.py:1159} INFO - Dependencies all met for dep_context=non-requeueable deps ti=<TaskInstance: gaas_etl_1.etl_user scheduled__2023-08-26T13:04:00+00:00 [queued]>
[2023-08-26T13:05:05.333+0000] {taskinstance.py:1159} INFO - Dependencies all met for dep_context=requeueable deps ti=<TaskInstance: gaas_etl_1.etl_user scheduled__2023-08-26T13:04:00+00:00 [queued]>
[2023-08-26T13:05:05.334+0000] {taskinstance.py:1361} INFO - Starting attempt 1 of 1
[2023-08-26T13:05:05.370+0000] {taskinstance.py:1382} INFO - Executing <Task(PythonOperator): etl_user> on 2023-08-26 13:04:00+00:00
[2023-08-26T13:05:05.385+0000] {standard_task_runner.py:57} INFO - Started process 312867 to run task
[2023-08-26T13:05:05.409+0000] {standard_task_runner.py:84} INFO - Running: ['airflow', 'tasks', 'run', 'gaas_etl_1', 'etl_user', 'scheduled__2023-08-26T13:04:00+00:00', '--job-id', '1625', '--raw', '--subdir', 'DAGS_FOLDER/dag_etl.py', '--cfg-path', '/tmp/tmptxuoeu8p']
[2023-08-26T13:05:05.418+0000] {standard_task_runner.py:85} INFO - Job 1625: Subtask etl_user
[2023-08-26T13:05:05.718+0000] {task_command.py:415} INFO - Running <TaskInstance: gaas_etl_1.etl_user scheduled__2023-08-26T13:04:00+00:00 [running]> on host data-system.us-central1-a.c.data-system-392010.internal
[2023-08-26T13:05:06.044+0000] {taskinstance.py:1660} INFO - Exporting env vars: AIRFLOW_CTX_DAG_EMAIL='hungnm15012002@gmail.com' AIRFLOW_CTX_DAG_OWNER='hungnm' AIRFLOW_CTX_DAG_ID='gaas_etl_1' AIRFLOW_CTX_TASK_ID='etl_user' AIRFLOW_CTX_EXECUTION_DATE='2023-08-26T13:04:00+00:00' AIRFLOW_CTX_TRY_NUMBER='1' AIRFLOW_CTX_DAG_RUN_ID='scheduled__2023-08-26T13:04:00+00:00'
[2023-08-26T13:05:06.076+0000] {dag_etl.py:28} INFO - Extracting user...
[2023-08-26T13:05:10.225+0000] {extract.py:36} INFO - Request time: 0:00:04.148003
[2023-08-26T13:05:10.862+0000] {extract.py:42} INFO - Create DataFrame time: 0:00:00.636316
[2023-08-26T13:05:10.865+0000] {dag_etl.py:31} INFO - Complete extract user: 0:00:04.789706
[2023-08-26T13:05:10.867+0000] {dag_etl.py:33} INFO - Extracting resource...
[2023-08-26T13:05:12.849+0000] {extract.py:36} INFO - Request time: 0:00:01.981900
[2023-08-26T13:05:12.901+0000] {extract.py:42} INFO - Create DataFrame time: 0:00:00.050723
[2023-08-26T13:05:12.904+0000] {dag_etl.py:36} INFO - Complete extract resource: 0:00:02.038528
[2023-08-26T13:05:12.906+0000] {dag_etl.py:38} INFO - Transforming user...
[2023-08-26T13:05:13.116+0000] {dag_etl.py:42} INFO - Complete transform user: 0:00:00.211741
[2023-08-26T13:05:13.116+0000] {dag_etl.py:44} INFO - transform space_ships...
[2023-08-26T13:05:13.233+0000] {dag_etl.py:47} INFO - Complete transform space_ships: 0:00:00.117538
[2023-08-26T13:05:13.234+0000] {dag_etl.py:49} INFO - transform drones...
[2023-08-26T13:05:13.315+0000] {dag_etl.py:52} INFO - Complete transform drones: 0:00:00.081413
[2023-08-26T13:05:13.315+0000] {dag_etl.py:54} INFO - transform pilots...
[2023-08-26T13:05:13.368+0000] {dag_etl.py:57} INFO - Complete transform pilots: 0:00:00.053822
[2023-08-26T13:05:13.369+0000] {dag_etl.py:59} INFO - transform talents...
[2023-08-26T13:05:13.413+0000] {dag_etl.py:62} INFO - Complete transform talents: 0:00:00.044133
[2023-08-26T13:05:13.413+0000] {dag_etl.py:64} INFO - transform expert_items...
[2023-08-26T13:05:13.442+0000] {dag_etl.py:67} INFO - Complete transform expert_items: 0:00:00.029785
[2023-08-26T13:05:13.443+0000] {dag_etl.py:69} INFO - Loading user...
[2023-08-26T13:05:14.924+0000] {dag_etl.py:72} INFO - Complete load user: 0:00:01.481457
[2023-08-26T13:05:14.925+0000] {dag_etl.py:74} INFO - Loading space_ships...
[2023-08-26T13:05:17.910+0000] {dag_etl.py:77} INFO - Complete load space_ships: 0:00:02.986316
[2023-08-26T13:05:17.911+0000] {dag_etl.py:79} INFO - Loading drones...
[2023-08-26T13:05:20.545+0000] {dag_etl.py:82} INFO - Complete load drones: 0:00:02.634823
[2023-08-26T13:05:20.546+0000] {dag_etl.py:84} INFO - Loading pilots...
[2023-08-26T13:05:24.436+0000] {dag_etl.py:87} INFO - Complete load drones: 0:00:03.890715
[2023-08-26T13:05:24.436+0000] {dag_etl.py:89} INFO - Loading talents...
[2023-08-26T13:05:26.361+0000] {dag_etl.py:92} INFO - Complete load drones: 0:00:01.925723
[2023-08-26T13:05:26.362+0000] {dag_etl.py:94} INFO - Loading expert_items...
[2023-08-26T13:05:27.200+0000] {dag_etl.py:97} INFO - Complete load drones: 0:00:00.838566
[2023-08-26T13:05:27.200+0000] {dag_etl.py:99} INFO - Complete ETL Users in : 0:00:21.124759
[2023-08-26T13:05:27.221+0000] {python.py:194} INFO - Done. Returned value was: None
[2023-08-26T13:05:27.241+0000] {taskinstance.py:1400} INFO - Marking task as SUCCESS. dag_id=gaas_etl_1, task_id=etl_user, execution_date=20230826T130400, start_date=20230826T130505, end_date=20230826T130527
[2023-08-26T13:05:27.331+0000] {local_task_job_runner.py:228} INFO - Task exited with return code 0
[2023-08-26T13:05:27.363+0000] {taskinstance.py:2784} INFO - 0 downstream tasks scheduled from follow-on schedule check
