[2023-08-27T05:22:05.371+0000] {taskinstance.py:1159} INFO - Dependencies all met for dep_context=non-requeueable deps ti=<TaskInstance: gaas_etl_1.etl_user scheduled__2023-08-27T05:21:00+00:00 [queued]>
[2023-08-27T05:22:05.387+0000] {taskinstance.py:1159} INFO - Dependencies all met for dep_context=requeueable deps ti=<TaskInstance: gaas_etl_1.etl_user scheduled__2023-08-27T05:21:00+00:00 [queued]>
[2023-08-27T05:22:05.387+0000] {taskinstance.py:1361} INFO - Starting attempt 1 of 1
[2023-08-27T05:22:05.415+0000] {taskinstance.py:1382} INFO - Executing <Task(PythonOperator): etl_user> on 2023-08-27 05:21:00+00:00
[2023-08-27T05:22:05.424+0000] {standard_task_runner.py:57} INFO - Started process 370453 to run task
[2023-08-27T05:22:05.438+0000] {standard_task_runner.py:84} INFO - Running: ['airflow', 'tasks', 'run', 'gaas_etl_1', 'etl_user', 'scheduled__2023-08-27T05:21:00+00:00', '--job-id', '4555', '--raw', '--subdir', 'DAGS_FOLDER/dag_etl.py', '--cfg-path', '/tmp/tmpxyks7jix']
[2023-08-27T05:22:05.443+0000] {standard_task_runner.py:85} INFO - Job 4555: Subtask etl_user
[2023-08-27T05:22:05.781+0000] {task_command.py:415} INFO - Running <TaskInstance: gaas_etl_1.etl_user scheduled__2023-08-27T05:21:00+00:00 [running]> on host data-system.us-central1-a.c.data-system-392010.internal
[2023-08-27T05:22:06.531+0000] {taskinstance.py:1660} INFO - Exporting env vars: AIRFLOW_CTX_DAG_EMAIL='hungnm15012002@gmail.com' AIRFLOW_CTX_DAG_OWNER='hungnm' AIRFLOW_CTX_DAG_ID='gaas_etl_1' AIRFLOW_CTX_TASK_ID='etl_user' AIRFLOW_CTX_EXECUTION_DATE='2023-08-27T05:21:00+00:00' AIRFLOW_CTX_TRY_NUMBER='1' AIRFLOW_CTX_DAG_RUN_ID='scheduled__2023-08-27T05:21:00+00:00'
[2023-08-27T05:22:06.554+0000] {dag_etl.py:28} INFO - Extracting user...
[2023-08-27T05:22:10.256+0000] {extract.py:36} INFO - Request time: 0:00:03.702079
[2023-08-27T05:22:10.404+0000] {extract.py:42} INFO - Create DataFrame time: 0:00:00.147412
[2023-08-27T05:22:10.407+0000] {dag_etl.py:31} INFO - Complete extract user: 0:00:03.853149
[2023-08-27T05:22:10.408+0000] {dag_etl.py:33} INFO - Extracting resource...
[2023-08-27T05:22:12.362+0000] {extract.py:36} INFO - Request time: 0:00:01.953772
[2023-08-27T05:22:12.404+0000] {extract.py:42} INFO - Create DataFrame time: 0:00:00.041873
[2023-08-27T05:22:12.408+0000] {dag_etl.py:36} INFO - Complete extract resource: 0:00:02.000961
[2023-08-27T05:22:12.409+0000] {dag_etl.py:38} INFO - Transforming user...
[2023-08-27T05:22:12.564+0000] {dag_etl.py:42} INFO - Complete transform user: 0:00:00.156305
[2023-08-27T05:22:12.565+0000] {dag_etl.py:44} INFO - transform space_ships...
[2023-08-27T05:22:12.679+0000] {dag_etl.py:47} INFO - Complete transform space_ships: 0:00:00.115306
[2023-08-27T05:22:12.680+0000] {dag_etl.py:49} INFO - transform drones...
[2023-08-27T05:22:12.758+0000] {dag_etl.py:52} INFO - Complete transform drones: 0:00:00.079053
[2023-08-27T05:22:12.759+0000] {dag_etl.py:54} INFO - transform pilots...
[2023-08-27T05:22:12.810+0000] {dag_etl.py:57} INFO - Complete transform pilots: 0:00:00.051742
[2023-08-27T05:22:12.811+0000] {dag_etl.py:59} INFO - transform talents...
[2023-08-27T05:22:12.837+0000] {dag_etl.py:62} INFO - Complete transform talents: 0:00:00.027200
[2023-08-27T05:22:12.838+0000] {dag_etl.py:64} INFO - transform expert_items...
[2023-08-27T05:22:12.863+0000] {dag_etl.py:67} INFO - Complete transform expert_items: 0:00:00.026130
[2023-08-27T05:22:12.864+0000] {dag_etl.py:69} INFO - Loading user...
[2023-08-27T05:22:13.690+0000] {dag_etl.py:72} INFO - Complete load user: 0:00:00.826319
[2023-08-27T05:22:13.691+0000] {dag_etl.py:74} INFO - Loading space_ships...
[2023-08-27T05:22:14.744+0000] {dag_etl.py:77} INFO - Complete load space_ships: 0:00:01.054573
[2023-08-27T05:22:14.745+0000] {dag_etl.py:79} INFO - Loading drones...
[2023-08-27T05:22:15.619+0000] {dag_etl.py:82} INFO - Complete load drones: 0:00:00.874691
[2023-08-27T05:22:15.620+0000] {dag_etl.py:84} INFO - Loading pilots...
[2023-08-27T05:22:17.403+0000] {dag_etl.py:87} INFO - Complete load drones: 0:00:01.783696
[2023-08-27T05:22:17.403+0000] {dag_etl.py:89} INFO - Loading talents...
[2023-08-27T05:22:18.369+0000] {dag_etl.py:92} INFO - Complete load drones: 0:00:00.966631
[2023-08-27T05:22:18.370+0000] {dag_etl.py:94} INFO - Loading expert_items...
[2023-08-27T05:22:18.935+0000] {dag_etl.py:97} INFO - Complete load drones: 0:00:00.565646
[2023-08-27T05:22:18.936+0000] {dag_etl.py:99} INFO - Complete ETL Users in : 0:00:12.382087
[2023-08-27T05:22:18.968+0000] {python.py:194} INFO - Done. Returned value was: None
[2023-08-27T05:22:19.017+0000] {taskinstance.py:1400} INFO - Marking task as SUCCESS. dag_id=gaas_etl_1, task_id=etl_user, execution_date=20230827T052100, start_date=20230827T052205, end_date=20230827T052219
[2023-08-27T05:22:19.111+0000] {local_task_job_runner.py:228} INFO - Task exited with return code 0
[2023-08-27T05:22:19.173+0000] {taskinstance.py:2784} INFO - 0 downstream tasks scheduled from follow-on schedule check
