[2023-08-27T06:52:05.395+0000] {taskinstance.py:1159} INFO - Dependencies all met for dep_context=non-requeueable deps ti=<TaskInstance: gaas_etl_1.etl_user scheduled__2023-08-27T06:51:00+00:00 [queued]>
[2023-08-27T06:52:05.425+0000] {taskinstance.py:1159} INFO - Dependencies all met for dep_context=requeueable deps ti=<TaskInstance: gaas_etl_1.etl_user scheduled__2023-08-27T06:51:00+00:00 [queued]>
[2023-08-27T06:52:05.426+0000] {taskinstance.py:1361} INFO - Starting attempt 1 of 1
[2023-08-27T06:52:05.470+0000] {taskinstance.py:1382} INFO - Executing <Task(PythonOperator): etl_user> on 2023-08-27 06:51:00+00:00
[2023-08-27T06:52:05.492+0000] {standard_task_runner.py:57} INFO - Started process 374151 to run task
[2023-08-27T06:52:05.519+0000] {standard_task_runner.py:84} INFO - Running: ['airflow', 'tasks', 'run', 'gaas_etl_1', 'etl_user', 'scheduled__2023-08-27T06:51:00+00:00', '--job-id', '4825', '--raw', '--subdir', 'DAGS_FOLDER/dag_etl.py', '--cfg-path', '/tmp/tmptxr60po1']
[2023-08-27T06:52:05.539+0000] {standard_task_runner.py:85} INFO - Job 4825: Subtask etl_user
[2023-08-27T06:52:06.110+0000] {task_command.py:415} INFO - Running <TaskInstance: gaas_etl_1.etl_user scheduled__2023-08-27T06:51:00+00:00 [running]> on host data-system.us-central1-a.c.data-system-392010.internal
[2023-08-27T06:52:06.896+0000] {taskinstance.py:1660} INFO - Exporting env vars: AIRFLOW_CTX_DAG_EMAIL='hungnm15012002@gmail.com' AIRFLOW_CTX_DAG_OWNER='hungnm' AIRFLOW_CTX_DAG_ID='gaas_etl_1' AIRFLOW_CTX_TASK_ID='etl_user' AIRFLOW_CTX_EXECUTION_DATE='2023-08-27T06:51:00+00:00' AIRFLOW_CTX_TRY_NUMBER='1' AIRFLOW_CTX_DAG_RUN_ID='scheduled__2023-08-27T06:51:00+00:00'
[2023-08-27T06:52:06.918+0000] {dag_etl.py:28} INFO - Extracting user...
[2023-08-27T06:52:12.170+0000] {extract.py:36} INFO - Request time: 0:00:05.251115
[2023-08-27T06:52:12.432+0000] {extract.py:42} INFO - Create DataFrame time: 0:00:00.262187
[2023-08-27T06:52:12.436+0000] {dag_etl.py:31} INFO - Complete extract user: 0:00:05.517740
[2023-08-27T06:52:12.437+0000] {dag_etl.py:33} INFO - Extracting resource...
[2023-08-27T06:52:14.558+0000] {extract.py:36} INFO - Request time: 0:00:02.120759
[2023-08-27T06:52:14.611+0000] {extract.py:42} INFO - Create DataFrame time: 0:00:00.053046
[2023-08-27T06:52:14.614+0000] {dag_etl.py:36} INFO - Complete extract resource: 0:00:02.178518
[2023-08-27T06:52:14.616+0000] {dag_etl.py:38} INFO - Transforming user...
[2023-08-27T06:52:14.755+0000] {dag_etl.py:42} INFO - Complete transform user: 0:00:00.141229
[2023-08-27T06:52:14.756+0000] {dag_etl.py:44} INFO - transform space_ships...
[2023-08-27T06:52:14.857+0000] {dag_etl.py:47} INFO - Complete transform space_ships: 0:00:00.101590
[2023-08-27T06:52:14.858+0000] {dag_etl.py:49} INFO - transform drones...
[2023-08-27T06:52:14.927+0000] {dag_etl.py:52} INFO - Complete transform drones: 0:00:00.070075
[2023-08-27T06:52:14.927+0000] {dag_etl.py:54} INFO - transform pilots...
[2023-08-27T06:52:14.992+0000] {dag_etl.py:57} INFO - Complete transform pilots: 0:00:00.064905
[2023-08-27T06:52:14.992+0000] {dag_etl.py:59} INFO - transform talents...
[2023-08-27T06:52:15.019+0000] {dag_etl.py:62} INFO - Complete transform talents: 0:00:00.027128
[2023-08-27T06:52:15.020+0000] {dag_etl.py:64} INFO - transform expert_items...
[2023-08-27T06:52:15.044+0000] {dag_etl.py:67} INFO - Complete transform expert_items: 0:00:00.025159
[2023-08-27T06:52:15.045+0000] {dag_etl.py:69} INFO - Loading user...
[2023-08-27T06:52:16.265+0000] {dag_etl.py:72} INFO - Complete load user: 0:00:01.221120
[2023-08-27T06:52:16.266+0000] {dag_etl.py:74} INFO - Loading space_ships...
[2023-08-27T06:52:17.929+0000] {dag_etl.py:77} INFO - Complete load space_ships: 0:00:01.663458
[2023-08-27T06:52:17.929+0000] {dag_etl.py:79} INFO - Loading drones...
[2023-08-27T06:52:19.802+0000] {dag_etl.py:82} INFO - Complete load drones: 0:00:01.873166
[2023-08-27T06:52:19.803+0000] {dag_etl.py:84} INFO - Loading pilots...
[2023-08-27T06:52:22.497+0000] {dag_etl.py:87} INFO - Complete load drones: 0:00:02.694859
[2023-08-27T06:52:22.497+0000] {dag_etl.py:89} INFO - Loading talents...
[2023-08-27T06:52:23.833+0000] {dag_etl.py:92} INFO - Complete load drones: 0:00:01.336261
[2023-08-27T06:52:23.834+0000] {dag_etl.py:94} INFO - Loading expert_items...
[2023-08-27T06:52:24.887+0000] {dag_etl.py:97} INFO - Complete load drones: 0:00:01.054273
[2023-08-27T06:52:24.888+0000] {dag_etl.py:99} INFO - Complete ETL Users in : 0:00:17.970067
[2023-08-27T06:52:24.915+0000] {python.py:194} INFO - Done. Returned value was: None
[2023-08-27T06:52:24.936+0000] {taskinstance.py:1400} INFO - Marking task as SUCCESS. dag_id=gaas_etl_1, task_id=etl_user, execution_date=20230827T065100, start_date=20230827T065205, end_date=20230827T065224
[2023-08-27T06:52:25.015+0000] {local_task_job_runner.py:228} INFO - Task exited with return code 0
[2023-08-27T06:52:25.060+0000] {taskinstance.py:2784} INFO - 0 downstream tasks scheduled from follow-on schedule check
