[2023-08-26T19:29:06.049+0000] {taskinstance.py:1159} INFO - Dependencies all met for dep_context=non-requeueable deps ti=<TaskInstance: gaas_etl_1.etl_user scheduled__2023-08-26T19:28:00+00:00 [queued]>
[2023-08-26T19:29:06.069+0000] {taskinstance.py:1159} INFO - Dependencies all met for dep_context=requeueable deps ti=<TaskInstance: gaas_etl_1.etl_user scheduled__2023-08-26T19:28:00+00:00 [queued]>
[2023-08-26T19:29:06.069+0000] {taskinstance.py:1361} INFO - Starting attempt 1 of 1
[2023-08-26T19:29:06.103+0000] {taskinstance.py:1382} INFO - Executing <Task(PythonOperator): etl_user> on 2023-08-26 19:28:00+00:00
[2023-08-26T19:29:06.113+0000] {standard_task_runner.py:57} INFO - Started process 328060 to run task
[2023-08-26T19:29:06.130+0000] {standard_task_runner.py:84} INFO - Running: ['airflow', 'tasks', 'run', 'gaas_etl_1', 'etl_user', 'scheduled__2023-08-26T19:28:00+00:00', '--job-id', '2776', '--raw', '--subdir', 'DAGS_FOLDER/dag_etl.py', '--cfg-path', '/tmp/tmp2i8nv1ot']
[2023-08-26T19:29:06.135+0000] {standard_task_runner.py:85} INFO - Job 2776: Subtask etl_user
[2023-08-26T19:29:06.674+0000] {task_command.py:415} INFO - Running <TaskInstance: gaas_etl_1.etl_user scheduled__2023-08-26T19:28:00+00:00 [running]> on host data-system.us-central1-a.c.data-system-392010.internal
[2023-08-26T19:29:07.008+0000] {taskinstance.py:1660} INFO - Exporting env vars: AIRFLOW_CTX_DAG_EMAIL='hungnm15012002@gmail.com' AIRFLOW_CTX_DAG_OWNER='hungnm' AIRFLOW_CTX_DAG_ID='gaas_etl_1' AIRFLOW_CTX_TASK_ID='etl_user' AIRFLOW_CTX_EXECUTION_DATE='2023-08-26T19:28:00+00:00' AIRFLOW_CTX_TRY_NUMBER='1' AIRFLOW_CTX_DAG_RUN_ID='scheduled__2023-08-26T19:28:00+00:00'
[2023-08-26T19:29:07.035+0000] {dag_etl.py:28} INFO - Extracting user...
[2023-08-26T19:29:13.982+0000] {extract.py:36} INFO - Request time: 0:00:06.946208
[2023-08-26T19:29:15.001+0000] {extract.py:42} INFO - Create DataFrame time: 0:00:01.018565
[2023-08-26T19:29:15.007+0000] {dag_etl.py:31} INFO - Complete extract user: 0:00:07.972233
[2023-08-26T19:29:15.009+0000] {dag_etl.py:33} INFO - Extracting resource...
[2023-08-26T19:29:17.039+0000] {extract.py:36} INFO - Request time: 0:00:02.029424
[2023-08-26T19:29:17.147+0000] {extract.py:42} INFO - Create DataFrame time: 0:00:00.107280
[2023-08-26T19:29:17.150+0000] {dag_etl.py:36} INFO - Complete extract resource: 0:00:02.142521
[2023-08-26T19:29:17.151+0000] {dag_etl.py:38} INFO - Transforming user...
[2023-08-26T19:29:17.545+0000] {dag_etl.py:42} INFO - Complete transform user: 0:00:00.395514
[2023-08-26T19:29:17.546+0000] {dag_etl.py:44} INFO - transform space_ships...
[2023-08-26T19:29:17.844+0000] {dag_etl.py:47} INFO - Complete transform space_ships: 0:00:00.298631
[2023-08-26T19:29:17.845+0000] {dag_etl.py:49} INFO - transform drones...
[2023-08-26T19:29:18.049+0000] {dag_etl.py:52} INFO - Complete transform drones: 0:00:00.204930
[2023-08-26T19:29:18.050+0000] {dag_etl.py:54} INFO - transform pilots...
[2023-08-26T19:29:18.182+0000] {dag_etl.py:57} INFO - Complete transform pilots: 0:00:00.133251
[2023-08-26T19:29:18.183+0000] {dag_etl.py:59} INFO - transform talents...
[2023-08-26T19:29:18.242+0000] {dag_etl.py:62} INFO - Complete transform talents: 0:00:00.060144
[2023-08-26T19:29:18.243+0000] {dag_etl.py:64} INFO - transform expert_items...
[2023-08-26T19:29:18.289+0000] {dag_etl.py:67} INFO - Complete transform expert_items: 0:00:00.047203
[2023-08-26T19:29:18.290+0000] {dag_etl.py:69} INFO - Loading user...
[2023-08-26T19:29:20.283+0000] {dag_etl.py:72} INFO - Complete load user: 0:00:01.993869
[2023-08-26T19:29:20.284+0000] {dag_etl.py:74} INFO - Loading space_ships...
[2023-08-26T19:29:23.478+0000] {dag_etl.py:77} INFO - Complete load space_ships: 0:00:03.194507
[2023-08-26T19:29:23.478+0000] {dag_etl.py:79} INFO - Loading drones...
[2023-08-26T19:29:26.313+0000] {dag_etl.py:82} INFO - Complete load drones: 0:00:02.834697
[2023-08-26T19:29:26.313+0000] {dag_etl.py:84} INFO - Loading pilots...
[2023-08-26T19:29:30.480+0000] {dag_etl.py:87} INFO - Complete load drones: 0:00:04.167676
[2023-08-26T19:29:30.481+0000] {dag_etl.py:89} INFO - Loading talents...
[2023-08-26T19:29:33.431+0000] {dag_etl.py:92} INFO - Complete load drones: 0:00:02.950637
[2023-08-26T19:29:33.432+0000] {dag_etl.py:94} INFO - Loading expert_items...
[2023-08-26T19:29:35.559+0000] {dag_etl.py:97} INFO - Complete load drones: 0:00:02.127641
[2023-08-26T19:29:35.559+0000] {dag_etl.py:99} INFO - Complete ETL Users in : 0:00:28.523964
[2023-08-26T19:29:35.620+0000] {python.py:194} INFO - Done. Returned value was: None
[2023-08-26T19:29:35.946+0000] {taskinstance.py:1400} INFO - Marking task as SUCCESS. dag_id=gaas_etl_1, task_id=etl_user, execution_date=20230826T192800, start_date=20230826T192906, end_date=20230826T192935
[2023-08-26T19:29:36.046+0000] {local_task_job_runner.py:228} INFO - Task exited with return code 0
[2023-08-26T19:29:36.091+0000] {taskinstance.py:2784} INFO - 0 downstream tasks scheduled from follow-on schedule check
