[2023-08-26T14:32:04.269+0000] {taskinstance.py:1159} INFO - Dependencies all met for dep_context=non-requeueable deps ti=<TaskInstance: gaas_etl_1.etl_user scheduled__2023-08-26T14:31:00+00:00 [queued]>
[2023-08-26T14:32:04.285+0000] {taskinstance.py:1159} INFO - Dependencies all met for dep_context=requeueable deps ti=<TaskInstance: gaas_etl_1.etl_user scheduled__2023-08-26T14:31:00+00:00 [queued]>
[2023-08-26T14:32:04.286+0000] {taskinstance.py:1361} INFO - Starting attempt 1 of 1
[2023-08-26T14:32:04.314+0000] {taskinstance.py:1382} INFO - Executing <Task(PythonOperator): etl_user> on 2023-08-26 14:31:00+00:00
[2023-08-26T14:32:04.331+0000] {standard_task_runner.py:57} INFO - Started process 316354 to run task
[2023-08-26T14:32:04.359+0000] {standard_task_runner.py:84} INFO - Running: ['airflow', 'tasks', 'run', 'gaas_etl_1', 'etl_user', 'scheduled__2023-08-26T14:31:00+00:00', '--job-id', '1885', '--raw', '--subdir', 'DAGS_FOLDER/dag_etl.py', '--cfg-path', '/tmp/tmpw2zd6rxq']
[2023-08-26T14:32:04.374+0000] {standard_task_runner.py:85} INFO - Job 1885: Subtask etl_user
[2023-08-26T14:32:04.687+0000] {task_command.py:415} INFO - Running <TaskInstance: gaas_etl_1.etl_user scheduled__2023-08-26T14:31:00+00:00 [running]> on host data-system.us-central1-a.c.data-system-392010.internal
[2023-08-26T14:32:05.109+0000] {taskinstance.py:1660} INFO - Exporting env vars: AIRFLOW_CTX_DAG_EMAIL='hungnm15012002@gmail.com' AIRFLOW_CTX_DAG_OWNER='hungnm' AIRFLOW_CTX_DAG_ID='gaas_etl_1' AIRFLOW_CTX_TASK_ID='etl_user' AIRFLOW_CTX_EXECUTION_DATE='2023-08-26T14:31:00+00:00' AIRFLOW_CTX_TRY_NUMBER='1' AIRFLOW_CTX_DAG_RUN_ID='scheduled__2023-08-26T14:31:00+00:00'
[2023-08-26T14:32:05.146+0000] {dag_etl.py:28} INFO - Extracting user...
[2023-08-26T14:32:10.482+0000] {extract.py:36} INFO - Request time: 0:00:05.335644
[2023-08-26T14:32:10.874+0000] {extract.py:42} INFO - Create DataFrame time: 0:00:00.392008
[2023-08-26T14:32:10.878+0000] {dag_etl.py:31} INFO - Complete extract user: 0:00:05.732217
[2023-08-26T14:32:10.879+0000] {dag_etl.py:33} INFO - Extracting resource...
[2023-08-26T14:32:13.112+0000] {extract.py:36} INFO - Request time: 0:00:02.232869
[2023-08-26T14:32:13.156+0000] {extract.py:42} INFO - Create DataFrame time: 0:00:00.043356
[2023-08-26T14:32:13.158+0000] {dag_etl.py:36} INFO - Complete extract resource: 0:00:02.279712
[2023-08-26T14:32:13.159+0000] {dag_etl.py:38} INFO - Transforming user...
[2023-08-26T14:32:13.276+0000] {dag_etl.py:42} INFO - Complete transform user: 0:00:00.118434
[2023-08-26T14:32:13.276+0000] {dag_etl.py:44} INFO - transform space_ships...
[2023-08-26T14:32:13.429+0000] {dag_etl.py:47} INFO - Complete transform space_ships: 0:00:00.153482
[2023-08-26T14:32:13.430+0000] {dag_etl.py:49} INFO - transform drones...
[2023-08-26T14:32:13.562+0000] {dag_etl.py:52} INFO - Complete transform drones: 0:00:00.132647
[2023-08-26T14:32:13.563+0000] {dag_etl.py:54} INFO - transform pilots...
[2023-08-26T14:32:13.632+0000] {dag_etl.py:57} INFO - Complete transform pilots: 0:00:00.069603
[2023-08-26T14:32:13.632+0000] {dag_etl.py:59} INFO - transform talents...
[2023-08-26T14:32:13.667+0000] {dag_etl.py:62} INFO - Complete transform talents: 0:00:00.034868
[2023-08-26T14:32:13.667+0000] {dag_etl.py:64} INFO - transform expert_items...
[2023-08-26T14:32:13.698+0000] {dag_etl.py:67} INFO - Complete transform expert_items: 0:00:00.031765
[2023-08-26T14:32:13.699+0000] {dag_etl.py:69} INFO - Loading user...
[2023-08-26T14:32:14.943+0000] {dag_etl.py:72} INFO - Complete load user: 0:00:01.244311
[2023-08-26T14:32:14.943+0000] {dag_etl.py:74} INFO - Loading space_ships...
[2023-08-26T14:32:16.674+0000] {dag_etl.py:77} INFO - Complete load space_ships: 0:00:01.731394
[2023-08-26T14:32:16.675+0000] {dag_etl.py:79} INFO - Loading drones...
[2023-08-26T14:32:18.676+0000] {dag_etl.py:82} INFO - Complete load drones: 0:00:02.002160
[2023-08-26T14:32:18.677+0000] {dag_etl.py:84} INFO - Loading pilots...
[2023-08-26T14:32:21.185+0000] {dag_etl.py:87} INFO - Complete load drones: 0:00:02.508349
[2023-08-26T14:32:21.185+0000] {dag_etl.py:89} INFO - Loading talents...
[2023-08-26T14:32:22.962+0000] {dag_etl.py:92} INFO - Complete load drones: 0:00:01.776953
[2023-08-26T14:32:22.962+0000] {dag_etl.py:94} INFO - Loading expert_items...
[2023-08-26T14:32:23.874+0000] {dag_etl.py:97} INFO - Complete load drones: 0:00:00.912318
[2023-08-26T14:32:23.874+0000] {dag_etl.py:99} INFO - Complete ETL Users in : 0:00:18.728866
[2023-08-26T14:32:23.895+0000] {python.py:194} INFO - Done. Returned value was: None
[2023-08-26T14:32:23.913+0000] {taskinstance.py:1400} INFO - Marking task as SUCCESS. dag_id=gaas_etl_1, task_id=etl_user, execution_date=20230826T143100, start_date=20230826T143204, end_date=20230826T143223
[2023-08-26T14:32:23.984+0000] {local_task_job_runner.py:228} INFO - Task exited with return code 0
[2023-08-26T14:32:24.014+0000] {taskinstance.py:2784} INFO - 0 downstream tasks scheduled from follow-on schedule check
