[2023-08-26T19:10:04.420+0000] {taskinstance.py:1159} INFO - Dependencies all met for dep_context=non-requeueable deps ti=<TaskInstance: gaas_etl_1.etl_user scheduled__2023-08-26T19:09:00+00:00 [queued]>
[2023-08-26T19:10:04.437+0000] {taskinstance.py:1159} INFO - Dependencies all met for dep_context=requeueable deps ti=<TaskInstance: gaas_etl_1.etl_user scheduled__2023-08-26T19:09:00+00:00 [queued]>
[2023-08-26T19:10:04.438+0000] {taskinstance.py:1361} INFO - Starting attempt 1 of 1
[2023-08-26T19:10:04.466+0000] {taskinstance.py:1382} INFO - Executing <Task(PythonOperator): etl_user> on 2023-08-26 19:09:00+00:00
[2023-08-26T19:10:04.475+0000] {standard_task_runner.py:57} INFO - Started process 327319 to run task
[2023-08-26T19:10:04.491+0000] {standard_task_runner.py:84} INFO - Running: ['airflow', 'tasks', 'run', 'gaas_etl_1', 'etl_user', 'scheduled__2023-08-26T19:09:00+00:00', '--job-id', '2719', '--raw', '--subdir', 'DAGS_FOLDER/dag_etl.py', '--cfg-path', '/tmp/tmp7o78h5iv']
[2023-08-26T19:10:04.497+0000] {standard_task_runner.py:85} INFO - Job 2719: Subtask etl_user
[2023-08-26T19:10:04.786+0000] {task_command.py:415} INFO - Running <TaskInstance: gaas_etl_1.etl_user scheduled__2023-08-26T19:09:00+00:00 [running]> on host data-system.us-central1-a.c.data-system-392010.internal
[2023-08-26T19:10:05.369+0000] {taskinstance.py:1660} INFO - Exporting env vars: AIRFLOW_CTX_DAG_EMAIL='hungnm15012002@gmail.com' AIRFLOW_CTX_DAG_OWNER='hungnm' AIRFLOW_CTX_DAG_ID='gaas_etl_1' AIRFLOW_CTX_TASK_ID='etl_user' AIRFLOW_CTX_EXECUTION_DATE='2023-08-26T19:09:00+00:00' AIRFLOW_CTX_TRY_NUMBER='1' AIRFLOW_CTX_DAG_RUN_ID='scheduled__2023-08-26T19:09:00+00:00'
[2023-08-26T19:10:05.391+0000] {dag_etl.py:28} INFO - Extracting user...
[2023-08-26T19:10:11.367+0000] {extract.py:36} INFO - Request time: 0:00:05.975095
[2023-08-26T19:10:11.778+0000] {extract.py:42} INFO - Create DataFrame time: 0:00:00.409976
[2023-08-26T19:10:11.790+0000] {dag_etl.py:31} INFO - Complete extract user: 0:00:06.398244
[2023-08-26T19:10:11.791+0000] {dag_etl.py:33} INFO - Extracting resource...
[2023-08-26T19:10:17.462+0000] {extract.py:36} INFO - Request time: 0:00:05.671490
[2023-08-26T19:10:17.552+0000] {extract.py:42} INFO - Create DataFrame time: 0:00:00.088646
[2023-08-26T19:10:17.556+0000] {dag_etl.py:36} INFO - Complete extract resource: 0:00:05.766911
[2023-08-26T19:10:17.558+0000] {dag_etl.py:38} INFO - Transforming user...
[2023-08-26T19:10:17.955+0000] {dag_etl.py:42} INFO - Complete transform user: 0:00:00.398889
[2023-08-26T19:10:17.956+0000] {dag_etl.py:44} INFO - transform space_ships...
[2023-08-26T19:10:18.400+0000] {dag_etl.py:47} INFO - Complete transform space_ships: 0:00:00.444684
[2023-08-26T19:10:18.401+0000] {dag_etl.py:49} INFO - transform drones...
[2023-08-26T19:10:18.565+0000] {dag_etl.py:52} INFO - Complete transform drones: 0:00:00.165148
[2023-08-26T19:10:18.566+0000] {dag_etl.py:54} INFO - transform pilots...
[2023-08-26T19:10:18.678+0000] {dag_etl.py:57} INFO - Complete transform pilots: 0:00:00.112348
[2023-08-26T19:10:18.678+0000] {dag_etl.py:59} INFO - transform talents...
[2023-08-26T19:10:18.731+0000] {dag_etl.py:62} INFO - Complete transform talents: 0:00:00.053538
[2023-08-26T19:10:18.732+0000] {dag_etl.py:64} INFO - transform expert_items...
[2023-08-26T19:10:18.782+0000] {dag_etl.py:67} INFO - Complete transform expert_items: 0:00:00.050440
[2023-08-26T19:10:18.782+0000] {dag_etl.py:69} INFO - Loading user...
[2023-08-26T19:10:21.097+0000] {dag_etl.py:72} INFO - Complete load user: 0:00:02.315164
[2023-08-26T19:10:21.098+0000] {dag_etl.py:74} INFO - Loading space_ships...
[2023-08-26T19:10:25.442+0000] {dag_etl.py:77} INFO - Complete load space_ships: 0:00:04.345187
[2023-08-26T19:10:25.443+0000] {dag_etl.py:79} INFO - Loading drones...
[2023-08-26T19:10:28.331+0000] {dag_etl.py:82} INFO - Complete load drones: 0:00:02.889009
[2023-08-26T19:10:28.332+0000] {dag_etl.py:84} INFO - Loading pilots...
[2023-08-26T19:10:32.301+0000] {dag_etl.py:87} INFO - Complete load drones: 0:00:03.970240
[2023-08-26T19:10:32.302+0000] {dag_etl.py:89} INFO - Loading talents...
[2023-08-26T19:10:34.606+0000] {dag_etl.py:92} INFO - Complete load drones: 0:00:02.304642
[2023-08-26T19:10:34.606+0000] {dag_etl.py:94} INFO - Loading expert_items...
[2023-08-26T19:10:36.257+0000] {dag_etl.py:97} INFO - Complete load drones: 0:00:01.651089
[2023-08-26T19:10:36.257+0000] {dag_etl.py:99} INFO - Complete ETL Users in : 0:00:30.866126
[2023-08-26T19:10:36.289+0000] {python.py:194} INFO - Done. Returned value was: None
[2023-08-26T19:10:36.310+0000] {taskinstance.py:1400} INFO - Marking task as SUCCESS. dag_id=gaas_etl_1, task_id=etl_user, execution_date=20230826T190900, start_date=20230826T191004, end_date=20230826T191036
[2023-08-26T19:10:36.388+0000] {local_task_job_runner.py:228} INFO - Task exited with return code 0
[2023-08-26T19:10:36.445+0000] {taskinstance.py:2784} INFO - 0 downstream tasks scheduled from follow-on schedule check
