[2023-08-26T20:33:04.547+0000] {taskinstance.py:1159} INFO - Dependencies all met for dep_context=non-requeueable deps ti=<TaskInstance: gaas_etl_1.etl_user scheduled__2023-08-26T20:32:00+00:00 [queued]>
[2023-08-26T20:33:04.567+0000] {taskinstance.py:1159} INFO - Dependencies all met for dep_context=requeueable deps ti=<TaskInstance: gaas_etl_1.etl_user scheduled__2023-08-26T20:32:00+00:00 [queued]>
[2023-08-26T20:33:04.567+0000] {taskinstance.py:1361} INFO - Starting attempt 1 of 1
[2023-08-26T20:33:04.598+0000] {taskinstance.py:1382} INFO - Executing <Task(PythonOperator): etl_user> on 2023-08-26 20:32:00+00:00
[2023-08-26T20:33:04.607+0000] {standard_task_runner.py:57} INFO - Started process 330562 to run task
[2023-08-26T20:33:04.623+0000] {standard_task_runner.py:84} INFO - Running: ['airflow', 'tasks', 'run', 'gaas_etl_1', 'etl_user', 'scheduled__2023-08-26T20:32:00+00:00', '--job-id', '2969', '--raw', '--subdir', 'DAGS_FOLDER/dag_etl.py', '--cfg-path', '/tmp/tmpi52f320a']
[2023-08-26T20:33:04.629+0000] {standard_task_runner.py:85} INFO - Job 2969: Subtask etl_user
[2023-08-26T20:33:05.212+0000] {task_command.py:415} INFO - Running <TaskInstance: gaas_etl_1.etl_user scheduled__2023-08-26T20:32:00+00:00 [running]> on host data-system.us-central1-a.c.data-system-392010.internal
[2023-08-26T20:33:05.512+0000] {taskinstance.py:1660} INFO - Exporting env vars: AIRFLOW_CTX_DAG_EMAIL='hungnm15012002@gmail.com' AIRFLOW_CTX_DAG_OWNER='hungnm' AIRFLOW_CTX_DAG_ID='gaas_etl_1' AIRFLOW_CTX_TASK_ID='etl_user' AIRFLOW_CTX_EXECUTION_DATE='2023-08-26T20:32:00+00:00' AIRFLOW_CTX_TRY_NUMBER='1' AIRFLOW_CTX_DAG_RUN_ID='scheduled__2023-08-26T20:32:00+00:00'
[2023-08-26T20:33:05.535+0000] {dag_etl.py:28} INFO - Extracting user...
[2023-08-26T20:33:18.195+0000] {extract.py:36} INFO - Request time: 0:00:12.659490
[2023-08-26T20:33:19.337+0000] {extract.py:42} INFO - Create DataFrame time: 0:00:01.140788
[2023-08-26T20:33:19.345+0000] {dag_etl.py:31} INFO - Complete extract user: 0:00:13.810222
[2023-08-26T20:33:19.346+0000] {dag_etl.py:33} INFO - Extracting resource...
[2023-08-26T20:33:25.986+0000] {extract.py:36} INFO - Request time: 0:00:06.639132
[2023-08-26T20:33:26.105+0000] {extract.py:42} INFO - Create DataFrame time: 0:00:00.117486
[2023-08-26T20:33:26.108+0000] {dag_etl.py:36} INFO - Complete extract resource: 0:00:06.762905
[2023-08-26T20:33:26.110+0000] {dag_etl.py:38} INFO - Transforming user...
[2023-08-26T20:33:26.576+0000] {dag_etl.py:42} INFO - Complete transform user: 0:00:00.467689
[2023-08-26T20:33:26.576+0000] {dag_etl.py:44} INFO - transform space_ships...
[2023-08-26T20:33:26.915+0000] {dag_etl.py:47} INFO - Complete transform space_ships: 0:00:00.339079
[2023-08-26T20:33:26.916+0000] {dag_etl.py:49} INFO - transform drones...
[2023-08-26T20:33:27.140+0000] {dag_etl.py:52} INFO - Complete transform drones: 0:00:00.224958
[2023-08-26T20:33:27.140+0000] {dag_etl.py:54} INFO - transform pilots...
[2023-08-26T20:33:27.286+0000] {dag_etl.py:57} INFO - Complete transform pilots: 0:00:00.146556
[2023-08-26T20:33:27.287+0000] {dag_etl.py:59} INFO - transform talents...
[2023-08-26T20:33:27.370+0000] {dag_etl.py:62} INFO - Complete transform talents: 0:00:00.083304
[2023-08-26T20:33:27.370+0000] {dag_etl.py:64} INFO - transform expert_items...
[2023-08-26T20:33:27.435+0000] {dag_etl.py:67} INFO - Complete transform expert_items: 0:00:00.065586
[2023-08-26T20:33:27.436+0000] {dag_etl.py:69} INFO - Loading user...
[2023-08-26T20:33:30.076+0000] {dag_etl.py:72} INFO - Complete load user: 0:00:02.640603
[2023-08-26T20:33:30.077+0000] {dag_etl.py:74} INFO - Loading space_ships...
[2023-08-26T20:33:34.461+0000] {dag_etl.py:77} INFO - Complete load space_ships: 0:00:04.384888
[2023-08-26T20:33:34.461+0000] {dag_etl.py:79} INFO - Loading drones...
[2023-08-26T20:33:38.024+0000] {dag_etl.py:82} INFO - Complete load drones: 0:00:03.563206
[2023-08-26T20:33:38.025+0000] {dag_etl.py:84} INFO - Loading pilots...
[2023-08-26T20:33:43.037+0000] {dag_etl.py:87} INFO - Complete load drones: 0:00:05.012737
[2023-08-26T20:33:43.037+0000] {dag_etl.py:89} INFO - Loading talents...
[2023-08-26T20:33:45.536+0000] {dag_etl.py:92} INFO - Complete load drones: 0:00:02.499460
[2023-08-26T20:33:45.537+0000] {dag_etl.py:94} INFO - Loading expert_items...
[2023-08-26T20:33:47.163+0000] {dag_etl.py:97} INFO - Complete load drones: 0:00:01.626612
[2023-08-26T20:33:47.163+0000] {dag_etl.py:99} INFO - Complete ETL Users in : 0:00:41.628418
[2023-08-26T20:33:47.195+0000] {python.py:194} INFO - Done. Returned value was: None
[2023-08-26T20:33:47.209+0000] {taskinstance.py:1400} INFO - Marking task as SUCCESS. dag_id=gaas_etl_1, task_id=etl_user, execution_date=20230826T203200, start_date=20230826T203304, end_date=20230826T203347
[2023-08-26T20:33:47.267+0000] {local_task_job_runner.py:228} INFO - Task exited with return code 0
[2023-08-26T20:33:47.290+0000] {taskinstance.py:2784} INFO - 0 downstream tasks scheduled from follow-on schedule check
