[2023-08-27T02:51:05.633+0000] {taskinstance.py:1159} INFO - Dependencies all met for dep_context=non-requeueable deps ti=<TaskInstance: gaas_etl_1.etl_user scheduled__2023-08-27T02:50:00+00:00 [queued]>
[2023-08-27T02:51:05.651+0000] {taskinstance.py:1159} INFO - Dependencies all met for dep_context=requeueable deps ti=<TaskInstance: gaas_etl_1.etl_user scheduled__2023-08-27T02:50:00+00:00 [queued]>
[2023-08-27T02:51:05.651+0000] {taskinstance.py:1361} INFO - Starting attempt 1 of 1
[2023-08-27T02:51:05.679+0000] {taskinstance.py:1382} INFO - Executing <Task(PythonOperator): etl_user> on 2023-08-27 02:50:00+00:00
[2023-08-27T02:51:05.692+0000] {standard_task_runner.py:57} INFO - Started process 345660 to run task
[2023-08-27T02:51:05.707+0000] {standard_task_runner.py:84} INFO - Running: ['airflow', 'tasks', 'run', 'gaas_etl_1', 'etl_user', 'scheduled__2023-08-27T02:50:00+00:00', '--job-id', '4102', '--raw', '--subdir', 'DAGS_FOLDER/dag_etl.py', '--cfg-path', '/tmp/tmpqbth0fiq']
[2023-08-27T02:51:05.714+0000] {standard_task_runner.py:85} INFO - Job 4102: Subtask etl_user
[2023-08-27T02:51:06.079+0000] {task_command.py:415} INFO - Running <TaskInstance: gaas_etl_1.etl_user scheduled__2023-08-27T02:50:00+00:00 [running]> on host data-system.us-central1-a.c.data-system-392010.internal
[2023-08-27T02:51:06.439+0000] {taskinstance.py:1660} INFO - Exporting env vars: AIRFLOW_CTX_DAG_EMAIL='hungnm15012002@gmail.com' AIRFLOW_CTX_DAG_OWNER='hungnm' AIRFLOW_CTX_DAG_ID='gaas_etl_1' AIRFLOW_CTX_TASK_ID='etl_user' AIRFLOW_CTX_EXECUTION_DATE='2023-08-27T02:50:00+00:00' AIRFLOW_CTX_TRY_NUMBER='1' AIRFLOW_CTX_DAG_RUN_ID='scheduled__2023-08-27T02:50:00+00:00'
[2023-08-27T02:51:06.476+0000] {dag_etl.py:28} INFO - Extracting user...
[2023-08-27T02:51:10.151+0000] {extract.py:36} INFO - Request time: 0:00:03.674663
[2023-08-27T02:51:10.547+0000] {extract.py:42} INFO - Create DataFrame time: 0:00:00.395858
[2023-08-27T02:51:10.550+0000] {dag_etl.py:31} INFO - Complete extract user: 0:00:04.074981
[2023-08-27T02:51:10.551+0000] {dag_etl.py:33} INFO - Extracting resource...
[2023-08-27T02:51:12.313+0000] {extract.py:36} INFO - Request time: 0:00:01.762038
[2023-08-27T02:51:12.369+0000] {extract.py:42} INFO - Create DataFrame time: 0:00:00.054545
[2023-08-27T02:51:12.372+0000] {dag_etl.py:36} INFO - Complete extract resource: 0:00:01.821331
[2023-08-27T02:51:12.373+0000] {dag_etl.py:38} INFO - Transforming user...
[2023-08-27T02:51:12.577+0000] {dag_etl.py:42} INFO - Complete transform user: 0:00:00.205418
[2023-08-27T02:51:12.578+0000] {dag_etl.py:44} INFO - transform space_ships...
[2023-08-27T02:51:12.697+0000] {dag_etl.py:47} INFO - Complete transform space_ships: 0:00:00.119322
[2023-08-27T02:51:12.697+0000] {dag_etl.py:49} INFO - transform drones...
[2023-08-27T02:51:12.836+0000] {dag_etl.py:52} INFO - Complete transform drones: 0:00:00.139031
[2023-08-27T02:51:12.837+0000] {dag_etl.py:54} INFO - transform pilots...
[2023-08-27T02:51:12.907+0000] {dag_etl.py:57} INFO - Complete transform pilots: 0:00:00.071070
[2023-08-27T02:51:12.907+0000] {dag_etl.py:59} INFO - transform talents...
[2023-08-27T02:51:12.936+0000] {dag_etl.py:62} INFO - Complete transform talents: 0:00:00.029566
[2023-08-27T02:51:12.937+0000] {dag_etl.py:64} INFO - transform expert_items...
[2023-08-27T02:51:12.969+0000] {dag_etl.py:67} INFO - Complete transform expert_items: 0:00:00.032345
[2023-08-27T02:51:12.969+0000] {dag_etl.py:69} INFO - Loading user...
[2023-08-27T02:51:13.805+0000] {dag_etl.py:72} INFO - Complete load user: 0:00:00.836180
[2023-08-27T02:51:13.805+0000] {dag_etl.py:74} INFO - Loading space_ships...
[2023-08-27T02:51:15.125+0000] {dag_etl.py:77} INFO - Complete load space_ships: 0:00:01.320685
[2023-08-27T02:51:15.126+0000] {dag_etl.py:79} INFO - Loading drones...
[2023-08-27T02:51:16.111+0000] {dag_etl.py:82} INFO - Complete load drones: 0:00:00.985302
[2023-08-27T02:51:16.111+0000] {dag_etl.py:84} INFO - Loading pilots...
[2023-08-27T02:51:18.176+0000] {dag_etl.py:87} INFO - Complete load drones: 0:00:02.064814
[2023-08-27T02:51:18.176+0000] {dag_etl.py:89} INFO - Loading talents...
[2023-08-27T02:51:19.293+0000] {dag_etl.py:92} INFO - Complete load drones: 0:00:01.117039
[2023-08-27T02:51:19.293+0000] {dag_etl.py:94} INFO - Loading expert_items...
[2023-08-27T02:51:19.996+0000] {dag_etl.py:97} INFO - Complete load drones: 0:00:00.702916
[2023-08-27T02:51:19.996+0000] {dag_etl.py:99} INFO - Complete ETL Users in : 0:00:13.520427
[2023-08-27T02:51:20.015+0000] {python.py:194} INFO - Done. Returned value was: None
[2023-08-27T02:51:20.036+0000] {taskinstance.py:1400} INFO - Marking task as SUCCESS. dag_id=gaas_etl_1, task_id=etl_user, execution_date=20230827T025000, start_date=20230827T025105, end_date=20230827T025120
[2023-08-27T02:51:20.130+0000] {local_task_job_runner.py:228} INFO - Task exited with return code 0
[2023-08-27T02:51:20.160+0000] {taskinstance.py:2784} INFO - 0 downstream tasks scheduled from follow-on schedule check
