[2023-08-28T01:35:11.894+0000] {taskinstance.py:1159} INFO - Dependencies all met for dep_context=non-requeueable deps ti=<TaskInstance: gaas_etl_1.etl_user scheduled__2023-08-28T01:34:00+00:00 [queued]>
[2023-08-28T01:35:11.924+0000] {taskinstance.py:1159} INFO - Dependencies all met for dep_context=requeueable deps ti=<TaskInstance: gaas_etl_1.etl_user scheduled__2023-08-28T01:34:00+00:00 [queued]>
[2023-08-28T01:35:11.925+0000] {taskinstance.py:1361} INFO - Starting attempt 1 of 1
[2023-08-28T01:35:11.979+0000] {taskinstance.py:1382} INFO - Executing <Task(PythonOperator): etl_user> on 2023-08-28 01:34:00+00:00
[2023-08-28T01:35:11.993+0000] {standard_task_runner.py:57} INFO - Started process 487309 to run task
[2023-08-28T01:35:12.012+0000] {standard_task_runner.py:84} INFO - Running: ['airflow', 'tasks', 'run', 'gaas_etl_1', 'etl_user', 'scheduled__2023-08-28T01:34:00+00:00', '--job-id', '8195', '--raw', '--subdir', 'DAGS_FOLDER/dag_etl.py', '--cfg-path', '/tmp/tmpe6ivl6i3']
[2023-08-28T01:35:12.028+0000] {standard_task_runner.py:85} INFO - Job 8195: Subtask etl_user
[2023-08-28T01:35:13.682+0000] {task_command.py:415} INFO - Running <TaskInstance: gaas_etl_1.etl_user scheduled__2023-08-28T01:34:00+00:00 [running]> on host data-system.us-central1-a.c.data-system-392010.internal
[2023-08-28T01:35:14.796+0000] {taskinstance.py:1660} INFO - Exporting env vars: AIRFLOW_CTX_DAG_EMAIL='hungnm15012002@gmail.com' AIRFLOW_CTX_DAG_OWNER='hungnm' AIRFLOW_CTX_DAG_ID='gaas_etl_1' AIRFLOW_CTX_TASK_ID='etl_user' AIRFLOW_CTX_EXECUTION_DATE='2023-08-28T01:34:00+00:00' AIRFLOW_CTX_TRY_NUMBER='1' AIRFLOW_CTX_DAG_RUN_ID='scheduled__2023-08-28T01:34:00+00:00'
[2023-08-28T01:35:14.831+0000] {dag_etl.py:28} INFO - Extracting user...
[2023-08-28T01:35:22.278+0000] {extract.py:36} INFO - Request time: 0:00:07.446281
[2023-08-28T01:35:23.028+0000] {extract.py:42} INFO - Create DataFrame time: 0:00:00.749165
[2023-08-28T01:35:23.035+0000] {dag_etl.py:31} INFO - Complete extract user: 0:00:08.204308
[2023-08-28T01:35:23.036+0000] {dag_etl.py:33} INFO - Extracting resource...
[2023-08-28T01:35:24.917+0000] {extract.py:36} INFO - Request time: 0:00:01.880384
[2023-08-28T01:35:24.975+0000] {extract.py:42} INFO - Create DataFrame time: 0:00:00.057890
[2023-08-28T01:35:24.978+0000] {dag_etl.py:36} INFO - Complete extract resource: 0:00:01.942526
[2023-08-28T01:35:24.979+0000] {dag_etl.py:38} INFO - Transforming user...
[2023-08-28T01:35:25.155+0000] {dag_etl.py:42} INFO - Complete transform user: 0:00:00.176892
[2023-08-28T01:35:25.155+0000] {dag_etl.py:44} INFO - transform space_ships...
[2023-08-28T01:35:25.331+0000] {dag_etl.py:47} INFO - Complete transform space_ships: 0:00:00.176017
[2023-08-28T01:35:25.331+0000] {dag_etl.py:49} INFO - transform drones...
[2023-08-28T01:35:25.459+0000] {dag_etl.py:52} INFO - Complete transform drones: 0:00:00.128395
[2023-08-28T01:35:25.460+0000] {dag_etl.py:54} INFO - transform pilots...
[2023-08-28T01:35:25.536+0000] {dag_etl.py:57} INFO - Complete transform pilots: 0:00:00.076855
[2023-08-28T01:35:25.536+0000] {dag_etl.py:59} INFO - transform talents...
[2023-08-28T01:35:25.568+0000] {dag_etl.py:62} INFO - Complete transform talents: 0:00:00.032134
[2023-08-28T01:35:25.569+0000] {dag_etl.py:64} INFO - transform expert_items...
[2023-08-28T01:35:25.603+0000] {dag_etl.py:67} INFO - Complete transform expert_items: 0:00:00.035070
[2023-08-28T01:35:25.604+0000] {dag_etl.py:69} INFO - Loading user...
[2023-08-28T01:35:27.176+0000] {dag_etl.py:72} INFO - Complete load user: 0:00:01.572851
[2023-08-28T01:35:27.176+0000] {dag_etl.py:74} INFO - Loading space_ships...
[2023-08-28T01:35:29.568+0000] {dag_etl.py:77} INFO - Complete load space_ships: 0:00:02.391960
[2023-08-28T01:35:29.568+0000] {dag_etl.py:79} INFO - Loading drones...
[2023-08-28T01:35:31.611+0000] {dag_etl.py:82} INFO - Complete load drones: 0:00:02.042707
[2023-08-28T01:35:31.611+0000] {dag_etl.py:84} INFO - Loading pilots...
[2023-08-28T01:35:34.410+0000] {dag_etl.py:87} INFO - Complete load drones: 0:00:02.798998
[2023-08-28T01:35:34.411+0000] {dag_etl.py:89} INFO - Loading talents...
[2023-08-28T01:35:36.068+0000] {dag_etl.py:92} INFO - Complete load drones: 0:00:01.658465
[2023-08-28T01:35:36.069+0000] {dag_etl.py:94} INFO - Loading expert_items...
[2023-08-28T01:35:37.327+0000] {dag_etl.py:97} INFO - Complete load drones: 0:00:01.259293
[2023-08-28T01:35:37.328+0000] {dag_etl.py:99} INFO - Complete ETL Users in : 0:00:22.497050
[2023-08-28T01:35:37.401+0000] {python.py:194} INFO - Done. Returned value was: None
[2023-08-28T01:35:37.425+0000] {taskinstance.py:1400} INFO - Marking task as SUCCESS. dag_id=gaas_etl_1, task_id=etl_user, execution_date=20230828T013400, start_date=20230828T013511, end_date=20230828T013537
[2023-08-28T01:35:37.502+0000] {local_task_job_runner.py:228} INFO - Task exited with return code 0
[2023-08-28T01:35:37.530+0000] {taskinstance.py:2784} INFO - 0 downstream tasks scheduled from follow-on schedule check
