[2023-08-27T14:12:09.149+0000] {taskinstance.py:1159} INFO - Dependencies all met for dep_context=non-requeueable deps ti=<TaskInstance: gaas_etl_1.etl_user scheduled__2023-08-27T14:11:00+00:00 [queued]>
[2023-08-27T14:12:09.167+0000] {taskinstance.py:1159} INFO - Dependencies all met for dep_context=requeueable deps ti=<TaskInstance: gaas_etl_1.etl_user scheduled__2023-08-27T14:11:00+00:00 [queued]>
[2023-08-27T14:12:09.168+0000] {taskinstance.py:1361} INFO - Starting attempt 1 of 1
[2023-08-27T14:12:09.224+0000] {taskinstance.py:1382} INFO - Executing <Task(PythonOperator): etl_user> on 2023-08-27 14:11:00+00:00
[2023-08-27T14:12:09.243+0000] {standard_task_runner.py:57} INFO - Started process 415005 to run task
[2023-08-27T14:12:09.266+0000] {standard_task_runner.py:84} INFO - Running: ['airflow', 'tasks', 'run', 'gaas_etl_1', 'etl_user', 'scheduled__2023-08-27T14:11:00+00:00', '--job-id', '6146', '--raw', '--subdir', 'DAGS_FOLDER/dag_etl.py', '--cfg-path', '/tmp/tmpounnv94t']
[2023-08-27T14:12:09.280+0000] {standard_task_runner.py:85} INFO - Job 6146: Subtask etl_user
[2023-08-27T14:12:10.305+0000] {task_command.py:415} INFO - Running <TaskInstance: gaas_etl_1.etl_user scheduled__2023-08-27T14:11:00+00:00 [running]> on host data-system.us-central1-a.c.data-system-392010.internal
[2023-08-27T14:12:10.906+0000] {taskinstance.py:1660} INFO - Exporting env vars: AIRFLOW_CTX_DAG_EMAIL='hungnm15012002@gmail.com' AIRFLOW_CTX_DAG_OWNER='hungnm' AIRFLOW_CTX_DAG_ID='gaas_etl_1' AIRFLOW_CTX_TASK_ID='etl_user' AIRFLOW_CTX_EXECUTION_DATE='2023-08-27T14:11:00+00:00' AIRFLOW_CTX_TRY_NUMBER='1' AIRFLOW_CTX_DAG_RUN_ID='scheduled__2023-08-27T14:11:00+00:00'
[2023-08-27T14:12:10.930+0000] {dag_etl.py:28} INFO - Extracting user...
[2023-08-27T14:12:36.167+0000] {extract.py:36} INFO - Request time: 0:00:25.236856
[2023-08-27T14:12:36.599+0000] {extract.py:42} INFO - Create DataFrame time: 0:00:00.431519
[2023-08-27T14:12:36.604+0000] {dag_etl.py:31} INFO - Complete extract user: 0:00:25.674185
[2023-08-27T14:12:36.605+0000] {dag_etl.py:33} INFO - Extracting resource...
[2023-08-27T14:12:55.273+0000] {extract.py:36} INFO - Request time: 0:00:18.667645
[2023-08-27T14:12:55.300+0000] {extract.py:42} INFO - Create DataFrame time: 0:00:00.026481
[2023-08-27T14:12:55.302+0000] {dag_etl.py:36} INFO - Complete extract resource: 0:00:18.697585
[2023-08-27T14:12:55.303+0000] {dag_etl.py:38} INFO - Transforming user...
[2023-08-27T14:12:55.404+0000] {dag_etl.py:42} INFO - Complete transform user: 0:00:00.102651
[2023-08-27T14:12:55.405+0000] {dag_etl.py:44} INFO - transform space_ships...
[2023-08-27T14:12:55.478+0000] {dag_etl.py:47} INFO - Complete transform space_ships: 0:00:00.074104
[2023-08-27T14:12:55.479+0000] {dag_etl.py:49} INFO - transform drones...
[2023-08-27T14:12:55.538+0000] {dag_etl.py:52} INFO - Complete transform drones: 0:00:00.059924
[2023-08-27T14:12:55.539+0000] {dag_etl.py:54} INFO - transform pilots...
[2023-08-27T14:12:55.609+0000] {dag_etl.py:57} INFO - Complete transform pilots: 0:00:00.070875
[2023-08-27T14:12:55.610+0000] {dag_etl.py:59} INFO - transform talents...
[2023-08-27T14:12:55.641+0000] {dag_etl.py:62} INFO - Complete transform talents: 0:00:00.031970
[2023-08-27T14:12:55.642+0000] {dag_etl.py:64} INFO - transform expert_items...
[2023-08-27T14:12:55.669+0000] {dag_etl.py:67} INFO - Complete transform expert_items: 0:00:00.028337
[2023-08-27T14:12:55.670+0000] {dag_etl.py:69} INFO - Loading user...
[2023-08-27T14:12:56.526+0000] {dag_etl.py:72} INFO - Complete load user: 0:00:00.856721
[2023-08-27T14:12:56.527+0000] {dag_etl.py:74} INFO - Loading space_ships...
[2023-08-27T14:12:57.440+0000] {dag_etl.py:77} INFO - Complete load space_ships: 0:00:00.914111
[2023-08-27T14:12:57.441+0000] {dag_etl.py:79} INFO - Loading drones...
[2023-08-27T14:12:58.376+0000] {dag_etl.py:82} INFO - Complete load drones: 0:00:00.935824
[2023-08-27T14:12:58.377+0000] {dag_etl.py:84} INFO - Loading pilots...
[2023-08-27T14:12:59.793+0000] {dag_etl.py:87} INFO - Complete load drones: 0:00:01.416788
[2023-08-27T14:12:59.794+0000] {dag_etl.py:89} INFO - Loading talents...
[2023-08-27T14:13:00.876+0000] {dag_etl.py:92} INFO - Complete load drones: 0:00:01.083486
[2023-08-27T14:13:00.877+0000] {dag_etl.py:94} INFO - Loading expert_items...
[2023-08-27T14:13:01.715+0000] {dag_etl.py:97} INFO - Complete load drones: 0:00:00.838409
[2023-08-27T14:13:01.716+0000] {dag_etl.py:99} INFO - Complete ETL Users in : 0:00:50.786236
[2023-08-27T14:13:01.799+0000] {python.py:194} INFO - Done. Returned value was: None
[2023-08-27T14:13:01.845+0000] {taskinstance.py:1400} INFO - Marking task as SUCCESS. dag_id=gaas_etl_1, task_id=etl_user, execution_date=20230827T141100, start_date=20230827T141209, end_date=20230827T141301
[2023-08-27T14:13:01.944+0000] {local_task_job_runner.py:228} INFO - Task exited with return code 0
[2023-08-27T14:13:01.997+0000] {taskinstance.py:2784} INFO - 0 downstream tasks scheduled from follow-on schedule check
