[2023-08-27T22:55:07.861+0000] {taskinstance.py:1159} INFO - Dependencies all met for dep_context=non-requeueable deps ti=<TaskInstance: gaas_etl_1.etl_user scheduled__2023-08-27T22:54:00+00:00 [queued]>
[2023-08-27T22:55:07.888+0000] {taskinstance.py:1159} INFO - Dependencies all met for dep_context=requeueable deps ti=<TaskInstance: gaas_etl_1.etl_user scheduled__2023-08-27T22:54:00+00:00 [queued]>
[2023-08-27T22:55:07.889+0000] {taskinstance.py:1361} INFO - Starting attempt 1 of 1
[2023-08-27T22:55:07.937+0000] {taskinstance.py:1382} INFO - Executing <Task(PythonOperator): etl_user> on 2023-08-27 22:54:00+00:00
[2023-08-27T22:55:07.953+0000] {standard_task_runner.py:57} INFO - Started process 470154 to run task
[2023-08-27T22:55:07.978+0000] {standard_task_runner.py:84} INFO - Running: ['airflow', 'tasks', 'run', 'gaas_etl_1', 'etl_user', 'scheduled__2023-08-27T22:54:00+00:00', '--job-id', '7716', '--raw', '--subdir', 'DAGS_FOLDER/dag_etl.py', '--cfg-path', '/tmp/tmp8qacaggv']
[2023-08-27T22:55:07.990+0000] {standard_task_runner.py:85} INFO - Job 7716: Subtask etl_user
[2023-08-27T22:55:08.584+0000] {task_command.py:415} INFO - Running <TaskInstance: gaas_etl_1.etl_user scheduled__2023-08-27T22:54:00+00:00 [running]> on host data-system.us-central1-a.c.data-system-392010.internal
[2023-08-27T22:55:09.308+0000] {taskinstance.py:1660} INFO - Exporting env vars: AIRFLOW_CTX_DAG_EMAIL='hungnm15012002@gmail.com' AIRFLOW_CTX_DAG_OWNER='hungnm' AIRFLOW_CTX_DAG_ID='gaas_etl_1' AIRFLOW_CTX_TASK_ID='etl_user' AIRFLOW_CTX_EXECUTION_DATE='2023-08-27T22:54:00+00:00' AIRFLOW_CTX_TRY_NUMBER='1' AIRFLOW_CTX_DAG_RUN_ID='scheduled__2023-08-27T22:54:00+00:00'
[2023-08-27T22:55:09.325+0000] {dag_etl.py:28} INFO - Extracting user...
[2023-08-27T22:55:12.496+0000] {extract.py:36} INFO - Request time: 0:00:03.170268
[2023-08-27T22:55:12.758+0000] {extract.py:42} INFO - Create DataFrame time: 0:00:00.261684
[2023-08-27T22:55:12.760+0000] {dag_etl.py:31} INFO - Complete extract user: 0:00:03.435466
[2023-08-27T22:55:12.761+0000] {dag_etl.py:33} INFO - Extracting resource...
[2023-08-27T22:55:14.230+0000] {extract.py:36} INFO - Request time: 0:00:01.468233
[2023-08-27T22:55:14.259+0000] {extract.py:42} INFO - Create DataFrame time: 0:00:00.029074
[2023-08-27T22:55:14.262+0000] {dag_etl.py:36} INFO - Complete extract resource: 0:00:01.501579
[2023-08-27T22:55:14.263+0000] {dag_etl.py:38} INFO - Transforming user...
[2023-08-27T22:55:14.383+0000] {dag_etl.py:42} INFO - Complete transform user: 0:00:00.121396
[2023-08-27T22:55:14.384+0000] {dag_etl.py:44} INFO - transform space_ships...
[2023-08-27T22:55:14.485+0000] {dag_etl.py:47} INFO - Complete transform space_ships: 0:00:00.102171
[2023-08-27T22:55:14.486+0000] {dag_etl.py:49} INFO - transform drones...
[2023-08-27T22:55:14.554+0000] {dag_etl.py:52} INFO - Complete transform drones: 0:00:00.068634
[2023-08-27T22:55:14.555+0000] {dag_etl.py:54} INFO - transform pilots...
[2023-08-27T22:55:14.600+0000] {dag_etl.py:57} INFO - Complete transform pilots: 0:00:00.045667
[2023-08-27T22:55:14.600+0000] {dag_etl.py:59} INFO - transform talents...
[2023-08-27T22:55:14.629+0000] {dag_etl.py:62} INFO - Complete transform talents: 0:00:00.028975
[2023-08-27T22:55:14.629+0000] {dag_etl.py:64} INFO - transform expert_items...
[2023-08-27T22:55:14.704+0000] {dag_etl.py:67} INFO - Complete transform expert_items: 0:00:00.075641
[2023-08-27T22:55:14.710+0000] {dag_etl.py:69} INFO - Loading user...
[2023-08-27T22:55:15.395+0000] {dag_etl.py:72} INFO - Complete load user: 0:00:00.690425
[2023-08-27T22:55:15.395+0000] {dag_etl.py:74} INFO - Loading space_ships...
[2023-08-27T22:55:16.176+0000] {dag_etl.py:77} INFO - Complete load space_ships: 0:00:00.781535
[2023-08-27T22:55:16.177+0000] {dag_etl.py:79} INFO - Loading drones...
[2023-08-27T22:55:16.820+0000] {dag_etl.py:82} INFO - Complete load drones: 0:00:00.643953
[2023-08-27T22:55:16.822+0000] {dag_etl.py:84} INFO - Loading pilots...
[2023-08-27T22:55:17.838+0000] {dag_etl.py:87} INFO - Complete load drones: 0:00:01.018075
[2023-08-27T22:55:17.839+0000] {dag_etl.py:89} INFO - Loading talents...
[2023-08-27T22:55:18.714+0000] {dag_etl.py:92} INFO - Complete load drones: 0:00:00.876120
[2023-08-27T22:55:18.715+0000] {dag_etl.py:94} INFO - Loading expert_items...
[2023-08-27T22:55:19.302+0000] {dag_etl.py:97} INFO - Complete load drones: 0:00:00.587079
[2023-08-27T22:55:19.302+0000] {dag_etl.py:99} INFO - Complete ETL Users in : 0:00:09.977338
[2023-08-27T22:55:19.315+0000] {python.py:194} INFO - Done. Returned value was: None
[2023-08-27T22:55:19.338+0000] {taskinstance.py:1400} INFO - Marking task as SUCCESS. dag_id=gaas_etl_1, task_id=etl_user, execution_date=20230827T225400, start_date=20230827T225507, end_date=20230827T225519
[2023-08-27T22:55:19.427+0000] {local_task_job_runner.py:228} INFO - Task exited with return code 0
[2023-08-27T22:55:19.469+0000] {taskinstance.py:2784} INFO - 0 downstream tasks scheduled from follow-on schedule check
