[2023-08-26T13:45:03.905+0000] {taskinstance.py:1159} INFO - Dependencies all met for dep_context=non-requeueable deps ti=<TaskInstance: gaas_etl_1.etl_user scheduled__2023-08-26T13:44:00+00:00 [queued]>
[2023-08-26T13:45:03.931+0000] {taskinstance.py:1159} INFO - Dependencies all met for dep_context=requeueable deps ti=<TaskInstance: gaas_etl_1.etl_user scheduled__2023-08-26T13:44:00+00:00 [queued]>
[2023-08-26T13:45:03.931+0000] {taskinstance.py:1361} INFO - Starting attempt 1 of 1
[2023-08-26T13:45:03.981+0000] {taskinstance.py:1382} INFO - Executing <Task(PythonOperator): etl_user> on 2023-08-26 13:44:00+00:00
[2023-08-26T13:45:03.991+0000] {standard_task_runner.py:57} INFO - Started process 314498 to run task
[2023-08-26T13:45:04.009+0000] {standard_task_runner.py:84} INFO - Running: ['airflow', 'tasks', 'run', 'gaas_etl_1', 'etl_user', 'scheduled__2023-08-26T13:44:00+00:00', '--job-id', '1745', '--raw', '--subdir', 'DAGS_FOLDER/dag_etl.py', '--cfg-path', '/tmp/tmpxlt8u7e7']
[2023-08-26T13:45:04.015+0000] {standard_task_runner.py:85} INFO - Job 1745: Subtask etl_user
[2023-08-26T13:45:04.225+0000] {task_command.py:415} INFO - Running <TaskInstance: gaas_etl_1.etl_user scheduled__2023-08-26T13:44:00+00:00 [running]> on host data-system.us-central1-a.c.data-system-392010.internal
[2023-08-26T13:45:04.461+0000] {taskinstance.py:1660} INFO - Exporting env vars: AIRFLOW_CTX_DAG_EMAIL='hungnm15012002@gmail.com' AIRFLOW_CTX_DAG_OWNER='hungnm' AIRFLOW_CTX_DAG_ID='gaas_etl_1' AIRFLOW_CTX_TASK_ID='etl_user' AIRFLOW_CTX_EXECUTION_DATE='2023-08-26T13:44:00+00:00' AIRFLOW_CTX_TRY_NUMBER='1' AIRFLOW_CTX_DAG_RUN_ID='scheduled__2023-08-26T13:44:00+00:00'
[2023-08-26T13:45:04.482+0000] {dag_etl.py:28} INFO - Extracting user...
[2023-08-26T13:45:09.477+0000] {extract.py:36} INFO - Request time: 0:00:04.994669
[2023-08-26T13:45:09.927+0000] {extract.py:42} INFO - Create DataFrame time: 0:00:00.449130
[2023-08-26T13:45:09.931+0000] {dag_etl.py:31} INFO - Complete extract user: 0:00:05.449156
[2023-08-26T13:45:09.932+0000] {dag_etl.py:33} INFO - Extracting resource...
[2023-08-26T13:45:11.949+0000] {extract.py:36} INFO - Request time: 0:00:02.016930
[2023-08-26T13:45:12.016+0000] {extract.py:42} INFO - Create DataFrame time: 0:00:00.065611
[2023-08-26T13:45:12.019+0000] {dag_etl.py:36} INFO - Complete extract resource: 0:00:02.087685
[2023-08-26T13:45:12.020+0000] {dag_etl.py:38} INFO - Transforming user...
[2023-08-26T13:45:12.262+0000] {dag_etl.py:42} INFO - Complete transform user: 0:00:00.243246
[2023-08-26T13:45:12.262+0000] {dag_etl.py:44} INFO - transform space_ships...
[2023-08-26T13:45:12.445+0000] {dag_etl.py:47} INFO - Complete transform space_ships: 0:00:00.183507
[2023-08-26T13:45:12.446+0000] {dag_etl.py:49} INFO - transform drones...
[2023-08-26T13:45:12.590+0000] {dag_etl.py:52} INFO - Complete transform drones: 0:00:00.145027
[2023-08-26T13:45:12.591+0000] {dag_etl.py:54} INFO - transform pilots...
[2023-08-26T13:45:12.669+0000] {dag_etl.py:57} INFO - Complete transform pilots: 0:00:00.078509
[2023-08-26T13:45:12.669+0000] {dag_etl.py:59} INFO - transform talents...
[2023-08-26T13:45:12.713+0000] {dag_etl.py:62} INFO - Complete transform talents: 0:00:00.044382
[2023-08-26T13:45:12.714+0000] {dag_etl.py:64} INFO - transform expert_items...
[2023-08-26T13:45:12.746+0000] {dag_etl.py:67} INFO - Complete transform expert_items: 0:00:00.032367
[2023-08-26T13:45:12.746+0000] {dag_etl.py:69} INFO - Loading user...
[2023-08-26T13:45:14.096+0000] {dag_etl.py:72} INFO - Complete load user: 0:00:01.349832
[2023-08-26T13:45:14.096+0000] {dag_etl.py:74} INFO - Loading space_ships...
[2023-08-26T13:45:15.892+0000] {dag_etl.py:77} INFO - Complete load space_ships: 0:00:01.796478
[2023-08-26T13:45:15.892+0000] {dag_etl.py:79} INFO - Loading drones...
[2023-08-26T13:45:18.176+0000] {dag_etl.py:82} INFO - Complete load drones: 0:00:02.284501
[2023-08-26T13:45:18.177+0000] {dag_etl.py:84} INFO - Loading pilots...
[2023-08-26T13:45:21.770+0000] {dag_etl.py:87} INFO - Complete load drones: 0:00:03.593426
[2023-08-26T13:45:21.770+0000] {dag_etl.py:89} INFO - Loading talents...
[2023-08-26T13:45:23.748+0000] {dag_etl.py:92} INFO - Complete load drones: 0:00:01.977891
[2023-08-26T13:45:23.748+0000] {dag_etl.py:94} INFO - Loading expert_items...
[2023-08-26T13:45:24.838+0000] {dag_etl.py:97} INFO - Complete load drones: 0:00:01.090194
[2023-08-26T13:45:24.839+0000] {dag_etl.py:99} INFO - Complete ETL Users in : 0:00:20.356784
[2023-08-26T13:45:24.862+0000] {python.py:194} INFO - Done. Returned value was: None
[2023-08-26T13:45:24.888+0000] {taskinstance.py:1400} INFO - Marking task as SUCCESS. dag_id=gaas_etl_1, task_id=etl_user, execution_date=20230826T134400, start_date=20230826T134503, end_date=20230826T134524
[2023-08-26T13:45:25.029+0000] {local_task_job_runner.py:228} INFO - Task exited with return code 0
[2023-08-26T13:45:25.071+0000] {taskinstance.py:2784} INFO - 0 downstream tasks scheduled from follow-on schedule check
