[2023-08-26T18:46:05.349+0000] {taskinstance.py:1159} INFO - Dependencies all met for dep_context=non-requeueable deps ti=<TaskInstance: gaas_etl_1.etl_user scheduled__2023-08-26T18:45:00+00:00 [queued]>
[2023-08-26T18:46:05.369+0000] {taskinstance.py:1159} INFO - Dependencies all met for dep_context=requeueable deps ti=<TaskInstance: gaas_etl_1.etl_user scheduled__2023-08-26T18:45:00+00:00 [queued]>
[2023-08-26T18:46:05.369+0000] {taskinstance.py:1361} INFO - Starting attempt 1 of 1
[2023-08-26T18:46:05.400+0000] {taskinstance.py:1382} INFO - Executing <Task(PythonOperator): etl_user> on 2023-08-26 18:45:00+00:00
[2023-08-26T18:46:05.419+0000] {standard_task_runner.py:57} INFO - Started process 326385 to run task
[2023-08-26T18:46:05.458+0000] {standard_task_runner.py:84} INFO - Running: ['airflow', 'tasks', 'run', 'gaas_etl_1', 'etl_user', 'scheduled__2023-08-26T18:45:00+00:00', '--job-id', '2648', '--raw', '--subdir', 'DAGS_FOLDER/dag_etl.py', '--cfg-path', '/tmp/tmp3cvevg_d']
[2023-08-26T18:46:05.469+0000] {standard_task_runner.py:85} INFO - Job 2648: Subtask etl_user
[2023-08-26T18:46:05.793+0000] {task_command.py:415} INFO - Running <TaskInstance: gaas_etl_1.etl_user scheduled__2023-08-26T18:45:00+00:00 [running]> on host data-system.us-central1-a.c.data-system-392010.internal
[2023-08-26T18:46:06.336+0000] {taskinstance.py:1660} INFO - Exporting env vars: AIRFLOW_CTX_DAG_EMAIL='hungnm15012002@gmail.com' AIRFLOW_CTX_DAG_OWNER='hungnm' AIRFLOW_CTX_DAG_ID='gaas_etl_1' AIRFLOW_CTX_TASK_ID='etl_user' AIRFLOW_CTX_EXECUTION_DATE='2023-08-26T18:45:00+00:00' AIRFLOW_CTX_TRY_NUMBER='1' AIRFLOW_CTX_DAG_RUN_ID='scheduled__2023-08-26T18:45:00+00:00'
[2023-08-26T18:46:06.356+0000] {dag_etl.py:28} INFO - Extracting user...
[2023-08-26T18:46:16.027+0000] {extract.py:36} INFO - Request time: 0:00:09.670736
[2023-08-26T18:46:17.216+0000] {extract.py:42} INFO - Create DataFrame time: 0:00:01.187758
[2023-08-26T18:46:17.226+0000] {dag_etl.py:31} INFO - Complete extract user: 0:00:10.869840
[2023-08-26T18:46:17.227+0000] {dag_etl.py:33} INFO - Extracting resource...
[2023-08-26T18:46:23.106+0000] {extract.py:36} INFO - Request time: 0:00:05.878849
[2023-08-26T18:46:23.268+0000] {extract.py:42} INFO - Create DataFrame time: 0:00:00.161483
[2023-08-26T18:46:23.271+0000] {dag_etl.py:36} INFO - Complete extract resource: 0:00:06.045467
[2023-08-26T18:46:23.273+0000] {dag_etl.py:38} INFO - Transforming user...
[2023-08-26T18:46:23.835+0000] {dag_etl.py:42} INFO - Complete transform user: 0:00:00.563938
[2023-08-26T18:46:23.836+0000] {dag_etl.py:44} INFO - transform space_ships...
[2023-08-26T18:46:24.205+0000] {dag_etl.py:47} INFO - Complete transform space_ships: 0:00:00.369287
[2023-08-26T18:46:24.205+0000] {dag_etl.py:49} INFO - transform drones...
[2023-08-26T18:46:24.469+0000] {dag_etl.py:52} INFO - Complete transform drones: 0:00:00.264319
[2023-08-26T18:46:24.470+0000] {dag_etl.py:54} INFO - transform pilots...
[2023-08-26T18:46:24.689+0000] {dag_etl.py:57} INFO - Complete transform pilots: 0:00:00.220332
[2023-08-26T18:46:24.690+0000] {dag_etl.py:59} INFO - transform talents...
[2023-08-26T18:46:24.771+0000] {dag_etl.py:62} INFO - Complete transform talents: 0:00:00.082136
[2023-08-26T18:46:24.772+0000] {dag_etl.py:64} INFO - transform expert_items...
[2023-08-26T18:46:24.846+0000] {dag_etl.py:67} INFO - Complete transform expert_items: 0:00:00.074254
[2023-08-26T18:46:24.846+0000] {dag_etl.py:69} INFO - Loading user...
[2023-08-26T18:46:27.941+0000] {dag_etl.py:72} INFO - Complete load user: 0:00:03.095331
[2023-08-26T18:46:27.941+0000] {dag_etl.py:74} INFO - Loading space_ships...
[2023-08-26T18:46:32.482+0000] {dag_etl.py:77} INFO - Complete load space_ships: 0:00:04.541316
[2023-08-26T18:46:32.483+0000] {dag_etl.py:79} INFO - Loading drones...
[2023-08-26T18:46:35.789+0000] {dag_etl.py:82} INFO - Complete load drones: 0:00:03.307011
[2023-08-26T18:46:35.790+0000] {dag_etl.py:84} INFO - Loading pilots...
[2023-08-26T18:46:41.072+0000] {dag_etl.py:87} INFO - Complete load drones: 0:00:05.282958
[2023-08-26T18:46:41.073+0000] {dag_etl.py:89} INFO - Loading talents...
[2023-08-26T18:46:44.441+0000] {dag_etl.py:92} INFO - Complete load drones: 0:00:03.368871
[2023-08-26T18:46:44.442+0000] {dag_etl.py:94} INFO - Loading expert_items...
[2023-08-26T18:46:46.425+0000] {dag_etl.py:97} INFO - Complete load drones: 0:00:01.983600
[2023-08-26T18:46:46.425+0000] {dag_etl.py:99} INFO - Complete ETL Users in : 0:00:40.069206
[2023-08-26T18:46:46.469+0000] {python.py:194} INFO - Done. Returned value was: None
[2023-08-26T18:46:46.486+0000] {taskinstance.py:1400} INFO - Marking task as SUCCESS. dag_id=gaas_etl_1, task_id=etl_user, execution_date=20230826T184500, start_date=20230826T184605, end_date=20230826T184646
[2023-08-26T18:46:46.546+0000] {local_task_job_runner.py:228} INFO - Task exited with return code 0
[2023-08-26T18:46:46.575+0000] {taskinstance.py:2784} INFO - 0 downstream tasks scheduled from follow-on schedule check
