[2023-08-27T06:21:05.273+0000] {taskinstance.py:1159} INFO - Dependencies all met for dep_context=non-requeueable deps ti=<TaskInstance: gaas_etl_1.etl_user scheduled__2023-08-27T06:20:00+00:00 [queued]>
[2023-08-27T06:21:05.290+0000] {taskinstance.py:1159} INFO - Dependencies all met for dep_context=requeueable deps ti=<TaskInstance: gaas_etl_1.etl_user scheduled__2023-08-27T06:20:00+00:00 [queued]>
[2023-08-27T06:21:05.290+0000] {taskinstance.py:1361} INFO - Starting attempt 1 of 1
[2023-08-27T06:21:05.322+0000] {taskinstance.py:1382} INFO - Executing <Task(PythonOperator): etl_user> on 2023-08-27 06:20:00+00:00
[2023-08-27T06:21:05.330+0000] {standard_task_runner.py:57} INFO - Started process 372862 to run task
[2023-08-27T06:21:05.345+0000] {standard_task_runner.py:84} INFO - Running: ['airflow', 'tasks', 'run', 'gaas_etl_1', 'etl_user', 'scheduled__2023-08-27T06:20:00+00:00', '--job-id', '4733', '--raw', '--subdir', 'DAGS_FOLDER/dag_etl.py', '--cfg-path', '/tmp/tmpn05k76vg']
[2023-08-27T06:21:05.352+0000] {standard_task_runner.py:85} INFO - Job 4733: Subtask etl_user
[2023-08-27T06:21:05.736+0000] {task_command.py:415} INFO - Running <TaskInstance: gaas_etl_1.etl_user scheduled__2023-08-27T06:20:00+00:00 [running]> on host data-system.us-central1-a.c.data-system-392010.internal
[2023-08-27T06:21:06.490+0000] {taskinstance.py:1660} INFO - Exporting env vars: AIRFLOW_CTX_DAG_EMAIL='hungnm15012002@gmail.com' AIRFLOW_CTX_DAG_OWNER='hungnm' AIRFLOW_CTX_DAG_ID='gaas_etl_1' AIRFLOW_CTX_TASK_ID='etl_user' AIRFLOW_CTX_EXECUTION_DATE='2023-08-27T06:20:00+00:00' AIRFLOW_CTX_TRY_NUMBER='1' AIRFLOW_CTX_DAG_RUN_ID='scheduled__2023-08-27T06:20:00+00:00'
[2023-08-27T06:21:06.513+0000] {dag_etl.py:28} INFO - Extracting user...
[2023-08-27T06:21:12.876+0000] {extract.py:36} INFO - Request time: 0:00:06.363040
[2023-08-27T06:21:13.013+0000] {extract.py:42} INFO - Create DataFrame time: 0:00:00.135517
[2023-08-27T06:21:13.015+0000] {dag_etl.py:31} INFO - Complete extract user: 0:00:06.502647
[2023-08-27T06:21:13.016+0000] {dag_etl.py:33} INFO - Extracting resource...
[2023-08-27T06:21:18.346+0000] {extract.py:36} INFO - Request time: 0:00:05.329811
[2023-08-27T06:21:18.421+0000] {extract.py:42} INFO - Create DataFrame time: 0:00:00.074027
[2023-08-27T06:21:18.425+0000] {dag_etl.py:36} INFO - Complete extract resource: 0:00:05.409064
[2023-08-27T06:21:18.426+0000] {dag_etl.py:38} INFO - Transforming user...
[2023-08-27T06:21:18.578+0000] {dag_etl.py:42} INFO - Complete transform user: 0:00:00.153383
[2023-08-27T06:21:18.579+0000] {dag_etl.py:44} INFO - transform space_ships...
[2023-08-27T06:21:18.681+0000] {dag_etl.py:47} INFO - Complete transform space_ships: 0:00:00.102978
[2023-08-27T06:21:18.682+0000] {dag_etl.py:49} INFO - transform drones...
[2023-08-27T06:21:18.752+0000] {dag_etl.py:52} INFO - Complete transform drones: 0:00:00.071302
[2023-08-27T06:21:18.753+0000] {dag_etl.py:54} INFO - transform pilots...
[2023-08-27T06:21:18.804+0000] {dag_etl.py:57} INFO - Complete transform pilots: 0:00:00.051351
[2023-08-27T06:21:18.804+0000] {dag_etl.py:59} INFO - transform talents...
[2023-08-27T06:21:18.829+0000] {dag_etl.py:62} INFO - Complete transform talents: 0:00:00.025197
[2023-08-27T06:21:18.829+0000] {dag_etl.py:64} INFO - transform expert_items...
[2023-08-27T06:21:18.853+0000] {dag_etl.py:67} INFO - Complete transform expert_items: 0:00:00.024421
[2023-08-27T06:21:18.854+0000] {dag_etl.py:69} INFO - Loading user...
[2023-08-27T06:21:19.588+0000] {dag_etl.py:72} INFO - Complete load user: 0:00:00.734593
[2023-08-27T06:21:19.588+0000] {dag_etl.py:74} INFO - Loading space_ships...
[2023-08-27T06:21:20.475+0000] {dag_etl.py:77} INFO - Complete load space_ships: 0:00:00.887299
[2023-08-27T06:21:20.476+0000] {dag_etl.py:79} INFO - Loading drones...
[2023-08-27T06:21:21.195+0000] {dag_etl.py:82} INFO - Complete load drones: 0:00:00.719995
[2023-08-27T06:21:21.195+0000] {dag_etl.py:84} INFO - Loading pilots...
[2023-08-27T06:21:22.717+0000] {dag_etl.py:87} INFO - Complete load drones: 0:00:01.522300
[2023-08-27T06:21:22.718+0000] {dag_etl.py:89} INFO - Loading talents...
[2023-08-27T06:21:23.516+0000] {dag_etl.py:92} INFO - Complete load drones: 0:00:00.798453
[2023-08-27T06:21:23.516+0000] {dag_etl.py:94} INFO - Loading expert_items...
[2023-08-27T06:21:24.059+0000] {dag_etl.py:97} INFO - Complete load drones: 0:00:00.543391
[2023-08-27T06:21:24.060+0000] {dag_etl.py:99} INFO - Complete ETL Users in : 0:00:17.547135
[2023-08-27T06:21:24.076+0000] {python.py:194} INFO - Done. Returned value was: None
[2023-08-27T06:21:24.099+0000] {taskinstance.py:1400} INFO - Marking task as SUCCESS. dag_id=gaas_etl_1, task_id=etl_user, execution_date=20230827T062000, start_date=20230827T062105, end_date=20230827T062124
[2023-08-27T06:21:24.179+0000] {local_task_job_runner.py:228} INFO - Task exited with return code 0
[2023-08-27T06:21:24.208+0000] {taskinstance.py:2784} INFO - 0 downstream tasks scheduled from follow-on schedule check
