[2023-08-26T15:01:04.110+0000] {taskinstance.py:1159} INFO - Dependencies all met for dep_context=non-requeueable deps ti=<TaskInstance: gaas_etl_1.etl_user scheduled__2023-08-26T15:00:00+00:00 [queued]>
[2023-08-26T15:01:04.132+0000] {taskinstance.py:1159} INFO - Dependencies all met for dep_context=requeueable deps ti=<TaskInstance: gaas_etl_1.etl_user scheduled__2023-08-26T15:00:00+00:00 [queued]>
[2023-08-26T15:01:04.133+0000] {taskinstance.py:1361} INFO - Starting attempt 1 of 1
[2023-08-26T15:01:04.165+0000] {taskinstance.py:1382} INFO - Executing <Task(PythonOperator): etl_user> on 2023-08-26 15:00:00+00:00
[2023-08-26T15:01:04.174+0000] {standard_task_runner.py:57} INFO - Started process 317482 to run task
[2023-08-26T15:01:04.190+0000] {standard_task_runner.py:84} INFO - Running: ['airflow', 'tasks', 'run', 'gaas_etl_1', 'etl_user', 'scheduled__2023-08-26T15:00:00+00:00', '--job-id', '1972', '--raw', '--subdir', 'DAGS_FOLDER/dag_etl.py', '--cfg-path', '/tmp/tmpjx6ha3r4']
[2023-08-26T15:01:04.196+0000] {standard_task_runner.py:85} INFO - Job 1972: Subtask etl_user
[2023-08-26T15:01:04.423+0000] {task_command.py:415} INFO - Running <TaskInstance: gaas_etl_1.etl_user scheduled__2023-08-26T15:00:00+00:00 [running]> on host data-system.us-central1-a.c.data-system-392010.internal
[2023-08-26T15:01:04.754+0000] {taskinstance.py:1660} INFO - Exporting env vars: AIRFLOW_CTX_DAG_EMAIL='hungnm15012002@gmail.com' AIRFLOW_CTX_DAG_OWNER='hungnm' AIRFLOW_CTX_DAG_ID='gaas_etl_1' AIRFLOW_CTX_TASK_ID='etl_user' AIRFLOW_CTX_EXECUTION_DATE='2023-08-26T15:00:00+00:00' AIRFLOW_CTX_TRY_NUMBER='1' AIRFLOW_CTX_DAG_RUN_ID='scheduled__2023-08-26T15:00:00+00:00'
[2023-08-26T15:01:04.788+0000] {dag_etl.py:28} INFO - Extracting user...
[2023-08-26T15:01:20.032+0000] {extract.py:36} INFO - Request time: 0:00:15.242329
[2023-08-26T15:01:20.775+0000] {extract.py:42} INFO - Create DataFrame time: 0:00:00.743267
[2023-08-26T15:01:20.782+0000] {dag_etl.py:31} INFO - Complete extract user: 0:00:15.993440
[2023-08-26T15:01:20.783+0000] {dag_etl.py:33} INFO - Extracting resource...
[2023-08-26T15:01:34.569+0000] {extract.py:36} INFO - Request time: 0:00:13.786332
[2023-08-26T15:01:34.728+0000] {extract.py:42} INFO - Create DataFrame time: 0:00:00.158123
[2023-08-26T15:01:34.732+0000] {dag_etl.py:36} INFO - Complete extract resource: 0:00:13.950229
[2023-08-26T15:01:34.733+0000] {dag_etl.py:38} INFO - Transforming user...
[2023-08-26T15:01:35.151+0000] {dag_etl.py:42} INFO - Complete transform user: 0:00:00.416149
[2023-08-26T15:01:35.153+0000] {dag_etl.py:44} INFO - transform space_ships...
[2023-08-26T15:01:35.450+0000] {dag_etl.py:47} INFO - Complete transform space_ships: 0:00:00.302227
[2023-08-26T15:01:35.451+0000] {dag_etl.py:49} INFO - transform drones...
[2023-08-26T15:01:35.644+0000] {dag_etl.py:52} INFO - Complete transform drones: 0:00:00.194021
[2023-08-26T15:01:35.645+0000] {dag_etl.py:54} INFO - transform pilots...
[2023-08-26T15:01:35.773+0000] {dag_etl.py:57} INFO - Complete transform pilots: 0:00:00.128471
[2023-08-26T15:01:35.774+0000] {dag_etl.py:59} INFO - transform talents...
[2023-08-26T15:01:35.857+0000] {dag_etl.py:62} INFO - Complete transform talents: 0:00:00.084081
[2023-08-26T15:01:35.858+0000] {dag_etl.py:64} INFO - transform expert_items...
[2023-08-26T15:01:35.913+0000] {dag_etl.py:67} INFO - Complete transform expert_items: 0:00:00.056307
[2023-08-26T15:01:35.914+0000] {dag_etl.py:69} INFO - Loading user...
[2023-08-26T15:01:38.187+0000] {dag_etl.py:72} INFO - Complete load user: 0:00:02.274223
[2023-08-26T15:01:38.188+0000] {dag_etl.py:74} INFO - Loading space_ships...
[2023-08-26T15:01:41.664+0000] {dag_etl.py:77} INFO - Complete load space_ships: 0:00:03.476699
[2023-08-26T15:01:41.665+0000] {dag_etl.py:79} INFO - Loading drones...
[2023-08-26T15:01:45.393+0000] {dag_etl.py:82} INFO - Complete load drones: 0:00:03.728748
[2023-08-26T15:01:45.394+0000] {dag_etl.py:84} INFO - Loading pilots...
[2023-08-26T15:01:50.215+0000] {dag_etl.py:87} INFO - Complete load drones: 0:00:04.822399
[2023-08-26T15:01:50.216+0000] {dag_etl.py:89} INFO - Loading talents...
[2023-08-26T15:01:53.336+0000] {dag_etl.py:92} INFO - Complete load drones: 0:00:03.121126
[2023-08-26T15:01:53.337+0000] {dag_etl.py:94} INFO - Loading expert_items...
[2023-08-26T15:01:55.563+0000] {dag_etl.py:97} INFO - Complete load drones: 0:00:02.226503
[2023-08-26T15:01:55.564+0000] {dag_etl.py:99} INFO - Complete ETL Users in : 0:00:50.775289
[2023-08-26T15:01:55.601+0000] {python.py:194} INFO - Done. Returned value was: None
[2023-08-26T15:01:55.621+0000] {taskinstance.py:1400} INFO - Marking task as SUCCESS. dag_id=gaas_etl_1, task_id=etl_user, execution_date=20230826T150000, start_date=20230826T150104, end_date=20230826T150155
[2023-08-26T15:01:55.694+0000] {local_task_job_runner.py:228} INFO - Task exited with return code 0
[2023-08-26T15:01:55.723+0000] {taskinstance.py:2784} INFO - 0 downstream tasks scheduled from follow-on schedule check
