[2023-08-26T18:22:04.329+0000] {taskinstance.py:1159} INFO - Dependencies all met for dep_context=non-requeueable deps ti=<TaskInstance: gaas_etl_1.etl_user scheduled__2023-08-26T18:21:00+00:00 [queued]>
[2023-08-26T18:22:04.350+0000] {taskinstance.py:1159} INFO - Dependencies all met for dep_context=requeueable deps ti=<TaskInstance: gaas_etl_1.etl_user scheduled__2023-08-26T18:21:00+00:00 [queued]>
[2023-08-26T18:22:04.351+0000] {taskinstance.py:1361} INFO - Starting attempt 1 of 1
[2023-08-26T18:22:04.379+0000] {taskinstance.py:1382} INFO - Executing <Task(PythonOperator): etl_user> on 2023-08-26 18:21:00+00:00
[2023-08-26T18:22:04.385+0000] {standard_task_runner.py:57} INFO - Started process 325412 to run task
[2023-08-26T18:22:04.399+0000] {standard_task_runner.py:84} INFO - Running: ['airflow', 'tasks', 'run', 'gaas_etl_1', 'etl_user', 'scheduled__2023-08-26T18:21:00+00:00', '--job-id', '2575', '--raw', '--subdir', 'DAGS_FOLDER/dag_etl.py', '--cfg-path', '/tmp/tmpsrlbcsuk']
[2023-08-26T18:22:04.405+0000] {standard_task_runner.py:85} INFO - Job 2575: Subtask etl_user
[2023-08-26T18:22:04.664+0000] {task_command.py:415} INFO - Running <TaskInstance: gaas_etl_1.etl_user scheduled__2023-08-26T18:21:00+00:00 [running]> on host data-system.us-central1-a.c.data-system-392010.internal
[2023-08-26T18:22:04.981+0000] {taskinstance.py:1660} INFO - Exporting env vars: AIRFLOW_CTX_DAG_EMAIL='hungnm15012002@gmail.com' AIRFLOW_CTX_DAG_OWNER='hungnm' AIRFLOW_CTX_DAG_ID='gaas_etl_1' AIRFLOW_CTX_TASK_ID='etl_user' AIRFLOW_CTX_EXECUTION_DATE='2023-08-26T18:21:00+00:00' AIRFLOW_CTX_TRY_NUMBER='1' AIRFLOW_CTX_DAG_RUN_ID='scheduled__2023-08-26T18:21:00+00:00'
[2023-08-26T18:22:05.011+0000] {dag_etl.py:28} INFO - Extracting user...
[2023-08-26T18:22:14.065+0000] {extract.py:36} INFO - Request time: 0:00:09.053875
[2023-08-26T18:22:16.967+0000] {extract.py:42} INFO - Create DataFrame time: 0:00:02.901376
[2023-08-26T18:22:16.975+0000] {dag_etl.py:31} INFO - Complete extract user: 0:00:11.964268
[2023-08-26T18:22:16.976+0000] {dag_etl.py:33} INFO - Extracting resource...
[2023-08-26T18:22:19.330+0000] {extract.py:36} INFO - Request time: 0:00:02.352891
[2023-08-26T18:22:19.445+0000] {extract.py:42} INFO - Create DataFrame time: 0:00:00.114587
[2023-08-26T18:22:19.448+0000] {dag_etl.py:36} INFO - Complete extract resource: 0:00:02.473271
[2023-08-26T18:22:19.449+0000] {dag_etl.py:38} INFO - Transforming user...
[2023-08-26T18:22:19.941+0000] {dag_etl.py:42} INFO - Complete transform user: 0:00:00.492697
[2023-08-26T18:22:19.941+0000] {dag_etl.py:44} INFO - transform space_ships...
[2023-08-26T18:22:20.272+0000] {dag_etl.py:47} INFO - Complete transform space_ships: 0:00:00.331146
[2023-08-26T18:22:20.273+0000] {dag_etl.py:49} INFO - transform drones...
[2023-08-26T18:22:20.474+0000] {dag_etl.py:52} INFO - Complete transform drones: 0:00:00.202011
[2023-08-26T18:22:20.475+0000] {dag_etl.py:54} INFO - transform pilots...
[2023-08-26T18:22:20.620+0000] {dag_etl.py:57} INFO - Complete transform pilots: 0:00:00.146037
[2023-08-26T18:22:20.621+0000] {dag_etl.py:59} INFO - transform talents...
[2023-08-26T18:22:20.689+0000] {dag_etl.py:62} INFO - Complete transform talents: 0:00:00.068893
[2023-08-26T18:22:20.689+0000] {dag_etl.py:64} INFO - transform expert_items...
[2023-08-26T18:22:20.748+0000] {dag_etl.py:67} INFO - Complete transform expert_items: 0:00:00.058886
[2023-08-26T18:22:20.748+0000] {dag_etl.py:69} INFO - Loading user...
[2023-08-26T18:22:23.034+0000] {dag_etl.py:72} INFO - Complete load user: 0:00:02.286261
[2023-08-26T18:22:23.035+0000] {dag_etl.py:74} INFO - Loading space_ships...
[2023-08-26T18:22:27.083+0000] {dag_etl.py:77} INFO - Complete load space_ships: 0:00:04.048886
[2023-08-26T18:22:27.083+0000] {dag_etl.py:79} INFO - Loading drones...
[2023-08-26T18:22:30.226+0000] {dag_etl.py:82} INFO - Complete load drones: 0:00:03.142605
[2023-08-26T18:22:30.226+0000] {dag_etl.py:84} INFO - Loading pilots...
[2023-08-26T18:22:35.241+0000] {dag_etl.py:87} INFO - Complete load drones: 0:00:05.015494
[2023-08-26T18:22:35.243+0000] {dag_etl.py:89} INFO - Loading talents...
[2023-08-26T18:22:38.776+0000] {dag_etl.py:92} INFO - Complete load drones: 0:00:03.534631
[2023-08-26T18:22:38.776+0000] {dag_etl.py:94} INFO - Loading expert_items...
[2023-08-26T18:22:41.240+0000] {dag_etl.py:97} INFO - Complete load drones: 0:00:02.464516
[2023-08-26T18:22:41.241+0000] {dag_etl.py:99} INFO - Complete ETL Users in : 0:00:36.230121
[2023-08-26T18:22:41.288+0000] {python.py:194} INFO - Done. Returned value was: None
[2023-08-26T18:22:41.310+0000] {taskinstance.py:1400} INFO - Marking task as SUCCESS. dag_id=gaas_etl_1, task_id=etl_user, execution_date=20230826T182100, start_date=20230826T182204, end_date=20230826T182241
[2023-08-26T18:22:41.402+0000] {local_task_job_runner.py:228} INFO - Task exited with return code 0
[2023-08-26T18:22:41.433+0000] {taskinstance.py:2784} INFO - 0 downstream tasks scheduled from follow-on schedule check
