[2023-08-27T01:54:04.750+0000] {taskinstance.py:1159} INFO - Dependencies all met for dep_context=non-requeueable deps ti=<TaskInstance: gaas_etl_1.etl_user scheduled__2023-08-27T01:53:00+00:00 [queued]>
[2023-08-27T01:54:04.767+0000] {taskinstance.py:1159} INFO - Dependencies all met for dep_context=requeueable deps ti=<TaskInstance: gaas_etl_1.etl_user scheduled__2023-08-27T01:53:00+00:00 [queued]>
[2023-08-27T01:54:04.768+0000] {taskinstance.py:1361} INFO - Starting attempt 1 of 1
[2023-08-27T01:54:04.796+0000] {taskinstance.py:1382} INFO - Executing <Task(PythonOperator): etl_user> on 2023-08-27 01:53:00+00:00
[2023-08-27T01:54:04.803+0000] {standard_task_runner.py:57} INFO - Started process 343418 to run task
[2023-08-27T01:54:04.812+0000] {standard_task_runner.py:84} INFO - Running: ['airflow', 'tasks', 'run', 'gaas_etl_1', 'etl_user', 'scheduled__2023-08-27T01:53:00+00:00', '--job-id', '3932', '--raw', '--subdir', 'DAGS_FOLDER/dag_etl.py', '--cfg-path', '/tmp/tmp9dxgpkhc']
[2023-08-27T01:54:04.819+0000] {standard_task_runner.py:85} INFO - Job 3932: Subtask etl_user
[2023-08-27T01:54:05.131+0000] {task_command.py:415} INFO - Running <TaskInstance: gaas_etl_1.etl_user scheduled__2023-08-27T01:53:00+00:00 [running]> on host data-system.us-central1-a.c.data-system-392010.internal
[2023-08-27T01:54:05.475+0000] {taskinstance.py:1660} INFO - Exporting env vars: AIRFLOW_CTX_DAG_EMAIL='hungnm15012002@gmail.com' AIRFLOW_CTX_DAG_OWNER='hungnm' AIRFLOW_CTX_DAG_ID='gaas_etl_1' AIRFLOW_CTX_TASK_ID='etl_user' AIRFLOW_CTX_EXECUTION_DATE='2023-08-27T01:53:00+00:00' AIRFLOW_CTX_TRY_NUMBER='1' AIRFLOW_CTX_DAG_RUN_ID='scheduled__2023-08-27T01:53:00+00:00'
[2023-08-27T01:54:05.506+0000] {dag_etl.py:28} INFO - Extracting user...
[2023-08-27T01:54:08.814+0000] {extract.py:36} INFO - Request time: 0:00:03.307951
[2023-08-27T01:54:09.183+0000] {extract.py:42} INFO - Create DataFrame time: 0:00:00.368660
[2023-08-27T01:54:09.187+0000] {dag_etl.py:31} INFO - Complete extract user: 0:00:03.681098
[2023-08-27T01:54:09.187+0000] {dag_etl.py:33} INFO - Extracting resource...
[2023-08-27T01:54:10.860+0000] {extract.py:36} INFO - Request time: 0:00:01.673039
[2023-08-27T01:54:10.899+0000] {extract.py:42} INFO - Create DataFrame time: 0:00:00.037985
[2023-08-27T01:54:10.901+0000] {dag_etl.py:36} INFO - Complete extract resource: 0:00:01.714934
[2023-08-27T01:54:10.903+0000] {dag_etl.py:38} INFO - Transforming user...
[2023-08-27T01:54:11.048+0000] {dag_etl.py:42} INFO - Complete transform user: 0:00:00.146165
[2023-08-27T01:54:11.048+0000] {dag_etl.py:44} INFO - transform space_ships...
[2023-08-27T01:54:11.163+0000] {dag_etl.py:47} INFO - Complete transform space_ships: 0:00:00.115474
[2023-08-27T01:54:11.164+0000] {dag_etl.py:49} INFO - transform drones...
[2023-08-27T01:54:11.236+0000] {dag_etl.py:52} INFO - Complete transform drones: 0:00:00.073087
[2023-08-27T01:54:11.237+0000] {dag_etl.py:54} INFO - transform pilots...
[2023-08-27T01:54:11.285+0000] {dag_etl.py:57} INFO - Complete transform pilots: 0:00:00.048857
[2023-08-27T01:54:11.286+0000] {dag_etl.py:59} INFO - transform talents...
[2023-08-27T01:54:11.326+0000] {dag_etl.py:62} INFO - Complete transform talents: 0:00:00.040440
[2023-08-27T01:54:11.326+0000] {dag_etl.py:64} INFO - transform expert_items...
[2023-08-27T01:54:11.362+0000] {dag_etl.py:67} INFO - Complete transform expert_items: 0:00:00.036317
[2023-08-27T01:54:11.362+0000] {dag_etl.py:69} INFO - Loading user...
[2023-08-27T01:54:12.099+0000] {dag_etl.py:72} INFO - Complete load user: 0:00:00.736846
[2023-08-27T01:54:12.099+0000] {dag_etl.py:74} INFO - Loading space_ships...
[2023-08-27T01:54:13.069+0000] {dag_etl.py:77} INFO - Complete load space_ships: 0:00:00.969955
[2023-08-27T01:54:13.069+0000] {dag_etl.py:79} INFO - Loading drones...
[2023-08-27T01:54:13.882+0000] {dag_etl.py:82} INFO - Complete load drones: 0:00:00.813834
[2023-08-27T01:54:13.883+0000] {dag_etl.py:84} INFO - Loading pilots...
[2023-08-27T01:54:15.431+0000] {dag_etl.py:87} INFO - Complete load drones: 0:00:01.548262
[2023-08-27T01:54:15.431+0000] {dag_etl.py:89} INFO - Loading talents...
[2023-08-27T01:54:16.318+0000] {dag_etl.py:92} INFO - Complete load drones: 0:00:00.887267
[2023-08-27T01:54:16.319+0000] {dag_etl.py:94} INFO - Loading expert_items...
[2023-08-27T01:54:17.077+0000] {dag_etl.py:97} INFO - Complete load drones: 0:00:00.759465
[2023-08-27T01:54:17.078+0000] {dag_etl.py:99} INFO - Complete ETL Users in : 0:00:11.572735
[2023-08-27T01:54:17.130+0000] {python.py:194} INFO - Done. Returned value was: None
[2023-08-27T01:54:17.177+0000] {taskinstance.py:1400} INFO - Marking task as SUCCESS. dag_id=gaas_etl_1, task_id=etl_user, execution_date=20230827T015300, start_date=20230827T015404, end_date=20230827T015417
[2023-08-27T01:54:17.249+0000] {local_task_job_runner.py:228} INFO - Task exited with return code 0
[2023-08-27T01:54:17.280+0000] {taskinstance.py:2784} INFO - 0 downstream tasks scheduled from follow-on schedule check
