[2023-08-26T11:53:04.721+0000] {taskinstance.py:1159} INFO - Dependencies all met for dep_context=non-requeueable deps ti=<TaskInstance: gaas_etl_1.etl_user scheduled__2023-08-26T11:52:00+00:00 [queued]>
[2023-08-26T11:53:04.738+0000] {taskinstance.py:1159} INFO - Dependencies all met for dep_context=requeueable deps ti=<TaskInstance: gaas_etl_1.etl_user scheduled__2023-08-26T11:52:00+00:00 [queued]>
[2023-08-26T11:53:04.739+0000] {taskinstance.py:1361} INFO - Starting attempt 1 of 1
[2023-08-26T11:53:04.769+0000] {taskinstance.py:1382} INFO - Executing <Task(PythonOperator): etl_user> on 2023-08-26 11:52:00+00:00
[2023-08-26T11:53:04.781+0000] {standard_task_runner.py:57} INFO - Started process 309954 to run task
[2023-08-26T11:53:04.797+0000] {standard_task_runner.py:84} INFO - Running: ['airflow', 'tasks', 'run', 'gaas_etl_1', 'etl_user', 'scheduled__2023-08-26T11:52:00+00:00', '--job-id', '1408', '--raw', '--subdir', 'DAGS_FOLDER/dag_etl.py', '--cfg-path', '/tmp/tmpzmtlx_vj']
[2023-08-26T11:53:04.808+0000] {standard_task_runner.py:85} INFO - Job 1408: Subtask etl_user
[2023-08-26T11:53:05.019+0000] {task_command.py:415} INFO - Running <TaskInstance: gaas_etl_1.etl_user scheduled__2023-08-26T11:52:00+00:00 [running]> on host data-system.us-central1-a.c.data-system-392010.internal
[2023-08-26T11:53:05.338+0000] {taskinstance.py:1660} INFO - Exporting env vars: AIRFLOW_CTX_DAG_EMAIL='hungnm15012002@gmail.com' AIRFLOW_CTX_DAG_OWNER='hungnm' AIRFLOW_CTX_DAG_ID='gaas_etl_1' AIRFLOW_CTX_TASK_ID='etl_user' AIRFLOW_CTX_EXECUTION_DATE='2023-08-26T11:52:00+00:00' AIRFLOW_CTX_TRY_NUMBER='1' AIRFLOW_CTX_DAG_RUN_ID='scheduled__2023-08-26T11:52:00+00:00'
[2023-08-26T11:53:05.370+0000] {dag_etl.py:28} INFO - Extracting user...
[2023-08-26T11:53:11.932+0000] {extract.py:36} INFO - Request time: 0:00:06.561119
[2023-08-26T11:53:13.204+0000] {extract.py:42} INFO - Create DataFrame time: 0:00:01.271206
[2023-08-26T11:53:13.212+0000] {dag_etl.py:31} INFO - Complete extract user: 0:00:07.841909
[2023-08-26T11:53:13.213+0000] {dag_etl.py:33} INFO - Extracting resource...
[2023-08-26T11:53:15.220+0000] {extract.py:36} INFO - Request time: 0:00:02.006710
[2023-08-26T11:53:15.332+0000] {extract.py:42} INFO - Create DataFrame time: 0:00:00.110570
[2023-08-26T11:53:15.335+0000] {dag_etl.py:36} INFO - Complete extract resource: 0:00:02.122753
[2023-08-26T11:53:15.337+0000] {dag_etl.py:38} INFO - Transforming user...
[2023-08-26T11:53:15.789+0000] {dag_etl.py:42} INFO - Complete transform user: 0:00:00.454350
[2023-08-26T11:53:15.790+0000] {dag_etl.py:44} INFO - transform space_ships...
[2023-08-26T11:53:16.297+0000] {dag_etl.py:47} INFO - Complete transform space_ships: 0:00:00.507297
[2023-08-26T11:53:16.300+0000] {dag_etl.py:49} INFO - transform drones...
[2023-08-26T11:53:16.732+0000] {dag_etl.py:52} INFO - Complete transform drones: 0:00:00.435645
[2023-08-26T11:53:16.737+0000] {dag_etl.py:54} INFO - transform pilots...
[2023-08-26T11:53:16.971+0000] {dag_etl.py:57} INFO - Complete transform pilots: 0:00:00.238319
[2023-08-26T11:53:16.971+0000] {dag_etl.py:59} INFO - transform talents...
[2023-08-26T11:53:17.128+0000] {dag_etl.py:62} INFO - Complete transform talents: 0:00:00.157190
[2023-08-26T11:53:17.128+0000] {dag_etl.py:64} INFO - transform expert_items...
[2023-08-26T11:53:17.202+0000] {dag_etl.py:67} INFO - Complete transform expert_items: 0:00:00.073876
[2023-08-26T11:53:17.202+0000] {dag_etl.py:69} INFO - Loading user...
[2023-08-26T11:53:19.128+0000] {dag_etl.py:72} INFO - Complete load user: 0:00:01.925898
[2023-08-26T11:53:19.128+0000] {dag_etl.py:74} INFO - Loading space_ships...
[2023-08-26T11:53:22.619+0000] {dag_etl.py:77} INFO - Complete load space_ships: 0:00:03.491334
[2023-08-26T11:53:22.620+0000] {dag_etl.py:79} INFO - Loading drones...
[2023-08-26T11:53:25.588+0000] {dag_etl.py:82} INFO - Complete load drones: 0:00:02.968646
[2023-08-26T11:53:25.588+0000] {dag_etl.py:84} INFO - Loading pilots...
[2023-08-26T11:53:30.803+0000] {dag_etl.py:87} INFO - Complete load drones: 0:00:05.214908
[2023-08-26T11:53:30.803+0000] {dag_etl.py:89} INFO - Loading talents...
[2023-08-26T11:53:33.617+0000] {dag_etl.py:92} INFO - Complete load drones: 0:00:02.814104
[2023-08-26T11:53:33.617+0000] {dag_etl.py:94} INFO - Loading expert_items...
[2023-08-26T11:53:35.054+0000] {dag_etl.py:97} INFO - Complete load drones: 0:00:01.437846
[2023-08-26T11:53:35.055+0000] {dag_etl.py:99} INFO - Complete ETL Users in : 0:00:29.684566
[2023-08-26T11:53:35.099+0000] {python.py:194} INFO - Done. Returned value was: None
[2023-08-26T11:53:35.119+0000] {taskinstance.py:1400} INFO - Marking task as SUCCESS. dag_id=gaas_etl_1, task_id=etl_user, execution_date=20230826T115200, start_date=20230826T115304, end_date=20230826T115335
[2023-08-26T11:53:35.207+0000] {local_task_job_runner.py:228} INFO - Task exited with return code 0
[2023-08-26T11:53:35.238+0000] {taskinstance.py:2784} INFO - 0 downstream tasks scheduled from follow-on schedule check
