[2023-08-27T03:10:05.663+0000] {taskinstance.py:1159} INFO - Dependencies all met for dep_context=non-requeueable deps ti=<TaskInstance: gaas_etl_1.etl_user scheduled__2023-08-27T03:09:00+00:00 [queued]>
[2023-08-27T03:10:05.701+0000] {taskinstance.py:1159} INFO - Dependencies all met for dep_context=requeueable deps ti=<TaskInstance: gaas_etl_1.etl_user scheduled__2023-08-27T03:09:00+00:00 [queued]>
[2023-08-27T03:10:05.702+0000] {taskinstance.py:1361} INFO - Starting attempt 1 of 1
[2023-08-27T03:10:05.754+0000] {taskinstance.py:1382} INFO - Executing <Task(PythonOperator): etl_user> on 2023-08-27 03:09:00+00:00
[2023-08-27T03:10:05.768+0000] {standard_task_runner.py:57} INFO - Started process 347358 to run task
[2023-08-27T03:10:05.800+0000] {standard_task_runner.py:84} INFO - Running: ['airflow', 'tasks', 'run', 'gaas_etl_1', 'etl_user', 'scheduled__2023-08-27T03:09:00+00:00', '--job-id', '4159', '--raw', '--subdir', 'DAGS_FOLDER/dag_etl.py', '--cfg-path', '/tmp/tmp5b299nd8']
[2023-08-27T03:10:05.826+0000] {standard_task_runner.py:85} INFO - Job 4159: Subtask etl_user
[2023-08-27T03:10:06.628+0000] {task_command.py:415} INFO - Running <TaskInstance: gaas_etl_1.etl_user scheduled__2023-08-27T03:09:00+00:00 [running]> on host data-system.us-central1-a.c.data-system-392010.internal
[2023-08-27T03:10:07.206+0000] {taskinstance.py:1660} INFO - Exporting env vars: AIRFLOW_CTX_DAG_EMAIL='hungnm15012002@gmail.com' AIRFLOW_CTX_DAG_OWNER='hungnm' AIRFLOW_CTX_DAG_ID='gaas_etl_1' AIRFLOW_CTX_TASK_ID='etl_user' AIRFLOW_CTX_EXECUTION_DATE='2023-08-27T03:09:00+00:00' AIRFLOW_CTX_TRY_NUMBER='1' AIRFLOW_CTX_DAG_RUN_ID='scheduled__2023-08-27T03:09:00+00:00'
[2023-08-27T03:10:07.249+0000] {dag_etl.py:28} INFO - Extracting user...
[2023-08-27T03:10:10.454+0000] {extract.py:36} INFO - Request time: 0:00:03.204200
[2023-08-27T03:10:10.797+0000] {extract.py:42} INFO - Create DataFrame time: 0:00:00.341883
[2023-08-27T03:10:10.801+0000] {dag_etl.py:31} INFO - Complete extract user: 0:00:03.552316
[2023-08-27T03:10:10.802+0000] {dag_etl.py:33} INFO - Extracting resource...
[2023-08-27T03:10:12.269+0000] {extract.py:36} INFO - Request time: 0:00:01.466280
[2023-08-27T03:10:12.308+0000] {extract.py:42} INFO - Create DataFrame time: 0:00:00.037898
[2023-08-27T03:10:12.311+0000] {dag_etl.py:36} INFO - Complete extract resource: 0:00:01.509176
[2023-08-27T03:10:12.312+0000] {dag_etl.py:38} INFO - Transforming user...
[2023-08-27T03:10:12.456+0000] {dag_etl.py:42} INFO - Complete transform user: 0:00:00.145365
[2023-08-27T03:10:12.457+0000] {dag_etl.py:44} INFO - transform space_ships...
[2023-08-27T03:10:12.564+0000] {dag_etl.py:47} INFO - Complete transform space_ships: 0:00:00.107604
[2023-08-27T03:10:12.564+0000] {dag_etl.py:49} INFO - transform drones...
[2023-08-27T03:10:12.636+0000] {dag_etl.py:52} INFO - Complete transform drones: 0:00:00.072901
[2023-08-27T03:10:12.637+0000] {dag_etl.py:54} INFO - transform pilots...
[2023-08-27T03:10:12.696+0000] {dag_etl.py:57} INFO - Complete transform pilots: 0:00:00.059713
[2023-08-27T03:10:12.697+0000] {dag_etl.py:59} INFO - transform talents...
[2023-08-27T03:10:12.722+0000] {dag_etl.py:62} INFO - Complete transform talents: 0:00:00.025895
[2023-08-27T03:10:12.723+0000] {dag_etl.py:64} INFO - transform expert_items...
[2023-08-27T03:10:12.749+0000] {dag_etl.py:67} INFO - Complete transform expert_items: 0:00:00.027441
[2023-08-27T03:10:12.750+0000] {dag_etl.py:69} INFO - Loading user...
[2023-08-27T03:10:13.468+0000] {dag_etl.py:72} INFO - Complete load user: 0:00:00.719019
[2023-08-27T03:10:13.469+0000] {dag_etl.py:74} INFO - Loading space_ships...
[2023-08-27T03:10:14.406+0000] {dag_etl.py:77} INFO - Complete load space_ships: 0:00:00.937860
[2023-08-27T03:10:14.407+0000] {dag_etl.py:79} INFO - Loading drones...
[2023-08-27T03:10:15.265+0000] {dag_etl.py:82} INFO - Complete load drones: 0:00:00.858514
[2023-08-27T03:10:15.265+0000] {dag_etl.py:84} INFO - Loading pilots...
[2023-08-27T03:10:16.880+0000] {dag_etl.py:87} INFO - Complete load drones: 0:00:01.615373
[2023-08-27T03:10:16.882+0000] {dag_etl.py:89} INFO - Loading talents...
[2023-08-27T03:10:17.838+0000] {dag_etl.py:92} INFO - Complete load drones: 0:00:00.958111
[2023-08-27T03:10:17.839+0000] {dag_etl.py:94} INFO - Loading expert_items...
[2023-08-27T03:10:18.469+0000] {dag_etl.py:97} INFO - Complete load drones: 0:00:00.630402
[2023-08-27T03:10:18.470+0000] {dag_etl.py:99} INFO - Complete ETL Users in : 0:00:11.220586
[2023-08-27T03:10:18.485+0000] {python.py:194} INFO - Done. Returned value was: None
[2023-08-27T03:10:18.506+0000] {taskinstance.py:1400} INFO - Marking task as SUCCESS. dag_id=gaas_etl_1, task_id=etl_user, execution_date=20230827T030900, start_date=20230827T031005, end_date=20230827T031018
[2023-08-27T03:10:18.591+0000] {local_task_job_runner.py:228} INFO - Task exited with return code 0
[2023-08-27T03:10:18.624+0000] {taskinstance.py:2784} INFO - 0 downstream tasks scheduled from follow-on schedule check
