[2023-08-27T03:11:05.242+0000] {taskinstance.py:1159} INFO - Dependencies all met for dep_context=non-requeueable deps ti=<TaskInstance: gaas_etl_1.etl_user scheduled__2023-08-27T03:10:00+00:00 [queued]>
[2023-08-27T03:11:05.277+0000] {taskinstance.py:1159} INFO - Dependencies all met for dep_context=requeueable deps ti=<TaskInstance: gaas_etl_1.etl_user scheduled__2023-08-27T03:10:00+00:00 [queued]>
[2023-08-27T03:11:05.278+0000] {taskinstance.py:1361} INFO - Starting attempt 1 of 1
[2023-08-27T03:11:05.306+0000] {taskinstance.py:1382} INFO - Executing <Task(PythonOperator): etl_user> on 2023-08-27 03:10:00+00:00
[2023-08-27T03:11:05.316+0000] {standard_task_runner.py:57} INFO - Started process 347550 to run task
[2023-08-27T03:11:05.339+0000] {standard_task_runner.py:84} INFO - Running: ['airflow', 'tasks', 'run', 'gaas_etl_1', 'etl_user', 'scheduled__2023-08-27T03:10:00+00:00', '--job-id', '4162', '--raw', '--subdir', 'DAGS_FOLDER/dag_etl.py', '--cfg-path', '/tmp/tmpidxlyny_']
[2023-08-27T03:11:05.346+0000] {standard_task_runner.py:85} INFO - Job 4162: Subtask etl_user
[2023-08-27T03:11:05.667+0000] {task_command.py:415} INFO - Running <TaskInstance: gaas_etl_1.etl_user scheduled__2023-08-27T03:10:00+00:00 [running]> on host data-system.us-central1-a.c.data-system-392010.internal
[2023-08-27T03:11:06.055+0000] {taskinstance.py:1660} INFO - Exporting env vars: AIRFLOW_CTX_DAG_EMAIL='hungnm15012002@gmail.com' AIRFLOW_CTX_DAG_OWNER='hungnm' AIRFLOW_CTX_DAG_ID='gaas_etl_1' AIRFLOW_CTX_TASK_ID='etl_user' AIRFLOW_CTX_EXECUTION_DATE='2023-08-27T03:10:00+00:00' AIRFLOW_CTX_TRY_NUMBER='1' AIRFLOW_CTX_DAG_RUN_ID='scheduled__2023-08-27T03:10:00+00:00'
[2023-08-27T03:11:06.089+0000] {dag_etl.py:28} INFO - Extracting user...
[2023-08-27T03:11:09.103+0000] {extract.py:36} INFO - Request time: 0:00:03.013457
[2023-08-27T03:11:10.373+0000] {extract.py:42} INFO - Create DataFrame time: 0:00:01.269135
[2023-08-27T03:11:10.389+0000] {dag_etl.py:31} INFO - Complete extract user: 0:00:04.300401
[2023-08-27T03:11:10.391+0000] {dag_etl.py:33} INFO - Extracting resource...
[2023-08-27T03:11:11.906+0000] {extract.py:36} INFO - Request time: 0:00:01.514410
[2023-08-27T03:11:11.951+0000] {extract.py:42} INFO - Create DataFrame time: 0:00:00.044401
[2023-08-27T03:11:11.954+0000] {dag_etl.py:36} INFO - Complete extract resource: 0:00:01.565034
[2023-08-27T03:11:11.956+0000] {dag_etl.py:38} INFO - Transforming user...
[2023-08-27T03:11:12.122+0000] {dag_etl.py:42} INFO - Complete transform user: 0:00:00.167431
[2023-08-27T03:11:12.122+0000] {dag_etl.py:44} INFO - transform space_ships...
[2023-08-27T03:11:12.223+0000] {dag_etl.py:47} INFO - Complete transform space_ships: 0:00:00.101433
[2023-08-27T03:11:12.224+0000] {dag_etl.py:49} INFO - transform drones...
[2023-08-27T03:11:12.297+0000] {dag_etl.py:52} INFO - Complete transform drones: 0:00:00.074211
[2023-08-27T03:11:12.298+0000] {dag_etl.py:54} INFO - transform pilots...
[2023-08-27T03:11:12.347+0000] {dag_etl.py:57} INFO - Complete transform pilots: 0:00:00.049895
[2023-08-27T03:11:12.348+0000] {dag_etl.py:59} INFO - transform talents...
[2023-08-27T03:11:12.377+0000] {dag_etl.py:62} INFO - Complete transform talents: 0:00:00.029580
[2023-08-27T03:11:12.377+0000] {dag_etl.py:64} INFO - transform expert_items...
[2023-08-27T03:11:12.404+0000] {dag_etl.py:67} INFO - Complete transform expert_items: 0:00:00.027122
[2023-08-27T03:11:12.405+0000] {dag_etl.py:69} INFO - Loading user...
[2023-08-27T03:11:13.191+0000] {dag_etl.py:72} INFO - Complete load user: 0:00:00.786547
[2023-08-27T03:11:13.191+0000] {dag_etl.py:74} INFO - Loading space_ships...
[2023-08-27T03:11:14.147+0000] {dag_etl.py:77} INFO - Complete load space_ships: 0:00:00.956141
[2023-08-27T03:11:14.147+0000] {dag_etl.py:79} INFO - Loading drones...
[2023-08-27T03:11:15.050+0000] {dag_etl.py:82} INFO - Complete load drones: 0:00:00.903769
[2023-08-27T03:11:15.051+0000] {dag_etl.py:84} INFO - Loading pilots...
[2023-08-27T03:11:16.842+0000] {dag_etl.py:87} INFO - Complete load drones: 0:00:01.791324
[2023-08-27T03:11:16.843+0000] {dag_etl.py:89} INFO - Loading talents...
[2023-08-27T03:11:17.886+0000] {dag_etl.py:92} INFO - Complete load drones: 0:00:01.044667
[2023-08-27T03:11:17.887+0000] {dag_etl.py:94} INFO - Loading expert_items...
[2023-08-27T03:11:18.491+0000] {dag_etl.py:97} INFO - Complete load drones: 0:00:00.604290
[2023-08-27T03:11:18.491+0000] {dag_etl.py:99} INFO - Complete ETL Users in : 0:00:12.402546
[2023-08-27T03:11:18.518+0000] {python.py:194} INFO - Done. Returned value was: None
[2023-08-27T03:11:18.562+0000] {taskinstance.py:1400} INFO - Marking task as SUCCESS. dag_id=gaas_etl_1, task_id=etl_user, execution_date=20230827T031000, start_date=20230827T031105, end_date=20230827T031118
[2023-08-27T03:11:18.669+0000] {local_task_job_runner.py:228} INFO - Task exited with return code 0
[2023-08-27T03:11:18.725+0000] {taskinstance.py:2784} INFO - 0 downstream tasks scheduled from follow-on schedule check
