[2023-08-26T17:37:04.308+0000] {taskinstance.py:1159} INFO - Dependencies all met for dep_context=non-requeueable deps ti=<TaskInstance: gaas_etl_1.etl_user scheduled__2023-08-26T17:36:00+00:00 [queued]>
[2023-08-26T17:37:04.323+0000] {taskinstance.py:1159} INFO - Dependencies all met for dep_context=requeueable deps ti=<TaskInstance: gaas_etl_1.etl_user scheduled__2023-08-26T17:36:00+00:00 [queued]>
[2023-08-26T17:37:04.324+0000] {taskinstance.py:1361} INFO - Starting attempt 1 of 1
[2023-08-26T17:37:04.356+0000] {taskinstance.py:1382} INFO - Executing <Task(PythonOperator): etl_user> on 2023-08-26 17:36:00+00:00
[2023-08-26T17:37:04.365+0000] {standard_task_runner.py:57} INFO - Started process 323644 to run task
[2023-08-26T17:37:04.380+0000] {standard_task_runner.py:84} INFO - Running: ['airflow', 'tasks', 'run', 'gaas_etl_1', 'etl_user', 'scheduled__2023-08-26T17:36:00+00:00', '--job-id', '2441', '--raw', '--subdir', 'DAGS_FOLDER/dag_etl.py', '--cfg-path', '/tmp/tmpeiizpc8r']
[2023-08-26T17:37:04.386+0000] {standard_task_runner.py:85} INFO - Job 2441: Subtask etl_user
[2023-08-26T17:37:04.932+0000] {task_command.py:415} INFO - Running <TaskInstance: gaas_etl_1.etl_user scheduled__2023-08-26T17:36:00+00:00 [running]> on host data-system.us-central1-a.c.data-system-392010.internal
[2023-08-26T17:37:05.206+0000] {taskinstance.py:1660} INFO - Exporting env vars: AIRFLOW_CTX_DAG_EMAIL='hungnm15012002@gmail.com' AIRFLOW_CTX_DAG_OWNER='hungnm' AIRFLOW_CTX_DAG_ID='gaas_etl_1' AIRFLOW_CTX_TASK_ID='etl_user' AIRFLOW_CTX_EXECUTION_DATE='2023-08-26T17:36:00+00:00' AIRFLOW_CTX_TRY_NUMBER='1' AIRFLOW_CTX_DAG_RUN_ID='scheduled__2023-08-26T17:36:00+00:00'
[2023-08-26T17:37:05.223+0000] {dag_etl.py:28} INFO - Extracting user...
[2023-08-26T17:37:18.680+0000] {extract.py:36} INFO - Request time: 0:00:13.456597
[2023-08-26T17:37:19.595+0000] {extract.py:42} INFO - Create DataFrame time: 0:00:00.914240
[2023-08-26T17:37:19.602+0000] {dag_etl.py:31} INFO - Complete extract user: 0:00:14.378455
[2023-08-26T17:37:19.603+0000] {dag_etl.py:33} INFO - Extracting resource...
[2023-08-26T17:37:20.105+0000] {extract.py:36} INFO - Request time: 0:00:00.501932
[2023-08-26T17:37:20.106+0000] {extract.py:45} ERROR - Server GAAS error: 502
[2023-08-26T17:37:20.117+0000] {dag_etl.py:36} INFO - Complete extract resource: 0:00:00.515336
[2023-08-26T17:37:20.118+0000] {dag_etl.py:38} INFO - Transforming user...
[2023-08-26T17:37:20.123+0000] {dag_etl.py:107} ERROR - An Error Occur: Can only merge Series or DataFrame objects, a <class 'int'> was passed
[2023-08-26T17:37:20.153+0000] {python.py:194} INFO - Done. Returned value was: None
[2023-08-26T17:37:20.172+0000] {taskinstance.py:1400} INFO - Marking task as SUCCESS. dag_id=gaas_etl_1, task_id=etl_user, execution_date=20230826T173600, start_date=20230826T173704, end_date=20230826T173720
[2023-08-26T17:37:20.248+0000] {local_task_job_runner.py:228} INFO - Task exited with return code 0
[2023-08-26T17:37:20.278+0000] {taskinstance.py:2784} INFO - 0 downstream tasks scheduled from follow-on schedule check
