[2023-08-27T22:52:09.968+0000] {taskinstance.py:1159} INFO - Dependencies all met for dep_context=non-requeueable deps ti=<TaskInstance: gaas_etl_1.etl_user scheduled__2023-08-27T22:51:00+00:00 [queued]>
[2023-08-27T22:52:10.002+0000] {taskinstance.py:1159} INFO - Dependencies all met for dep_context=requeueable deps ti=<TaskInstance: gaas_etl_1.etl_user scheduled__2023-08-27T22:51:00+00:00 [queued]>
[2023-08-27T22:52:10.004+0000] {taskinstance.py:1361} INFO - Starting attempt 1 of 1
[2023-08-27T22:52:10.078+0000] {taskinstance.py:1382} INFO - Executing <Task(PythonOperator): etl_user> on 2023-08-27 22:51:00+00:00
[2023-08-27T22:52:10.097+0000] {standard_task_runner.py:57} INFO - Started process 469835 to run task
[2023-08-27T22:52:10.116+0000] {standard_task_runner.py:84} INFO - Running: ['airflow', 'tasks', 'run', 'gaas_etl_1', 'etl_user', 'scheduled__2023-08-27T22:51:00+00:00', '--job-id', '7706', '--raw', '--subdir', 'DAGS_FOLDER/dag_etl.py', '--cfg-path', '/tmp/tmpshtreu5i']
[2023-08-27T22:52:10.129+0000] {standard_task_runner.py:85} INFO - Job 7706: Subtask etl_user
[2023-08-27T22:52:11.379+0000] {task_command.py:415} INFO - Running <TaskInstance: gaas_etl_1.etl_user scheduled__2023-08-27T22:51:00+00:00 [running]> on host data-system.us-central1-a.c.data-system-392010.internal
[2023-08-27T22:52:12.945+0000] {taskinstance.py:1660} INFO - Exporting env vars: AIRFLOW_CTX_DAG_EMAIL='hungnm15012002@gmail.com' AIRFLOW_CTX_DAG_OWNER='hungnm' AIRFLOW_CTX_DAG_ID='gaas_etl_1' AIRFLOW_CTX_TASK_ID='etl_user' AIRFLOW_CTX_EXECUTION_DATE='2023-08-27T22:51:00+00:00' AIRFLOW_CTX_TRY_NUMBER='1' AIRFLOW_CTX_DAG_RUN_ID='scheduled__2023-08-27T22:51:00+00:00'
[2023-08-27T22:52:12.972+0000] {dag_etl.py:28} INFO - Extracting user...
[2023-08-27T22:52:20.115+0000] {extract.py:36} INFO - Request time: 0:00:07.142035
[2023-08-27T22:52:20.213+0000] {extract.py:42} INFO - Create DataFrame time: 0:00:00.097315
[2023-08-27T22:52:20.216+0000] {dag_etl.py:31} INFO - Complete extract user: 0:00:07.244084
[2023-08-27T22:52:20.218+0000] {dag_etl.py:33} INFO - Extracting resource...
[2023-08-27T22:52:25.363+0000] {extract.py:36} INFO - Request time: 0:00:05.144994
[2023-08-27T22:52:25.391+0000] {extract.py:42} INFO - Create DataFrame time: 0:00:00.028004
[2023-08-27T22:52:25.395+0000] {dag_etl.py:36} INFO - Complete extract resource: 0:00:05.178056
[2023-08-27T22:52:25.396+0000] {dag_etl.py:38} INFO - Transforming user...
[2023-08-27T22:52:25.493+0000] {dag_etl.py:42} INFO - Complete transform user: 0:00:00.098440
[2023-08-27T22:52:25.494+0000] {dag_etl.py:44} INFO - transform space_ships...
[2023-08-27T22:52:25.555+0000] {dag_etl.py:47} INFO - Complete transform space_ships: 0:00:00.062013
[2023-08-27T22:52:25.555+0000] {dag_etl.py:49} INFO - transform drones...
[2023-08-27T22:52:25.611+0000] {dag_etl.py:52} INFO - Complete transform drones: 0:00:00.056087
[2023-08-27T22:52:25.612+0000] {dag_etl.py:54} INFO - transform pilots...
[2023-08-27T22:52:25.641+0000] {dag_etl.py:57} INFO - Complete transform pilots: 0:00:00.029757
[2023-08-27T22:52:25.641+0000] {dag_etl.py:59} INFO - transform talents...
[2023-08-27T22:52:25.660+0000] {dag_etl.py:62} INFO - Complete transform talents: 0:00:00.019286
[2023-08-27T22:52:25.661+0000] {dag_etl.py:64} INFO - transform expert_items...
[2023-08-27T22:52:25.679+0000] {dag_etl.py:67} INFO - Complete transform expert_items: 0:00:00.018709
[2023-08-27T22:52:25.679+0000] {dag_etl.py:69} INFO - Loading user...
[2023-08-27T22:52:26.103+0000] {dag_etl.py:72} INFO - Complete load user: 0:00:00.424031
[2023-08-27T22:52:26.103+0000] {dag_etl.py:74} INFO - Loading space_ships...
[2023-08-27T22:52:27.004+0000] {dag_etl.py:77} INFO - Complete load space_ships: 0:00:00.900902
[2023-08-27T22:52:27.004+0000] {dag_etl.py:79} INFO - Loading drones...
[2023-08-27T22:52:27.429+0000] {dag_etl.py:82} INFO - Complete load drones: 0:00:00.424987
[2023-08-27T22:52:27.429+0000] {dag_etl.py:84} INFO - Loading pilots...
[2023-08-27T22:52:28.306+0000] {dag_etl.py:87} INFO - Complete load drones: 0:00:00.877231
[2023-08-27T22:52:28.306+0000] {dag_etl.py:89} INFO - Loading talents...
[2023-08-27T22:52:28.741+0000] {dag_etl.py:92} INFO - Complete load drones: 0:00:00.435453
[2023-08-27T22:52:28.742+0000] {dag_etl.py:94} INFO - Loading expert_items...
[2023-08-27T22:52:29.372+0000] {dag_etl.py:97} INFO - Complete load drones: 0:00:00.630811
[2023-08-27T22:52:29.373+0000] {dag_etl.py:99} INFO - Complete ETL Users in : 0:00:16.400470
[2023-08-27T22:52:29.382+0000] {python.py:194} INFO - Done. Returned value was: None
[2023-08-27T22:52:29.401+0000] {taskinstance.py:1400} INFO - Marking task as SUCCESS. dag_id=gaas_etl_1, task_id=etl_user, execution_date=20230827T225100, start_date=20230827T225209, end_date=20230827T225229
[2023-08-27T22:52:29.479+0000] {local_task_job_runner.py:228} INFO - Task exited with return code 0
[2023-08-27T22:52:29.509+0000] {taskinstance.py:2784} INFO - 0 downstream tasks scheduled from follow-on schedule check
