[2023-08-25T17:44:17.508+0000] {taskinstance.py:1159} INFO - Dependencies all met for dep_context=non-requeueable deps ti=<TaskInstance: gaas_etl.etl_user scheduled__2023-08-25T10:45:00+00:00 [queued]>
[2023-08-25T17:44:17.743+0000] {taskinstance.py:1159} INFO - Dependencies all met for dep_context=requeueable deps ti=<TaskInstance: gaas_etl.etl_user scheduled__2023-08-25T10:45:00+00:00 [queued]>
[2023-08-25T17:44:17.744+0000] {taskinstance.py:1361} INFO - Starting attempt 1 of 1
[2023-08-25T17:44:18.124+0000] {taskinstance.py:1382} INFO - Executing <Task(PythonOperator): etl_user> on 2023-08-25 10:45:00+00:00
[2023-08-25T17:44:18.251+0000] {standard_task_runner.py:57} INFO - Started process 215155 to run task
[2023-08-25T17:44:18.538+0000] {standard_task_runner.py:84} INFO - Running: ['airflow', 'tasks', 'run', 'gaas_etl', 'etl_user', 'scheduled__2023-08-25T10:45:00+00:00', '--job-id', '29', '--raw', '--subdir', 'DAGS_FOLDER/dag_etl.py', '--cfg-path', '/tmp/tmpkz9g_bha']
[2023-08-25T17:44:18.625+0000] {standard_task_runner.py:85} INFO - Job 29: Subtask etl_user
[2023-08-25T17:44:20.155+0000] {task_command.py:415} INFO - Running <TaskInstance: gaas_etl.etl_user scheduled__2023-08-25T10:45:00+00:00 [running]> on host data-system.us-central1-a.c.data-system-392010.internal
[2023-08-25T17:44:22.824+0000] {taskinstance.py:1660} INFO - Exporting env vars: AIRFLOW_CTX_DAG_EMAIL='hungnm15012002@gmail.com' AIRFLOW_CTX_DAG_OWNER='hungnm' AIRFLOW_CTX_DAG_ID='gaas_etl' AIRFLOW_CTX_TASK_ID='etl_user' AIRFLOW_CTX_EXECUTION_DATE='2023-08-25T10:45:00+00:00' AIRFLOW_CTX_TRY_NUMBER='1' AIRFLOW_CTX_DAG_RUN_ID='scheduled__2023-08-25T10:45:00+00:00'
[2023-08-25T17:44:23.112+0000] {dag_etl.py:28} INFO - Extracting user...
[2023-08-25T17:44:25.079+0000] {extract.py:36} INFO - Request time: 0:00:01.965598
[2023-08-25T17:44:25.330+0000] {extract.py:42} INFO - Create DataFrame time: 0:00:00.250384
[2023-08-25T17:44:25.353+0000] {dag_etl.py:31} INFO - Complete extract user: 0:00:02.240914
[2023-08-25T17:44:25.359+0000] {dag_etl.py:33} INFO - Extracting resource...
[2023-08-25T17:44:26.232+0000] {extract.py:36} INFO - Request time: 0:00:00.868899
[2023-08-25T17:44:26.300+0000] {extract.py:42} INFO - Create DataFrame time: 0:00:00.066911
[2023-08-25T17:44:26.316+0000] {dag_etl.py:36} INFO - Complete extract resource: 0:00:00.963281
[2023-08-25T17:44:26.317+0000] {dag_etl.py:38} INFO - Transforming user...
[2023-08-25T17:44:26.715+0000] {dag_etl.py:42} INFO - Complete transform user: 0:00:00.398973
[2023-08-25T17:44:26.715+0000] {dag_etl.py:44} INFO - transform space_ships...
[2023-08-25T17:44:26.970+0000] {dag_etl.py:47} INFO - Complete transform space_ships: 0:00:00.254661
[2023-08-25T17:44:27.019+0000] {dag_etl.py:49} INFO - transform drones...
[2023-08-25T17:44:27.221+0000] {dag_etl.py:52} INFO - Complete transform drones: 0:00:00.251036
[2023-08-25T17:44:27.221+0000] {dag_etl.py:54} INFO - transform pilots...
[2023-08-25T17:44:27.378+0000] {dag_etl.py:57} INFO - Complete transform pilots: 0:00:00.157253
[2023-08-25T17:44:27.392+0000] {dag_etl.py:59} INFO - transform talents...
[2023-08-25T17:44:27.478+0000] {dag_etl.py:62} INFO - Complete transform talents: 0:00:00.099594
[2023-08-25T17:44:27.478+0000] {dag_etl.py:64} INFO - transform expert_items...
[2023-08-25T17:44:27.595+0000] {dag_etl.py:67} INFO - Complete transform expert_items: 0:00:00.117567
[2023-08-25T17:44:27.597+0000] {dag_etl.py:69} INFO - Loading user...
[2023-08-25T17:44:27.764+0000] {dag_etl.py:72} INFO - Complete load user: 0:00:00.168896
[2023-08-25T17:44:27.765+0000] {dag_etl.py:74} INFO - Loading space_ships...
[2023-08-25T17:44:27.888+0000] {dag_etl.py:77} INFO - Complete load space_ships: 0:00:00.123738
[2023-08-25T17:44:27.889+0000] {dag_etl.py:79} INFO - Loading drones...
[2023-08-25T17:44:27.955+0000] {dag_etl.py:82} INFO - Complete load drones: 0:00:00.067276
[2023-08-25T17:44:27.959+0000] {dag_etl.py:84} INFO - Loading pilots...
[2023-08-25T17:44:28.181+0000] {dag_etl.py:87} INFO - Complete load drones: 0:00:00.226179
[2023-08-25T17:44:28.182+0000] {dag_etl.py:89} INFO - Loading talents...
[2023-08-25T17:44:28.246+0000] {dag_etl.py:92} INFO - Complete load drones: 0:00:00.064576
[2023-08-25T17:44:28.248+0000] {dag_etl.py:94} INFO - Loading expert_items...
[2023-08-25T17:44:28.298+0000] {dag_etl.py:97} INFO - Complete load drones: 0:00:00.052571
[2023-08-25T17:44:28.299+0000] {dag_etl.py:99} INFO - Complete ETL Users in : 0:00:05.187384
[2023-08-25T17:44:28.312+0000] {python.py:194} INFO - Done. Returned value was: None
[2023-08-25T17:44:28.387+0000] {taskinstance.py:1400} INFO - Marking task as SUCCESS. dag_id=gaas_etl, task_id=etl_user, execution_date=20230825T104500, start_date=20230825T174417, end_date=20230825T174428
[2023-08-25T17:44:28.640+0000] {local_task_job_runner.py:228} INFO - Task exited with return code 0
[2023-08-25T17:44:28.749+0000] {taskinstance.py:2784} INFO - 0 downstream tasks scheduled from follow-on schedule check
