[2023-08-27T15:49:06.799+0000] {taskinstance.py:1159} INFO - Dependencies all met for dep_context=non-requeueable deps ti=<TaskInstance: gaas_etl_1.etl_user scheduled__2023-08-27T15:48:00+00:00 [queued]>
[2023-08-27T15:49:06.840+0000] {taskinstance.py:1159} INFO - Dependencies all met for dep_context=requeueable deps ti=<TaskInstance: gaas_etl_1.etl_user scheduled__2023-08-27T15:48:00+00:00 [queued]>
[2023-08-27T15:49:06.840+0000] {taskinstance.py:1361} INFO - Starting attempt 1 of 1
[2023-08-27T15:49:06.898+0000] {taskinstance.py:1382} INFO - Executing <Task(PythonOperator): etl_user> on 2023-08-27 15:48:00+00:00
[2023-08-27T15:49:06.916+0000] {standard_task_runner.py:57} INFO - Started process 425270 to run task
[2023-08-27T15:49:06.942+0000] {standard_task_runner.py:84} INFO - Running: ['airflow', 'tasks', 'run', 'gaas_etl_1', 'etl_user', 'scheduled__2023-08-27T15:48:00+00:00', '--job-id', '6437', '--raw', '--subdir', 'DAGS_FOLDER/dag_etl.py', '--cfg-path', '/tmp/tmp3tlau3i_']
[2023-08-27T15:49:06.954+0000] {standard_task_runner.py:85} INFO - Job 6437: Subtask etl_user
[2023-08-27T15:49:08.465+0000] {task_command.py:415} INFO - Running <TaskInstance: gaas_etl_1.etl_user scheduled__2023-08-27T15:48:00+00:00 [running]> on host data-system.us-central1-a.c.data-system-392010.internal
[2023-08-27T15:49:09.097+0000] {taskinstance.py:1660} INFO - Exporting env vars: AIRFLOW_CTX_DAG_EMAIL='hungnm15012002@gmail.com' AIRFLOW_CTX_DAG_OWNER='hungnm' AIRFLOW_CTX_DAG_ID='gaas_etl_1' AIRFLOW_CTX_TASK_ID='etl_user' AIRFLOW_CTX_EXECUTION_DATE='2023-08-27T15:48:00+00:00' AIRFLOW_CTX_TRY_NUMBER='1' AIRFLOW_CTX_DAG_RUN_ID='scheduled__2023-08-27T15:48:00+00:00'
[2023-08-27T15:49:09.113+0000] {dag_etl.py:28} INFO - Extracting user...
[2023-08-27T15:49:26.014+0000] {extract.py:36} INFO - Request time: 0:00:16.900675
[2023-08-27T15:49:26.161+0000] {extract.py:42} INFO - Create DataFrame time: 0:00:00.146134
[2023-08-27T15:49:26.164+0000] {dag_etl.py:31} INFO - Complete extract user: 0:00:17.051131
[2023-08-27T15:49:26.165+0000] {dag_etl.py:33} INFO - Extracting resource...
[2023-08-27T15:49:38.925+0000] {extract.py:36} INFO - Request time: 0:00:12.759560
[2023-08-27T15:49:38.925+0000] {extract.py:45} ERROR - Server GAAS error: 503
[2023-08-27T15:49:38.944+0000] {dag_etl.py:36} INFO - Complete extract resource: 0:00:12.779371
[2023-08-27T15:49:38.945+0000] {dag_etl.py:38} INFO - Transforming user...
[2023-08-27T15:49:38.957+0000] {dag_etl.py:107} ERROR - An Error Occur: Can only merge Series or DataFrame objects, a <class 'int'> was passed
[2023-08-27T15:49:38.984+0000] {python.py:194} INFO - Done. Returned value was: None
[2023-08-27T15:49:39.016+0000] {taskinstance.py:1400} INFO - Marking task as SUCCESS. dag_id=gaas_etl_1, task_id=etl_user, execution_date=20230827T154800, start_date=20230827T154906, end_date=20230827T154939
[2023-08-27T15:49:39.106+0000] {local_task_job_runner.py:228} INFO - Task exited with return code 0
[2023-08-27T15:49:39.404+0000] {taskinstance.py:2784} INFO - 0 downstream tasks scheduled from follow-on schedule check
