[2023-08-27T01:46:04.198+0000] {taskinstance.py:1159} INFO - Dependencies all met for dep_context=non-requeueable deps ti=<TaskInstance: gaas_etl_1.etl_user scheduled__2023-08-27T01:45:00+00:00 [queued]>
[2023-08-27T01:46:04.215+0000] {taskinstance.py:1159} INFO - Dependencies all met for dep_context=requeueable deps ti=<TaskInstance: gaas_etl_1.etl_user scheduled__2023-08-27T01:45:00+00:00 [queued]>
[2023-08-27T01:46:04.215+0000] {taskinstance.py:1361} INFO - Starting attempt 1 of 1
[2023-08-27T01:46:04.243+0000] {taskinstance.py:1382} INFO - Executing <Task(PythonOperator): etl_user> on 2023-08-27 01:45:00+00:00
[2023-08-27T01:46:04.253+0000] {standard_task_runner.py:57} INFO - Started process 343084 to run task
[2023-08-27T01:46:04.268+0000] {standard_task_runner.py:84} INFO - Running: ['airflow', 'tasks', 'run', 'gaas_etl_1', 'etl_user', 'scheduled__2023-08-27T01:45:00+00:00', '--job-id', '3907', '--raw', '--subdir', 'DAGS_FOLDER/dag_etl.py', '--cfg-path', '/tmp/tmpilj1i2gw']
[2023-08-27T01:46:04.274+0000] {standard_task_runner.py:85} INFO - Job 3907: Subtask etl_user
[2023-08-27T01:46:04.641+0000] {task_command.py:415} INFO - Running <TaskInstance: gaas_etl_1.etl_user scheduled__2023-08-27T01:45:00+00:00 [running]> on host data-system.us-central1-a.c.data-system-392010.internal
[2023-08-27T01:46:05.042+0000] {taskinstance.py:1660} INFO - Exporting env vars: AIRFLOW_CTX_DAG_EMAIL='hungnm15012002@gmail.com' AIRFLOW_CTX_DAG_OWNER='hungnm' AIRFLOW_CTX_DAG_ID='gaas_etl_1' AIRFLOW_CTX_TASK_ID='etl_user' AIRFLOW_CTX_EXECUTION_DATE='2023-08-27T01:45:00+00:00' AIRFLOW_CTX_TRY_NUMBER='1' AIRFLOW_CTX_DAG_RUN_ID='scheduled__2023-08-27T01:45:00+00:00'
[2023-08-27T01:46:05.069+0000] {dag_etl.py:28} INFO - Extracting user...
[2023-08-27T01:46:08.578+0000] {extract.py:36} INFO - Request time: 0:00:03.508904
[2023-08-27T01:46:08.952+0000] {extract.py:42} INFO - Create DataFrame time: 0:00:00.373446
[2023-08-27T01:46:08.956+0000] {dag_etl.py:31} INFO - Complete extract user: 0:00:03.887143
[2023-08-27T01:46:08.956+0000] {dag_etl.py:33} INFO - Extracting resource...
[2023-08-27T01:46:10.558+0000] {extract.py:36} INFO - Request time: 0:00:01.600925
[2023-08-27T01:46:10.620+0000] {extract.py:42} INFO - Create DataFrame time: 0:00:00.062047
[2023-08-27T01:46:10.624+0000] {dag_etl.py:36} INFO - Complete extract resource: 0:00:01.667823
[2023-08-27T01:46:10.625+0000] {dag_etl.py:38} INFO - Transforming user...
[2023-08-27T01:46:11.062+0000] {dag_etl.py:42} INFO - Complete transform user: 0:00:00.437877
[2023-08-27T01:46:11.062+0000] {dag_etl.py:44} INFO - transform space_ships...
[2023-08-27T01:46:11.314+0000] {dag_etl.py:47} INFO - Complete transform space_ships: 0:00:00.252281
[2023-08-27T01:46:11.317+0000] {dag_etl.py:49} INFO - transform drones...
[2023-08-27T01:46:11.568+0000] {dag_etl.py:52} INFO - Complete transform drones: 0:00:00.253800
[2023-08-27T01:46:11.568+0000] {dag_etl.py:54} INFO - transform pilots...
[2023-08-27T01:46:11.680+0000] {dag_etl.py:57} INFO - Complete transform pilots: 0:00:00.112762
[2023-08-27T01:46:11.681+0000] {dag_etl.py:59} INFO - transform talents...
[2023-08-27T01:46:11.711+0000] {dag_etl.py:62} INFO - Complete transform talents: 0:00:00.030564
[2023-08-27T01:46:11.711+0000] {dag_etl.py:64} INFO - transform expert_items...
[2023-08-27T01:46:11.739+0000] {dag_etl.py:67} INFO - Complete transform expert_items: 0:00:00.027986
[2023-08-27T01:46:11.739+0000] {dag_etl.py:69} INFO - Loading user...
[2023-08-27T01:46:12.670+0000] {dag_etl.py:72} INFO - Complete load user: 0:00:00.931438
[2023-08-27T01:46:12.671+0000] {dag_etl.py:74} INFO - Loading space_ships...
[2023-08-27T01:46:13.681+0000] {dag_etl.py:77} INFO - Complete load space_ships: 0:00:01.010904
[2023-08-27T01:46:13.682+0000] {dag_etl.py:79} INFO - Loading drones...
[2023-08-27T01:46:14.563+0000] {dag_etl.py:82} INFO - Complete load drones: 0:00:00.881362
[2023-08-27T01:46:14.563+0000] {dag_etl.py:84} INFO - Loading pilots...
[2023-08-27T01:46:16.155+0000] {dag_etl.py:87} INFO - Complete load drones: 0:00:01.592203
[2023-08-27T01:46:16.156+0000] {dag_etl.py:89} INFO - Loading talents...
[2023-08-27T01:46:17.101+0000] {dag_etl.py:92} INFO - Complete load drones: 0:00:00.946245
[2023-08-27T01:46:17.102+0000] {dag_etl.py:94} INFO - Loading expert_items...
[2023-08-27T01:46:17.851+0000] {dag_etl.py:97} INFO - Complete load drones: 0:00:00.749895
[2023-08-27T01:46:17.852+0000] {dag_etl.py:99} INFO - Complete ETL Users in : 0:00:12.782896
[2023-08-27T01:46:17.870+0000] {python.py:194} INFO - Done. Returned value was: None
[2023-08-27T01:46:17.888+0000] {taskinstance.py:1400} INFO - Marking task as SUCCESS. dag_id=gaas_etl_1, task_id=etl_user, execution_date=20230827T014500, start_date=20230827T014604, end_date=20230827T014617
[2023-08-27T01:46:17.947+0000] {local_task_job_runner.py:228} INFO - Task exited with return code 0
[2023-08-27T01:46:17.978+0000] {taskinstance.py:2784} INFO - 0 downstream tasks scheduled from follow-on schedule check
