[2023-08-26T20:44:05.150+0000] {taskinstance.py:1159} INFO - Dependencies all met for dep_context=non-requeueable deps ti=<TaskInstance: gaas_etl_1.etl_user scheduled__2023-08-26T20:43:00+00:00 [queued]>
[2023-08-26T20:44:05.173+0000] {taskinstance.py:1159} INFO - Dependencies all met for dep_context=requeueable deps ti=<TaskInstance: gaas_etl_1.etl_user scheduled__2023-08-26T20:43:00+00:00 [queued]>
[2023-08-26T20:44:05.173+0000] {taskinstance.py:1361} INFO - Starting attempt 1 of 1
[2023-08-26T20:44:05.201+0000] {taskinstance.py:1382} INFO - Executing <Task(PythonOperator): etl_user> on 2023-08-26 20:43:00+00:00
[2023-08-26T20:44:05.210+0000] {standard_task_runner.py:57} INFO - Started process 330990 to run task
[2023-08-26T20:44:05.227+0000] {standard_task_runner.py:84} INFO - Running: ['airflow', 'tasks', 'run', 'gaas_etl_1', 'etl_user', 'scheduled__2023-08-26T20:43:00+00:00', '--job-id', '3001', '--raw', '--subdir', 'DAGS_FOLDER/dag_etl.py', '--cfg-path', '/tmp/tmpey3jx776']
[2023-08-26T20:44:05.232+0000] {standard_task_runner.py:85} INFO - Job 3001: Subtask etl_user
[2023-08-26T20:44:05.776+0000] {task_command.py:415} INFO - Running <TaskInstance: gaas_etl_1.etl_user scheduled__2023-08-26T20:43:00+00:00 [running]> on host data-system.us-central1-a.c.data-system-392010.internal
[2023-08-26T20:44:06.114+0000] {taskinstance.py:1660} INFO - Exporting env vars: AIRFLOW_CTX_DAG_EMAIL='hungnm15012002@gmail.com' AIRFLOW_CTX_DAG_OWNER='hungnm' AIRFLOW_CTX_DAG_ID='gaas_etl_1' AIRFLOW_CTX_TASK_ID='etl_user' AIRFLOW_CTX_EXECUTION_DATE='2023-08-26T20:43:00+00:00' AIRFLOW_CTX_TRY_NUMBER='1' AIRFLOW_CTX_DAG_RUN_ID='scheduled__2023-08-26T20:43:00+00:00'
[2023-08-26T20:44:06.137+0000] {dag_etl.py:28} INFO - Extracting user...
[2023-08-26T20:44:17.134+0000] {extract.py:36} INFO - Request time: 0:00:10.996123
[2023-08-26T20:44:17.360+0000] {extract.py:42} INFO - Create DataFrame time: 0:00:00.225785
[2023-08-26T20:44:17.364+0000] {dag_etl.py:31} INFO - Complete extract user: 0:00:11.226909
[2023-08-26T20:44:17.365+0000] {dag_etl.py:33} INFO - Extracting resource...
[2023-08-26T20:44:28.988+0000] {extract.py:36} INFO - Request time: 0:00:11.622618
[2023-08-26T20:44:29.051+0000] {extract.py:42} INFO - Create DataFrame time: 0:00:00.063007
[2023-08-26T20:44:29.054+0000] {dag_etl.py:36} INFO - Complete extract resource: 0:00:11.690007
[2023-08-26T20:44:29.055+0000] {dag_etl.py:38} INFO - Transforming user...
[2023-08-26T20:44:29.282+0000] {dag_etl.py:42} INFO - Complete transform user: 0:00:00.227403
[2023-08-26T20:44:29.282+0000] {dag_etl.py:44} INFO - transform space_ships...
[2023-08-26T20:44:29.446+0000] {dag_etl.py:47} INFO - Complete transform space_ships: 0:00:00.164204
[2023-08-26T20:44:29.447+0000] {dag_etl.py:49} INFO - transform drones...
[2023-08-26T20:44:29.610+0000] {dag_etl.py:52} INFO - Complete transform drones: 0:00:00.164473
[2023-08-26T20:44:29.611+0000] {dag_etl.py:54} INFO - transform pilots...
[2023-08-26T20:44:29.688+0000] {dag_etl.py:57} INFO - Complete transform pilots: 0:00:00.077430
[2023-08-26T20:44:29.688+0000] {dag_etl.py:59} INFO - transform talents...
[2023-08-26T20:44:29.724+0000] {dag_etl.py:62} INFO - Complete transform talents: 0:00:00.036575
[2023-08-26T20:44:29.725+0000] {dag_etl.py:64} INFO - transform expert_items...
[2023-08-26T20:44:29.757+0000] {dag_etl.py:67} INFO - Complete transform expert_items: 0:00:00.032221
[2023-08-26T20:44:29.757+0000] {dag_etl.py:69} INFO - Loading user...
[2023-08-26T20:44:30.908+0000] {dag_etl.py:72} INFO - Complete load user: 0:00:01.151493
[2023-08-26T20:44:30.908+0000] {dag_etl.py:74} INFO - Loading space_ships...
[2023-08-26T20:44:32.711+0000] {dag_etl.py:77} INFO - Complete load space_ships: 0:00:01.802674
[2023-08-26T20:44:32.711+0000] {dag_etl.py:79} INFO - Loading drones...
[2023-08-26T20:44:34.467+0000] {dag_etl.py:82} INFO - Complete load drones: 0:00:01.756688
[2023-08-26T20:44:34.468+0000] {dag_etl.py:84} INFO - Loading pilots...
[2023-08-26T20:44:37.289+0000] {dag_etl.py:87} INFO - Complete load drones: 0:00:02.821070
[2023-08-26T20:44:37.289+0000] {dag_etl.py:89} INFO - Loading talents...
[2023-08-26T20:44:38.937+0000] {dag_etl.py:92} INFO - Complete load drones: 0:00:01.647998
[2023-08-26T20:44:38.937+0000] {dag_etl.py:94} INFO - Loading expert_items...
[2023-08-26T20:44:40.462+0000] {dag_etl.py:97} INFO - Complete load drones: 0:00:01.525507
[2023-08-26T20:44:40.463+0000] {dag_etl.py:99} INFO - Complete ETL Users in : 0:00:34.325255
[2023-08-26T20:44:40.486+0000] {python.py:194} INFO - Done. Returned value was: None
[2023-08-26T20:44:40.505+0000] {taskinstance.py:1400} INFO - Marking task as SUCCESS. dag_id=gaas_etl_1, task_id=etl_user, execution_date=20230826T204300, start_date=20230826T204405, end_date=20230826T204440
[2023-08-26T20:44:40.578+0000] {local_task_job_runner.py:228} INFO - Task exited with return code 0
[2023-08-26T20:44:40.610+0000] {taskinstance.py:2784} INFO - 0 downstream tasks scheduled from follow-on schedule check
