[2023-08-27T14:54:11.164+0000] {taskinstance.py:1159} INFO - Dependencies all met for dep_context=non-requeueable deps ti=<TaskInstance: gaas_etl_1.etl_user scheduled__2023-08-27T14:53:00+00:00 [queued]>
[2023-08-27T14:54:11.188+0000] {taskinstance.py:1159} INFO - Dependencies all met for dep_context=requeueable deps ti=<TaskInstance: gaas_etl_1.etl_user scheduled__2023-08-27T14:53:00+00:00 [queued]>
[2023-08-27T14:54:11.188+0000] {taskinstance.py:1361} INFO - Starting attempt 1 of 1
[2023-08-27T14:54:11.268+0000] {taskinstance.py:1382} INFO - Executing <Task(PythonOperator): etl_user> on 2023-08-27 14:53:00+00:00
[2023-08-27T14:54:11.282+0000] {standard_task_runner.py:57} INFO - Started process 419471 to run task
[2023-08-27T14:54:11.294+0000] {standard_task_runner.py:84} INFO - Running: ['airflow', 'tasks', 'run', 'gaas_etl_1', 'etl_user', 'scheduled__2023-08-27T14:53:00+00:00', '--job-id', '6273', '--raw', '--subdir', 'DAGS_FOLDER/dag_etl.py', '--cfg-path', '/tmp/tmp2ip_m32e']
[2023-08-27T14:54:11.299+0000] {standard_task_runner.py:85} INFO - Job 6273: Subtask etl_user
[2023-08-27T14:54:11.991+0000] {task_command.py:415} INFO - Running <TaskInstance: gaas_etl_1.etl_user scheduled__2023-08-27T14:53:00+00:00 [running]> on host data-system.us-central1-a.c.data-system-392010.internal
[2023-08-27T14:54:12.611+0000] {taskinstance.py:1660} INFO - Exporting env vars: AIRFLOW_CTX_DAG_EMAIL='hungnm15012002@gmail.com' AIRFLOW_CTX_DAG_OWNER='hungnm' AIRFLOW_CTX_DAG_ID='gaas_etl_1' AIRFLOW_CTX_TASK_ID='etl_user' AIRFLOW_CTX_EXECUTION_DATE='2023-08-27T14:53:00+00:00' AIRFLOW_CTX_TRY_NUMBER='1' AIRFLOW_CTX_DAG_RUN_ID='scheduled__2023-08-27T14:53:00+00:00'
[2023-08-27T14:54:12.627+0000] {dag_etl.py:28} INFO - Extracting user...
[2023-08-27T14:54:23.081+0000] {extract.py:36} INFO - Request time: 0:00:10.453608
[2023-08-27T14:54:23.304+0000] {extract.py:42} INFO - Create DataFrame time: 0:00:00.222127
[2023-08-27T14:54:23.307+0000] {dag_etl.py:31} INFO - Complete extract user: 0:00:10.679455
[2023-08-27T14:54:23.308+0000] {dag_etl.py:33} INFO - Extracting resource...
[2023-08-27T14:54:27.850+0000] {extract.py:36} INFO - Request time: 0:00:04.542392
[2023-08-27T14:54:27.891+0000] {extract.py:42} INFO - Create DataFrame time: 0:00:00.040048
[2023-08-27T14:54:27.894+0000] {dag_etl.py:36} INFO - Complete extract resource: 0:00:04.586743
[2023-08-27T14:54:27.895+0000] {dag_etl.py:38} INFO - Transforming user...
[2023-08-27T14:54:28.111+0000] {dag_etl.py:42} INFO - Complete transform user: 0:00:00.217747
[2023-08-27T14:54:28.118+0000] {dag_etl.py:44} INFO - transform space_ships...
[2023-08-27T14:54:28.235+0000] {dag_etl.py:47} INFO - Complete transform space_ships: 0:00:00.123278
[2023-08-27T14:54:28.235+0000] {dag_etl.py:49} INFO - transform drones...
[2023-08-27T14:54:28.358+0000] {dag_etl.py:52} INFO - Complete transform drones: 0:00:00.123796
[2023-08-27T14:54:28.359+0000] {dag_etl.py:54} INFO - transform pilots...
[2023-08-27T14:54:28.413+0000] {dag_etl.py:57} INFO - Complete transform pilots: 0:00:00.054604
[2023-08-27T14:54:28.414+0000] {dag_etl.py:59} INFO - transform talents...
[2023-08-27T14:54:28.440+0000] {dag_etl.py:62} INFO - Complete transform talents: 0:00:00.027190
[2023-08-27T14:54:28.441+0000] {dag_etl.py:64} INFO - transform expert_items...
[2023-08-27T14:54:28.463+0000] {dag_etl.py:67} INFO - Complete transform expert_items: 0:00:00.022603
[2023-08-27T14:54:28.463+0000] {dag_etl.py:69} INFO - Loading user...
[2023-08-27T14:54:29.230+0000] {dag_etl.py:72} INFO - Complete load user: 0:00:00.766792
[2023-08-27T14:54:29.230+0000] {dag_etl.py:74} INFO - Loading space_ships...
[2023-08-27T14:54:30.261+0000] {dag_etl.py:77} INFO - Complete load space_ships: 0:00:01.031025
[2023-08-27T14:54:30.261+0000] {dag_etl.py:79} INFO - Loading drones...
[2023-08-27T14:54:31.474+0000] {dag_etl.py:82} INFO - Complete load drones: 0:00:01.213068
[2023-08-27T14:54:31.474+0000] {dag_etl.py:84} INFO - Loading pilots...
[2023-08-27T14:54:33.408+0000] {dag_etl.py:87} INFO - Complete load drones: 0:00:01.934079
[2023-08-27T14:54:33.408+0000] {dag_etl.py:89} INFO - Loading talents...
[2023-08-27T14:54:34.355+0000] {dag_etl.py:92} INFO - Complete load drones: 0:00:00.947538
[2023-08-27T14:54:34.356+0000] {dag_etl.py:94} INFO - Loading expert_items...
[2023-08-27T14:54:34.839+0000] {dag_etl.py:97} INFO - Complete load drones: 0:00:00.483390
[2023-08-27T14:54:34.839+0000] {dag_etl.py:99} INFO - Complete ETL Users in : 0:00:22.211845
[2023-08-27T14:54:34.854+0000] {python.py:194} INFO - Done. Returned value was: None
[2023-08-27T14:54:34.874+0000] {taskinstance.py:1400} INFO - Marking task as SUCCESS. dag_id=gaas_etl_1, task_id=etl_user, execution_date=20230827T145300, start_date=20230827T145411, end_date=20230827T145434
[2023-08-27T14:54:34.932+0000] {local_task_job_runner.py:228} INFO - Task exited with return code 0
[2023-08-27T14:54:34.961+0000] {taskinstance.py:2784} INFO - 0 downstream tasks scheduled from follow-on schedule check
