[2023-08-27T08:28:05.776+0000] {taskinstance.py:1159} INFO - Dependencies all met for dep_context=non-requeueable deps ti=<TaskInstance: gaas_etl_1.etl_user scheduled__2023-08-27T08:27:00+00:00 [queued]>
[2023-08-27T08:28:05.791+0000] {taskinstance.py:1159} INFO - Dependencies all met for dep_context=requeueable deps ti=<TaskInstance: gaas_etl_1.etl_user scheduled__2023-08-27T08:27:00+00:00 [queued]>
[2023-08-27T08:28:05.791+0000] {taskinstance.py:1361} INFO - Starting attempt 1 of 1
[2023-08-27T08:28:05.832+0000] {taskinstance.py:1382} INFO - Executing <Task(PythonOperator): etl_user> on 2023-08-27 08:27:00+00:00
[2023-08-27T08:28:05.840+0000] {standard_task_runner.py:57} INFO - Started process 377982 to run task
[2023-08-27T08:28:05.856+0000] {standard_task_runner.py:84} INFO - Running: ['airflow', 'tasks', 'run', 'gaas_etl_1', 'etl_user', 'scheduled__2023-08-27T08:27:00+00:00', '--job-id', '5113', '--raw', '--subdir', 'DAGS_FOLDER/dag_etl.py', '--cfg-path', '/tmp/tmp2u8rwiu8']
[2023-08-27T08:28:05.863+0000] {standard_task_runner.py:85} INFO - Job 5113: Subtask etl_user
[2023-08-27T08:28:06.509+0000] {task_command.py:415} INFO - Running <TaskInstance: gaas_etl_1.etl_user scheduled__2023-08-27T08:27:00+00:00 [running]> on host data-system.us-central1-a.c.data-system-392010.internal
[2023-08-27T08:28:06.908+0000] {taskinstance.py:1660} INFO - Exporting env vars: AIRFLOW_CTX_DAG_EMAIL='hungnm15012002@gmail.com' AIRFLOW_CTX_DAG_OWNER='hungnm' AIRFLOW_CTX_DAG_ID='gaas_etl_1' AIRFLOW_CTX_TASK_ID='etl_user' AIRFLOW_CTX_EXECUTION_DATE='2023-08-27T08:27:00+00:00' AIRFLOW_CTX_TRY_NUMBER='1' AIRFLOW_CTX_DAG_RUN_ID='scheduled__2023-08-27T08:27:00+00:00'
[2023-08-27T08:28:06.930+0000] {dag_etl.py:28} INFO - Extracting user...
[2023-08-27T08:28:21.734+0000] {extract.py:36} INFO - Request time: 0:00:14.803321
[2023-08-27T08:28:21.921+0000] {extract.py:42} INFO - Create DataFrame time: 0:00:00.186623
[2023-08-27T08:28:21.925+0000] {dag_etl.py:31} INFO - Complete extract user: 0:00:14.995403
[2023-08-27T08:28:21.926+0000] {dag_etl.py:33} INFO - Extracting resource...
[2023-08-27T08:28:35.058+0000] {extract.py:36} INFO - Request time: 0:00:13.131619
[2023-08-27T08:28:35.103+0000] {extract.py:42} INFO - Create DataFrame time: 0:00:00.043709
[2023-08-27T08:28:35.105+0000] {dag_etl.py:36} INFO - Complete extract resource: 0:00:13.180366
[2023-08-27T08:28:35.107+0000] {dag_etl.py:38} INFO - Transforming user...
[2023-08-27T08:28:35.267+0000] {dag_etl.py:42} INFO - Complete transform user: 0:00:00.162102
[2023-08-27T08:28:35.268+0000] {dag_etl.py:44} INFO - transform space_ships...
[2023-08-27T08:28:35.381+0000] {dag_etl.py:47} INFO - Complete transform space_ships: 0:00:00.113355
[2023-08-27T08:28:35.382+0000] {dag_etl.py:49} INFO - transform drones...
[2023-08-27T08:28:35.460+0000] {dag_etl.py:52} INFO - Complete transform drones: 0:00:00.079302
[2023-08-27T08:28:35.461+0000] {dag_etl.py:54} INFO - transform pilots...
[2023-08-27T08:28:35.525+0000] {dag_etl.py:57} INFO - Complete transform pilots: 0:00:00.064728
[2023-08-27T08:28:35.525+0000] {dag_etl.py:59} INFO - transform talents...
[2023-08-27T08:28:35.553+0000] {dag_etl.py:62} INFO - Complete transform talents: 0:00:00.028524
[2023-08-27T08:28:35.554+0000] {dag_etl.py:64} INFO - transform expert_items...
[2023-08-27T08:28:35.581+0000] {dag_etl.py:67} INFO - Complete transform expert_items: 0:00:00.027525
[2023-08-27T08:28:35.582+0000] {dag_etl.py:69} INFO - Loading user...
[2023-08-27T08:28:36.484+0000] {dag_etl.py:72} INFO - Complete load user: 0:00:00.902809
[2023-08-27T08:28:36.484+0000] {dag_etl.py:74} INFO - Loading space_ships...
[2023-08-27T08:28:37.558+0000] {dag_etl.py:77} INFO - Complete load space_ships: 0:00:01.073782
[2023-08-27T08:28:37.558+0000] {dag_etl.py:79} INFO - Loading drones...
[2023-08-27T08:28:38.408+0000] {dag_etl.py:82} INFO - Complete load drones: 0:00:00.850832
[2023-08-27T08:28:38.409+0000] {dag_etl.py:84} INFO - Loading pilots...
[2023-08-27T08:28:40.321+0000] {dag_etl.py:87} INFO - Complete load drones: 0:00:01.912930
[2023-08-27T08:28:40.322+0000] {dag_etl.py:89} INFO - Loading talents...
[2023-08-27T08:28:41.284+0000] {dag_etl.py:92} INFO - Complete load drones: 0:00:00.962910
[2023-08-27T08:28:41.285+0000] {dag_etl.py:94} INFO - Loading expert_items...
[2023-08-27T08:28:42.071+0000] {dag_etl.py:97} INFO - Complete load drones: 0:00:00.787053
[2023-08-27T08:28:42.072+0000] {dag_etl.py:99} INFO - Complete ETL Users in : 0:00:35.142093
[2023-08-27T08:28:42.086+0000] {python.py:194} INFO - Done. Returned value was: None
[2023-08-27T08:28:42.104+0000] {taskinstance.py:1400} INFO - Marking task as SUCCESS. dag_id=gaas_etl_1, task_id=etl_user, execution_date=20230827T082700, start_date=20230827T082805, end_date=20230827T082842
[2023-08-27T08:28:42.166+0000] {local_task_job_runner.py:228} INFO - Task exited with return code 0
[2023-08-27T08:28:42.196+0000] {taskinstance.py:2784} INFO - 0 downstream tasks scheduled from follow-on schedule check
