[2023-08-27T08:38:04.458+0000] {taskinstance.py:1159} INFO - Dependencies all met for dep_context=non-requeueable deps ti=<TaskInstance: gaas_etl_1.etl_user scheduled__2023-08-27T08:37:00+00:00 [queued]>
[2023-08-27T08:38:04.474+0000] {taskinstance.py:1159} INFO - Dependencies all met for dep_context=requeueable deps ti=<TaskInstance: gaas_etl_1.etl_user scheduled__2023-08-27T08:37:00+00:00 [queued]>
[2023-08-27T08:38:04.474+0000] {taskinstance.py:1361} INFO - Starting attempt 1 of 1
[2023-08-27T08:38:04.509+0000] {taskinstance.py:1382} INFO - Executing <Task(PythonOperator): etl_user> on 2023-08-27 08:37:00+00:00
[2023-08-27T08:38:04.519+0000] {standard_task_runner.py:57} INFO - Started process 378376 to run task
[2023-08-27T08:38:04.533+0000] {standard_task_runner.py:84} INFO - Running: ['airflow', 'tasks', 'run', 'gaas_etl_1', 'etl_user', 'scheduled__2023-08-27T08:37:00+00:00', '--job-id', '5143', '--raw', '--subdir', 'DAGS_FOLDER/dag_etl.py', '--cfg-path', '/tmp/tmpquenbr4j']
[2023-08-27T08:38:04.538+0000] {standard_task_runner.py:85} INFO - Job 5143: Subtask etl_user
[2023-08-27T08:38:05.243+0000] {task_command.py:415} INFO - Running <TaskInstance: gaas_etl_1.etl_user scheduled__2023-08-27T08:37:00+00:00 [running]> on host data-system.us-central1-a.c.data-system-392010.internal
[2023-08-27T08:38:05.646+0000] {taskinstance.py:1660} INFO - Exporting env vars: AIRFLOW_CTX_DAG_EMAIL='hungnm15012002@gmail.com' AIRFLOW_CTX_DAG_OWNER='hungnm' AIRFLOW_CTX_DAG_ID='gaas_etl_1' AIRFLOW_CTX_TASK_ID='etl_user' AIRFLOW_CTX_EXECUTION_DATE='2023-08-27T08:37:00+00:00' AIRFLOW_CTX_TRY_NUMBER='1' AIRFLOW_CTX_DAG_RUN_ID='scheduled__2023-08-27T08:37:00+00:00'
[2023-08-27T08:38:05.668+0000] {dag_etl.py:28} INFO - Extracting user...
[2023-08-27T08:38:12.250+0000] {extract.py:36} INFO - Request time: 0:00:06.581706
[2023-08-27T08:38:13.086+0000] {extract.py:42} INFO - Create DataFrame time: 0:00:00.835152
[2023-08-27T08:38:13.092+0000] {dag_etl.py:31} INFO - Complete extract user: 0:00:07.424482
[2023-08-27T08:38:13.093+0000] {dag_etl.py:33} INFO - Extracting resource...
[2023-08-27T08:38:16.260+0000] {extract.py:36} INFO - Request time: 0:00:03.166804
[2023-08-27T08:38:16.435+0000] {extract.py:42} INFO - Create DataFrame time: 0:00:00.173936
[2023-08-27T08:38:16.438+0000] {dag_etl.py:36} INFO - Complete extract resource: 0:00:03.345630
[2023-08-27T08:38:16.439+0000] {dag_etl.py:38} INFO - Transforming user...
[2023-08-27T08:38:16.780+0000] {dag_etl.py:42} INFO - Complete transform user: 0:00:00.342699
[2023-08-27T08:38:16.781+0000] {dag_etl.py:44} INFO - transform space_ships...
[2023-08-27T08:38:17.030+0000] {dag_etl.py:47} INFO - Complete transform space_ships: 0:00:00.249318
[2023-08-27T08:38:17.030+0000] {dag_etl.py:49} INFO - transform drones...
[2023-08-27T08:38:17.196+0000] {dag_etl.py:52} INFO - Complete transform drones: 0:00:00.166447
[2023-08-27T08:38:17.197+0000] {dag_etl.py:54} INFO - transform pilots...
[2023-08-27T08:38:17.312+0000] {dag_etl.py:57} INFO - Complete transform pilots: 0:00:00.115888
[2023-08-27T08:38:17.313+0000] {dag_etl.py:59} INFO - transform talents...
[2023-08-27T08:38:17.370+0000] {dag_etl.py:62} INFO - Complete transform talents: 0:00:00.057751
[2023-08-27T08:38:17.371+0000] {dag_etl.py:64} INFO - transform expert_items...
[2023-08-27T08:38:17.467+0000] {dag_etl.py:67} INFO - Complete transform expert_items: 0:00:00.097347
[2023-08-27T08:38:17.468+0000] {dag_etl.py:69} INFO - Loading user...
[2023-08-27T08:38:19.326+0000] {dag_etl.py:72} INFO - Complete load user: 0:00:01.858503
[2023-08-27T08:38:19.326+0000] {dag_etl.py:74} INFO - Loading space_ships...
[2023-08-27T08:38:22.210+0000] {dag_etl.py:77} INFO - Complete load space_ships: 0:00:02.884218
[2023-08-27T08:38:22.211+0000] {dag_etl.py:79} INFO - Loading drones...
[2023-08-27T08:38:24.459+0000] {dag_etl.py:82} INFO - Complete load drones: 0:00:02.248923
[2023-08-27T08:38:24.459+0000] {dag_etl.py:84} INFO - Loading pilots...
[2023-08-27T08:38:27.833+0000] {dag_etl.py:87} INFO - Complete load drones: 0:00:03.374246
[2023-08-27T08:38:27.834+0000] {dag_etl.py:89} INFO - Loading talents...
[2023-08-27T08:38:29.865+0000] {dag_etl.py:92} INFO - Complete load drones: 0:00:02.031721
[2023-08-27T08:38:29.865+0000] {dag_etl.py:94} INFO - Loading expert_items...
[2023-08-27T08:38:31.567+0000] {dag_etl.py:97} INFO - Complete load drones: 0:00:01.701806
[2023-08-27T08:38:31.567+0000] {dag_etl.py:99} INFO - Complete ETL Users in : 0:00:25.899640
[2023-08-27T08:38:31.602+0000] {python.py:194} INFO - Done. Returned value was: None
[2023-08-27T08:38:31.620+0000] {taskinstance.py:1400} INFO - Marking task as SUCCESS. dag_id=gaas_etl_1, task_id=etl_user, execution_date=20230827T083700, start_date=20230827T083804, end_date=20230827T083831
[2023-08-27T08:38:31.706+0000] {local_task_job_runner.py:228} INFO - Task exited with return code 0
[2023-08-27T08:38:31.734+0000] {taskinstance.py:2784} INFO - 0 downstream tasks scheduled from follow-on schedule check
