[2023-08-27T20:26:10.806+0000] {taskinstance.py:1159} INFO - Dependencies all met for dep_context=non-requeueable deps ti=<TaskInstance: gaas_etl_1.etl_user scheduled__2023-08-27T20:25:00+00:00 [queued]>
[2023-08-27T20:26:10.822+0000] {taskinstance.py:1159} INFO - Dependencies all met for dep_context=requeueable deps ti=<TaskInstance: gaas_etl_1.etl_user scheduled__2023-08-27T20:25:00+00:00 [queued]>
[2023-08-27T20:26:10.822+0000] {taskinstance.py:1361} INFO - Starting attempt 1 of 1
[2023-08-27T20:26:10.864+0000] {taskinstance.py:1382} INFO - Executing <Task(PythonOperator): etl_user> on 2023-08-27 20:25:00+00:00
[2023-08-27T20:26:10.873+0000] {standard_task_runner.py:57} INFO - Started process 454553 to run task
[2023-08-27T20:26:10.891+0000] {standard_task_runner.py:84} INFO - Running: ['airflow', 'tasks', 'run', 'gaas_etl_1', 'etl_user', 'scheduled__2023-08-27T20:25:00+00:00', '--job-id', '7268', '--raw', '--subdir', 'DAGS_FOLDER/dag_etl.py', '--cfg-path', '/tmp/tmpj8vl_00_']
[2023-08-27T20:26:10.896+0000] {standard_task_runner.py:85} INFO - Job 7268: Subtask etl_user
[2023-08-27T20:26:11.402+0000] {task_command.py:415} INFO - Running <TaskInstance: gaas_etl_1.etl_user scheduled__2023-08-27T20:25:00+00:00 [running]> on host data-system.us-central1-a.c.data-system-392010.internal
[2023-08-27T20:26:12.342+0000] {taskinstance.py:1660} INFO - Exporting env vars: AIRFLOW_CTX_DAG_EMAIL='hungnm15012002@gmail.com' AIRFLOW_CTX_DAG_OWNER='hungnm' AIRFLOW_CTX_DAG_ID='gaas_etl_1' AIRFLOW_CTX_TASK_ID='etl_user' AIRFLOW_CTX_EXECUTION_DATE='2023-08-27T20:25:00+00:00' AIRFLOW_CTX_TRY_NUMBER='1' AIRFLOW_CTX_DAG_RUN_ID='scheduled__2023-08-27T20:25:00+00:00'
[2023-08-27T20:26:12.393+0000] {dag_etl.py:28} INFO - Extracting user...
[2023-08-27T20:26:18.556+0000] {extract.py:36} INFO - Request time: 0:00:06.162870
[2023-08-27T20:26:18.886+0000] {extract.py:42} INFO - Create DataFrame time: 0:00:00.329565
[2023-08-27T20:26:18.890+0000] {dag_etl.py:31} INFO - Complete extract user: 0:00:06.497309
[2023-08-27T20:26:18.890+0000] {dag_etl.py:33} INFO - Extracting resource...
[2023-08-27T20:26:23.056+0000] {extract.py:36} INFO - Request time: 0:00:04.165343
[2023-08-27T20:26:23.172+0000] {extract.py:42} INFO - Create DataFrame time: 0:00:00.115098
[2023-08-27T20:26:23.175+0000] {dag_etl.py:36} INFO - Complete extract resource: 0:00:04.284934
[2023-08-27T20:26:23.176+0000] {dag_etl.py:38} INFO - Transforming user...
[2023-08-27T20:26:23.395+0000] {dag_etl.py:42} INFO - Complete transform user: 0:00:00.220551
[2023-08-27T20:26:23.396+0000] {dag_etl.py:44} INFO - transform space_ships...
[2023-08-27T20:26:23.555+0000] {dag_etl.py:47} INFO - Complete transform space_ships: 0:00:00.159935
[2023-08-27T20:26:23.556+0000] {dag_etl.py:49} INFO - transform drones...
[2023-08-27T20:26:23.655+0000] {dag_etl.py:52} INFO - Complete transform drones: 0:00:00.099281
[2023-08-27T20:26:23.655+0000] {dag_etl.py:54} INFO - transform pilots...
[2023-08-27T20:26:23.721+0000] {dag_etl.py:57} INFO - Complete transform pilots: 0:00:00.066767
[2023-08-27T20:26:23.722+0000] {dag_etl.py:59} INFO - transform talents...
[2023-08-27T20:26:23.759+0000] {dag_etl.py:62} INFO - Complete transform talents: 0:00:00.037852
[2023-08-27T20:26:23.760+0000] {dag_etl.py:64} INFO - transform expert_items...
[2023-08-27T20:26:23.790+0000] {dag_etl.py:67} INFO - Complete transform expert_items: 0:00:00.031252
[2023-08-27T20:26:23.791+0000] {dag_etl.py:69} INFO - Loading user...
[2023-08-27T20:26:24.861+0000] {dag_etl.py:72} INFO - Complete load user: 0:00:01.070701
[2023-08-27T20:26:24.862+0000] {dag_etl.py:74} INFO - Loading space_ships...
[2023-08-27T20:26:27.167+0000] {dag_etl.py:77} INFO - Complete load space_ships: 0:00:02.306297
[2023-08-27T20:26:27.168+0000] {dag_etl.py:79} INFO - Loading drones...
[2023-08-27T20:26:28.738+0000] {dag_etl.py:82} INFO - Complete load drones: 0:00:01.570181
[2023-08-27T20:26:28.738+0000] {dag_etl.py:84} INFO - Loading pilots...
[2023-08-27T20:26:30.768+0000] {dag_etl.py:87} INFO - Complete load drones: 0:00:02.030206
[2023-08-27T20:26:30.768+0000] {dag_etl.py:89} INFO - Loading talents...
[2023-08-27T20:26:32.030+0000] {dag_etl.py:92} INFO - Complete load drones: 0:00:01.262574
[2023-08-27T20:26:32.031+0000] {dag_etl.py:94} INFO - Loading expert_items...
[2023-08-27T20:26:32.896+0000] {dag_etl.py:97} INFO - Complete load drones: 0:00:00.865271
[2023-08-27T20:26:32.896+0000] {dag_etl.py:99} INFO - Complete ETL Users in : 0:00:20.503761
[2023-08-27T20:26:32.935+0000] {python.py:194} INFO - Done. Returned value was: None
[2023-08-27T20:26:32.970+0000] {taskinstance.py:1400} INFO - Marking task as SUCCESS. dag_id=gaas_etl_1, task_id=etl_user, execution_date=20230827T202500, start_date=20230827T202610, end_date=20230827T202632
[2023-08-27T20:26:33.040+0000] {local_task_job_runner.py:228} INFO - Task exited with return code 0
[2023-08-27T20:26:33.066+0000] {taskinstance.py:2784} INFO - 0 downstream tasks scheduled from follow-on schedule check
