[2023-08-27T12:02:06.482+0000] {taskinstance.py:1159} INFO - Dependencies all met for dep_context=non-requeueable deps ti=<TaskInstance: gaas_etl_1.etl_user scheduled__2023-08-27T12:01:00+00:00 [queued]>
[2023-08-27T12:02:06.500+0000] {taskinstance.py:1159} INFO - Dependencies all met for dep_context=requeueable deps ti=<TaskInstance: gaas_etl_1.etl_user scheduled__2023-08-27T12:01:00+00:00 [queued]>
[2023-08-27T12:02:06.500+0000] {taskinstance.py:1361} INFO - Starting attempt 1 of 1
[2023-08-27T12:02:06.529+0000] {taskinstance.py:1382} INFO - Executing <Task(PythonOperator): etl_user> on 2023-08-27 12:01:00+00:00
[2023-08-27T12:02:06.538+0000] {standard_task_runner.py:57} INFO - Started process 401585 to run task
[2023-08-27T12:02:06.553+0000] {standard_task_runner.py:84} INFO - Running: ['airflow', 'tasks', 'run', 'gaas_etl_1', 'etl_user', 'scheduled__2023-08-27T12:01:00+00:00', '--job-id', '5757', '--raw', '--subdir', 'DAGS_FOLDER/dag_etl.py', '--cfg-path', '/tmp/tmpy31si5hb']
[2023-08-27T12:02:06.559+0000] {standard_task_runner.py:85} INFO - Job 5757: Subtask etl_user
[2023-08-27T12:02:07.416+0000] {task_command.py:415} INFO - Running <TaskInstance: gaas_etl_1.etl_user scheduled__2023-08-27T12:01:00+00:00 [running]> on host data-system.us-central1-a.c.data-system-392010.internal
[2023-08-27T12:02:07.850+0000] {taskinstance.py:1660} INFO - Exporting env vars: AIRFLOW_CTX_DAG_EMAIL='hungnm15012002@gmail.com' AIRFLOW_CTX_DAG_OWNER='hungnm' AIRFLOW_CTX_DAG_ID='gaas_etl_1' AIRFLOW_CTX_TASK_ID='etl_user' AIRFLOW_CTX_EXECUTION_DATE='2023-08-27T12:01:00+00:00' AIRFLOW_CTX_TRY_NUMBER='1' AIRFLOW_CTX_DAG_RUN_ID='scheduled__2023-08-27T12:01:00+00:00'
[2023-08-27T12:02:07.866+0000] {dag_etl.py:28} INFO - Extracting user...
[2023-08-27T12:02:18.004+0000] {extract.py:36} INFO - Request time: 0:00:10.137472
[2023-08-27T12:02:18.291+0000] {extract.py:42} INFO - Create DataFrame time: 0:00:00.285981
[2023-08-27T12:02:18.294+0000] {dag_etl.py:31} INFO - Complete extract user: 0:00:10.427690
[2023-08-27T12:02:18.295+0000] {dag_etl.py:33} INFO - Extracting resource...
[2023-08-27T12:02:27.955+0000] {extract.py:36} INFO - Request time: 0:00:09.660347
[2023-08-27T12:02:28.065+0000] {extract.py:42} INFO - Create DataFrame time: 0:00:00.109311
[2023-08-27T12:02:28.075+0000] {dag_etl.py:36} INFO - Complete extract resource: 0:00:09.780859
[2023-08-27T12:02:28.082+0000] {dag_etl.py:38} INFO - Transforming user...
[2023-08-27T12:02:28.268+0000] {dag_etl.py:42} INFO - Complete transform user: 0:00:00.193528
[2023-08-27T12:02:28.269+0000] {dag_etl.py:44} INFO - transform space_ships...
[2023-08-27T12:02:28.376+0000] {dag_etl.py:47} INFO - Complete transform space_ships: 0:00:00.108023
[2023-08-27T12:02:28.377+0000] {dag_etl.py:49} INFO - transform drones...
[2023-08-27T12:02:28.472+0000] {dag_etl.py:52} INFO - Complete transform drones: 0:00:00.095150
[2023-08-27T12:02:28.472+0000] {dag_etl.py:54} INFO - transform pilots...
[2023-08-27T12:02:28.523+0000] {dag_etl.py:57} INFO - Complete transform pilots: 0:00:00.051189
[2023-08-27T12:02:28.523+0000] {dag_etl.py:59} INFO - transform talents...
[2023-08-27T12:02:28.568+0000] {dag_etl.py:62} INFO - Complete transform talents: 0:00:00.044970
[2023-08-27T12:02:28.568+0000] {dag_etl.py:64} INFO - transform expert_items...
[2023-08-27T12:02:28.592+0000] {dag_etl.py:67} INFO - Complete transform expert_items: 0:00:00.024277
[2023-08-27T12:02:28.593+0000] {dag_etl.py:69} INFO - Loading user...
[2023-08-27T12:02:29.339+0000] {dag_etl.py:72} INFO - Complete load user: 0:00:00.747430
[2023-08-27T12:02:29.340+0000] {dag_etl.py:74} INFO - Loading space_ships...
[2023-08-27T12:02:30.392+0000] {dag_etl.py:77} INFO - Complete load space_ships: 0:00:01.052330
[2023-08-27T12:02:30.392+0000] {dag_etl.py:79} INFO - Loading drones...
[2023-08-27T12:02:31.382+0000] {dag_etl.py:82} INFO - Complete load drones: 0:00:00.990112
[2023-08-27T12:02:31.383+0000] {dag_etl.py:84} INFO - Loading pilots...
[2023-08-27T12:02:33.228+0000] {dag_etl.py:87} INFO - Complete load drones: 0:00:01.846162
[2023-08-27T12:02:33.229+0000] {dag_etl.py:89} INFO - Loading talents...
[2023-08-27T12:02:33.997+0000] {dag_etl.py:92} INFO - Complete load drones: 0:00:00.768781
[2023-08-27T12:02:33.997+0000] {dag_etl.py:94} INFO - Loading expert_items...
[2023-08-27T12:02:34.730+0000] {dag_etl.py:97} INFO - Complete load drones: 0:00:00.732889
[2023-08-27T12:02:34.730+0000] {dag_etl.py:99} INFO - Complete ETL Users in : 0:00:26.863823
[2023-08-27T12:02:34.747+0000] {python.py:194} INFO - Done. Returned value was: None
[2023-08-27T12:02:34.774+0000] {taskinstance.py:1400} INFO - Marking task as SUCCESS. dag_id=gaas_etl_1, task_id=etl_user, execution_date=20230827T120100, start_date=20230827T120206, end_date=20230827T120234
[2023-08-27T12:02:34.865+0000] {local_task_job_runner.py:228} INFO - Task exited with return code 0
[2023-08-27T12:02:34.894+0000] {taskinstance.py:2784} INFO - 0 downstream tasks scheduled from follow-on schedule check
