[2023-08-27T10:18:05.647+0000] {taskinstance.py:1159} INFO - Dependencies all met for dep_context=non-requeueable deps ti=<TaskInstance: gaas_etl_1.etl_user scheduled__2023-08-27T10:17:00+00:00 [queued]>
[2023-08-27T10:18:05.662+0000] {taskinstance.py:1159} INFO - Dependencies all met for dep_context=requeueable deps ti=<TaskInstance: gaas_etl_1.etl_user scheduled__2023-08-27T10:17:00+00:00 [queued]>
[2023-08-27T10:18:05.663+0000] {taskinstance.py:1361} INFO - Starting attempt 1 of 1
[2023-08-27T10:18:05.697+0000] {taskinstance.py:1382} INFO - Executing <Task(PythonOperator): etl_user> on 2023-08-27 10:17:00+00:00
[2023-08-27T10:18:05.706+0000] {standard_task_runner.py:57} INFO - Started process 385296 to run task
[2023-08-27T10:18:05.719+0000] {standard_task_runner.py:84} INFO - Running: ['airflow', 'tasks', 'run', 'gaas_etl_1', 'etl_user', 'scheduled__2023-08-27T10:17:00+00:00', '--job-id', '5443', '--raw', '--subdir', 'DAGS_FOLDER/dag_etl.py', '--cfg-path', '/tmp/tmprcki1ddt']
[2023-08-27T10:18:05.725+0000] {standard_task_runner.py:85} INFO - Job 5443: Subtask etl_user
[2023-08-27T10:18:06.458+0000] {task_command.py:415} INFO - Running <TaskInstance: gaas_etl_1.etl_user scheduled__2023-08-27T10:17:00+00:00 [running]> on host data-system.us-central1-a.c.data-system-392010.internal
[2023-08-27T10:18:06.874+0000] {taskinstance.py:1660} INFO - Exporting env vars: AIRFLOW_CTX_DAG_EMAIL='hungnm15012002@gmail.com' AIRFLOW_CTX_DAG_OWNER='hungnm' AIRFLOW_CTX_DAG_ID='gaas_etl_1' AIRFLOW_CTX_TASK_ID='etl_user' AIRFLOW_CTX_EXECUTION_DATE='2023-08-27T10:17:00+00:00' AIRFLOW_CTX_TRY_NUMBER='1' AIRFLOW_CTX_DAG_RUN_ID='scheduled__2023-08-27T10:17:00+00:00'
[2023-08-27T10:18:06.899+0000] {dag_etl.py:28} INFO - Extracting user...
[2023-08-27T10:18:13.087+0000] {extract.py:36} INFO - Request time: 0:00:06.186485
[2023-08-27T10:18:13.508+0000] {extract.py:42} INFO - Create DataFrame time: 0:00:00.420356
[2023-08-27T10:18:13.512+0000] {dag_etl.py:31} INFO - Complete extract user: 0:00:06.612925
[2023-08-27T10:18:13.513+0000] {dag_etl.py:33} INFO - Extracting resource...
[2023-08-27T10:18:15.967+0000] {extract.py:36} INFO - Request time: 0:00:02.453573
[2023-08-27T10:18:16.042+0000] {extract.py:42} INFO - Create DataFrame time: 0:00:00.073764
[2023-08-27T10:18:16.046+0000] {dag_etl.py:36} INFO - Complete extract resource: 0:00:02.534022
[2023-08-27T10:18:16.048+0000] {dag_etl.py:38} INFO - Transforming user...
[2023-08-27T10:18:16.310+0000] {dag_etl.py:42} INFO - Complete transform user: 0:00:00.264382
[2023-08-27T10:18:16.311+0000] {dag_etl.py:44} INFO - transform space_ships...
[2023-08-27T10:18:16.508+0000] {dag_etl.py:47} INFO - Complete transform space_ships: 0:00:00.197918
[2023-08-27T10:18:16.509+0000] {dag_etl.py:49} INFO - transform drones...
[2023-08-27T10:18:16.645+0000] {dag_etl.py:52} INFO - Complete transform drones: 0:00:00.136804
[2023-08-27T10:18:16.646+0000] {dag_etl.py:54} INFO - transform pilots...
[2023-08-27T10:18:16.739+0000] {dag_etl.py:57} INFO - Complete transform pilots: 0:00:00.093767
[2023-08-27T10:18:16.740+0000] {dag_etl.py:59} INFO - transform talents...
[2023-08-27T10:18:16.797+0000] {dag_etl.py:62} INFO - Complete transform talents: 0:00:00.058057
[2023-08-27T10:18:16.799+0000] {dag_etl.py:64} INFO - transform expert_items...
[2023-08-27T10:18:16.892+0000] {dag_etl.py:67} INFO - Complete transform expert_items: 0:00:00.095363
[2023-08-27T10:18:16.893+0000] {dag_etl.py:69} INFO - Loading user...
[2023-08-27T10:18:18.466+0000] {dag_etl.py:72} INFO - Complete load user: 0:00:01.573422
[2023-08-27T10:18:18.466+0000] {dag_etl.py:74} INFO - Loading space_ships...
[2023-08-27T10:18:21.531+0000] {dag_etl.py:77} INFO - Complete load space_ships: 0:00:03.065747
[2023-08-27T10:18:21.532+0000] {dag_etl.py:79} INFO - Loading drones...
[2023-08-27T10:18:25.301+0000] {dag_etl.py:82} INFO - Complete load drones: 0:00:03.769405
[2023-08-27T10:18:25.301+0000] {dag_etl.py:84} INFO - Loading pilots...
[2023-08-27T10:18:31.823+0000] {dag_etl.py:87} INFO - Complete load drones: 0:00:06.522384
[2023-08-27T10:18:31.824+0000] {dag_etl.py:89} INFO - Loading talents...
[2023-08-27T10:18:35.570+0000] {dag_etl.py:92} INFO - Complete load drones: 0:00:03.746917
[2023-08-27T10:18:35.571+0000] {dag_etl.py:94} INFO - Loading expert_items...
[2023-08-27T10:18:38.246+0000] {dag_etl.py:97} INFO - Complete load drones: 0:00:02.675864
[2023-08-27T10:18:38.247+0000] {dag_etl.py:99} INFO - Complete ETL Users in : 0:00:31.348025
[2023-08-27T10:18:38.383+0000] {python.py:194} INFO - Done. Returned value was: None
[2023-08-27T10:18:38.518+0000] {taskinstance.py:1400} INFO - Marking task as SUCCESS. dag_id=gaas_etl_1, task_id=etl_user, execution_date=20230827T101700, start_date=20230827T101805, end_date=20230827T101838
[2023-08-27T10:18:38.687+0000] {local_task_job_runner.py:228} INFO - Task exited with return code 0
[2023-08-27T10:18:38.855+0000] {taskinstance.py:2784} INFO - 0 downstream tasks scheduled from follow-on schedule check
