[2023-08-26T08:31:04.192+0000] {taskinstance.py:1159} INFO - Dependencies all met for dep_context=non-requeueable deps ti=<TaskInstance: gaas_etl_1.etl_user scheduled__2023-08-26T08:30:00+00:00 [queued]>
[2023-08-26T08:31:04.213+0000] {taskinstance.py:1159} INFO - Dependencies all met for dep_context=requeueable deps ti=<TaskInstance: gaas_etl_1.etl_user scheduled__2023-08-26T08:30:00+00:00 [queued]>
[2023-08-26T08:31:04.213+0000] {taskinstance.py:1361} INFO - Starting attempt 1 of 1
[2023-08-26T08:31:04.245+0000] {taskinstance.py:1382} INFO - Executing <Task(PythonOperator): etl_user> on 2023-08-26 08:30:00+00:00
[2023-08-26T08:31:04.255+0000] {standard_task_runner.py:57} INFO - Started process 290406 to run task
[2023-08-26T08:31:04.270+0000] {standard_task_runner.py:84} INFO - Running: ['airflow', 'tasks', 'run', 'gaas_etl_1', 'etl_user', 'scheduled__2023-08-26T08:30:00+00:00', '--job-id', '802', '--raw', '--subdir', 'DAGS_FOLDER/dag_etl.py', '--cfg-path', '/tmp/tmpx3oss5pn']
[2023-08-26T08:31:04.276+0000] {standard_task_runner.py:85} INFO - Job 802: Subtask etl_user
[2023-08-26T08:31:04.445+0000] {task_command.py:415} INFO - Running <TaskInstance: gaas_etl_1.etl_user scheduled__2023-08-26T08:30:00+00:00 [running]> on host data-system.us-central1-a.c.data-system-392010.internal
[2023-08-26T08:31:04.673+0000] {taskinstance.py:1660} INFO - Exporting env vars: AIRFLOW_CTX_DAG_EMAIL='hungnm15012002@gmail.com' AIRFLOW_CTX_DAG_OWNER='hungnm' AIRFLOW_CTX_DAG_ID='gaas_etl_1' AIRFLOW_CTX_TASK_ID='etl_user' AIRFLOW_CTX_EXECUTION_DATE='2023-08-26T08:30:00+00:00' AIRFLOW_CTX_TRY_NUMBER='1' AIRFLOW_CTX_DAG_RUN_ID='scheduled__2023-08-26T08:30:00+00:00'
[2023-08-26T08:31:04.700+0000] {dag_etl.py:28} INFO - Extracting user...
[2023-08-26T08:31:06.204+0000] {extract.py:36} INFO - Request time: 0:00:01.503981
[2023-08-26T08:31:06.242+0000] {extract.py:42} INFO - Create DataFrame time: 0:00:00.037422
[2023-08-26T08:31:06.244+0000] {dag_etl.py:31} INFO - Complete extract user: 0:00:01.544794
[2023-08-26T08:31:06.245+0000] {dag_etl.py:33} INFO - Extracting resource...
[2023-08-26T08:31:07.355+0000] {extract.py:36} INFO - Request time: 0:00:01.110522
[2023-08-26T08:31:07.364+0000] {extract.py:42} INFO - Create DataFrame time: 0:00:00.007738
[2023-08-26T08:31:07.366+0000] {dag_etl.py:36} INFO - Complete extract resource: 0:00:01.121352
[2023-08-26T08:31:07.367+0000] {dag_etl.py:38} INFO - Transforming user...
[2023-08-26T08:31:07.413+0000] {dag_etl.py:42} INFO - Complete transform user: 0:00:00.047027
[2023-08-26T08:31:07.413+0000] {dag_etl.py:44} INFO - transform space_ships...
[2023-08-26T08:31:07.437+0000] {dag_etl.py:47} INFO - Complete transform space_ships: 0:00:00.024004
[2023-08-26T08:31:07.437+0000] {dag_etl.py:49} INFO - transform drones...
[2023-08-26T08:31:07.455+0000] {dag_etl.py:52} INFO - Complete transform drones: 0:00:00.018398
[2023-08-26T08:31:07.456+0000] {dag_etl.py:54} INFO - transform pilots...
[2023-08-26T08:31:07.467+0000] {dag_etl.py:57} INFO - Complete transform pilots: 0:00:00.011392
[2023-08-26T08:31:07.467+0000] {dag_etl.py:59} INFO - transform talents...
[2023-08-26T08:31:07.476+0000] {dag_etl.py:62} INFO - Complete transform talents: 0:00:00.009215
[2023-08-26T08:31:07.476+0000] {dag_etl.py:64} INFO - transform expert_items...
[2023-08-26T08:31:07.483+0000] {dag_etl.py:67} INFO - Complete transform expert_items: 0:00:00.007298
[2023-08-26T08:31:07.483+0000] {dag_etl.py:69} INFO - Loading user...
[2023-08-26T08:31:07.499+0000] {dag_etl.py:72} INFO - Complete load user: 0:00:00.015761
[2023-08-26T08:31:07.499+0000] {dag_etl.py:74} INFO - Loading space_ships...
[2023-08-26T08:31:07.523+0000] {dag_etl.py:77} INFO - Complete load space_ships: 0:00:00.023730
[2023-08-26T08:31:07.523+0000] {dag_etl.py:79} INFO - Loading drones...
[2023-08-26T08:31:07.536+0000] {dag_etl.py:82} INFO - Complete load drones: 0:00:00.013666
[2023-08-26T08:31:07.537+0000] {dag_etl.py:84} INFO - Loading pilots...
[2023-08-26T08:31:07.567+0000] {dag_etl.py:87} INFO - Complete load drones: 0:00:00.031006
[2023-08-26T08:31:07.568+0000] {dag_etl.py:89} INFO - Loading talents...
[2023-08-26T08:31:07.580+0000] {dag_etl.py:92} INFO - Complete load drones: 0:00:00.012996
[2023-08-26T08:31:07.581+0000] {dag_etl.py:94} INFO - Loading expert_items...
[2023-08-26T08:31:07.584+0000] {dag_etl.py:97} INFO - Complete load drones: 0:00:00.003764
[2023-08-26T08:31:07.584+0000] {dag_etl.py:99} INFO - Complete ETL Users in : 0:00:02.884774
[2023-08-26T08:31:07.586+0000] {python.py:194} INFO - Done. Returned value was: None
[2023-08-26T08:31:07.598+0000] {taskinstance.py:1400} INFO - Marking task as SUCCESS. dag_id=gaas_etl_1, task_id=etl_user, execution_date=20230826T083000, start_date=20230826T083104, end_date=20230826T083107
[2023-08-26T08:31:07.652+0000] {local_task_job_runner.py:228} INFO - Task exited with return code 0
[2023-08-26T08:31:07.681+0000] {taskinstance.py:2784} INFO - 0 downstream tasks scheduled from follow-on schedule check
