[2023-08-26T06:39:04.252+0000] {taskinstance.py:1159} INFO - Dependencies all met for dep_context=non-requeueable deps ti=<TaskInstance: gaas_etl_1.etl_user scheduled__2023-08-26T06:38:00+00:00 [queued]>
[2023-08-26T06:39:04.269+0000] {taskinstance.py:1159} INFO - Dependencies all met for dep_context=requeueable deps ti=<TaskInstance: gaas_etl_1.etl_user scheduled__2023-08-26T06:38:00+00:00 [queued]>
[2023-08-26T06:39:04.269+0000] {taskinstance.py:1361} INFO - Starting attempt 1 of 1
[2023-08-26T06:39:04.300+0000] {taskinstance.py:1382} INFO - Executing <Task(PythonOperator): etl_user> on 2023-08-26 06:38:00+00:00
[2023-08-26T06:39:04.309+0000] {standard_task_runner.py:57} INFO - Started process 285148 to run task
[2023-08-26T06:39:04.327+0000] {standard_task_runner.py:84} INFO - Running: ['airflow', 'tasks', 'run', 'gaas_etl_1', 'etl_user', 'scheduled__2023-08-26T06:38:00+00:00', '--job-id', '467', '--raw', '--subdir', 'DAGS_FOLDER/dag_etl.py', '--cfg-path', '/tmp/tmpn8ib99uf']
[2023-08-26T06:39:04.333+0000] {standard_task_runner.py:85} INFO - Job 467: Subtask etl_user
[2023-08-26T06:39:04.475+0000] {task_command.py:415} INFO - Running <TaskInstance: gaas_etl_1.etl_user scheduled__2023-08-26T06:38:00+00:00 [running]> on host data-system.us-central1-a.c.data-system-392010.internal
[2023-08-26T06:39:04.670+0000] {taskinstance.py:1660} INFO - Exporting env vars: AIRFLOW_CTX_DAG_EMAIL='hungnm15012002@gmail.com' AIRFLOW_CTX_DAG_OWNER='hungnm' AIRFLOW_CTX_DAG_ID='gaas_etl_1' AIRFLOW_CTX_TASK_ID='etl_user' AIRFLOW_CTX_EXECUTION_DATE='2023-08-26T06:38:00+00:00' AIRFLOW_CTX_TRY_NUMBER='1' AIRFLOW_CTX_DAG_RUN_ID='scheduled__2023-08-26T06:38:00+00:00'
[2023-08-26T06:39:04.690+0000] {dag_etl.py:28} INFO - Extracting user...
[2023-08-26T06:39:06.219+0000] {extract.py:36} INFO - Request time: 0:00:01.528920
[2023-08-26T06:39:06.245+0000] {extract.py:42} INFO - Create DataFrame time: 0:00:00.025498
[2023-08-26T06:39:06.249+0000] {dag_etl.py:31} INFO - Complete extract user: 0:00:01.558718
[2023-08-26T06:39:06.249+0000] {dag_etl.py:33} INFO - Extracting resource...
[2023-08-26T06:39:07.454+0000] {extract.py:36} INFO - Request time: 0:00:01.205086
[2023-08-26T06:39:07.461+0000] {extract.py:42} INFO - Create DataFrame time: 0:00:00.006370
[2023-08-26T06:39:07.463+0000] {dag_etl.py:36} INFO - Complete extract resource: 0:00:01.214229
[2023-08-26T06:39:07.463+0000] {dag_etl.py:38} INFO - Transforming user...
[2023-08-26T06:39:07.495+0000] {dag_etl.py:42} INFO - Complete transform user: 0:00:00.032337
[2023-08-26T06:39:07.495+0000] {dag_etl.py:44} INFO - transform space_ships...
[2023-08-26T06:39:07.513+0000] {dag_etl.py:47} INFO - Complete transform space_ships: 0:00:00.017504
[2023-08-26T06:39:07.513+0000] {dag_etl.py:49} INFO - transform drones...
[2023-08-26T06:39:07.524+0000] {dag_etl.py:52} INFO - Complete transform drones: 0:00:00.011637
[2023-08-26T06:39:07.525+0000] {dag_etl.py:54} INFO - transform pilots...
[2023-08-26T06:39:07.533+0000] {dag_etl.py:57} INFO - Complete transform pilots: 0:00:00.008398
[2023-08-26T06:39:07.533+0000] {dag_etl.py:59} INFO - transform talents...
[2023-08-26T06:39:07.539+0000] {dag_etl.py:62} INFO - Complete transform talents: 0:00:00.006214
[2023-08-26T06:39:07.539+0000] {dag_etl.py:64} INFO - transform expert_items...
[2023-08-26T06:39:07.545+0000] {dag_etl.py:67} INFO - Complete transform expert_items: 0:00:00.006200
[2023-08-26T06:39:07.545+0000] {dag_etl.py:69} INFO - Loading user...
[2023-08-26T06:39:07.560+0000] {dag_etl.py:72} INFO - Complete load user: 0:00:00.014850
[2023-08-26T06:39:07.560+0000] {dag_etl.py:74} INFO - Loading space_ships...
[2023-08-26T06:39:07.580+0000] {dag_etl.py:77} INFO - Complete load space_ships: 0:00:00.019776
[2023-08-26T06:39:07.580+0000] {dag_etl.py:79} INFO - Loading drones...
[2023-08-26T06:39:07.593+0000] {dag_etl.py:82} INFO - Complete load drones: 0:00:00.013420
[2023-08-26T06:39:07.593+0000] {dag_etl.py:84} INFO - Loading pilots...
[2023-08-26T06:39:07.619+0000] {dag_etl.py:87} INFO - Complete load drones: 0:00:00.026209
[2023-08-26T06:39:07.620+0000] {dag_etl.py:89} INFO - Loading talents...
[2023-08-26T06:39:07.632+0000] {dag_etl.py:92} INFO - Complete load drones: 0:00:00.012171
[2023-08-26T06:39:07.632+0000] {dag_etl.py:94} INFO - Loading expert_items...
[2023-08-26T06:39:07.636+0000] {dag_etl.py:97} INFO - Complete load drones: 0:00:00.004140
[2023-08-26T06:39:07.636+0000] {dag_etl.py:99} INFO - Complete ETL Users in : 0:00:02.946089
[2023-08-26T06:39:07.637+0000] {python.py:194} INFO - Done. Returned value was: None
[2023-08-26T06:39:07.650+0000] {taskinstance.py:1400} INFO - Marking task as SUCCESS. dag_id=gaas_etl_1, task_id=etl_user, execution_date=20230826T063800, start_date=20230826T063904, end_date=20230826T063907
[2023-08-26T06:39:07.702+0000] {local_task_job_runner.py:228} INFO - Task exited with return code 0
[2023-08-26T06:39:07.727+0000] {taskinstance.py:2784} INFO - 0 downstream tasks scheduled from follow-on schedule check
