[2023-08-27T17:42:09.322+0000] {taskinstance.py:1159} INFO - Dependencies all met for dep_context=non-requeueable deps ti=<TaskInstance: gaas_etl_1.etl_user scheduled__2023-08-27T17:41:00+00:00 [queued]>
[2023-08-27T17:42:09.339+0000] {taskinstance.py:1159} INFO - Dependencies all met for dep_context=requeueable deps ti=<TaskInstance: gaas_etl_1.etl_user scheduled__2023-08-27T17:41:00+00:00 [queued]>
[2023-08-27T17:42:09.340+0000] {taskinstance.py:1361} INFO - Starting attempt 1 of 1
[2023-08-27T17:42:09.369+0000] {taskinstance.py:1382} INFO - Executing <Task(PythonOperator): etl_user> on 2023-08-27 17:41:00+00:00
[2023-08-27T17:42:09.380+0000] {standard_task_runner.py:57} INFO - Started process 437308 to run task
[2023-08-27T17:42:09.388+0000] {standard_task_runner.py:84} INFO - Running: ['airflow', 'tasks', 'run', 'gaas_etl_1', 'etl_user', 'scheduled__2023-08-27T17:41:00+00:00', '--job-id', '6776', '--raw', '--subdir', 'DAGS_FOLDER/dag_etl.py', '--cfg-path', '/tmp/tmp8ue3ky2y']
[2023-08-27T17:42:09.394+0000] {standard_task_runner.py:85} INFO - Job 6776: Subtask etl_user
[2023-08-27T17:42:10.393+0000] {task_command.py:415} INFO - Running <TaskInstance: gaas_etl_1.etl_user scheduled__2023-08-27T17:41:00+00:00 [running]> on host data-system.us-central1-a.c.data-system-392010.internal
[2023-08-27T17:42:11.350+0000] {taskinstance.py:1660} INFO - Exporting env vars: AIRFLOW_CTX_DAG_EMAIL='hungnm15012002@gmail.com' AIRFLOW_CTX_DAG_OWNER='hungnm' AIRFLOW_CTX_DAG_ID='gaas_etl_1' AIRFLOW_CTX_TASK_ID='etl_user' AIRFLOW_CTX_EXECUTION_DATE='2023-08-27T17:41:00+00:00' AIRFLOW_CTX_TRY_NUMBER='1' AIRFLOW_CTX_DAG_RUN_ID='scheduled__2023-08-27T17:41:00+00:00'
[2023-08-27T17:42:11.373+0000] {dag_etl.py:28} INFO - Extracting user...
[2023-08-27T17:42:17.856+0000] {extract.py:36} INFO - Request time: 0:00:06.481896
[2023-08-27T17:42:18.222+0000] {extract.py:42} INFO - Create DataFrame time: 0:00:00.364555
[2023-08-27T17:42:18.232+0000] {dag_etl.py:31} INFO - Complete extract user: 0:00:06.859172
[2023-08-27T17:42:18.235+0000] {dag_etl.py:33} INFO - Extracting resource...
[2023-08-27T17:42:24.351+0000] {extract.py:36} INFO - Request time: 0:00:06.113714
[2023-08-27T17:42:24.372+0000] {extract.py:42} INFO - Create DataFrame time: 0:00:00.020645
[2023-08-27T17:42:24.374+0000] {dag_etl.py:36} INFO - Complete extract resource: 0:00:06.141940
[2023-08-27T17:42:24.375+0000] {dag_etl.py:38} INFO - Transforming user...
[2023-08-27T17:42:24.453+0000] {dag_etl.py:42} INFO - Complete transform user: 0:00:00.079060
[2023-08-27T17:42:24.453+0000] {dag_etl.py:44} INFO - transform space_ships...
[2023-08-27T17:42:24.507+0000] {dag_etl.py:47} INFO - Complete transform space_ships: 0:00:00.054474
[2023-08-27T17:42:24.508+0000] {dag_etl.py:49} INFO - transform drones...
[2023-08-27T17:42:24.546+0000] {dag_etl.py:52} INFO - Complete transform drones: 0:00:00.038484
[2023-08-27T17:42:24.546+0000] {dag_etl.py:54} INFO - transform pilots...
[2023-08-27T17:42:24.574+0000] {dag_etl.py:57} INFO - Complete transform pilots: 0:00:00.028100
[2023-08-27T17:42:24.574+0000] {dag_etl.py:59} INFO - transform talents...
[2023-08-27T17:42:24.590+0000] {dag_etl.py:62} INFO - Complete transform talents: 0:00:00.015723
[2023-08-27T17:42:24.590+0000] {dag_etl.py:64} INFO - transform expert_items...
[2023-08-27T17:42:24.606+0000] {dag_etl.py:67} INFO - Complete transform expert_items: 0:00:00.016440
[2023-08-27T17:42:24.606+0000] {dag_etl.py:69} INFO - Loading user...
[2023-08-27T17:42:25.284+0000] {dag_etl.py:72} INFO - Complete load user: 0:00:00.677440
[2023-08-27T17:42:25.284+0000] {dag_etl.py:74} INFO - Loading space_ships...
[2023-08-27T17:42:26.334+0000] {dag_etl.py:77} INFO - Complete load space_ships: 0:00:01.050704
[2023-08-27T17:42:26.336+0000] {dag_etl.py:79} INFO - Loading drones...
[2023-08-27T17:42:27.571+0000] {dag_etl.py:82} INFO - Complete load drones: 0:00:01.236364
[2023-08-27T17:42:27.571+0000] {dag_etl.py:84} INFO - Loading pilots...
[2023-08-27T17:42:28.474+0000] {dag_etl.py:87} INFO - Complete load drones: 0:00:00.903900
[2023-08-27T17:42:28.475+0000] {dag_etl.py:89} INFO - Loading talents...
[2023-08-27T17:42:29.298+0000] {dag_etl.py:92} INFO - Complete load drones: 0:00:00.824027
[2023-08-27T17:42:29.299+0000] {dag_etl.py:94} INFO - Loading expert_items...
[2023-08-27T17:42:29.704+0000] {dag_etl.py:97} INFO - Complete load drones: 0:00:00.405956
[2023-08-27T17:42:29.705+0000] {dag_etl.py:99} INFO - Complete ETL Users in : 0:00:18.332413
[2023-08-27T17:42:29.715+0000] {python.py:194} INFO - Done. Returned value was: None
[2023-08-27T17:42:29.733+0000] {taskinstance.py:1400} INFO - Marking task as SUCCESS. dag_id=gaas_etl_1, task_id=etl_user, execution_date=20230827T174100, start_date=20230827T174209, end_date=20230827T174229
[2023-08-27T17:42:29.791+0000] {local_task_job_runner.py:228} INFO - Task exited with return code 0
[2023-08-27T17:42:29.814+0000] {taskinstance.py:2784} INFO - 0 downstream tasks scheduled from follow-on schedule check
