[2023-08-27T10:25:05.395+0000] {taskinstance.py:1159} INFO - Dependencies all met for dep_context=non-requeueable deps ti=<TaskInstance: gaas_etl_1.etl_user scheduled__2023-08-27T10:24:00+00:00 [queued]>
[2023-08-27T10:25:05.432+0000] {taskinstance.py:1159} INFO - Dependencies all met for dep_context=requeueable deps ti=<TaskInstance: gaas_etl_1.etl_user scheduled__2023-08-27T10:24:00+00:00 [queued]>
[2023-08-27T10:25:05.433+0000] {taskinstance.py:1361} INFO - Starting attempt 1 of 1
[2023-08-27T10:25:05.499+0000] {taskinstance.py:1382} INFO - Executing <Task(PythonOperator): etl_user> on 2023-08-27 10:24:00+00:00
[2023-08-27T10:25:05.513+0000] {standard_task_runner.py:57} INFO - Started process 386835 to run task
[2023-08-27T10:25:05.547+0000] {standard_task_runner.py:84} INFO - Running: ['airflow', 'tasks', 'run', 'gaas_etl_1', 'etl_user', 'scheduled__2023-08-27T10:24:00+00:00', '--job-id', '5464', '--raw', '--subdir', 'DAGS_FOLDER/dag_etl.py', '--cfg-path', '/tmp/tmpmd1tyjo4']
[2023-08-27T10:25:05.553+0000] {standard_task_runner.py:85} INFO - Job 5464: Subtask etl_user
[2023-08-27T10:25:06.543+0000] {task_command.py:415} INFO - Running <TaskInstance: gaas_etl_1.etl_user scheduled__2023-08-27T10:24:00+00:00 [running]> on host data-system.us-central1-a.c.data-system-392010.internal
[2023-08-27T10:25:07.208+0000] {taskinstance.py:1660} INFO - Exporting env vars: AIRFLOW_CTX_DAG_EMAIL='hungnm15012002@gmail.com' AIRFLOW_CTX_DAG_OWNER='hungnm' AIRFLOW_CTX_DAG_ID='gaas_etl_1' AIRFLOW_CTX_TASK_ID='etl_user' AIRFLOW_CTX_EXECUTION_DATE='2023-08-27T10:24:00+00:00' AIRFLOW_CTX_TRY_NUMBER='1' AIRFLOW_CTX_DAG_RUN_ID='scheduled__2023-08-27T10:24:00+00:00'
[2023-08-27T10:25:07.251+0000] {dag_etl.py:28} INFO - Extracting user...
[2023-08-27T10:25:22.985+0000] {extract.py:36} INFO - Request time: 0:00:15.732176
[2023-08-27T10:25:23.798+0000] {extract.py:42} INFO - Create DataFrame time: 0:00:00.812483
[2023-08-27T10:25:23.806+0000] {dag_etl.py:31} INFO - Complete extract user: 0:00:16.554720
[2023-08-27T10:25:23.808+0000] {dag_etl.py:33} INFO - Extracting resource...
[2023-08-27T10:25:30.359+0000] {extract.py:36} INFO - Request time: 0:00:06.550389
[2023-08-27T10:25:30.627+0000] {extract.py:42} INFO - Create DataFrame time: 0:00:00.267132
[2023-08-27T10:25:30.631+0000] {dag_etl.py:36} INFO - Complete extract resource: 0:00:06.824681
[2023-08-27T10:25:30.635+0000] {dag_etl.py:38} INFO - Transforming user...
[2023-08-27T10:25:31.132+0000] {dag_etl.py:42} INFO - Complete transform user: 0:00:00.501193
[2023-08-27T10:25:31.132+0000] {dag_etl.py:44} INFO - transform space_ships...
[2023-08-27T10:25:31.347+0000] {dag_etl.py:47} INFO - Complete transform space_ships: 0:00:00.214866
[2023-08-27T10:25:31.347+0000] {dag_etl.py:49} INFO - transform drones...
[2023-08-27T10:25:31.545+0000] {dag_etl.py:52} INFO - Complete transform drones: 0:00:00.198328
[2023-08-27T10:25:31.546+0000] {dag_etl.py:54} INFO - transform pilots...
[2023-08-27T10:25:31.719+0000] {dag_etl.py:57} INFO - Complete transform pilots: 0:00:00.174262
[2023-08-27T10:25:31.720+0000] {dag_etl.py:59} INFO - transform talents...
[2023-08-27T10:25:31.861+0000] {dag_etl.py:62} INFO - Complete transform talents: 0:00:00.141610
[2023-08-27T10:25:31.863+0000] {dag_etl.py:64} INFO - transform expert_items...
[2023-08-27T10:25:31.934+0000] {dag_etl.py:67} INFO - Complete transform expert_items: 0:00:00.072985
[2023-08-27T10:25:31.935+0000] {dag_etl.py:69} INFO - Loading user...
[2023-08-27T10:25:33.944+0000] {dag_etl.py:72} INFO - Complete load user: 0:00:02.010296
[2023-08-27T10:25:33.945+0000] {dag_etl.py:74} INFO - Loading space_ships...
[2023-08-27T10:25:36.407+0000] {dag_etl.py:77} INFO - Complete load space_ships: 0:00:02.462760
[2023-08-27T10:25:36.407+0000] {dag_etl.py:79} INFO - Loading drones...
[2023-08-27T10:25:38.305+0000] {dag_etl.py:82} INFO - Complete load drones: 0:00:01.897972
[2023-08-27T10:25:38.305+0000] {dag_etl.py:84} INFO - Loading pilots...
[2023-08-27T10:25:41.362+0000] {dag_etl.py:87} INFO - Complete load drones: 0:00:03.057148
[2023-08-27T10:25:41.363+0000] {dag_etl.py:89} INFO - Loading talents...
[2023-08-27T10:25:43.108+0000] {dag_etl.py:92} INFO - Complete load drones: 0:00:01.746085
[2023-08-27T10:25:43.109+0000] {dag_etl.py:94} INFO - Loading expert_items...
[2023-08-27T10:25:44.392+0000] {dag_etl.py:97} INFO - Complete load drones: 0:00:01.283964
[2023-08-27T10:25:44.393+0000] {dag_etl.py:99} INFO - Complete ETL Users in : 0:00:37.141512
[2023-08-27T10:25:44.455+0000] {python.py:194} INFO - Done. Returned value was: None
[2023-08-27T10:25:44.500+0000] {taskinstance.py:1400} INFO - Marking task as SUCCESS. dag_id=gaas_etl_1, task_id=etl_user, execution_date=20230827T102400, start_date=20230827T102505, end_date=20230827T102544
[2023-08-27T10:25:44.650+0000] {local_task_job_runner.py:228} INFO - Task exited with return code 0
[2023-08-27T10:25:44.726+0000] {taskinstance.py:2784} INFO - 0 downstream tasks scheduled from follow-on schedule check
