[2023-08-26T18:18:04.905+0000] {taskinstance.py:1159} INFO - Dependencies all met for dep_context=non-requeueable deps ti=<TaskInstance: gaas_etl_1.etl_user scheduled__2023-08-26T18:17:00+00:00 [queued]>
[2023-08-26T18:18:04.923+0000] {taskinstance.py:1159} INFO - Dependencies all met for dep_context=requeueable deps ti=<TaskInstance: gaas_etl_1.etl_user scheduled__2023-08-26T18:17:00+00:00 [queued]>
[2023-08-26T18:18:04.923+0000] {taskinstance.py:1361} INFO - Starting attempt 1 of 1
[2023-08-26T18:18:04.954+0000] {taskinstance.py:1382} INFO - Executing <Task(PythonOperator): etl_user> on 2023-08-26 18:17:00+00:00
[2023-08-26T18:18:04.974+0000] {standard_task_runner.py:57} INFO - Started process 325256 to run task
[2023-08-26T18:18:04.992+0000] {standard_task_runner.py:84} INFO - Running: ['airflow', 'tasks', 'run', 'gaas_etl_1', 'etl_user', 'scheduled__2023-08-26T18:17:00+00:00', '--job-id', '2563', '--raw', '--subdir', 'DAGS_FOLDER/dag_etl.py', '--cfg-path', '/tmp/tmpcsk_6xfd']
[2023-08-26T18:18:04.998+0000] {standard_task_runner.py:85} INFO - Job 2563: Subtask etl_user
[2023-08-26T18:18:05.431+0000] {task_command.py:415} INFO - Running <TaskInstance: gaas_etl_1.etl_user scheduled__2023-08-26T18:17:00+00:00 [running]> on host data-system.us-central1-a.c.data-system-392010.internal
[2023-08-26T18:18:05.776+0000] {taskinstance.py:1660} INFO - Exporting env vars: AIRFLOW_CTX_DAG_EMAIL='hungnm15012002@gmail.com' AIRFLOW_CTX_DAG_OWNER='hungnm' AIRFLOW_CTX_DAG_ID='gaas_etl_1' AIRFLOW_CTX_TASK_ID='etl_user' AIRFLOW_CTX_EXECUTION_DATE='2023-08-26T18:17:00+00:00' AIRFLOW_CTX_TRY_NUMBER='1' AIRFLOW_CTX_DAG_RUN_ID='scheduled__2023-08-26T18:17:00+00:00'
[2023-08-26T18:18:05.804+0000] {dag_etl.py:28} INFO - Extracting user...
[2023-08-26T18:18:10.635+0000] {extract.py:36} INFO - Request time: 0:00:04.829898
[2023-08-26T18:18:11.033+0000] {extract.py:42} INFO - Create DataFrame time: 0:00:00.397984
[2023-08-26T18:18:11.036+0000] {dag_etl.py:31} INFO - Complete extract user: 0:00:05.231953
[2023-08-26T18:18:11.037+0000] {dag_etl.py:33} INFO - Extracting resource...
[2023-08-26T18:18:15.363+0000] {extract.py:36} INFO - Request time: 0:00:04.326152
[2023-08-26T18:18:15.424+0000] {extract.py:42} INFO - Create DataFrame time: 0:00:00.060558
[2023-08-26T18:18:15.427+0000] {dag_etl.py:36} INFO - Complete extract resource: 0:00:04.391230
[2023-08-26T18:18:15.429+0000] {dag_etl.py:38} INFO - Transforming user...
[2023-08-26T18:18:15.633+0000] {dag_etl.py:42} INFO - Complete transform user: 0:00:00.205887
[2023-08-26T18:18:15.634+0000] {dag_etl.py:44} INFO - transform space_ships...
[2023-08-26T18:18:15.813+0000] {dag_etl.py:47} INFO - Complete transform space_ships: 0:00:00.179812
[2023-08-26T18:18:15.821+0000] {dag_etl.py:49} INFO - transform drones...
[2023-08-26T18:18:15.957+0000] {dag_etl.py:52} INFO - Complete transform drones: 0:00:00.143747
[2023-08-26T18:18:15.957+0000] {dag_etl.py:54} INFO - transform pilots...
[2023-08-26T18:18:16.026+0000] {dag_etl.py:57} INFO - Complete transform pilots: 0:00:00.069283
[2023-08-26T18:18:16.027+0000] {dag_etl.py:59} INFO - transform talents...
[2023-08-26T18:18:16.058+0000] {dag_etl.py:62} INFO - Complete transform talents: 0:00:00.032042
[2023-08-26T18:18:16.059+0000] {dag_etl.py:64} INFO - transform expert_items...
[2023-08-26T18:18:16.087+0000] {dag_etl.py:67} INFO - Complete transform expert_items: 0:00:00.028911
[2023-08-26T18:18:16.088+0000] {dag_etl.py:69} INFO - Loading user...
[2023-08-26T18:18:17.138+0000] {dag_etl.py:72} INFO - Complete load user: 0:00:01.050517
[2023-08-26T18:18:17.138+0000] {dag_etl.py:74} INFO - Loading space_ships...
[2023-08-26T18:18:18.649+0000] {dag_etl.py:77} INFO - Complete load space_ships: 0:00:01.511686
[2023-08-26T18:18:18.650+0000] {dag_etl.py:79} INFO - Loading drones...
[2023-08-26T18:18:20.362+0000] {dag_etl.py:82} INFO - Complete load drones: 0:00:01.713002
[2023-08-26T18:18:20.363+0000] {dag_etl.py:84} INFO - Loading pilots...
[2023-08-26T18:18:22.616+0000] {dag_etl.py:87} INFO - Complete load drones: 0:00:02.253724
[2023-08-26T18:18:22.617+0000] {dag_etl.py:89} INFO - Loading talents...
[2023-08-26T18:18:23.850+0000] {dag_etl.py:92} INFO - Complete load drones: 0:00:01.233625
[2023-08-26T18:18:23.850+0000] {dag_etl.py:94} INFO - Loading expert_items...
[2023-08-26T18:18:24.605+0000] {dag_etl.py:97} INFO - Complete load drones: 0:00:00.755041
[2023-08-26T18:18:24.605+0000] {dag_etl.py:99} INFO - Complete ETL Users in : 0:00:18.800942
[2023-08-26T18:18:24.622+0000] {python.py:194} INFO - Done. Returned value was: None
[2023-08-26T18:18:24.647+0000] {taskinstance.py:1400} INFO - Marking task as SUCCESS. dag_id=gaas_etl_1, task_id=etl_user, execution_date=20230826T181700, start_date=20230826T181804, end_date=20230826T181824
[2023-08-26T18:18:24.708+0000] {local_task_job_runner.py:228} INFO - Task exited with return code 0
[2023-08-26T18:18:24.736+0000] {taskinstance.py:2784} INFO - 0 downstream tasks scheduled from follow-on schedule check
