[2023-08-27T19:33:06.937+0000] {taskinstance.py:1159} INFO - Dependencies all met for dep_context=non-requeueable deps ti=<TaskInstance: gaas_etl_1.etl_user scheduled__2023-08-27T19:32:00+00:00 [queued]>
[2023-08-27T19:33:06.963+0000] {taskinstance.py:1159} INFO - Dependencies all met for dep_context=requeueable deps ti=<TaskInstance: gaas_etl_1.etl_user scheduled__2023-08-27T19:32:00+00:00 [queued]>
[2023-08-27T19:33:06.964+0000] {taskinstance.py:1361} INFO - Starting attempt 1 of 1
[2023-08-27T19:33:07.002+0000] {taskinstance.py:1382} INFO - Executing <Task(PythonOperator): etl_user> on 2023-08-27 19:32:00+00:00
[2023-08-27T19:33:07.013+0000] {standard_task_runner.py:57} INFO - Started process 448956 to run task
[2023-08-27T19:33:07.039+0000] {standard_task_runner.py:84} INFO - Running: ['airflow', 'tasks', 'run', 'gaas_etl_1', 'etl_user', 'scheduled__2023-08-27T19:32:00+00:00', '--job-id', '7109', '--raw', '--subdir', 'DAGS_FOLDER/dag_etl.py', '--cfg-path', '/tmp/tmp32xa4tr2']
[2023-08-27T19:33:07.045+0000] {standard_task_runner.py:85} INFO - Job 7109: Subtask etl_user
[2023-08-27T19:33:07.703+0000] {task_command.py:415} INFO - Running <TaskInstance: gaas_etl_1.etl_user scheduled__2023-08-27T19:32:00+00:00 [running]> on host data-system.us-central1-a.c.data-system-392010.internal
[2023-08-27T19:33:08.513+0000] {taskinstance.py:1660} INFO - Exporting env vars: AIRFLOW_CTX_DAG_EMAIL='hungnm15012002@gmail.com' AIRFLOW_CTX_DAG_OWNER='hungnm' AIRFLOW_CTX_DAG_ID='gaas_etl_1' AIRFLOW_CTX_TASK_ID='etl_user' AIRFLOW_CTX_EXECUTION_DATE='2023-08-27T19:32:00+00:00' AIRFLOW_CTX_TRY_NUMBER='1' AIRFLOW_CTX_DAG_RUN_ID='scheduled__2023-08-27T19:32:00+00:00'
[2023-08-27T19:33:08.538+0000] {dag_etl.py:28} INFO - Extracting user...
[2023-08-27T19:33:09.049+0000] {extract.py:36} INFO - Request time: 0:00:00.510819
[2023-08-27T19:33:09.055+0000] {extract.py:42} INFO - Create DataFrame time: 0:00:00.005287
[2023-08-27T19:33:09.057+0000] {dag_etl.py:31} INFO - Complete extract user: 0:00:00.518940
[2023-08-27T19:33:09.057+0000] {dag_etl.py:33} INFO - Extracting resource...
[2023-08-27T19:33:09.643+0000] {extract.py:36} INFO - Request time: 0:00:00.585284
[2023-08-27T19:33:09.644+0000] {extract.py:42} INFO - Create DataFrame time: 0:00:00.001025
[2023-08-27T19:33:09.646+0000] {dag_etl.py:36} INFO - Complete extract resource: 0:00:00.589163
[2023-08-27T19:33:09.646+0000] {dag_etl.py:38} INFO - Transforming user...
[2023-08-27T19:33:09.654+0000] {dag_etl.py:107} ERROR - An Error Occur: 'user_id'
[2023-08-27T19:33:09.654+0000] {python.py:194} INFO - Done. Returned value was: None
[2023-08-27T19:33:09.667+0000] {taskinstance.py:1400} INFO - Marking task as SUCCESS. dag_id=gaas_etl_1, task_id=etl_user, execution_date=20230827T193200, start_date=20230827T193306, end_date=20230827T193309
[2023-08-27T19:33:09.705+0000] {local_task_job_runner.py:228} INFO - Task exited with return code 0
[2023-08-27T19:33:09.729+0000] {taskinstance.py:2784} INFO - 0 downstream tasks scheduled from follow-on schedule check
