[2023-08-27T11:46:08.109+0000] {taskinstance.py:1159} INFO - Dependencies all met for dep_context=non-requeueable deps ti=<TaskInstance: gaas_etl_1.etl_user scheduled__2023-08-27T11:45:00+00:00 [queued]>
[2023-08-27T11:46:08.124+0000] {taskinstance.py:1159} INFO - Dependencies all met for dep_context=requeueable deps ti=<TaskInstance: gaas_etl_1.etl_user scheduled__2023-08-27T11:45:00+00:00 [queued]>
[2023-08-27T11:46:08.125+0000] {taskinstance.py:1361} INFO - Starting attempt 1 of 1
[2023-08-27T11:46:08.160+0000] {taskinstance.py:1382} INFO - Executing <Task(PythonOperator): etl_user> on 2023-08-27 11:45:00+00:00
[2023-08-27T11:46:08.172+0000] {standard_task_runner.py:57} INFO - Started process 399959 to run task
[2023-08-27T11:46:08.188+0000] {standard_task_runner.py:84} INFO - Running: ['airflow', 'tasks', 'run', 'gaas_etl_1', 'etl_user', 'scheduled__2023-08-27T11:45:00+00:00', '--job-id', '5709', '--raw', '--subdir', 'DAGS_FOLDER/dag_etl.py', '--cfg-path', '/tmp/tmpb1y1f63g']
[2023-08-27T11:46:08.194+0000] {standard_task_runner.py:85} INFO - Job 5709: Subtask etl_user
[2023-08-27T11:46:08.990+0000] {task_command.py:415} INFO - Running <TaskInstance: gaas_etl_1.etl_user scheduled__2023-08-27T11:45:00+00:00 [running]> on host data-system.us-central1-a.c.data-system-392010.internal
[2023-08-27T11:46:09.547+0000] {taskinstance.py:1660} INFO - Exporting env vars: AIRFLOW_CTX_DAG_EMAIL='hungnm15012002@gmail.com' AIRFLOW_CTX_DAG_OWNER='hungnm' AIRFLOW_CTX_DAG_ID='gaas_etl_1' AIRFLOW_CTX_TASK_ID='etl_user' AIRFLOW_CTX_EXECUTION_DATE='2023-08-27T11:45:00+00:00' AIRFLOW_CTX_TRY_NUMBER='1' AIRFLOW_CTX_DAG_RUN_ID='scheduled__2023-08-27T11:45:00+00:00'
[2023-08-27T11:46:09.579+0000] {dag_etl.py:28} INFO - Extracting user...
[2023-08-27T11:46:19.359+0000] {extract.py:36} INFO - Request time: 0:00:09.779513
[2023-08-27T11:46:19.991+0000] {extract.py:42} INFO - Create DataFrame time: 0:00:00.631284
[2023-08-27T11:46:19.995+0000] {dag_etl.py:31} INFO - Complete extract user: 0:00:10.416909
[2023-08-27T11:46:19.996+0000] {dag_etl.py:33} INFO - Extracting resource...
[2023-08-27T11:46:29.367+0000] {extract.py:36} INFO - Request time: 0:00:09.371265
[2023-08-27T11:46:29.485+0000] {extract.py:42} INFO - Create DataFrame time: 0:00:00.117019
[2023-08-27T11:46:29.488+0000] {dag_etl.py:36} INFO - Complete extract resource: 0:00:09.493024
[2023-08-27T11:46:29.490+0000] {dag_etl.py:38} INFO - Transforming user...
[2023-08-27T11:46:29.777+0000] {dag_etl.py:42} INFO - Complete transform user: 0:00:00.288450
[2023-08-27T11:46:29.777+0000] {dag_etl.py:44} INFO - transform space_ships...
[2023-08-27T11:46:29.958+0000] {dag_etl.py:47} INFO - Complete transform space_ships: 0:00:00.181693
[2023-08-27T11:46:29.959+0000] {dag_etl.py:49} INFO - transform drones...
[2023-08-27T11:46:30.100+0000] {dag_etl.py:52} INFO - Complete transform drones: 0:00:00.141964
[2023-08-27T11:46:30.101+0000] {dag_etl.py:54} INFO - transform pilots...
[2023-08-27T11:46:30.188+0000] {dag_etl.py:57} INFO - Complete transform pilots: 0:00:00.087916
[2023-08-27T11:46:30.189+0000] {dag_etl.py:59} INFO - transform talents...
[2023-08-27T11:46:30.233+0000] {dag_etl.py:62} INFO - Complete transform talents: 0:00:00.044698
[2023-08-27T11:46:30.234+0000] {dag_etl.py:64} INFO - transform expert_items...
[2023-08-27T11:46:30.273+0000] {dag_etl.py:67} INFO - Complete transform expert_items: 0:00:00.039591
[2023-08-27T11:46:30.273+0000] {dag_etl.py:69} INFO - Loading user...
[2023-08-27T11:46:31.748+0000] {dag_etl.py:72} INFO - Complete load user: 0:00:01.475708
[2023-08-27T11:46:31.749+0000] {dag_etl.py:74} INFO - Loading space_ships...
[2023-08-27T11:46:34.011+0000] {dag_etl.py:77} INFO - Complete load space_ships: 0:00:02.263115
[2023-08-27T11:46:34.012+0000] {dag_etl.py:79} INFO - Loading drones...
[2023-08-27T11:46:35.588+0000] {dag_etl.py:82} INFO - Complete load drones: 0:00:01.576064
[2023-08-27T11:46:35.588+0000] {dag_etl.py:84} INFO - Loading pilots...
[2023-08-27T11:46:38.155+0000] {dag_etl.py:87} INFO - Complete load drones: 0:00:02.567335
[2023-08-27T11:46:38.155+0000] {dag_etl.py:89} INFO - Loading talents...
[2023-08-27T11:46:39.855+0000] {dag_etl.py:92} INFO - Complete load drones: 0:00:01.700592
[2023-08-27T11:46:39.856+0000] {dag_etl.py:94} INFO - Loading expert_items...
[2023-08-27T11:46:40.941+0000] {dag_etl.py:97} INFO - Complete load drones: 0:00:01.085782
[2023-08-27T11:46:40.942+0000] {dag_etl.py:99} INFO - Complete ETL Users in : 0:00:31.363437
[2023-08-27T11:46:40.974+0000] {python.py:194} INFO - Done. Returned value was: None
[2023-08-27T11:46:40.992+0000] {taskinstance.py:1400} INFO - Marking task as SUCCESS. dag_id=gaas_etl_1, task_id=etl_user, execution_date=20230827T114500, start_date=20230827T114608, end_date=20230827T114640
[2023-08-27T11:46:41.062+0000] {local_task_job_runner.py:228} INFO - Task exited with return code 0
[2023-08-27T11:46:41.091+0000] {taskinstance.py:2784} INFO - 0 downstream tasks scheduled from follow-on schedule check
