[2023-08-26T08:50:04.284+0000] {taskinstance.py:1159} INFO - Dependencies all met for dep_context=non-requeueable deps ti=<TaskInstance: gaas_etl_1.etl_user scheduled__2023-08-26T08:49:00+00:00 [queued]>
[2023-08-26T08:50:04.313+0000] {taskinstance.py:1159} INFO - Dependencies all met for dep_context=requeueable deps ti=<TaskInstance: gaas_etl_1.etl_user scheduled__2023-08-26T08:49:00+00:00 [queued]>
[2023-08-26T08:50:04.314+0000] {taskinstance.py:1361} INFO - Starting attempt 1 of 1
[2023-08-26T08:50:04.354+0000] {taskinstance.py:1382} INFO - Executing <Task(PythonOperator): etl_user> on 2023-08-26 08:49:00+00:00
[2023-08-26T08:50:04.369+0000] {standard_task_runner.py:57} INFO - Started process 291347 to run task
[2023-08-26T08:50:04.390+0000] {standard_task_runner.py:84} INFO - Running: ['airflow', 'tasks', 'run', 'gaas_etl_1', 'etl_user', 'scheduled__2023-08-26T08:49:00+00:00', '--job-id', '860', '--raw', '--subdir', 'DAGS_FOLDER/dag_etl.py', '--cfg-path', '/tmp/tmpfk_yimj5']
[2023-08-26T08:50:04.397+0000] {standard_task_runner.py:85} INFO - Job 860: Subtask etl_user
[2023-08-26T08:50:04.551+0000] {task_command.py:415} INFO - Running <TaskInstance: gaas_etl_1.etl_user scheduled__2023-08-26T08:49:00+00:00 [running]> on host data-system.us-central1-a.c.data-system-392010.internal
[2023-08-26T08:50:04.795+0000] {taskinstance.py:1660} INFO - Exporting env vars: AIRFLOW_CTX_DAG_EMAIL='hungnm15012002@gmail.com' AIRFLOW_CTX_DAG_OWNER='hungnm' AIRFLOW_CTX_DAG_ID='gaas_etl_1' AIRFLOW_CTX_TASK_ID='etl_user' AIRFLOW_CTX_EXECUTION_DATE='2023-08-26T08:49:00+00:00' AIRFLOW_CTX_TRY_NUMBER='1' AIRFLOW_CTX_DAG_RUN_ID='scheduled__2023-08-26T08:49:00+00:00'
[2023-08-26T08:50:04.824+0000] {dag_etl.py:28} INFO - Extracting user...
[2023-08-26T08:50:06.083+0000] {extract.py:36} INFO - Request time: 0:00:01.257976
[2023-08-26T08:50:06.108+0000] {extract.py:42} INFO - Create DataFrame time: 0:00:00.024726
[2023-08-26T08:50:06.110+0000] {dag_etl.py:31} INFO - Complete extract user: 0:00:01.286102
[2023-08-26T08:50:06.111+0000] {dag_etl.py:33} INFO - Extracting resource...
[2023-08-26T08:50:07.090+0000] {extract.py:36} INFO - Request time: 0:00:00.979512
[2023-08-26T08:50:07.098+0000] {extract.py:42} INFO - Create DataFrame time: 0:00:00.007021
[2023-08-26T08:50:07.100+0000] {dag_etl.py:36} INFO - Complete extract resource: 0:00:00.989375
[2023-08-26T08:50:07.100+0000] {dag_etl.py:38} INFO - Transforming user...
[2023-08-26T08:50:07.137+0000] {dag_etl.py:42} INFO - Complete transform user: 0:00:00.037474
[2023-08-26T08:50:07.138+0000] {dag_etl.py:44} INFO - transform space_ships...
[2023-08-26T08:50:07.156+0000] {dag_etl.py:47} INFO - Complete transform space_ships: 0:00:00.019373
[2023-08-26T08:50:07.157+0000] {dag_etl.py:49} INFO - transform drones...
[2023-08-26T08:50:07.169+0000] {dag_etl.py:52} INFO - Complete transform drones: 0:00:00.012459
[2023-08-26T08:50:07.170+0000] {dag_etl.py:54} INFO - transform pilots...
[2023-08-26T08:50:07.178+0000] {dag_etl.py:57} INFO - Complete transform pilots: 0:00:00.009513
[2023-08-26T08:50:07.179+0000] {dag_etl.py:59} INFO - transform talents...
[2023-08-26T08:50:07.185+0000] {dag_etl.py:62} INFO - Complete transform talents: 0:00:00.006273
[2023-08-26T08:50:07.185+0000] {dag_etl.py:64} INFO - transform expert_items...
[2023-08-26T08:50:07.191+0000] {dag_etl.py:67} INFO - Complete transform expert_items: 0:00:00.006269
[2023-08-26T08:50:07.191+0000] {dag_etl.py:69} INFO - Loading user...
[2023-08-26T08:50:07.207+0000] {dag_etl.py:72} INFO - Complete load user: 0:00:00.015682
[2023-08-26T08:50:07.207+0000] {dag_etl.py:74} INFO - Loading space_ships...
[2023-08-26T08:50:07.228+0000] {dag_etl.py:77} INFO - Complete load space_ships: 0:00:00.020918
[2023-08-26T08:50:07.228+0000] {dag_etl.py:79} INFO - Loading drones...
[2023-08-26T08:50:07.242+0000] {dag_etl.py:82} INFO - Complete load drones: 0:00:00.014428
[2023-08-26T08:50:07.242+0000] {dag_etl.py:84} INFO - Loading pilots...
[2023-08-26T08:50:07.268+0000] {dag_etl.py:87} INFO - Complete load drones: 0:00:00.026365
[2023-08-26T08:50:07.269+0000] {dag_etl.py:89} INFO - Loading talents...
[2023-08-26T08:50:07.281+0000] {dag_etl.py:92} INFO - Complete load drones: 0:00:00.012740
[2023-08-26T08:50:07.281+0000] {dag_etl.py:94} INFO - Loading expert_items...
[2023-08-26T08:50:07.285+0000] {dag_etl.py:97} INFO - Complete load drones: 0:00:00.003865
[2023-08-26T08:50:07.285+0000] {dag_etl.py:99} INFO - Complete ETL Users in : 0:00:02.461195
[2023-08-26T08:50:07.287+0000] {python.py:194} INFO - Done. Returned value was: None
[2023-08-26T08:50:07.303+0000] {taskinstance.py:1400} INFO - Marking task as SUCCESS. dag_id=gaas_etl_1, task_id=etl_user, execution_date=20230826T084900, start_date=20230826T085004, end_date=20230826T085007
[2023-08-26T08:50:07.368+0000] {local_task_job_runner.py:228} INFO - Task exited with return code 0
[2023-08-26T08:50:07.394+0000] {taskinstance.py:2784} INFO - 0 downstream tasks scheduled from follow-on schedule check
