[2023-08-26T08:32:04.924+0000] {taskinstance.py:1159} INFO - Dependencies all met for dep_context=non-requeueable deps ti=<TaskInstance: gaas_etl_1.etl_user scheduled__2023-08-26T08:31:00+00:00 [queued]>
[2023-08-26T08:32:04.940+0000] {taskinstance.py:1159} INFO - Dependencies all met for dep_context=requeueable deps ti=<TaskInstance: gaas_etl_1.etl_user scheduled__2023-08-26T08:31:00+00:00 [queued]>
[2023-08-26T08:32:04.941+0000] {taskinstance.py:1361} INFO - Starting attempt 1 of 1
[2023-08-26T08:32:04.970+0000] {taskinstance.py:1382} INFO - Executing <Task(PythonOperator): etl_user> on 2023-08-26 08:31:00+00:00
[2023-08-26T08:32:04.980+0000] {standard_task_runner.py:57} INFO - Started process 290454 to run task
[2023-08-26T08:32:04.995+0000] {standard_task_runner.py:84} INFO - Running: ['airflow', 'tasks', 'run', 'gaas_etl_1', 'etl_user', 'scheduled__2023-08-26T08:31:00+00:00', '--job-id', '805', '--raw', '--subdir', 'DAGS_FOLDER/dag_etl.py', '--cfg-path', '/tmp/tmppfvq4z6x']
[2023-08-26T08:32:05.000+0000] {standard_task_runner.py:85} INFO - Job 805: Subtask etl_user
[2023-08-26T08:32:05.141+0000] {task_command.py:415} INFO - Running <TaskInstance: gaas_etl_1.etl_user scheduled__2023-08-26T08:31:00+00:00 [running]> on host data-system.us-central1-a.c.data-system-392010.internal
[2023-08-26T08:32:05.336+0000] {taskinstance.py:1660} INFO - Exporting env vars: AIRFLOW_CTX_DAG_EMAIL='hungnm15012002@gmail.com' AIRFLOW_CTX_DAG_OWNER='hungnm' AIRFLOW_CTX_DAG_ID='gaas_etl_1' AIRFLOW_CTX_TASK_ID='etl_user' AIRFLOW_CTX_EXECUTION_DATE='2023-08-26T08:31:00+00:00' AIRFLOW_CTX_TRY_NUMBER='1' AIRFLOW_CTX_DAG_RUN_ID='scheduled__2023-08-26T08:31:00+00:00'
[2023-08-26T08:32:05.363+0000] {dag_etl.py:28} INFO - Extracting user...
[2023-08-26T08:32:06.891+0000] {extract.py:36} INFO - Request time: 0:00:01.527894
[2023-08-26T08:32:06.915+0000] {extract.py:42} INFO - Create DataFrame time: 0:00:00.023231
[2023-08-26T08:32:06.917+0000] {dag_etl.py:31} INFO - Complete extract user: 0:00:01.554110
[2023-08-26T08:32:06.917+0000] {dag_etl.py:33} INFO - Extracting resource...
[2023-08-26T08:32:08.054+0000] {extract.py:36} INFO - Request time: 0:00:01.136593
[2023-08-26T08:32:08.062+0000] {extract.py:42} INFO - Create DataFrame time: 0:00:00.007120
[2023-08-26T08:32:08.063+0000] {dag_etl.py:36} INFO - Complete extract resource: 0:00:01.146746
[2023-08-26T08:32:08.064+0000] {dag_etl.py:38} INFO - Transforming user...
[2023-08-26T08:32:08.097+0000] {dag_etl.py:42} INFO - Complete transform user: 0:00:00.033817
[2023-08-26T08:32:08.098+0000] {dag_etl.py:44} INFO - transform space_ships...
[2023-08-26T08:32:08.116+0000] {dag_etl.py:47} INFO - Complete transform space_ships: 0:00:00.018515
[2023-08-26T08:32:08.116+0000] {dag_etl.py:49} INFO - transform drones...
[2023-08-26T08:32:08.129+0000] {dag_etl.py:52} INFO - Complete transform drones: 0:00:00.012964
[2023-08-26T08:32:08.129+0000] {dag_etl.py:54} INFO - transform pilots...
[2023-08-26T08:32:08.138+0000] {dag_etl.py:57} INFO - Complete transform pilots: 0:00:00.008848
[2023-08-26T08:32:08.138+0000] {dag_etl.py:59} INFO - transform talents...
[2023-08-26T08:32:08.144+0000] {dag_etl.py:62} INFO - Complete transform talents: 0:00:00.006445
[2023-08-26T08:32:08.144+0000] {dag_etl.py:64} INFO - transform expert_items...
[2023-08-26T08:32:08.151+0000] {dag_etl.py:67} INFO - Complete transform expert_items: 0:00:00.006640
[2023-08-26T08:32:08.151+0000] {dag_etl.py:69} INFO - Loading user...
[2023-08-26T08:32:08.166+0000] {dag_etl.py:72} INFO - Complete load user: 0:00:00.015143
[2023-08-26T08:32:08.166+0000] {dag_etl.py:74} INFO - Loading space_ships...
[2023-08-26T08:32:08.185+0000] {dag_etl.py:77} INFO - Complete load space_ships: 0:00:00.019439
[2023-08-26T08:32:08.186+0000] {dag_etl.py:79} INFO - Loading drones...
[2023-08-26T08:32:08.199+0000] {dag_etl.py:82} INFO - Complete load drones: 0:00:00.013293
[2023-08-26T08:32:08.199+0000] {dag_etl.py:84} INFO - Loading pilots...
[2023-08-26T08:32:08.228+0000] {dag_etl.py:87} INFO - Complete load drones: 0:00:00.029598
[2023-08-26T08:32:08.229+0000] {dag_etl.py:89} INFO - Loading talents...
[2023-08-26T08:32:08.240+0000] {dag_etl.py:92} INFO - Complete load drones: 0:00:00.012124
[2023-08-26T08:32:08.241+0000] {dag_etl.py:94} INFO - Loading expert_items...
[2023-08-26T08:32:08.244+0000] {dag_etl.py:97} INFO - Complete load drones: 0:00:00.003777
[2023-08-26T08:32:08.244+0000] {dag_etl.py:99} INFO - Complete ETL Users in : 0:00:02.881799
[2023-08-26T08:32:08.246+0000] {python.py:194} INFO - Done. Returned value was: None
[2023-08-26T08:32:08.259+0000] {taskinstance.py:1400} INFO - Marking task as SUCCESS. dag_id=gaas_etl_1, task_id=etl_user, execution_date=20230826T083100, start_date=20230826T083204, end_date=20230826T083208
[2023-08-26T08:32:08.299+0000] {local_task_job_runner.py:228} INFO - Task exited with return code 0
[2023-08-26T08:32:08.324+0000] {taskinstance.py:2784} INFO - 0 downstream tasks scheduled from follow-on schedule check
