[2023-08-27T09:57:07.740+0000] {taskinstance.py:1159} INFO - Dependencies all met for dep_context=non-requeueable deps ti=<TaskInstance: gaas_etl_1.etl_user scheduled__2023-08-27T09:56:00+00:00 [queued]>
[2023-08-27T09:57:07.769+0000] {taskinstance.py:1159} INFO - Dependencies all met for dep_context=requeueable deps ti=<TaskInstance: gaas_etl_1.etl_user scheduled__2023-08-27T09:56:00+00:00 [queued]>
[2023-08-27T09:57:07.770+0000] {taskinstance.py:1361} INFO - Starting attempt 1 of 1
[2023-08-27T09:57:07.802+0000] {taskinstance.py:1382} INFO - Executing <Task(PythonOperator): etl_user> on 2023-08-27 09:56:00+00:00
[2023-08-27T09:57:07.812+0000] {standard_task_runner.py:57} INFO - Started process 381471 to run task
[2023-08-27T09:57:07.825+0000] {standard_task_runner.py:84} INFO - Running: ['airflow', 'tasks', 'run', 'gaas_etl_1', 'etl_user', 'scheduled__2023-08-27T09:56:00+00:00', '--job-id', '5381', '--raw', '--subdir', 'DAGS_FOLDER/dag_etl.py', '--cfg-path', '/tmp/tmp7byinkh7']
[2023-08-27T09:57:07.835+0000] {standard_task_runner.py:85} INFO - Job 5381: Subtask etl_user
[2023-08-27T09:57:08.675+0000] {task_command.py:415} INFO - Running <TaskInstance: gaas_etl_1.etl_user scheduled__2023-08-27T09:56:00+00:00 [running]> on host data-system.us-central1-a.c.data-system-392010.internal
[2023-08-27T09:57:09.134+0000] {taskinstance.py:1660} INFO - Exporting env vars: AIRFLOW_CTX_DAG_EMAIL='hungnm15012002@gmail.com' AIRFLOW_CTX_DAG_OWNER='hungnm' AIRFLOW_CTX_DAG_ID='gaas_etl_1' AIRFLOW_CTX_TASK_ID='etl_user' AIRFLOW_CTX_EXECUTION_DATE='2023-08-27T09:56:00+00:00' AIRFLOW_CTX_TRY_NUMBER='1' AIRFLOW_CTX_DAG_RUN_ID='scheduled__2023-08-27T09:56:00+00:00'
[2023-08-27T09:57:09.154+0000] {dag_etl.py:28} INFO - Extracting user...
[2023-08-27T09:57:26.810+0000] {extract.py:36} INFO - Request time: 0:00:17.655385
[2023-08-27T09:57:28.054+0000] {extract.py:42} INFO - Create DataFrame time: 0:00:01.243219
[2023-08-27T09:57:28.061+0000] {dag_etl.py:31} INFO - Complete extract user: 0:00:18.906766
[2023-08-27T09:57:28.062+0000] {dag_etl.py:33} INFO - Extracting resource...
[2023-08-27T09:57:37.507+0000] {extract.py:36} INFO - Request time: 0:00:09.443926
[2023-08-27T09:57:37.601+0000] {extract.py:42} INFO - Create DataFrame time: 0:00:00.093955
[2023-08-27T09:57:37.603+0000] {dag_etl.py:36} INFO - Complete extract resource: 0:00:09.542606
[2023-08-27T09:57:37.604+0000] {dag_etl.py:38} INFO - Transforming user...
[2023-08-27T09:57:37.872+0000] {dag_etl.py:42} INFO - Complete transform user: 0:00:00.269093
[2023-08-27T09:57:37.873+0000] {dag_etl.py:44} INFO - transform space_ships...
[2023-08-27T09:57:38.044+0000] {dag_etl.py:47} INFO - Complete transform space_ships: 0:00:00.172008
[2023-08-27T09:57:38.045+0000] {dag_etl.py:49} INFO - transform drones...
[2023-08-27T09:57:38.177+0000] {dag_etl.py:52} INFO - Complete transform drones: 0:00:00.132157
[2023-08-27T09:57:38.177+0000] {dag_etl.py:54} INFO - transform pilots...
[2023-08-27T09:57:38.283+0000] {dag_etl.py:57} INFO - Complete transform pilots: 0:00:00.106517
[2023-08-27T09:57:38.284+0000] {dag_etl.py:59} INFO - transform talents...
[2023-08-27T09:57:38.329+0000] {dag_etl.py:62} INFO - Complete transform talents: 0:00:00.045533
[2023-08-27T09:57:38.329+0000] {dag_etl.py:64} INFO - transform expert_items...
[2023-08-27T09:57:38.369+0000] {dag_etl.py:67} INFO - Complete transform expert_items: 0:00:00.040142
[2023-08-27T09:57:38.369+0000] {dag_etl.py:69} INFO - Loading user...
[2023-08-27T09:57:40.881+0000] {dag_etl.py:72} INFO - Complete load user: 0:00:02.512306
[2023-08-27T09:57:40.882+0000] {dag_etl.py:74} INFO - Loading space_ships...
[2023-08-27T09:57:43.936+0000] {dag_etl.py:77} INFO - Complete load space_ships: 0:00:03.055342
[2023-08-27T09:57:43.937+0000] {dag_etl.py:79} INFO - Loading drones...
[2023-08-27T09:57:46.479+0000] {dag_etl.py:82} INFO - Complete load drones: 0:00:02.542845
[2023-08-27T09:57:46.480+0000] {dag_etl.py:84} INFO - Loading pilots...
[2023-08-27T09:57:50.030+0000] {dag_etl.py:87} INFO - Complete load drones: 0:00:03.551176
[2023-08-27T09:57:50.031+0000] {dag_etl.py:89} INFO - Loading talents...
[2023-08-27T09:57:52.305+0000] {dag_etl.py:92} INFO - Complete load drones: 0:00:02.274351
[2023-08-27T09:57:52.306+0000] {dag_etl.py:94} INFO - Loading expert_items...
[2023-08-27T09:57:54.016+0000] {dag_etl.py:97} INFO - Complete load drones: 0:00:01.711598
[2023-08-27T09:57:54.017+0000] {dag_etl.py:99} INFO - Complete ETL Users in : 0:00:44.862960
[2023-08-27T09:57:54.051+0000] {python.py:194} INFO - Done. Returned value was: None
[2023-08-27T09:57:54.068+0000] {taskinstance.py:1400} INFO - Marking task as SUCCESS. dag_id=gaas_etl_1, task_id=etl_user, execution_date=20230827T095600, start_date=20230827T095707, end_date=20230827T095754
[2023-08-27T09:57:54.117+0000] {local_task_job_runner.py:228} INFO - Task exited with return code 0
[2023-08-27T09:57:54.136+0000] {taskinstance.py:2784} INFO - 0 downstream tasks scheduled from follow-on schedule check
