[2023-08-27T07:53:04.994+0000] {taskinstance.py:1159} INFO - Dependencies all met for dep_context=non-requeueable deps ti=<TaskInstance: gaas_etl_1.etl_user scheduled__2023-08-27T07:52:00+00:00 [queued]>
[2023-08-27T07:53:05.010+0000] {taskinstance.py:1159} INFO - Dependencies all met for dep_context=requeueable deps ti=<TaskInstance: gaas_etl_1.etl_user scheduled__2023-08-27T07:52:00+00:00 [queued]>
[2023-08-27T07:53:05.010+0000] {taskinstance.py:1361} INFO - Starting attempt 1 of 1
[2023-08-27T07:53:05.036+0000] {taskinstance.py:1382} INFO - Executing <Task(PythonOperator): etl_user> on 2023-08-27 07:52:00+00:00
[2023-08-27T07:53:05.049+0000] {standard_task_runner.py:57} INFO - Started process 376599 to run task
[2023-08-27T07:53:05.063+0000] {standard_task_runner.py:84} INFO - Running: ['airflow', 'tasks', 'run', 'gaas_etl_1', 'etl_user', 'scheduled__2023-08-27T07:52:00+00:00', '--job-id', '5008', '--raw', '--subdir', 'DAGS_FOLDER/dag_etl.py', '--cfg-path', '/tmp/tmpe9_2o6tj']
[2023-08-27T07:53:05.069+0000] {standard_task_runner.py:85} INFO - Job 5008: Subtask etl_user
[2023-08-27T07:53:05.458+0000] {task_command.py:415} INFO - Running <TaskInstance: gaas_etl_1.etl_user scheduled__2023-08-27T07:52:00+00:00 [running]> on host data-system.us-central1-a.c.data-system-392010.internal
[2023-08-27T07:53:06.177+0000] {taskinstance.py:1660} INFO - Exporting env vars: AIRFLOW_CTX_DAG_EMAIL='hungnm15012002@gmail.com' AIRFLOW_CTX_DAG_OWNER='hungnm' AIRFLOW_CTX_DAG_ID='gaas_etl_1' AIRFLOW_CTX_TASK_ID='etl_user' AIRFLOW_CTX_EXECUTION_DATE='2023-08-27T07:52:00+00:00' AIRFLOW_CTX_TRY_NUMBER='1' AIRFLOW_CTX_DAG_RUN_ID='scheduled__2023-08-27T07:52:00+00:00'
[2023-08-27T07:53:06.202+0000] {dag_etl.py:28} INFO - Extracting user...
[2023-08-27T07:53:12.744+0000] {extract.py:36} INFO - Request time: 0:00:06.541107
[2023-08-27T07:53:14.614+0000] {extract.py:42} INFO - Create DataFrame time: 0:00:01.868861
[2023-08-27T07:53:14.621+0000] {dag_etl.py:31} INFO - Complete extract user: 0:00:08.418543
[2023-08-27T07:53:14.622+0000] {dag_etl.py:33} INFO - Extracting resource...
[2023-08-27T07:53:16.892+0000] {extract.py:36} INFO - Request time: 0:00:02.269304
[2023-08-27T07:53:16.988+0000] {extract.py:42} INFO - Create DataFrame time: 0:00:00.095379
[2023-08-27T07:53:16.992+0000] {dag_etl.py:36} INFO - Complete extract resource: 0:00:02.370891
[2023-08-27T07:53:16.993+0000] {dag_etl.py:38} INFO - Transforming user...
[2023-08-27T07:53:17.369+0000] {dag_etl.py:42} INFO - Complete transform user: 0:00:00.376930
[2023-08-27T07:53:17.369+0000] {dag_etl.py:44} INFO - transform space_ships...
[2023-08-27T07:53:17.630+0000] {dag_etl.py:47} INFO - Complete transform space_ships: 0:00:00.261740
[2023-08-27T07:53:17.631+0000] {dag_etl.py:49} INFO - transform drones...
[2023-08-27T07:53:17.810+0000] {dag_etl.py:52} INFO - Complete transform drones: 0:00:00.180056
[2023-08-27T07:53:17.811+0000] {dag_etl.py:54} INFO - transform pilots...
[2023-08-27T07:53:17.932+0000] {dag_etl.py:57} INFO - Complete transform pilots: 0:00:00.122113
[2023-08-27T07:53:17.933+0000] {dag_etl.py:59} INFO - transform talents...
[2023-08-27T07:53:17.990+0000] {dag_etl.py:62} INFO - Complete transform talents: 0:00:00.058026
[2023-08-27T07:53:17.991+0000] {dag_etl.py:64} INFO - transform expert_items...
[2023-08-27T07:53:18.051+0000] {dag_etl.py:67} INFO - Complete transform expert_items: 0:00:00.060845
[2023-08-27T07:53:18.052+0000] {dag_etl.py:69} INFO - Loading user...
[2023-08-27T07:53:20.155+0000] {dag_etl.py:72} INFO - Complete load user: 0:00:02.104157
[2023-08-27T07:53:20.156+0000] {dag_etl.py:74} INFO - Loading space_ships...
[2023-08-27T07:53:23.175+0000] {dag_etl.py:77} INFO - Complete load space_ships: 0:00:03.019805
[2023-08-27T07:53:23.176+0000] {dag_etl.py:79} INFO - Loading drones...
[2023-08-27T07:53:25.670+0000] {dag_etl.py:82} INFO - Complete load drones: 0:00:02.494477
[2023-08-27T07:53:25.670+0000] {dag_etl.py:84} INFO - Loading pilots...
[2023-08-27T07:53:29.169+0000] {dag_etl.py:87} INFO - Complete load drones: 0:00:03.498815
[2023-08-27T07:53:29.169+0000] {dag_etl.py:89} INFO - Loading talents...
[2023-08-27T07:53:31.422+0000] {dag_etl.py:92} INFO - Complete load drones: 0:00:02.253910
[2023-08-27T07:53:31.423+0000] {dag_etl.py:94} INFO - Loading expert_items...
[2023-08-27T07:53:33.288+0000] {dag_etl.py:97} INFO - Complete load drones: 0:00:01.865714
[2023-08-27T07:53:33.289+0000] {dag_etl.py:99} INFO - Complete ETL Users in : 0:00:27.086649
[2023-08-27T07:53:33.352+0000] {python.py:194} INFO - Done. Returned value was: None
[2023-08-27T07:53:33.379+0000] {taskinstance.py:1400} INFO - Marking task as SUCCESS. dag_id=gaas_etl_1, task_id=etl_user, execution_date=20230827T075200, start_date=20230827T075304, end_date=20230827T075333
[2023-08-27T07:53:33.455+0000] {local_task_job_runner.py:228} INFO - Task exited with return code 0
[2023-08-27T07:53:33.482+0000] {taskinstance.py:2784} INFO - 0 downstream tasks scheduled from follow-on schedule check
