[2023-08-26T19:30:04.681+0000] {taskinstance.py:1159} INFO - Dependencies all met for dep_context=non-requeueable deps ti=<TaskInstance: gaas_etl_1.etl_user scheduled__2023-08-26T19:29:00+00:00 [queued]>
[2023-08-26T19:30:04.702+0000] {taskinstance.py:1159} INFO - Dependencies all met for dep_context=requeueable deps ti=<TaskInstance: gaas_etl_1.etl_user scheduled__2023-08-26T19:29:00+00:00 [queued]>
[2023-08-26T19:30:04.702+0000] {taskinstance.py:1361} INFO - Starting attempt 1 of 1
[2023-08-26T19:30:04.730+0000] {taskinstance.py:1382} INFO - Executing <Task(PythonOperator): etl_user> on 2023-08-26 19:29:00+00:00
[2023-08-26T19:30:04.739+0000] {standard_task_runner.py:57} INFO - Started process 328087 to run task
[2023-08-26T19:30:04.752+0000] {standard_task_runner.py:84} INFO - Running: ['airflow', 'tasks', 'run', 'gaas_etl_1', 'etl_user', 'scheduled__2023-08-26T19:29:00+00:00', '--job-id', '2779', '--raw', '--subdir', 'DAGS_FOLDER/dag_etl.py', '--cfg-path', '/tmp/tmpcsws65lp']
[2023-08-26T19:30:04.757+0000] {standard_task_runner.py:85} INFO - Job 2779: Subtask etl_user
[2023-08-26T19:30:05.306+0000] {task_command.py:415} INFO - Running <TaskInstance: gaas_etl_1.etl_user scheduled__2023-08-26T19:29:00+00:00 [running]> on host data-system.us-central1-a.c.data-system-392010.internal
[2023-08-26T19:30:05.619+0000] {taskinstance.py:1660} INFO - Exporting env vars: AIRFLOW_CTX_DAG_EMAIL='hungnm15012002@gmail.com' AIRFLOW_CTX_DAG_OWNER='hungnm' AIRFLOW_CTX_DAG_ID='gaas_etl_1' AIRFLOW_CTX_TASK_ID='etl_user' AIRFLOW_CTX_EXECUTION_DATE='2023-08-26T19:29:00+00:00' AIRFLOW_CTX_TRY_NUMBER='1' AIRFLOW_CTX_DAG_RUN_ID='scheduled__2023-08-26T19:29:00+00:00'
[2023-08-26T19:30:05.643+0000] {dag_etl.py:28} INFO - Extracting user...
[2023-08-26T19:30:15.560+0000] {extract.py:36} INFO - Request time: 0:00:09.916579
[2023-08-26T19:30:16.407+0000] {extract.py:42} INFO - Create DataFrame time: 0:00:00.846204
[2023-08-26T19:30:16.415+0000] {dag_etl.py:31} INFO - Complete extract user: 0:00:10.772083
[2023-08-26T19:30:16.416+0000] {dag_etl.py:33} INFO - Extracting resource...
[2023-08-26T19:30:23.689+0000] {extract.py:36} INFO - Request time: 0:00:07.272004
[2023-08-26T19:30:23.790+0000] {extract.py:42} INFO - Create DataFrame time: 0:00:00.100415
[2023-08-26T19:30:23.794+0000] {dag_etl.py:36} INFO - Complete extract resource: 0:00:07.378731
[2023-08-26T19:30:23.795+0000] {dag_etl.py:38} INFO - Transforming user...
[2023-08-26T19:30:24.123+0000] {dag_etl.py:42} INFO - Complete transform user: 0:00:00.328523
[2023-08-26T19:30:24.123+0000] {dag_etl.py:44} INFO - transform space_ships...
[2023-08-26T19:30:24.375+0000] {dag_etl.py:47} INFO - Complete transform space_ships: 0:00:00.252932
[2023-08-26T19:30:24.376+0000] {dag_etl.py:49} INFO - transform drones...
[2023-08-26T19:30:24.540+0000] {dag_etl.py:52} INFO - Complete transform drones: 0:00:00.164743
[2023-08-26T19:30:24.541+0000] {dag_etl.py:54} INFO - transform pilots...
[2023-08-26T19:30:24.665+0000] {dag_etl.py:57} INFO - Complete transform pilots: 0:00:00.124757
[2023-08-26T19:30:24.666+0000] {dag_etl.py:59} INFO - transform talents...
[2023-08-26T19:30:24.731+0000] {dag_etl.py:62} INFO - Complete transform talents: 0:00:00.066018
[2023-08-26T19:30:24.732+0000] {dag_etl.py:64} INFO - transform expert_items...
[2023-08-26T19:30:24.783+0000] {dag_etl.py:67} INFO - Complete transform expert_items: 0:00:00.052350
[2023-08-26T19:30:24.784+0000] {dag_etl.py:69} INFO - Loading user...
[2023-08-26T19:30:26.917+0000] {dag_etl.py:72} INFO - Complete load user: 0:00:02.133545
[2023-08-26T19:30:26.917+0000] {dag_etl.py:74} INFO - Loading space_ships...
[2023-08-26T19:30:29.841+0000] {dag_etl.py:77} INFO - Complete load space_ships: 0:00:02.924377
[2023-08-26T19:30:29.842+0000] {dag_etl.py:79} INFO - Loading drones...
[2023-08-26T19:30:33.143+0000] {dag_etl.py:82} INFO - Complete load drones: 0:00:03.302165
[2023-08-26T19:30:33.144+0000] {dag_etl.py:84} INFO - Loading pilots...
[2023-08-26T19:30:37.208+0000] {dag_etl.py:87} INFO - Complete load drones: 0:00:04.064305
[2023-08-26T19:30:37.208+0000] {dag_etl.py:89} INFO - Loading talents...
[2023-08-26T19:30:40.372+0000] {dag_etl.py:92} INFO - Complete load drones: 0:00:03.163946
[2023-08-26T19:30:40.372+0000] {dag_etl.py:94} INFO - Loading expert_items...
[2023-08-26T19:30:41.969+0000] {dag_etl.py:97} INFO - Complete load drones: 0:00:01.596916
[2023-08-26T19:30:41.969+0000] {dag_etl.py:99} INFO - Complete ETL Users in : 0:00:36.325844
[2023-08-26T19:30:42.004+0000] {python.py:194} INFO - Done. Returned value was: None
[2023-08-26T19:30:42.024+0000] {taskinstance.py:1400} INFO - Marking task as SUCCESS. dag_id=gaas_etl_1, task_id=etl_user, execution_date=20230826T192900, start_date=20230826T193004, end_date=20230826T193042
[2023-08-26T19:30:42.075+0000] {local_task_job_runner.py:228} INFO - Task exited with return code 0
[2023-08-26T19:30:42.103+0000] {taskinstance.py:2784} INFO - 0 downstream tasks scheduled from follow-on schedule check
