[2023-08-27T21:51:08.965+0000] {taskinstance.py:1159} INFO - Dependencies all met for dep_context=non-requeueable deps ti=<TaskInstance: gaas_etl_1.etl_event scheduled__2023-08-27T21:50:00+00:00 [queued]>
[2023-08-27T21:51:09.009+0000] {taskinstance.py:1159} INFO - Dependencies all met for dep_context=requeueable deps ti=<TaskInstance: gaas_etl_1.etl_event scheduled__2023-08-27T21:50:00+00:00 [queued]>
[2023-08-27T21:51:09.010+0000] {taskinstance.py:1361} INFO - Starting attempt 1 of 1
[2023-08-27T21:51:09.067+0000] {taskinstance.py:1382} INFO - Executing <Task(PythonOperator): etl_event> on 2023-08-27 21:50:00+00:00
[2023-08-27T21:51:09.085+0000] {standard_task_runner.py:57} INFO - Started process 463473 to run task
[2023-08-27T21:51:09.104+0000] {standard_task_runner.py:84} INFO - Running: ['airflow', 'tasks', 'run', 'gaas_etl_1', 'etl_event', 'scheduled__2023-08-27T21:50:00+00:00', '--job-id', '7523', '--raw', '--subdir', 'DAGS_FOLDER/dag_etl.py', '--cfg-path', '/tmp/tmp_qutfqyd']
[2023-08-27T21:51:09.118+0000] {standard_task_runner.py:85} INFO - Job 7523: Subtask etl_event
[2023-08-27T21:51:10.155+0000] {task_command.py:415} INFO - Running <TaskInstance: gaas_etl_1.etl_event scheduled__2023-08-27T21:50:00+00:00 [running]> on host data-system.us-central1-a.c.data-system-392010.internal
[2023-08-27T21:51:10.845+0000] {taskinstance.py:1660} INFO - Exporting env vars: AIRFLOW_CTX_DAG_EMAIL='hungnm15012002@gmail.com' AIRFLOW_CTX_DAG_OWNER='hungnm' AIRFLOW_CTX_DAG_ID='gaas_etl_1' AIRFLOW_CTX_TASK_ID='etl_event' AIRFLOW_CTX_EXECUTION_DATE='2023-08-27T21:50:00+00:00' AIRFLOW_CTX_TRY_NUMBER='1' AIRFLOW_CTX_DAG_RUN_ID='scheduled__2023-08-27T21:50:00+00:00'
[2023-08-27T21:51:10.866+0000] {dag_etl.py:116} INFO - Extracting event...
[2023-08-27T21:51:19.171+0000] {extract.py:36} INFO - Request time: 0:00:08.305201
[2023-08-27T21:51:20.136+0000] {extract.py:42} INFO - Create DataFrame time: 0:00:00.963580
[2023-08-27T21:51:20.147+0000] {dag_etl.py:119} INFO - Complete extract event: 0:00:09.281889
[2023-08-27T21:51:20.148+0000] {dag_etl.py:121} INFO - Transforming action...
[2023-08-27T21:51:20.172+0000] {logging_mixin.py:151} WARNING - /home/data-engineer/GAAS_Data_System/ETL/transform.py:54 SettingWithCopyWarning:
A value is trying to be set on a copy of a slice from a DataFrame.
Try using .loc[row_indexer,col_indexer] = value instead

See the caveats in the documentation: https://pandas.pydata.org/pandas-docs/stable/user_guide/indexing.html#returning-a-view-versus-a-copy
[2023-08-27T21:51:20.224+0000] {logging_mixin.py:151} WARNING - /home/data-engineer/GAAS_Data_System/ETL/transform.py:55 SettingWithCopyWarning:
A value is trying to be set on a copy of a slice from a DataFrame.
Try using .loc[row_indexer,col_indexer] = value instead

See the caveats in the documentation: https://pandas.pydata.org/pandas-docs/stable/user_guide/indexing.html#returning-a-view-versus-a-copy
[2023-08-27T21:51:36.695+0000] {logging_mixin.py:151} WARNING - /home/data-engineer/GAAS_Data_System/ETL/transform.py:59 SettingWithCopyWarning:
A value is trying to be set on a copy of a slice from a DataFrame.
Try using .loc[row_indexer,col_indexer] = value instead

See the caveats in the documentation: https://pandas.pydata.org/pandas-docs/stable/user_guide/indexing.html#returning-a-view-versus-a-copy
[2023-08-27T21:51:36.703+0000] {logging_mixin.py:151} WARNING - /home/data-engineer/GAAS_Data_System/ETL/transform.py:60 SettingWithCopyWarning:
A value is trying to be set on a copy of a slice from a DataFrame.
Try using .loc[row_indexer,col_indexer] = value instead

See the caveats in the documentation: https://pandas.pydata.org/pandas-docs/stable/user_guide/indexing.html#returning-a-view-versus-a-copy
[2023-08-27T21:51:36.709+0000] {logging_mixin.py:151} WARNING - /home/data-engineer/GAAS_Data_System/ETL/verify_func.py:70 UserWarning: pandas only supports SQLAlchemy connectable (engine/connection) or database string URI or sqlite3 DBAPI2 connection. Other DBAPI2 objects are not tested. Please consider using SQLAlchemy.
[2023-08-27T21:51:36.719+0000] {logging_mixin.py:151} WARNING - /home/data-engineer/GAAS_Data_System/ETL/transform.py:67 SettingWithCopyWarning:
A value is trying to be set on a copy of a slice from a DataFrame.
Try using .loc[row_indexer,col_indexer] = value instead

See the caveats in the documentation: https://pandas.pydata.org/pandas-docs/stable/user_guide/indexing.html#returning-a-view-versus-a-copy
[2023-08-27T21:51:36.754+0000] {dag_etl.py:124} INFO - Complete transform action: 0:00:16.606526
[2023-08-27T21:51:36.754+0000] {dag_etl.py:126} INFO - Transforming transaction...
[2023-08-27T21:51:36.776+0000] {logging_mixin.py:151} WARNING - /home/data-engineer/GAAS_Data_System/ETL/transform.py:47 SettingWithCopyWarning:
A value is trying to be set on a copy of a slice from a DataFrame.
Try using .loc[row_indexer,col_indexer] = value instead

See the caveats in the documentation: https://pandas.pydata.org/pandas-docs/stable/user_guide/indexing.html#returning-a-view-versus-a-copy
[2023-08-27T21:51:36.784+0000] {logging_mixin.py:151} WARNING - /home/data-engineer/GAAS_Data_System/ETL/transform.py:50 SettingWithCopyWarning:
A value is trying to be set on a copy of a slice from a DataFrame.
Try using .loc[row_indexer,col_indexer] = value instead

See the caveats in the documentation: https://pandas.pydata.org/pandas-docs/stable/user_guide/indexing.html#returning-a-view-versus-a-copy
[2023-08-27T21:51:36.793+0000] {logging_mixin.py:151} WARNING - /home/data-engineer/GAAS_Data_System/ETL/transform.py:51 SettingWithCopyWarning:
A value is trying to be set on a copy of a slice from a DataFrame.
Try using .loc[row_indexer,col_indexer] = value instead

See the caveats in the documentation: https://pandas.pydata.org/pandas-docs/stable/user_guide/indexing.html#returning-a-view-versus-a-copy
[2023-08-27T21:51:36.803+0000] {logging_mixin.py:151} WARNING - /home/data-engineer/GAAS_Data_System/ETL/transform.py:54 SettingWithCopyWarning:
A value is trying to be set on a copy of a slice from a DataFrame.
Try using .loc[row_indexer,col_indexer] = value instead

See the caveats in the documentation: https://pandas.pydata.org/pandas-docs/stable/user_guide/indexing.html#returning-a-view-versus-a-copy
[2023-08-27T21:51:36.846+0000] {logging_mixin.py:151} WARNING - /home/data-engineer/GAAS_Data_System/ETL/transform.py:55 SettingWithCopyWarning:
A value is trying to be set on a copy of a slice from a DataFrame.
Try using .loc[row_indexer,col_indexer] = value instead

See the caveats in the documentation: https://pandas.pydata.org/pandas-docs/stable/user_guide/indexing.html#returning-a-view-versus-a-copy
[2023-08-27T21:51:46.283+0000] {logging_mixin.py:151} WARNING - /home/data-engineer/GAAS_Data_System/ETL/transform.py:59 SettingWithCopyWarning:
A value is trying to be set on a copy of a slice from a DataFrame.
Try using .loc[row_indexer,col_indexer] = value instead

See the caveats in the documentation: https://pandas.pydata.org/pandas-docs/stable/user_guide/indexing.html#returning-a-view-versus-a-copy
[2023-08-27T21:51:46.290+0000] {logging_mixin.py:151} WARNING - /home/data-engineer/GAAS_Data_System/ETL/transform.py:60 SettingWithCopyWarning:
A value is trying to be set on a copy of a slice from a DataFrame.
Try using .loc[row_indexer,col_indexer] = value instead

See the caveats in the documentation: https://pandas.pydata.org/pandas-docs/stable/user_guide/indexing.html#returning-a-view-versus-a-copy
[2023-08-27T21:51:46.291+0000] {logging_mixin.py:151} WARNING - /home/data-engineer/GAAS_Data_System/ETL/verify_func.py:70 UserWarning: pandas only supports SQLAlchemy connectable (engine/connection) or database string URI or sqlite3 DBAPI2 connection. Other DBAPI2 objects are not tested. Please consider using SQLAlchemy.
[2023-08-27T21:51:46.298+0000] {logging_mixin.py:151} WARNING - /home/data-engineer/GAAS_Data_System/ETL/transform.py:67 SettingWithCopyWarning:
A value is trying to be set on a copy of a slice from a DataFrame.
Try using .loc[row_indexer,col_indexer] = value instead

See the caveats in the documentation: https://pandas.pydata.org/pandas-docs/stable/user_guide/indexing.html#returning-a-view-versus-a-copy
[2023-08-27T21:51:46.323+0000] {dag_etl.py:129} INFO - Complete transform transaction: 0:00:09.568575
[2023-08-27T21:51:46.323+0000] {dag_etl.py:131} INFO - Loading action...
[2023-08-27T21:51:50.487+0000] {dag_etl.py:134} INFO - Complete load action: 0:00:04.164543
[2023-08-27T21:51:50.488+0000] {dag_etl.py:136} INFO - Loading transaction...
[2023-08-27T21:51:53.391+0000] {dag_etl.py:139} INFO - Complete load transaction: 0:00:02.904211
[2023-08-27T21:51:53.392+0000] {dag_etl.py:141} INFO - Complete ETL Events in : 0:00:42.526352
[2023-08-27T21:51:53.419+0000] {python.py:194} INFO - Done. Returned value was: None
[2023-08-27T21:51:53.433+0000] {taskinstance.py:1400} INFO - Marking task as SUCCESS. dag_id=gaas_etl_1, task_id=etl_event, execution_date=20230827T215000, start_date=20230827T215108, end_date=20230827T215153
[2023-08-27T21:51:53.489+0000] {local_task_job_runner.py:228} INFO - Task exited with return code 0
[2023-08-27T21:51:53.521+0000] {taskinstance.py:2784} INFO - 0 downstream tasks scheduled from follow-on schedule check
