[2023-08-26T21:53:03.993+0000] {taskinstance.py:1159} INFO - Dependencies all met for dep_context=non-requeueable deps ti=<TaskInstance: gaas_etl_1.etl_user scheduled__2023-08-26T21:52:00+00:00 [queued]>
[2023-08-26T21:53:04.009+0000] {taskinstance.py:1159} INFO - Dependencies all met for dep_context=requeueable deps ti=<TaskInstance: gaas_etl_1.etl_user scheduled__2023-08-26T21:52:00+00:00 [queued]>
[2023-08-26T21:53:04.010+0000] {taskinstance.py:1361} INFO - Starting attempt 1 of 1
[2023-08-26T21:53:04.053+0000] {taskinstance.py:1382} INFO - Executing <Task(PythonOperator): etl_user> on 2023-08-26 21:52:00+00:00
[2023-08-26T21:53:04.064+0000] {standard_task_runner.py:57} INFO - Started process 333747 to run task
[2023-08-26T21:53:04.081+0000] {standard_task_runner.py:84} INFO - Running: ['airflow', 'tasks', 'run', 'gaas_etl_1', 'etl_user', 'scheduled__2023-08-26T21:52:00+00:00', '--job-id', '3208', '--raw', '--subdir', 'DAGS_FOLDER/dag_etl.py', '--cfg-path', '/tmp/tmpyjel83bx']
[2023-08-26T21:53:04.089+0000] {standard_task_runner.py:85} INFO - Job 3208: Subtask etl_user
[2023-08-26T21:53:04.726+0000] {task_command.py:415} INFO - Running <TaskInstance: gaas_etl_1.etl_user scheduled__2023-08-26T21:52:00+00:00 [running]> on host data-system.us-central1-a.c.data-system-392010.internal
[2023-08-26T21:53:05.042+0000] {taskinstance.py:1660} INFO - Exporting env vars: AIRFLOW_CTX_DAG_EMAIL='hungnm15012002@gmail.com' AIRFLOW_CTX_DAG_OWNER='hungnm' AIRFLOW_CTX_DAG_ID='gaas_etl_1' AIRFLOW_CTX_TASK_ID='etl_user' AIRFLOW_CTX_EXECUTION_DATE='2023-08-26T21:52:00+00:00' AIRFLOW_CTX_TRY_NUMBER='1' AIRFLOW_CTX_DAG_RUN_ID='scheduled__2023-08-26T21:52:00+00:00'
[2023-08-26T21:53:05.066+0000] {dag_etl.py:28} INFO - Extracting user...
[2023-08-26T21:53:08.616+0000] {extract.py:36} INFO - Request time: 0:00:03.549200
[2023-08-26T21:53:08.779+0000] {extract.py:42} INFO - Create DataFrame time: 0:00:00.162474
[2023-08-26T21:53:08.782+0000] {dag_etl.py:31} INFO - Complete extract user: 0:00:03.716250
[2023-08-26T21:53:08.782+0000] {dag_etl.py:33} INFO - Extracting resource...
[2023-08-26T21:53:10.290+0000] {extract.py:36} INFO - Request time: 0:00:01.507640
[2023-08-26T21:53:10.314+0000] {extract.py:42} INFO - Create DataFrame time: 0:00:00.023105
[2023-08-26T21:53:10.316+0000] {dag_etl.py:36} INFO - Complete extract resource: 0:00:01.534135
[2023-08-26T21:53:10.317+0000] {dag_etl.py:38} INFO - Transforming user...
[2023-08-26T21:53:10.405+0000] {dag_etl.py:42} INFO - Complete transform user: 0:00:00.088973
[2023-08-26T21:53:10.405+0000] {dag_etl.py:44} INFO - transform space_ships...
[2023-08-26T21:53:10.475+0000] {dag_etl.py:47} INFO - Complete transform space_ships: 0:00:00.070448
[2023-08-26T21:53:10.476+0000] {dag_etl.py:49} INFO - transform drones...
[2023-08-26T21:53:10.522+0000] {dag_etl.py:52} INFO - Complete transform drones: 0:00:00.046847
[2023-08-26T21:53:10.523+0000] {dag_etl.py:54} INFO - transform pilots...
[2023-08-26T21:53:10.568+0000] {dag_etl.py:57} INFO - Complete transform pilots: 0:00:00.045168
[2023-08-26T21:53:10.568+0000] {dag_etl.py:59} INFO - transform talents...
[2023-08-26T21:53:10.593+0000] {dag_etl.py:62} INFO - Complete transform talents: 0:00:00.025031
[2023-08-26T21:53:10.593+0000] {dag_etl.py:64} INFO - transform expert_items...
[2023-08-26T21:53:10.616+0000] {dag_etl.py:67} INFO - Complete transform expert_items: 0:00:00.023259
[2023-08-26T21:53:10.616+0000] {dag_etl.py:69} INFO - Loading user...
[2023-08-26T21:53:11.402+0000] {dag_etl.py:72} INFO - Complete load user: 0:00:00.786126
[2023-08-26T21:53:11.402+0000] {dag_etl.py:74} INFO - Loading space_ships...
[2023-08-26T21:53:12.528+0000] {dag_etl.py:77} INFO - Complete load space_ships: 0:00:01.125663
[2023-08-26T21:53:12.528+0000] {dag_etl.py:79} INFO - Loading drones...
[2023-08-26T21:53:13.826+0000] {dag_etl.py:82} INFO - Complete load drones: 0:00:01.298570
[2023-08-26T21:53:13.827+0000] {dag_etl.py:84} INFO - Loading pilots...
[2023-08-26T21:53:15.700+0000] {dag_etl.py:87} INFO - Complete load drones: 0:00:01.873675
[2023-08-26T21:53:15.700+0000] {dag_etl.py:89} INFO - Loading talents...
[2023-08-26T21:53:16.790+0000] {dag_etl.py:92} INFO - Complete load drones: 0:00:01.090233
[2023-08-26T21:53:16.791+0000] {dag_etl.py:94} INFO - Loading expert_items...
[2023-08-26T21:53:17.787+0000] {dag_etl.py:97} INFO - Complete load drones: 0:00:00.996581
[2023-08-26T21:53:17.787+0000] {dag_etl.py:99} INFO - Complete ETL Users in : 0:00:12.721581
[2023-08-26T21:53:17.813+0000] {python.py:194} INFO - Done. Returned value was: None
[2023-08-26T21:53:17.850+0000] {taskinstance.py:1400} INFO - Marking task as SUCCESS. dag_id=gaas_etl_1, task_id=etl_user, execution_date=20230826T215200, start_date=20230826T215303, end_date=20230826T215317
[2023-08-26T21:53:17.917+0000] {local_task_job_runner.py:228} INFO - Task exited with return code 0
[2023-08-26T21:53:17.947+0000] {taskinstance.py:2784} INFO - 0 downstream tasks scheduled from follow-on schedule check
