[2023-08-26T10:07:04.882+0000] {taskinstance.py:1159} INFO - Dependencies all met for dep_context=non-requeueable deps ti=<TaskInstance: gaas_etl_1.etl_user scheduled__2023-08-26T10:06:00+00:00 [queued]>
[2023-08-26T10:07:04.899+0000] {taskinstance.py:1159} INFO - Dependencies all met for dep_context=requeueable deps ti=<TaskInstance: gaas_etl_1.etl_user scheduled__2023-08-26T10:06:00+00:00 [queued]>
[2023-08-26T10:07:04.900+0000] {taskinstance.py:1361} INFO - Starting attempt 1 of 1
[2023-08-26T10:07:04.928+0000] {taskinstance.py:1382} INFO - Executing <Task(PythonOperator): etl_user> on 2023-08-26 10:06:00+00:00
[2023-08-26T10:07:04.938+0000] {standard_task_runner.py:57} INFO - Started process 296924 to run task
[2023-08-26T10:07:04.955+0000] {standard_task_runner.py:84} INFO - Running: ['airflow', 'tasks', 'run', 'gaas_etl_1', 'etl_user', 'scheduled__2023-08-26T10:06:00+00:00', '--job-id', '1090', '--raw', '--subdir', 'DAGS_FOLDER/dag_etl.py', '--cfg-path', '/tmp/tmp1bbulfok']
[2023-08-26T10:07:04.961+0000] {standard_task_runner.py:85} INFO - Job 1090: Subtask etl_user
[2023-08-26T10:07:05.134+0000] {task_command.py:415} INFO - Running <TaskInstance: gaas_etl_1.etl_user scheduled__2023-08-26T10:06:00+00:00 [running]> on host data-system.us-central1-a.c.data-system-392010.internal
[2023-08-26T10:07:05.373+0000] {taskinstance.py:1660} INFO - Exporting env vars: AIRFLOW_CTX_DAG_EMAIL='hungnm15012002@gmail.com' AIRFLOW_CTX_DAG_OWNER='hungnm' AIRFLOW_CTX_DAG_ID='gaas_etl_1' AIRFLOW_CTX_TASK_ID='etl_user' AIRFLOW_CTX_EXECUTION_DATE='2023-08-26T10:06:00+00:00' AIRFLOW_CTX_TRY_NUMBER='1' AIRFLOW_CTX_DAG_RUN_ID='scheduled__2023-08-26T10:06:00+00:00'
[2023-08-26T10:07:05.398+0000] {dag_etl.py:28} INFO - Extracting user...
[2023-08-26T10:07:09.141+0000] {extract.py:36} INFO - Request time: 0:00:03.742627
[2023-08-26T10:07:09.192+0000] {extract.py:42} INFO - Create DataFrame time: 0:00:00.049697
[2023-08-26T10:07:09.197+0000] {dag_etl.py:31} INFO - Complete extract user: 0:00:03.798918
[2023-08-26T10:07:09.198+0000] {dag_etl.py:33} INFO - Extracting resource...
[2023-08-26T10:07:14.248+0000] {extract.py:36} INFO - Request time: 0:00:05.050346
[2023-08-26T10:07:14.256+0000] {extract.py:42} INFO - Create DataFrame time: 0:00:00.007097
[2023-08-26T10:07:14.258+0000] {dag_etl.py:36} INFO - Complete extract resource: 0:00:05.061093
[2023-08-26T10:07:14.259+0000] {dag_etl.py:38} INFO - Transforming user...
[2023-08-26T10:07:14.293+0000] {dag_etl.py:42} INFO - Complete transform user: 0:00:00.034431
[2023-08-26T10:07:14.293+0000] {dag_etl.py:44} INFO - transform space_ships...
[2023-08-26T10:07:14.310+0000] {dag_etl.py:47} INFO - Complete transform space_ships: 0:00:00.017828
[2023-08-26T10:07:14.311+0000] {dag_etl.py:49} INFO - transform drones...
[2023-08-26T10:07:14.324+0000] {dag_etl.py:52} INFO - Complete transform drones: 0:00:00.013544
[2023-08-26T10:07:14.324+0000] {dag_etl.py:54} INFO - transform pilots...
[2023-08-26T10:07:14.333+0000] {dag_etl.py:57} INFO - Complete transform pilots: 0:00:00.009319
[2023-08-26T10:07:14.334+0000] {dag_etl.py:59} INFO - transform talents...
[2023-08-26T10:07:14.340+0000] {dag_etl.py:62} INFO - Complete transform talents: 0:00:00.006678
[2023-08-26T10:07:14.340+0000] {dag_etl.py:64} INFO - transform expert_items...
[2023-08-26T10:07:14.347+0000] {dag_etl.py:67} INFO - Complete transform expert_items: 0:00:00.006652
[2023-08-26T10:07:14.347+0000] {dag_etl.py:69} INFO - Loading user...
[2023-08-26T10:07:14.364+0000] {dag_etl.py:72} INFO - Complete load user: 0:00:00.017815
[2023-08-26T10:07:14.365+0000] {dag_etl.py:74} INFO - Loading space_ships...
[2023-08-26T10:07:14.396+0000] {dag_etl.py:77} INFO - Complete load space_ships: 0:00:00.031972
[2023-08-26T10:07:14.397+0000] {dag_etl.py:79} INFO - Loading drones...
[2023-08-26T10:07:14.414+0000] {dag_etl.py:82} INFO - Complete load drones: 0:00:00.017964
[2023-08-26T10:07:14.415+0000] {dag_etl.py:84} INFO - Loading pilots...
[2023-08-26T10:07:14.452+0000] {dag_etl.py:87} INFO - Complete load drones: 0:00:00.038110
[2023-08-26T10:07:14.454+0000] {dag_etl.py:89} INFO - Loading talents...
[2023-08-26T10:07:14.467+0000] {dag_etl.py:92} INFO - Complete load drones: 0:00:00.014484
[2023-08-26T10:07:14.468+0000] {dag_etl.py:94} INFO - Loading expert_items...
[2023-08-26T10:07:14.471+0000] {dag_etl.py:97} INFO - Complete load drones: 0:00:00.004368
[2023-08-26T10:07:14.472+0000] {dag_etl.py:99} INFO - Complete ETL Users in : 0:00:09.073656
[2023-08-26T10:07:14.473+0000] {python.py:194} INFO - Done. Returned value was: None
[2023-08-26T10:07:14.488+0000] {taskinstance.py:1400} INFO - Marking task as SUCCESS. dag_id=gaas_etl_1, task_id=etl_user, execution_date=20230826T100600, start_date=20230826T100704, end_date=20230826T100714
[2023-08-26T10:07:14.526+0000] {local_task_job_runner.py:228} INFO - Task exited with return code 0
[2023-08-26T10:07:14.550+0000] {taskinstance.py:2784} INFO - 0 downstream tasks scheduled from follow-on schedule check
