[2023-08-27T03:46:07.872+0000] {taskinstance.py:1159} INFO - Dependencies all met for dep_context=non-requeueable deps ti=<TaskInstance: gaas_etl_1.etl_user scheduled__2023-08-27T03:45:00+00:00 [queued]>
[2023-08-27T03:46:07.892+0000] {taskinstance.py:1159} INFO - Dependencies all met for dep_context=requeueable deps ti=<TaskInstance: gaas_etl_1.etl_user scheduled__2023-08-27T03:45:00+00:00 [queued]>
[2023-08-27T03:46:07.893+0000] {taskinstance.py:1361} INFO - Starting attempt 1 of 1
[2023-08-27T03:46:07.921+0000] {taskinstance.py:1382} INFO - Executing <Task(PythonOperator): etl_user> on 2023-08-27 03:45:00+00:00
[2023-08-27T03:46:07.931+0000] {standard_task_runner.py:57} INFO - Started process 356862 to run task
[2023-08-27T03:46:07.955+0000] {standard_task_runner.py:84} INFO - Running: ['airflow', 'tasks', 'run', 'gaas_etl_1', 'etl_user', 'scheduled__2023-08-27T03:45:00+00:00', '--job-id', '4267', '--raw', '--subdir', 'DAGS_FOLDER/dag_etl.py', '--cfg-path', '/tmp/tmpr035bkj9']
[2023-08-27T03:46:07.964+0000] {standard_task_runner.py:85} INFO - Job 4267: Subtask etl_user
[2023-08-27T03:46:08.398+0000] {task_command.py:415} INFO - Running <TaskInstance: gaas_etl_1.etl_user scheduled__2023-08-27T03:45:00+00:00 [running]> on host data-system.us-central1-a.c.data-system-392010.internal
[2023-08-27T03:46:09.215+0000] {taskinstance.py:1660} INFO - Exporting env vars: AIRFLOW_CTX_DAG_EMAIL='hungnm15012002@gmail.com' AIRFLOW_CTX_DAG_OWNER='hungnm' AIRFLOW_CTX_DAG_ID='gaas_etl_1' AIRFLOW_CTX_TASK_ID='etl_user' AIRFLOW_CTX_EXECUTION_DATE='2023-08-27T03:45:00+00:00' AIRFLOW_CTX_TRY_NUMBER='1' AIRFLOW_CTX_DAG_RUN_ID='scheduled__2023-08-27T03:45:00+00:00'
[2023-08-27T03:46:09.244+0000] {dag_etl.py:28} INFO - Extracting user...
[2023-08-27T03:46:15.633+0000] {extract.py:36} INFO - Request time: 0:00:06.388426
[2023-08-27T03:46:15.796+0000] {extract.py:42} INFO - Create DataFrame time: 0:00:00.162019
[2023-08-27T03:46:15.799+0000] {dag_etl.py:31} INFO - Complete extract user: 0:00:06.555218
[2023-08-27T03:46:15.800+0000] {dag_etl.py:33} INFO - Extracting resource...
[2023-08-27T03:46:18.010+0000] {extract.py:36} INFO - Request time: 0:00:02.210179
[2023-08-27T03:46:18.082+0000] {extract.py:42} INFO - Create DataFrame time: 0:00:00.071533
[2023-08-27T03:46:18.085+0000] {dag_etl.py:36} INFO - Complete extract resource: 0:00:02.285766
[2023-08-27T03:46:18.086+0000] {dag_etl.py:38} INFO - Transforming user...
[2023-08-27T03:46:18.432+0000] {dag_etl.py:42} INFO - Complete transform user: 0:00:00.347368
[2023-08-27T03:46:18.433+0000] {dag_etl.py:44} INFO - transform space_ships...
[2023-08-27T03:46:18.647+0000] {dag_etl.py:47} INFO - Complete transform space_ships: 0:00:00.214478
[2023-08-27T03:46:18.647+0000] {dag_etl.py:49} INFO - transform drones...
[2023-08-27T03:46:18.785+0000] {dag_etl.py:52} INFO - Complete transform drones: 0:00:00.138041
[2023-08-27T03:46:18.785+0000] {dag_etl.py:54} INFO - transform pilots...
[2023-08-27T03:46:18.850+0000] {dag_etl.py:57} INFO - Complete transform pilots: 0:00:00.065323
[2023-08-27T03:46:18.851+0000] {dag_etl.py:59} INFO - transform talents...
[2023-08-27T03:46:18.876+0000] {dag_etl.py:62} INFO - Complete transform talents: 0:00:00.025721
[2023-08-27T03:46:18.876+0000] {dag_etl.py:64} INFO - transform expert_items...
[2023-08-27T03:46:18.904+0000] {dag_etl.py:67} INFO - Complete transform expert_items: 0:00:00.028500
[2023-08-27T03:46:18.905+0000] {dag_etl.py:69} INFO - Loading user...
[2023-08-27T03:46:20.074+0000] {dag_etl.py:72} INFO - Complete load user: 0:00:01.169531
[2023-08-27T03:46:20.075+0000] {dag_etl.py:74} INFO - Loading space_ships...
[2023-08-27T03:46:21.569+0000] {dag_etl.py:77} INFO - Complete load space_ships: 0:00:01.494938
[2023-08-27T03:46:21.569+0000] {dag_etl.py:79} INFO - Loading drones...
[2023-08-27T03:46:22.938+0000] {dag_etl.py:82} INFO - Complete load drones: 0:00:01.369275
[2023-08-27T03:46:22.939+0000] {dag_etl.py:84} INFO - Loading pilots...
[2023-08-27T03:46:24.705+0000] {dag_etl.py:87} INFO - Complete load drones: 0:00:01.766611
[2023-08-27T03:46:24.705+0000] {dag_etl.py:89} INFO - Loading talents...
[2023-08-27T03:46:25.715+0000] {dag_etl.py:92} INFO - Complete load drones: 0:00:01.010752
[2023-08-27T03:46:25.716+0000] {dag_etl.py:94} INFO - Loading expert_items...
[2023-08-27T03:46:26.526+0000] {dag_etl.py:97} INFO - Complete load drones: 0:00:00.810348
[2023-08-27T03:46:26.527+0000] {dag_etl.py:99} INFO - Complete ETL Users in : 0:00:17.282775
[2023-08-27T03:46:26.553+0000] {python.py:194} INFO - Done. Returned value was: None
[2023-08-27T03:46:26.591+0000] {taskinstance.py:1400} INFO - Marking task as SUCCESS. dag_id=gaas_etl_1, task_id=etl_user, execution_date=20230827T034500, start_date=20230827T034607, end_date=20230827T034626
[2023-08-27T03:46:26.685+0000] {local_task_job_runner.py:228} INFO - Task exited with return code 0
[2023-08-27T03:46:26.739+0000] {taskinstance.py:2784} INFO - 0 downstream tasks scheduled from follow-on schedule check
