[2023-08-28T00:15:06.656+0000] {taskinstance.py:1159} INFO - Dependencies all met for dep_context=non-requeueable deps ti=<TaskInstance: gaas_etl_1.etl_user scheduled__2023-08-28T00:14:00+00:00 [queued]>
[2023-08-28T00:15:06.672+0000] {taskinstance.py:1159} INFO - Dependencies all met for dep_context=requeueable deps ti=<TaskInstance: gaas_etl_1.etl_user scheduled__2023-08-28T00:14:00+00:00 [queued]>
[2023-08-28T00:15:06.673+0000] {taskinstance.py:1361} INFO - Starting attempt 1 of 1
[2023-08-28T00:15:06.709+0000] {taskinstance.py:1382} INFO - Executing <Task(PythonOperator): etl_user> on 2023-08-28 00:14:00+00:00
[2023-08-28T00:15:06.718+0000] {standard_task_runner.py:57} INFO - Started process 478497 to run task
[2023-08-28T00:15:06.733+0000] {standard_task_runner.py:84} INFO - Running: ['airflow', 'tasks', 'run', 'gaas_etl_1', 'etl_user', 'scheduled__2023-08-28T00:14:00+00:00', '--job-id', '7956', '--raw', '--subdir', 'DAGS_FOLDER/dag_etl.py', '--cfg-path', '/tmp/tmp4f03gk0z']
[2023-08-28T00:15:06.739+0000] {standard_task_runner.py:85} INFO - Job 7956: Subtask etl_user
[2023-08-28T00:15:07.787+0000] {task_command.py:415} INFO - Running <TaskInstance: gaas_etl_1.etl_user scheduled__2023-08-28T00:14:00+00:00 [running]> on host data-system.us-central1-a.c.data-system-392010.internal
[2023-08-28T00:15:08.368+0000] {taskinstance.py:1660} INFO - Exporting env vars: AIRFLOW_CTX_DAG_EMAIL='hungnm15012002@gmail.com' AIRFLOW_CTX_DAG_OWNER='hungnm' AIRFLOW_CTX_DAG_ID='gaas_etl_1' AIRFLOW_CTX_TASK_ID='etl_user' AIRFLOW_CTX_EXECUTION_DATE='2023-08-28T00:14:00+00:00' AIRFLOW_CTX_TRY_NUMBER='1' AIRFLOW_CTX_DAG_RUN_ID='scheduled__2023-08-28T00:14:00+00:00'
[2023-08-28T00:15:08.391+0000] {dag_etl.py:28} INFO - Extracting user...
[2023-08-28T00:15:13.651+0000] {extract.py:36} INFO - Request time: 0:00:05.259922
[2023-08-28T00:15:14.428+0000] {extract.py:42} INFO - Create DataFrame time: 0:00:00.776491
[2023-08-28T00:15:14.433+0000] {dag_etl.py:31} INFO - Complete extract user: 0:00:06.042636
[2023-08-28T00:15:14.435+0000] {dag_etl.py:33} INFO - Extracting resource...
[2023-08-28T00:15:16.654+0000] {extract.py:36} INFO - Request time: 0:00:02.219515
[2023-08-28T00:15:16.720+0000] {extract.py:42} INFO - Create DataFrame time: 0:00:00.065322
[2023-08-28T00:15:16.724+0000] {dag_etl.py:36} INFO - Complete extract resource: 0:00:02.291047
[2023-08-28T00:15:16.726+0000] {dag_etl.py:38} INFO - Transforming user...
[2023-08-28T00:15:17.008+0000] {dag_etl.py:42} INFO - Complete transform user: 0:00:00.283784
[2023-08-28T00:15:17.009+0000] {dag_etl.py:44} INFO - transform space_ships...
[2023-08-28T00:15:17.198+0000] {dag_etl.py:47} INFO - Complete transform space_ships: 0:00:00.189609
[2023-08-28T00:15:17.198+0000] {dag_etl.py:49} INFO - transform drones...
[2023-08-28T00:15:17.419+0000] {dag_etl.py:52} INFO - Complete transform drones: 0:00:00.221472
[2023-08-28T00:15:17.422+0000] {dag_etl.py:54} INFO - transform pilots...
[2023-08-28T00:15:17.570+0000] {dag_etl.py:57} INFO - Complete transform pilots: 0:00:00.150843
[2023-08-28T00:15:17.571+0000] {dag_etl.py:59} INFO - transform talents...
[2023-08-28T00:15:17.659+0000] {dag_etl.py:62} INFO - Complete transform talents: 0:00:00.089000
[2023-08-28T00:15:17.659+0000] {dag_etl.py:64} INFO - transform expert_items...
[2023-08-28T00:15:17.783+0000] {dag_etl.py:67} INFO - Complete transform expert_items: 0:00:00.124103
[2023-08-28T00:15:17.786+0000] {dag_etl.py:69} INFO - Loading user...
[2023-08-28T00:15:19.370+0000] {dag_etl.py:72} INFO - Complete load user: 0:00:01.586791
[2023-08-28T00:15:19.371+0000] {dag_etl.py:74} INFO - Loading space_ships...
[2023-08-28T00:15:21.567+0000] {dag_etl.py:77} INFO - Complete load space_ships: 0:00:02.197564
[2023-08-28T00:15:21.568+0000] {dag_etl.py:79} INFO - Loading drones...
[2023-08-28T00:15:23.385+0000] {dag_etl.py:82} INFO - Complete load drones: 0:00:01.817266
[2023-08-28T00:15:23.385+0000] {dag_etl.py:84} INFO - Loading pilots...
[2023-08-28T00:15:26.005+0000] {dag_etl.py:87} INFO - Complete load drones: 0:00:02.619905
[2023-08-28T00:15:26.005+0000] {dag_etl.py:89} INFO - Loading talents...
[2023-08-28T00:15:27.737+0000] {dag_etl.py:92} INFO - Complete load drones: 0:00:01.732241
[2023-08-28T00:15:27.737+0000] {dag_etl.py:94} INFO - Loading expert_items...
[2023-08-28T00:15:28.882+0000] {dag_etl.py:97} INFO - Complete load drones: 0:00:01.144883
[2023-08-28T00:15:28.882+0000] {dag_etl.py:99} INFO - Complete ETL Users in : 0:00:20.491845
[2023-08-28T00:15:28.944+0000] {python.py:194} INFO - Done. Returned value was: None
[2023-08-28T00:15:29.267+0000] {taskinstance.py:1400} INFO - Marking task as SUCCESS. dag_id=gaas_etl_1, task_id=etl_user, execution_date=20230828T001400, start_date=20230828T001506, end_date=20230828T001529
[2023-08-28T00:15:29.361+0000] {local_task_job_runner.py:228} INFO - Task exited with return code 0
[2023-08-28T00:15:29.408+0000] {taskinstance.py:2784} INFO - 0 downstream tasks scheduled from follow-on schedule check
