[2023-08-27T21:37:09.978+0000] {taskinstance.py:1159} INFO - Dependencies all met for dep_context=non-requeueable deps ti=<TaskInstance: gaas_etl_1.etl_user scheduled__2023-08-27T21:36:00+00:00 [queued]>
[2023-08-27T21:37:09.994+0000] {taskinstance.py:1159} INFO - Dependencies all met for dep_context=requeueable deps ti=<TaskInstance: gaas_etl_1.etl_user scheduled__2023-08-27T21:36:00+00:00 [queued]>
[2023-08-27T21:37:09.994+0000] {taskinstance.py:1361} INFO - Starting attempt 1 of 1
[2023-08-27T21:37:10.021+0000] {taskinstance.py:1382} INFO - Executing <Task(PythonOperator): etl_user> on 2023-08-27 21:36:00+00:00
[2023-08-27T21:37:10.031+0000] {standard_task_runner.py:57} INFO - Started process 462064 to run task
[2023-08-27T21:37:10.044+0000] {standard_task_runner.py:84} INFO - Running: ['airflow', 'tasks', 'run', 'gaas_etl_1', 'etl_user', 'scheduled__2023-08-27T21:36:00+00:00', '--job-id', '7481', '--raw', '--subdir', 'DAGS_FOLDER/dag_etl.py', '--cfg-path', '/tmp/tmpx1lq8z6f']
[2023-08-27T21:37:10.050+0000] {standard_task_runner.py:85} INFO - Job 7481: Subtask etl_user
[2023-08-27T21:37:10.531+0000] {task_command.py:415} INFO - Running <TaskInstance: gaas_etl_1.etl_user scheduled__2023-08-27T21:36:00+00:00 [running]> on host data-system.us-central1-a.c.data-system-392010.internal
[2023-08-27T21:37:11.484+0000] {taskinstance.py:1660} INFO - Exporting env vars: AIRFLOW_CTX_DAG_EMAIL='hungnm15012002@gmail.com' AIRFLOW_CTX_DAG_OWNER='hungnm' AIRFLOW_CTX_DAG_ID='gaas_etl_1' AIRFLOW_CTX_TASK_ID='etl_user' AIRFLOW_CTX_EXECUTION_DATE='2023-08-27T21:36:00+00:00' AIRFLOW_CTX_TRY_NUMBER='1' AIRFLOW_CTX_DAG_RUN_ID='scheduled__2023-08-27T21:36:00+00:00'
[2023-08-27T21:37:11.528+0000] {dag_etl.py:28} INFO - Extracting user...
[2023-08-27T21:37:22.637+0000] {extract.py:36} INFO - Request time: 0:00:11.108207
[2023-08-27T21:37:23.008+0000] {extract.py:42} INFO - Create DataFrame time: 0:00:00.370799
[2023-08-27T21:37:23.012+0000] {dag_etl.py:31} INFO - Complete extract user: 0:00:11.483790
[2023-08-27T21:37:23.012+0000] {dag_etl.py:33} INFO - Extracting resource...
[2023-08-27T21:37:34.245+0000] {extract.py:36} INFO - Request time: 0:00:11.233092
[2023-08-27T21:37:34.366+0000] {extract.py:42} INFO - Create DataFrame time: 0:00:00.106920
[2023-08-27T21:37:34.369+0000] {dag_etl.py:36} INFO - Complete extract resource: 0:00:11.357684
[2023-08-27T21:37:34.371+0000] {dag_etl.py:38} INFO - Transforming user...
[2023-08-27T21:37:34.612+0000] {dag_etl.py:42} INFO - Complete transform user: 0:00:00.242949
[2023-08-27T21:37:34.613+0000] {dag_etl.py:44} INFO - transform space_ships...
[2023-08-27T21:37:34.782+0000] {dag_etl.py:47} INFO - Complete transform space_ships: 0:00:00.169307
[2023-08-27T21:37:34.782+0000] {dag_etl.py:49} INFO - transform drones...
[2023-08-27T21:37:34.902+0000] {dag_etl.py:52} INFO - Complete transform drones: 0:00:00.120638
[2023-08-27T21:37:34.903+0000] {dag_etl.py:54} INFO - transform pilots...
[2023-08-27T21:37:34.974+0000] {dag_etl.py:57} INFO - Complete transform pilots: 0:00:00.071666
[2023-08-27T21:37:34.975+0000] {dag_etl.py:59} INFO - transform talents...
[2023-08-27T21:37:35.011+0000] {dag_etl.py:62} INFO - Complete transform talents: 0:00:00.037159
[2023-08-27T21:37:35.011+0000] {dag_etl.py:64} INFO - transform expert_items...
[2023-08-27T21:37:35.045+0000] {dag_etl.py:67} INFO - Complete transform expert_items: 0:00:00.034262
[2023-08-27T21:37:35.046+0000] {dag_etl.py:69} INFO - Loading user...
[2023-08-27T21:37:36.157+0000] {dag_etl.py:72} INFO - Complete load user: 0:00:01.112205
[2023-08-27T21:37:36.158+0000] {dag_etl.py:74} INFO - Loading space_ships...
[2023-08-27T21:37:37.725+0000] {dag_etl.py:77} INFO - Complete load space_ships: 0:00:01.568012
[2023-08-27T21:37:37.726+0000] {dag_etl.py:79} INFO - Loading drones...
[2023-08-27T21:37:39.262+0000] {dag_etl.py:82} INFO - Complete load drones: 0:00:01.536335
[2023-08-27T21:37:39.262+0000] {dag_etl.py:84} INFO - Loading pilots...
[2023-08-27T21:37:41.312+0000] {dag_etl.py:87} INFO - Complete load drones: 0:00:02.050077
[2023-08-27T21:37:41.312+0000] {dag_etl.py:89} INFO - Loading talents...
[2023-08-27T21:37:42.591+0000] {dag_etl.py:92} INFO - Complete load drones: 0:00:01.279259
[2023-08-27T21:37:42.592+0000] {dag_etl.py:94} INFO - Loading expert_items...
[2023-08-27T21:37:43.543+0000] {dag_etl.py:97} INFO - Complete load drones: 0:00:00.951556
[2023-08-27T21:37:43.543+0000] {dag_etl.py:99} INFO - Complete ETL Users in : 0:00:32.015679
[2023-08-27T21:37:43.567+0000] {python.py:194} INFO - Done. Returned value was: None
[2023-08-27T21:37:43.584+0000] {taskinstance.py:1400} INFO - Marking task as SUCCESS. dag_id=gaas_etl_1, task_id=etl_user, execution_date=20230827T213600, start_date=20230827T213709, end_date=20230827T213743
[2023-08-27T21:37:43.673+0000] {local_task_job_runner.py:228} INFO - Task exited with return code 0
[2023-08-27T21:37:43.723+0000] {taskinstance.py:2784} INFO - 0 downstream tasks scheduled from follow-on schedule check
