[2023-08-27T18:28:06.518+0000] {taskinstance.py:1159} INFO - Dependencies all met for dep_context=non-requeueable deps ti=<TaskInstance: gaas_etl_1.etl_user scheduled__2023-08-27T18:27:00+00:00 [queued]>
[2023-08-27T18:28:06.536+0000] {taskinstance.py:1159} INFO - Dependencies all met for dep_context=requeueable deps ti=<TaskInstance: gaas_etl_1.etl_user scheduled__2023-08-27T18:27:00+00:00 [queued]>
[2023-08-27T18:28:06.537+0000] {taskinstance.py:1361} INFO - Starting attempt 1 of 1
[2023-08-27T18:28:06.565+0000] {taskinstance.py:1382} INFO - Executing <Task(PythonOperator): etl_user> on 2023-08-27 18:27:00+00:00
[2023-08-27T18:28:06.574+0000] {standard_task_runner.py:57} INFO - Started process 442090 to run task
[2023-08-27T18:28:06.588+0000] {standard_task_runner.py:84} INFO - Running: ['airflow', 'tasks', 'run', 'gaas_etl_1', 'etl_user', 'scheduled__2023-08-27T18:27:00+00:00', '--job-id', '6914', '--raw', '--subdir', 'DAGS_FOLDER/dag_etl.py', '--cfg-path', '/tmp/tmpl5_8euap']
[2023-08-27T18:28:06.594+0000] {standard_task_runner.py:85} INFO - Job 6914: Subtask etl_user
[2023-08-27T18:28:07.092+0000] {task_command.py:415} INFO - Running <TaskInstance: gaas_etl_1.etl_user scheduled__2023-08-27T18:27:00+00:00 [running]> on host data-system.us-central1-a.c.data-system-392010.internal
[2023-08-27T18:28:08.055+0000] {taskinstance.py:1660} INFO - Exporting env vars: AIRFLOW_CTX_DAG_EMAIL='hungnm15012002@gmail.com' AIRFLOW_CTX_DAG_OWNER='hungnm' AIRFLOW_CTX_DAG_ID='gaas_etl_1' AIRFLOW_CTX_TASK_ID='etl_user' AIRFLOW_CTX_EXECUTION_DATE='2023-08-27T18:27:00+00:00' AIRFLOW_CTX_TRY_NUMBER='1' AIRFLOW_CTX_DAG_RUN_ID='scheduled__2023-08-27T18:27:00+00:00'
[2023-08-27T18:28:08.083+0000] {dag_etl.py:28} INFO - Extracting user...
[2023-08-27T18:28:26.837+0000] {extract.py:36} INFO - Request time: 0:00:18.753022
[2023-08-27T18:28:27.101+0000] {extract.py:42} INFO - Create DataFrame time: 0:00:00.263804
[2023-08-27T18:28:27.104+0000] {dag_etl.py:31} INFO - Complete extract user: 0:00:19.021490
[2023-08-27T18:28:27.105+0000] {dag_etl.py:33} INFO - Extracting resource...
[2023-08-27T18:28:47.035+0000] {extract.py:36} INFO - Request time: 0:00:19.929481
[2023-08-27T18:28:47.072+0000] {extract.py:42} INFO - Create DataFrame time: 0:00:00.035882
[2023-08-27T18:28:47.074+0000] {dag_etl.py:36} INFO - Complete extract resource: 0:00:19.969147
[2023-08-27T18:28:47.075+0000] {dag_etl.py:38} INFO - Transforming user...
[2023-08-27T18:28:47.225+0000] {dag_etl.py:42} INFO - Complete transform user: 0:00:00.151765
[2023-08-27T18:28:47.226+0000] {dag_etl.py:44} INFO - transform space_ships...
[2023-08-27T18:28:47.323+0000] {dag_etl.py:47} INFO - Complete transform space_ships: 0:00:00.097149
[2023-08-27T18:28:47.323+0000] {dag_etl.py:49} INFO - transform drones...
[2023-08-27T18:28:47.392+0000] {dag_etl.py:52} INFO - Complete transform drones: 0:00:00.069429
[2023-08-27T18:28:47.393+0000] {dag_etl.py:54} INFO - transform pilots...
[2023-08-27T18:28:47.444+0000] {dag_etl.py:57} INFO - Complete transform pilots: 0:00:00.051650
[2023-08-27T18:28:47.444+0000] {dag_etl.py:59} INFO - transform talents...
[2023-08-27T18:28:47.468+0000] {dag_etl.py:62} INFO - Complete transform talents: 0:00:00.024408
[2023-08-27T18:28:47.468+0000] {dag_etl.py:64} INFO - transform expert_items...
[2023-08-27T18:28:47.492+0000] {dag_etl.py:67} INFO - Complete transform expert_items: 0:00:00.024061
[2023-08-27T18:28:47.493+0000] {dag_etl.py:69} INFO - Loading user...
[2023-08-27T18:28:48.575+0000] {dag_etl.py:72} INFO - Complete load user: 0:00:01.082931
[2023-08-27T18:28:48.575+0000] {dag_etl.py:74} INFO - Loading space_ships...
[2023-08-27T18:28:50.016+0000] {dag_etl.py:77} INFO - Complete load space_ships: 0:00:01.440583
[2023-08-27T18:28:50.016+0000] {dag_etl.py:79} INFO - Loading drones...
[2023-08-27T18:28:51.264+0000] {dag_etl.py:82} INFO - Complete load drones: 0:00:01.247943
[2023-08-27T18:28:51.264+0000] {dag_etl.py:84} INFO - Loading pilots...
[2023-08-27T18:28:53.793+0000] {dag_etl.py:87} INFO - Complete load drones: 0:00:02.528970
[2023-08-27T18:28:53.793+0000] {dag_etl.py:89} INFO - Loading talents...
[2023-08-27T18:28:55.030+0000] {dag_etl.py:92} INFO - Complete load drones: 0:00:01.237549
[2023-08-27T18:28:55.031+0000] {dag_etl.py:94} INFO - Loading expert_items...
[2023-08-27T18:28:56.015+0000] {dag_etl.py:97} INFO - Complete load drones: 0:00:00.985116
[2023-08-27T18:28:56.016+0000] {dag_etl.py:99} INFO - Complete ETL Users in : 0:00:47.932800
[2023-08-27T18:28:56.042+0000] {python.py:194} INFO - Done. Returned value was: None
[2023-08-27T18:28:56.063+0000] {taskinstance.py:1400} INFO - Marking task as SUCCESS. dag_id=gaas_etl_1, task_id=etl_user, execution_date=20230827T182700, start_date=20230827T182806, end_date=20230827T182856
[2023-08-27T18:28:56.125+0000] {local_task_job_runner.py:228} INFO - Task exited with return code 0
[2023-08-27T18:28:56.148+0000] {taskinstance.py:2784} INFO - 0 downstream tasks scheduled from follow-on schedule check
