[2023-08-26T12:36:04.908+0000] {taskinstance.py:1159} INFO - Dependencies all met for dep_context=non-requeueable deps ti=<TaskInstance: gaas_etl_1.etl_user scheduled__2023-08-26T12:35:00+00:00 [queued]>
[2023-08-26T12:36:04.950+0000] {taskinstance.py:1159} INFO - Dependencies all met for dep_context=requeueable deps ti=<TaskInstance: gaas_etl_1.etl_user scheduled__2023-08-26T12:35:00+00:00 [queued]>
[2023-08-26T12:36:04.950+0000] {taskinstance.py:1361} INFO - Starting attempt 1 of 1
[2023-08-26T12:36:05.004+0000] {taskinstance.py:1382} INFO - Executing <Task(PythonOperator): etl_user> on 2023-08-26 12:35:00+00:00
[2023-08-26T12:36:05.012+0000] {standard_task_runner.py:57} INFO - Started process 311658 to run task
[2023-08-26T12:36:05.031+0000] {standard_task_runner.py:84} INFO - Running: ['airflow', 'tasks', 'run', 'gaas_etl_1', 'etl_user', 'scheduled__2023-08-26T12:35:00+00:00', '--job-id', '1538', '--raw', '--subdir', 'DAGS_FOLDER/dag_etl.py', '--cfg-path', '/tmp/tmpqc1wm2ji']
[2023-08-26T12:36:05.036+0000] {standard_task_runner.py:85} INFO - Job 1538: Subtask etl_user
[2023-08-26T12:36:05.312+0000] {task_command.py:415} INFO - Running <TaskInstance: gaas_etl_1.etl_user scheduled__2023-08-26T12:35:00+00:00 [running]> on host data-system.us-central1-a.c.data-system-392010.internal
[2023-08-26T12:36:05.647+0000] {taskinstance.py:1660} INFO - Exporting env vars: AIRFLOW_CTX_DAG_EMAIL='hungnm15012002@gmail.com' AIRFLOW_CTX_DAG_OWNER='hungnm' AIRFLOW_CTX_DAG_ID='gaas_etl_1' AIRFLOW_CTX_TASK_ID='etl_user' AIRFLOW_CTX_EXECUTION_DATE='2023-08-26T12:35:00+00:00' AIRFLOW_CTX_TRY_NUMBER='1' AIRFLOW_CTX_DAG_RUN_ID='scheduled__2023-08-26T12:35:00+00:00'
[2023-08-26T12:36:05.670+0000] {dag_etl.py:28} INFO - Extracting user...
[2023-08-26T12:36:12.712+0000] {extract.py:36} INFO - Request time: 0:00:07.042053
[2023-08-26T12:36:14.000+0000] {extract.py:42} INFO - Create DataFrame time: 0:00:01.286546
[2023-08-26T12:36:14.009+0000] {dag_etl.py:31} INFO - Complete extract user: 0:00:08.339047
[2023-08-26T12:36:14.010+0000] {dag_etl.py:33} INFO - Extracting resource...
[2023-08-26T12:36:16.309+0000] {extract.py:36} INFO - Request time: 0:00:02.298760
[2023-08-26T12:36:16.428+0000] {extract.py:42} INFO - Create DataFrame time: 0:00:00.118226
[2023-08-26T12:36:16.434+0000] {dag_etl.py:36} INFO - Complete extract resource: 0:00:02.424079
[2023-08-26T12:36:16.437+0000] {dag_etl.py:38} INFO - Transforming user...
[2023-08-26T12:36:16.953+0000] {dag_etl.py:42} INFO - Complete transform user: 0:00:00.520479
[2023-08-26T12:36:16.954+0000] {dag_etl.py:44} INFO - transform space_ships...
[2023-08-26T12:36:17.298+0000] {dag_etl.py:47} INFO - Complete transform space_ships: 0:00:00.344675
[2023-08-26T12:36:17.299+0000] {dag_etl.py:49} INFO - transform drones...
[2023-08-26T12:36:17.502+0000] {dag_etl.py:52} INFO - Complete transform drones: 0:00:00.203626
[2023-08-26T12:36:17.502+0000] {dag_etl.py:54} INFO - transform pilots...
[2023-08-26T12:36:17.652+0000] {dag_etl.py:57} INFO - Complete transform pilots: 0:00:00.150842
[2023-08-26T12:36:17.653+0000] {dag_etl.py:59} INFO - transform talents...
[2023-08-26T12:36:17.721+0000] {dag_etl.py:62} INFO - Complete transform talents: 0:00:00.068821
[2023-08-26T12:36:17.722+0000] {dag_etl.py:64} INFO - transform expert_items...
[2023-08-26T12:36:17.785+0000] {dag_etl.py:67} INFO - Complete transform expert_items: 0:00:00.063513
[2023-08-26T12:36:17.785+0000] {dag_etl.py:69} INFO - Loading user...
[2023-08-26T12:36:19.984+0000] {dag_etl.py:72} INFO - Complete load user: 0:00:02.199604
[2023-08-26T12:36:19.985+0000] {dag_etl.py:74} INFO - Loading space_ships...
[2023-08-26T12:36:24.064+0000] {dag_etl.py:77} INFO - Complete load space_ships: 0:00:04.079236
[2023-08-26T12:36:24.064+0000] {dag_etl.py:79} INFO - Loading drones...
[2023-08-26T12:36:27.116+0000] {dag_etl.py:82} INFO - Complete load drones: 0:00:03.051946
[2023-08-26T12:36:27.116+0000] {dag_etl.py:84} INFO - Loading pilots...
[2023-08-26T12:36:32.809+0000] {dag_etl.py:87} INFO - Complete load drones: 0:00:05.693728
[2023-08-26T12:36:32.810+0000] {dag_etl.py:89} INFO - Loading talents...
[2023-08-26T12:36:35.308+0000] {dag_etl.py:92} INFO - Complete load drones: 0:00:02.498619
[2023-08-26T12:36:35.308+0000] {dag_etl.py:94} INFO - Loading expert_items...
[2023-08-26T12:36:36.925+0000] {dag_etl.py:97} INFO - Complete load drones: 0:00:01.617457
[2023-08-26T12:36:36.926+0000] {dag_etl.py:99} INFO - Complete ETL Users in : 0:00:31.256203
[2023-08-26T12:36:36.968+0000] {python.py:194} INFO - Done. Returned value was: None
[2023-08-26T12:36:36.998+0000] {taskinstance.py:1400} INFO - Marking task as SUCCESS. dag_id=gaas_etl_1, task_id=etl_user, execution_date=20230826T123500, start_date=20230826T123604, end_date=20230826T123636
[2023-08-26T12:36:37.082+0000] {local_task_job_runner.py:228} INFO - Task exited with return code 0
[2023-08-26T12:36:37.107+0000] {taskinstance.py:2784} INFO - 0 downstream tasks scheduled from follow-on schedule check
