[2023-08-27T07:32:06.967+0000] {taskinstance.py:1159} INFO - Dependencies all met for dep_context=non-requeueable deps ti=<TaskInstance: gaas_etl_1.etl_user scheduled__2023-08-27T07:31:00+00:00 [queued]>
[2023-08-27T07:32:06.999+0000] {taskinstance.py:1159} INFO - Dependencies all met for dep_context=requeueable deps ti=<TaskInstance: gaas_etl_1.etl_user scheduled__2023-08-27T07:31:00+00:00 [queued]>
[2023-08-27T07:32:07.000+0000] {taskinstance.py:1361} INFO - Starting attempt 1 of 1
[2023-08-27T07:32:07.045+0000] {taskinstance.py:1382} INFO - Executing <Task(PythonOperator): etl_user> on 2023-08-27 07:31:00+00:00
[2023-08-27T07:32:07.057+0000] {standard_task_runner.py:57} INFO - Started process 375785 to run task
[2023-08-27T07:32:07.072+0000] {standard_task_runner.py:84} INFO - Running: ['airflow', 'tasks', 'run', 'gaas_etl_1', 'etl_user', 'scheduled__2023-08-27T07:31:00+00:00', '--job-id', '4946', '--raw', '--subdir', 'DAGS_FOLDER/dag_etl.py', '--cfg-path', '/tmp/tmpm9v0bi16']
[2023-08-27T07:32:07.078+0000] {standard_task_runner.py:85} INFO - Job 4946: Subtask etl_user
[2023-08-27T07:32:07.483+0000] {task_command.py:415} INFO - Running <TaskInstance: gaas_etl_1.etl_user scheduled__2023-08-27T07:31:00+00:00 [running]> on host data-system.us-central1-a.c.data-system-392010.internal
[2023-08-27T07:32:08.177+0000] {taskinstance.py:1660} INFO - Exporting env vars: AIRFLOW_CTX_DAG_EMAIL='hungnm15012002@gmail.com' AIRFLOW_CTX_DAG_OWNER='hungnm' AIRFLOW_CTX_DAG_ID='gaas_etl_1' AIRFLOW_CTX_TASK_ID='etl_user' AIRFLOW_CTX_EXECUTION_DATE='2023-08-27T07:31:00+00:00' AIRFLOW_CTX_TRY_NUMBER='1' AIRFLOW_CTX_DAG_RUN_ID='scheduled__2023-08-27T07:31:00+00:00'
[2023-08-27T07:32:08.194+0000] {dag_etl.py:28} INFO - Extracting user...
[2023-08-27T07:32:15.206+0000] {extract.py:36} INFO - Request time: 0:00:07.012190
[2023-08-27T07:32:16.324+0000] {extract.py:42} INFO - Create DataFrame time: 0:00:01.117212
[2023-08-27T07:32:16.333+0000] {dag_etl.py:31} INFO - Complete extract user: 0:00:08.139045
[2023-08-27T07:32:16.334+0000] {dag_etl.py:33} INFO - Extracting resource...
[2023-08-27T07:32:19.126+0000] {extract.py:36} INFO - Request time: 0:00:02.792257
[2023-08-27T07:32:19.302+0000] {extract.py:42} INFO - Create DataFrame time: 0:00:00.175204
[2023-08-27T07:32:19.305+0000] {dag_etl.py:36} INFO - Complete extract resource: 0:00:02.972677
[2023-08-27T07:32:19.310+0000] {dag_etl.py:38} INFO - Transforming user...
[2023-08-27T07:32:19.703+0000] {dag_etl.py:42} INFO - Complete transform user: 0:00:00.397822
[2023-08-27T07:32:19.704+0000] {dag_etl.py:44} INFO - transform space_ships...
[2023-08-27T07:32:20.019+0000] {dag_etl.py:47} INFO - Complete transform space_ships: 0:00:00.315855
[2023-08-27T07:32:20.020+0000] {dag_etl.py:49} INFO - transform drones...
[2023-08-27T07:32:20.233+0000] {dag_etl.py:52} INFO - Complete transform drones: 0:00:00.214263
[2023-08-27T07:32:20.234+0000] {dag_etl.py:54} INFO - transform pilots...
[2023-08-27T07:32:20.447+0000] {dag_etl.py:57} INFO - Complete transform pilots: 0:00:00.213279
[2023-08-27T07:32:20.447+0000] {dag_etl.py:59} INFO - transform talents...
[2023-08-27T07:32:20.519+0000] {dag_etl.py:62} INFO - Complete transform talents: 0:00:00.072043
[2023-08-27T07:32:20.519+0000] {dag_etl.py:64} INFO - transform expert_items...
[2023-08-27T07:32:20.580+0000] {dag_etl.py:67} INFO - Complete transform expert_items: 0:00:00.061106
[2023-08-27T07:32:20.580+0000] {dag_etl.py:69} INFO - Loading user...
[2023-08-27T07:32:22.877+0000] {dag_etl.py:72} INFO - Complete load user: 0:00:02.297566
[2023-08-27T07:32:22.878+0000] {dag_etl.py:74} INFO - Loading space_ships...
[2023-08-27T07:32:26.373+0000] {dag_etl.py:77} INFO - Complete load space_ships: 0:00:03.495456
[2023-08-27T07:32:26.373+0000] {dag_etl.py:79} INFO - Loading drones...
[2023-08-27T07:32:29.169+0000] {dag_etl.py:82} INFO - Complete load drones: 0:00:02.796439
[2023-08-27T07:32:29.170+0000] {dag_etl.py:84} INFO - Loading pilots...
[2023-08-27T07:32:33.647+0000] {dag_etl.py:87} INFO - Complete load drones: 0:00:04.477674
[2023-08-27T07:32:33.647+0000] {dag_etl.py:89} INFO - Loading talents...
[2023-08-27T07:32:36.080+0000] {dag_etl.py:92} INFO - Complete load drones: 0:00:02.432621
[2023-08-27T07:32:36.080+0000] {dag_etl.py:94} INFO - Loading expert_items...
[2023-08-27T07:32:37.897+0000] {dag_etl.py:97} INFO - Complete load drones: 0:00:01.817541
[2023-08-27T07:32:37.898+0000] {dag_etl.py:99} INFO - Complete ETL Users in : 0:00:29.703994
[2023-08-27T07:32:37.981+0000] {python.py:194} INFO - Done. Returned value was: None
[2023-08-27T07:32:38.022+0000] {taskinstance.py:1400} INFO - Marking task as SUCCESS. dag_id=gaas_etl_1, task_id=etl_user, execution_date=20230827T073100, start_date=20230827T073206, end_date=20230827T073238
[2023-08-27T07:32:38.145+0000] {local_task_job_runner.py:228} INFO - Task exited with return code 0
[2023-08-27T07:32:38.194+0000] {taskinstance.py:2784} INFO - 0 downstream tasks scheduled from follow-on schedule check
