[2023-08-27T04:01:08.804+0000] {taskinstance.py:1159} INFO - Dependencies all met for dep_context=non-requeueable deps ti=<TaskInstance: gaas_etl_1.etl_user scheduled__2023-08-27T04:00:00+00:00 [queued]>
[2023-08-27T04:01:08.842+0000] {taskinstance.py:1159} INFO - Dependencies all met for dep_context=requeueable deps ti=<TaskInstance: gaas_etl_1.etl_user scheduled__2023-08-27T04:00:00+00:00 [queued]>
[2023-08-27T04:01:08.843+0000] {taskinstance.py:1361} INFO - Starting attempt 1 of 1
[2023-08-27T04:01:08.899+0000] {taskinstance.py:1382} INFO - Executing <Task(PythonOperator): etl_user> on 2023-08-27 04:00:00+00:00
[2023-08-27T04:01:08.910+0000] {standard_task_runner.py:57} INFO - Started process 360109 to run task
[2023-08-27T04:01:08.948+0000] {standard_task_runner.py:84} INFO - Running: ['airflow', 'tasks', 'run', 'gaas_etl_1', 'etl_user', 'scheduled__2023-08-27T04:00:00+00:00', '--job-id', '4313', '--raw', '--subdir', 'DAGS_FOLDER/dag_etl.py', '--cfg-path', '/tmp/tmpj7pdmfah']
[2023-08-27T04:01:08.960+0000] {standard_task_runner.py:85} INFO - Job 4313: Subtask etl_user
[2023-08-27T04:01:09.624+0000] {task_command.py:415} INFO - Running <TaskInstance: gaas_etl_1.etl_user scheduled__2023-08-27T04:00:00+00:00 [running]> on host data-system.us-central1-a.c.data-system-392010.internal
[2023-08-27T04:01:10.813+0000] {taskinstance.py:1660} INFO - Exporting env vars: AIRFLOW_CTX_DAG_EMAIL='hungnm15012002@gmail.com' AIRFLOW_CTX_DAG_OWNER='hungnm' AIRFLOW_CTX_DAG_ID='gaas_etl_1' AIRFLOW_CTX_TASK_ID='etl_user' AIRFLOW_CTX_EXECUTION_DATE='2023-08-27T04:00:00+00:00' AIRFLOW_CTX_TRY_NUMBER='1' AIRFLOW_CTX_DAG_RUN_ID='scheduled__2023-08-27T04:00:00+00:00'
[2023-08-27T04:01:10.892+0000] {dag_etl.py:28} INFO - Extracting user...
[2023-08-27T04:01:17.217+0000] {extract.py:36} INFO - Request time: 0:00:06.323456
[2023-08-27T04:01:19.487+0000] {extract.py:42} INFO - Create DataFrame time: 0:00:02.268821
[2023-08-27T04:01:19.515+0000] {dag_etl.py:31} INFO - Complete extract user: 0:00:08.623254
[2023-08-27T04:01:19.520+0000] {dag_etl.py:33} INFO - Extracting resource...
[2023-08-27T04:01:21.920+0000] {extract.py:36} INFO - Request time: 0:00:02.399485
[2023-08-27T04:01:22.188+0000] {extract.py:42} INFO - Create DataFrame time: 0:00:00.264364
[2023-08-27T04:01:22.193+0000] {dag_etl.py:36} INFO - Complete extract resource: 0:00:02.677877
[2023-08-27T04:01:22.196+0000] {dag_etl.py:38} INFO - Transforming user...
[2023-08-27T04:01:22.910+0000] {dag_etl.py:42} INFO - Complete transform user: 0:00:00.717056
[2023-08-27T04:01:22.911+0000] {dag_etl.py:44} INFO - transform space_ships...
[2023-08-27T04:01:23.392+0000] {dag_etl.py:47} INFO - Complete transform space_ships: 0:00:00.482332
[2023-08-27T04:01:23.393+0000] {dag_etl.py:49} INFO - transform drones...
[2023-08-27T04:01:23.717+0000] {dag_etl.py:52} INFO - Complete transform drones: 0:00:00.324490
[2023-08-27T04:01:23.718+0000] {dag_etl.py:54} INFO - transform pilots...
[2023-08-27T04:01:23.973+0000] {dag_etl.py:57} INFO - Complete transform pilots: 0:00:00.256091
[2023-08-27T04:01:23.975+0000] {dag_etl.py:59} INFO - transform talents...
[2023-08-27T04:01:24.105+0000] {dag_etl.py:62} INFO - Complete transform talents: 0:00:00.132209
[2023-08-27T04:01:24.108+0000] {dag_etl.py:64} INFO - transform expert_items...
[2023-08-27T04:01:24.325+0000] {dag_etl.py:67} INFO - Complete transform expert_items: 0:00:00.219771
[2023-08-27T04:01:24.327+0000] {dag_etl.py:69} INFO - Loading user...
[2023-08-27T04:01:29.083+0000] {dag_etl.py:72} INFO - Complete load user: 0:00:04.758076
[2023-08-27T04:01:29.084+0000] {dag_etl.py:74} INFO - Loading space_ships...
[2023-08-27T04:01:34.419+0000] {dag_etl.py:77} INFO - Complete load space_ships: 0:00:05.336023
[2023-08-27T04:01:34.420+0000] {dag_etl.py:79} INFO - Loading drones...
[2023-08-27T04:01:39.334+0000] {dag_etl.py:82} INFO - Complete load drones: 0:00:04.914679
[2023-08-27T04:01:39.334+0000] {dag_etl.py:84} INFO - Loading pilots...
[2023-08-27T04:01:44.245+0000] {dag_etl.py:87} INFO - Complete load drones: 0:00:04.911271
[2023-08-27T04:01:44.246+0000] {dag_etl.py:89} INFO - Loading talents...
[2023-08-27T04:01:46.679+0000] {dag_etl.py:92} INFO - Complete load drones: 0:00:02.433924
[2023-08-27T04:01:46.680+0000] {dag_etl.py:94} INFO - Loading expert_items...
[2023-08-27T04:01:49.191+0000] {dag_etl.py:97} INFO - Complete load drones: 0:00:02.512555
[2023-08-27T04:01:49.192+0000] {dag_etl.py:99} INFO - Complete ETL Users in : 0:00:38.300123
[2023-08-27T04:01:49.256+0000] {python.py:194} INFO - Done. Returned value was: None
[2023-08-27T04:01:49.278+0000] {taskinstance.py:1400} INFO - Marking task as SUCCESS. dag_id=gaas_etl_1, task_id=etl_user, execution_date=20230827T040000, start_date=20230827T040108, end_date=20230827T040149
[2023-08-27T04:01:49.377+0000] {local_task_job_runner.py:228} INFO - Task exited with return code 0
[2023-08-27T04:01:49.407+0000] {taskinstance.py:2784} INFO - 0 downstream tasks scheduled from follow-on schedule check
