[2023-08-26T22:47:05.014+0000] {taskinstance.py:1159} INFO - Dependencies all met for dep_context=non-requeueable deps ti=<TaskInstance: gaas_etl_1.etl_user scheduled__2023-08-26T22:46:00+00:00 [queued]>
[2023-08-26T22:47:05.039+0000] {taskinstance.py:1159} INFO - Dependencies all met for dep_context=requeueable deps ti=<TaskInstance: gaas_etl_1.etl_user scheduled__2023-08-26T22:46:00+00:00 [queued]>
[2023-08-26T22:47:05.040+0000] {taskinstance.py:1361} INFO - Starting attempt 1 of 1
[2023-08-26T22:47:05.069+0000] {taskinstance.py:1382} INFO - Executing <Task(PythonOperator): etl_user> on 2023-08-26 22:46:00+00:00
[2023-08-26T22:47:05.081+0000] {standard_task_runner.py:57} INFO - Started process 335874 to run task
[2023-08-26T22:47:05.089+0000] {standard_task_runner.py:84} INFO - Running: ['airflow', 'tasks', 'run', 'gaas_etl_1', 'etl_user', 'scheduled__2023-08-26T22:46:00+00:00', '--job-id', '3370', '--raw', '--subdir', 'DAGS_FOLDER/dag_etl.py', '--cfg-path', '/tmp/tmpb6vamrqu']
[2023-08-26T22:47:05.099+0000] {standard_task_runner.py:85} INFO - Job 3370: Subtask etl_user
[2023-08-26T22:47:05.444+0000] {task_command.py:415} INFO - Running <TaskInstance: gaas_etl_1.etl_user scheduled__2023-08-26T22:46:00+00:00 [running]> on host data-system.us-central1-a.c.data-system-392010.internal
[2023-08-26T22:47:05.767+0000] {taskinstance.py:1660} INFO - Exporting env vars: AIRFLOW_CTX_DAG_EMAIL='hungnm15012002@gmail.com' AIRFLOW_CTX_DAG_OWNER='hungnm' AIRFLOW_CTX_DAG_ID='gaas_etl_1' AIRFLOW_CTX_TASK_ID='etl_user' AIRFLOW_CTX_EXECUTION_DATE='2023-08-26T22:46:00+00:00' AIRFLOW_CTX_TRY_NUMBER='1' AIRFLOW_CTX_DAG_RUN_ID='scheduled__2023-08-26T22:46:00+00:00'
[2023-08-26T22:47:05.802+0000] {dag_etl.py:28} INFO - Extracting user...
[2023-08-26T22:47:11.527+0000] {extract.py:36} INFO - Request time: 0:00:05.724468
[2023-08-26T22:47:12.463+0000] {extract.py:42} INFO - Create DataFrame time: 0:00:00.935452
[2023-08-26T22:47:12.470+0000] {dag_etl.py:31} INFO - Complete extract user: 0:00:06.668172
[2023-08-26T22:47:12.471+0000] {dag_etl.py:33} INFO - Extracting resource...
[2023-08-26T22:47:14.529+0000] {extract.py:36} INFO - Request time: 0:00:02.056968
[2023-08-26T22:47:14.629+0000] {extract.py:42} INFO - Create DataFrame time: 0:00:00.099543
[2023-08-26T22:47:14.632+0000] {dag_etl.py:36} INFO - Complete extract resource: 0:00:02.161967
[2023-08-26T22:47:14.634+0000] {dag_etl.py:38} INFO - Transforming user...
[2023-08-26T22:47:14.966+0000] {dag_etl.py:42} INFO - Complete transform user: 0:00:00.334021
[2023-08-26T22:47:14.967+0000] {dag_etl.py:44} INFO - transform space_ships...
[2023-08-26T22:47:15.216+0000] {dag_etl.py:47} INFO - Complete transform space_ships: 0:00:00.249253
[2023-08-26T22:47:15.230+0000] {dag_etl.py:49} INFO - transform drones...
[2023-08-26T22:47:15.492+0000] {dag_etl.py:52} INFO - Complete transform drones: 0:00:00.276220
[2023-08-26T22:47:15.496+0000] {dag_etl.py:54} INFO - transform pilots...
[2023-08-26T22:47:15.630+0000] {dag_etl.py:57} INFO - Complete transform pilots: 0:00:00.137889
[2023-08-26T22:47:15.630+0000] {dag_etl.py:59} INFO - transform talents...
[2023-08-26T22:47:15.687+0000] {dag_etl.py:62} INFO - Complete transform talents: 0:00:00.057349
[2023-08-26T22:47:15.687+0000] {dag_etl.py:64} INFO - transform expert_items...
[2023-08-26T22:47:15.742+0000] {dag_etl.py:67} INFO - Complete transform expert_items: 0:00:00.055187
[2023-08-26T22:47:15.743+0000] {dag_etl.py:69} INFO - Loading user...
[2023-08-26T22:47:17.556+0000] {dag_etl.py:72} INFO - Complete load user: 0:00:01.813885
[2023-08-26T22:47:17.557+0000] {dag_etl.py:74} INFO - Loading space_ships...
[2023-08-26T22:47:20.464+0000] {dag_etl.py:77} INFO - Complete load space_ships: 0:00:02.907611
[2023-08-26T22:47:20.464+0000] {dag_etl.py:79} INFO - Loading drones...
[2023-08-26T22:47:23.088+0000] {dag_etl.py:82} INFO - Complete load drones: 0:00:02.624184
[2023-08-26T22:47:23.088+0000] {dag_etl.py:84} INFO - Loading pilots...
[2023-08-26T22:47:26.872+0000] {dag_etl.py:87} INFO - Complete load drones: 0:00:03.784033
[2023-08-26T22:47:26.872+0000] {dag_etl.py:89} INFO - Loading talents...
[2023-08-26T22:47:29.348+0000] {dag_etl.py:92} INFO - Complete load drones: 0:00:02.475801
[2023-08-26T22:47:29.348+0000] {dag_etl.py:94} INFO - Loading expert_items...
[2023-08-26T22:47:31.340+0000] {dag_etl.py:97} INFO - Complete load drones: 0:00:01.991882
[2023-08-26T22:47:31.340+0000] {dag_etl.py:99} INFO - Complete ETL Users in : 0:00:25.538038
[2023-08-26T22:47:31.373+0000] {python.py:194} INFO - Done. Returned value was: None
[2023-08-26T22:47:31.394+0000] {taskinstance.py:1400} INFO - Marking task as SUCCESS. dag_id=gaas_etl_1, task_id=etl_user, execution_date=20230826T224600, start_date=20230826T224705, end_date=20230826T224731
[2023-08-26T22:47:31.465+0000] {local_task_job_runner.py:228} INFO - Task exited with return code 0
[2023-08-26T22:47:31.495+0000] {taskinstance.py:2784} INFO - 0 downstream tasks scheduled from follow-on schedule check
