[2023-08-26T10:52:04.397+0000] {taskinstance.py:1159} INFO - Dependencies all met for dep_context=non-requeueable deps ti=<TaskInstance: gaas_etl_1.etl_user scheduled__2023-08-26T10:51:00+00:00 [queued]>
[2023-08-26T10:52:04.415+0000] {taskinstance.py:1159} INFO - Dependencies all met for dep_context=requeueable deps ti=<TaskInstance: gaas_etl_1.etl_user scheduled__2023-08-26T10:51:00+00:00 [queued]>
[2023-08-26T10:52:04.416+0000] {taskinstance.py:1361} INFO - Starting attempt 1 of 1
[2023-08-26T10:52:04.443+0000] {taskinstance.py:1382} INFO - Executing <Task(PythonOperator): etl_user> on 2023-08-26 10:51:00+00:00
[2023-08-26T10:52:04.467+0000] {standard_task_runner.py:57} INFO - Started process 305070 to run task
[2023-08-26T10:52:04.489+0000] {standard_task_runner.py:84} INFO - Running: ['airflow', 'tasks', 'run', 'gaas_etl_1', 'etl_user', 'scheduled__2023-08-26T10:51:00+00:00', '--job-id', '1226', '--raw', '--subdir', 'DAGS_FOLDER/dag_etl.py', '--cfg-path', '/tmp/tmpwfdmqc78']
[2023-08-26T10:52:04.503+0000] {standard_task_runner.py:85} INFO - Job 1226: Subtask etl_user
[2023-08-26T10:52:04.703+0000] {task_command.py:415} INFO - Running <TaskInstance: gaas_etl_1.etl_user scheduled__2023-08-26T10:51:00+00:00 [running]> on host data-system.us-central1-a.c.data-system-392010.internal
[2023-08-26T10:52:04.943+0000] {taskinstance.py:1660} INFO - Exporting env vars: AIRFLOW_CTX_DAG_EMAIL='hungnm15012002@gmail.com' AIRFLOW_CTX_DAG_OWNER='hungnm' AIRFLOW_CTX_DAG_ID='gaas_etl_1' AIRFLOW_CTX_TASK_ID='etl_user' AIRFLOW_CTX_EXECUTION_DATE='2023-08-26T10:51:00+00:00' AIRFLOW_CTX_TRY_NUMBER='1' AIRFLOW_CTX_DAG_RUN_ID='scheduled__2023-08-26T10:51:00+00:00'
[2023-08-26T10:52:04.966+0000] {dag_etl.py:28} INFO - Extracting user...
[2023-08-26T10:52:15.128+0000] {extract.py:36} INFO - Request time: 0:00:10.161129
[2023-08-26T10:52:16.489+0000] {extract.py:42} INFO - Create DataFrame time: 0:00:01.360136
[2023-08-26T10:52:16.508+0000] {dag_etl.py:31} INFO - Complete extract user: 0:00:11.541838
[2023-08-26T10:52:16.510+0000] {dag_etl.py:33} INFO - Extracting resource...
[2023-08-26T10:52:22.400+0000] {extract.py:36} INFO - Request time: 0:00:05.889672
[2023-08-26T10:52:22.520+0000] {extract.py:42} INFO - Create DataFrame time: 0:00:00.118588
[2023-08-26T10:52:22.531+0000] {dag_etl.py:36} INFO - Complete extract resource: 0:00:06.022998
[2023-08-26T10:52:22.532+0000] {dag_etl.py:38} INFO - Transforming user...
[2023-08-26T10:52:23.181+0000] {dag_etl.py:42} INFO - Complete transform user: 0:00:00.650072
[2023-08-26T10:52:23.182+0000] {dag_etl.py:44} INFO - transform space_ships...
[2023-08-26T10:52:23.416+0000] {dag_etl.py:47} INFO - Complete transform space_ships: 0:00:00.234395
[2023-08-26T10:52:23.416+0000] {dag_etl.py:49} INFO - transform drones...
[2023-08-26T10:52:23.638+0000] {dag_etl.py:52} INFO - Complete transform drones: 0:00:00.222722
[2023-08-26T10:52:23.639+0000] {dag_etl.py:54} INFO - transform pilots...
[2023-08-26T10:52:23.773+0000] {dag_etl.py:57} INFO - Complete transform pilots: 0:00:00.134715
[2023-08-26T10:52:23.774+0000] {dag_etl.py:59} INFO - transform talents...
[2023-08-26T10:52:23.826+0000] {dag_etl.py:62} INFO - Complete transform talents: 0:00:00.052854
[2023-08-26T10:52:23.827+0000] {dag_etl.py:64} INFO - transform expert_items...
[2023-08-26T10:52:23.877+0000] {dag_etl.py:67} INFO - Complete transform expert_items: 0:00:00.051023
[2023-08-26T10:52:23.878+0000] {dag_etl.py:69} INFO - Loading user...
[2023-08-26T10:52:24.438+0000] {dag_etl.py:72} INFO - Complete load user: 0:00:00.560880
[2023-08-26T10:52:24.439+0000] {dag_etl.py:74} INFO - Loading space_ships...
[2023-08-26T10:52:26.337+0000] {dag_etl.py:77} INFO - Complete load space_ships: 0:00:01.898550
[2023-08-26T10:52:26.337+0000] {dag_etl.py:79} INFO - Loading drones...
[2023-08-26T10:52:27.822+0000] {dag_etl.py:82} INFO - Complete load drones: 0:00:01.485590
[2023-08-26T10:52:27.823+0000] {dag_etl.py:84} INFO - Loading pilots...
[2023-08-26T10:52:30.561+0000] {dag_etl.py:87} INFO - Complete load drones: 0:00:02.738459
[2023-08-26T10:52:30.561+0000] {dag_etl.py:89} INFO - Loading talents...
[2023-08-26T10:52:31.903+0000] {dag_etl.py:92} INFO - Complete load drones: 0:00:01.342719
[2023-08-26T10:52:31.904+0000] {dag_etl.py:94} INFO - Loading expert_items...
[2023-08-26T10:52:32.481+0000] {dag_etl.py:97} INFO - Complete load drones: 0:00:00.577520
[2023-08-26T10:52:32.481+0000] {dag_etl.py:99} INFO - Complete ETL Users in : 0:00:27.514972
[2023-08-26T10:52:32.526+0000] {python.py:194} INFO - Done. Returned value was: None
[2023-08-26T10:52:32.546+0000] {taskinstance.py:1400} INFO - Marking task as SUCCESS. dag_id=gaas_etl_1, task_id=etl_user, execution_date=20230826T105100, start_date=20230826T105204, end_date=20230826T105232
[2023-08-26T10:52:32.607+0000] {local_task_job_runner.py:228} INFO - Task exited with return code 0
[2023-08-26T10:52:32.655+0000] {taskinstance.py:2784} INFO - 0 downstream tasks scheduled from follow-on schedule check
