[2023-08-26T07:34:03.564+0000] {taskinstance.py:1159} INFO - Dependencies all met for dep_context=non-requeueable deps ti=<TaskInstance: gaas_etl_1.etl_user scheduled__2023-08-26T07:33:00+00:00 [queued]>
[2023-08-26T07:34:03.581+0000] {taskinstance.py:1159} INFO - Dependencies all met for dep_context=requeueable deps ti=<TaskInstance: gaas_etl_1.etl_user scheduled__2023-08-26T07:33:00+00:00 [queued]>
[2023-08-26T07:34:03.581+0000] {taskinstance.py:1361} INFO - Starting attempt 1 of 1
[2023-08-26T07:34:03.633+0000] {taskinstance.py:1382} INFO - Executing <Task(PythonOperator): etl_user> on 2023-08-26 07:33:00+00:00
[2023-08-26T07:34:03.646+0000] {standard_task_runner.py:57} INFO - Started process 287732 to run task
[2023-08-26T07:34:03.679+0000] {standard_task_runner.py:84} INFO - Running: ['airflow', 'tasks', 'run', 'gaas_etl_1', 'etl_user', 'scheduled__2023-08-26T07:33:00+00:00', '--job-id', '631', '--raw', '--subdir', 'DAGS_FOLDER/dag_etl.py', '--cfg-path', '/tmp/tmp8tv3h7tt']
[2023-08-26T07:34:03.695+0000] {standard_task_runner.py:85} INFO - Job 631: Subtask etl_user
[2023-08-26T07:34:03.880+0000] {task_command.py:415} INFO - Running <TaskInstance: gaas_etl_1.etl_user scheduled__2023-08-26T07:33:00+00:00 [running]> on host data-system.us-central1-a.c.data-system-392010.internal
[2023-08-26T07:34:04.101+0000] {taskinstance.py:1660} INFO - Exporting env vars: AIRFLOW_CTX_DAG_EMAIL='hungnm15012002@gmail.com' AIRFLOW_CTX_DAG_OWNER='hungnm' AIRFLOW_CTX_DAG_ID='gaas_etl_1' AIRFLOW_CTX_TASK_ID='etl_user' AIRFLOW_CTX_EXECUTION_DATE='2023-08-26T07:33:00+00:00' AIRFLOW_CTX_TRY_NUMBER='1' AIRFLOW_CTX_DAG_RUN_ID='scheduled__2023-08-26T07:33:00+00:00'
[2023-08-26T07:34:04.131+0000] {dag_etl.py:28} INFO - Extracting user...
[2023-08-26T07:34:05.644+0000] {extract.py:36} INFO - Request time: 0:00:01.512437
[2023-08-26T07:34:05.678+0000] {extract.py:42} INFO - Create DataFrame time: 0:00:00.033948
[2023-08-26T07:34:05.681+0000] {dag_etl.py:31} INFO - Complete extract user: 0:00:01.550023
[2023-08-26T07:34:05.681+0000] {dag_etl.py:33} INFO - Extracting resource...
[2023-08-26T07:34:06.892+0000] {extract.py:36} INFO - Request time: 0:00:01.210348
[2023-08-26T07:34:06.899+0000] {extract.py:42} INFO - Create DataFrame time: 0:00:00.006650
[2023-08-26T07:34:06.901+0000] {dag_etl.py:36} INFO - Complete extract resource: 0:00:01.220256
[2023-08-26T07:34:06.902+0000] {dag_etl.py:38} INFO - Transforming user...
[2023-08-26T07:34:06.939+0000] {dag_etl.py:42} INFO - Complete transform user: 0:00:00.037969
[2023-08-26T07:34:06.939+0000] {dag_etl.py:44} INFO - transform space_ships...
[2023-08-26T07:34:06.959+0000] {dag_etl.py:47} INFO - Complete transform space_ships: 0:00:00.020511
[2023-08-26T07:34:06.960+0000] {dag_etl.py:49} INFO - transform drones...
[2023-08-26T07:34:06.972+0000] {dag_etl.py:52} INFO - Complete transform drones: 0:00:00.012991
[2023-08-26T07:34:06.973+0000] {dag_etl.py:54} INFO - transform pilots...
[2023-08-26T07:34:06.983+0000] {dag_etl.py:57} INFO - Complete transform pilots: 0:00:00.010363
[2023-08-26T07:34:06.983+0000] {dag_etl.py:59} INFO - transform talents...
[2023-08-26T07:34:06.990+0000] {dag_etl.py:62} INFO - Complete transform talents: 0:00:00.006971
[2023-08-26T07:34:06.990+0000] {dag_etl.py:64} INFO - transform expert_items...
[2023-08-26T07:34:06.997+0000] {dag_etl.py:67} INFO - Complete transform expert_items: 0:00:00.007275
[2023-08-26T07:34:06.997+0000] {dag_etl.py:69} INFO - Loading user...
[2023-08-26T07:34:07.016+0000] {dag_etl.py:72} INFO - Complete load user: 0:00:00.019061
[2023-08-26T07:34:07.016+0000] {dag_etl.py:74} INFO - Loading space_ships...
[2023-08-26T07:34:07.037+0000] {dag_etl.py:77} INFO - Complete load space_ships: 0:00:00.020687
[2023-08-26T07:34:07.037+0000] {dag_etl.py:79} INFO - Loading drones...
[2023-08-26T07:34:07.050+0000] {dag_etl.py:82} INFO - Complete load drones: 0:00:00.013379
[2023-08-26T07:34:07.050+0000] {dag_etl.py:84} INFO - Loading pilots...
[2023-08-26T07:34:07.078+0000] {dag_etl.py:87} INFO - Complete load drones: 0:00:00.028258
[2023-08-26T07:34:07.079+0000] {dag_etl.py:89} INFO - Loading talents...
[2023-08-26T07:34:07.091+0000] {dag_etl.py:92} INFO - Complete load drones: 0:00:00.013111
[2023-08-26T07:34:07.092+0000] {dag_etl.py:94} INFO - Loading expert_items...
[2023-08-26T07:34:07.095+0000] {dag_etl.py:97} INFO - Complete load drones: 0:00:00.003943
[2023-08-26T07:34:07.096+0000] {dag_etl.py:99} INFO - Complete ETL Users in : 0:00:02.965197
[2023-08-26T07:34:07.097+0000] {python.py:194} INFO - Done. Returned value was: None
[2023-08-26T07:34:07.111+0000] {taskinstance.py:1400} INFO - Marking task as SUCCESS. dag_id=gaas_etl_1, task_id=etl_user, execution_date=20230826T073300, start_date=20230826T073403, end_date=20230826T073407
[2023-08-26T07:34:07.171+0000] {local_task_job_runner.py:228} INFO - Task exited with return code 0
[2023-08-26T07:34:07.199+0000] {taskinstance.py:2784} INFO - 0 downstream tasks scheduled from follow-on schedule check
