[2023-08-26T22:26:04.590+0000] {taskinstance.py:1159} INFO - Dependencies all met for dep_context=non-requeueable deps ti=<TaskInstance: gaas_etl_1.etl_user scheduled__2023-08-26T22:25:00+00:00 [queued]>
[2023-08-26T22:26:04.606+0000] {taskinstance.py:1159} INFO - Dependencies all met for dep_context=requeueable deps ti=<TaskInstance: gaas_etl_1.etl_user scheduled__2023-08-26T22:25:00+00:00 [queued]>
[2023-08-26T22:26:04.606+0000] {taskinstance.py:1361} INFO - Starting attempt 1 of 1
[2023-08-26T22:26:04.824+0000] {taskinstance.py:1382} INFO - Executing <Task(PythonOperator): etl_user> on 2023-08-26 22:25:00+00:00
[2023-08-26T22:26:04.834+0000] {standard_task_runner.py:57} INFO - Started process 335044 to run task
[2023-08-26T22:26:04.848+0000] {standard_task_runner.py:84} INFO - Running: ['airflow', 'tasks', 'run', 'gaas_etl_1', 'etl_user', 'scheduled__2023-08-26T22:25:00+00:00', '--job-id', '3308', '--raw', '--subdir', 'DAGS_FOLDER/dag_etl.py', '--cfg-path', '/tmp/tmp36hnrpn0']
[2023-08-26T22:26:04.854+0000] {standard_task_runner.py:85} INFO - Job 3308: Subtask etl_user
[2023-08-26T22:26:05.117+0000] {task_command.py:415} INFO - Running <TaskInstance: gaas_etl_1.etl_user scheduled__2023-08-26T22:25:00+00:00 [running]> on host data-system.us-central1-a.c.data-system-392010.internal
[2023-08-26T22:26:05.532+0000] {taskinstance.py:1660} INFO - Exporting env vars: AIRFLOW_CTX_DAG_EMAIL='hungnm15012002@gmail.com' AIRFLOW_CTX_DAG_OWNER='hungnm' AIRFLOW_CTX_DAG_ID='gaas_etl_1' AIRFLOW_CTX_TASK_ID='etl_user' AIRFLOW_CTX_EXECUTION_DATE='2023-08-26T22:25:00+00:00' AIRFLOW_CTX_TRY_NUMBER='1' AIRFLOW_CTX_DAG_RUN_ID='scheduled__2023-08-26T22:25:00+00:00'
[2023-08-26T22:26:05.567+0000] {dag_etl.py:28} INFO - Extracting user...
[2023-08-26T22:26:09.637+0000] {extract.py:36} INFO - Request time: 0:00:04.069777
[2023-08-26T22:26:10.063+0000] {extract.py:42} INFO - Create DataFrame time: 0:00:00.425326
[2023-08-26T22:26:10.066+0000] {dag_etl.py:31} INFO - Complete extract user: 0:00:04.499165
[2023-08-26T22:26:10.067+0000] {dag_etl.py:33} INFO - Extracting resource...
[2023-08-26T22:26:11.909+0000] {extract.py:36} INFO - Request time: 0:00:01.841793
[2023-08-26T22:26:11.942+0000] {extract.py:42} INFO - Create DataFrame time: 0:00:00.033051
[2023-08-26T22:26:11.944+0000] {dag_etl.py:36} INFO - Complete extract resource: 0:00:01.878643
[2023-08-26T22:26:11.945+0000] {dag_etl.py:38} INFO - Transforming user...
[2023-08-26T22:26:12.059+0000] {dag_etl.py:42} INFO - Complete transform user: 0:00:00.114963
[2023-08-26T22:26:12.060+0000] {dag_etl.py:44} INFO - transform space_ships...
[2023-08-26T22:26:12.141+0000] {dag_etl.py:47} INFO - Complete transform space_ships: 0:00:00.081712
[2023-08-26T22:26:12.141+0000] {dag_etl.py:49} INFO - transform drones...
[2023-08-26T22:26:12.201+0000] {dag_etl.py:52} INFO - Complete transform drones: 0:00:00.060201
[2023-08-26T22:26:12.202+0000] {dag_etl.py:54} INFO - transform pilots...
[2023-08-26T22:26:12.252+0000] {dag_etl.py:57} INFO - Complete transform pilots: 0:00:00.050537
[2023-08-26T22:26:12.252+0000] {dag_etl.py:59} INFO - transform talents...
[2023-08-26T22:26:12.278+0000] {dag_etl.py:62} INFO - Complete transform talents: 0:00:00.025864
[2023-08-26T22:26:12.278+0000] {dag_etl.py:64} INFO - transform expert_items...
[2023-08-26T22:26:12.300+0000] {dag_etl.py:67} INFO - Complete transform expert_items: 0:00:00.022403
[2023-08-26T22:26:12.301+0000] {dag_etl.py:69} INFO - Loading user...
[2023-08-26T22:26:13.199+0000] {dag_etl.py:72} INFO - Complete load user: 0:00:00.898496
[2023-08-26T22:26:13.199+0000] {dag_etl.py:74} INFO - Loading space_ships...
[2023-08-26T22:26:14.605+0000] {dag_etl.py:77} INFO - Complete load space_ships: 0:00:01.406323
[2023-08-26T22:26:14.605+0000] {dag_etl.py:79} INFO - Loading drones...
[2023-08-26T22:26:16.398+0000] {dag_etl.py:82} INFO - Complete load drones: 0:00:01.793045
[2023-08-26T22:26:16.399+0000] {dag_etl.py:84} INFO - Loading pilots...
[2023-08-26T22:26:18.548+0000] {dag_etl.py:87} INFO - Complete load drones: 0:00:02.150404
[2023-08-26T22:26:18.549+0000] {dag_etl.py:89} INFO - Loading talents...
[2023-08-26T22:26:19.838+0000] {dag_etl.py:92} INFO - Complete load drones: 0:00:01.289300
[2023-08-26T22:26:19.838+0000] {dag_etl.py:94} INFO - Loading expert_items...
[2023-08-26T22:26:20.759+0000] {dag_etl.py:97} INFO - Complete load drones: 0:00:00.921713
[2023-08-26T22:26:20.760+0000] {dag_etl.py:99} INFO - Complete ETL Users in : 0:00:15.193486
[2023-08-26T22:26:20.782+0000] {python.py:194} INFO - Done. Returned value was: None
[2023-08-26T22:26:20.802+0000] {taskinstance.py:1400} INFO - Marking task as SUCCESS. dag_id=gaas_etl_1, task_id=etl_user, execution_date=20230826T222500, start_date=20230826T222604, end_date=20230826T222620
[2023-08-26T22:26:20.851+0000] {local_task_job_runner.py:228} INFO - Task exited with return code 0
[2023-08-26T22:26:20.881+0000] {taskinstance.py:2784} INFO - 0 downstream tasks scheduled from follow-on schedule check
