[2023-08-26T10:04:04.089+0000] {taskinstance.py:1159} INFO - Dependencies all met for dep_context=non-requeueable deps ti=<TaskInstance: gaas_etl_1.etl_user scheduled__2023-08-26T10:03:00+00:00 [queued]>
[2023-08-26T10:04:04.110+0000] {taskinstance.py:1159} INFO - Dependencies all met for dep_context=requeueable deps ti=<TaskInstance: gaas_etl_1.etl_user scheduled__2023-08-26T10:03:00+00:00 [queued]>
[2023-08-26T10:04:04.111+0000] {taskinstance.py:1361} INFO - Starting attempt 1 of 1
[2023-08-26T10:04:04.154+0000] {taskinstance.py:1382} INFO - Executing <Task(PythonOperator): etl_user> on 2023-08-26 10:03:00+00:00
[2023-08-26T10:04:04.166+0000] {standard_task_runner.py:57} INFO - Started process 296501 to run task
[2023-08-26T10:04:04.184+0000] {standard_task_runner.py:84} INFO - Running: ['airflow', 'tasks', 'run', 'gaas_etl_1', 'etl_user', 'scheduled__2023-08-26T10:03:00+00:00', '--job-id', '1082', '--raw', '--subdir', 'DAGS_FOLDER/dag_etl.py', '--cfg-path', '/tmp/tmpkhwpbap0']
[2023-08-26T10:04:04.192+0000] {standard_task_runner.py:85} INFO - Job 1082: Subtask etl_user
[2023-08-26T10:04:04.347+0000] {task_command.py:415} INFO - Running <TaskInstance: gaas_etl_1.etl_user scheduled__2023-08-26T10:03:00+00:00 [running]> on host data-system.us-central1-a.c.data-system-392010.internal
[2023-08-26T10:04:04.559+0000] {taskinstance.py:1660} INFO - Exporting env vars: AIRFLOW_CTX_DAG_EMAIL='hungnm15012002@gmail.com' AIRFLOW_CTX_DAG_OWNER='hungnm' AIRFLOW_CTX_DAG_ID='gaas_etl_1' AIRFLOW_CTX_TASK_ID='etl_user' AIRFLOW_CTX_EXECUTION_DATE='2023-08-26T10:03:00+00:00' AIRFLOW_CTX_TRY_NUMBER='1' AIRFLOW_CTX_DAG_RUN_ID='scheduled__2023-08-26T10:03:00+00:00'
[2023-08-26T10:04:04.586+0000] {dag_etl.py:28} INFO - Extracting user...
[2023-08-26T10:04:06.231+0000] {extract.py:36} INFO - Request time: 0:00:01.643422
[2023-08-26T10:04:06.253+0000] {extract.py:42} INFO - Create DataFrame time: 0:00:00.022286
[2023-08-26T10:04:06.256+0000] {dag_etl.py:31} INFO - Complete extract user: 0:00:01.669227
[2023-08-26T10:04:06.256+0000] {dag_etl.py:33} INFO - Extracting resource...
[2023-08-26T10:04:07.471+0000] {extract.py:36} INFO - Request time: 0:00:01.214596
[2023-08-26T10:04:07.479+0000] {extract.py:42} INFO - Create DataFrame time: 0:00:00.007082
[2023-08-26T10:04:07.481+0000] {dag_etl.py:36} INFO - Complete extract resource: 0:00:01.225171
[2023-08-26T10:04:07.482+0000] {dag_etl.py:38} INFO - Transforming user...
[2023-08-26T10:04:07.515+0000] {dag_etl.py:42} INFO - Complete transform user: 0:00:00.034398
[2023-08-26T10:04:07.516+0000] {dag_etl.py:44} INFO - transform space_ships...
[2023-08-26T10:04:07.533+0000] {dag_etl.py:47} INFO - Complete transform space_ships: 0:00:00.018070
[2023-08-26T10:04:07.534+0000] {dag_etl.py:49} INFO - transform drones...
[2023-08-26T10:04:07.545+0000] {dag_etl.py:52} INFO - Complete transform drones: 0:00:00.011882
[2023-08-26T10:04:07.546+0000] {dag_etl.py:54} INFO - transform pilots...
[2023-08-26T10:04:07.556+0000] {dag_etl.py:57} INFO - Complete transform pilots: 0:00:00.011105
[2023-08-26T10:04:07.557+0000] {dag_etl.py:59} INFO - transform talents...
[2023-08-26T10:04:07.564+0000] {dag_etl.py:62} INFO - Complete transform talents: 0:00:00.007479
[2023-08-26T10:04:07.564+0000] {dag_etl.py:64} INFO - transform expert_items...
[2023-08-26T10:04:07.570+0000] {dag_etl.py:67} INFO - Complete transform expert_items: 0:00:00.006369
[2023-08-26T10:04:07.570+0000] {dag_etl.py:69} INFO - Loading user...
[2023-08-26T10:04:07.586+0000] {dag_etl.py:72} INFO - Complete load user: 0:00:00.015497
[2023-08-26T10:04:07.586+0000] {dag_etl.py:74} INFO - Loading space_ships...
[2023-08-26T10:04:07.606+0000] {dag_etl.py:77} INFO - Complete load space_ships: 0:00:00.019919
[2023-08-26T10:04:07.606+0000] {dag_etl.py:79} INFO - Loading drones...
[2023-08-26T10:04:07.619+0000] {dag_etl.py:82} INFO - Complete load drones: 0:00:00.013454
[2023-08-26T10:04:07.619+0000] {dag_etl.py:84} INFO - Loading pilots...
[2023-08-26T10:04:07.645+0000] {dag_etl.py:87} INFO - Complete load drones: 0:00:00.025569
[2023-08-26T10:04:07.645+0000] {dag_etl.py:89} INFO - Loading talents...
[2023-08-26T10:04:07.657+0000] {dag_etl.py:92} INFO - Complete load drones: 0:00:00.012580
[2023-08-26T10:04:07.658+0000] {dag_etl.py:94} INFO - Loading expert_items...
[2023-08-26T10:04:07.682+0000] {dag_etl.py:97} INFO - Complete load drones: 0:00:00.024820
[2023-08-26T10:04:07.683+0000] {dag_etl.py:99} INFO - Complete ETL Users in : 0:00:03.096481
[2023-08-26T10:04:07.686+0000] {python.py:194} INFO - Done. Returned value was: None
[2023-08-26T10:04:07.712+0000] {taskinstance.py:1400} INFO - Marking task as SUCCESS. dag_id=gaas_etl_1, task_id=etl_user, execution_date=20230826T100300, start_date=20230826T100404, end_date=20230826T100407
[2023-08-26T10:04:07.843+0000] {local_task_job_runner.py:228} INFO - Task exited with return code 0
[2023-08-26T10:04:07.869+0000] {taskinstance.py:2784} INFO - 0 downstream tasks scheduled from follow-on schedule check
