[2023-08-27T05:56:05.797+0000] {taskinstance.py:1159} INFO - Dependencies all met for dep_context=non-requeueable deps ti=<TaskInstance: gaas_etl_1.etl_user scheduled__2023-08-27T05:55:00+00:00 [queued]>
[2023-08-27T05:56:05.812+0000] {taskinstance.py:1159} INFO - Dependencies all met for dep_context=requeueable deps ti=<TaskInstance: gaas_etl_1.etl_user scheduled__2023-08-27T05:55:00+00:00 [queued]>
[2023-08-27T05:56:05.813+0000] {taskinstance.py:1361} INFO - Starting attempt 1 of 1
[2023-08-27T05:56:05.848+0000] {taskinstance.py:1382} INFO - Executing <Task(PythonOperator): etl_user> on 2023-08-27 05:55:00+00:00
[2023-08-27T05:56:05.856+0000] {standard_task_runner.py:57} INFO - Started process 371853 to run task
[2023-08-27T05:56:05.874+0000] {standard_task_runner.py:84} INFO - Running: ['airflow', 'tasks', 'run', 'gaas_etl_1', 'etl_user', 'scheduled__2023-08-27T05:55:00+00:00', '--job-id', '4658', '--raw', '--subdir', 'DAGS_FOLDER/dag_etl.py', '--cfg-path', '/tmp/tmpb73ukzfa']
[2023-08-27T05:56:05.880+0000] {standard_task_runner.py:85} INFO - Job 4658: Subtask etl_user
[2023-08-27T05:56:06.231+0000] {task_command.py:415} INFO - Running <TaskInstance: gaas_etl_1.etl_user scheduled__2023-08-27T05:55:00+00:00 [running]> on host data-system.us-central1-a.c.data-system-392010.internal
[2023-08-27T05:56:06.675+0000] {taskinstance.py:1660} INFO - Exporting env vars: AIRFLOW_CTX_DAG_EMAIL='hungnm15012002@gmail.com' AIRFLOW_CTX_DAG_OWNER='hungnm' AIRFLOW_CTX_DAG_ID='gaas_etl_1' AIRFLOW_CTX_TASK_ID='etl_user' AIRFLOW_CTX_EXECUTION_DATE='2023-08-27T05:55:00+00:00' AIRFLOW_CTX_TRY_NUMBER='1' AIRFLOW_CTX_DAG_RUN_ID='scheduled__2023-08-27T05:55:00+00:00'
[2023-08-27T05:56:06.707+0000] {dag_etl.py:28} INFO - Extracting user...
[2023-08-27T05:56:10.819+0000] {extract.py:36} INFO - Request time: 0:00:04.111189
[2023-08-27T05:56:11.244+0000] {extract.py:42} INFO - Create DataFrame time: 0:00:00.423972
[2023-08-27T05:56:11.247+0000] {dag_etl.py:31} INFO - Complete extract user: 0:00:04.539590
[2023-08-27T05:56:11.248+0000] {dag_etl.py:33} INFO - Extracting resource...
[2023-08-27T05:56:12.813+0000] {extract.py:36} INFO - Request time: 0:00:01.565530
[2023-08-27T05:56:12.860+0000] {extract.py:42} INFO - Create DataFrame time: 0:00:00.046583
[2023-08-27T05:56:12.863+0000] {dag_etl.py:36} INFO - Complete extract resource: 0:00:01.616597
[2023-08-27T05:56:12.864+0000] {dag_etl.py:38} INFO - Transforming user...
[2023-08-27T05:56:13.048+0000] {dag_etl.py:42} INFO - Complete transform user: 0:00:00.185102
[2023-08-27T05:56:13.049+0000] {dag_etl.py:44} INFO - transform space_ships...
[2023-08-27T05:56:13.234+0000] {dag_etl.py:47} INFO - Complete transform space_ships: 0:00:00.185256
[2023-08-27T05:56:13.234+0000] {dag_etl.py:49} INFO - transform drones...
[2023-08-27T05:56:13.327+0000] {dag_etl.py:52} INFO - Complete transform drones: 0:00:00.093708
[2023-08-27T05:56:13.328+0000] {dag_etl.py:54} INFO - transform pilots...
[2023-08-27T05:56:13.393+0000] {dag_etl.py:57} INFO - Complete transform pilots: 0:00:00.065333
[2023-08-27T05:56:13.393+0000] {dag_etl.py:59} INFO - transform talents...
[2023-08-27T05:56:13.434+0000] {dag_etl.py:62} INFO - Complete transform talents: 0:00:00.041075
[2023-08-27T05:56:13.434+0000] {dag_etl.py:64} INFO - transform expert_items...
[2023-08-27T05:56:13.462+0000] {dag_etl.py:67} INFO - Complete transform expert_items: 0:00:00.028296
[2023-08-27T05:56:13.462+0000] {dag_etl.py:69} INFO - Loading user...
[2023-08-27T05:56:14.420+0000] {dag_etl.py:72} INFO - Complete load user: 0:00:00.957583
[2023-08-27T05:56:14.420+0000] {dag_etl.py:74} INFO - Loading space_ships...
[2023-08-27T05:56:15.772+0000] {dag_etl.py:77} INFO - Complete load space_ships: 0:00:01.352772
[2023-08-27T05:56:15.773+0000] {dag_etl.py:79} INFO - Loading drones...
[2023-08-27T05:56:17.162+0000] {dag_etl.py:82} INFO - Complete load drones: 0:00:01.389697
[2023-08-27T05:56:17.163+0000] {dag_etl.py:84} INFO - Loading pilots...
[2023-08-27T05:56:19.065+0000] {dag_etl.py:87} INFO - Complete load drones: 0:00:01.902465
[2023-08-27T05:56:19.065+0000] {dag_etl.py:89} INFO - Loading talents...
[2023-08-27T05:56:20.210+0000] {dag_etl.py:92} INFO - Complete load drones: 0:00:01.145103
[2023-08-27T05:56:20.210+0000] {dag_etl.py:94} INFO - Loading expert_items...
[2023-08-27T05:56:20.936+0000] {dag_etl.py:97} INFO - Complete load drones: 0:00:00.725915
[2023-08-27T05:56:20.936+0000] {dag_etl.py:99} INFO - Complete ETL Users in : 0:00:14.229234
[2023-08-27T05:56:20.955+0000] {python.py:194} INFO - Done. Returned value was: None
[2023-08-27T05:56:20.976+0000] {taskinstance.py:1400} INFO - Marking task as SUCCESS. dag_id=gaas_etl_1, task_id=etl_user, execution_date=20230827T055500, start_date=20230827T055605, end_date=20230827T055620
[2023-08-27T05:56:21.051+0000] {local_task_job_runner.py:228} INFO - Task exited with return code 0
[2023-08-27T05:56:21.079+0000] {taskinstance.py:2784} INFO - 0 downstream tasks scheduled from follow-on schedule check
