[2023-08-27T12:33:06.451+0000] {taskinstance.py:1159} INFO - Dependencies all met for dep_context=non-requeueable deps ti=<TaskInstance: gaas_etl_1.etl_user scheduled__2023-08-27T12:32:00+00:00 [queued]>
[2023-08-27T12:33:06.468+0000] {taskinstance.py:1159} INFO - Dependencies all met for dep_context=requeueable deps ti=<TaskInstance: gaas_etl_1.etl_user scheduled__2023-08-27T12:32:00+00:00 [queued]>
[2023-08-27T12:33:06.468+0000] {taskinstance.py:1361} INFO - Starting attempt 1 of 1
[2023-08-27T12:33:06.497+0000] {taskinstance.py:1382} INFO - Executing <Task(PythonOperator): etl_user> on 2023-08-27 12:32:00+00:00
[2023-08-27T12:33:06.507+0000] {standard_task_runner.py:57} INFO - Started process 404788 to run task
[2023-08-27T12:33:06.521+0000] {standard_task_runner.py:84} INFO - Running: ['airflow', 'tasks', 'run', 'gaas_etl_1', 'etl_user', 'scheduled__2023-08-27T12:32:00+00:00', '--job-id', '5849', '--raw', '--subdir', 'DAGS_FOLDER/dag_etl.py', '--cfg-path', '/tmp/tmpcmb4v8e5']
[2023-08-27T12:33:06.526+0000] {standard_task_runner.py:85} INFO - Job 5849: Subtask etl_user
[2023-08-27T12:33:07.364+0000] {task_command.py:415} INFO - Running <TaskInstance: gaas_etl_1.etl_user scheduled__2023-08-27T12:32:00+00:00 [running]> on host data-system.us-central1-a.c.data-system-392010.internal
[2023-08-27T12:33:08.020+0000] {taskinstance.py:1660} INFO - Exporting env vars: AIRFLOW_CTX_DAG_EMAIL='hungnm15012002@gmail.com' AIRFLOW_CTX_DAG_OWNER='hungnm' AIRFLOW_CTX_DAG_ID='gaas_etl_1' AIRFLOW_CTX_TASK_ID='etl_user' AIRFLOW_CTX_EXECUTION_DATE='2023-08-27T12:32:00+00:00' AIRFLOW_CTX_TRY_NUMBER='1' AIRFLOW_CTX_DAG_RUN_ID='scheduled__2023-08-27T12:32:00+00:00'
[2023-08-27T12:33:08.042+0000] {dag_etl.py:28} INFO - Extracting user...
[2023-08-27T12:33:15.208+0000] {extract.py:36} INFO - Request time: 0:00:07.164837
[2023-08-27T12:33:16.196+0000] {extract.py:42} INFO - Create DataFrame time: 0:00:00.987693
[2023-08-27T12:33:16.202+0000] {dag_etl.py:31} INFO - Complete extract user: 0:00:08.159485
[2023-08-27T12:33:16.203+0000] {dag_etl.py:33} INFO - Extracting resource...
[2023-08-27T12:33:21.151+0000] {extract.py:36} INFO - Request time: 0:00:04.947084
[2023-08-27T12:33:21.249+0000] {extract.py:42} INFO - Create DataFrame time: 0:00:00.096726
[2023-08-27T12:33:21.252+0000] {dag_etl.py:36} INFO - Complete extract resource: 0:00:05.050332
[2023-08-27T12:33:21.253+0000] {dag_etl.py:38} INFO - Transforming user...
[2023-08-27T12:33:21.588+0000] {dag_etl.py:42} INFO - Complete transform user: 0:00:00.335976
[2023-08-27T12:33:21.589+0000] {dag_etl.py:44} INFO - transform space_ships...
[2023-08-27T12:33:21.851+0000] {dag_etl.py:47} INFO - Complete transform space_ships: 0:00:00.263121
[2023-08-27T12:33:21.852+0000] {dag_etl.py:49} INFO - transform drones...
[2023-08-27T12:33:22.071+0000] {dag_etl.py:52} INFO - Complete transform drones: 0:00:00.220188
[2023-08-27T12:33:22.072+0000] {dag_etl.py:54} INFO - transform pilots...
[2023-08-27T12:33:22.237+0000] {dag_etl.py:57} INFO - Complete transform pilots: 0:00:00.165217
[2023-08-27T12:33:22.237+0000] {dag_etl.py:59} INFO - transform talents...
[2023-08-27T12:33:22.291+0000] {dag_etl.py:62} INFO - Complete transform talents: 0:00:00.054365
[2023-08-27T12:33:22.292+0000] {dag_etl.py:64} INFO - transform expert_items...
[2023-08-27T12:33:22.338+0000] {dag_etl.py:67} INFO - Complete transform expert_items: 0:00:00.047091
[2023-08-27T12:33:22.339+0000] {dag_etl.py:69} INFO - Loading user...
[2023-08-27T12:33:24.168+0000] {dag_etl.py:72} INFO - Complete load user: 0:00:01.829726
[2023-08-27T12:33:24.168+0000] {dag_etl.py:74} INFO - Loading space_ships...
[2023-08-27T12:33:26.988+0000] {dag_etl.py:77} INFO - Complete load space_ships: 0:00:02.820417
[2023-08-27T12:33:26.989+0000] {dag_etl.py:79} INFO - Loading drones...
[2023-08-27T12:33:29.009+0000] {dag_etl.py:82} INFO - Complete load drones: 0:00:02.021048
[2023-08-27T12:33:29.010+0000] {dag_etl.py:84} INFO - Loading pilots...
[2023-08-27T12:33:32.741+0000] {dag_etl.py:87} INFO - Complete load drones: 0:00:03.731665
[2023-08-27T12:33:32.742+0000] {dag_etl.py:89} INFO - Loading talents...
[2023-08-27T12:33:34.691+0000] {dag_etl.py:92} INFO - Complete load drones: 0:00:01.949894
[2023-08-27T12:33:34.692+0000] {dag_etl.py:94} INFO - Loading expert_items...
[2023-08-27T12:33:35.983+0000] {dag_etl.py:97} INFO - Complete load drones: 0:00:01.291841
[2023-08-27T12:33:35.983+0000] {dag_etl.py:99} INFO - Complete ETL Users in : 0:00:27.940864
[2023-08-27T12:33:36.020+0000] {python.py:194} INFO - Done. Returned value was: None
[2023-08-27T12:33:36.038+0000] {taskinstance.py:1400} INFO - Marking task as SUCCESS. dag_id=gaas_etl_1, task_id=etl_user, execution_date=20230827T123200, start_date=20230827T123306, end_date=20230827T123336
[2023-08-27T12:33:36.132+0000] {local_task_job_runner.py:228} INFO - Task exited with return code 0
[2023-08-27T12:33:36.182+0000] {taskinstance.py:2784} INFO - 0 downstream tasks scheduled from follow-on schedule check
