[2023-08-27T04:32:05.649+0000] {taskinstance.py:1159} INFO - Dependencies all met for dep_context=non-requeueable deps ti=<TaskInstance: gaas_etl_1.etl_user scheduled__2023-08-27T04:31:00+00:00 [queued]>
[2023-08-27T04:32:05.670+0000] {taskinstance.py:1159} INFO - Dependencies all met for dep_context=requeueable deps ti=<TaskInstance: gaas_etl_1.etl_user scheduled__2023-08-27T04:31:00+00:00 [queued]>
[2023-08-27T04:32:05.671+0000] {taskinstance.py:1361} INFO - Starting attempt 1 of 1
[2023-08-27T04:32:05.704+0000] {taskinstance.py:1382} INFO - Executing <Task(PythonOperator): etl_user> on 2023-08-27 04:31:00+00:00
[2023-08-27T04:32:05.716+0000] {standard_task_runner.py:57} INFO - Started process 365141 to run task
[2023-08-27T04:32:05.726+0000] {standard_task_runner.py:84} INFO - Running: ['airflow', 'tasks', 'run', 'gaas_etl_1', 'etl_user', 'scheduled__2023-08-27T04:31:00+00:00', '--job-id', '4406', '--raw', '--subdir', 'DAGS_FOLDER/dag_etl.py', '--cfg-path', '/tmp/tmp1dkl2l5z']
[2023-08-27T04:32:05.732+0000] {standard_task_runner.py:85} INFO - Job 4406: Subtask etl_user
[2023-08-27T04:32:06.057+0000] {task_command.py:415} INFO - Running <TaskInstance: gaas_etl_1.etl_user scheduled__2023-08-27T04:31:00+00:00 [running]> on host data-system.us-central1-a.c.data-system-392010.internal
[2023-08-27T04:32:06.823+0000] {taskinstance.py:1660} INFO - Exporting env vars: AIRFLOW_CTX_DAG_EMAIL='hungnm15012002@gmail.com' AIRFLOW_CTX_DAG_OWNER='hungnm' AIRFLOW_CTX_DAG_ID='gaas_etl_1' AIRFLOW_CTX_TASK_ID='etl_user' AIRFLOW_CTX_EXECUTION_DATE='2023-08-27T04:31:00+00:00' AIRFLOW_CTX_TRY_NUMBER='1' AIRFLOW_CTX_DAG_RUN_ID='scheduled__2023-08-27T04:31:00+00:00'
[2023-08-27T04:32:06.843+0000] {dag_etl.py:28} INFO - Extracting user...
[2023-08-27T04:32:14.414+0000] {extract.py:36} INFO - Request time: 0:00:07.570660
[2023-08-27T04:32:14.868+0000] {extract.py:42} INFO - Create DataFrame time: 0:00:00.452340
[2023-08-27T04:32:14.887+0000] {dag_etl.py:31} INFO - Complete extract user: 0:00:08.044250
[2023-08-27T04:32:14.889+0000] {dag_etl.py:33} INFO - Extracting resource...
[2023-08-27T04:32:17.733+0000] {extract.py:36} INFO - Request time: 0:00:02.842417
[2023-08-27T04:32:17.860+0000] {extract.py:42} INFO - Create DataFrame time: 0:00:00.126804
[2023-08-27T04:32:17.865+0000] {dag_etl.py:36} INFO - Complete extract resource: 0:00:02.978139
[2023-08-27T04:32:17.874+0000] {dag_etl.py:38} INFO - Transforming user...
[2023-08-27T04:32:18.190+0000] {dag_etl.py:42} INFO - Complete transform user: 0:00:00.324198
[2023-08-27T04:32:18.192+0000] {dag_etl.py:44} INFO - transform space_ships...
[2023-08-27T04:32:18.472+0000] {dag_etl.py:47} INFO - Complete transform space_ships: 0:00:00.282383
[2023-08-27T04:32:18.472+0000] {dag_etl.py:49} INFO - transform drones...
[2023-08-27T04:32:18.625+0000] {dag_etl.py:52} INFO - Complete transform drones: 0:00:00.153027
[2023-08-27T04:32:18.625+0000] {dag_etl.py:54} INFO - transform pilots...
[2023-08-27T04:32:18.751+0000] {dag_etl.py:57} INFO - Complete transform pilots: 0:00:00.126448
[2023-08-27T04:32:18.752+0000] {dag_etl.py:59} INFO - transform talents...
[2023-08-27T04:32:18.830+0000] {dag_etl.py:62} INFO - Complete transform talents: 0:00:00.079286
[2023-08-27T04:32:18.832+0000] {dag_etl.py:64} INFO - transform expert_items...
[2023-08-27T04:32:18.932+0000] {dag_etl.py:67} INFO - Complete transform expert_items: 0:00:00.101880
[2023-08-27T04:32:18.933+0000] {dag_etl.py:69} INFO - Loading user...
[2023-08-27T04:32:20.719+0000] {dag_etl.py:72} INFO - Complete load user: 0:00:01.786888
[2023-08-27T04:32:20.720+0000] {dag_etl.py:74} INFO - Loading space_ships...
[2023-08-27T04:32:22.516+0000] {dag_etl.py:77} INFO - Complete load space_ships: 0:00:01.797358
[2023-08-27T04:32:22.518+0000] {dag_etl.py:79} INFO - Loading drones...
[2023-08-27T04:32:23.808+0000] {dag_etl.py:82} INFO - Complete load drones: 0:00:01.291448
[2023-08-27T04:32:23.809+0000] {dag_etl.py:84} INFO - Loading pilots...
[2023-08-27T04:32:26.012+0000] {dag_etl.py:87} INFO - Complete load drones: 0:00:02.204185
[2023-08-27T04:32:26.014+0000] {dag_etl.py:89} INFO - Loading talents...
[2023-08-27T04:32:27.316+0000] {dag_etl.py:92} INFO - Complete load drones: 0:00:01.303621
[2023-08-27T04:32:27.316+0000] {dag_etl.py:94} INFO - Loading expert_items...
[2023-08-27T04:32:28.348+0000] {dag_etl.py:97} INFO - Complete load drones: 0:00:01.032715
[2023-08-27T04:32:28.349+0000] {dag_etl.py:99} INFO - Complete ETL Users in : 0:00:21.506405
[2023-08-27T04:32:28.401+0000] {python.py:194} INFO - Done. Returned value was: None
[2023-08-27T04:32:28.459+0000] {taskinstance.py:1400} INFO - Marking task as SUCCESS. dag_id=gaas_etl_1, task_id=etl_user, execution_date=20230827T043100, start_date=20230827T043205, end_date=20230827T043228
[2023-08-27T04:32:28.629+0000] {local_task_job_runner.py:228} INFO - Task exited with return code 0
[2023-08-27T04:32:28.721+0000] {taskinstance.py:2784} INFO - 0 downstream tasks scheduled from follow-on schedule check
