[2023-08-27T03:53:07.857+0000] {taskinstance.py:1159} INFO - Dependencies all met for dep_context=non-requeueable deps ti=<TaskInstance: gaas_etl_1.etl_user scheduled__2023-08-27T03:52:00+00:00 [queued]>
[2023-08-27T03:53:07.888+0000] {taskinstance.py:1159} INFO - Dependencies all met for dep_context=requeueable deps ti=<TaskInstance: gaas_etl_1.etl_user scheduled__2023-08-27T03:52:00+00:00 [queued]>
[2023-08-27T03:53:07.889+0000] {taskinstance.py:1361} INFO - Starting attempt 1 of 1
[2023-08-27T03:53:07.942+0000] {taskinstance.py:1382} INFO - Executing <Task(PythonOperator): etl_user> on 2023-08-27 03:52:00+00:00
[2023-08-27T03:53:07.951+0000] {standard_task_runner.py:57} INFO - Started process 358407 to run task
[2023-08-27T03:53:07.981+0000] {standard_task_runner.py:84} INFO - Running: ['airflow', 'tasks', 'run', 'gaas_etl_1', 'etl_user', 'scheduled__2023-08-27T03:52:00+00:00', '--job-id', '4289', '--raw', '--subdir', 'DAGS_FOLDER/dag_etl.py', '--cfg-path', '/tmp/tmp_k1ri8g2']
[2023-08-27T03:53:07.998+0000] {standard_task_runner.py:85} INFO - Job 4289: Subtask etl_user
[2023-08-27T03:53:08.406+0000] {task_command.py:415} INFO - Running <TaskInstance: gaas_etl_1.etl_user scheduled__2023-08-27T03:52:00+00:00 [running]> on host data-system.us-central1-a.c.data-system-392010.internal
[2023-08-27T03:53:09.320+0000] {taskinstance.py:1660} INFO - Exporting env vars: AIRFLOW_CTX_DAG_EMAIL='hungnm15012002@gmail.com' AIRFLOW_CTX_DAG_OWNER='hungnm' AIRFLOW_CTX_DAG_ID='gaas_etl_1' AIRFLOW_CTX_TASK_ID='etl_user' AIRFLOW_CTX_EXECUTION_DATE='2023-08-27T03:52:00+00:00' AIRFLOW_CTX_TRY_NUMBER='1' AIRFLOW_CTX_DAG_RUN_ID='scheduled__2023-08-27T03:52:00+00:00'
[2023-08-27T03:53:09.349+0000] {dag_etl.py:28} INFO - Extracting user...
[2023-08-27T03:53:12.626+0000] {extract.py:36} INFO - Request time: 0:00:03.274835
[2023-08-27T03:53:12.793+0000] {extract.py:42} INFO - Create DataFrame time: 0:00:00.166584
[2023-08-27T03:53:12.797+0000] {dag_etl.py:31} INFO - Complete extract user: 0:00:03.447220
[2023-08-27T03:53:12.797+0000] {dag_etl.py:33} INFO - Extracting resource...
[2023-08-27T03:53:14.289+0000] {extract.py:36} INFO - Request time: 0:00:01.491444
[2023-08-27T03:53:14.335+0000] {extract.py:42} INFO - Create DataFrame time: 0:00:00.045931
[2023-08-27T03:53:14.338+0000] {dag_etl.py:36} INFO - Complete extract resource: 0:00:01.541802
[2023-08-27T03:53:14.340+0000] {dag_etl.py:38} INFO - Transforming user...
[2023-08-27T03:53:14.512+0000] {dag_etl.py:42} INFO - Complete transform user: 0:00:00.173355
[2023-08-27T03:53:14.513+0000] {dag_etl.py:44} INFO - transform space_ships...
[2023-08-27T03:53:14.638+0000] {dag_etl.py:47} INFO - Complete transform space_ships: 0:00:00.125995
[2023-08-27T03:53:14.640+0000] {dag_etl.py:49} INFO - transform drones...
[2023-08-27T03:53:14.816+0000] {dag_etl.py:52} INFO - Complete transform drones: 0:00:00.177760
[2023-08-27T03:53:14.816+0000] {dag_etl.py:54} INFO - transform pilots...
[2023-08-27T03:53:14.881+0000] {dag_etl.py:57} INFO - Complete transform pilots: 0:00:00.065596
[2023-08-27T03:53:14.882+0000] {dag_etl.py:59} INFO - transform talents...
[2023-08-27T03:53:14.915+0000] {dag_etl.py:62} INFO - Complete transform talents: 0:00:00.033932
[2023-08-27T03:53:14.916+0000] {dag_etl.py:64} INFO - transform expert_items...
[2023-08-27T03:53:14.953+0000] {dag_etl.py:67} INFO - Complete transform expert_items: 0:00:00.037457
[2023-08-27T03:53:14.953+0000] {dag_etl.py:69} INFO - Loading user...
[2023-08-27T03:53:16.125+0000] {dag_etl.py:72} INFO - Complete load user: 0:00:01.172752
[2023-08-27T03:53:16.126+0000] {dag_etl.py:74} INFO - Loading space_ships...
[2023-08-27T03:53:18.195+0000] {dag_etl.py:77} INFO - Complete load space_ships: 0:00:02.069841
[2023-08-27T03:53:18.196+0000] {dag_etl.py:79} INFO - Loading drones...
[2023-08-27T03:53:19.887+0000] {dag_etl.py:82} INFO - Complete load drones: 0:00:01.691482
[2023-08-27T03:53:19.887+0000] {dag_etl.py:84} INFO - Loading pilots...
[2023-08-27T03:53:21.788+0000] {dag_etl.py:87} INFO - Complete load drones: 0:00:01.901655
[2023-08-27T03:53:21.789+0000] {dag_etl.py:89} INFO - Loading talents...
[2023-08-27T03:53:22.931+0000] {dag_etl.py:92} INFO - Complete load drones: 0:00:01.142798
[2023-08-27T03:53:22.932+0000] {dag_etl.py:94} INFO - Loading expert_items...
[2023-08-27T03:53:23.814+0000] {dag_etl.py:97} INFO - Complete load drones: 0:00:00.882640
[2023-08-27T03:53:23.814+0000] {dag_etl.py:99} INFO - Complete ETL Users in : 0:00:14.464953
[2023-08-27T03:53:23.862+0000] {python.py:194} INFO - Done. Returned value was: None
[2023-08-27T03:53:23.908+0000] {taskinstance.py:1400} INFO - Marking task as SUCCESS. dag_id=gaas_etl_1, task_id=etl_user, execution_date=20230827T035200, start_date=20230827T035307, end_date=20230827T035323
[2023-08-27T03:53:23.997+0000] {local_task_job_runner.py:228} INFO - Task exited with return code 0
[2023-08-27T03:53:24.051+0000] {taskinstance.py:2784} INFO - 0 downstream tasks scheduled from follow-on schedule check
