[2023-08-27T22:27:06.696+0000] {taskinstance.py:1159} INFO - Dependencies all met for dep_context=non-requeueable deps ti=<TaskInstance: gaas_etl_1.etl_user scheduled__2023-08-27T22:26:00+00:00 [queued]>
[2023-08-27T22:27:06.713+0000] {taskinstance.py:1159} INFO - Dependencies all met for dep_context=requeueable deps ti=<TaskInstance: gaas_etl_1.etl_user scheduled__2023-08-27T22:26:00+00:00 [queued]>
[2023-08-27T22:27:06.714+0000] {taskinstance.py:1361} INFO - Starting attempt 1 of 1
[2023-08-27T22:27:06.746+0000] {taskinstance.py:1382} INFO - Executing <Task(PythonOperator): etl_user> on 2023-08-27 22:26:00+00:00
[2023-08-27T22:27:06.755+0000] {standard_task_runner.py:57} INFO - Started process 467161 to run task
[2023-08-27T22:27:06.777+0000] {standard_task_runner.py:84} INFO - Running: ['airflow', 'tasks', 'run', 'gaas_etl_1', 'etl_user', 'scheduled__2023-08-27T22:26:00+00:00', '--job-id', '7631', '--raw', '--subdir', 'DAGS_FOLDER/dag_etl.py', '--cfg-path', '/tmp/tmpgq5fi8fc']
[2023-08-27T22:27:06.787+0000] {standard_task_runner.py:85} INFO - Job 7631: Subtask etl_user
[2023-08-27T22:27:07.336+0000] {task_command.py:415} INFO - Running <TaskInstance: gaas_etl_1.etl_user scheduled__2023-08-27T22:26:00+00:00 [running]> on host data-system.us-central1-a.c.data-system-392010.internal
[2023-08-27T22:27:09.159+0000] {taskinstance.py:1660} INFO - Exporting env vars: AIRFLOW_CTX_DAG_EMAIL='hungnm15012002@gmail.com' AIRFLOW_CTX_DAG_OWNER='hungnm' AIRFLOW_CTX_DAG_ID='gaas_etl_1' AIRFLOW_CTX_TASK_ID='etl_user' AIRFLOW_CTX_EXECUTION_DATE='2023-08-27T22:26:00+00:00' AIRFLOW_CTX_TRY_NUMBER='1' AIRFLOW_CTX_DAG_RUN_ID='scheduled__2023-08-27T22:26:00+00:00'
[2023-08-27T22:27:09.198+0000] {dag_etl.py:28} INFO - Extracting user...
[2023-08-27T22:27:14.540+0000] {extract.py:36} INFO - Request time: 0:00:05.341103
[2023-08-27T22:27:15.193+0000] {extract.py:42} INFO - Create DataFrame time: 0:00:00.652631
[2023-08-27T22:27:15.199+0000] {dag_etl.py:31} INFO - Complete extract user: 0:00:06.001355
[2023-08-27T22:27:15.200+0000] {dag_etl.py:33} INFO - Extracting resource...
[2023-08-27T22:27:17.089+0000] {extract.py:36} INFO - Request time: 0:00:01.888728
[2023-08-27T22:27:17.247+0000] {extract.py:42} INFO - Create DataFrame time: 0:00:00.157269
[2023-08-27T22:27:17.250+0000] {dag_etl.py:36} INFO - Complete extract resource: 0:00:02.050741
[2023-08-27T22:27:17.251+0000] {dag_etl.py:38} INFO - Transforming user...
[2023-08-27T22:27:17.510+0000] {dag_etl.py:42} INFO - Complete transform user: 0:00:00.260188
[2023-08-27T22:27:17.511+0000] {dag_etl.py:44} INFO - transform space_ships...
[2023-08-27T22:27:17.713+0000] {dag_etl.py:47} INFO - Complete transform space_ships: 0:00:00.203236
[2023-08-27T22:27:17.714+0000] {dag_etl.py:49} INFO - transform drones...
[2023-08-27T22:27:17.872+0000] {dag_etl.py:52} INFO - Complete transform drones: 0:00:00.158483
[2023-08-27T22:27:17.872+0000] {dag_etl.py:54} INFO - transform pilots...
[2023-08-27T22:27:17.947+0000] {dag_etl.py:57} INFO - Complete transform pilots: 0:00:00.075291
[2023-08-27T22:27:17.948+0000] {dag_etl.py:59} INFO - transform talents...
[2023-08-27T22:27:17.986+0000] {dag_etl.py:62} INFO - Complete transform talents: 0:00:00.038989
[2023-08-27T22:27:17.987+0000] {dag_etl.py:64} INFO - transform expert_items...
[2023-08-27T22:27:18.025+0000] {dag_etl.py:67} INFO - Complete transform expert_items: 0:00:00.039066
[2023-08-27T22:27:18.026+0000] {dag_etl.py:69} INFO - Loading user...
[2023-08-27T22:27:19.117+0000] {dag_etl.py:72} INFO - Complete load user: 0:00:01.092153
[2023-08-27T22:27:19.118+0000] {dag_etl.py:74} INFO - Loading space_ships...
[2023-08-27T22:27:20.656+0000] {dag_etl.py:77} INFO - Complete load space_ships: 0:00:01.538524
[2023-08-27T22:27:20.656+0000] {dag_etl.py:79} INFO - Loading drones...
[2023-08-27T22:27:22.107+0000] {dag_etl.py:82} INFO - Complete load drones: 0:00:01.451498
[2023-08-27T22:27:22.108+0000] {dag_etl.py:84} INFO - Loading pilots...
[2023-08-27T22:27:24.196+0000] {dag_etl.py:87} INFO - Complete load drones: 0:00:02.088749
[2023-08-27T22:27:24.196+0000] {dag_etl.py:89} INFO - Loading talents...
[2023-08-27T22:27:25.360+0000] {dag_etl.py:92} INFO - Complete load drones: 0:00:01.164158
[2023-08-27T22:27:25.361+0000] {dag_etl.py:94} INFO - Loading expert_items...
[2023-08-27T22:27:26.257+0000] {dag_etl.py:97} INFO - Complete load drones: 0:00:00.896746
[2023-08-27T22:27:26.258+0000] {dag_etl.py:99} INFO - Complete ETL Users in : 0:00:17.059757
[2023-08-27T22:27:26.298+0000] {python.py:194} INFO - Done. Returned value was: None
[2023-08-27T22:27:26.323+0000] {taskinstance.py:1400} INFO - Marking task as SUCCESS. dag_id=gaas_etl_1, task_id=etl_user, execution_date=20230827T222600, start_date=20230827T222706, end_date=20230827T222726
[2023-08-27T22:27:26.384+0000] {local_task_job_runner.py:228} INFO - Task exited with return code 0
[2023-08-27T22:27:26.443+0000] {taskinstance.py:2784} INFO - 0 downstream tasks scheduled from follow-on schedule check
