[2023-08-27T06:23:05.324+0000] {taskinstance.py:1159} INFO - Dependencies all met for dep_context=non-requeueable deps ti=<TaskInstance: gaas_etl_1.etl_user scheduled__2023-08-27T06:22:00+00:00 [queued]>
[2023-08-27T06:23:05.340+0000] {taskinstance.py:1159} INFO - Dependencies all met for dep_context=requeueable deps ti=<TaskInstance: gaas_etl_1.etl_user scheduled__2023-08-27T06:22:00+00:00 [queued]>
[2023-08-27T06:23:05.341+0000] {taskinstance.py:1361} INFO - Starting attempt 1 of 1
[2023-08-27T06:23:05.368+0000] {taskinstance.py:1382} INFO - Executing <Task(PythonOperator): etl_user> on 2023-08-27 06:22:00+00:00
[2023-08-27T06:23:05.382+0000] {standard_task_runner.py:57} INFO - Started process 372947 to run task
[2023-08-27T06:23:05.391+0000] {standard_task_runner.py:84} INFO - Running: ['airflow', 'tasks', 'run', 'gaas_etl_1', 'etl_user', 'scheduled__2023-08-27T06:22:00+00:00', '--job-id', '4738', '--raw', '--subdir', 'DAGS_FOLDER/dag_etl.py', '--cfg-path', '/tmp/tmpqcd2bi84']
[2023-08-27T06:23:05.399+0000] {standard_task_runner.py:85} INFO - Job 4738: Subtask etl_user
[2023-08-27T06:23:05.847+0000] {task_command.py:415} INFO - Running <TaskInstance: gaas_etl_1.etl_user scheduled__2023-08-27T06:22:00+00:00 [running]> on host data-system.us-central1-a.c.data-system-392010.internal
[2023-08-27T06:23:06.566+0000] {taskinstance.py:1660} INFO - Exporting env vars: AIRFLOW_CTX_DAG_EMAIL='hungnm15012002@gmail.com' AIRFLOW_CTX_DAG_OWNER='hungnm' AIRFLOW_CTX_DAG_ID='gaas_etl_1' AIRFLOW_CTX_TASK_ID='etl_user' AIRFLOW_CTX_EXECUTION_DATE='2023-08-27T06:22:00+00:00' AIRFLOW_CTX_TRY_NUMBER='1' AIRFLOW_CTX_DAG_RUN_ID='scheduled__2023-08-27T06:22:00+00:00'
[2023-08-27T06:23:06.595+0000] {dag_etl.py:28} INFO - Extracting user...
[2023-08-27T06:23:09.847+0000] {extract.py:36} INFO - Request time: 0:00:03.250804
[2023-08-27T06:23:09.966+0000] {extract.py:42} INFO - Create DataFrame time: 0:00:00.119063
[2023-08-27T06:23:09.969+0000] {dag_etl.py:31} INFO - Complete extract user: 0:00:03.373567
[2023-08-27T06:23:09.970+0000] {dag_etl.py:33} INFO - Extracting resource...
[2023-08-27T06:23:11.471+0000] {extract.py:36} INFO - Request time: 0:00:01.500635
[2023-08-27T06:23:11.495+0000] {extract.py:42} INFO - Create DataFrame time: 0:00:00.023464
[2023-08-27T06:23:11.497+0000] {dag_etl.py:36} INFO - Complete extract resource: 0:00:01.527626
[2023-08-27T06:23:11.497+0000] {dag_etl.py:38} INFO - Transforming user...
[2023-08-27T06:23:11.578+0000] {dag_etl.py:42} INFO - Complete transform user: 0:00:00.080947
[2023-08-27T06:23:11.578+0000] {dag_etl.py:44} INFO - transform space_ships...
[2023-08-27T06:23:11.685+0000] {dag_etl.py:47} INFO - Complete transform space_ships: 0:00:00.107352
[2023-08-27T06:23:11.685+0000] {dag_etl.py:49} INFO - transform drones...
[2023-08-27T06:23:11.765+0000] {dag_etl.py:52} INFO - Complete transform drones: 0:00:00.079709
[2023-08-27T06:23:11.765+0000] {dag_etl.py:54} INFO - transform pilots...
[2023-08-27T06:23:11.808+0000] {dag_etl.py:57} INFO - Complete transform pilots: 0:00:00.043480
[2023-08-27T06:23:11.809+0000] {dag_etl.py:59} INFO - transform talents...
[2023-08-27T06:23:11.832+0000] {dag_etl.py:62} INFO - Complete transform talents: 0:00:00.023844
[2023-08-27T06:23:11.832+0000] {dag_etl.py:64} INFO - transform expert_items...
[2023-08-27T06:23:11.854+0000] {dag_etl.py:67} INFO - Complete transform expert_items: 0:00:00.022043
[2023-08-27T06:23:11.854+0000] {dag_etl.py:69} INFO - Loading user...
[2023-08-27T06:23:12.496+0000] {dag_etl.py:72} INFO - Complete load user: 0:00:00.641959
[2023-08-27T06:23:12.496+0000] {dag_etl.py:74} INFO - Loading space_ships...
[2023-08-27T06:23:13.260+0000] {dag_etl.py:77} INFO - Complete load space_ships: 0:00:00.764220
[2023-08-27T06:23:13.261+0000] {dag_etl.py:79} INFO - Loading drones...
[2023-08-27T06:23:14.002+0000] {dag_etl.py:82} INFO - Complete load drones: 0:00:00.741332
[2023-08-27T06:23:14.002+0000] {dag_etl.py:84} INFO - Loading pilots...
[2023-08-27T06:23:15.581+0000] {dag_etl.py:87} INFO - Complete load drones: 0:00:01.579444
[2023-08-27T06:23:15.581+0000] {dag_etl.py:89} INFO - Loading talents...
[2023-08-27T06:23:16.250+0000] {dag_etl.py:92} INFO - Complete load drones: 0:00:00.668939
[2023-08-27T06:23:16.250+0000] {dag_etl.py:94} INFO - Loading expert_items...
[2023-08-27T06:23:16.872+0000] {dag_etl.py:97} INFO - Complete load drones: 0:00:00.622565
[2023-08-27T06:23:16.873+0000] {dag_etl.py:99} INFO - Complete ETL Users in : 0:00:10.277594
[2023-08-27T06:23:16.896+0000] {python.py:194} INFO - Done. Returned value was: None
[2023-08-27T06:23:16.940+0000] {taskinstance.py:1400} INFO - Marking task as SUCCESS. dag_id=gaas_etl_1, task_id=etl_user, execution_date=20230827T062200, start_date=20230827T062305, end_date=20230827T062316
[2023-08-27T06:23:17.048+0000] {local_task_job_runner.py:228} INFO - Task exited with return code 0
[2023-08-27T06:23:17.104+0000] {taskinstance.py:2784} INFO - 0 downstream tasks scheduled from follow-on schedule check
