[2023-08-26T19:14:04.007+0000] {taskinstance.py:1159} INFO - Dependencies all met for dep_context=non-requeueable deps ti=<TaskInstance: gaas_etl_1.etl_event scheduled__2023-08-26T19:13:00+00:00 [queued]>
[2023-08-26T19:14:04.050+0000] {taskinstance.py:1159} INFO - Dependencies all met for dep_context=requeueable deps ti=<TaskInstance: gaas_etl_1.etl_event scheduled__2023-08-26T19:13:00+00:00 [queued]>
[2023-08-26T19:14:04.051+0000] {taskinstance.py:1361} INFO - Starting attempt 1 of 1
[2023-08-26T19:14:04.106+0000] {taskinstance.py:1382} INFO - Executing <Task(PythonOperator): etl_event> on 2023-08-26 19:13:00+00:00
[2023-08-26T19:14:04.121+0000] {standard_task_runner.py:57} INFO - Started process 327472 to run task
[2023-08-26T19:14:04.138+0000] {standard_task_runner.py:84} INFO - Running: ['airflow', 'tasks', 'run', 'gaas_etl_1', 'etl_event', 'scheduled__2023-08-26T19:13:00+00:00', '--job-id', '2732', '--raw', '--subdir', 'DAGS_FOLDER/dag_etl.py', '--cfg-path', '/tmp/tmpyuc5rdc8']
[2023-08-26T19:14:04.145+0000] {standard_task_runner.py:85} INFO - Job 2732: Subtask etl_event
[2023-08-26T19:14:04.381+0000] {task_command.py:415} INFO - Running <TaskInstance: gaas_etl_1.etl_event scheduled__2023-08-26T19:13:00+00:00 [running]> on host data-system.us-central1-a.c.data-system-392010.internal
[2023-08-26T19:14:04.955+0000] {taskinstance.py:1660} INFO - Exporting env vars: AIRFLOW_CTX_DAG_EMAIL='hungnm15012002@gmail.com' AIRFLOW_CTX_DAG_OWNER='hungnm' AIRFLOW_CTX_DAG_ID='gaas_etl_1' AIRFLOW_CTX_TASK_ID='etl_event' AIRFLOW_CTX_EXECUTION_DATE='2023-08-26T19:13:00+00:00' AIRFLOW_CTX_TRY_NUMBER='1' AIRFLOW_CTX_DAG_RUN_ID='scheduled__2023-08-26T19:13:00+00:00'
[2023-08-26T19:14:04.983+0000] {dag_etl.py:116} INFO - Extracting event...
[2023-08-26T19:14:11.292+0000] {extract.py:36} INFO - Request time: 0:00:06.308297
[2023-08-26T19:14:12.133+0000] {extract.py:42} INFO - Create DataFrame time: 0:00:00.840979
[2023-08-26T19:14:12.145+0000] {dag_etl.py:119} INFO - Complete extract event: 0:00:07.161687
[2023-08-26T19:14:12.145+0000] {dag_etl.py:121} INFO - Transforming action...
[2023-08-26T19:14:12.168+0000] {logging_mixin.py:151} WARNING - /home/data-engineer/GAAS_Data_System/ETL/transform.py:54 SettingWithCopyWarning:
A value is trying to be set on a copy of a slice from a DataFrame.
Try using .loc[row_indexer,col_indexer] = value instead

See the caveats in the documentation: https://pandas.pydata.org/pandas-docs/stable/user_guide/indexing.html#returning-a-view-versus-a-copy
[2023-08-26T19:14:12.214+0000] {logging_mixin.py:151} WARNING - /home/data-engineer/GAAS_Data_System/ETL/transform.py:55 SettingWithCopyWarning:
A value is trying to be set on a copy of a slice from a DataFrame.
Try using .loc[row_indexer,col_indexer] = value instead

See the caveats in the documentation: https://pandas.pydata.org/pandas-docs/stable/user_guide/indexing.html#returning-a-view-versus-a-copy
[2023-08-26T19:14:26.992+0000] {logging_mixin.py:151} WARNING - /home/data-engineer/GAAS_Data_System/ETL/transform.py:59 SettingWithCopyWarning:
A value is trying to be set on a copy of a slice from a DataFrame.
Try using .loc[row_indexer,col_indexer] = value instead

See the caveats in the documentation: https://pandas.pydata.org/pandas-docs/stable/user_guide/indexing.html#returning-a-view-versus-a-copy
[2023-08-26T19:14:27.000+0000] {logging_mixin.py:151} WARNING - /home/data-engineer/GAAS_Data_System/ETL/transform.py:60 SettingWithCopyWarning:
A value is trying to be set on a copy of a slice from a DataFrame.
Try using .loc[row_indexer,col_indexer] = value instead

See the caveats in the documentation: https://pandas.pydata.org/pandas-docs/stable/user_guide/indexing.html#returning-a-view-versus-a-copy
[2023-08-26T19:14:27.004+0000] {logging_mixin.py:151} WARNING - /home/data-engineer/GAAS_Data_System/ETL/verify_func.py:70 UserWarning: pandas only supports SQLAlchemy connectable (engine/connection) or database string URI or sqlite3 DBAPI2 connection. Other DBAPI2 objects are not tested. Please consider using SQLAlchemy.
[2023-08-26T19:14:27.013+0000] {logging_mixin.py:151} WARNING - /home/data-engineer/GAAS_Data_System/ETL/transform.py:67 SettingWithCopyWarning:
A value is trying to be set on a copy of a slice from a DataFrame.
Try using .loc[row_indexer,col_indexer] = value instead

See the caveats in the documentation: https://pandas.pydata.org/pandas-docs/stable/user_guide/indexing.html#returning-a-view-versus-a-copy
[2023-08-26T19:14:27.042+0000] {dag_etl.py:124} INFO - Complete transform action: 0:00:14.897330
[2023-08-26T19:14:27.042+0000] {dag_etl.py:126} INFO - Transforming transaction...
[2023-08-26T19:14:27.061+0000] {logging_mixin.py:151} WARNING - /home/data-engineer/GAAS_Data_System/ETL/transform.py:47 SettingWithCopyWarning:
A value is trying to be set on a copy of a slice from a DataFrame.
Try using .loc[row_indexer,col_indexer] = value instead

See the caveats in the documentation: https://pandas.pydata.org/pandas-docs/stable/user_guide/indexing.html#returning-a-view-versus-a-copy
[2023-08-26T19:14:27.068+0000] {logging_mixin.py:151} WARNING - /home/data-engineer/GAAS_Data_System/ETL/transform.py:50 SettingWithCopyWarning:
A value is trying to be set on a copy of a slice from a DataFrame.
Try using .loc[row_indexer,col_indexer] = value instead

See the caveats in the documentation: https://pandas.pydata.org/pandas-docs/stable/user_guide/indexing.html#returning-a-view-versus-a-copy
[2023-08-26T19:14:27.076+0000] {logging_mixin.py:151} WARNING - /home/data-engineer/GAAS_Data_System/ETL/transform.py:51 SettingWithCopyWarning:
A value is trying to be set on a copy of a slice from a DataFrame.
Try using .loc[row_indexer,col_indexer] = value instead

See the caveats in the documentation: https://pandas.pydata.org/pandas-docs/stable/user_guide/indexing.html#returning-a-view-versus-a-copy
[2023-08-26T19:14:27.082+0000] {logging_mixin.py:151} WARNING - /home/data-engineer/GAAS_Data_System/ETL/transform.py:54 SettingWithCopyWarning:
A value is trying to be set on a copy of a slice from a DataFrame.
Try using .loc[row_indexer,col_indexer] = value instead

See the caveats in the documentation: https://pandas.pydata.org/pandas-docs/stable/user_guide/indexing.html#returning-a-view-versus-a-copy
[2023-08-26T19:14:27.111+0000] {logging_mixin.py:151} WARNING - /home/data-engineer/GAAS_Data_System/ETL/transform.py:55 SettingWithCopyWarning:
A value is trying to be set on a copy of a slice from a DataFrame.
Try using .loc[row_indexer,col_indexer] = value instead

See the caveats in the documentation: https://pandas.pydata.org/pandas-docs/stable/user_guide/indexing.html#returning-a-view-versus-a-copy
[2023-08-26T19:14:32.117+0000] {logging_mixin.py:151} WARNING - /home/data-engineer/GAAS_Data_System/ETL/transform.py:59 SettingWithCopyWarning:
A value is trying to be set on a copy of a slice from a DataFrame.
Try using .loc[row_indexer,col_indexer] = value instead

See the caveats in the documentation: https://pandas.pydata.org/pandas-docs/stable/user_guide/indexing.html#returning-a-view-versus-a-copy
[2023-08-26T19:14:32.123+0000] {logging_mixin.py:151} WARNING - /home/data-engineer/GAAS_Data_System/ETL/transform.py:60 SettingWithCopyWarning:
A value is trying to be set on a copy of a slice from a DataFrame.
Try using .loc[row_indexer,col_indexer] = value instead

See the caveats in the documentation: https://pandas.pydata.org/pandas-docs/stable/user_guide/indexing.html#returning-a-view-versus-a-copy
[2023-08-26T19:14:32.124+0000] {logging_mixin.py:151} WARNING - /home/data-engineer/GAAS_Data_System/ETL/verify_func.py:70 UserWarning: pandas only supports SQLAlchemy connectable (engine/connection) or database string URI or sqlite3 DBAPI2 connection. Other DBAPI2 objects are not tested. Please consider using SQLAlchemy.
[2023-08-26T19:14:32.131+0000] {logging_mixin.py:151} WARNING - /home/data-engineer/GAAS_Data_System/ETL/transform.py:67 SettingWithCopyWarning:
A value is trying to be set on a copy of a slice from a DataFrame.
Try using .loc[row_indexer,col_indexer] = value instead

See the caveats in the documentation: https://pandas.pydata.org/pandas-docs/stable/user_guide/indexing.html#returning-a-view-versus-a-copy
[2023-08-26T19:14:32.149+0000] {dag_etl.py:129} INFO - Complete transform transaction: 0:00:05.107115
[2023-08-26T19:14:32.149+0000] {dag_etl.py:131} INFO - Loading action...
[2023-08-26T19:14:35.423+0000] {dag_etl.py:134} INFO - Complete load action: 0:00:03.274212
[2023-08-26T19:14:35.424+0000] {dag_etl.py:136} INFO - Loading transaction...
[2023-08-26T19:14:37.402+0000] {dag_etl.py:139} INFO - Complete load transaction: 0:00:01.978553
[2023-08-26T19:14:37.402+0000] {dag_etl.py:141} INFO - Complete ETL Events in : 0:00:32.419416
[2023-08-26T19:14:37.432+0000] {python.py:194} INFO - Done. Returned value was: None
[2023-08-26T19:14:37.445+0000] {taskinstance.py:1400} INFO - Marking task as SUCCESS. dag_id=gaas_etl_1, task_id=etl_event, execution_date=20230826T191300, start_date=20230826T191404, end_date=20230826T191437
[2023-08-26T19:14:37.497+0000] {local_task_job_runner.py:228} INFO - Task exited with return code 0
[2023-08-26T19:14:37.517+0000] {taskinstance.py:2784} INFO - 0 downstream tasks scheduled from follow-on schedule check
