[2023-08-26T08:25:03.923+0000] {taskinstance.py:1159} INFO - Dependencies all met for dep_context=non-requeueable deps ti=<TaskInstance: gaas_etl_1.etl_user scheduled__2023-08-26T08:24:00+00:00 [queued]>
[2023-08-26T08:25:03.939+0000] {taskinstance.py:1159} INFO - Dependencies all met for dep_context=requeueable deps ti=<TaskInstance: gaas_etl_1.etl_user scheduled__2023-08-26T08:24:00+00:00 [queued]>
[2023-08-26T08:25:03.940+0000] {taskinstance.py:1361} INFO - Starting attempt 1 of 1
[2023-08-26T08:25:03.972+0000] {taskinstance.py:1382} INFO - Executing <Task(PythonOperator): etl_user> on 2023-08-26 08:24:00+00:00
[2023-08-26T08:25:03.982+0000] {standard_task_runner.py:57} INFO - Started process 290116 to run task
[2023-08-26T08:25:03.997+0000] {standard_task_runner.py:84} INFO - Running: ['airflow', 'tasks', 'run', 'gaas_etl_1', 'etl_user', 'scheduled__2023-08-26T08:24:00+00:00', '--job-id', '785', '--raw', '--subdir', 'DAGS_FOLDER/dag_etl.py', '--cfg-path', '/tmp/tmp49uq89_s']
[2023-08-26T08:25:04.003+0000] {standard_task_runner.py:85} INFO - Job 785: Subtask etl_user
[2023-08-26T08:25:04.170+0000] {task_command.py:415} INFO - Running <TaskInstance: gaas_etl_1.etl_user scheduled__2023-08-26T08:24:00+00:00 [running]> on host data-system.us-central1-a.c.data-system-392010.internal
[2023-08-26T08:25:04.373+0000] {taskinstance.py:1660} INFO - Exporting env vars: AIRFLOW_CTX_DAG_EMAIL='hungnm15012002@gmail.com' AIRFLOW_CTX_DAG_OWNER='hungnm' AIRFLOW_CTX_DAG_ID='gaas_etl_1' AIRFLOW_CTX_TASK_ID='etl_user' AIRFLOW_CTX_EXECUTION_DATE='2023-08-26T08:24:00+00:00' AIRFLOW_CTX_TRY_NUMBER='1' AIRFLOW_CTX_DAG_RUN_ID='scheduled__2023-08-26T08:24:00+00:00'
[2023-08-26T08:25:04.401+0000] {dag_etl.py:28} INFO - Extracting user...
[2023-08-26T08:25:05.964+0000] {extract.py:36} INFO - Request time: 0:00:01.562465
[2023-08-26T08:25:05.990+0000] {extract.py:42} INFO - Create DataFrame time: 0:00:00.025453
[2023-08-26T08:25:05.992+0000] {dag_etl.py:31} INFO - Complete extract user: 0:00:01.591118
[2023-08-26T08:25:05.993+0000] {dag_etl.py:33} INFO - Extracting resource...
[2023-08-26T08:25:06.992+0000] {extract.py:36} INFO - Request time: 0:00:00.999159
[2023-08-26T08:25:06.999+0000] {extract.py:42} INFO - Create DataFrame time: 0:00:00.006891
[2023-08-26T08:25:07.001+0000] {dag_etl.py:36} INFO - Complete extract resource: 0:00:01.008950
[2023-08-26T08:25:07.002+0000] {dag_etl.py:38} INFO - Transforming user...
[2023-08-26T08:25:07.033+0000] {dag_etl.py:42} INFO - Complete transform user: 0:00:00.031798
[2023-08-26T08:25:07.033+0000] {dag_etl.py:44} INFO - transform space_ships...
[2023-08-26T08:25:07.050+0000] {dag_etl.py:47} INFO - Complete transform space_ships: 0:00:00.017082
[2023-08-26T08:25:07.050+0000] {dag_etl.py:49} INFO - transform drones...
[2023-08-26T08:25:07.062+0000] {dag_etl.py:52} INFO - Complete transform drones: 0:00:00.011523
[2023-08-26T08:25:07.062+0000] {dag_etl.py:54} INFO - transform pilots...
[2023-08-26T08:25:07.071+0000] {dag_etl.py:57} INFO - Complete transform pilots: 0:00:00.008923
[2023-08-26T08:25:07.071+0000] {dag_etl.py:59} INFO - transform talents...
[2023-08-26T08:25:07.077+0000] {dag_etl.py:62} INFO - Complete transform talents: 0:00:00.006603
[2023-08-26T08:25:07.078+0000] {dag_etl.py:64} INFO - transform expert_items...
[2023-08-26T08:25:07.086+0000] {dag_etl.py:67} INFO - Complete transform expert_items: 0:00:00.009347
[2023-08-26T08:25:07.087+0000] {dag_etl.py:69} INFO - Loading user...
[2023-08-26T08:25:07.106+0000] {dag_etl.py:72} INFO - Complete load user: 0:00:00.019451
[2023-08-26T08:25:07.107+0000] {dag_etl.py:74} INFO - Loading space_ships...
[2023-08-26T08:25:07.150+0000] {dag_etl.py:77} INFO - Complete load space_ships: 0:00:00.043835
[2023-08-26T08:25:07.151+0000] {dag_etl.py:79} INFO - Loading drones...
[2023-08-26T08:25:07.192+0000] {dag_etl.py:82} INFO - Complete load drones: 0:00:00.041940
[2023-08-26T08:25:07.192+0000] {dag_etl.py:84} INFO - Loading pilots...
[2023-08-26T08:25:07.243+0000] {dag_etl.py:87} INFO - Complete load drones: 0:00:00.051199
[2023-08-26T08:25:07.243+0000] {dag_etl.py:89} INFO - Loading talents...
[2023-08-26T08:25:07.269+0000] {dag_etl.py:92} INFO - Complete load drones: 0:00:00.025381
[2023-08-26T08:25:07.270+0000] {dag_etl.py:94} INFO - Loading expert_items...
[2023-08-26T08:25:07.276+0000] {dag_etl.py:97} INFO - Complete load drones: 0:00:00.007511
[2023-08-26T08:25:07.276+0000] {dag_etl.py:99} INFO - Complete ETL Users in : 0:00:02.875237
[2023-08-26T08:25:07.279+0000] {python.py:194} INFO - Done. Returned value was: None
[2023-08-26T08:25:07.325+0000] {taskinstance.py:1400} INFO - Marking task as SUCCESS. dag_id=gaas_etl_1, task_id=etl_user, execution_date=20230826T082400, start_date=20230826T082503, end_date=20230826T082507
[2023-08-26T08:25:07.429+0000] {local_task_job_runner.py:228} INFO - Task exited with return code 0
[2023-08-26T08:25:07.488+0000] {taskinstance.py:2784} INFO - 0 downstream tasks scheduled from follow-on schedule check
