[2023-08-27T03:22:05.267+0000] {taskinstance.py:1159} INFO - Dependencies all met for dep_context=non-requeueable deps ti=<TaskInstance: gaas_etl_1.etl_user scheduled__2023-08-27T03:21:00+00:00 [queued]>
[2023-08-27T03:22:05.286+0000] {taskinstance.py:1159} INFO - Dependencies all met for dep_context=requeueable deps ti=<TaskInstance: gaas_etl_1.etl_user scheduled__2023-08-27T03:21:00+00:00 [queued]>
[2023-08-27T03:22:05.286+0000] {taskinstance.py:1361} INFO - Starting attempt 1 of 1
[2023-08-27T03:22:05.317+0000] {taskinstance.py:1382} INFO - Executing <Task(PythonOperator): etl_user> on 2023-08-27 03:21:00+00:00
[2023-08-27T03:22:05.335+0000] {standard_task_runner.py:57} INFO - Started process 350325 to run task
[2023-08-27T03:22:05.359+0000] {standard_task_runner.py:84} INFO - Running: ['airflow', 'tasks', 'run', 'gaas_etl_1', 'etl_user', 'scheduled__2023-08-27T03:21:00+00:00', '--job-id', '4195', '--raw', '--subdir', 'DAGS_FOLDER/dag_etl.py', '--cfg-path', '/tmp/tmpuxxicd5v']
[2023-08-27T03:22:05.377+0000] {standard_task_runner.py:85} INFO - Job 4195: Subtask etl_user
[2023-08-27T03:22:05.854+0000] {task_command.py:415} INFO - Running <TaskInstance: gaas_etl_1.etl_user scheduled__2023-08-27T03:21:00+00:00 [running]> on host data-system.us-central1-a.c.data-system-392010.internal
[2023-08-27T03:22:06.483+0000] {taskinstance.py:1660} INFO - Exporting env vars: AIRFLOW_CTX_DAG_EMAIL='hungnm15012002@gmail.com' AIRFLOW_CTX_DAG_OWNER='hungnm' AIRFLOW_CTX_DAG_ID='gaas_etl_1' AIRFLOW_CTX_TASK_ID='etl_user' AIRFLOW_CTX_EXECUTION_DATE='2023-08-27T03:21:00+00:00' AIRFLOW_CTX_TRY_NUMBER='1' AIRFLOW_CTX_DAG_RUN_ID='scheduled__2023-08-27T03:21:00+00:00'
[2023-08-27T03:22:06.512+0000] {dag_etl.py:28} INFO - Extracting user...
[2023-08-27T03:22:10.280+0000] {extract.py:36} INFO - Request time: 0:00:03.767264
[2023-08-27T03:22:11.045+0000] {extract.py:42} INFO - Create DataFrame time: 0:00:00.764746
[2023-08-27T03:22:11.051+0000] {dag_etl.py:31} INFO - Complete extract user: 0:00:04.538549
[2023-08-27T03:22:11.052+0000] {dag_etl.py:33} INFO - Extracting resource...
[2023-08-27T03:22:12.774+0000] {extract.py:36} INFO - Request time: 0:00:01.721508
[2023-08-27T03:22:12.819+0000] {extract.py:42} INFO - Create DataFrame time: 0:00:00.044106
[2023-08-27T03:22:12.822+0000] {dag_etl.py:36} INFO - Complete extract resource: 0:00:01.771447
[2023-08-27T03:22:12.824+0000] {dag_etl.py:38} INFO - Transforming user...
[2023-08-27T03:22:12.999+0000] {dag_etl.py:42} INFO - Complete transform user: 0:00:00.177443
[2023-08-27T03:22:13.001+0000] {dag_etl.py:44} INFO - transform space_ships...
[2023-08-27T03:22:13.123+0000] {dag_etl.py:47} INFO - Complete transform space_ships: 0:00:00.123041
[2023-08-27T03:22:13.124+0000] {dag_etl.py:49} INFO - transform drones...
[2023-08-27T03:22:13.206+0000] {dag_etl.py:52} INFO - Complete transform drones: 0:00:00.083666
[2023-08-27T03:22:13.207+0000] {dag_etl.py:54} INFO - transform pilots...
[2023-08-27T03:22:13.265+0000] {dag_etl.py:57} INFO - Complete transform pilots: 0:00:00.058855
[2023-08-27T03:22:13.266+0000] {dag_etl.py:59} INFO - transform talents...
[2023-08-27T03:22:13.301+0000] {dag_etl.py:62} INFO - Complete transform talents: 0:00:00.035600
[2023-08-27T03:22:13.302+0000] {dag_etl.py:64} INFO - transform expert_items...
[2023-08-27T03:22:13.332+0000] {dag_etl.py:67} INFO - Complete transform expert_items: 0:00:00.031745
[2023-08-27T03:22:13.334+0000] {dag_etl.py:69} INFO - Loading user...
[2023-08-27T03:22:14.145+0000] {dag_etl.py:72} INFO - Complete load user: 0:00:00.812129
[2023-08-27T03:22:14.145+0000] {dag_etl.py:74} INFO - Loading space_ships...
[2023-08-27T03:22:15.325+0000] {dag_etl.py:77} INFO - Complete load space_ships: 0:00:01.180449
[2023-08-27T03:22:15.325+0000] {dag_etl.py:79} INFO - Loading drones...
[2023-08-27T03:22:16.322+0000] {dag_etl.py:82} INFO - Complete load drones: 0:00:00.996895
[2023-08-27T03:22:16.323+0000] {dag_etl.py:84} INFO - Loading pilots...
[2023-08-27T03:22:18.201+0000] {dag_etl.py:87} INFO - Complete load drones: 0:00:01.879448
[2023-08-27T03:22:18.202+0000] {dag_etl.py:89} INFO - Loading talents...
[2023-08-27T03:22:19.172+0000] {dag_etl.py:92} INFO - Complete load drones: 0:00:00.971069
[2023-08-27T03:22:19.173+0000] {dag_etl.py:94} INFO - Loading expert_items...
[2023-08-27T03:22:19.906+0000] {dag_etl.py:97} INFO - Complete load drones: 0:00:00.733993
[2023-08-27T03:22:19.907+0000] {dag_etl.py:99} INFO - Complete ETL Users in : 0:00:13.394970
[2023-08-27T03:22:19.932+0000] {python.py:194} INFO - Done. Returned value was: None
[2023-08-27T03:22:19.969+0000] {taskinstance.py:1400} INFO - Marking task as SUCCESS. dag_id=gaas_etl_1, task_id=etl_user, execution_date=20230827T032100, start_date=20230827T032205, end_date=20230827T032219
[2023-08-27T03:22:20.083+0000] {local_task_job_runner.py:228} INFO - Task exited with return code 0
[2023-08-27T03:22:20.136+0000] {taskinstance.py:2784} INFO - 0 downstream tasks scheduled from follow-on schedule check
