[2023-08-27T08:02:05.841+0000] {taskinstance.py:1159} INFO - Dependencies all met for dep_context=non-requeueable deps ti=<TaskInstance: gaas_etl_1.etl_user scheduled__2023-08-27T08:01:00+00:00 [queued]>
[2023-08-27T08:02:05.857+0000] {taskinstance.py:1159} INFO - Dependencies all met for dep_context=requeueable deps ti=<TaskInstance: gaas_etl_1.etl_user scheduled__2023-08-27T08:01:00+00:00 [queued]>
[2023-08-27T08:02:05.857+0000] {taskinstance.py:1361} INFO - Starting attempt 1 of 1
[2023-08-27T08:02:05.887+0000] {taskinstance.py:1382} INFO - Executing <Task(PythonOperator): etl_user> on 2023-08-27 08:01:00+00:00
[2023-08-27T08:02:05.896+0000] {standard_task_runner.py:57} INFO - Started process 376949 to run task
[2023-08-27T08:02:05.906+0000] {standard_task_runner.py:84} INFO - Running: ['airflow', 'tasks', 'run', 'gaas_etl_1', 'etl_user', 'scheduled__2023-08-27T08:01:00+00:00', '--job-id', '5036', '--raw', '--subdir', 'DAGS_FOLDER/dag_etl.py', '--cfg-path', '/tmp/tmpy_62visp']
[2023-08-27T08:02:05.911+0000] {standard_task_runner.py:85} INFO - Job 5036: Subtask etl_user
[2023-08-27T08:02:06.302+0000] {task_command.py:415} INFO - Running <TaskInstance: gaas_etl_1.etl_user scheduled__2023-08-27T08:01:00+00:00 [running]> on host data-system.us-central1-a.c.data-system-392010.internal
[2023-08-27T08:02:06.989+0000] {taskinstance.py:1660} INFO - Exporting env vars: AIRFLOW_CTX_DAG_EMAIL='hungnm15012002@gmail.com' AIRFLOW_CTX_DAG_OWNER='hungnm' AIRFLOW_CTX_DAG_ID='gaas_etl_1' AIRFLOW_CTX_TASK_ID='etl_user' AIRFLOW_CTX_EXECUTION_DATE='2023-08-27T08:01:00+00:00' AIRFLOW_CTX_TRY_NUMBER='1' AIRFLOW_CTX_DAG_RUN_ID='scheduled__2023-08-27T08:01:00+00:00'
[2023-08-27T08:02:07.012+0000] {dag_etl.py:28} INFO - Extracting user...
[2023-08-27T08:02:14.071+0000] {extract.py:36} INFO - Request time: 0:00:07.057832
[2023-08-27T08:02:14.811+0000] {extract.py:42} INFO - Create DataFrame time: 0:00:00.739405
[2023-08-27T08:02:14.817+0000] {dag_etl.py:31} INFO - Complete extract user: 0:00:07.804430
[2023-08-27T08:02:14.817+0000] {dag_etl.py:33} INFO - Extracting resource...
[2023-08-27T08:02:17.220+0000] {extract.py:36} INFO - Request time: 0:00:02.402018
[2023-08-27T08:02:17.330+0000] {extract.py:42} INFO - Create DataFrame time: 0:00:00.109678
[2023-08-27T08:02:17.334+0000] {dag_etl.py:36} INFO - Complete extract resource: 0:00:02.516812
[2023-08-27T08:02:17.335+0000] {dag_etl.py:38} INFO - Transforming user...
[2023-08-27T08:02:17.649+0000] {dag_etl.py:42} INFO - Complete transform user: 0:00:00.315536
[2023-08-27T08:02:17.650+0000] {dag_etl.py:44} INFO - transform space_ships...
[2023-08-27T08:02:17.846+0000] {dag_etl.py:47} INFO - Complete transform space_ships: 0:00:00.197042
[2023-08-27T08:02:17.847+0000] {dag_etl.py:49} INFO - transform drones...
[2023-08-27T08:02:17.990+0000] {dag_etl.py:52} INFO - Complete transform drones: 0:00:00.143938
[2023-08-27T08:02:17.991+0000] {dag_etl.py:54} INFO - transform pilots...
[2023-08-27T08:02:18.093+0000] {dag_etl.py:57} INFO - Complete transform pilots: 0:00:00.103177
[2023-08-27T08:02:18.094+0000] {dag_etl.py:59} INFO - transform talents...
[2023-08-27T08:02:18.170+0000] {dag_etl.py:62} INFO - Complete transform talents: 0:00:00.076861
[2023-08-27T08:02:18.171+0000] {dag_etl.py:64} INFO - transform expert_items...
[2023-08-27T08:02:18.261+0000] {dag_etl.py:67} INFO - Complete transform expert_items: 0:00:00.091129
[2023-08-27T08:02:18.262+0000] {dag_etl.py:69} INFO - Loading user...
[2023-08-27T08:02:19.897+0000] {dag_etl.py:72} INFO - Complete load user: 0:00:01.635369
[2023-08-27T08:02:19.897+0000] {dag_etl.py:74} INFO - Loading space_ships...
[2023-08-27T08:02:22.301+0000] {dag_etl.py:77} INFO - Complete load space_ships: 0:00:02.403902
[2023-08-27T08:02:22.301+0000] {dag_etl.py:79} INFO - Loading drones...
[2023-08-27T08:02:24.257+0000] {dag_etl.py:82} INFO - Complete load drones: 0:00:01.956091
[2023-08-27T08:02:24.257+0000] {dag_etl.py:84} INFO - Loading pilots...
[2023-08-27T08:02:27.186+0000] {dag_etl.py:87} INFO - Complete load drones: 0:00:02.928996
[2023-08-27T08:02:27.187+0000] {dag_etl.py:89} INFO - Loading talents...
[2023-08-27T08:02:28.937+0000] {dag_etl.py:92} INFO - Complete load drones: 0:00:01.751187
[2023-08-27T08:02:28.938+0000] {dag_etl.py:94} INFO - Loading expert_items...
[2023-08-27T08:02:30.246+0000] {dag_etl.py:97} INFO - Complete load drones: 0:00:01.308868
[2023-08-27T08:02:30.246+0000] {dag_etl.py:99} INFO - Complete ETL Users in : 0:00:23.233866
[2023-08-27T08:02:30.275+0000] {python.py:194} INFO - Done. Returned value was: None
[2023-08-27T08:02:30.294+0000] {taskinstance.py:1400} INFO - Marking task as SUCCESS. dag_id=gaas_etl_1, task_id=etl_user, execution_date=20230827T080100, start_date=20230827T080205, end_date=20230827T080230
[2023-08-27T08:02:30.355+0000] {local_task_job_runner.py:228} INFO - Task exited with return code 0
[2023-08-27T08:02:30.383+0000] {taskinstance.py:2784} INFO - 0 downstream tasks scheduled from follow-on schedule check
