[2023-08-27T22:01:13.995+0000] {taskinstance.py:1159} INFO - Dependencies all met for dep_context=non-requeueable deps ti=<TaskInstance: gaas_etl_1.etl_user scheduled__2023-08-27T22:00:00+00:00 [queued]>
[2023-08-27T22:01:14.058+0000] {taskinstance.py:1159} INFO - Dependencies all met for dep_context=requeueable deps ti=<TaskInstance: gaas_etl_1.etl_user scheduled__2023-08-27T22:00:00+00:00 [queued]>
[2023-08-27T22:01:14.059+0000] {taskinstance.py:1361} INFO - Starting attempt 1 of 1
[2023-08-27T22:01:14.117+0000] {taskinstance.py:1382} INFO - Executing <Task(PythonOperator): etl_user> on 2023-08-27 22:00:00+00:00
[2023-08-27T22:01:14.140+0000] {standard_task_runner.py:57} INFO - Started process 464448 to run task
[2023-08-27T22:01:14.172+0000] {standard_task_runner.py:84} INFO - Running: ['airflow', 'tasks', 'run', 'gaas_etl_1', 'etl_user', 'scheduled__2023-08-27T22:00:00+00:00', '--job-id', '7554', '--raw', '--subdir', 'DAGS_FOLDER/dag_etl.py', '--cfg-path', '/tmp/tmpfemdyc62']
[2023-08-27T22:01:14.193+0000] {standard_task_runner.py:85} INFO - Job 7554: Subtask etl_user
[2023-08-27T22:01:16.186+0000] {task_command.py:415} INFO - Running <TaskInstance: gaas_etl_1.etl_user scheduled__2023-08-27T22:00:00+00:00 [running]> on host data-system.us-central1-a.c.data-system-392010.internal
[2023-08-27T22:01:17.599+0000] {taskinstance.py:1660} INFO - Exporting env vars: AIRFLOW_CTX_DAG_EMAIL='hungnm15012002@gmail.com' AIRFLOW_CTX_DAG_OWNER='hungnm' AIRFLOW_CTX_DAG_ID='gaas_etl_1' AIRFLOW_CTX_TASK_ID='etl_user' AIRFLOW_CTX_EXECUTION_DATE='2023-08-27T22:00:00+00:00' AIRFLOW_CTX_TRY_NUMBER='1' AIRFLOW_CTX_DAG_RUN_ID='scheduled__2023-08-27T22:00:00+00:00'
[2023-08-27T22:01:17.639+0000] {dag_etl.py:28} INFO - Extracting user...
[2023-08-27T22:01:26.232+0000] {extract.py:36} INFO - Request time: 0:00:08.591902
[2023-08-27T22:01:26.970+0000] {extract.py:42} INFO - Create DataFrame time: 0:00:00.737212
[2023-08-27T22:01:26.976+0000] {dag_etl.py:31} INFO - Complete extract user: 0:00:09.337160
[2023-08-27T22:01:26.977+0000] {dag_etl.py:33} INFO - Extracting resource...
[2023-08-27T22:01:27.295+0000] {extract.py:36} INFO - Request time: 0:00:00.317311
[2023-08-27T22:01:27.296+0000] {extract.py:45} ERROR - Server GAAS error: 502
[2023-08-27T22:01:27.313+0000] {dag_etl.py:36} INFO - Complete extract resource: 0:00:00.337535
[2023-08-27T22:01:27.316+0000] {dag_etl.py:38} INFO - Transforming user...
[2023-08-27T22:01:27.325+0000] {dag_etl.py:107} ERROR - An Error Occur: Can only merge Series or DataFrame objects, a <class 'int'> was passed
[2023-08-27T22:01:27.344+0000] {python.py:194} INFO - Done. Returned value was: None
[2023-08-27T22:01:27.368+0000] {taskinstance.py:1400} INFO - Marking task as SUCCESS. dag_id=gaas_etl_1, task_id=etl_user, execution_date=20230827T220000, start_date=20230827T220114, end_date=20230827T220127
[2023-08-27T22:01:27.438+0000] {local_task_job_runner.py:228} INFO - Task exited with return code 0
[2023-08-27T22:01:27.474+0000] {taskinstance.py:2784} INFO - 0 downstream tasks scheduled from follow-on schedule check
