[2023-08-27T08:58:05.411+0000] {taskinstance.py:1159} INFO - Dependencies all met for dep_context=non-requeueable deps ti=<TaskInstance: gaas_etl_1.etl_user scheduled__2023-08-27T08:57:00+00:00 [queued]>
[2023-08-27T08:58:05.425+0000] {taskinstance.py:1159} INFO - Dependencies all met for dep_context=requeueable deps ti=<TaskInstance: gaas_etl_1.etl_user scheduled__2023-08-27T08:57:00+00:00 [queued]>
[2023-08-27T08:58:05.426+0000] {taskinstance.py:1361} INFO - Starting attempt 1 of 1
[2023-08-27T08:58:05.457+0000] {taskinstance.py:1382} INFO - Executing <Task(PythonOperator): etl_user> on 2023-08-27 08:57:00+00:00
[2023-08-27T08:58:05.470+0000] {standard_task_runner.py:57} INFO - Started process 379157 to run task
[2023-08-27T08:58:05.484+0000] {standard_task_runner.py:84} INFO - Running: ['airflow', 'tasks', 'run', 'gaas_etl_1', 'etl_user', 'scheduled__2023-08-27T08:57:00+00:00', '--job-id', '5203', '--raw', '--subdir', 'DAGS_FOLDER/dag_etl.py', '--cfg-path', '/tmp/tmpsh9ova91']
[2023-08-27T08:58:05.489+0000] {standard_task_runner.py:85} INFO - Job 5203: Subtask etl_user
[2023-08-27T08:58:06.230+0000] {task_command.py:415} INFO - Running <TaskInstance: gaas_etl_1.etl_user scheduled__2023-08-27T08:57:00+00:00 [running]> on host data-system.us-central1-a.c.data-system-392010.internal
[2023-08-27T08:58:06.647+0000] {taskinstance.py:1660} INFO - Exporting env vars: AIRFLOW_CTX_DAG_EMAIL='hungnm15012002@gmail.com' AIRFLOW_CTX_DAG_OWNER='hungnm' AIRFLOW_CTX_DAG_ID='gaas_etl_1' AIRFLOW_CTX_TASK_ID='etl_user' AIRFLOW_CTX_EXECUTION_DATE='2023-08-27T08:57:00+00:00' AIRFLOW_CTX_TRY_NUMBER='1' AIRFLOW_CTX_DAG_RUN_ID='scheduled__2023-08-27T08:57:00+00:00'
[2023-08-27T08:58:06.671+0000] {dag_etl.py:28} INFO - Extracting user...
[2023-08-27T08:58:25.451+0000] {extract.py:36} INFO - Request time: 0:00:18.779759
[2023-08-27T08:58:26.688+0000] {extract.py:42} INFO - Create DataFrame time: 0:00:01.235652
[2023-08-27T08:58:26.698+0000] {dag_etl.py:31} INFO - Complete extract user: 0:00:20.027278
[2023-08-27T08:58:26.699+0000] {dag_etl.py:33} INFO - Extracting resource...
[2023-08-27T08:58:39.924+0000] {extract.py:36} INFO - Request time: 0:00:13.223994
[2023-08-27T08:58:40.017+0000] {extract.py:42} INFO - Create DataFrame time: 0:00:00.092611
[2023-08-27T08:58:40.020+0000] {dag_etl.py:36} INFO - Complete extract resource: 0:00:13.321465
[2023-08-27T08:58:40.021+0000] {dag_etl.py:38} INFO - Transforming user...
[2023-08-27T08:58:40.336+0000] {dag_etl.py:42} INFO - Complete transform user: 0:00:00.316293
[2023-08-27T08:58:40.336+0000] {dag_etl.py:44} INFO - transform space_ships...
[2023-08-27T08:58:40.553+0000] {dag_etl.py:47} INFO - Complete transform space_ships: 0:00:00.216817
[2023-08-27T08:58:40.553+0000] {dag_etl.py:49} INFO - transform drones...
[2023-08-27T08:58:40.714+0000] {dag_etl.py:52} INFO - Complete transform drones: 0:00:00.160953
[2023-08-27T08:58:40.714+0000] {dag_etl.py:54} INFO - transform pilots...
[2023-08-27T08:58:40.849+0000] {dag_etl.py:57} INFO - Complete transform pilots: 0:00:00.134976
[2023-08-27T08:58:40.849+0000] {dag_etl.py:59} INFO - transform talents...
[2023-08-27T08:58:40.904+0000] {dag_etl.py:62} INFO - Complete transform talents: 0:00:00.055447
[2023-08-27T08:58:40.905+0000] {dag_etl.py:64} INFO - transform expert_items...
[2023-08-27T08:58:40.951+0000] {dag_etl.py:67} INFO - Complete transform expert_items: 0:00:00.046529
[2023-08-27T08:58:40.951+0000] {dag_etl.py:69} INFO - Loading user...
[2023-08-27T08:58:43.850+0000] {dag_etl.py:72} INFO - Complete load user: 0:00:02.898817
[2023-08-27T08:58:43.850+0000] {dag_etl.py:74} INFO - Loading space_ships...
[2023-08-27T08:58:47.663+0000] {dag_etl.py:77} INFO - Complete load space_ships: 0:00:03.813184
[2023-08-27T08:58:47.663+0000] {dag_etl.py:79} INFO - Loading drones...
[2023-08-27T08:58:50.445+0000] {dag_etl.py:82} INFO - Complete load drones: 0:00:02.782612
[2023-08-27T08:58:50.446+0000] {dag_etl.py:84} INFO - Loading pilots...
[2023-08-27T08:58:54.845+0000] {dag_etl.py:87} INFO - Complete load drones: 0:00:04.399420
[2023-08-27T08:58:54.845+0000] {dag_etl.py:89} INFO - Loading talents...
[2023-08-27T08:58:57.576+0000] {dag_etl.py:92} INFO - Complete load drones: 0:00:02.730975
[2023-08-27T08:58:57.576+0000] {dag_etl.py:94} INFO - Loading expert_items...
[2023-08-27T08:58:59.485+0000] {dag_etl.py:97} INFO - Complete load drones: 0:00:01.908912
[2023-08-27T08:58:59.485+0000] {dag_etl.py:99} INFO - Complete ETL Users in : 0:00:52.814148
[2023-08-27T08:58:59.535+0000] {python.py:194} INFO - Done. Returned value was: None
[2023-08-27T08:58:59.548+0000] {taskinstance.py:1400} INFO - Marking task as SUCCESS. dag_id=gaas_etl_1, task_id=etl_user, execution_date=20230827T085700, start_date=20230827T085805, end_date=20230827T085859
[2023-08-27T08:58:59.589+0000] {local_task_job_runner.py:228} INFO - Task exited with return code 0
[2023-08-27T08:58:59.609+0000] {taskinstance.py:2784} INFO - 0 downstream tasks scheduled from follow-on schedule check
