[2023-08-27T21:24:07.993+0000] {taskinstance.py:1159} INFO - Dependencies all met for dep_context=non-requeueable deps ti=<TaskInstance: gaas_etl_1.etl_user scheduled__2023-08-27T21:23:00+00:00 [queued]>
[2023-08-27T21:24:08.009+0000] {taskinstance.py:1159} INFO - Dependencies all met for dep_context=requeueable deps ti=<TaskInstance: gaas_etl_1.etl_user scheduled__2023-08-27T21:23:00+00:00 [queued]>
[2023-08-27T21:24:08.010+0000] {taskinstance.py:1361} INFO - Starting attempt 1 of 1
[2023-08-27T21:24:08.049+0000] {taskinstance.py:1382} INFO - Executing <Task(PythonOperator): etl_user> on 2023-08-27 21:23:00+00:00
[2023-08-27T21:24:08.066+0000] {standard_task_runner.py:57} INFO - Started process 460602 to run task
[2023-08-27T21:24:08.090+0000] {standard_task_runner.py:84} INFO - Running: ['airflow', 'tasks', 'run', 'gaas_etl_1', 'etl_user', 'scheduled__2023-08-27T21:23:00+00:00', '--job-id', '7442', '--raw', '--subdir', 'DAGS_FOLDER/dag_etl.py', '--cfg-path', '/tmp/tmpm4qxrr6b']
[2023-08-27T21:24:08.104+0000] {standard_task_runner.py:85} INFO - Job 7442: Subtask etl_user
[2023-08-27T21:24:08.744+0000] {task_command.py:415} INFO - Running <TaskInstance: gaas_etl_1.etl_user scheduled__2023-08-27T21:23:00+00:00 [running]> on host data-system.us-central1-a.c.data-system-392010.internal
[2023-08-27T21:24:09.621+0000] {taskinstance.py:1660} INFO - Exporting env vars: AIRFLOW_CTX_DAG_EMAIL='hungnm15012002@gmail.com' AIRFLOW_CTX_DAG_OWNER='hungnm' AIRFLOW_CTX_DAG_ID='gaas_etl_1' AIRFLOW_CTX_TASK_ID='etl_user' AIRFLOW_CTX_EXECUTION_DATE='2023-08-27T21:23:00+00:00' AIRFLOW_CTX_TRY_NUMBER='1' AIRFLOW_CTX_DAG_RUN_ID='scheduled__2023-08-27T21:23:00+00:00'
[2023-08-27T21:24:09.649+0000] {dag_etl.py:28} INFO - Extracting user...
[2023-08-27T21:24:17.882+0000] {extract.py:36} INFO - Request time: 0:00:08.232991
[2023-08-27T21:24:19.211+0000] {extract.py:42} INFO - Create DataFrame time: 0:00:01.327508
[2023-08-27T21:24:19.224+0000] {dag_etl.py:31} INFO - Complete extract user: 0:00:09.575213
[2023-08-27T21:24:19.237+0000] {dag_etl.py:33} INFO - Extracting resource...
[2023-08-27T21:24:25.102+0000] {extract.py:36} INFO - Request time: 0:00:05.861405
[2023-08-27T21:24:25.173+0000] {extract.py:42} INFO - Create DataFrame time: 0:00:00.069582
[2023-08-27T21:24:25.176+0000] {dag_etl.py:36} INFO - Complete extract resource: 0:00:05.951633
[2023-08-27T21:24:25.177+0000] {dag_etl.py:38} INFO - Transforming user...
[2023-08-27T21:24:25.494+0000] {dag_etl.py:42} INFO - Complete transform user: 0:00:00.317958
[2023-08-27T21:24:25.494+0000] {dag_etl.py:44} INFO - transform space_ships...
[2023-08-27T21:24:25.683+0000] {dag_etl.py:47} INFO - Complete transform space_ships: 0:00:00.189820
[2023-08-27T21:24:25.684+0000] {dag_etl.py:49} INFO - transform drones...
[2023-08-27T21:24:25.812+0000] {dag_etl.py:52} INFO - Complete transform drones: 0:00:00.128587
[2023-08-27T21:24:25.813+0000] {dag_etl.py:54} INFO - transform pilots...
[2023-08-27T21:24:25.904+0000] {dag_etl.py:57} INFO - Complete transform pilots: 0:00:00.092013
[2023-08-27T21:24:25.905+0000] {dag_etl.py:59} INFO - transform talents...
[2023-08-27T21:24:25.946+0000] {dag_etl.py:62} INFO - Complete transform talents: 0:00:00.042037
[2023-08-27T21:24:25.947+0000] {dag_etl.py:64} INFO - transform expert_items...
[2023-08-27T21:24:25.987+0000] {dag_etl.py:67} INFO - Complete transform expert_items: 0:00:00.041095
[2023-08-27T21:24:25.988+0000] {dag_etl.py:69} INFO - Loading user...
[2023-08-27T21:24:27.512+0000] {dag_etl.py:72} INFO - Complete load user: 0:00:01.525241
[2023-08-27T21:24:27.513+0000] {dag_etl.py:74} INFO - Loading space_ships...
[2023-08-27T21:24:29.609+0000] {dag_etl.py:77} INFO - Complete load space_ships: 0:00:02.096961
[2023-08-27T21:24:29.610+0000] {dag_etl.py:79} INFO - Loading drones...
[2023-08-27T21:24:31.424+0000] {dag_etl.py:82} INFO - Complete load drones: 0:00:01.814669
[2023-08-27T21:24:31.425+0000] {dag_etl.py:84} INFO - Loading pilots...
[2023-08-27T21:24:33.927+0000] {dag_etl.py:87} INFO - Complete load drones: 0:00:02.502509
[2023-08-27T21:24:33.927+0000] {dag_etl.py:89} INFO - Loading talents...
[2023-08-27T21:24:35.567+0000] {dag_etl.py:92} INFO - Complete load drones: 0:00:01.640811
[2023-08-27T21:24:35.568+0000] {dag_etl.py:94} INFO - Loading expert_items...
[2023-08-27T21:24:36.726+0000] {dag_etl.py:97} INFO - Complete load drones: 0:00:01.158402
[2023-08-27T21:24:36.726+0000] {dag_etl.py:99} INFO - Complete ETL Users in : 0:00:27.077598
[2023-08-27T21:24:36.764+0000] {python.py:194} INFO - Done. Returned value was: None
[2023-08-27T21:24:36.783+0000] {taskinstance.py:1400} INFO - Marking task as SUCCESS. dag_id=gaas_etl_1, task_id=etl_user, execution_date=20230827T212300, start_date=20230827T212407, end_date=20230827T212436
[2023-08-27T21:24:36.849+0000] {local_task_job_runner.py:228} INFO - Task exited with return code 0
[2023-08-27T21:24:36.880+0000] {taskinstance.py:2784} INFO - 0 downstream tasks scheduled from follow-on schedule check
