[2023-08-26T17:26:04.101+0000] {taskinstance.py:1159} INFO - Dependencies all met for dep_context=non-requeueable deps ti=<TaskInstance: gaas_etl_1.etl_user scheduled__2023-08-26T17:25:00+00:00 [queued]>
[2023-08-26T17:26:04.117+0000] {taskinstance.py:1159} INFO - Dependencies all met for dep_context=requeueable deps ti=<TaskInstance: gaas_etl_1.etl_user scheduled__2023-08-26T17:25:00+00:00 [queued]>
[2023-08-26T17:26:04.117+0000] {taskinstance.py:1361} INFO - Starting attempt 1 of 1
[2023-08-26T17:26:04.147+0000] {taskinstance.py:1382} INFO - Executing <Task(PythonOperator): etl_user> on 2023-08-26 17:25:00+00:00
[2023-08-26T17:26:04.157+0000] {standard_task_runner.py:57} INFO - Started process 323214 to run task
[2023-08-26T17:26:04.172+0000] {standard_task_runner.py:84} INFO - Running: ['airflow', 'tasks', 'run', 'gaas_etl_1', 'etl_user', 'scheduled__2023-08-26T17:25:00+00:00', '--job-id', '2408', '--raw', '--subdir', 'DAGS_FOLDER/dag_etl.py', '--cfg-path', '/tmp/tmp01ie00ah']
[2023-08-26T17:26:04.178+0000] {standard_task_runner.py:85} INFO - Job 2408: Subtask etl_user
[2023-08-26T17:26:04.707+0000] {task_command.py:415} INFO - Running <TaskInstance: gaas_etl_1.etl_user scheduled__2023-08-26T17:25:00+00:00 [running]> on host data-system.us-central1-a.c.data-system-392010.internal
[2023-08-26T17:26:04.998+0000] {taskinstance.py:1660} INFO - Exporting env vars: AIRFLOW_CTX_DAG_EMAIL='hungnm15012002@gmail.com' AIRFLOW_CTX_DAG_OWNER='hungnm' AIRFLOW_CTX_DAG_ID='gaas_etl_1' AIRFLOW_CTX_TASK_ID='etl_user' AIRFLOW_CTX_EXECUTION_DATE='2023-08-26T17:25:00+00:00' AIRFLOW_CTX_TRY_NUMBER='1' AIRFLOW_CTX_DAG_RUN_ID='scheduled__2023-08-26T17:25:00+00:00'
[2023-08-26T17:26:05.023+0000] {dag_etl.py:28} INFO - Extracting user...
[2023-08-26T17:26:08.964+0000] {extract.py:36} INFO - Request time: 0:00:03.939982
[2023-08-26T17:26:09.228+0000] {extract.py:42} INFO - Create DataFrame time: 0:00:00.263583
[2023-08-26T17:26:09.234+0000] {dag_etl.py:31} INFO - Complete extract user: 0:00:04.211121
[2023-08-26T17:26:09.235+0000] {dag_etl.py:33} INFO - Extracting resource...
[2023-08-26T17:26:11.053+0000] {extract.py:36} INFO - Request time: 0:00:01.817647
[2023-08-26T17:26:11.083+0000] {extract.py:42} INFO - Create DataFrame time: 0:00:00.029312
[2023-08-26T17:26:11.085+0000] {dag_etl.py:36} INFO - Complete extract resource: 0:00:01.850575
[2023-08-26T17:26:11.086+0000] {dag_etl.py:38} INFO - Transforming user...
[2023-08-26T17:26:11.185+0000] {dag_etl.py:42} INFO - Complete transform user: 0:00:00.100687
[2023-08-26T17:26:11.186+0000] {dag_etl.py:44} INFO - transform space_ships...
[2023-08-26T17:26:11.258+0000] {dag_etl.py:47} INFO - Complete transform space_ships: 0:00:00.072606
[2023-08-26T17:26:11.258+0000] {dag_etl.py:49} INFO - transform drones...
[2023-08-26T17:26:11.310+0000] {dag_etl.py:52} INFO - Complete transform drones: 0:00:00.052039
[2023-08-26T17:26:11.311+0000] {dag_etl.py:54} INFO - transform pilots...
[2023-08-26T17:26:11.356+0000] {dag_etl.py:57} INFO - Complete transform pilots: 0:00:00.046238
[2023-08-26T17:26:11.357+0000] {dag_etl.py:59} INFO - transform talents...
[2023-08-26T17:26:11.388+0000] {dag_etl.py:62} INFO - Complete transform talents: 0:00:00.031730
[2023-08-26T17:26:11.388+0000] {dag_etl.py:64} INFO - transform expert_items...
[2023-08-26T17:26:11.413+0000] {dag_etl.py:67} INFO - Complete transform expert_items: 0:00:00.024458
[2023-08-26T17:26:11.413+0000] {dag_etl.py:69} INFO - Loading user...
[2023-08-26T17:26:12.250+0000] {dag_etl.py:72} INFO - Complete load user: 0:00:00.837447
[2023-08-26T17:26:12.251+0000] {dag_etl.py:74} INFO - Loading space_ships...
[2023-08-26T17:26:13.534+0000] {dag_etl.py:77} INFO - Complete load space_ships: 0:00:01.284232
[2023-08-26T17:26:13.535+0000] {dag_etl.py:79} INFO - Loading drones...
[2023-08-26T17:26:15.169+0000] {dag_etl.py:82} INFO - Complete load drones: 0:00:01.634369
[2023-08-26T17:26:15.169+0000] {dag_etl.py:84} INFO - Loading pilots...
[2023-08-26T17:26:17.293+0000] {dag_etl.py:87} INFO - Complete load drones: 0:00:02.124476
[2023-08-26T17:26:17.294+0000] {dag_etl.py:89} INFO - Loading talents...
[2023-08-26T17:26:18.666+0000] {dag_etl.py:92} INFO - Complete load drones: 0:00:01.372601
[2023-08-26T17:26:18.666+0000] {dag_etl.py:94} INFO - Loading expert_items...
[2023-08-26T17:26:19.200+0000] {dag_etl.py:97} INFO - Complete load drones: 0:00:00.533867
[2023-08-26T17:26:19.200+0000] {dag_etl.py:99} INFO - Complete ETL Users in : 0:00:14.176958
[2023-08-26T17:26:19.215+0000] {python.py:194} INFO - Done. Returned value was: None
[2023-08-26T17:26:19.234+0000] {taskinstance.py:1400} INFO - Marking task as SUCCESS. dag_id=gaas_etl_1, task_id=etl_user, execution_date=20230826T172500, start_date=20230826T172604, end_date=20230826T172619
[2023-08-26T17:26:19.315+0000] {local_task_job_runner.py:228} INFO - Task exited with return code 0
[2023-08-26T17:26:19.362+0000] {taskinstance.py:2784} INFO - 0 downstream tasks scheduled from follow-on schedule check
