[2023-08-26T23:43:04.976+0000] {taskinstance.py:1159} INFO - Dependencies all met for dep_context=non-requeueable deps ti=<TaskInstance: gaas_etl_1.etl_user scheduled__2023-08-26T23:42:00+00:00 [queued]>
[2023-08-26T23:43:04.993+0000] {taskinstance.py:1159} INFO - Dependencies all met for dep_context=requeueable deps ti=<TaskInstance: gaas_etl_1.etl_user scheduled__2023-08-26T23:42:00+00:00 [queued]>
[2023-08-26T23:43:04.994+0000] {taskinstance.py:1361} INFO - Starting attempt 1 of 1
[2023-08-26T23:43:05.023+0000] {taskinstance.py:1382} INFO - Executing <Task(PythonOperator): etl_user> on 2023-08-26 23:42:00+00:00
[2023-08-26T23:43:05.030+0000] {standard_task_runner.py:57} INFO - Started process 338137 to run task
[2023-08-26T23:43:05.044+0000] {standard_task_runner.py:84} INFO - Running: ['airflow', 'tasks', 'run', 'gaas_etl_1', 'etl_user', 'scheduled__2023-08-26T23:42:00+00:00', '--job-id', '3538', '--raw', '--subdir', 'DAGS_FOLDER/dag_etl.py', '--cfg-path', '/tmp/tmp01brfd2b']
[2023-08-26T23:43:05.050+0000] {standard_task_runner.py:85} INFO - Job 3538: Subtask etl_user
[2023-08-26T23:43:05.332+0000] {task_command.py:415} INFO - Running <TaskInstance: gaas_etl_1.etl_user scheduled__2023-08-26T23:42:00+00:00 [running]> on host data-system.us-central1-a.c.data-system-392010.internal
[2023-08-26T23:43:05.698+0000] {taskinstance.py:1660} INFO - Exporting env vars: AIRFLOW_CTX_DAG_EMAIL='hungnm15012002@gmail.com' AIRFLOW_CTX_DAG_OWNER='hungnm' AIRFLOW_CTX_DAG_ID='gaas_etl_1' AIRFLOW_CTX_TASK_ID='etl_user' AIRFLOW_CTX_EXECUTION_DATE='2023-08-26T23:42:00+00:00' AIRFLOW_CTX_TRY_NUMBER='1' AIRFLOW_CTX_DAG_RUN_ID='scheduled__2023-08-26T23:42:00+00:00'
[2023-08-26T23:43:05.736+0000] {dag_etl.py:28} INFO - Extracting user...
[2023-08-26T23:43:09.581+0000] {extract.py:36} INFO - Request time: 0:00:03.844470
[2023-08-26T23:43:09.972+0000] {extract.py:42} INFO - Create DataFrame time: 0:00:00.389997
[2023-08-26T23:43:09.975+0000] {dag_etl.py:31} INFO - Complete extract user: 0:00:04.239097
[2023-08-26T23:43:09.976+0000] {dag_etl.py:33} INFO - Extracting resource...
[2023-08-26T23:43:11.493+0000] {extract.py:36} INFO - Request time: 0:00:01.516044
[2023-08-26T23:43:11.545+0000] {extract.py:42} INFO - Create DataFrame time: 0:00:00.051658
[2023-08-26T23:43:11.548+0000] {dag_etl.py:36} INFO - Complete extract resource: 0:00:01.572543
[2023-08-26T23:43:11.549+0000] {dag_etl.py:38} INFO - Transforming user...
[2023-08-26T23:43:11.749+0000] {dag_etl.py:42} INFO - Complete transform user: 0:00:00.200706
[2023-08-26T23:43:11.749+0000] {dag_etl.py:44} INFO - transform space_ships...
[2023-08-26T23:43:11.883+0000] {dag_etl.py:47} INFO - Complete transform space_ships: 0:00:00.134043
[2023-08-26T23:43:11.883+0000] {dag_etl.py:49} INFO - transform drones...
[2023-08-26T23:43:11.981+0000] {dag_etl.py:52} INFO - Complete transform drones: 0:00:00.098427
[2023-08-26T23:43:11.982+0000] {dag_etl.py:54} INFO - transform pilots...
[2023-08-26T23:43:12.051+0000] {dag_etl.py:57} INFO - Complete transform pilots: 0:00:00.070051
[2023-08-26T23:43:12.052+0000] {dag_etl.py:59} INFO - transform talents...
[2023-08-26T23:43:12.084+0000] {dag_etl.py:62} INFO - Complete transform talents: 0:00:00.033127
[2023-08-26T23:43:12.085+0000] {dag_etl.py:64} INFO - transform expert_items...
[2023-08-26T23:43:12.116+0000] {dag_etl.py:67} INFO - Complete transform expert_items: 0:00:00.032045
[2023-08-26T23:43:12.117+0000] {dag_etl.py:69} INFO - Loading user...
[2023-08-26T23:43:13.131+0000] {dag_etl.py:72} INFO - Complete load user: 0:00:01.014208
[2023-08-26T23:43:13.131+0000] {dag_etl.py:74} INFO - Loading space_ships...
[2023-08-26T23:43:14.456+0000] {dag_etl.py:77} INFO - Complete load space_ships: 0:00:01.325304
[2023-08-26T23:43:14.457+0000] {dag_etl.py:79} INFO - Loading drones...
[2023-08-26T23:43:15.897+0000] {dag_etl.py:82} INFO - Complete load drones: 0:00:01.441429
[2023-08-26T23:43:15.898+0000] {dag_etl.py:84} INFO - Loading pilots...
[2023-08-26T23:43:18.037+0000] {dag_etl.py:87} INFO - Complete load drones: 0:00:02.139553
[2023-08-26T23:43:18.037+0000] {dag_etl.py:89} INFO - Loading talents...
[2023-08-26T23:43:19.225+0000] {dag_etl.py:92} INFO - Complete load drones: 0:00:01.187765
[2023-08-26T23:43:19.225+0000] {dag_etl.py:94} INFO - Loading expert_items...
[2023-08-26T23:43:20.108+0000] {dag_etl.py:97} INFO - Complete load drones: 0:00:00.883589
[2023-08-26T23:43:20.109+0000] {dag_etl.py:99} INFO - Complete ETL Users in : 0:00:14.372411
[2023-08-26T23:43:20.127+0000] {python.py:194} INFO - Done. Returned value was: None
[2023-08-26T23:43:20.146+0000] {taskinstance.py:1400} INFO - Marking task as SUCCESS. dag_id=gaas_etl_1, task_id=etl_user, execution_date=20230826T234200, start_date=20230826T234304, end_date=20230826T234320
[2023-08-26T23:43:20.233+0000] {local_task_job_runner.py:228} INFO - Task exited with return code 0
[2023-08-26T23:43:20.262+0000] {taskinstance.py:2784} INFO - 0 downstream tasks scheduled from follow-on schedule check
