[2023-08-27T23:59:06.729+0000] {taskinstance.py:1159} INFO - Dependencies all met for dep_context=non-requeueable deps ti=<TaskInstance: gaas_etl_1.etl_user scheduled__2023-08-27T23:58:00+00:00 [queued]>
[2023-08-27T23:59:06.745+0000] {taskinstance.py:1159} INFO - Dependencies all met for dep_context=requeueable deps ti=<TaskInstance: gaas_etl_1.etl_user scheduled__2023-08-27T23:58:00+00:00 [queued]>
[2023-08-27T23:59:06.745+0000] {taskinstance.py:1361} INFO - Starting attempt 1 of 1
[2023-08-27T23:59:06.772+0000] {taskinstance.py:1382} INFO - Executing <Task(PythonOperator): etl_user> on 2023-08-27 23:58:00+00:00
[2023-08-27T23:59:06.781+0000] {standard_task_runner.py:57} INFO - Started process 476844 to run task
[2023-08-27T23:59:06.793+0000] {standard_task_runner.py:84} INFO - Running: ['airflow', 'tasks', 'run', 'gaas_etl_1', 'etl_user', 'scheduled__2023-08-27T23:58:00+00:00', '--job-id', '7907', '--raw', '--subdir', 'DAGS_FOLDER/dag_etl.py', '--cfg-path', '/tmp/tmpjoryosgb']
[2023-08-27T23:59:06.799+0000] {standard_task_runner.py:85} INFO - Job 7907: Subtask etl_user
[2023-08-27T23:59:07.881+0000] {task_command.py:415} INFO - Running <TaskInstance: gaas_etl_1.etl_user scheduled__2023-08-27T23:58:00+00:00 [running]> on host data-system.us-central1-a.c.data-system-392010.internal
[2023-08-27T23:59:08.453+0000] {taskinstance.py:1660} INFO - Exporting env vars: AIRFLOW_CTX_DAG_EMAIL='hungnm15012002@gmail.com' AIRFLOW_CTX_DAG_OWNER='hungnm' AIRFLOW_CTX_DAG_ID='gaas_etl_1' AIRFLOW_CTX_TASK_ID='etl_user' AIRFLOW_CTX_EXECUTION_DATE='2023-08-27T23:58:00+00:00' AIRFLOW_CTX_TRY_NUMBER='1' AIRFLOW_CTX_DAG_RUN_ID='scheduled__2023-08-27T23:58:00+00:00'
[2023-08-27T23:59:08.476+0000] {dag_etl.py:28} INFO - Extracting user...
[2023-08-27T23:59:12.259+0000] {extract.py:36} INFO - Request time: 0:00:03.782564
[2023-08-27T23:59:12.625+0000] {extract.py:42} INFO - Create DataFrame time: 0:00:00.365371
[2023-08-27T23:59:12.628+0000] {dag_etl.py:31} INFO - Complete extract user: 0:00:04.152490
[2023-08-27T23:59:12.629+0000] {dag_etl.py:33} INFO - Extracting resource...
[2023-08-27T23:59:14.118+0000] {extract.py:36} INFO - Request time: 0:00:01.488767
[2023-08-27T23:59:14.159+0000] {extract.py:42} INFO - Create DataFrame time: 0:00:00.041028
[2023-08-27T23:59:14.162+0000] {dag_etl.py:36} INFO - Complete extract resource: 0:00:01.533706
[2023-08-27T23:59:14.163+0000] {dag_etl.py:38} INFO - Transforming user...
[2023-08-27T23:59:14.309+0000] {dag_etl.py:42} INFO - Complete transform user: 0:00:00.146891
[2023-08-27T23:59:14.309+0000] {dag_etl.py:44} INFO - transform space_ships...
[2023-08-27T23:59:14.436+0000] {dag_etl.py:47} INFO - Complete transform space_ships: 0:00:00.127628
[2023-08-27T23:59:14.437+0000] {dag_etl.py:49} INFO - transform drones...
[2023-08-27T23:59:14.519+0000] {dag_etl.py:52} INFO - Complete transform drones: 0:00:00.082433
[2023-08-27T23:59:14.519+0000] {dag_etl.py:54} INFO - transform pilots...
[2023-08-27T23:59:14.572+0000] {dag_etl.py:57} INFO - Complete transform pilots: 0:00:00.053324
[2023-08-27T23:59:14.573+0000] {dag_etl.py:59} INFO - transform talents...
[2023-08-27T23:59:14.597+0000] {dag_etl.py:62} INFO - Complete transform talents: 0:00:00.024862
[2023-08-27T23:59:14.598+0000] {dag_etl.py:64} INFO - transform expert_items...
[2023-08-27T23:59:14.621+0000] {dag_etl.py:67} INFO - Complete transform expert_items: 0:00:00.024070
[2023-08-27T23:59:14.622+0000] {dag_etl.py:69} INFO - Loading user...
[2023-08-27T23:59:15.297+0000] {dag_etl.py:72} INFO - Complete load user: 0:00:00.676340
[2023-08-27T23:59:15.298+0000] {dag_etl.py:74} INFO - Loading space_ships...
[2023-08-27T23:59:16.250+0000] {dag_etl.py:77} INFO - Complete load space_ships: 0:00:00.952388
[2023-08-27T23:59:16.250+0000] {dag_etl.py:79} INFO - Loading drones...
[2023-08-27T23:59:17.176+0000] {dag_etl.py:82} INFO - Complete load drones: 0:00:00.925904
[2023-08-27T23:59:17.176+0000] {dag_etl.py:84} INFO - Loading pilots...
[2023-08-27T23:59:18.485+0000] {dag_etl.py:87} INFO - Complete load drones: 0:00:01.309049
[2023-08-27T23:59:18.485+0000] {dag_etl.py:89} INFO - Loading talents...
[2023-08-27T23:59:19.253+0000] {dag_etl.py:92} INFO - Complete load drones: 0:00:00.768646
[2023-08-27T23:59:19.254+0000] {dag_etl.py:94} INFO - Loading expert_items...
[2023-08-27T23:59:19.735+0000] {dag_etl.py:97} INFO - Complete load drones: 0:00:00.481621
[2023-08-27T23:59:19.735+0000] {dag_etl.py:99} INFO - Complete ETL Users in : 0:00:11.259811
[2023-08-27T23:59:19.753+0000] {python.py:194} INFO - Done. Returned value was: None
[2023-08-27T23:59:19.773+0000] {taskinstance.py:1400} INFO - Marking task as SUCCESS. dag_id=gaas_etl_1, task_id=etl_user, execution_date=20230827T235800, start_date=20230827T235906, end_date=20230827T235919
[2023-08-27T23:59:19.819+0000] {local_task_job_runner.py:228} INFO - Task exited with return code 0
[2023-08-27T23:59:19.848+0000] {taskinstance.py:2784} INFO - 0 downstream tasks scheduled from follow-on schedule check
