[2023-08-26T21:01:05.345+0000] {taskinstance.py:1159} INFO - Dependencies all met for dep_context=non-requeueable deps ti=<TaskInstance: gaas_etl_1.etl_user scheduled__2023-08-26T21:00:00+00:00 [queued]>
[2023-08-26T21:01:05.365+0000] {taskinstance.py:1159} INFO - Dependencies all met for dep_context=requeueable deps ti=<TaskInstance: gaas_etl_1.etl_user scheduled__2023-08-26T21:00:00+00:00 [queued]>
[2023-08-26T21:01:05.366+0000] {taskinstance.py:1361} INFO - Starting attempt 1 of 1
[2023-08-26T21:01:05.399+0000] {taskinstance.py:1382} INFO - Executing <Task(PythonOperator): etl_user> on 2023-08-26 21:00:00+00:00
[2023-08-26T21:01:05.406+0000] {standard_task_runner.py:57} INFO - Started process 331657 to run task
[2023-08-26T21:01:05.420+0000] {standard_task_runner.py:84} INFO - Running: ['airflow', 'tasks', 'run', 'gaas_etl_1', 'etl_user', 'scheduled__2023-08-26T21:00:00+00:00', '--job-id', '3053', '--raw', '--subdir', 'DAGS_FOLDER/dag_etl.py', '--cfg-path', '/tmp/tmpxa625n8i']
[2023-08-26T21:01:05.429+0000] {standard_task_runner.py:85} INFO - Job 3053: Subtask etl_user
[2023-08-26T21:01:06.071+0000] {task_command.py:415} INFO - Running <TaskInstance: gaas_etl_1.etl_user scheduled__2023-08-26T21:00:00+00:00 [running]> on host data-system.us-central1-a.c.data-system-392010.internal
[2023-08-26T21:01:06.390+0000] {taskinstance.py:1660} INFO - Exporting env vars: AIRFLOW_CTX_DAG_EMAIL='hungnm15012002@gmail.com' AIRFLOW_CTX_DAG_OWNER='hungnm' AIRFLOW_CTX_DAG_ID='gaas_etl_1' AIRFLOW_CTX_TASK_ID='etl_user' AIRFLOW_CTX_EXECUTION_DATE='2023-08-26T21:00:00+00:00' AIRFLOW_CTX_TRY_NUMBER='1' AIRFLOW_CTX_DAG_RUN_ID='scheduled__2023-08-26T21:00:00+00:00'
[2023-08-26T21:01:06.408+0000] {dag_etl.py:28} INFO - Extracting user...
[2023-08-26T21:01:10.094+0000] {extract.py:36} INFO - Request time: 0:00:03.686110
[2023-08-26T21:01:10.287+0000] {extract.py:42} INFO - Create DataFrame time: 0:00:00.192624
[2023-08-26T21:01:10.292+0000] {dag_etl.py:31} INFO - Complete extract user: 0:00:03.884095
[2023-08-26T21:01:10.292+0000] {dag_etl.py:33} INFO - Extracting resource...
[2023-08-26T21:01:11.792+0000] {extract.py:36} INFO - Request time: 0:00:01.499057
[2023-08-26T21:01:11.831+0000] {extract.py:42} INFO - Create DataFrame time: 0:00:00.038366
[2023-08-26T21:01:11.834+0000] {dag_etl.py:36} INFO - Complete extract resource: 0:00:01.542145
[2023-08-26T21:01:11.835+0000] {dag_etl.py:38} INFO - Transforming user...
[2023-08-26T21:01:11.983+0000] {dag_etl.py:42} INFO - Complete transform user: 0:00:00.149422
[2023-08-26T21:01:11.984+0000] {dag_etl.py:44} INFO - transform space_ships...
[2023-08-26T21:01:12.106+0000] {dag_etl.py:47} INFO - Complete transform space_ships: 0:00:00.122404
[2023-08-26T21:01:12.106+0000] {dag_etl.py:49} INFO - transform drones...
[2023-08-26T21:01:12.195+0000] {dag_etl.py:52} INFO - Complete transform drones: 0:00:00.089049
[2023-08-26T21:01:12.195+0000] {dag_etl.py:54} INFO - transform pilots...
[2023-08-26T21:01:12.265+0000] {dag_etl.py:57} INFO - Complete transform pilots: 0:00:00.070739
[2023-08-26T21:01:12.266+0000] {dag_etl.py:59} INFO - transform talents...
[2023-08-26T21:01:12.294+0000] {dag_etl.py:62} INFO - Complete transform talents: 0:00:00.028406
[2023-08-26T21:01:12.294+0000] {dag_etl.py:64} INFO - transform expert_items...
[2023-08-26T21:01:12.319+0000] {dag_etl.py:67} INFO - Complete transform expert_items: 0:00:00.025566
[2023-08-26T21:01:12.320+0000] {dag_etl.py:69} INFO - Loading user...
[2023-08-26T21:01:13.172+0000] {dag_etl.py:72} INFO - Complete load user: 0:00:00.852230
[2023-08-26T21:01:13.172+0000] {dag_etl.py:74} INFO - Loading space_ships...
[2023-08-26T21:01:14.407+0000] {dag_etl.py:77} INFO - Complete load space_ships: 0:00:01.235854
[2023-08-26T21:01:14.408+0000] {dag_etl.py:79} INFO - Loading drones...
[2023-08-26T21:01:15.702+0000] {dag_etl.py:82} INFO - Complete load drones: 0:00:01.294435
[2023-08-26T21:01:15.703+0000] {dag_etl.py:84} INFO - Loading pilots...
[2023-08-26T21:01:17.784+0000] {dag_etl.py:87} INFO - Complete load drones: 0:00:02.082163
[2023-08-26T21:01:17.785+0000] {dag_etl.py:89} INFO - Loading talents...
[2023-08-26T21:01:18.869+0000] {dag_etl.py:92} INFO - Complete load drones: 0:00:01.085175
[2023-08-26T21:01:18.870+0000] {dag_etl.py:94} INFO - Loading expert_items...
[2023-08-26T21:01:19.656+0000] {dag_etl.py:97} INFO - Complete load drones: 0:00:00.786614
[2023-08-26T21:01:19.656+0000] {dag_etl.py:99} INFO - Complete ETL Users in : 0:00:13.248755
[2023-08-26T21:01:19.671+0000] {python.py:194} INFO - Done. Returned value was: None
[2023-08-26T21:01:19.693+0000] {taskinstance.py:1400} INFO - Marking task as SUCCESS. dag_id=gaas_etl_1, task_id=etl_user, execution_date=20230826T210000, start_date=20230826T210105, end_date=20230826T210119
[2023-08-26T21:01:19.758+0000] {local_task_job_runner.py:228} INFO - Task exited with return code 0
[2023-08-26T21:01:19.786+0000] {taskinstance.py:2784} INFO - 0 downstream tasks scheduled from follow-on schedule check
