[2023-08-27T13:47:09.406+0000] {taskinstance.py:1159} INFO - Dependencies all met for dep_context=non-requeueable deps ti=<TaskInstance: gaas_etl_1.etl_user scheduled__2023-08-27T13:46:00+00:00 [queued]>
[2023-08-27T13:47:09.421+0000] {taskinstance.py:1159} INFO - Dependencies all met for dep_context=requeueable deps ti=<TaskInstance: gaas_etl_1.etl_user scheduled__2023-08-27T13:46:00+00:00 [queued]>
[2023-08-27T13:47:09.421+0000] {taskinstance.py:1361} INFO - Starting attempt 1 of 1
[2023-08-27T13:47:09.462+0000] {taskinstance.py:1382} INFO - Executing <Task(PythonOperator): etl_user> on 2023-08-27 13:46:00+00:00
[2023-08-27T13:47:09.473+0000] {standard_task_runner.py:57} INFO - Started process 412444 to run task
[2023-08-27T13:47:09.489+0000] {standard_task_runner.py:84} INFO - Running: ['airflow', 'tasks', 'run', 'gaas_etl_1', 'etl_user', 'scheduled__2023-08-27T13:46:00+00:00', '--job-id', '6072', '--raw', '--subdir', 'DAGS_FOLDER/dag_etl.py', '--cfg-path', '/tmp/tmpvf_df13n']
[2023-08-27T13:47:09.494+0000] {standard_task_runner.py:85} INFO - Job 6072: Subtask etl_user
[2023-08-27T13:47:10.446+0000] {task_command.py:415} INFO - Running <TaskInstance: gaas_etl_1.etl_user scheduled__2023-08-27T13:46:00+00:00 [running]> on host data-system.us-central1-a.c.data-system-392010.internal
[2023-08-27T13:47:11.000+0000] {taskinstance.py:1660} INFO - Exporting env vars: AIRFLOW_CTX_DAG_EMAIL='hungnm15012002@gmail.com' AIRFLOW_CTX_DAG_OWNER='hungnm' AIRFLOW_CTX_DAG_ID='gaas_etl_1' AIRFLOW_CTX_TASK_ID='etl_user' AIRFLOW_CTX_EXECUTION_DATE='2023-08-27T13:46:00+00:00' AIRFLOW_CTX_TRY_NUMBER='1' AIRFLOW_CTX_DAG_RUN_ID='scheduled__2023-08-27T13:46:00+00:00'
[2023-08-27T13:47:11.041+0000] {dag_etl.py:28} INFO - Extracting user...
[2023-08-27T13:47:19.514+0000] {extract.py:36} INFO - Request time: 0:00:08.472642
[2023-08-27T13:47:20.043+0000] {extract.py:42} INFO - Create DataFrame time: 0:00:00.528305
[2023-08-27T13:47:20.046+0000] {dag_etl.py:31} INFO - Complete extract user: 0:00:09.005042
[2023-08-27T13:47:20.047+0000] {dag_etl.py:33} INFO - Extracting resource...
[2023-08-27T13:47:27.501+0000] {extract.py:36} INFO - Request time: 0:00:07.454618
[2023-08-27T13:47:27.605+0000] {extract.py:42} INFO - Create DataFrame time: 0:00:00.102672
[2023-08-27T13:47:27.617+0000] {dag_etl.py:36} INFO - Complete extract resource: 0:00:07.571101
[2023-08-27T13:47:27.618+0000] {dag_etl.py:38} INFO - Transforming user...
[2023-08-27T13:47:27.834+0000] {dag_etl.py:42} INFO - Complete transform user: 0:00:00.216876
[2023-08-27T13:47:27.834+0000] {dag_etl.py:44} INFO - transform space_ships...
[2023-08-27T13:47:28.119+0000] {dag_etl.py:47} INFO - Complete transform space_ships: 0:00:00.285711
[2023-08-27T13:47:28.130+0000] {dag_etl.py:49} INFO - transform drones...
[2023-08-27T13:47:28.281+0000] {dag_etl.py:52} INFO - Complete transform drones: 0:00:00.161744
[2023-08-27T13:47:28.282+0000] {dag_etl.py:54} INFO - transform pilots...
[2023-08-27T13:47:28.345+0000] {dag_etl.py:57} INFO - Complete transform pilots: 0:00:00.064361
[2023-08-27T13:47:28.346+0000] {dag_etl.py:59} INFO - transform talents...
[2023-08-27T13:47:28.379+0000] {dag_etl.py:62} INFO - Complete transform talents: 0:00:00.033722
[2023-08-27T13:47:28.380+0000] {dag_etl.py:64} INFO - transform expert_items...
[2023-08-27T13:47:28.410+0000] {dag_etl.py:67} INFO - Complete transform expert_items: 0:00:00.030498
[2023-08-27T13:47:28.410+0000] {dag_etl.py:69} INFO - Loading user...
[2023-08-27T13:47:29.455+0000] {dag_etl.py:72} INFO - Complete load user: 0:00:01.045332
[2023-08-27T13:47:29.455+0000] {dag_etl.py:74} INFO - Loading space_ships...
[2023-08-27T13:47:31.529+0000] {dag_etl.py:77} INFO - Complete load space_ships: 0:00:02.074096
[2023-08-27T13:47:31.530+0000] {dag_etl.py:79} INFO - Loading drones...
[2023-08-27T13:47:32.717+0000] {dag_etl.py:82} INFO - Complete load drones: 0:00:01.187823
[2023-08-27T13:47:32.717+0000] {dag_etl.py:84} INFO - Loading pilots...
[2023-08-27T13:47:34.884+0000] {dag_etl.py:87} INFO - Complete load drones: 0:00:02.166930
[2023-08-27T13:47:34.884+0000] {dag_etl.py:89} INFO - Loading talents...
[2023-08-27T13:47:35.954+0000] {dag_etl.py:92} INFO - Complete load drones: 0:00:01.070112
[2023-08-27T13:47:35.954+0000] {dag_etl.py:94} INFO - Loading expert_items...
[2023-08-27T13:47:36.871+0000] {dag_etl.py:97} INFO - Complete load drones: 0:00:00.916645
[2023-08-27T13:47:36.871+0000] {dag_etl.py:99} INFO - Complete ETL Users in : 0:00:25.830759
[2023-08-27T13:47:36.913+0000] {python.py:194} INFO - Done. Returned value was: None
[2023-08-27T13:47:36.943+0000] {taskinstance.py:1400} INFO - Marking task as SUCCESS. dag_id=gaas_etl_1, task_id=etl_user, execution_date=20230827T134600, start_date=20230827T134709, end_date=20230827T134736
[2023-08-27T13:47:37.058+0000] {local_task_job_runner.py:228} INFO - Task exited with return code 0
[2023-08-27T13:47:37.110+0000] {taskinstance.py:2784} INFO - 0 downstream tasks scheduled from follow-on schedule check
