[2023-08-26T05:28:03.393+0000] {taskinstance.py:1159} INFO - Dependencies all met for dep_context=non-requeueable deps ti=<TaskInstance: gaas_etl_1.etl_user scheduled__2023-08-26T05:27:00+00:00 [queued]>
[2023-08-26T05:28:03.417+0000] {taskinstance.py:1159} INFO - Dependencies all met for dep_context=requeueable deps ti=<TaskInstance: gaas_etl_1.etl_user scheduled__2023-08-26T05:27:00+00:00 [queued]>
[2023-08-26T05:28:03.417+0000] {taskinstance.py:1361} INFO - Starting attempt 1 of 1
[2023-08-26T05:28:03.451+0000] {taskinstance.py:1382} INFO - Executing <Task(PythonOperator): etl_user> on 2023-08-26 05:27:00+00:00
[2023-08-26T05:28:03.461+0000] {standard_task_runner.py:57} INFO - Started process 281591 to run task
[2023-08-26T05:28:03.480+0000] {standard_task_runner.py:84} INFO - Running: ['airflow', 'tasks', 'run', 'gaas_etl_1', 'etl_user', 'scheduled__2023-08-26T05:27:00+00:00', '--job-id', '254', '--raw', '--subdir', 'DAGS_FOLDER/dag_etl.py', '--cfg-path', '/tmp/tmprgdjgddw']
[2023-08-26T05:28:03.484+0000] {standard_task_runner.py:85} INFO - Job 254: Subtask etl_user
[2023-08-26T05:28:03.597+0000] {task_command.py:415} INFO - Running <TaskInstance: gaas_etl_1.etl_user scheduled__2023-08-26T05:27:00+00:00 [running]> on host data-system.us-central1-a.c.data-system-392010.internal
[2023-08-26T05:28:03.775+0000] {taskinstance.py:1660} INFO - Exporting env vars: AIRFLOW_CTX_DAG_EMAIL='hungnm15012002@gmail.com' AIRFLOW_CTX_DAG_OWNER='hungnm' AIRFLOW_CTX_DAG_ID='gaas_etl_1' AIRFLOW_CTX_TASK_ID='etl_user' AIRFLOW_CTX_EXECUTION_DATE='2023-08-26T05:27:00+00:00' AIRFLOW_CTX_TRY_NUMBER='1' AIRFLOW_CTX_DAG_RUN_ID='scheduled__2023-08-26T05:27:00+00:00'
[2023-08-26T05:28:03.798+0000] {dag_etl.py:28} INFO - Extracting user...
[2023-08-26T05:28:06.687+0000] {extract.py:36} INFO - Request time: 0:00:02.888347
[2023-08-26T05:28:06.712+0000] {extract.py:42} INFO - Create DataFrame time: 0:00:00.024342
[2023-08-26T05:28:06.714+0000] {dag_etl.py:31} INFO - Complete extract user: 0:00:02.915883
[2023-08-26T05:28:06.714+0000] {dag_etl.py:33} INFO - Extracting resource...
[2023-08-26T05:28:13.965+0000] {extract.py:36} INFO - Request time: 0:00:07.250510
[2023-08-26T05:28:13.976+0000] {extract.py:42} INFO - Create DataFrame time: 0:00:00.010203
[2023-08-26T05:28:13.978+0000] {dag_etl.py:36} INFO - Complete extract resource: 0:00:07.264332
[2023-08-26T05:28:13.979+0000] {dag_etl.py:38} INFO - Transforming user...
[2023-08-26T05:28:14.029+0000] {dag_etl.py:42} INFO - Complete transform user: 0:00:00.050495
[2023-08-26T05:28:14.029+0000] {dag_etl.py:44} INFO - transform space_ships...
[2023-08-26T05:28:14.056+0000] {dag_etl.py:47} INFO - Complete transform space_ships: 0:00:00.027517
[2023-08-26T05:28:14.057+0000] {dag_etl.py:49} INFO - transform drones...
[2023-08-26T05:28:14.076+0000] {dag_etl.py:52} INFO - Complete transform drones: 0:00:00.019978
[2023-08-26T05:28:14.077+0000] {dag_etl.py:54} INFO - transform pilots...
[2023-08-26T05:28:14.091+0000] {dag_etl.py:57} INFO - Complete transform pilots: 0:00:00.014535
[2023-08-26T05:28:14.091+0000] {dag_etl.py:59} INFO - transform talents...
[2023-08-26T05:28:14.102+0000] {dag_etl.py:62} INFO - Complete transform talents: 0:00:00.011336
[2023-08-26T05:28:14.103+0000] {dag_etl.py:64} INFO - transform expert_items...
[2023-08-26T05:28:14.113+0000] {dag_etl.py:67} INFO - Complete transform expert_items: 0:00:00.011002
[2023-08-26T05:28:14.113+0000] {dag_etl.py:69} INFO - Loading user...
[2023-08-26T05:28:14.139+0000] {dag_etl.py:72} INFO - Complete load user: 0:00:00.026262
[2023-08-26T05:28:14.140+0000] {dag_etl.py:74} INFO - Loading space_ships...
[2023-08-26T05:28:14.172+0000] {dag_etl.py:77} INFO - Complete load space_ships: 0:00:00.033139
[2023-08-26T05:28:14.173+0000] {dag_etl.py:79} INFO - Loading drones...
[2023-08-26T05:28:14.195+0000] {dag_etl.py:82} INFO - Complete load drones: 0:00:00.022740
[2023-08-26T05:28:14.196+0000] {dag_etl.py:84} INFO - Loading pilots...
[2023-08-26T05:28:14.240+0000] {dag_etl.py:87} INFO - Complete load drones: 0:00:00.045179
[2023-08-26T05:28:14.241+0000] {dag_etl.py:89} INFO - Loading talents...
[2023-08-26T05:28:14.262+0000] {dag_etl.py:92} INFO - Complete load drones: 0:00:00.021790
[2023-08-26T05:28:14.263+0000] {dag_etl.py:94} INFO - Loading expert_items...
[2023-08-26T05:28:14.268+0000] {dag_etl.py:97} INFO - Complete load drones: 0:00:00.005957
[2023-08-26T05:28:14.269+0000] {dag_etl.py:99} INFO - Complete ETL Users in : 0:00:10.470683
[2023-08-26T05:28:14.270+0000] {python.py:194} INFO - Done. Returned value was: None
[2023-08-26T05:28:14.289+0000] {taskinstance.py:1400} INFO - Marking task as SUCCESS. dag_id=gaas_etl_1, task_id=etl_user, execution_date=20230826T052700, start_date=20230826T052803, end_date=20230826T052814
[2023-08-26T05:28:14.339+0000] {local_task_job_runner.py:228} INFO - Task exited with return code 0
[2023-08-26T05:28:14.368+0000] {taskinstance.py:2784} INFO - 0 downstream tasks scheduled from follow-on schedule check
