[2023-08-27T05:45:05.118+0000] {taskinstance.py:1159} INFO - Dependencies all met for dep_context=non-requeueable deps ti=<TaskInstance: gaas_etl_1.etl_user scheduled__2023-08-27T05:44:00+00:00 [queued]>
[2023-08-27T05:45:05.133+0000] {taskinstance.py:1159} INFO - Dependencies all met for dep_context=requeueable deps ti=<TaskInstance: gaas_etl_1.etl_user scheduled__2023-08-27T05:44:00+00:00 [queued]>
[2023-08-27T05:45:05.133+0000] {taskinstance.py:1361} INFO - Starting attempt 1 of 1
[2023-08-27T05:45:05.168+0000] {taskinstance.py:1382} INFO - Executing <Task(PythonOperator): etl_user> on 2023-08-27 05:44:00+00:00
[2023-08-27T05:45:05.178+0000] {standard_task_runner.py:57} INFO - Started process 371363 to run task
[2023-08-27T05:45:05.197+0000] {standard_task_runner.py:84} INFO - Running: ['airflow', 'tasks', 'run', 'gaas_etl_1', 'etl_user', 'scheduled__2023-08-27T05:44:00+00:00', '--job-id', '4625', '--raw', '--subdir', 'DAGS_FOLDER/dag_etl.py', '--cfg-path', '/tmp/tmpp9ff7jdg']
[2023-08-27T05:45:05.203+0000] {standard_task_runner.py:85} INFO - Job 4625: Subtask etl_user
[2023-08-27T05:45:05.538+0000] {task_command.py:415} INFO - Running <TaskInstance: gaas_etl_1.etl_user scheduled__2023-08-27T05:44:00+00:00 [running]> on host data-system.us-central1-a.c.data-system-392010.internal
[2023-08-27T05:45:06.237+0000] {taskinstance.py:1660} INFO - Exporting env vars: AIRFLOW_CTX_DAG_EMAIL='hungnm15012002@gmail.com' AIRFLOW_CTX_DAG_OWNER='hungnm' AIRFLOW_CTX_DAG_ID='gaas_etl_1' AIRFLOW_CTX_TASK_ID='etl_user' AIRFLOW_CTX_EXECUTION_DATE='2023-08-27T05:44:00+00:00' AIRFLOW_CTX_TRY_NUMBER='1' AIRFLOW_CTX_DAG_RUN_ID='scheduled__2023-08-27T05:44:00+00:00'
[2023-08-27T05:45:06.257+0000] {dag_etl.py:28} INFO - Extracting user...
[2023-08-27T05:45:11.045+0000] {extract.py:36} INFO - Request time: 0:00:04.787131
[2023-08-27T05:45:11.474+0000] {extract.py:42} INFO - Create DataFrame time: 0:00:00.428138
[2023-08-27T05:45:11.479+0000] {dag_etl.py:31} INFO - Complete extract user: 0:00:05.221318
[2023-08-27T05:45:11.479+0000] {dag_etl.py:33} INFO - Extracting resource...
[2023-08-27T05:45:13.381+0000] {extract.py:36} INFO - Request time: 0:00:01.901728
[2023-08-27T05:45:13.444+0000] {extract.py:42} INFO - Create DataFrame time: 0:00:00.062342
[2023-08-27T05:45:13.448+0000] {dag_etl.py:36} INFO - Complete extract resource: 0:00:01.968857
[2023-08-27T05:45:13.449+0000] {dag_etl.py:38} INFO - Transforming user...
[2023-08-27T05:45:13.736+0000] {dag_etl.py:42} INFO - Complete transform user: 0:00:00.288686
[2023-08-27T05:45:13.737+0000] {dag_etl.py:44} INFO - transform space_ships...
[2023-08-27T05:45:13.966+0000] {dag_etl.py:47} INFO - Complete transform space_ships: 0:00:00.229424
[2023-08-27T05:45:13.966+0000] {dag_etl.py:49} INFO - transform drones...
[2023-08-27T05:45:14.091+0000] {dag_etl.py:52} INFO - Complete transform drones: 0:00:00.125301
[2023-08-27T05:45:14.092+0000] {dag_etl.py:54} INFO - transform pilots...
[2023-08-27T05:45:14.174+0000] {dag_etl.py:57} INFO - Complete transform pilots: 0:00:00.083300
[2023-08-27T05:45:14.175+0000] {dag_etl.py:59} INFO - transform talents...
[2023-08-27T05:45:14.217+0000] {dag_etl.py:62} INFO - Complete transform talents: 0:00:00.042208
[2023-08-27T05:45:14.217+0000] {dag_etl.py:64} INFO - transform expert_items...
[2023-08-27T05:45:14.257+0000] {dag_etl.py:67} INFO - Complete transform expert_items: 0:00:00.040825
[2023-08-27T05:45:14.258+0000] {dag_etl.py:69} INFO - Loading user...
[2023-08-27T05:45:15.600+0000] {dag_etl.py:72} INFO - Complete load user: 0:00:01.342577
[2023-08-27T05:45:15.601+0000] {dag_etl.py:74} INFO - Loading space_ships...
[2023-08-27T05:45:17.401+0000] {dag_etl.py:77} INFO - Complete load space_ships: 0:00:01.800971
[2023-08-27T05:45:17.401+0000] {dag_etl.py:79} INFO - Loading drones...
[2023-08-27T05:45:19.233+0000] {dag_etl.py:82} INFO - Complete load drones: 0:00:01.832353
[2023-08-27T05:45:19.234+0000] {dag_etl.py:84} INFO - Loading pilots...
[2023-08-27T05:45:22.010+0000] {dag_etl.py:87} INFO - Complete load drones: 0:00:02.776265
[2023-08-27T05:45:22.010+0000] {dag_etl.py:89} INFO - Loading talents...
[2023-08-27T05:45:23.520+0000] {dag_etl.py:92} INFO - Complete load drones: 0:00:01.510526
[2023-08-27T05:45:23.521+0000] {dag_etl.py:94} INFO - Loading expert_items...
[2023-08-27T05:45:24.649+0000] {dag_etl.py:97} INFO - Complete load drones: 0:00:01.129274
[2023-08-27T05:45:24.650+0000] {dag_etl.py:99} INFO - Complete ETL Users in : 0:00:18.392500
[2023-08-27T05:45:24.681+0000] {python.py:194} INFO - Done. Returned value was: None
[2023-08-27T05:45:24.703+0000] {taskinstance.py:1400} INFO - Marking task as SUCCESS. dag_id=gaas_etl_1, task_id=etl_user, execution_date=20230827T054400, start_date=20230827T054505, end_date=20230827T054524
[2023-08-27T05:45:24.772+0000] {local_task_job_runner.py:228} INFO - Task exited with return code 0
[2023-08-27T05:45:24.821+0000] {taskinstance.py:2784} INFO - 0 downstream tasks scheduled from follow-on schedule check
