[2023-08-26T23:24:05.265+0000] {taskinstance.py:1159} INFO - Dependencies all met for dep_context=non-requeueable deps ti=<TaskInstance: gaas_etl_1.etl_user scheduled__2023-08-26T23:23:00+00:00 [queued]>
[2023-08-26T23:24:05.280+0000] {taskinstance.py:1159} INFO - Dependencies all met for dep_context=requeueable deps ti=<TaskInstance: gaas_etl_1.etl_user scheduled__2023-08-26T23:23:00+00:00 [queued]>
[2023-08-26T23:24:05.281+0000] {taskinstance.py:1361} INFO - Starting attempt 1 of 1
[2023-08-26T23:24:05.316+0000] {taskinstance.py:1382} INFO - Executing <Task(PythonOperator): etl_user> on 2023-08-26 23:23:00+00:00
[2023-08-26T23:24:05.328+0000] {standard_task_runner.py:57} INFO - Started process 337394 to run task
[2023-08-26T23:24:05.343+0000] {standard_task_runner.py:84} INFO - Running: ['airflow', 'tasks', 'run', 'gaas_etl_1', 'etl_user', 'scheduled__2023-08-26T23:23:00+00:00', '--job-id', '3481', '--raw', '--subdir', 'DAGS_FOLDER/dag_etl.py', '--cfg-path', '/tmp/tmpzn0r5txw']
[2023-08-26T23:24:05.350+0000] {standard_task_runner.py:85} INFO - Job 3481: Subtask etl_user
[2023-08-26T23:24:05.628+0000] {task_command.py:415} INFO - Running <TaskInstance: gaas_etl_1.etl_user scheduled__2023-08-26T23:23:00+00:00 [running]> on host data-system.us-central1-a.c.data-system-392010.internal
[2023-08-26T23:24:05.985+0000] {taskinstance.py:1660} INFO - Exporting env vars: AIRFLOW_CTX_DAG_EMAIL='hungnm15012002@gmail.com' AIRFLOW_CTX_DAG_OWNER='hungnm' AIRFLOW_CTX_DAG_ID='gaas_etl_1' AIRFLOW_CTX_TASK_ID='etl_user' AIRFLOW_CTX_EXECUTION_DATE='2023-08-26T23:23:00+00:00' AIRFLOW_CTX_TRY_NUMBER='1' AIRFLOW_CTX_DAG_RUN_ID='scheduled__2023-08-26T23:23:00+00:00'
[2023-08-26T23:24:06.019+0000] {dag_etl.py:28} INFO - Extracting user...
[2023-08-26T23:24:19.184+0000] {extract.py:36} INFO - Request time: 0:00:13.164695
[2023-08-26T23:24:19.606+0000] {extract.py:42} INFO - Create DataFrame time: 0:00:00.421705
[2023-08-26T23:24:19.610+0000] {dag_etl.py:31} INFO - Complete extract user: 0:00:13.591164
[2023-08-26T23:24:19.611+0000] {dag_etl.py:33} INFO - Extracting resource...
[2023-08-26T23:24:23.215+0000] {extract.py:36} INFO - Request time: 0:00:03.603745
[2023-08-26T23:24:23.270+0000] {extract.py:42} INFO - Create DataFrame time: 0:00:00.054125
[2023-08-26T23:24:23.273+0000] {dag_etl.py:36} INFO - Complete extract resource: 0:00:03.663192
[2023-08-26T23:24:23.274+0000] {dag_etl.py:38} INFO - Transforming user...
[2023-08-26T23:24:23.470+0000] {dag_etl.py:42} INFO - Complete transform user: 0:00:00.197139
[2023-08-26T23:24:23.471+0000] {dag_etl.py:44} INFO - transform space_ships...
[2023-08-26T23:24:23.625+0000] {dag_etl.py:47} INFO - Complete transform space_ships: 0:00:00.154928
[2023-08-26T23:24:23.626+0000] {dag_etl.py:49} INFO - transform drones...
[2023-08-26T23:24:23.776+0000] {dag_etl.py:52} INFO - Complete transform drones: 0:00:00.150646
[2023-08-26T23:24:23.778+0000] {dag_etl.py:54} INFO - transform pilots...
[2023-08-26T23:24:23.872+0000] {dag_etl.py:57} INFO - Complete transform pilots: 0:00:00.096410
[2023-08-26T23:24:23.872+0000] {dag_etl.py:59} INFO - transform talents...
[2023-08-26T23:24:23.921+0000] {dag_etl.py:62} INFO - Complete transform talents: 0:00:00.049202
[2023-08-26T23:24:23.922+0000] {dag_etl.py:64} INFO - transform expert_items...
[2023-08-26T23:24:23.962+0000] {dag_etl.py:67} INFO - Complete transform expert_items: 0:00:00.040594
[2023-08-26T23:24:23.962+0000] {dag_etl.py:69} INFO - Loading user...
[2023-08-26T23:24:24.971+0000] {dag_etl.py:72} INFO - Complete load user: 0:00:01.008896
[2023-08-26T23:24:24.971+0000] {dag_etl.py:74} INFO - Loading space_ships...
[2023-08-26T23:24:26.401+0000] {dag_etl.py:77} INFO - Complete load space_ships: 0:00:01.430290
[2023-08-26T23:24:26.402+0000] {dag_etl.py:79} INFO - Loading drones...
[2023-08-26T23:24:27.839+0000] {dag_etl.py:82} INFO - Complete load drones: 0:00:01.437792
[2023-08-26T23:24:27.840+0000] {dag_etl.py:84} INFO - Loading pilots...
[2023-08-26T23:24:30.315+0000] {dag_etl.py:87} INFO - Complete load drones: 0:00:02.475942
[2023-08-26T23:24:30.315+0000] {dag_etl.py:89} INFO - Loading talents...
[2023-08-26T23:24:31.598+0000] {dag_etl.py:92} INFO - Complete load drones: 0:00:01.283457
[2023-08-26T23:24:31.599+0000] {dag_etl.py:94} INFO - Loading expert_items...
[2023-08-26T23:24:32.517+0000] {dag_etl.py:97} INFO - Complete load drones: 0:00:00.918745
[2023-08-26T23:24:32.517+0000] {dag_etl.py:99} INFO - Complete ETL Users in : 0:00:26.498879
[2023-08-26T23:24:32.535+0000] {python.py:194} INFO - Done. Returned value was: None
[2023-08-26T23:24:32.555+0000] {taskinstance.py:1400} INFO - Marking task as SUCCESS. dag_id=gaas_etl_1, task_id=etl_user, execution_date=20230826T232300, start_date=20230826T232405, end_date=20230826T232432
[2023-08-26T23:24:32.637+0000] {local_task_job_runner.py:228} INFO - Task exited with return code 0
[2023-08-26T23:24:32.667+0000] {taskinstance.py:2784} INFO - 0 downstream tasks scheduled from follow-on schedule check
