[2023-08-26T15:41:04.580+0000] {taskinstance.py:1159} INFO - Dependencies all met for dep_context=non-requeueable deps ti=<TaskInstance: gaas_etl_1.etl_user scheduled__2023-08-26T15:40:00+00:00 [queued]>
[2023-08-26T15:41:04.596+0000] {taskinstance.py:1159} INFO - Dependencies all met for dep_context=requeueable deps ti=<TaskInstance: gaas_etl_1.etl_user scheduled__2023-08-26T15:40:00+00:00 [queued]>
[2023-08-26T15:41:04.596+0000] {taskinstance.py:1361} INFO - Starting attempt 1 of 1
[2023-08-26T15:41:04.627+0000] {taskinstance.py:1382} INFO - Executing <Task(PythonOperator): etl_user> on 2023-08-26 15:40:00+00:00
[2023-08-26T15:41:04.636+0000] {standard_task_runner.py:57} INFO - Started process 319071 to run task
[2023-08-26T15:41:04.651+0000] {standard_task_runner.py:84} INFO - Running: ['airflow', 'tasks', 'run', 'gaas_etl_1', 'etl_user', 'scheduled__2023-08-26T15:40:00+00:00', '--job-id', '2093', '--raw', '--subdir', 'DAGS_FOLDER/dag_etl.py', '--cfg-path', '/tmp/tmpwsek4gl4']
[2023-08-26T15:41:04.661+0000] {standard_task_runner.py:85} INFO - Job 2093: Subtask etl_user
[2023-08-26T15:41:04.867+0000] {task_command.py:415} INFO - Running <TaskInstance: gaas_etl_1.etl_user scheduled__2023-08-26T15:40:00+00:00 [running]> on host data-system.us-central1-a.c.data-system-392010.internal
[2023-08-26T15:41:05.143+0000] {taskinstance.py:1660} INFO - Exporting env vars: AIRFLOW_CTX_DAG_EMAIL='hungnm15012002@gmail.com' AIRFLOW_CTX_DAG_OWNER='hungnm' AIRFLOW_CTX_DAG_ID='gaas_etl_1' AIRFLOW_CTX_TASK_ID='etl_user' AIRFLOW_CTX_EXECUTION_DATE='2023-08-26T15:40:00+00:00' AIRFLOW_CTX_TRY_NUMBER='1' AIRFLOW_CTX_DAG_RUN_ID='scheduled__2023-08-26T15:40:00+00:00'
[2023-08-26T15:41:05.165+0000] {dag_etl.py:28} INFO - Extracting user...
[2023-08-26T15:41:11.822+0000] {extract.py:36} INFO - Request time: 0:00:06.656234
[2023-08-26T15:41:12.878+0000] {extract.py:42} INFO - Create DataFrame time: 0:00:01.055440
[2023-08-26T15:41:12.885+0000] {dag_etl.py:31} INFO - Complete extract user: 0:00:07.719988
[2023-08-26T15:41:12.887+0000] {dag_etl.py:33} INFO - Extracting resource...
[2023-08-26T15:41:15.113+0000] {extract.py:36} INFO - Request time: 0:00:02.225267
[2023-08-26T15:41:15.217+0000] {extract.py:42} INFO - Create DataFrame time: 0:00:00.103885
[2023-08-26T15:41:15.225+0000] {dag_etl.py:36} INFO - Complete extract resource: 0:00:02.340148
[2023-08-26T15:41:15.228+0000] {dag_etl.py:38} INFO - Transforming user...
[2023-08-26T15:41:15.609+0000] {dag_etl.py:42} INFO - Complete transform user: 0:00:00.383748
[2023-08-26T15:41:15.610+0000] {dag_etl.py:44} INFO - transform space_ships...
[2023-08-26T15:41:15.891+0000] {dag_etl.py:47} INFO - Complete transform space_ships: 0:00:00.281657
[2023-08-26T15:41:15.891+0000] {dag_etl.py:49} INFO - transform drones...
[2023-08-26T15:41:16.094+0000] {dag_etl.py:52} INFO - Complete transform drones: 0:00:00.203044
[2023-08-26T15:41:16.094+0000] {dag_etl.py:54} INFO - transform pilots...
[2023-08-26T15:41:16.235+0000] {dag_etl.py:57} INFO - Complete transform pilots: 0:00:00.141532
[2023-08-26T15:41:16.236+0000] {dag_etl.py:59} INFO - transform talents...
[2023-08-26T15:41:16.375+0000] {dag_etl.py:62} INFO - Complete transform talents: 0:00:00.139660
[2023-08-26T15:41:16.376+0000] {dag_etl.py:64} INFO - transform expert_items...
[2023-08-26T15:41:16.441+0000] {dag_etl.py:67} INFO - Complete transform expert_items: 0:00:00.065696
[2023-08-26T15:41:16.441+0000] {dag_etl.py:69} INFO - Loading user...
[2023-08-26T15:41:18.522+0000] {dag_etl.py:72} INFO - Complete load user: 0:00:02.081118
[2023-08-26T15:41:18.522+0000] {dag_etl.py:74} INFO - Loading space_ships...
[2023-08-26T15:41:22.709+0000] {dag_etl.py:77} INFO - Complete load space_ships: 0:00:04.186974
[2023-08-26T15:41:22.709+0000] {dag_etl.py:79} INFO - Loading drones...
[2023-08-26T15:41:25.967+0000] {dag_etl.py:82} INFO - Complete load drones: 0:00:03.258436
[2023-08-26T15:41:25.968+0000] {dag_etl.py:84} INFO - Loading pilots...
[2023-08-26T15:41:30.820+0000] {dag_etl.py:87} INFO - Complete load drones: 0:00:04.853205
[2023-08-26T15:41:30.821+0000] {dag_etl.py:89} INFO - Loading talents...
[2023-08-26T15:41:33.905+0000] {dag_etl.py:92} INFO - Complete load drones: 0:00:03.084971
[2023-08-26T15:41:33.906+0000] {dag_etl.py:94} INFO - Loading expert_items...
[2023-08-26T15:41:36.040+0000] {dag_etl.py:97} INFO - Complete load drones: 0:00:02.134744
[2023-08-26T15:41:36.041+0000] {dag_etl.py:99} INFO - Complete ETL Users in : 0:00:30.875772
[2023-08-26T15:41:36.089+0000] {python.py:194} INFO - Done. Returned value was: None
[2023-08-26T15:41:36.112+0000] {taskinstance.py:1400} INFO - Marking task as SUCCESS. dag_id=gaas_etl_1, task_id=etl_user, execution_date=20230826T154000, start_date=20230826T154104, end_date=20230826T154136
[2023-08-26T15:41:36.201+0000] {local_task_job_runner.py:228} INFO - Task exited with return code 0
[2023-08-26T15:41:36.235+0000] {taskinstance.py:2784} INFO - 0 downstream tasks scheduled from follow-on schedule check
