[2023-08-26T20:39:04.406+0000] {taskinstance.py:1159} INFO - Dependencies all met for dep_context=non-requeueable deps ti=<TaskInstance: gaas_etl_1.etl_user scheduled__2023-08-26T20:38:00+00:00 [queued]>
[2023-08-26T20:39:04.423+0000] {taskinstance.py:1159} INFO - Dependencies all met for dep_context=requeueable deps ti=<TaskInstance: gaas_etl_1.etl_user scheduled__2023-08-26T20:38:00+00:00 [queued]>
[2023-08-26T20:39:04.423+0000] {taskinstance.py:1361} INFO - Starting attempt 1 of 1
[2023-08-26T20:39:04.458+0000] {taskinstance.py:1382} INFO - Executing <Task(PythonOperator): etl_user> on 2023-08-26 20:38:00+00:00
[2023-08-26T20:39:04.468+0000] {standard_task_runner.py:57} INFO - Started process 330800 to run task
[2023-08-26T20:39:04.480+0000] {standard_task_runner.py:84} INFO - Running: ['airflow', 'tasks', 'run', 'gaas_etl_1', 'etl_user', 'scheduled__2023-08-26T20:38:00+00:00', '--job-id', '2987', '--raw', '--subdir', 'DAGS_FOLDER/dag_etl.py', '--cfg-path', '/tmp/tmpt9sffn79']
[2023-08-26T20:39:04.485+0000] {standard_task_runner.py:85} INFO - Job 2987: Subtask etl_user
[2023-08-26T20:39:05.087+0000] {task_command.py:415} INFO - Running <TaskInstance: gaas_etl_1.etl_user scheduled__2023-08-26T20:38:00+00:00 [running]> on host data-system.us-central1-a.c.data-system-392010.internal
[2023-08-26T20:39:05.369+0000] {taskinstance.py:1660} INFO - Exporting env vars: AIRFLOW_CTX_DAG_EMAIL='hungnm15012002@gmail.com' AIRFLOW_CTX_DAG_OWNER='hungnm' AIRFLOW_CTX_DAG_ID='gaas_etl_1' AIRFLOW_CTX_TASK_ID='etl_user' AIRFLOW_CTX_EXECUTION_DATE='2023-08-26T20:38:00+00:00' AIRFLOW_CTX_TRY_NUMBER='1' AIRFLOW_CTX_DAG_RUN_ID='scheduled__2023-08-26T20:38:00+00:00'
[2023-08-26T20:39:05.392+0000] {dag_etl.py:28} INFO - Extracting user...
[2023-08-26T20:39:09.568+0000] {extract.py:36} INFO - Request time: 0:00:04.175746
[2023-08-26T20:39:09.800+0000] {extract.py:42} INFO - Create DataFrame time: 0:00:00.231590
[2023-08-26T20:39:09.803+0000] {dag_etl.py:31} INFO - Complete extract user: 0:00:04.411506
[2023-08-26T20:39:09.804+0000] {dag_etl.py:33} INFO - Extracting resource...
[2023-08-26T20:39:11.354+0000] {extract.py:36} INFO - Request time: 0:00:01.549664
[2023-08-26T20:39:11.390+0000] {extract.py:42} INFO - Create DataFrame time: 0:00:00.035324
[2023-08-26T20:39:11.392+0000] {dag_etl.py:36} INFO - Complete extract resource: 0:00:01.588744
[2023-08-26T20:39:11.393+0000] {dag_etl.py:38} INFO - Transforming user...
[2023-08-26T20:39:11.503+0000] {dag_etl.py:42} INFO - Complete transform user: 0:00:00.111316
[2023-08-26T20:39:11.504+0000] {dag_etl.py:44} INFO - transform space_ships...
[2023-08-26T20:39:11.577+0000] {dag_etl.py:47} INFO - Complete transform space_ships: 0:00:00.074217
[2023-08-26T20:39:11.578+0000] {dag_etl.py:49} INFO - transform drones...
[2023-08-26T20:39:11.685+0000] {dag_etl.py:52} INFO - Complete transform drones: 0:00:00.107442
[2023-08-26T20:39:11.685+0000] {dag_etl.py:54} INFO - transform pilots...
[2023-08-26T20:39:11.758+0000] {dag_etl.py:57} INFO - Complete transform pilots: 0:00:00.072796
[2023-08-26T20:39:11.758+0000] {dag_etl.py:59} INFO - transform talents...
[2023-08-26T20:39:11.800+0000] {dag_etl.py:62} INFO - Complete transform talents: 0:00:00.042020
[2023-08-26T20:39:11.800+0000] {dag_etl.py:64} INFO - transform expert_items...
[2023-08-26T20:39:11.833+0000] {dag_etl.py:67} INFO - Complete transform expert_items: 0:00:00.033088
[2023-08-26T20:39:11.833+0000] {dag_etl.py:69} INFO - Loading user...
[2023-08-26T20:39:12.839+0000] {dag_etl.py:72} INFO - Complete load user: 0:00:01.005931
[2023-08-26T20:39:12.839+0000] {dag_etl.py:74} INFO - Loading space_ships...
[2023-08-26T20:39:14.237+0000] {dag_etl.py:77} INFO - Complete load space_ships: 0:00:01.398511
[2023-08-26T20:39:14.238+0000] {dag_etl.py:79} INFO - Loading drones...
[2023-08-26T20:39:16.076+0000] {dag_etl.py:82} INFO - Complete load drones: 0:00:01.838862
[2023-08-26T20:39:16.077+0000] {dag_etl.py:84} INFO - Loading pilots...
[2023-08-26T20:39:18.168+0000] {dag_etl.py:87} INFO - Complete load drones: 0:00:02.092305
[2023-08-26T20:39:18.169+0000] {dag_etl.py:89} INFO - Loading talents...
[2023-08-26T20:39:19.377+0000] {dag_etl.py:92} INFO - Complete load drones: 0:00:01.208759
[2023-08-26T20:39:19.378+0000] {dag_etl.py:94} INFO - Loading expert_items...
[2023-08-26T20:39:20.197+0000] {dag_etl.py:97} INFO - Complete load drones: 0:00:00.820238
[2023-08-26T20:39:20.198+0000] {dag_etl.py:99} INFO - Complete ETL Users in : 0:00:14.806330
[2023-08-26T20:39:20.224+0000] {python.py:194} INFO - Done. Returned value was: None
[2023-08-26T20:39:20.253+0000] {taskinstance.py:1400} INFO - Marking task as SUCCESS. dag_id=gaas_etl_1, task_id=etl_user, execution_date=20230826T203800, start_date=20230826T203904, end_date=20230826T203920
[2023-08-26T20:39:20.350+0000] {local_task_job_runner.py:228} INFO - Task exited with return code 0
[2023-08-26T20:39:20.401+0000] {taskinstance.py:2784} INFO - 0 downstream tasks scheduled from follow-on schedule check
