[2023-08-26T04:37:03.021+0000] {taskinstance.py:1159} INFO - Dependencies all met for dep_context=non-requeueable deps ti=<TaskInstance: gaas_etl_1.etl_user scheduled__2023-08-26T04:36:00+00:00 [queued]>
[2023-08-26T04:37:03.040+0000] {taskinstance.py:1159} INFO - Dependencies all met for dep_context=requeueable deps ti=<TaskInstance: gaas_etl_1.etl_user scheduled__2023-08-26T04:36:00+00:00 [queued]>
[2023-08-26T04:37:03.040+0000] {taskinstance.py:1361} INFO - Starting attempt 1 of 1
[2023-08-26T04:37:03.087+0000] {taskinstance.py:1382} INFO - Executing <Task(PythonOperator): etl_user> on 2023-08-26 04:36:00+00:00
[2023-08-26T04:37:03.110+0000] {standard_task_runner.py:57} INFO - Started process 279131 to run task
[2023-08-26T04:37:03.134+0000] {standard_task_runner.py:84} INFO - Running: ['airflow', 'tasks', 'run', 'gaas_etl_1', 'etl_user', 'scheduled__2023-08-26T04:36:00+00:00', '--job-id', '100', '--raw', '--subdir', 'DAGS_FOLDER/dag_etl.py', '--cfg-path', '/tmp/tmpra3eac2o']
[2023-08-26T04:37:03.139+0000] {standard_task_runner.py:85} INFO - Job 100: Subtask etl_user
[2023-08-26T04:37:03.244+0000] {task_command.py:415} INFO - Running <TaskInstance: gaas_etl_1.etl_user scheduled__2023-08-26T04:36:00+00:00 [running]> on host data-system.us-central1-a.c.data-system-392010.internal
[2023-08-26T04:37:03.418+0000] {taskinstance.py:1660} INFO - Exporting env vars: AIRFLOW_CTX_DAG_EMAIL='hungnm15012002@gmail.com' AIRFLOW_CTX_DAG_OWNER='hungnm' AIRFLOW_CTX_DAG_ID='gaas_etl_1' AIRFLOW_CTX_TASK_ID='etl_user' AIRFLOW_CTX_EXECUTION_DATE='2023-08-26T04:36:00+00:00' AIRFLOW_CTX_TRY_NUMBER='1' AIRFLOW_CTX_DAG_RUN_ID='scheduled__2023-08-26T04:36:00+00:00'
[2023-08-26T04:37:03.444+0000] {dag_etl.py:28} INFO - Extracting user...
[2023-08-26T04:37:04.652+0000] {extract.py:36} INFO - Request time: 0:00:01.208088
[2023-08-26T04:37:04.675+0000] {extract.py:42} INFO - Create DataFrame time: 0:00:00.022019
[2023-08-26T04:37:04.677+0000] {dag_etl.py:31} INFO - Complete extract user: 0:00:01.233099
[2023-08-26T04:37:04.677+0000] {dag_etl.py:33} INFO - Extracting resource...
[2023-08-26T04:37:05.408+0000] {extract.py:36} INFO - Request time: 0:00:00.730828
[2023-08-26T04:37:05.415+0000] {extract.py:42} INFO - Create DataFrame time: 0:00:00.006256
[2023-08-26T04:37:05.417+0000] {dag_etl.py:36} INFO - Complete extract resource: 0:00:00.739759
[2023-08-26T04:37:05.417+0000] {dag_etl.py:38} INFO - Transforming user...
[2023-08-26T04:37:05.448+0000] {dag_etl.py:42} INFO - Complete transform user: 0:00:00.031650
[2023-08-26T04:37:05.449+0000] {dag_etl.py:44} INFO - transform space_ships...
[2023-08-26T04:37:05.465+0000] {dag_etl.py:47} INFO - Complete transform space_ships: 0:00:00.016463
[2023-08-26T04:37:05.465+0000] {dag_etl.py:49} INFO - transform drones...
[2023-08-26T04:37:05.477+0000] {dag_etl.py:52} INFO - Complete transform drones: 0:00:00.011978
[2023-08-26T04:37:05.477+0000] {dag_etl.py:54} INFO - transform pilots...
[2023-08-26T04:37:05.485+0000] {dag_etl.py:57} INFO - Complete transform pilots: 0:00:00.008611
[2023-08-26T04:37:05.486+0000] {dag_etl.py:59} INFO - transform talents...
[2023-08-26T04:37:05.491+0000] {dag_etl.py:62} INFO - Complete transform talents: 0:00:00.006252
[2023-08-26T04:37:05.492+0000] {dag_etl.py:64} INFO - transform expert_items...
[2023-08-26T04:37:05.497+0000] {dag_etl.py:67} INFO - Complete transform expert_items: 0:00:00.005921
[2023-08-26T04:37:05.498+0000] {dag_etl.py:69} INFO - Loading user...
[2023-08-26T04:37:05.512+0000] {dag_etl.py:72} INFO - Complete load user: 0:00:00.014164
[2023-08-26T04:37:05.512+0000] {dag_etl.py:74} INFO - Loading space_ships...
[2023-08-26T04:37:05.530+0000] {dag_etl.py:77} INFO - Complete load space_ships: 0:00:00.018471
[2023-08-26T04:37:05.530+0000] {dag_etl.py:79} INFO - Loading drones...
[2023-08-26T04:37:05.542+0000] {dag_etl.py:82} INFO - Complete load drones: 0:00:00.012267
[2023-08-26T04:37:05.543+0000] {dag_etl.py:84} INFO - Loading pilots...
[2023-08-26T04:37:05.566+0000] {dag_etl.py:87} INFO - Complete load drones: 0:00:00.024109
[2023-08-26T04:37:05.567+0000] {dag_etl.py:89} INFO - Loading talents...
[2023-08-26T04:37:05.579+0000] {dag_etl.py:92} INFO - Complete load drones: 0:00:00.012253
[2023-08-26T04:37:05.579+0000] {dag_etl.py:94} INFO - Loading expert_items...
[2023-08-26T04:37:05.582+0000] {dag_etl.py:97} INFO - Complete load drones: 0:00:00.003790
[2023-08-26T04:37:05.583+0000] {dag_etl.py:99} INFO - Complete ETL Users in : 0:00:02.139124
[2023-08-26T04:37:05.584+0000] {python.py:194} INFO - Done. Returned value was: None
[2023-08-26T04:37:05.597+0000] {taskinstance.py:1400} INFO - Marking task as SUCCESS. dag_id=gaas_etl_1, task_id=etl_user, execution_date=20230826T043600, start_date=20230826T043703, end_date=20230826T043705
[2023-08-26T04:37:05.634+0000] {local_task_job_runner.py:228} INFO - Task exited with return code 0
[2023-08-26T04:37:05.660+0000] {taskinstance.py:2784} INFO - 0 downstream tasks scheduled from follow-on schedule check
