[2023-08-28T00:36:07.290+0000] {taskinstance.py:1159} INFO - Dependencies all met for dep_context=non-requeueable deps ti=<TaskInstance: gaas_etl_1.etl_user scheduled__2023-08-28T00:35:00+00:00 [queued]>
[2023-08-28T00:36:07.316+0000] {taskinstance.py:1159} INFO - Dependencies all met for dep_context=requeueable deps ti=<TaskInstance: gaas_etl_1.etl_user scheduled__2023-08-28T00:35:00+00:00 [queued]>
[2023-08-28T00:36:07.317+0000] {taskinstance.py:1361} INFO - Starting attempt 1 of 1
[2023-08-28T00:36:07.353+0000] {taskinstance.py:1382} INFO - Executing <Task(PythonOperator): etl_user> on 2023-08-28 00:35:00+00:00
[2023-08-28T00:36:07.364+0000] {standard_task_runner.py:57} INFO - Started process 480706 to run task
[2023-08-28T00:36:07.394+0000] {standard_task_runner.py:84} INFO - Running: ['airflow', 'tasks', 'run', 'gaas_etl_1', 'etl_user', 'scheduled__2023-08-28T00:35:00+00:00', '--job-id', '8019', '--raw', '--subdir', 'DAGS_FOLDER/dag_etl.py', '--cfg-path', '/tmp/tmpir75dxok']
[2023-08-28T00:36:07.403+0000] {standard_task_runner.py:85} INFO - Job 8019: Subtask etl_user
[2023-08-28T00:36:08.270+0000] {task_command.py:415} INFO - Running <TaskInstance: gaas_etl_1.etl_user scheduled__2023-08-28T00:35:00+00:00 [running]> on host data-system.us-central1-a.c.data-system-392010.internal
[2023-08-28T00:36:08.903+0000] {taskinstance.py:1660} INFO - Exporting env vars: AIRFLOW_CTX_DAG_EMAIL='hungnm15012002@gmail.com' AIRFLOW_CTX_DAG_OWNER='hungnm' AIRFLOW_CTX_DAG_ID='gaas_etl_1' AIRFLOW_CTX_TASK_ID='etl_user' AIRFLOW_CTX_EXECUTION_DATE='2023-08-28T00:35:00+00:00' AIRFLOW_CTX_TRY_NUMBER='1' AIRFLOW_CTX_DAG_RUN_ID='scheduled__2023-08-28T00:35:00+00:00'
[2023-08-28T00:36:08.926+0000] {dag_etl.py:28} INFO - Extracting user...
[2023-08-28T00:36:12.052+0000] {extract.py:36} INFO - Request time: 0:00:03.125234
[2023-08-28T00:36:12.326+0000] {extract.py:42} INFO - Create DataFrame time: 0:00:00.273131
[2023-08-28T00:36:12.330+0000] {dag_etl.py:31} INFO - Complete extract user: 0:00:03.403446
[2023-08-28T00:36:12.331+0000] {dag_etl.py:33} INFO - Extracting resource...
[2023-08-28T00:36:13.575+0000] {extract.py:36} INFO - Request time: 0:00:01.243511
[2023-08-28T00:36:13.634+0000] {extract.py:42} INFO - Create DataFrame time: 0:00:00.057767
[2023-08-28T00:36:13.640+0000] {dag_etl.py:36} INFO - Complete extract resource: 0:00:01.309740
[2023-08-28T00:36:13.641+0000] {dag_etl.py:38} INFO - Transforming user...
[2023-08-28T00:36:13.812+0000] {dag_etl.py:42} INFO - Complete transform user: 0:00:00.171959
[2023-08-28T00:36:13.812+0000] {dag_etl.py:44} INFO - transform space_ships...
[2023-08-28T00:36:13.920+0000] {dag_etl.py:47} INFO - Complete transform space_ships: 0:00:00.108046
[2023-08-28T00:36:13.920+0000] {dag_etl.py:49} INFO - transform drones...
[2023-08-28T00:36:13.971+0000] {dag_etl.py:52} INFO - Complete transform drones: 0:00:00.051056
[2023-08-28T00:36:13.971+0000] {dag_etl.py:54} INFO - transform pilots...
[2023-08-28T00:36:14.008+0000] {dag_etl.py:57} INFO - Complete transform pilots: 0:00:00.037565
[2023-08-28T00:36:14.009+0000] {dag_etl.py:59} INFO - transform talents...
[2023-08-28T00:36:14.028+0000] {dag_etl.py:62} INFO - Complete transform talents: 0:00:00.019541
[2023-08-28T00:36:14.028+0000] {dag_etl.py:64} INFO - transform expert_items...
[2023-08-28T00:36:14.049+0000] {dag_etl.py:67} INFO - Complete transform expert_items: 0:00:00.020985
[2023-08-28T00:36:14.049+0000] {dag_etl.py:69} INFO - Loading user...
[2023-08-28T00:36:14.566+0000] {dag_etl.py:72} INFO - Complete load user: 0:00:00.517028
[2023-08-28T00:36:14.566+0000] {dag_etl.py:74} INFO - Loading space_ships...
[2023-08-28T00:36:15.264+0000] {dag_etl.py:77} INFO - Complete load space_ships: 0:00:00.697978
[2023-08-28T00:36:15.264+0000] {dag_etl.py:79} INFO - Loading drones...
[2023-08-28T00:36:15.810+0000] {dag_etl.py:82} INFO - Complete load drones: 0:00:00.546104
[2023-08-28T00:36:15.811+0000] {dag_etl.py:84} INFO - Loading pilots...
[2023-08-28T00:36:16.730+0000] {dag_etl.py:87} INFO - Complete load drones: 0:00:00.920163
[2023-08-28T00:36:16.731+0000] {dag_etl.py:89} INFO - Loading talents...
[2023-08-28T00:36:17.264+0000] {dag_etl.py:92} INFO - Complete load drones: 0:00:00.534353
[2023-08-28T00:36:17.265+0000] {dag_etl.py:94} INFO - Loading expert_items...
[2023-08-28T00:36:17.885+0000] {dag_etl.py:97} INFO - Complete load drones: 0:00:00.620878
[2023-08-28T00:36:17.886+0000] {dag_etl.py:99} INFO - Complete ETL Users in : 0:00:08.959315
[2023-08-28T00:36:17.895+0000] {python.py:194} INFO - Done. Returned value was: None
[2023-08-28T00:36:17.919+0000] {taskinstance.py:1400} INFO - Marking task as SUCCESS. dag_id=gaas_etl_1, task_id=etl_user, execution_date=20230828T003500, start_date=20230828T003607, end_date=20230828T003617
[2023-08-28T00:36:17.999+0000] {local_task_job_runner.py:228} INFO - Task exited with return code 0
[2023-08-28T00:36:18.030+0000] {taskinstance.py:2784} INFO - 0 downstream tasks scheduled from follow-on schedule check
