[2023-08-27T15:45:06.464+0000] {taskinstance.py:1159} INFO - Dependencies all met for dep_context=non-requeueable deps ti=<TaskInstance: gaas_etl_1.etl_user scheduled__2023-08-27T15:44:00+00:00 [queued]>
[2023-08-27T15:45:06.479+0000] {taskinstance.py:1159} INFO - Dependencies all met for dep_context=requeueable deps ti=<TaskInstance: gaas_etl_1.etl_user scheduled__2023-08-27T15:44:00+00:00 [queued]>
[2023-08-27T15:45:06.480+0000] {taskinstance.py:1361} INFO - Starting attempt 1 of 1
[2023-08-27T15:45:06.506+0000] {taskinstance.py:1382} INFO - Executing <Task(PythonOperator): etl_user> on 2023-08-27 15:44:00+00:00
[2023-08-27T15:45:06.515+0000] {standard_task_runner.py:57} INFO - Started process 424837 to run task
[2023-08-27T15:45:06.531+0000] {standard_task_runner.py:84} INFO - Running: ['airflow', 'tasks', 'run', 'gaas_etl_1', 'etl_user', 'scheduled__2023-08-27T15:44:00+00:00', '--job-id', '6425', '--raw', '--subdir', 'DAGS_FOLDER/dag_etl.py', '--cfg-path', '/tmp/tmpx99qj2q8']
[2023-08-27T15:45:06.536+0000] {standard_task_runner.py:85} INFO - Job 6425: Subtask etl_user
[2023-08-27T15:45:07.337+0000] {task_command.py:415} INFO - Running <TaskInstance: gaas_etl_1.etl_user scheduled__2023-08-27T15:44:00+00:00 [running]> on host data-system.us-central1-a.c.data-system-392010.internal
[2023-08-27T15:45:08.010+0000] {taskinstance.py:1660} INFO - Exporting env vars: AIRFLOW_CTX_DAG_EMAIL='hungnm15012002@gmail.com' AIRFLOW_CTX_DAG_OWNER='hungnm' AIRFLOW_CTX_DAG_ID='gaas_etl_1' AIRFLOW_CTX_TASK_ID='etl_user' AIRFLOW_CTX_EXECUTION_DATE='2023-08-27T15:44:00+00:00' AIRFLOW_CTX_TRY_NUMBER='1' AIRFLOW_CTX_DAG_RUN_ID='scheduled__2023-08-27T15:44:00+00:00'
[2023-08-27T15:45:08.033+0000] {dag_etl.py:28} INFO - Extracting user...
[2023-08-27T15:45:12.681+0000] {extract.py:36} INFO - Request time: 0:00:04.647637
[2023-08-27T15:45:12.970+0000] {extract.py:42} INFO - Create DataFrame time: 0:00:00.288457
[2023-08-27T15:45:12.974+0000] {dag_etl.py:31} INFO - Complete extract user: 0:00:04.941064
[2023-08-27T15:45:12.975+0000] {dag_etl.py:33} INFO - Extracting resource...
[2023-08-27T15:45:15.989+0000] {extract.py:36} INFO - Request time: 0:00:03.013560
[2023-08-27T15:45:16.032+0000] {extract.py:42} INFO - Create DataFrame time: 0:00:00.042198
[2023-08-27T15:45:16.034+0000] {dag_etl.py:36} INFO - Complete extract resource: 0:00:03.059967
[2023-08-27T15:45:16.035+0000] {dag_etl.py:38} INFO - Transforming user...
[2023-08-27T15:45:16.187+0000] {dag_etl.py:42} INFO - Complete transform user: 0:00:00.152519
[2023-08-27T15:45:16.187+0000] {dag_etl.py:44} INFO - transform space_ships...
[2023-08-27T15:45:16.297+0000] {dag_etl.py:47} INFO - Complete transform space_ships: 0:00:00.110909
[2023-08-27T15:45:16.298+0000] {dag_etl.py:49} INFO - transform drones...
[2023-08-27T15:45:16.376+0000] {dag_etl.py:52} INFO - Complete transform drones: 0:00:00.078197
[2023-08-27T15:45:16.376+0000] {dag_etl.py:54} INFO - transform pilots...
[2023-08-27T15:45:16.438+0000] {dag_etl.py:57} INFO - Complete transform pilots: 0:00:00.062372
[2023-08-27T15:45:16.438+0000] {dag_etl.py:59} INFO - transform talents...
[2023-08-27T15:45:16.468+0000] {dag_etl.py:62} INFO - Complete transform talents: 0:00:00.030199
[2023-08-27T15:45:16.469+0000] {dag_etl.py:64} INFO - transform expert_items...
[2023-08-27T15:45:16.496+0000] {dag_etl.py:67} INFO - Complete transform expert_items: 0:00:00.027929
[2023-08-27T15:45:16.497+0000] {dag_etl.py:69} INFO - Loading user...
[2023-08-27T15:45:17.879+0000] {dag_etl.py:72} INFO - Complete load user: 0:00:01.382536
[2023-08-27T15:45:17.879+0000] {dag_etl.py:74} INFO - Loading space_ships...
[2023-08-27T15:45:19.411+0000] {dag_etl.py:77} INFO - Complete load space_ships: 0:00:01.531971
[2023-08-27T15:45:19.411+0000] {dag_etl.py:79} INFO - Loading drones...
[2023-08-27T15:45:21.283+0000] {dag_etl.py:82} INFO - Complete load drones: 0:00:01.871956
[2023-08-27T15:45:21.283+0000] {dag_etl.py:84} INFO - Loading pilots...
[2023-08-27T15:45:23.446+0000] {dag_etl.py:87} INFO - Complete load drones: 0:00:02.163343
[2023-08-27T15:45:23.447+0000] {dag_etl.py:89} INFO - Loading talents...
[2023-08-27T15:45:24.785+0000] {dag_etl.py:92} INFO - Complete load drones: 0:00:01.338884
[2023-08-27T15:45:24.786+0000] {dag_etl.py:94} INFO - Loading expert_items...
[2023-08-27T15:45:26.115+0000] {dag_etl.py:97} INFO - Complete load drones: 0:00:01.330524
[2023-08-27T15:45:26.116+0000] {dag_etl.py:99} INFO - Complete ETL Users in : 0:00:18.082851
[2023-08-27T15:45:26.149+0000] {python.py:194} INFO - Done. Returned value was: None
[2023-08-27T15:45:26.166+0000] {taskinstance.py:1400} INFO - Marking task as SUCCESS. dag_id=gaas_etl_1, task_id=etl_user, execution_date=20230827T154400, start_date=20230827T154506, end_date=20230827T154526
[2023-08-27T15:45:26.222+0000] {local_task_job_runner.py:228} INFO - Task exited with return code 0
[2023-08-27T15:45:26.419+0000] {taskinstance.py:2784} INFO - 0 downstream tasks scheduled from follow-on schedule check
