[2023-08-27T07:37:05.813+0000] {taskinstance.py:1159} INFO - Dependencies all met for dep_context=non-requeueable deps ti=<TaskInstance: gaas_etl_1.etl_user scheduled__2023-08-27T07:36:00+00:00 [queued]>
[2023-08-27T07:37:05.832+0000] {taskinstance.py:1159} INFO - Dependencies all met for dep_context=requeueable deps ti=<TaskInstance: gaas_etl_1.etl_user scheduled__2023-08-27T07:36:00+00:00 [queued]>
[2023-08-27T07:37:05.832+0000] {taskinstance.py:1361} INFO - Starting attempt 1 of 1
[2023-08-27T07:37:05.864+0000] {taskinstance.py:1382} INFO - Executing <Task(PythonOperator): etl_user> on 2023-08-27 07:36:00+00:00
[2023-08-27T07:37:05.874+0000] {standard_task_runner.py:57} INFO - Started process 375977 to run task
[2023-08-27T07:37:05.890+0000] {standard_task_runner.py:84} INFO - Running: ['airflow', 'tasks', 'run', 'gaas_etl_1', 'etl_user', 'scheduled__2023-08-27T07:36:00+00:00', '--job-id', '4960', '--raw', '--subdir', 'DAGS_FOLDER/dag_etl.py', '--cfg-path', '/tmp/tmpuauvp1x7']
[2023-08-27T07:37:05.895+0000] {standard_task_runner.py:85} INFO - Job 4960: Subtask etl_user
[2023-08-27T07:37:06.319+0000] {task_command.py:415} INFO - Running <TaskInstance: gaas_etl_1.etl_user scheduled__2023-08-27T07:36:00+00:00 [running]> on host data-system.us-central1-a.c.data-system-392010.internal
[2023-08-27T07:37:07.058+0000] {taskinstance.py:1660} INFO - Exporting env vars: AIRFLOW_CTX_DAG_EMAIL='hungnm15012002@gmail.com' AIRFLOW_CTX_DAG_OWNER='hungnm' AIRFLOW_CTX_DAG_ID='gaas_etl_1' AIRFLOW_CTX_TASK_ID='etl_user' AIRFLOW_CTX_EXECUTION_DATE='2023-08-27T07:36:00+00:00' AIRFLOW_CTX_TRY_NUMBER='1' AIRFLOW_CTX_DAG_RUN_ID='scheduled__2023-08-27T07:36:00+00:00'
[2023-08-27T07:37:07.080+0000] {dag_etl.py:28} INFO - Extracting user...
[2023-08-27T07:37:18.411+0000] {extract.py:36} INFO - Request time: 0:00:11.330786
[2023-08-27T07:37:18.542+0000] {extract.py:42} INFO - Create DataFrame time: 0:00:00.130557
[2023-08-27T07:37:18.545+0000] {dag_etl.py:31} INFO - Complete extract user: 0:00:11.465190
[2023-08-27T07:37:18.546+0000] {dag_etl.py:33} INFO - Extracting resource...
[2023-08-27T07:37:27.941+0000] {extract.py:36} INFO - Request time: 0:00:09.394777
[2023-08-27T07:37:28.022+0000] {extract.py:42} INFO - Create DataFrame time: 0:00:00.080137
[2023-08-27T07:37:28.025+0000] {dag_etl.py:36} INFO - Complete extract resource: 0:00:09.479531
[2023-08-27T07:37:28.026+0000] {dag_etl.py:38} INFO - Transforming user...
[2023-08-27T07:37:28.173+0000] {dag_etl.py:42} INFO - Complete transform user: 0:00:00.148201
[2023-08-27T07:37:28.176+0000] {dag_etl.py:44} INFO - transform space_ships...
[2023-08-27T07:37:28.269+0000] {dag_etl.py:47} INFO - Complete transform space_ships: 0:00:00.096645
[2023-08-27T07:37:28.270+0000] {dag_etl.py:49} INFO - transform drones...
[2023-08-27T07:37:28.337+0000] {dag_etl.py:52} INFO - Complete transform drones: 0:00:00.068029
[2023-08-27T07:37:28.338+0000] {dag_etl.py:54} INFO - transform pilots...
[2023-08-27T07:37:28.382+0000] {dag_etl.py:57} INFO - Complete transform pilots: 0:00:00.045079
[2023-08-27T07:37:28.383+0000] {dag_etl.py:59} INFO - transform talents...
[2023-08-27T07:37:28.408+0000] {dag_etl.py:62} INFO - Complete transform talents: 0:00:00.025750
[2023-08-27T07:37:28.409+0000] {dag_etl.py:64} INFO - transform expert_items...
[2023-08-27T07:37:28.433+0000] {dag_etl.py:67} INFO - Complete transform expert_items: 0:00:00.024890
[2023-08-27T07:37:28.434+0000] {dag_etl.py:69} INFO - Loading user...
[2023-08-27T07:37:29.173+0000] {dag_etl.py:72} INFO - Complete load user: 0:00:00.739871
[2023-08-27T07:37:29.174+0000] {dag_etl.py:74} INFO - Loading space_ships...
[2023-08-27T07:37:30.091+0000] {dag_etl.py:77} INFO - Complete load space_ships: 0:00:00.917695
[2023-08-27T07:37:30.091+0000] {dag_etl.py:79} INFO - Loading drones...
[2023-08-27T07:37:30.866+0000] {dag_etl.py:82} INFO - Complete load drones: 0:00:00.774820
[2023-08-27T07:37:30.866+0000] {dag_etl.py:84} INFO - Loading pilots...
[2023-08-27T07:37:32.238+0000] {dag_etl.py:87} INFO - Complete load drones: 0:00:01.372036
[2023-08-27T07:37:32.238+0000] {dag_etl.py:89} INFO - Loading talents...
[2023-08-27T07:37:33.023+0000] {dag_etl.py:92} INFO - Complete load drones: 0:00:00.784953
[2023-08-27T07:37:33.023+0000] {dag_etl.py:94} INFO - Loading expert_items...
[2023-08-27T07:37:33.540+0000] {dag_etl.py:97} INFO - Complete load drones: 0:00:00.517185
[2023-08-27T07:37:33.540+0000] {dag_etl.py:99} INFO - Complete ETL Users in : 0:00:26.460319
[2023-08-27T07:37:33.551+0000] {python.py:194} INFO - Done. Returned value was: None
[2023-08-27T07:37:33.570+0000] {taskinstance.py:1400} INFO - Marking task as SUCCESS. dag_id=gaas_etl_1, task_id=etl_user, execution_date=20230827T073600, start_date=20230827T073705, end_date=20230827T073733
[2023-08-27T07:37:33.632+0000] {local_task_job_runner.py:228} INFO - Task exited with return code 0
[2023-08-27T07:37:33.669+0000] {taskinstance.py:2784} INFO - 0 downstream tasks scheduled from follow-on schedule check
