[2023-08-26T06:18:03.839+0000] {taskinstance.py:1159} INFO - Dependencies all met for dep_context=non-requeueable deps ti=<TaskInstance: gaas_etl_1.etl_user scheduled__2023-08-26T06:17:00+00:00 [queued]>
[2023-08-26T06:18:03.857+0000] {taskinstance.py:1159} INFO - Dependencies all met for dep_context=requeueable deps ti=<TaskInstance: gaas_etl_1.etl_user scheduled__2023-08-26T06:17:00+00:00 [queued]>
[2023-08-26T06:18:03.857+0000] {taskinstance.py:1361} INFO - Starting attempt 1 of 1
[2023-08-26T06:18:03.893+0000] {taskinstance.py:1382} INFO - Executing <Task(PythonOperator): etl_user> on 2023-08-26 06:17:00+00:00
[2023-08-26T06:18:03.901+0000] {standard_task_runner.py:57} INFO - Started process 284100 to run task
[2023-08-26T06:18:03.921+0000] {standard_task_runner.py:84} INFO - Running: ['airflow', 'tasks', 'run', 'gaas_etl_1', 'etl_user', 'scheduled__2023-08-26T06:17:00+00:00', '--job-id', '404', '--raw', '--subdir', 'DAGS_FOLDER/dag_etl.py', '--cfg-path', '/tmp/tmpv6b6qglw']
[2023-08-26T06:18:03.927+0000] {standard_task_runner.py:85} INFO - Job 404: Subtask etl_user
[2023-08-26T06:18:04.056+0000] {task_command.py:415} INFO - Running <TaskInstance: gaas_etl_1.etl_user scheduled__2023-08-26T06:17:00+00:00 [running]> on host data-system.us-central1-a.c.data-system-392010.internal
[2023-08-26T06:18:04.231+0000] {taskinstance.py:1660} INFO - Exporting env vars: AIRFLOW_CTX_DAG_EMAIL='hungnm15012002@gmail.com' AIRFLOW_CTX_DAG_OWNER='hungnm' AIRFLOW_CTX_DAG_ID='gaas_etl_1' AIRFLOW_CTX_TASK_ID='etl_user' AIRFLOW_CTX_EXECUTION_DATE='2023-08-26T06:17:00+00:00' AIRFLOW_CTX_TRY_NUMBER='1' AIRFLOW_CTX_DAG_RUN_ID='scheduled__2023-08-26T06:17:00+00:00'
[2023-08-26T06:18:04.255+0000] {dag_etl.py:28} INFO - Extracting user...
[2023-08-26T06:18:05.794+0000] {extract.py:36} INFO - Request time: 0:00:01.539389
[2023-08-26T06:18:05.821+0000] {extract.py:42} INFO - Create DataFrame time: 0:00:00.026501
[2023-08-26T06:18:05.824+0000] {dag_etl.py:31} INFO - Complete extract user: 0:00:01.569034
[2023-08-26T06:18:05.824+0000] {dag_etl.py:33} INFO - Extracting resource...
[2023-08-26T06:18:07.279+0000] {extract.py:36} INFO - Request time: 0:00:01.455052
[2023-08-26T06:18:07.292+0000] {extract.py:42} INFO - Create DataFrame time: 0:00:00.011750
[2023-08-26T06:18:07.295+0000] {dag_etl.py:36} INFO - Complete extract resource: 0:00:01.471367
[2023-08-26T06:18:07.296+0000] {dag_etl.py:38} INFO - Transforming user...
[2023-08-26T06:18:07.329+0000] {dag_etl.py:42} INFO - Complete transform user: 0:00:00.034085
[2023-08-26T06:18:07.329+0000] {dag_etl.py:44} INFO - transform space_ships...
[2023-08-26T06:18:07.347+0000] {dag_etl.py:47} INFO - Complete transform space_ships: 0:00:00.017691
[2023-08-26T06:18:07.347+0000] {dag_etl.py:49} INFO - transform drones...
[2023-08-26T06:18:07.360+0000] {dag_etl.py:52} INFO - Complete transform drones: 0:00:00.012927
[2023-08-26T06:18:07.360+0000] {dag_etl.py:54} INFO - transform pilots...
[2023-08-26T06:18:07.371+0000] {dag_etl.py:57} INFO - Complete transform pilots: 0:00:00.011384
[2023-08-26T06:18:07.371+0000] {dag_etl.py:59} INFO - transform talents...
[2023-08-26T06:18:07.378+0000] {dag_etl.py:62} INFO - Complete transform talents: 0:00:00.007331
[2023-08-26T06:18:07.379+0000] {dag_etl.py:64} INFO - transform expert_items...
[2023-08-26T06:18:07.385+0000] {dag_etl.py:67} INFO - Complete transform expert_items: 0:00:00.006872
[2023-08-26T06:18:07.385+0000] {dag_etl.py:69} INFO - Loading user...
[2023-08-26T06:18:07.401+0000] {dag_etl.py:72} INFO - Complete load user: 0:00:00.015906
[2023-08-26T06:18:07.402+0000] {dag_etl.py:74} INFO - Loading space_ships...
[2023-08-26T06:18:07.421+0000] {dag_etl.py:77} INFO - Complete load space_ships: 0:00:00.019604
[2023-08-26T06:18:07.421+0000] {dag_etl.py:79} INFO - Loading drones...
[2023-08-26T06:18:07.434+0000] {dag_etl.py:82} INFO - Complete load drones: 0:00:00.013189
[2023-08-26T06:18:07.434+0000] {dag_etl.py:84} INFO - Loading pilots...
[2023-08-26T06:18:07.459+0000] {dag_etl.py:87} INFO - Complete load drones: 0:00:00.025369
[2023-08-26T06:18:07.460+0000] {dag_etl.py:89} INFO - Loading talents...
[2023-08-26T06:18:07.472+0000] {dag_etl.py:92} INFO - Complete load drones: 0:00:00.012833
[2023-08-26T06:18:07.473+0000] {dag_etl.py:94} INFO - Loading expert_items...
[2023-08-26T06:18:07.476+0000] {dag_etl.py:97} INFO - Complete load drones: 0:00:00.004035
[2023-08-26T06:18:07.476+0000] {dag_etl.py:99} INFO - Complete ETL Users in : 0:00:03.221959
[2023-08-26T06:18:07.478+0000] {python.py:194} INFO - Done. Returned value was: None
[2023-08-26T06:18:07.491+0000] {taskinstance.py:1400} INFO - Marking task as SUCCESS. dag_id=gaas_etl_1, task_id=etl_user, execution_date=20230826T061700, start_date=20230826T061803, end_date=20230826T061807
[2023-08-26T06:18:07.533+0000] {local_task_job_runner.py:228} INFO - Task exited with return code 0
[2023-08-26T06:18:07.558+0000] {taskinstance.py:2784} INFO - 0 downstream tasks scheduled from follow-on schedule check
