[2023-08-26T19:45:05.113+0000] {taskinstance.py:1159} INFO - Dependencies all met for dep_context=non-requeueable deps ti=<TaskInstance: gaas_etl_1.etl_user scheduled__2023-08-26T19:44:00+00:00 [queued]>
[2023-08-26T19:45:05.134+0000] {taskinstance.py:1159} INFO - Dependencies all met for dep_context=requeueable deps ti=<TaskInstance: gaas_etl_1.etl_user scheduled__2023-08-26T19:44:00+00:00 [queued]>
[2023-08-26T19:45:05.135+0000] {taskinstance.py:1361} INFO - Starting attempt 1 of 1
[2023-08-26T19:45:05.167+0000] {taskinstance.py:1382} INFO - Executing <Task(PythonOperator): etl_user> on 2023-08-26 19:44:00+00:00
[2023-08-26T19:45:05.176+0000] {standard_task_runner.py:57} INFO - Started process 328685 to run task
[2023-08-26T19:45:05.192+0000] {standard_task_runner.py:84} INFO - Running: ['airflow', 'tasks', 'run', 'gaas_etl_1', 'etl_user', 'scheduled__2023-08-26T19:44:00+00:00', '--job-id', '2825', '--raw', '--subdir', 'DAGS_FOLDER/dag_etl.py', '--cfg-path', '/tmp/tmpqe9odk68']
[2023-08-26T19:45:05.198+0000] {standard_task_runner.py:85} INFO - Job 2825: Subtask etl_user
[2023-08-26T19:45:05.694+0000] {task_command.py:415} INFO - Running <TaskInstance: gaas_etl_1.etl_user scheduled__2023-08-26T19:44:00+00:00 [running]> on host data-system.us-central1-a.c.data-system-392010.internal
[2023-08-26T19:45:06.071+0000] {taskinstance.py:1660} INFO - Exporting env vars: AIRFLOW_CTX_DAG_EMAIL='hungnm15012002@gmail.com' AIRFLOW_CTX_DAG_OWNER='hungnm' AIRFLOW_CTX_DAG_ID='gaas_etl_1' AIRFLOW_CTX_TASK_ID='etl_user' AIRFLOW_CTX_EXECUTION_DATE='2023-08-26T19:44:00+00:00' AIRFLOW_CTX_TRY_NUMBER='1' AIRFLOW_CTX_DAG_RUN_ID='scheduled__2023-08-26T19:44:00+00:00'
[2023-08-26T19:45:06.099+0000] {dag_etl.py:28} INFO - Extracting user...
[2023-08-26T19:45:11.088+0000] {extract.py:36} INFO - Request time: 0:00:04.988470
[2023-08-26T19:45:11.280+0000] {extract.py:42} INFO - Create DataFrame time: 0:00:00.190758
[2023-08-26T19:45:11.283+0000] {dag_etl.py:31} INFO - Complete extract user: 0:00:05.183793
[2023-08-26T19:45:11.284+0000] {dag_etl.py:33} INFO - Extracting resource...
[2023-08-26T19:45:14.641+0000] {extract.py:36} INFO - Request time: 0:00:03.356206
[2023-08-26T19:45:14.689+0000] {extract.py:42} INFO - Create DataFrame time: 0:00:00.047564
[2023-08-26T19:45:14.692+0000] {dag_etl.py:36} INFO - Complete extract resource: 0:00:03.408644
[2023-08-26T19:45:14.693+0000] {dag_etl.py:38} INFO - Transforming user...
[2023-08-26T19:45:14.864+0000] {dag_etl.py:42} INFO - Complete transform user: 0:00:00.172888
[2023-08-26T19:45:14.865+0000] {dag_etl.py:44} INFO - transform space_ships...
[2023-08-26T19:45:14.992+0000] {dag_etl.py:47} INFO - Complete transform space_ships: 0:00:00.127827
[2023-08-26T19:45:14.993+0000] {dag_etl.py:49} INFO - transform drones...
[2023-08-26T19:45:15.076+0000] {dag_etl.py:52} INFO - Complete transform drones: 0:00:00.083052
[2023-08-26T19:45:15.076+0000] {dag_etl.py:54} INFO - transform pilots...
[2023-08-26T19:45:15.142+0000] {dag_etl.py:57} INFO - Complete transform pilots: 0:00:00.067034
[2023-08-26T19:45:15.143+0000] {dag_etl.py:59} INFO - transform talents...
[2023-08-26T19:45:15.172+0000] {dag_etl.py:62} INFO - Complete transform talents: 0:00:00.029523
[2023-08-26T19:45:15.172+0000] {dag_etl.py:64} INFO - transform expert_items...
[2023-08-26T19:45:15.210+0000] {dag_etl.py:67} INFO - Complete transform expert_items: 0:00:00.038522
[2023-08-26T19:45:15.211+0000] {dag_etl.py:69} INFO - Loading user...
[2023-08-26T19:45:16.153+0000] {dag_etl.py:72} INFO - Complete load user: 0:00:00.942457
[2023-08-26T19:45:16.153+0000] {dag_etl.py:74} INFO - Loading space_ships...
[2023-08-26T19:45:17.693+0000] {dag_etl.py:77} INFO - Complete load space_ships: 0:00:01.540059
[2023-08-26T19:45:17.694+0000] {dag_etl.py:79} INFO - Loading drones...
[2023-08-26T19:45:18.776+0000] {dag_etl.py:82} INFO - Complete load drones: 0:00:01.083360
[2023-08-26T19:45:18.777+0000] {dag_etl.py:84} INFO - Loading pilots...
[2023-08-26T19:45:21.310+0000] {dag_etl.py:87} INFO - Complete load drones: 0:00:02.533698
[2023-08-26T19:45:21.311+0000] {dag_etl.py:89} INFO - Loading talents...
[2023-08-26T19:45:22.513+0000] {dag_etl.py:92} INFO - Complete load drones: 0:00:01.202922
[2023-08-26T19:45:22.513+0000] {dag_etl.py:94} INFO - Loading expert_items...
[2023-08-26T19:45:23.499+0000] {dag_etl.py:97} INFO - Complete load drones: 0:00:00.986292
[2023-08-26T19:45:23.500+0000] {dag_etl.py:99} INFO - Complete ETL Users in : 0:00:17.400909
[2023-08-26T19:45:23.535+0000] {python.py:194} INFO - Done. Returned value was: None
[2023-08-26T19:45:23.571+0000] {taskinstance.py:1400} INFO - Marking task as SUCCESS. dag_id=gaas_etl_1, task_id=etl_user, execution_date=20230826T194400, start_date=20230826T194505, end_date=20230826T194523
[2023-08-26T19:45:23.699+0000] {local_task_job_runner.py:228} INFO - Task exited with return code 0
[2023-08-26T19:45:23.759+0000] {taskinstance.py:2784} INFO - 0 downstream tasks scheduled from follow-on schedule check
