[2023-08-27T07:50:05.690+0000] {taskinstance.py:1159} INFO - Dependencies all met for dep_context=non-requeueable deps ti=<TaskInstance: gaas_etl_1.etl_user scheduled__2023-08-27T07:49:00+00:00 [queued]>
[2023-08-27T07:50:05.707+0000] {taskinstance.py:1159} INFO - Dependencies all met for dep_context=requeueable deps ti=<TaskInstance: gaas_etl_1.etl_user scheduled__2023-08-27T07:49:00+00:00 [queued]>
[2023-08-27T07:50:05.707+0000] {taskinstance.py:1361} INFO - Starting attempt 1 of 1
[2023-08-27T07:50:05.738+0000] {taskinstance.py:1382} INFO - Executing <Task(PythonOperator): etl_user> on 2023-08-27 07:49:00+00:00
[2023-08-27T07:50:05.749+0000] {standard_task_runner.py:57} INFO - Started process 376491 to run task
[2023-08-27T07:50:05.757+0000] {standard_task_runner.py:84} INFO - Running: ['airflow', 'tasks', 'run', 'gaas_etl_1', 'etl_user', 'scheduled__2023-08-27T07:49:00+00:00', '--job-id', '5000', '--raw', '--subdir', 'DAGS_FOLDER/dag_etl.py', '--cfg-path', '/tmp/tmpmgtcvr3x']
[2023-08-27T07:50:05.763+0000] {standard_task_runner.py:85} INFO - Job 5000: Subtask etl_user
[2023-08-27T07:50:06.130+0000] {task_command.py:415} INFO - Running <TaskInstance: gaas_etl_1.etl_user scheduled__2023-08-27T07:49:00+00:00 [running]> on host data-system.us-central1-a.c.data-system-392010.internal
[2023-08-27T07:50:06.853+0000] {taskinstance.py:1660} INFO - Exporting env vars: AIRFLOW_CTX_DAG_EMAIL='hungnm15012002@gmail.com' AIRFLOW_CTX_DAG_OWNER='hungnm' AIRFLOW_CTX_DAG_ID='gaas_etl_1' AIRFLOW_CTX_TASK_ID='etl_user' AIRFLOW_CTX_EXECUTION_DATE='2023-08-27T07:49:00+00:00' AIRFLOW_CTX_TRY_NUMBER='1' AIRFLOW_CTX_DAG_RUN_ID='scheduled__2023-08-27T07:49:00+00:00'
[2023-08-27T07:50:06.887+0000] {dag_etl.py:28} INFO - Extracting user...
[2023-08-27T07:50:15.100+0000] {extract.py:36} INFO - Request time: 0:00:08.212077
[2023-08-27T07:50:15.900+0000] {extract.py:42} INFO - Create DataFrame time: 0:00:00.799349
[2023-08-27T07:50:15.908+0000] {dag_etl.py:31} INFO - Complete extract user: 0:00:09.020695
[2023-08-27T07:50:15.909+0000] {dag_etl.py:33} INFO - Extracting resource...
[2023-08-27T07:50:27.125+0000] {extract.py:36} INFO - Request time: 0:00:11.215709
[2023-08-27T07:50:27.222+0000] {extract.py:42} INFO - Create DataFrame time: 0:00:00.096706
[2023-08-27T07:50:27.226+0000] {dag_etl.py:36} INFO - Complete extract resource: 0:00:11.318035
[2023-08-27T07:50:27.228+0000] {dag_etl.py:38} INFO - Transforming user...
[2023-08-27T07:50:27.547+0000] {dag_etl.py:42} INFO - Complete transform user: 0:00:00.321437
[2023-08-27T07:50:27.548+0000] {dag_etl.py:44} INFO - transform space_ships...
[2023-08-27T07:50:27.778+0000] {dag_etl.py:47} INFO - Complete transform space_ships: 0:00:00.230350
[2023-08-27T07:50:27.778+0000] {dag_etl.py:49} INFO - transform drones...
[2023-08-27T07:50:27.967+0000] {dag_etl.py:52} INFO - Complete transform drones: 0:00:00.189795
[2023-08-27T07:50:27.968+0000] {dag_etl.py:54} INFO - transform pilots...
[2023-08-27T07:50:28.129+0000] {dag_etl.py:57} INFO - Complete transform pilots: 0:00:00.162038
[2023-08-27T07:50:28.130+0000] {dag_etl.py:59} INFO - transform talents...
[2023-08-27T07:50:28.183+0000] {dag_etl.py:62} INFO - Complete transform talents: 0:00:00.054000
[2023-08-27T07:50:28.184+0000] {dag_etl.py:64} INFO - transform expert_items...
[2023-08-27T07:50:28.247+0000] {dag_etl.py:67} INFO - Complete transform expert_items: 0:00:00.063713
[2023-08-27T07:50:28.248+0000] {dag_etl.py:69} INFO - Loading user...
[2023-08-27T07:50:30.104+0000] {dag_etl.py:72} INFO - Complete load user: 0:00:01.857121
[2023-08-27T07:50:30.105+0000] {dag_etl.py:74} INFO - Loading space_ships...
[2023-08-27T07:50:32.798+0000] {dag_etl.py:77} INFO - Complete load space_ships: 0:00:02.693740
[2023-08-27T07:50:32.799+0000] {dag_etl.py:79} INFO - Loading drones...
[2023-08-27T07:50:35.120+0000] {dag_etl.py:82} INFO - Complete load drones: 0:00:02.322389
[2023-08-27T07:50:35.122+0000] {dag_etl.py:84} INFO - Loading pilots...
[2023-08-27T07:50:38.354+0000] {dag_etl.py:87} INFO - Complete load drones: 0:00:03.233210
[2023-08-27T07:50:38.354+0000] {dag_etl.py:89} INFO - Loading talents...
[2023-08-27T07:50:40.585+0000] {dag_etl.py:92} INFO - Complete load drones: 0:00:02.230957
[2023-08-27T07:50:40.585+0000] {dag_etl.py:94} INFO - Loading expert_items...
[2023-08-27T07:50:41.988+0000] {dag_etl.py:97} INFO - Complete load drones: 0:00:01.402962
[2023-08-27T07:50:41.988+0000] {dag_etl.py:99} INFO - Complete ETL Users in : 0:00:35.100949
[2023-08-27T07:50:42.013+0000] {python.py:194} INFO - Done. Returned value was: None
[2023-08-27T07:50:42.027+0000] {taskinstance.py:1400} INFO - Marking task as SUCCESS. dag_id=gaas_etl_1, task_id=etl_user, execution_date=20230827T074900, start_date=20230827T075005, end_date=20230827T075042
[2023-08-27T07:50:42.081+0000] {local_task_job_runner.py:228} INFO - Task exited with return code 0
[2023-08-27T07:50:42.101+0000] {taskinstance.py:2784} INFO - 0 downstream tasks scheduled from follow-on schedule check
