[2023-08-26T23:48:04.974+0000] {taskinstance.py:1159} INFO - Dependencies all met for dep_context=non-requeueable deps ti=<TaskInstance: gaas_etl_1.etl_user scheduled__2023-08-26T23:47:00+00:00 [queued]>
[2023-08-26T23:48:04.993+0000] {taskinstance.py:1159} INFO - Dependencies all met for dep_context=requeueable deps ti=<TaskInstance: gaas_etl_1.etl_user scheduled__2023-08-26T23:47:00+00:00 [queued]>
[2023-08-26T23:48:04.994+0000] {taskinstance.py:1361} INFO - Starting attempt 1 of 1
[2023-08-26T23:48:05.028+0000] {taskinstance.py:1382} INFO - Executing <Task(PythonOperator): etl_user> on 2023-08-26 23:47:00+00:00
[2023-08-26T23:48:05.038+0000] {standard_task_runner.py:57} INFO - Started process 338331 to run task
[2023-08-26T23:48:05.051+0000] {standard_task_runner.py:84} INFO - Running: ['airflow', 'tasks', 'run', 'gaas_etl_1', 'etl_user', 'scheduled__2023-08-26T23:47:00+00:00', '--job-id', '3553', '--raw', '--subdir', 'DAGS_FOLDER/dag_etl.py', '--cfg-path', '/tmp/tmp37haur9o']
[2023-08-26T23:48:05.058+0000] {standard_task_runner.py:85} INFO - Job 3553: Subtask etl_user
[2023-08-26T23:48:05.368+0000] {task_command.py:415} INFO - Running <TaskInstance: gaas_etl_1.etl_user scheduled__2023-08-26T23:47:00+00:00 [running]> on host data-system.us-central1-a.c.data-system-392010.internal
[2023-08-26T23:48:05.757+0000] {taskinstance.py:1660} INFO - Exporting env vars: AIRFLOW_CTX_DAG_EMAIL='hungnm15012002@gmail.com' AIRFLOW_CTX_DAG_OWNER='hungnm' AIRFLOW_CTX_DAG_ID='gaas_etl_1' AIRFLOW_CTX_TASK_ID='etl_user' AIRFLOW_CTX_EXECUTION_DATE='2023-08-26T23:47:00+00:00' AIRFLOW_CTX_TRY_NUMBER='1' AIRFLOW_CTX_DAG_RUN_ID='scheduled__2023-08-26T23:47:00+00:00'
[2023-08-26T23:48:05.785+0000] {dag_etl.py:28} INFO - Extracting user...
[2023-08-26T23:48:09.348+0000] {extract.py:36} INFO - Request time: 0:00:03.562174
[2023-08-26T23:48:09.739+0000] {extract.py:42} INFO - Create DataFrame time: 0:00:00.391136
[2023-08-26T23:48:09.743+0000] {dag_etl.py:31} INFO - Complete extract user: 0:00:03.958215
[2023-08-26T23:48:09.743+0000] {dag_etl.py:33} INFO - Extracting resource...
[2023-08-26T23:48:11.298+0000] {extract.py:36} INFO - Request time: 0:00:01.554345
[2023-08-26T23:48:11.367+0000] {extract.py:42} INFO - Create DataFrame time: 0:00:00.067977
[2023-08-26T23:48:11.369+0000] {dag_etl.py:36} INFO - Complete extract resource: 0:00:01.626543
[2023-08-26T23:48:11.371+0000] {dag_etl.py:38} INFO - Transforming user...
[2023-08-26T23:48:11.545+0000] {dag_etl.py:42} INFO - Complete transform user: 0:00:00.175165
[2023-08-26T23:48:11.545+0000] {dag_etl.py:44} INFO - transform space_ships...
[2023-08-26T23:48:11.673+0000] {dag_etl.py:47} INFO - Complete transform space_ships: 0:00:00.128302
[2023-08-26T23:48:11.673+0000] {dag_etl.py:49} INFO - transform drones...
[2023-08-26T23:48:11.764+0000] {dag_etl.py:52} INFO - Complete transform drones: 0:00:00.091045
[2023-08-26T23:48:11.764+0000] {dag_etl.py:54} INFO - transform pilots...
[2023-08-26T23:48:11.825+0000] {dag_etl.py:57} INFO - Complete transform pilots: 0:00:00.060969
[2023-08-26T23:48:11.825+0000] {dag_etl.py:59} INFO - transform talents...
[2023-08-26T23:48:11.856+0000] {dag_etl.py:62} INFO - Complete transform talents: 0:00:00.030703
[2023-08-26T23:48:11.856+0000] {dag_etl.py:64} INFO - transform expert_items...
[2023-08-26T23:48:11.887+0000] {dag_etl.py:67} INFO - Complete transform expert_items: 0:00:00.031600
[2023-08-26T23:48:11.888+0000] {dag_etl.py:69} INFO - Loading user...
[2023-08-26T23:48:12.781+0000] {dag_etl.py:72} INFO - Complete load user: 0:00:00.894111
[2023-08-26T23:48:12.782+0000] {dag_etl.py:74} INFO - Loading space_ships...
[2023-08-26T23:48:13.910+0000] {dag_etl.py:77} INFO - Complete load space_ships: 0:00:01.128289
[2023-08-26T23:48:13.910+0000] {dag_etl.py:79} INFO - Loading drones...
[2023-08-26T23:48:15.121+0000] {dag_etl.py:82} INFO - Complete load drones: 0:00:01.211858
[2023-08-26T23:48:15.122+0000] {dag_etl.py:84} INFO - Loading pilots...
[2023-08-26T23:48:17.552+0000] {dag_etl.py:87} INFO - Complete load drones: 0:00:02.430233
[2023-08-26T23:48:17.552+0000] {dag_etl.py:89} INFO - Loading talents...
[2023-08-26T23:48:18.722+0000] {dag_etl.py:92} INFO - Complete load drones: 0:00:01.170071
[2023-08-26T23:48:18.722+0000] {dag_etl.py:94} INFO - Loading expert_items...
[2023-08-26T23:48:19.640+0000] {dag_etl.py:97} INFO - Complete load drones: 0:00:00.918549
[2023-08-26T23:48:19.641+0000] {dag_etl.py:99} INFO - Complete ETL Users in : 0:00:13.856110
[2023-08-26T23:48:19.657+0000] {python.py:194} INFO - Done. Returned value was: None
[2023-08-26T23:48:19.676+0000] {taskinstance.py:1400} INFO - Marking task as SUCCESS. dag_id=gaas_etl_1, task_id=etl_user, execution_date=20230826T234700, start_date=20230826T234804, end_date=20230826T234819
[2023-08-26T23:48:19.723+0000] {local_task_job_runner.py:228} INFO - Task exited with return code 0
[2023-08-26T23:48:19.755+0000] {taskinstance.py:2784} INFO - 0 downstream tasks scheduled from follow-on schedule check
