[2023-08-26T11:47:03.615+0000] {taskinstance.py:1159} INFO - Dependencies all met for dep_context=non-requeueable deps ti=<TaskInstance: gaas_etl_1.etl_user scheduled__2023-08-26T11:46:00+00:00 [queued]>
[2023-08-26T11:47:03.642+0000] {taskinstance.py:1159} INFO - Dependencies all met for dep_context=requeueable deps ti=<TaskInstance: gaas_etl_1.etl_user scheduled__2023-08-26T11:46:00+00:00 [queued]>
[2023-08-26T11:47:03.643+0000] {taskinstance.py:1361} INFO - Starting attempt 1 of 1
[2023-08-26T11:47:03.680+0000] {taskinstance.py:1382} INFO - Executing <Task(PythonOperator): etl_user> on 2023-08-26 11:46:00+00:00
[2023-08-26T11:47:03.699+0000] {standard_task_runner.py:57} INFO - Started process 309717 to run task
[2023-08-26T11:47:03.717+0000] {standard_task_runner.py:84} INFO - Running: ['airflow', 'tasks', 'run', 'gaas_etl_1', 'etl_user', 'scheduled__2023-08-26T11:46:00+00:00', '--job-id', '1390', '--raw', '--subdir', 'DAGS_FOLDER/dag_etl.py', '--cfg-path', '/tmp/tmpo_er5v92']
[2023-08-26T11:47:03.726+0000] {standard_task_runner.py:85} INFO - Job 1390: Subtask etl_user
[2023-08-26T11:47:04.065+0000] {task_command.py:415} INFO - Running <TaskInstance: gaas_etl_1.etl_user scheduled__2023-08-26T11:46:00+00:00 [running]> on host data-system.us-central1-a.c.data-system-392010.internal
[2023-08-26T11:47:04.387+0000] {taskinstance.py:1660} INFO - Exporting env vars: AIRFLOW_CTX_DAG_EMAIL='hungnm15012002@gmail.com' AIRFLOW_CTX_DAG_OWNER='hungnm' AIRFLOW_CTX_DAG_ID='gaas_etl_1' AIRFLOW_CTX_TASK_ID='etl_user' AIRFLOW_CTX_EXECUTION_DATE='2023-08-26T11:46:00+00:00' AIRFLOW_CTX_TRY_NUMBER='1' AIRFLOW_CTX_DAG_RUN_ID='scheduled__2023-08-26T11:46:00+00:00'
[2023-08-26T11:47:04.421+0000] {dag_etl.py:28} INFO - Extracting user...
[2023-08-26T11:47:08.874+0000] {extract.py:36} INFO - Request time: 0:00:04.452606
[2023-08-26T11:47:09.308+0000] {extract.py:42} INFO - Create DataFrame time: 0:00:00.433124
[2023-08-26T11:47:09.312+0000] {dag_etl.py:31} INFO - Complete extract user: 0:00:04.890478
[2023-08-26T11:47:09.312+0000] {dag_etl.py:33} INFO - Extracting resource...
[2023-08-26T11:47:11.228+0000] {extract.py:36} INFO - Request time: 0:00:01.915470
[2023-08-26T11:47:11.296+0000] {extract.py:42} INFO - Create DataFrame time: 0:00:00.067865
[2023-08-26T11:47:11.299+0000] {dag_etl.py:36} INFO - Complete extract resource: 0:00:01.987270
[2023-08-26T11:47:11.300+0000] {dag_etl.py:38} INFO - Transforming user...
[2023-08-26T11:47:11.562+0000] {dag_etl.py:42} INFO - Complete transform user: 0:00:00.263171
[2023-08-26T11:47:11.563+0000] {dag_etl.py:44} INFO - transform space_ships...
[2023-08-26T11:47:11.738+0000] {dag_etl.py:47} INFO - Complete transform space_ships: 0:00:00.175428
[2023-08-26T11:47:11.738+0000] {dag_etl.py:49} INFO - transform drones...
[2023-08-26T11:47:11.852+0000] {dag_etl.py:52} INFO - Complete transform drones: 0:00:00.114634
[2023-08-26T11:47:11.853+0000] {dag_etl.py:54} INFO - transform pilots...
[2023-08-26T11:47:11.934+0000] {dag_etl.py:57} INFO - Complete transform pilots: 0:00:00.081677
[2023-08-26T11:47:11.934+0000] {dag_etl.py:59} INFO - transform talents...
[2023-08-26T11:47:11.974+0000] {dag_etl.py:62} INFO - Complete transform talents: 0:00:00.040609
[2023-08-26T11:47:11.975+0000] {dag_etl.py:64} INFO - transform expert_items...
[2023-08-26T11:47:12.013+0000] {dag_etl.py:67} INFO - Complete transform expert_items: 0:00:00.038932
[2023-08-26T11:47:12.014+0000] {dag_etl.py:69} INFO - Loading user...
[2023-08-26T11:47:13.110+0000] {dag_etl.py:72} INFO - Complete load user: 0:00:01.096949
[2023-08-26T11:47:13.111+0000] {dag_etl.py:74} INFO - Loading space_ships...
[2023-08-26T11:47:14.420+0000] {dag_etl.py:77} INFO - Complete load space_ships: 0:00:01.309763
[2023-08-26T11:47:14.421+0000] {dag_etl.py:79} INFO - Loading drones...
[2023-08-26T11:47:16.613+0000] {dag_etl.py:82} INFO - Complete load drones: 0:00:02.192556
[2023-08-26T11:47:16.613+0000] {dag_etl.py:84} INFO - Loading pilots...
[2023-08-26T11:47:19.563+0000] {dag_etl.py:87} INFO - Complete load drones: 0:00:02.950296
[2023-08-26T11:47:19.563+0000] {dag_etl.py:89} INFO - Loading talents...
[2023-08-26T11:47:20.878+0000] {dag_etl.py:92} INFO - Complete load drones: 0:00:01.314591
[2023-08-26T11:47:20.878+0000] {dag_etl.py:94} INFO - Loading expert_items...
[2023-08-26T11:47:21.785+0000] {dag_etl.py:97} INFO - Complete load drones: 0:00:00.907549
[2023-08-26T11:47:21.785+0000] {dag_etl.py:99} INFO - Complete ETL Users in : 0:00:17.364342
[2023-08-26T11:47:21.806+0000] {python.py:194} INFO - Done. Returned value was: None
[2023-08-26T11:47:21.824+0000] {taskinstance.py:1400} INFO - Marking task as SUCCESS. dag_id=gaas_etl_1, task_id=etl_user, execution_date=20230826T114600, start_date=20230826T114703, end_date=20230826T114721
[2023-08-26T11:47:21.876+0000] {local_task_job_runner.py:228} INFO - Task exited with return code 0
[2023-08-26T11:47:21.902+0000] {taskinstance.py:2784} INFO - 0 downstream tasks scheduled from follow-on schedule check
