[2023-08-27T12:40:08.370+0000] {taskinstance.py:1159} INFO - Dependencies all met for dep_context=non-requeueable deps ti=<TaskInstance: gaas_etl_1.etl_user scheduled__2023-08-27T12:39:00+00:00 [queued]>
[2023-08-27T12:40:08.404+0000] {taskinstance.py:1159} INFO - Dependencies all met for dep_context=requeueable deps ti=<TaskInstance: gaas_etl_1.etl_user scheduled__2023-08-27T12:39:00+00:00 [queued]>
[2023-08-27T12:40:08.404+0000] {taskinstance.py:1361} INFO - Starting attempt 1 of 1
[2023-08-27T12:40:08.450+0000] {taskinstance.py:1382} INFO - Executing <Task(PythonOperator): etl_user> on 2023-08-27 12:39:00+00:00
[2023-08-27T12:40:08.460+0000] {standard_task_runner.py:57} INFO - Started process 405507 to run task
[2023-08-27T12:40:08.482+0000] {standard_task_runner.py:84} INFO - Running: ['airflow', 'tasks', 'run', 'gaas_etl_1', 'etl_user', 'scheduled__2023-08-27T12:39:00+00:00', '--job-id', '5870', '--raw', '--subdir', 'DAGS_FOLDER/dag_etl.py', '--cfg-path', '/tmp/tmp3s0_zu6_']
[2023-08-27T12:40:08.488+0000] {standard_task_runner.py:85} INFO - Job 5870: Subtask etl_user
[2023-08-27T12:40:09.184+0000] {task_command.py:415} INFO - Running <TaskInstance: gaas_etl_1.etl_user scheduled__2023-08-27T12:39:00+00:00 [running]> on host data-system.us-central1-a.c.data-system-392010.internal
[2023-08-27T12:40:09.766+0000] {taskinstance.py:1660} INFO - Exporting env vars: AIRFLOW_CTX_DAG_EMAIL='hungnm15012002@gmail.com' AIRFLOW_CTX_DAG_OWNER='hungnm' AIRFLOW_CTX_DAG_ID='gaas_etl_1' AIRFLOW_CTX_TASK_ID='etl_user' AIRFLOW_CTX_EXECUTION_DATE='2023-08-27T12:39:00+00:00' AIRFLOW_CTX_TRY_NUMBER='1' AIRFLOW_CTX_DAG_RUN_ID='scheduled__2023-08-27T12:39:00+00:00'
[2023-08-27T12:40:09.788+0000] {dag_etl.py:28} INFO - Extracting user...
[2023-08-27T12:40:17.635+0000] {extract.py:36} INFO - Request time: 0:00:07.845840
[2023-08-27T12:40:18.318+0000] {extract.py:42} INFO - Create DataFrame time: 0:00:00.682891
[2023-08-27T12:40:18.324+0000] {dag_etl.py:31} INFO - Complete extract user: 0:00:08.535538
[2023-08-27T12:40:18.325+0000] {dag_etl.py:33} INFO - Extracting resource...
[2023-08-27T12:40:30.451+0000] {extract.py:36} INFO - Request time: 0:00:12.126315
[2023-08-27T12:40:30.617+0000] {extract.py:42} INFO - Create DataFrame time: 0:00:00.164131
[2023-08-27T12:40:30.621+0000] {dag_etl.py:36} INFO - Complete extract resource: 0:00:12.297120
[2023-08-27T12:40:30.623+0000] {dag_etl.py:38} INFO - Transforming user...
[2023-08-27T12:40:31.006+0000] {dag_etl.py:42} INFO - Complete transform user: 0:00:00.385090
[2023-08-27T12:40:31.007+0000] {dag_etl.py:44} INFO - transform space_ships...
[2023-08-27T12:40:31.275+0000] {dag_etl.py:47} INFO - Complete transform space_ships: 0:00:00.269210
[2023-08-27T12:40:31.278+0000] {dag_etl.py:49} INFO - transform drones...
[2023-08-27T12:40:31.542+0000] {dag_etl.py:52} INFO - Complete transform drones: 0:00:00.266981
[2023-08-27T12:40:31.543+0000] {dag_etl.py:54} INFO - transform pilots...
[2023-08-27T12:40:31.727+0000] {dag_etl.py:57} INFO - Complete transform pilots: 0:00:00.184473
[2023-08-27T12:40:31.727+0000] {dag_etl.py:59} INFO - transform talents...
[2023-08-27T12:40:31.828+0000] {dag_etl.py:62} INFO - Complete transform talents: 0:00:00.101035
[2023-08-27T12:40:31.828+0000] {dag_etl.py:64} INFO - transform expert_items...
[2023-08-27T12:40:31.881+0000] {dag_etl.py:67} INFO - Complete transform expert_items: 0:00:00.053161
[2023-08-27T12:40:31.881+0000] {dag_etl.py:69} INFO - Loading user...
[2023-08-27T12:40:33.761+0000] {dag_etl.py:72} INFO - Complete load user: 0:00:01.879916
[2023-08-27T12:40:33.761+0000] {dag_etl.py:74} INFO - Loading space_ships...
[2023-08-27T12:40:36.662+0000] {dag_etl.py:77} INFO - Complete load space_ships: 0:00:02.901653
[2023-08-27T12:40:36.663+0000] {dag_etl.py:79} INFO - Loading drones...
[2023-08-27T12:40:39.192+0000] {dag_etl.py:82} INFO - Complete load drones: 0:00:02.529472
[2023-08-27T12:40:39.193+0000] {dag_etl.py:84} INFO - Loading pilots...
[2023-08-27T12:40:43.262+0000] {dag_etl.py:87} INFO - Complete load drones: 0:00:04.069604
[2023-08-27T12:40:43.262+0000] {dag_etl.py:89} INFO - Loading talents...
[2023-08-27T12:40:45.392+0000] {dag_etl.py:92} INFO - Complete load drones: 0:00:02.130881
[2023-08-27T12:40:45.393+0000] {dag_etl.py:94} INFO - Loading expert_items...
[2023-08-27T12:40:46.832+0000] {dag_etl.py:97} INFO - Complete load drones: 0:00:01.439140
[2023-08-27T12:40:46.832+0000] {dag_etl.py:99} INFO - Complete ETL Users in : 0:00:37.043880
[2023-08-27T12:40:46.917+0000] {python.py:194} INFO - Done. Returned value was: None
[2023-08-27T12:40:46.939+0000] {taskinstance.py:1400} INFO - Marking task as SUCCESS. dag_id=gaas_etl_1, task_id=etl_user, execution_date=20230827T123900, start_date=20230827T124008, end_date=20230827T124046
[2023-08-27T12:40:47.032+0000] {local_task_job_runner.py:228} INFO - Task exited with return code 0
[2023-08-27T12:40:47.075+0000] {taskinstance.py:2784} INFO - 0 downstream tasks scheduled from follow-on schedule check
