[2023-08-26T12:04:03.765+0000] {taskinstance.py:1159} INFO - Dependencies all met for dep_context=non-requeueable deps ti=<TaskInstance: gaas_etl_1.etl_user scheduled__2023-08-26T12:03:00+00:00 [queued]>
[2023-08-26T12:04:03.780+0000] {taskinstance.py:1159} INFO - Dependencies all met for dep_context=requeueable deps ti=<TaskInstance: gaas_etl_1.etl_user scheduled__2023-08-26T12:03:00+00:00 [queued]>
[2023-08-26T12:04:03.780+0000] {taskinstance.py:1361} INFO - Starting attempt 1 of 1
[2023-08-26T12:04:03.807+0000] {taskinstance.py:1382} INFO - Executing <Task(PythonOperator): etl_user> on 2023-08-26 12:03:00+00:00
[2023-08-26T12:04:03.817+0000] {standard_task_runner.py:57} INFO - Started process 310388 to run task
[2023-08-26T12:04:03.831+0000] {standard_task_runner.py:84} INFO - Running: ['airflow', 'tasks', 'run', 'gaas_etl_1', 'etl_user', 'scheduled__2023-08-26T12:03:00+00:00', '--job-id', '1442', '--raw', '--subdir', 'DAGS_FOLDER/dag_etl.py', '--cfg-path', '/tmp/tmpewxqugbj']
[2023-08-26T12:04:03.837+0000] {standard_task_runner.py:85} INFO - Job 1442: Subtask etl_user
[2023-08-26T12:04:04.018+0000] {task_command.py:415} INFO - Running <TaskInstance: gaas_etl_1.etl_user scheduled__2023-08-26T12:03:00+00:00 [running]> on host data-system.us-central1-a.c.data-system-392010.internal
[2023-08-26T12:04:04.308+0000] {taskinstance.py:1660} INFO - Exporting env vars: AIRFLOW_CTX_DAG_EMAIL='hungnm15012002@gmail.com' AIRFLOW_CTX_DAG_OWNER='hungnm' AIRFLOW_CTX_DAG_ID='gaas_etl_1' AIRFLOW_CTX_TASK_ID='etl_user' AIRFLOW_CTX_EXECUTION_DATE='2023-08-26T12:03:00+00:00' AIRFLOW_CTX_TRY_NUMBER='1' AIRFLOW_CTX_DAG_RUN_ID='scheduled__2023-08-26T12:03:00+00:00'
[2023-08-26T12:04:04.336+0000] {dag_etl.py:28} INFO - Extracting user...
[2023-08-26T12:04:09.295+0000] {extract.py:36} INFO - Request time: 0:00:04.957735
[2023-08-26T12:04:09.798+0000] {extract.py:42} INFO - Create DataFrame time: 0:00:00.502656
[2023-08-26T12:04:09.802+0000] {dag_etl.py:31} INFO - Complete extract user: 0:00:05.465222
[2023-08-26T12:04:09.802+0000] {dag_etl.py:33} INFO - Extracting resource...
[2023-08-26T12:04:11.901+0000] {extract.py:36} INFO - Request time: 0:00:02.098329
[2023-08-26T12:04:11.965+0000] {extract.py:42} INFO - Create DataFrame time: 0:00:00.063899
[2023-08-26T12:04:11.968+0000] {dag_etl.py:36} INFO - Complete extract resource: 0:00:02.166517
[2023-08-26T12:04:11.969+0000] {dag_etl.py:38} INFO - Transforming user...
[2023-08-26T12:04:12.197+0000] {dag_etl.py:42} INFO - Complete transform user: 0:00:00.228646
[2023-08-26T12:04:12.197+0000] {dag_etl.py:44} INFO - transform space_ships...
[2023-08-26T12:04:12.378+0000] {dag_etl.py:47} INFO - Complete transform space_ships: 0:00:00.181426
[2023-08-26T12:04:12.379+0000] {dag_etl.py:49} INFO - transform drones...
[2023-08-26T12:04:12.557+0000] {dag_etl.py:52} INFO - Complete transform drones: 0:00:00.178933
[2023-08-26T12:04:12.558+0000] {dag_etl.py:54} INFO - transform pilots...
[2023-08-26T12:04:12.639+0000] {dag_etl.py:57} INFO - Complete transform pilots: 0:00:00.081623
[2023-08-26T12:04:12.639+0000] {dag_etl.py:59} INFO - transform talents...
[2023-08-26T12:04:12.677+0000] {dag_etl.py:62} INFO - Complete transform talents: 0:00:00.037847
[2023-08-26T12:04:12.677+0000] {dag_etl.py:64} INFO - transform expert_items...
[2023-08-26T12:04:12.711+0000] {dag_etl.py:67} INFO - Complete transform expert_items: 0:00:00.033945
[2023-08-26T12:04:12.711+0000] {dag_etl.py:69} INFO - Loading user...
[2023-08-26T12:04:13.800+0000] {dag_etl.py:72} INFO - Complete load user: 0:00:01.089662
[2023-08-26T12:04:13.801+0000] {dag_etl.py:74} INFO - Loading space_ships...
[2023-08-26T12:04:15.841+0000] {dag_etl.py:77} INFO - Complete load space_ships: 0:00:02.040604
[2023-08-26T12:04:15.841+0000] {dag_etl.py:79} INFO - Loading drones...
[2023-08-26T12:04:17.732+0000] {dag_etl.py:82} INFO - Complete load drones: 0:00:01.891412
[2023-08-26T12:04:17.733+0000] {dag_etl.py:84} INFO - Loading pilots...
[2023-08-26T12:04:20.721+0000] {dag_etl.py:87} INFO - Complete load drones: 0:00:02.988675
[2023-08-26T12:04:20.721+0000] {dag_etl.py:89} INFO - Loading talents...
[2023-08-26T12:04:21.894+0000] {dag_etl.py:92} INFO - Complete load drones: 0:00:01.173571
[2023-08-26T12:04:21.895+0000] {dag_etl.py:94} INFO - Loading expert_items...
[2023-08-26T12:04:22.864+0000] {dag_etl.py:97} INFO - Complete load drones: 0:00:00.969647
[2023-08-26T12:04:22.865+0000] {dag_etl.py:99} INFO - Complete ETL Users in : 0:00:18.528313
[2023-08-26T12:04:22.921+0000] {python.py:194} INFO - Done. Returned value was: None
[2023-08-26T12:04:22.950+0000] {taskinstance.py:1400} INFO - Marking task as SUCCESS. dag_id=gaas_etl_1, task_id=etl_user, execution_date=20230826T120300, start_date=20230826T120403, end_date=20230826T120422
[2023-08-26T12:04:23.033+0000] {local_task_job_runner.py:228} INFO - Task exited with return code 0
[2023-08-26T12:04:23.062+0000] {taskinstance.py:2784} INFO - 0 downstream tasks scheduled from follow-on schedule check
