[2023-08-27T09:48:05.941+0000] {taskinstance.py:1159} INFO - Dependencies all met for dep_context=non-requeueable deps ti=<TaskInstance: gaas_etl_1.etl_user scheduled__2023-08-27T09:47:00+00:00 [queued]>
[2023-08-27T09:48:05.956+0000] {taskinstance.py:1159} INFO - Dependencies all met for dep_context=requeueable deps ti=<TaskInstance: gaas_etl_1.etl_user scheduled__2023-08-27T09:47:00+00:00 [queued]>
[2023-08-27T09:48:05.956+0000] {taskinstance.py:1361} INFO - Starting attempt 1 of 1
[2023-08-27T09:48:05.982+0000] {taskinstance.py:1382} INFO - Executing <Task(PythonOperator): etl_user> on 2023-08-27 09:47:00+00:00
[2023-08-27T09:48:05.992+0000] {standard_task_runner.py:57} INFO - Started process 381121 to run task
[2023-08-27T09:48:06.008+0000] {standard_task_runner.py:84} INFO - Running: ['airflow', 'tasks', 'run', 'gaas_etl_1', 'etl_user', 'scheduled__2023-08-27T09:47:00+00:00', '--job-id', '5354', '--raw', '--subdir', 'DAGS_FOLDER/dag_etl.py', '--cfg-path', '/tmp/tmpy2ia45sc']
[2023-08-27T09:48:06.013+0000] {standard_task_runner.py:85} INFO - Job 5354: Subtask etl_user
[2023-08-27T09:48:06.713+0000] {task_command.py:415} INFO - Running <TaskInstance: gaas_etl_1.etl_user scheduled__2023-08-27T09:47:00+00:00 [running]> on host data-system.us-central1-a.c.data-system-392010.internal
[2023-08-27T09:48:07.058+0000] {taskinstance.py:1660} INFO - Exporting env vars: AIRFLOW_CTX_DAG_EMAIL='hungnm15012002@gmail.com' AIRFLOW_CTX_DAG_OWNER='hungnm' AIRFLOW_CTX_DAG_ID='gaas_etl_1' AIRFLOW_CTX_TASK_ID='etl_user' AIRFLOW_CTX_EXECUTION_DATE='2023-08-27T09:47:00+00:00' AIRFLOW_CTX_TRY_NUMBER='1' AIRFLOW_CTX_DAG_RUN_ID='scheduled__2023-08-27T09:47:00+00:00'
[2023-08-27T09:48:07.076+0000] {dag_etl.py:28} INFO - Extracting user...
[2023-08-27T09:48:12.995+0000] {extract.py:36} INFO - Request time: 0:00:05.919054
[2023-08-27T09:48:13.442+0000] {extract.py:42} INFO - Create DataFrame time: 0:00:00.446453
[2023-08-27T09:48:13.446+0000] {dag_etl.py:31} INFO - Complete extract user: 0:00:06.370088
[2023-08-27T09:48:13.447+0000] {dag_etl.py:33} INFO - Extracting resource...
[2023-08-27T09:48:16.291+0000] {extract.py:36} INFO - Request time: 0:00:02.844165
[2023-08-27T09:48:16.372+0000] {extract.py:42} INFO - Create DataFrame time: 0:00:00.079970
[2023-08-27T09:48:16.375+0000] {dag_etl.py:36} INFO - Complete extract resource: 0:00:02.929313
[2023-08-27T09:48:16.376+0000] {dag_etl.py:38} INFO - Transforming user...
[2023-08-27T09:48:16.638+0000] {dag_etl.py:42} INFO - Complete transform user: 0:00:00.263061
[2023-08-27T09:48:16.639+0000] {dag_etl.py:44} INFO - transform space_ships...
[2023-08-27T09:48:16.851+0000] {dag_etl.py:47} INFO - Complete transform space_ships: 0:00:00.212968
[2023-08-27T09:48:16.852+0000] {dag_etl.py:49} INFO - transform drones...
[2023-08-27T09:48:16.984+0000] {dag_etl.py:52} INFO - Complete transform drones: 0:00:00.133292
[2023-08-27T09:48:16.985+0000] {dag_etl.py:54} INFO - transform pilots...
[2023-08-27T09:48:17.078+0000] {dag_etl.py:57} INFO - Complete transform pilots: 0:00:00.094122
[2023-08-27T09:48:17.079+0000] {dag_etl.py:59} INFO - transform talents...
[2023-08-27T09:48:17.124+0000] {dag_etl.py:62} INFO - Complete transform talents: 0:00:00.046013
[2023-08-27T09:48:17.125+0000] {dag_etl.py:64} INFO - transform expert_items...
[2023-08-27T09:48:17.169+0000] {dag_etl.py:67} INFO - Complete transform expert_items: 0:00:00.044785
[2023-08-27T09:48:17.170+0000] {dag_etl.py:69} INFO - Loading user...
[2023-08-27T09:48:18.547+0000] {dag_etl.py:72} INFO - Complete load user: 0:00:01.377830
[2023-08-27T09:48:18.548+0000] {dag_etl.py:74} INFO - Loading space_ships...
[2023-08-27T09:48:20.756+0000] {dag_etl.py:77} INFO - Complete load space_ships: 0:00:02.208864
[2023-08-27T09:48:20.756+0000] {dag_etl.py:79} INFO - Loading drones...
[2023-08-27T09:48:22.543+0000] {dag_etl.py:82} INFO - Complete load drones: 0:00:01.787032
[2023-08-27T09:48:22.544+0000] {dag_etl.py:84} INFO - Loading pilots...
[2023-08-27T09:48:24.925+0000] {dag_etl.py:87} INFO - Complete load drones: 0:00:02.382094
[2023-08-27T09:48:24.925+0000] {dag_etl.py:89} INFO - Loading talents...
[2023-08-27T09:48:26.495+0000] {dag_etl.py:92} INFO - Complete load drones: 0:00:01.570037
[2023-08-27T09:48:26.497+0000] {dag_etl.py:94} INFO - Loading expert_items...
[2023-08-27T09:48:27.621+0000] {dag_etl.py:97} INFO - Complete load drones: 0:00:01.125758
[2023-08-27T09:48:27.621+0000] {dag_etl.py:99} INFO - Complete ETL Users in : 0:00:20.545696
[2023-08-27T09:48:27.649+0000] {python.py:194} INFO - Done. Returned value was: None
[2023-08-27T09:48:27.668+0000] {taskinstance.py:1400} INFO - Marking task as SUCCESS. dag_id=gaas_etl_1, task_id=etl_user, execution_date=20230827T094700, start_date=20230827T094805, end_date=20230827T094827
[2023-08-27T09:48:27.739+0000] {local_task_job_runner.py:228} INFO - Task exited with return code 0
[2023-08-27T09:48:27.769+0000] {taskinstance.py:2784} INFO - 0 downstream tasks scheduled from follow-on schedule check
