[2023-08-26T04:58:02.909+0000] {taskinstance.py:1159} INFO - Dependencies all met for dep_context=non-requeueable deps ti=<TaskInstance: gaas_etl_1.etl_user scheduled__2023-08-26T04:57:00+00:00 [queued]>
[2023-08-26T04:58:02.925+0000] {taskinstance.py:1159} INFO - Dependencies all met for dep_context=requeueable deps ti=<TaskInstance: gaas_etl_1.etl_user scheduled__2023-08-26T04:57:00+00:00 [queued]>
[2023-08-26T04:58:02.926+0000] {taskinstance.py:1361} INFO - Starting attempt 1 of 1
[2023-08-26T04:58:02.951+0000] {taskinstance.py:1382} INFO - Executing <Task(PythonOperator): etl_user> on 2023-08-26 04:57:00+00:00
[2023-08-26T04:58:02.961+0000] {standard_task_runner.py:57} INFO - Started process 280116 to run task
[2023-08-26T04:58:02.976+0000] {standard_task_runner.py:84} INFO - Running: ['airflow', 'tasks', 'run', 'gaas_etl_1', 'etl_user', 'scheduled__2023-08-26T04:57:00+00:00', '--job-id', '163', '--raw', '--subdir', 'DAGS_FOLDER/dag_etl.py', '--cfg-path', '/tmp/tmpht9zx0qj']
[2023-08-26T04:58:02.981+0000] {standard_task_runner.py:85} INFO - Job 163: Subtask etl_user
[2023-08-26T04:58:03.105+0000] {task_command.py:415} INFO - Running <TaskInstance: gaas_etl_1.etl_user scheduled__2023-08-26T04:57:00+00:00 [running]> on host data-system.us-central1-a.c.data-system-392010.internal
[2023-08-26T04:58:03.282+0000] {taskinstance.py:1660} INFO - Exporting env vars: AIRFLOW_CTX_DAG_EMAIL='hungnm15012002@gmail.com' AIRFLOW_CTX_DAG_OWNER='hungnm' AIRFLOW_CTX_DAG_ID='gaas_etl_1' AIRFLOW_CTX_TASK_ID='etl_user' AIRFLOW_CTX_EXECUTION_DATE='2023-08-26T04:57:00+00:00' AIRFLOW_CTX_TRY_NUMBER='1' AIRFLOW_CTX_DAG_RUN_ID='scheduled__2023-08-26T04:57:00+00:00'
[2023-08-26T04:58:03.306+0000] {dag_etl.py:28} INFO - Extracting user...
[2023-08-26T04:58:04.515+0000] {extract.py:36} INFO - Request time: 0:00:01.208605
[2023-08-26T04:58:04.539+0000] {extract.py:42} INFO - Create DataFrame time: 0:00:00.023012
[2023-08-26T04:58:04.541+0000] {dag_etl.py:31} INFO - Complete extract user: 0:00:01.234889
[2023-08-26T04:58:04.541+0000] {dag_etl.py:33} INFO - Extracting resource...
[2023-08-26T04:58:05.261+0000] {extract.py:36} INFO - Request time: 0:00:00.720033
[2023-08-26T04:58:05.269+0000] {extract.py:42} INFO - Create DataFrame time: 0:00:00.007129
[2023-08-26T04:58:05.271+0000] {dag_etl.py:36} INFO - Complete extract resource: 0:00:00.730035
[2023-08-26T04:58:05.272+0000] {dag_etl.py:38} INFO - Transforming user...
[2023-08-26T04:58:05.303+0000] {dag_etl.py:42} INFO - Complete transform user: 0:00:00.032642
[2023-08-26T04:58:05.304+0000] {dag_etl.py:44} INFO - transform space_ships...
[2023-08-26T04:58:05.321+0000] {dag_etl.py:47} INFO - Complete transform space_ships: 0:00:00.017248
[2023-08-26T04:58:05.321+0000] {dag_etl.py:49} INFO - transform drones...
[2023-08-26T04:58:05.333+0000] {dag_etl.py:52} INFO - Complete transform drones: 0:00:00.012551
[2023-08-26T04:58:05.334+0000] {dag_etl.py:54} INFO - transform pilots...
[2023-08-26T04:58:05.342+0000] {dag_etl.py:57} INFO - Complete transform pilots: 0:00:00.008645
[2023-08-26T04:58:05.342+0000] {dag_etl.py:59} INFO - transform talents...
[2023-08-26T04:58:05.348+0000] {dag_etl.py:62} INFO - Complete transform talents: 0:00:00.006606
[2023-08-26T04:58:05.349+0000] {dag_etl.py:64} INFO - transform expert_items...
[2023-08-26T04:58:05.355+0000] {dag_etl.py:67} INFO - Complete transform expert_items: 0:00:00.006276
[2023-08-26T04:58:05.355+0000] {dag_etl.py:69} INFO - Loading user...
[2023-08-26T04:58:05.371+0000] {dag_etl.py:72} INFO - Complete load user: 0:00:00.016082
[2023-08-26T04:58:05.371+0000] {dag_etl.py:74} INFO - Loading space_ships...
[2023-08-26T04:58:05.391+0000] {dag_etl.py:77} INFO - Complete load space_ships: 0:00:00.020054
[2023-08-26T04:58:05.391+0000] {dag_etl.py:79} INFO - Loading drones...
[2023-08-26T04:58:05.404+0000] {dag_etl.py:82} INFO - Complete load drones: 0:00:00.013028
[2023-08-26T04:58:05.404+0000] {dag_etl.py:84} INFO - Loading pilots...
[2023-08-26T04:58:05.433+0000] {dag_etl.py:87} INFO - Complete load drones: 0:00:00.029089
[2023-08-26T04:58:05.433+0000] {dag_etl.py:89} INFO - Loading talents...
[2023-08-26T04:58:05.445+0000] {dag_etl.py:92} INFO - Complete load drones: 0:00:00.011647
[2023-08-26T04:58:05.445+0000] {dag_etl.py:94} INFO - Loading expert_items...
[2023-08-26T04:58:05.448+0000] {dag_etl.py:97} INFO - Complete load drones: 0:00:00.003566
[2023-08-26T04:58:05.449+0000] {dag_etl.py:99} INFO - Complete ETL Users in : 0:00:02.142746
[2023-08-26T04:58:05.450+0000] {python.py:194} INFO - Done. Returned value was: None
[2023-08-26T04:58:05.462+0000] {taskinstance.py:1400} INFO - Marking task as SUCCESS. dag_id=gaas_etl_1, task_id=etl_user, execution_date=20230826T045700, start_date=20230826T045802, end_date=20230826T045805
[2023-08-26T04:58:05.514+0000] {local_task_job_runner.py:228} INFO - Task exited with return code 0
[2023-08-26T04:58:05.538+0000] {taskinstance.py:2784} INFO - 0 downstream tasks scheduled from follow-on schedule check
