[2023-08-26T22:01:05.107+0000] {taskinstance.py:1159} INFO - Dependencies all met for dep_context=non-requeueable deps ti=<TaskInstance: gaas_etl_1.etl_user scheduled__2023-08-26T22:00:00+00:00 [queued]>
[2023-08-26T22:01:05.131+0000] {taskinstance.py:1159} INFO - Dependencies all met for dep_context=requeueable deps ti=<TaskInstance: gaas_etl_1.etl_user scheduled__2023-08-26T22:00:00+00:00 [queued]>
[2023-08-26T22:01:05.132+0000] {taskinstance.py:1361} INFO - Starting attempt 1 of 1
[2023-08-26T22:01:05.167+0000] {taskinstance.py:1382} INFO - Executing <Task(PythonOperator): etl_user> on 2023-08-26 22:00:00+00:00
[2023-08-26T22:01:05.177+0000] {standard_task_runner.py:57} INFO - Started process 334062 to run task
[2023-08-26T22:01:05.194+0000] {standard_task_runner.py:84} INFO - Running: ['airflow', 'tasks', 'run', 'gaas_etl_1', 'etl_user', 'scheduled__2023-08-26T22:00:00+00:00', '--job-id', '3232', '--raw', '--subdir', 'DAGS_FOLDER/dag_etl.py', '--cfg-path', '/tmp/tmpp6sjyum0']
[2023-08-26T22:01:05.200+0000] {standard_task_runner.py:85} INFO - Job 3232: Subtask etl_user
[2023-08-26T22:01:05.876+0000] {task_command.py:415} INFO - Running <TaskInstance: gaas_etl_1.etl_user scheduled__2023-08-26T22:00:00+00:00 [running]> on host data-system.us-central1-a.c.data-system-392010.internal
[2023-08-26T22:01:06.270+0000] {taskinstance.py:1660} INFO - Exporting env vars: AIRFLOW_CTX_DAG_EMAIL='hungnm15012002@gmail.com' AIRFLOW_CTX_DAG_OWNER='hungnm' AIRFLOW_CTX_DAG_ID='gaas_etl_1' AIRFLOW_CTX_TASK_ID='etl_user' AIRFLOW_CTX_EXECUTION_DATE='2023-08-26T22:00:00+00:00' AIRFLOW_CTX_TRY_NUMBER='1' AIRFLOW_CTX_DAG_RUN_ID='scheduled__2023-08-26T22:00:00+00:00'
[2023-08-26T22:01:06.298+0000] {dag_etl.py:28} INFO - Extracting user...
[2023-08-26T22:01:09.722+0000] {extract.py:36} INFO - Request time: 0:00:03.423402
[2023-08-26T22:01:09.859+0000] {extract.py:42} INFO - Create DataFrame time: 0:00:00.137110
[2023-08-26T22:01:09.863+0000] {dag_etl.py:31} INFO - Complete extract user: 0:00:03.564990
[2023-08-26T22:01:09.863+0000] {dag_etl.py:33} INFO - Extracting resource...
[2023-08-26T22:01:11.567+0000] {extract.py:36} INFO - Request time: 0:00:01.704130
[2023-08-26T22:01:11.721+0000] {extract.py:42} INFO - Create DataFrame time: 0:00:00.152758
[2023-08-26T22:01:11.729+0000] {dag_etl.py:36} INFO - Complete extract resource: 0:00:01.866647
[2023-08-26T22:01:11.737+0000] {dag_etl.py:38} INFO - Transforming user...
[2023-08-26T22:01:12.061+0000] {dag_etl.py:42} INFO - Complete transform user: 0:00:00.331784
[2023-08-26T22:01:12.061+0000] {dag_etl.py:44} INFO - transform space_ships...
[2023-08-26T22:01:12.249+0000] {dag_etl.py:47} INFO - Complete transform space_ships: 0:00:00.187774
[2023-08-26T22:01:12.249+0000] {dag_etl.py:49} INFO - transform drones...
[2023-08-26T22:01:12.409+0000] {dag_etl.py:52} INFO - Complete transform drones: 0:00:00.160222
[2023-08-26T22:01:12.409+0000] {dag_etl.py:54} INFO - transform pilots...
[2023-08-26T22:01:12.522+0000] {dag_etl.py:57} INFO - Complete transform pilots: 0:00:00.112788
[2023-08-26T22:01:12.522+0000] {dag_etl.py:59} INFO - transform talents...
[2023-08-26T22:01:12.613+0000] {dag_etl.py:62} INFO - Complete transform talents: 0:00:00.090964
[2023-08-26T22:01:12.613+0000] {dag_etl.py:64} INFO - transform expert_items...
[2023-08-26T22:01:12.683+0000] {dag_etl.py:67} INFO - Complete transform expert_items: 0:00:00.070105
[2023-08-26T22:01:12.686+0000] {dag_etl.py:69} INFO - Loading user...
[2023-08-26T22:01:13.481+0000] {dag_etl.py:72} INFO - Complete load user: 0:00:00.797764
[2023-08-26T22:01:13.481+0000] {dag_etl.py:74} INFO - Loading space_ships...
[2023-08-26T22:01:14.438+0000] {dag_etl.py:77} INFO - Complete load space_ships: 0:00:00.957850
[2023-08-26T22:01:14.439+0000] {dag_etl.py:79} INFO - Loading drones...
[2023-08-26T22:01:15.368+0000] {dag_etl.py:82} INFO - Complete load drones: 0:00:00.929455
[2023-08-26T22:01:15.368+0000] {dag_etl.py:84} INFO - Loading pilots...
[2023-08-26T22:01:17.218+0000] {dag_etl.py:87} INFO - Complete load drones: 0:00:01.849783
[2023-08-26T22:01:17.218+0000] {dag_etl.py:89} INFO - Loading talents...
[2023-08-26T22:01:18.339+0000] {dag_etl.py:92} INFO - Complete load drones: 0:00:01.121385
[2023-08-26T22:01:18.339+0000] {dag_etl.py:94} INFO - Loading expert_items...
[2023-08-26T22:01:19.021+0000] {dag_etl.py:97} INFO - Complete load drones: 0:00:00.681610
[2023-08-26T22:01:19.022+0000] {dag_etl.py:99} INFO - Complete ETL Users in : 0:00:12.724094
[2023-08-26T22:01:19.040+0000] {python.py:194} INFO - Done. Returned value was: None
[2023-08-26T22:01:19.063+0000] {taskinstance.py:1400} INFO - Marking task as SUCCESS. dag_id=gaas_etl_1, task_id=etl_user, execution_date=20230826T220000, start_date=20230826T220105, end_date=20230826T220119
[2023-08-26T22:01:19.154+0000] {local_task_job_runner.py:228} INFO - Task exited with return code 0
[2023-08-26T22:01:19.202+0000] {taskinstance.py:2784} INFO - 0 downstream tasks scheduled from follow-on schedule check
