[2023-08-27T22:58:07.073+0000] {taskinstance.py:1159} INFO - Dependencies all met for dep_context=non-requeueable deps ti=<TaskInstance: gaas_etl_1.etl_user scheduled__2023-08-27T22:57:00+00:00 [queued]>
[2023-08-27T22:58:07.088+0000] {taskinstance.py:1159} INFO - Dependencies all met for dep_context=requeueable deps ti=<TaskInstance: gaas_etl_1.etl_user scheduled__2023-08-27T22:57:00+00:00 [queued]>
[2023-08-27T22:58:07.089+0000] {taskinstance.py:1361} INFO - Starting attempt 1 of 1
[2023-08-27T22:58:07.118+0000] {taskinstance.py:1382} INFO - Executing <Task(PythonOperator): etl_user> on 2023-08-27 22:57:00+00:00
[2023-08-27T22:58:07.128+0000] {standard_task_runner.py:57} INFO - Started process 470477 to run task
[2023-08-27T22:58:07.141+0000] {standard_task_runner.py:84} INFO - Running: ['airflow', 'tasks', 'run', 'gaas_etl_1', 'etl_user', 'scheduled__2023-08-27T22:57:00+00:00', '--job-id', '7724', '--raw', '--subdir', 'DAGS_FOLDER/dag_etl.py', '--cfg-path', '/tmp/tmpdrg7t0w7']
[2023-08-27T22:58:07.148+0000] {standard_task_runner.py:85} INFO - Job 7724: Subtask etl_user
[2023-08-27T22:58:07.664+0000] {task_command.py:415} INFO - Running <TaskInstance: gaas_etl_1.etl_user scheduled__2023-08-27T22:57:00+00:00 [running]> on host data-system.us-central1-a.c.data-system-392010.internal
[2023-08-27T22:58:08.785+0000] {taskinstance.py:1660} INFO - Exporting env vars: AIRFLOW_CTX_DAG_EMAIL='hungnm15012002@gmail.com' AIRFLOW_CTX_DAG_OWNER='hungnm' AIRFLOW_CTX_DAG_ID='gaas_etl_1' AIRFLOW_CTX_TASK_ID='etl_user' AIRFLOW_CTX_EXECUTION_DATE='2023-08-27T22:57:00+00:00' AIRFLOW_CTX_TRY_NUMBER='1' AIRFLOW_CTX_DAG_RUN_ID='scheduled__2023-08-27T22:57:00+00:00'
[2023-08-27T22:58:08.850+0000] {dag_etl.py:28} INFO - Extracting user...
[2023-08-27T22:58:12.813+0000] {extract.py:36} INFO - Request time: 0:00:03.962613
[2023-08-27T22:58:13.183+0000] {extract.py:42} INFO - Create DataFrame time: 0:00:00.369911
[2023-08-27T22:58:13.186+0000] {dag_etl.py:31} INFO - Complete extract user: 0:00:04.336857
[2023-08-27T22:58:13.187+0000] {dag_etl.py:33} INFO - Extracting resource...
[2023-08-27T22:58:14.963+0000] {extract.py:36} INFO - Request time: 0:00:01.775656
[2023-08-27T22:58:15.017+0000] {extract.py:42} INFO - Create DataFrame time: 0:00:00.053445
[2023-08-27T22:58:15.020+0000] {dag_etl.py:36} INFO - Complete extract resource: 0:00:01.834044
[2023-08-27T22:58:15.022+0000] {dag_etl.py:38} INFO - Transforming user...
[2023-08-27T22:58:15.118+0000] {dag_etl.py:42} INFO - Complete transform user: 0:00:00.097679
[2023-08-27T22:58:15.119+0000] {dag_etl.py:44} INFO - transform space_ships...
[2023-08-27T22:58:15.198+0000] {dag_etl.py:47} INFO - Complete transform space_ships: 0:00:00.079547
[2023-08-27T22:58:15.198+0000] {dag_etl.py:49} INFO - transform drones...
[2023-08-27T22:58:15.239+0000] {dag_etl.py:52} INFO - Complete transform drones: 0:00:00.041719
[2023-08-27T22:58:15.240+0000] {dag_etl.py:54} INFO - transform pilots...
[2023-08-27T22:58:15.272+0000] {dag_etl.py:57} INFO - Complete transform pilots: 0:00:00.033009
[2023-08-27T22:58:15.273+0000] {dag_etl.py:59} INFO - transform talents...
[2023-08-27T22:58:15.289+0000] {dag_etl.py:62} INFO - Complete transform talents: 0:00:00.016815
[2023-08-27T22:58:15.290+0000] {dag_etl.py:64} INFO - transform expert_items...
[2023-08-27T22:58:15.304+0000] {dag_etl.py:67} INFO - Complete transform expert_items: 0:00:00.014993
[2023-08-27T22:58:15.305+0000] {dag_etl.py:69} INFO - Loading user...
[2023-08-27T22:58:15.931+0000] {dag_etl.py:72} INFO - Complete load user: 0:00:00.626506
[2023-08-27T22:58:15.931+0000] {dag_etl.py:74} INFO - Loading space_ships...
[2023-08-27T22:58:16.784+0000] {dag_etl.py:77} INFO - Complete load space_ships: 0:00:00.853122
[2023-08-27T22:58:16.784+0000] {dag_etl.py:79} INFO - Loading drones...
[2023-08-27T22:58:17.507+0000] {dag_etl.py:82} INFO - Complete load drones: 0:00:00.723104
[2023-08-27T22:58:17.507+0000] {dag_etl.py:84} INFO - Loading pilots...
[2023-08-27T22:58:18.897+0000] {dag_etl.py:87} INFO - Complete load drones: 0:00:01.390455
[2023-08-27T22:58:18.898+0000] {dag_etl.py:89} INFO - Loading talents...
[2023-08-27T22:58:19.661+0000] {dag_etl.py:92} INFO - Complete load drones: 0:00:00.763263
[2023-08-27T22:58:19.661+0000] {dag_etl.py:94} INFO - Loading expert_items...
[2023-08-27T22:58:20.229+0000] {dag_etl.py:97} INFO - Complete load drones: 0:00:00.568730
[2023-08-27T22:58:20.230+0000] {dag_etl.py:99} INFO - Complete ETL Users in : 0:00:11.380394
[2023-08-27T22:58:20.257+0000] {python.py:194} INFO - Done. Returned value was: None
[2023-08-27T22:58:20.288+0000] {taskinstance.py:1400} INFO - Marking task as SUCCESS. dag_id=gaas_etl_1, task_id=etl_user, execution_date=20230827T225700, start_date=20230827T225807, end_date=20230827T225820
[2023-08-27T22:58:20.367+0000] {local_task_job_runner.py:228} INFO - Task exited with return code 0
[2023-08-27T22:58:20.405+0000] {taskinstance.py:2784} INFO - 0 downstream tasks scheduled from follow-on schedule check
