[2023-08-27T03:49:05.858+0000] {taskinstance.py:1159} INFO - Dependencies all met for dep_context=non-requeueable deps ti=<TaskInstance: gaas_etl_1.etl_user scheduled__2023-08-27T03:48:00+00:00 [queued]>
[2023-08-27T03:49:05.878+0000] {taskinstance.py:1159} INFO - Dependencies all met for dep_context=requeueable deps ti=<TaskInstance: gaas_etl_1.etl_user scheduled__2023-08-27T03:48:00+00:00 [queued]>
[2023-08-27T03:49:05.881+0000] {taskinstance.py:1361} INFO - Starting attempt 1 of 1
[2023-08-27T03:49:05.915+0000] {taskinstance.py:1382} INFO - Executing <Task(PythonOperator): etl_user> on 2023-08-27 03:48:00+00:00
[2023-08-27T03:49:05.922+0000] {standard_task_runner.py:57} INFO - Started process 357214 to run task
[2023-08-27T03:49:05.930+0000] {standard_task_runner.py:84} INFO - Running: ['airflow', 'tasks', 'run', 'gaas_etl_1', 'etl_user', 'scheduled__2023-08-27T03:48:00+00:00', '--job-id', '4276', '--raw', '--subdir', 'DAGS_FOLDER/dag_etl.py', '--cfg-path', '/tmp/tmpvkc5_bqa']
[2023-08-27T03:49:05.936+0000] {standard_task_runner.py:85} INFO - Job 4276: Subtask etl_user
[2023-08-27T03:49:06.505+0000] {task_command.py:415} INFO - Running <TaskInstance: gaas_etl_1.etl_user scheduled__2023-08-27T03:48:00+00:00 [running]> on host data-system.us-central1-a.c.data-system-392010.internal
[2023-08-27T03:49:07.409+0000] {taskinstance.py:1660} INFO - Exporting env vars: AIRFLOW_CTX_DAG_EMAIL='hungnm15012002@gmail.com' AIRFLOW_CTX_DAG_OWNER='hungnm' AIRFLOW_CTX_DAG_ID='gaas_etl_1' AIRFLOW_CTX_TASK_ID='etl_user' AIRFLOW_CTX_EXECUTION_DATE='2023-08-27T03:48:00+00:00' AIRFLOW_CTX_TRY_NUMBER='1' AIRFLOW_CTX_DAG_RUN_ID='scheduled__2023-08-27T03:48:00+00:00'
[2023-08-27T03:49:07.444+0000] {dag_etl.py:28} INFO - Extracting user...
[2023-08-27T03:49:10.739+0000] {extract.py:36} INFO - Request time: 0:00:03.292058
[2023-08-27T03:49:10.905+0000] {extract.py:42} INFO - Create DataFrame time: 0:00:00.165168
[2023-08-27T03:49:10.908+0000] {dag_etl.py:31} INFO - Complete extract user: 0:00:03.464184
[2023-08-27T03:49:10.909+0000] {dag_etl.py:33} INFO - Extracting resource...
[2023-08-27T03:49:12.418+0000] {extract.py:36} INFO - Request time: 0:00:01.508446
[2023-08-27T03:49:12.473+0000] {extract.py:42} INFO - Create DataFrame time: 0:00:00.054300
[2023-08-27T03:49:12.477+0000] {dag_etl.py:36} INFO - Complete extract resource: 0:00:01.568730
[2023-08-27T03:49:12.479+0000] {dag_etl.py:38} INFO - Transforming user...
[2023-08-27T03:49:12.669+0000] {dag_etl.py:42} INFO - Complete transform user: 0:00:00.191802
[2023-08-27T03:49:12.670+0000] {dag_etl.py:44} INFO - transform space_ships...
[2023-08-27T03:49:12.876+0000] {dag_etl.py:47} INFO - Complete transform space_ships: 0:00:00.207355
[2023-08-27T03:49:12.877+0000] {dag_etl.py:49} INFO - transform drones...
[2023-08-27T03:49:13.080+0000] {dag_etl.py:52} INFO - Complete transform drones: 0:00:00.203440
[2023-08-27T03:49:13.081+0000] {dag_etl.py:54} INFO - transform pilots...
[2023-08-27T03:49:13.169+0000] {dag_etl.py:57} INFO - Complete transform pilots: 0:00:00.089218
[2023-08-27T03:49:13.170+0000] {dag_etl.py:59} INFO - transform talents...
[2023-08-27T03:49:13.202+0000] {dag_etl.py:62} INFO - Complete transform talents: 0:00:00.033426
[2023-08-27T03:49:13.203+0000] {dag_etl.py:64} INFO - transform expert_items...
[2023-08-27T03:49:13.239+0000] {dag_etl.py:67} INFO - Complete transform expert_items: 0:00:00.036828
[2023-08-27T03:49:13.240+0000] {dag_etl.py:69} INFO - Loading user...
[2023-08-27T03:49:14.093+0000] {dag_etl.py:72} INFO - Complete load user: 0:00:00.854188
[2023-08-27T03:49:14.094+0000] {dag_etl.py:74} INFO - Loading space_ships...
[2023-08-27T03:49:15.358+0000] {dag_etl.py:77} INFO - Complete load space_ships: 0:00:01.264499
[2023-08-27T03:49:15.358+0000] {dag_etl.py:79} INFO - Loading drones...
[2023-08-27T03:49:16.670+0000] {dag_etl.py:82} INFO - Complete load drones: 0:00:01.312153
[2023-08-27T03:49:16.671+0000] {dag_etl.py:84} INFO - Loading pilots...
[2023-08-27T03:49:18.570+0000] {dag_etl.py:87} INFO - Complete load drones: 0:00:01.900590
[2023-08-27T03:49:18.571+0000] {dag_etl.py:89} INFO - Loading talents...
[2023-08-27T03:49:19.703+0000] {dag_etl.py:92} INFO - Complete load drones: 0:00:01.132712
[2023-08-27T03:49:19.704+0000] {dag_etl.py:94} INFO - Loading expert_items...
[2023-08-27T03:49:20.540+0000] {dag_etl.py:97} INFO - Complete load drones: 0:00:00.836756
[2023-08-27T03:49:20.541+0000] {dag_etl.py:99} INFO - Complete ETL Users in : 0:00:13.096762
[2023-08-27T03:49:20.572+0000] {python.py:194} INFO - Done. Returned value was: None
[2023-08-27T03:49:20.604+0000] {taskinstance.py:1400} INFO - Marking task as SUCCESS. dag_id=gaas_etl_1, task_id=etl_user, execution_date=20230827T034800, start_date=20230827T034905, end_date=20230827T034920
[2023-08-27T03:49:20.697+0000] {local_task_job_runner.py:228} INFO - Task exited with return code 0
[2023-08-27T03:49:20.749+0000] {taskinstance.py:2784} INFO - 0 downstream tasks scheduled from follow-on schedule check
