[2023-08-27T06:39:06.551+0000] {taskinstance.py:1159} INFO - Dependencies all met for dep_context=non-requeueable deps ti=<TaskInstance: gaas_etl_1.etl_user scheduled__2023-08-27T06:38:00+00:00 [queued]>
[2023-08-27T06:39:06.574+0000] {taskinstance.py:1159} INFO - Dependencies all met for dep_context=requeueable deps ti=<TaskInstance: gaas_etl_1.etl_user scheduled__2023-08-27T06:38:00+00:00 [queued]>
[2023-08-27T06:39:06.574+0000] {taskinstance.py:1361} INFO - Starting attempt 1 of 1
[2023-08-27T06:39:06.608+0000] {taskinstance.py:1382} INFO - Executing <Task(PythonOperator): etl_user> on 2023-08-27 06:38:00+00:00
[2023-08-27T06:39:06.618+0000] {standard_task_runner.py:57} INFO - Started process 373640 to run task
[2023-08-27T06:39:06.634+0000] {standard_task_runner.py:84} INFO - Running: ['airflow', 'tasks', 'run', 'gaas_etl_1', 'etl_user', 'scheduled__2023-08-27T06:38:00+00:00', '--job-id', '4787', '--raw', '--subdir', 'DAGS_FOLDER/dag_etl.py', '--cfg-path', '/tmp/tmpd200gszg']
[2023-08-27T06:39:06.641+0000] {standard_task_runner.py:85} INFO - Job 4787: Subtask etl_user
[2023-08-27T06:39:06.993+0000] {task_command.py:415} INFO - Running <TaskInstance: gaas_etl_1.etl_user scheduled__2023-08-27T06:38:00+00:00 [running]> on host data-system.us-central1-a.c.data-system-392010.internal
[2023-08-27T06:39:07.684+0000] {taskinstance.py:1660} INFO - Exporting env vars: AIRFLOW_CTX_DAG_EMAIL='hungnm15012002@gmail.com' AIRFLOW_CTX_DAG_OWNER='hungnm' AIRFLOW_CTX_DAG_ID='gaas_etl_1' AIRFLOW_CTX_TASK_ID='etl_user' AIRFLOW_CTX_EXECUTION_DATE='2023-08-27T06:38:00+00:00' AIRFLOW_CTX_TRY_NUMBER='1' AIRFLOW_CTX_DAG_RUN_ID='scheduled__2023-08-27T06:38:00+00:00'
[2023-08-27T06:39:07.717+0000] {dag_etl.py:28} INFO - Extracting user...
[2023-08-27T06:39:11.303+0000] {extract.py:36} INFO - Request time: 0:00:03.585751
[2023-08-27T06:39:11.464+0000] {extract.py:42} INFO - Create DataFrame time: 0:00:00.160636
[2023-08-27T06:39:11.468+0000] {dag_etl.py:31} INFO - Complete extract user: 0:00:03.751336
[2023-08-27T06:39:11.468+0000] {dag_etl.py:33} INFO - Extracting resource...
[2023-08-27T06:39:13.349+0000] {extract.py:36} INFO - Request time: 0:00:01.879887
[2023-08-27T06:39:13.392+0000] {extract.py:42} INFO - Create DataFrame time: 0:00:00.043199
[2023-08-27T06:39:13.397+0000] {dag_etl.py:36} INFO - Complete extract resource: 0:00:01.928959
[2023-08-27T06:39:13.399+0000] {dag_etl.py:38} INFO - Transforming user...
[2023-08-27T06:39:13.567+0000] {dag_etl.py:42} INFO - Complete transform user: 0:00:00.169917
[2023-08-27T06:39:13.568+0000] {dag_etl.py:44} INFO - transform space_ships...
[2023-08-27T06:39:13.729+0000] {dag_etl.py:47} INFO - Complete transform space_ships: 0:00:00.162151
[2023-08-27T06:39:13.730+0000] {dag_etl.py:49} INFO - transform drones...
[2023-08-27T06:39:13.813+0000] {dag_etl.py:52} INFO - Complete transform drones: 0:00:00.083655
[2023-08-27T06:39:13.813+0000] {dag_etl.py:54} INFO - transform pilots...
[2023-08-27T06:39:13.864+0000] {dag_etl.py:57} INFO - Complete transform pilots: 0:00:00.051207
[2023-08-27T06:39:13.864+0000] {dag_etl.py:59} INFO - transform talents...
[2023-08-27T06:39:13.891+0000] {dag_etl.py:62} INFO - Complete transform talents: 0:00:00.027685
[2023-08-27T06:39:13.892+0000] {dag_etl.py:64} INFO - transform expert_items...
[2023-08-27T06:39:13.919+0000] {dag_etl.py:67} INFO - Complete transform expert_items: 0:00:00.027203
[2023-08-27T06:39:13.919+0000] {dag_etl.py:69} INFO - Loading user...
[2023-08-27T06:39:14.759+0000] {dag_etl.py:72} INFO - Complete load user: 0:00:00.840407
[2023-08-27T06:39:14.760+0000] {dag_etl.py:74} INFO - Loading space_ships...
[2023-08-27T06:39:15.887+0000] {dag_etl.py:77} INFO - Complete load space_ships: 0:00:01.127892
[2023-08-27T06:39:15.888+0000] {dag_etl.py:79} INFO - Loading drones...
[2023-08-27T06:39:16.981+0000] {dag_etl.py:82} INFO - Complete load drones: 0:00:01.093585
[2023-08-27T06:39:16.981+0000] {dag_etl.py:84} INFO - Loading pilots...
[2023-08-27T06:39:18.440+0000] {dag_etl.py:87} INFO - Complete load drones: 0:00:01.459708
[2023-08-27T06:39:18.441+0000] {dag_etl.py:89} INFO - Loading talents...
[2023-08-27T06:39:19.323+0000] {dag_etl.py:92} INFO - Complete load drones: 0:00:00.882386
[2023-08-27T06:39:19.323+0000] {dag_etl.py:94} INFO - Loading expert_items...
[2023-08-27T06:39:20.011+0000] {dag_etl.py:97} INFO - Complete load drones: 0:00:00.688165
[2023-08-27T06:39:20.011+0000] {dag_etl.py:99} INFO - Complete ETL Users in : 0:00:12.294853
[2023-08-27T06:39:20.027+0000] {python.py:194} INFO - Done. Returned value was: None
[2023-08-27T06:39:20.047+0000] {taskinstance.py:1400} INFO - Marking task as SUCCESS. dag_id=gaas_etl_1, task_id=etl_user, execution_date=20230827T063800, start_date=20230827T063906, end_date=20230827T063920
[2023-08-27T06:39:20.095+0000] {local_task_job_runner.py:228} INFO - Task exited with return code 0
[2023-08-27T06:39:20.127+0000] {taskinstance.py:2784} INFO - 0 downstream tasks scheduled from follow-on schedule check
