[2023-08-26T21:31:04.158+0000] {taskinstance.py:1159} INFO - Dependencies all met for dep_context=non-requeueable deps ti=<TaskInstance: gaas_etl_1.etl_user scheduled__2023-08-26T21:30:00+00:00 [queued]>
[2023-08-26T21:31:04.176+0000] {taskinstance.py:1159} INFO - Dependencies all met for dep_context=requeueable deps ti=<TaskInstance: gaas_etl_1.etl_user scheduled__2023-08-26T21:30:00+00:00 [queued]>
[2023-08-26T21:31:04.177+0000] {taskinstance.py:1361} INFO - Starting attempt 1 of 1
[2023-08-26T21:31:04.205+0000] {taskinstance.py:1382} INFO - Executing <Task(PythonOperator): etl_user> on 2023-08-26 21:30:00+00:00
[2023-08-26T21:31:04.215+0000] {standard_task_runner.py:57} INFO - Started process 332889 to run task
[2023-08-26T21:31:04.224+0000] {standard_task_runner.py:84} INFO - Running: ['airflow', 'tasks', 'run', 'gaas_etl_1', 'etl_user', 'scheduled__2023-08-26T21:30:00+00:00', '--job-id', '3142', '--raw', '--subdir', 'DAGS_FOLDER/dag_etl.py', '--cfg-path', '/tmp/tmpi5d3pjrd']
[2023-08-26T21:31:04.230+0000] {standard_task_runner.py:85} INFO - Job 3142: Subtask etl_user
[2023-08-26T21:31:04.788+0000] {task_command.py:415} INFO - Running <TaskInstance: gaas_etl_1.etl_user scheduled__2023-08-26T21:30:00+00:00 [running]> on host data-system.us-central1-a.c.data-system-392010.internal
[2023-08-26T21:31:05.120+0000] {taskinstance.py:1660} INFO - Exporting env vars: AIRFLOW_CTX_DAG_EMAIL='hungnm15012002@gmail.com' AIRFLOW_CTX_DAG_OWNER='hungnm' AIRFLOW_CTX_DAG_ID='gaas_etl_1' AIRFLOW_CTX_TASK_ID='etl_user' AIRFLOW_CTX_EXECUTION_DATE='2023-08-26T21:30:00+00:00' AIRFLOW_CTX_TRY_NUMBER='1' AIRFLOW_CTX_DAG_RUN_ID='scheduled__2023-08-26T21:30:00+00:00'
[2023-08-26T21:31:05.151+0000] {dag_etl.py:28} INFO - Extracting user...
[2023-08-26T21:31:08.355+0000] {extract.py:36} INFO - Request time: 0:00:03.203154
[2023-08-26T21:31:08.516+0000] {extract.py:42} INFO - Create DataFrame time: 0:00:00.160568
[2023-08-26T21:31:08.519+0000] {dag_etl.py:31} INFO - Complete extract user: 0:00:03.368141
[2023-08-26T21:31:08.520+0000] {dag_etl.py:33} INFO - Extracting resource...
[2023-08-26T21:31:09.192+0000] {extract.py:36} INFO - Request time: 0:00:00.672409
[2023-08-26T21:31:09.229+0000] {extract.py:42} INFO - Create DataFrame time: 0:00:00.035588
[2023-08-26T21:31:09.232+0000] {dag_etl.py:36} INFO - Complete extract resource: 0:00:00.712995
[2023-08-26T21:31:09.234+0000] {dag_etl.py:38} INFO - Transforming user...
[2023-08-26T21:31:09.361+0000] {dag_etl.py:42} INFO - Complete transform user: 0:00:00.129096
[2023-08-26T21:31:09.362+0000] {dag_etl.py:44} INFO - transform space_ships...
[2023-08-26T21:31:09.425+0000] {dag_etl.py:47} INFO - Complete transform space_ships: 0:00:00.063996
[2023-08-26T21:31:09.426+0000] {dag_etl.py:49} INFO - transform drones...
[2023-08-26T21:31:09.471+0000] {dag_etl.py:52} INFO - Complete transform drones: 0:00:00.045432
[2023-08-26T21:31:09.471+0000] {dag_etl.py:54} INFO - transform pilots...
[2023-08-26T21:31:09.501+0000] {dag_etl.py:57} INFO - Complete transform pilots: 0:00:00.030172
[2023-08-26T21:31:09.501+0000] {dag_etl.py:59} INFO - transform talents...
[2023-08-26T21:31:09.517+0000] {dag_etl.py:62} INFO - Complete transform talents: 0:00:00.016277
[2023-08-26T21:31:09.517+0000] {dag_etl.py:64} INFO - transform expert_items...
[2023-08-26T21:31:09.531+0000] {dag_etl.py:67} INFO - Complete transform expert_items: 0:00:00.014143
[2023-08-26T21:31:09.532+0000] {dag_etl.py:69} INFO - Loading user...
[2023-08-26T21:31:10.244+0000] {dag_etl.py:72} INFO - Complete load user: 0:00:00.712221
[2023-08-26T21:31:10.244+0000] {dag_etl.py:74} INFO - Loading space_ships...
[2023-08-26T21:31:11.175+0000] {dag_etl.py:77} INFO - Complete load space_ships: 0:00:00.931657
[2023-08-26T21:31:11.176+0000] {dag_etl.py:79} INFO - Loading drones...
[2023-08-26T21:31:12.436+0000] {dag_etl.py:82} INFO - Complete load drones: 0:00:01.260900
[2023-08-26T21:31:12.437+0000] {dag_etl.py:84} INFO - Loading pilots...
[2023-08-26T21:31:14.280+0000] {dag_etl.py:87} INFO - Complete load drones: 0:00:01.843695
[2023-08-26T21:31:14.280+0000] {dag_etl.py:89} INFO - Loading talents...
[2023-08-26T21:31:15.478+0000] {dag_etl.py:92} INFO - Complete load drones: 0:00:01.198392
[2023-08-26T21:31:15.479+0000] {dag_etl.py:94} INFO - Loading expert_items...
[2023-08-26T21:31:16.219+0000] {dag_etl.py:97} INFO - Complete load drones: 0:00:00.740593
[2023-08-26T21:31:16.219+0000] {dag_etl.py:99} INFO - Complete ETL Users in : 0:00:11.068445
[2023-08-26T21:31:16.240+0000] {python.py:194} INFO - Done. Returned value was: None
[2023-08-26T21:31:16.260+0000] {taskinstance.py:1400} INFO - Marking task as SUCCESS. dag_id=gaas_etl_1, task_id=etl_user, execution_date=20230826T213000, start_date=20230826T213104, end_date=20230826T213116
[2023-08-26T21:31:16.325+0000] {local_task_job_runner.py:228} INFO - Task exited with return code 0
[2023-08-26T21:31:16.355+0000] {taskinstance.py:2784} INFO - 0 downstream tasks scheduled from follow-on schedule check
