[2023-08-26T20:50:07.269+0000] {taskinstance.py:1159} INFO - Dependencies all met for dep_context=non-requeueable deps ti=<TaskInstance: gaas_etl_1.etl_user scheduled__2023-08-26T20:49:00+00:00 [queued]>
[2023-08-26T20:50:07.284+0000] {taskinstance.py:1159} INFO - Dependencies all met for dep_context=requeueable deps ti=<TaskInstance: gaas_etl_1.etl_user scheduled__2023-08-26T20:49:00+00:00 [queued]>
[2023-08-26T20:50:07.285+0000] {taskinstance.py:1361} INFO - Starting attempt 1 of 1
[2023-08-26T20:50:07.316+0000] {taskinstance.py:1382} INFO - Executing <Task(PythonOperator): etl_user> on 2023-08-26 20:49:00+00:00
[2023-08-26T20:50:07.325+0000] {standard_task_runner.py:57} INFO - Started process 331229 to run task
[2023-08-26T20:50:07.344+0000] {standard_task_runner.py:84} INFO - Running: ['airflow', 'tasks', 'run', 'gaas_etl_1', 'etl_user', 'scheduled__2023-08-26T20:49:00+00:00', '--job-id', '3020', '--raw', '--subdir', 'DAGS_FOLDER/dag_etl.py', '--cfg-path', '/tmp/tmpxxwyt31w']
[2023-08-26T20:50:07.350+0000] {standard_task_runner.py:85} INFO - Job 3020: Subtask etl_user
[2023-08-26T20:50:07.970+0000] {task_command.py:415} INFO - Running <TaskInstance: gaas_etl_1.etl_user scheduled__2023-08-26T20:49:00+00:00 [running]> on host data-system.us-central1-a.c.data-system-392010.internal
[2023-08-26T20:50:08.284+0000] {taskinstance.py:1660} INFO - Exporting env vars: AIRFLOW_CTX_DAG_EMAIL='hungnm15012002@gmail.com' AIRFLOW_CTX_DAG_OWNER='hungnm' AIRFLOW_CTX_DAG_ID='gaas_etl_1' AIRFLOW_CTX_TASK_ID='etl_user' AIRFLOW_CTX_EXECUTION_DATE='2023-08-26T20:49:00+00:00' AIRFLOW_CTX_TRY_NUMBER='1' AIRFLOW_CTX_DAG_RUN_ID='scheduled__2023-08-26T20:49:00+00:00'
[2023-08-26T20:50:08.305+0000] {dag_etl.py:28} INFO - Extracting user...
[2023-08-26T20:50:11.800+0000] {extract.py:36} INFO - Request time: 0:00:03.494156
[2023-08-26T20:50:12.046+0000] {extract.py:42} INFO - Create DataFrame time: 0:00:00.245311
[2023-08-26T20:50:12.050+0000] {dag_etl.py:31} INFO - Complete extract user: 0:00:03.744749
[2023-08-26T20:50:12.051+0000] {dag_etl.py:33} INFO - Extracting resource...
[2023-08-26T20:50:13.631+0000] {extract.py:36} INFO - Request time: 0:00:01.579855
[2023-08-26T20:50:13.675+0000] {extract.py:42} INFO - Create DataFrame time: 0:00:00.043084
[2023-08-26T20:50:13.677+0000] {dag_etl.py:36} INFO - Complete extract resource: 0:00:01.627190
[2023-08-26T20:50:13.678+0000] {dag_etl.py:38} INFO - Transforming user...
[2023-08-26T20:50:13.799+0000] {dag_etl.py:42} INFO - Complete transform user: 0:00:00.122128
[2023-08-26T20:50:13.800+0000] {dag_etl.py:44} INFO - transform space_ships...
[2023-08-26T20:50:13.951+0000] {dag_etl.py:47} INFO - Complete transform space_ships: 0:00:00.151796
[2023-08-26T20:50:13.952+0000] {dag_etl.py:49} INFO - transform drones...
[2023-08-26T20:50:14.075+0000] {dag_etl.py:52} INFO - Complete transform drones: 0:00:00.123555
[2023-08-26T20:50:14.075+0000] {dag_etl.py:54} INFO - transform pilots...
[2023-08-26T20:50:14.142+0000] {dag_etl.py:57} INFO - Complete transform pilots: 0:00:00.067583
[2023-08-26T20:50:14.143+0000] {dag_etl.py:59} INFO - transform talents...
[2023-08-26T20:50:14.171+0000] {dag_etl.py:62} INFO - Complete transform talents: 0:00:00.029137
[2023-08-26T20:50:14.172+0000] {dag_etl.py:64} INFO - transform expert_items...
[2023-08-26T20:50:14.202+0000] {dag_etl.py:67} INFO - Complete transform expert_items: 0:00:00.031133
[2023-08-26T20:50:14.203+0000] {dag_etl.py:69} INFO - Loading user...
[2023-08-26T20:50:15.179+0000] {dag_etl.py:72} INFO - Complete load user: 0:00:00.976636
[2023-08-26T20:50:15.180+0000] {dag_etl.py:74} INFO - Loading space_ships...
[2023-08-26T20:50:16.489+0000] {dag_etl.py:77} INFO - Complete load space_ships: 0:00:01.309948
[2023-08-26T20:50:16.490+0000] {dag_etl.py:79} INFO - Loading drones...
[2023-08-26T20:50:17.772+0000] {dag_etl.py:82} INFO - Complete load drones: 0:00:01.283127
[2023-08-26T20:50:17.773+0000] {dag_etl.py:84} INFO - Loading pilots...
[2023-08-26T20:50:20.316+0000] {dag_etl.py:87} INFO - Complete load drones: 0:00:02.543556
[2023-08-26T20:50:20.316+0000] {dag_etl.py:89} INFO - Loading talents...
[2023-08-26T20:50:21.526+0000] {dag_etl.py:92} INFO - Complete load drones: 0:00:01.210369
[2023-08-26T20:50:21.527+0000] {dag_etl.py:94} INFO - Loading expert_items...
[2023-08-26T20:50:22.367+0000] {dag_etl.py:97} INFO - Complete load drones: 0:00:00.841412
[2023-08-26T20:50:22.369+0000] {dag_etl.py:99} INFO - Complete ETL Users in : 0:00:14.063244
[2023-08-26T20:50:22.386+0000] {python.py:194} INFO - Done. Returned value was: None
[2023-08-26T20:50:22.408+0000] {taskinstance.py:1400} INFO - Marking task as SUCCESS. dag_id=gaas_etl_1, task_id=etl_user, execution_date=20230826T204900, start_date=20230826T205007, end_date=20230826T205022
[2023-08-26T20:50:22.523+0000] {local_task_job_runner.py:228} INFO - Task exited with return code 0
[2023-08-26T20:50:22.558+0000] {taskinstance.py:2784} INFO - 0 downstream tasks scheduled from follow-on schedule check
